#
# There is insufficient memory for the Java Runtime Environment to continue.
# Native memory allocation (malloc) failed to allocate 153616384 bytes for committing reserved memory.
# Possible reasons:
#   The system is out of physical RAM or swap space
#   In 32 bit mode, the process size limit was hit
# Possible solutions:
#   Reduce memory load on the system
#   Increase physical memory or swap space
#   Check if swap backing store is full
#   Use 64 bit Java on a 64 bit OS
#   Decrease Java heap size (-Xmx/-Xms)
#   Decrease number of Java threads
#   Decrease Java thread stack sizes (-Xss)
#   Set larger code cache with -XX:ReservedCodeCacheSize=
# This output file may be truncated or incomplete.
#
#  Out of Memory Error (os_linux.cpp:2827), pid=6417, tid=1739381568
#
# JRE version: OpenJDK Runtime Environment (7.0_91-b02) (build 1.7.0_91-b02)
# Java VM: OpenJDK Server VM (24.91-b01 mixed mode linux-x86 )
# Derivative: IcedTea 2.6.3
# Distribution: Ubuntu 15.04, package 7u91-2.6.3-0ubuntu0.15.04.1
# Failed to write core dump. Core dumps have been disabled. To enable core dumping, try "ulimit -c unlimited" before starting Java again
#

---------------  T H R E A D  ---------------

Current thread (0x67981400):  VMThread [stack: 0x67a4d000,0x67ace000] [id=6438]

Stack: [0x67a4d000,0x67ace000]
VM_Operation (0xb638d9f4): ParallelGCFailedAllocation, mode: safepoint, requested by thread 0xb6208400


---------------  P R O C E S S  ---------------

Java Threads: ( => current thread )
  0x67046400 JavaThread "pool-2-thread-4" [_thread_blocked, id=6474, stack(0x66951000,0x669a2000)]
  0x67044c00 JavaThread "pool-2-thread-3" [_thread_blocked, id=6473, stack(0x669a2000,0x669f3000)]
  0x67043800 JavaThread "pool-2-thread-2" [_thread_blocked, id=6472, stack(0x669f3000,0x66a44000)]
  0x67041000 JavaThread "pool-3-thread-1" [_thread_blocked, id=6471, stack(0x66a44000,0x66a95000)]
  0x6703ec00 JavaThread "pool-2-thread-1" [_thread_blocked, id=6470, stack(0x66a95000,0x66ae6000)]
  0x679ed800 JavaThread "Service Thread" daemon [_thread_blocked, id=6453, stack(0x67211000,0x67262000)]
  0x679eb800 JavaThread "C2 CompilerThread1" daemon [_thread_blocked, id=6452, stack(0x67262000,0x672e3000)]
  0x679ea400 JavaThread "C2 CompilerThread0" daemon [_thread_blocked, id=6451, stack(0x672e3000,0x67364000)]
  0x67997400 JavaThread "Signal Dispatcher" daemon [_thread_blocked, id=6450, stack(0x674af000,0x67500000)]
  0x67985400 JavaThread "Finalizer" daemon [_thread_blocked, id=6441, stack(0x6a62e000,0x6a67f000)]
  0x67983c00 JavaThread "Reference Handler" daemon [_thread_blocked, id=6439, stack(0x6a82e000,0x6a87f000)]
  0xb6208400 JavaThread "main" [_thread_blocked, id=6425, stack(0xb633e000,0xb638f000)]

Other Threads:
=>0x67981400 VMThread [stack: 0x67a4d000,0x67ace000] [id=6438]
  0x679ef800 WatcherThread [stack: 0x67190000,0x67211000] [id=6454]

VM state:at safepoint (normal execution)

VM Mutex/Monitor currently owned by a thread:  ([mutex/lock_event])
[0xb6205e30] Threads_lock - owner thread: 0x67981400
[0xb6206240] Heap_lock - owner thread: 0xb6208400

Heap
 PSYoungGen      total 148480K, used 17919K [0x9db40000, 0xa8040000, 0xb30c0000)
  eden space 130560K, 0% used [0x9db40000,0x9db40000,0xa5ac0000)
  from space 17920K, 99% used [0xa5ac0000,0xa6c3fc18,0xa6c40000)
  to   space 15360K, 0% used [0xa6c40000,0xa6c40000,0xa7b40000)
 ParOldGen       total 43008K, used 37391K [0x730c0000, 0x75ac0000, 0x9db40000)
  object space 43008K, 86% used [0x730c0000,0x75543e20,0x75ac0000)
 PSPermGen       total 16384K, used 4343K [0x6b0c0000, 0x6c0c0000, 0x730c0000)
  object space 16384K, 26% used [0x6b0c0000,0x6b4fdef8,0x6c0c0000)

Card table byte_map: [0x6ae7f000,0x6b0c0000] byte_map_base: 0x6ab26a00

Polling page: 0xb76c5000

Code Cache  [0xb31a9000, 0xb33e9000, 0xb61a9000)
 total_blobs=627 nmethods=504 adapters=76 free_code_cache=47339Kb largest_free_block=48427136

Compilation events (10 events):
Event: 25.781 Thread 0x679ea400 nmethod 524 0xb328ecc8 code [0xb328eda0, 0xb328edf0]
Event: 25.781 Thread 0x679ea400  525             com.android.dx.cf.code.ConcreteMethod::getCatches (8 bytes)
Event: 25.781 Thread 0x679ea400 nmethod 525 0xb32d9ac8 code [0xb32d9bc0, 0xb32d9c10]
Event: 25.781 Thread 0x679ea400  526 %           com.android.dx.rop.code.RegisterSpecSet::mutableCopy @ 17 (57 bytes)
Event: 25.850 Thread 0x679ea400 nmethod 526% 0xb33591c8 code [0xb3359320, 0xb3359730]
Event: 25.850 Thread 0x679ea400  527             com.android.dx.cf.cst.ConstantPoolParser::parse (365 bytes)
Event: 25.857 Thread 0x679ea400 nmethod 527 0xb3251688 code [0xb3251880, 0xb3251dfc]
Event: 25.857 Thread 0x679ea400  528   !         com.android.dx.cf.cst.ConstantPoolParser::determineOffsets (285 bytes)
Event: 25.881 Thread 0x679ea400 nmethod 528 0xb32900c8 code [0xb3290280, 0xb3290550]
Event: 25.881 Thread 0x679ea400  529             com.android.dx.dex.code.RopTranslator$TranslationVisitor::visitPlainInsn (161 bytes)

GC Heap History (10 events):
Event: 2.956 GC heap after
Heap after GC invocations=2 (full 0):
 PSYoungGen      total 35840K, used 2557K [0x9db40000, 0xa00c0000, 0xb30c0000)
  eden space 33280K, 0% used [0x9db40000,0x9db40000,0x9fbc0000)
  from space 2560K, 99% used [0x9fe40000,0xa00bf470,0xa00c0000)
  to   space 2560K, 0% used [0x9fbc0000,0x9fbc0000,0x9fe40000)
 ParOldGen       total 43008K, used 1401K [0x730c0000, 0x75ac0000, 0x9db40000)
  object space 43008K, 3% used [0x730c0000,0x7321e648,0x75ac0000)
 PSPermGen       total 16384K, used 4122K [0x6b0c0000, 0x6c0c0000, 0x730c0000)
  object space 16384K, 25% used [0x6b0c0000,0x6b4c68f8,0x6c0c0000)
}
Event: 6.027 GC heap before
{Heap before GC invocations=3 (full 0):
 PSYoungGen      total 35840K, used 35837K [0x9db40000, 0xa00c0000, 0xb30c0000)
  eden space 33280K, 100% used [0x9db40000,0x9fbc0000,0x9fbc0000)
  from space 2560K, 99% used [0x9fe40000,0xa00bf470,0xa00c0000)
  to   space 2560K, 0% used [0x9fbc0000,0x9fbc0000,0x9fe40000)
 ParOldGen       total 43008K, used 1401K [0x730c0000, 0x75ac0000, 0x9db40000)
  object space 43008K, 3% used [0x730c0000,0x7321e648,0x75ac0000)
 PSPermGen       total 16384K, used 4228K [0x6b0c0000, 0x6c0c0000, 0x730c0000)
  object space 16384K, 25% used [0x6b0c0000,0x6b4e1200,0x6c0c0000)
Event: 6.072 GC heap after
Heap after GC invocations=3 (full 0):
 PSYoungGen      total 35840K, used 2551K [0x9db40000, 0xa2140000, 0xb30c0000)
  eden space 33280K, 0% used [0x9db40000,0x9db40000,0x9fbc0000)
  from space 2560K, 99% used [0x9fbc0000,0x9fe3dd10,0x9fe40000)
  to   space 2560K, 0% used [0xa1ec0000,0xa1ec0000,0xa2140000)
 ParOldGen       total 43008K, used 6632K [0x730c0000, 0x75ac0000, 0x9db40000)
  object space 43008K, 15% used [0x730c0000,0x7373a010,0x75ac0000)
 PSPermGen       total 16384K, used 4228K [0x6b0c0000, 0x6c0c0000, 0x730c0000)
  object space 16384K, 25% used [0x6b0c0000,0x6b4e1200,0x6c0c0000)
}
Event: 11.547 GC heap before
{Heap before GC invocations=4 (full 0):
 PSYoungGen      total 35840K, used 35831K [0x9db40000, 0xa2140000, 0xb30c0000)
  eden space 33280K, 100% used [0x9db40000,0x9fbc0000,0x9fbc0000)
  from space 2560K, 99% used [0x9fbc0000,0x9fe3dd10,0x9fe40000)
  to   space 2560K, 0% used [0xa1ec0000,0xa1ec0000,0xa2140000)
 ParOldGen       total 43008K, used 6632K [0x730c0000, 0x75ac0000, 0x9db40000)
  object space 43008K, 15% used [0x730c0000,0x7373a010,0x75ac0000)
 PSPermGen       total 16384K, used 4249K [0x6b0c0000, 0x6c0c0000, 0x730c0000)
  object space 16384K, 25% used [0x6b0c0000,0x6b4e67e8,0x6c0c0000)
Event: 11.611 GC heap after
Heap after GC invocations=4 (full 0):
 PSYoungGen      total 69120K, used 2551K [0x9db40000, 0xa2140000, 0xb30c0000)
  eden space 66560K, 0% used [0x9db40000,0x9db40000,0xa1c40000)
  from space 2560K, 99% used [0xa1ec0000,0xa213df40,0xa2140000)
  to   space 2560K, 0% used [0xa1c40000,0xa1c40000,0xa1ec0000)
 ParOldGen       total 43008K, used 11520K [0x730c0000, 0x75ac0000, 0x9db40000)
  object space 43008K, 26% used [0x730c0000,0x73c00288,0x75ac0000)
 PSPermGen       total 16384K, used 4249K [0x6b0c0000, 0x6c0c0000, 0x730c0000)
  object space 16384K, 25% used [0x6b0c0000,0x6b4e67e8,0x6c0c0000)
}
Event: 16.403 GC heap before
{Heap before GC invocations=5 (full 0):
 PSYoungGen      total 69120K, used 69111K [0x9db40000, 0xa2140000, 0xb30c0000)
  eden space 66560K, 100% used [0x9db40000,0xa1c40000,0xa1c40000)
  from space 2560K, 99% used [0xa1ec0000,0xa213df40,0xa2140000)
  to   space 2560K, 0% used [0xa1c40000,0xa1c40000,0xa1ec0000)
 ParOldGen       total 43008K, used 11520K [0x730c0000, 0x75ac0000, 0x9db40000)
  object space 43008K, 26% used [0x730c0000,0x73c00288,0x75ac0000)
 PSPermGen       total 16384K, used 4280K [0x6b0c0000, 0x6c0c0000, 0x730c0000)
  object space 16384K, 26% used [0x6b0c0000,0x6b4ee1d8,0x6c0c0000)
Event: 16.549 GC heap after
Heap after GC invocations=5 (full 0):
 PSYoungGen      total 69120K, used 2553K [0x9db40000, 0xa7b40000, 0xb30c0000)
  eden space 66560K, 0% used [0x9db40000,0x9db40000,0xa1c40000)
  from space 2560K, 99% used [0xa1c40000,0xa1ebe768,0xa1ec0000)
  to   space 15360K, 0% used [0xa6c40000,0xa6c40000,0xa7b40000)
 ParOldGen       total 43008K, used 22465K [0x730c0000, 0x75ac0000, 0x9db40000)
  object space 43008K, 52% used [0x730c0000,0x746b0660,0x75ac0000)
 PSPermGen       total 16384K, used 4280K [0x6b0c0000, 0x6c0c0000, 0x730c0000)
  object space 16384K, 26% used [0x6b0c0000,0x6b4ee1d8,0x6c0c0000)
}
Event: 19.541 GC heap before
{Heap before GC invocations=6 (full 0):
 PSYoungGen      total 69120K, used 69113K [0x9db40000, 0xa7b40000, 0xb30c0000)
  eden space 66560K, 100% used [0x9db40000,0xa1c40000,0xa1c40000)
  from space 2560K, 99% used [0xa1c40000,0xa1ebe768,0xa1ec0000)
  to   space 15360K, 0% used [0xa6c40000,0xa6c40000,0xa7b40000)
 ParOldGen       total 43008K, used 22465K [0x730c0000, 0x75ac0000, 0x9db40000)
  object space 43008K, 52% used [0x730c0000,0x746b0660,0x75ac0000)
 PSPermGen       total 16384K, used 4299K [0x6b0c0000, 0x6c0c0000, 0x730c0000)
  object space 16384K, 26% used [0x6b0c0000,0x6b4f2f18,0x6c0c0000)
Event: 19.698 GC heap after
Heap after GC invocations=6 (full 0):
 PSYoungGen      total 145920K, used 13733K [0x9db40000, 0xa8040000, 0xb30c0000)
  eden space 130560K, 0% used [0x9db40000,0x9db40000,0xa5ac0000)
  from space 15360K, 89% used [0xa6c40000,0xa79a9460,0xa7b40000)
  to   space 17920K, 0% used [0xa5ac0000,0xa5ac0000,0xa6c40000)
 ParOldGen       total 43008K, used 22465K [0x730c0000, 0x75ac0000, 0x9db40000)
  object space 43008K, 52% used [0x730c0000,0x746b0660,0x75ac0000)
 PSPermGen       total 16384K, used 4299K [0x6b0c0000, 0x6c0c0000, 0x730c0000)
  object space 16384K, 26% used [0x6b0c0000,0x6b4f2f18,0x6c0c0000)
}
Event: 26.046 GC heap before
{Heap before GC invocations=7 (full 0):
 PSYoungGen      total 145920K, used 144293K [0x9db40000, 0xa8040000, 0xb30c0000)
  eden space 130560K, 100% used [0x9db40000,0xa5ac0000,0xa5ac0000)
  from space 15360K, 89% used [0xa6c40000,0xa79a9460,0xa7b40000)
  to   space 17920K, 0% used [0xa5ac0000,0xa5ac0000,0xa6c40000)
 ParOldGen       total 43008K, used 22465K [0x730c0000, 0x75ac0000, 0x9db40000)
  object space 43008K, 52% used [0x730c0000,0x746b0660,0x75ac0000)
 PSPermGen       total 16384K, used 4343K [0x6b0c0000, 0x6c0c0000, 0x730c0000)
  object space 16384K, 26% used [0x6b0c0000,0x6b4fdef8,0x6c0c0000)

Deoptimization events (10 events):
Event: 15.102 Thread 0x67044c00 Uncommon trap: reason=bimorphic action=maybe_recompile pc=0xb32d23a0 method=com.android.dx.cf.code.BytecodeArray.parseInstruction(ILcom/android/dx/cf/code/BytecodeArray$Visitor;)I @ 2281
Event: 15.102 Thread 0x67044c00 Uncommon trap: reason=bimorphic action=maybe_recompile pc=0xb32d23a0 method=com.android.dx.cf.code.BytecodeArray.parseInstruction(ILcom/android/dx/cf/code/BytecodeArray$Visitor;)I @ 2281
Event: 15.536 Thread 0x67043800 Uncommon trap: reason=unstable_if action=reinterpret pc=0xb328df94 method=com.android.dx.ssa.SCCP.simulateStmt(Lcom/android/dx/ssa/SsaInsn;)V @ 53
Event: 17.676 Thread 0x67043800 Uncommon trap: reason=unstable_if action=reinterpret pc=0xb32e3cc0 method=com.android.dx.rop.code.LocalItem.compareHandlesNulls(Lcom/android/dx/rop/cst/CstString;Lcom/android/dx/rop/cst/CstString;)I @ 14
Event: 17.676 Thread 0x67043800 Uncommon trap: reason=unstable_if action=reinterpret pc=0xb32b6758 method=com.android.dx.rop.code.LocalItem.compareHandlesNulls(Lcom/android/dx/rop/cst/CstString;Lcom/android/dx/rop/cst/CstString;)I @ 14
Event: 18.092 Thread 0x67044c00 Uncommon trap: reason=unstable_if action=reinterpret pc=0xb3202328 method=com.android.dx.rop.code.LocalItem.compareHandlesNulls(Lcom/android/dx/rop/cst/CstString;Lcom/android/dx/rop/cst/CstString;)I @ 14
Event: 20.273 Thread 0x67043800 Uncommon trap: reason=unstable_if action=reinterpret pc=0xb3258084 method=com.android.dx.ssa.Dominators.run()V @ 346
Event: 20.282 Thread 0x6703ec00 Uncommon trap: reason=unstable_if action=reinterpret pc=0xb32c8e44 method=com.android.dx.ssa.MoveParamCombiner$1.visitNonMoveInsn(Lcom/android/dx/ssa/NormalSsaInsn;)V @ 27
Event: 20.807 Thread 0x67046400 Uncommon trap: reason=bimorphic action=maybe_recompile pc=0xb32ebf94 method=com.android.dx.ssa.LiteralOpUpgrader.tryReplacingWithConstant(Lcom/android/dx/ssa/NormalSsaInsn;)Z @ 62
Event: 20.875 Thread 0x67046400 Uncommon trap: reason=bimorphic action=maybe_recompile pc=0xb32ebf94 method=com.android.dx.ssa.LiteralOpUpgrader.tryReplacingWithConstant(Lcom/android/dx/ssa/NormalSsaInsn;)Z @ 62

Internal exceptions (10 events):
Event: 4.700 Thread 0x67043800 Implicit null exception at 0xb322296b to 0xb3222a51
Event: 4.822 Thread 0x67046400 Threw 0x9e5cbbb8 at /build/openjdk-7-PdBaKN/openjdk-7-7u91-2.6.3/build/openjdk/hotspot/src/share/vm/prims/jvm.cpp:1322
Event: 10.772 Thread 0xb6208400 Implicit null exception at 0xb3272272 to 0xb32727cd
Event: 10.832 Thread 0x67043800 Threw 0x9f213268 at /build/openjdk-7-PdBaKN/openjdk-7-7u91-2.6.3/build/openjdk/hotspot/src/share/vm/prims/jvm.cpp:1322
Event: 10.917 Thread 0xb6208400 Threw 0x9f36beb0 at /build/openjdk-7-PdBaKN/openjdk-7-7u91-2.6.3/build/openjdk/hotspot/src/share/vm/prims/jvm.cpp:1322
Event: 11.276 Thread 0x67043800 Threw 0x9f896e80 at /build/openjdk-7-PdBaKN/openjdk-7-7u91-2.6.3/build/openjdk/hotspot/src/share/vm/prims/jvm.cpp:1322
Event: 17.333 Thread 0xb6208400 Threw 0x9e815f60 at /build/openjdk-7-PdBaKN/openjdk-7-7u91-2.6.3/build/openjdk/hotspot/src/share/vm/prims/jvm.cpp:1322
Event: 17.676 Thread 0x67043800 Implicit null exception at 0xb32e2eda to 0xb32e3ca9
Event: 17.676 Thread 0x67043800 Implicit null exception at 0xb32b65df to 0xb32b6745
Event: 18.092 Thread 0x67044c00 Implicit null exception at 0xb3202219 to 0xb3202315

Events (10 events):
Event: 20.807 Thread 0x67046400 DEOPT UNPACKING pc=0xb31d5bc8 sp=0x669a0ae4 mode 2
Event: 20.875 Thread 0x67046400 Uncommon trap: trap_request=0xffffffc6 fr.pc=0xb32ebf94
Event: 20.876 Thread 0x67046400 DEOPT PACKING pc=0xb32ebf94 sp=0x669a0b20
Event: 20.876 Thread 0x67046400 DEOPT UNPACKING pc=0xb31d5bc8 sp=0x669a0aa4 mode 2
Event: 21.182 Thread 0x679ea400 flushing nmethod 0xb3226888
Event: 21.183 Thread 0x679ea400 flushing nmethod 0xb3246bc8
Event: 24.302 Thread 0x679ea400 flushing nmethod 0xb328c9c8
Event: 24.369 Thread 0x679ea400 flushing nmethod 0xb32d0688
Event: 25.775 Thread 0x679ea400 flushing nmethod 0xb3202108
Event: 26.001 Executing VM operation: ParallelGCFailedAllocation


Dynamic libraries:
08048000-08049000 r-xp 00000000 08:01 804961     /usr/lib/jvm/java-7-openjdk-i386/jre/bin/java
08049000-0804a000 r--p 00000000 08:01 804961     /usr/lib/jvm/java-7-openjdk-i386/jre/bin/java
0804a000-0804b000 rw-p 00001000 08:01 804961     /usr/lib/jvm/java-7-openjdk-i386/jre/bin/java
08dda000-08ecb000 rw-p 00000000 00:00 0          [heap]
65200000-652fe000 rw-p 00000000 00:00 0 
652fe000-65300000 ---p 00000000 00:00 0 
65400000-65500000 rw-p 00000000 00:00 0 
65500000-655fd000 rw-p 00000000 00:00 0 
655fd000-65600000 ---p 00000000 00:00 0 
65700000-657fc000 rw-p 00000000 00:00 0 
657fc000-65800000 ---p 00000000 00:00 0 
65900000-65a00000 rw-p 00000000 00:00 0 
65a00000-65afc000 rw-p 00000000 00:00 0 
65afc000-65b00000 ---p 00000000 00:00 0 
65b00000-65bee000 rw-p 00000000 00:00 0 
65bee000-65c00000 ---p 00000000 00:00 0 
65c00000-65cfd000 rw-p 00000000 00:00 0 
65cfd000-65d00000 ---p 00000000 00:00 0 
65d00000-65dfb000 rw-p 00000000 00:00 0 
65dfb000-65e00000 ---p 00000000 00:00 0 
65f00000-65fff000 rw-p 00000000 00:00 0 
65fff000-66000000 ---p 00000000 00:00 0 
66100000-66200000 rw-p 00000000 00:00 0 
66300000-663fc000 rw-p 00000000 00:00 0 
663fc000-66400000 ---p 00000000 00:00 0 
66400000-664fd000 rw-p 00000000 00:00 0 
664fd000-66500000 ---p 00000000 00:00 0 
66500000-665f6000 rw-p 00000000 00:00 0 
665f6000-66600000 ---p 00000000 00:00 0 
66700000-667f4000 rw-p 00000000 00:00 0 
667f4000-66800000 ---p 00000000 00:00 0 
66800000-668fa000 rw-p 00000000 00:00 0 
668fa000-66900000 ---p 00000000 00:00 0 
66951000-66954000 ---p 00000000 00:00 0 
66954000-669a2000 rw-p 00000000 00:00 0          [stack:6474]
669a2000-669a5000 ---p 00000000 00:00 0 
669a5000-669f3000 rw-p 00000000 00:00 0          [stack:6473]
669f3000-669f6000 ---p 00000000 00:00 0 
669f6000-66a44000 rw-p 00000000 00:00 0          [stack:6472]
66a44000-66a47000 ---p 00000000 00:00 0 
66a47000-66a95000 rw-p 00000000 00:00 0          [stack:6471]
66a95000-66a98000 ---p 00000000 00:00 0 
66a98000-66ca7000 rw-p 00000000 00:00 0          [stack:6470]
66ca7000-66d17000 r-xp 00000000 08:01 394656     /lib/i386-linux-gnu/libpcre.so.3.13.1
66d17000-66d18000 r--p 0006f000 08:01 394656     /lib/i386-linux-gnu/libpcre.so.3.13.1
66d18000-66d19000 rw-p 00070000 08:01 394656     /lib/i386-linux-gnu/libpcre.so.3.13.1
66d19000-66e3f000 r-xp 00000000 08:01 394573     /lib/i386-linux-gnu/libglib-2.0.so.0.4400.0
66e3f000-66e40000 r--p 00125000 08:01 394573     /lib/i386-linux-gnu/libglib-2.0.so.0.4400.0
66e40000-66e41000 rw-p 00126000 08:01 394573     /lib/i386-linux-gnu/libglib-2.0.so.0.4400.0
66e41000-66ffa000 r-xp 00000000 08:01 137357     /usr/lib/i386-linux-gnu/libgio-2.0.so.0.4400.0
66ffa000-66ffd000 r--p 001b8000 08:01 137357     /usr/lib/i386-linux-gnu/libgio-2.0.so.0.4400.0
66ffd000-66fff000 rw-p 001bb000 08:01 137357     /usr/lib/i386-linux-gnu/libgio-2.0.so.0.4400.0
66fff000-67000000 rw-p 00000000 00:00 0 
67000000-67078000 rw-p 00000000 00:00 0 
67078000-67100000 ---p 00000000 00:00 0 
6711a000-6712e000 r-xp 00000000 08:01 394679     /lib/i386-linux-gnu/libresolv-2.21.so
6712e000-67130000 r--p 00013000 08:01 394679     /lib/i386-linux-gnu/libresolv-2.21.so
67130000-67131000 rw-p 00015000 08:01 394679     /lib/i386-linux-gnu/libresolv-2.21.so
67131000-67133000 rw-p 00000000 00:00 0 
67133000-6718e000 r-xp 00000000 08:01 137385     /usr/lib/i386-linux-gnu/libgobject-2.0.so.0.4400.0
6718e000-6718f000 r--p 0005b000 08:01 137385     /usr/lib/i386-linux-gnu/libgobject-2.0.so.0.4400.0
6718f000-67190000 rw-p 0005c000 08:01 137385     /usr/lib/i386-linux-gnu/libgobject-2.0.so.0.4400.0
67190000-67191000 ---p 00000000 00:00 0 
67191000-67211000 rw-p 00000000 00:00 0          [stack:6454]
67211000-67214000 ---p 00000000 00:00 0 
67214000-67262000 rw-p 00000000 00:00 0          [stack:6453]
67262000-67265000 ---p 00000000 00:00 0 
67265000-672e3000 rw-p 00000000 00:00 0          [stack:6452]
672e3000-672e6000 ---p 00000000 00:00 0 
672e6000-67364000 rw-p 00000000 00:00 0          [stack:6451]
67364000-674ab000 r-xp 00000000 08:01 136931     /usr/lib/i386-linux-gnu/libX11.so.6.3.0
674ab000-674ac000 r--p 00146000 08:01 136931     /usr/lib/i386-linux-gnu/libX11.so.6.3.0
674ac000-674ae000 rw-p 00147000 08:01 136931     /usr/lib/i386-linux-gnu/libX11.so.6.3.0
674ae000-674af000 rw-p 00000000 00:00 0 
674af000-674b2000 ---p 00000000 00:00 0 
674b2000-67500000 rw-p 00000000 00:00 0          [stack:6450]
67500000-67700000 r--p 00000000 08:01 143362     /usr/lib/locale/locale-archive
67700000-677f9000 rw-p 00000000 00:00 0 
677f9000-67800000 ---p 00000000 00:00 0 
67800000-67821000 rw-p 00000000 00:00 0 
67821000-67900000 ---p 00000000 00:00 0 
67900000-67a00000 rw-p 00000000 00:00 0 
67a0f000-67a33000 r-xp 00000000 08:01 394683     /lib/i386-linux-gnu/libselinux.so.1
67a33000-67a34000 r--p 00024000 08:01 394683     /lib/i386-linux-gnu/libselinux.so.1
67a34000-67a35000 rw-p 00025000 08:01 394683     /lib/i386-linux-gnu/libselinux.so.1
67a35000-67a36000 rw-p 00000000 00:00 0 
67a4d000-67a4e000 ---p 00000000 00:00 0 
67a4e000-67ace000 rw-p 00000000 00:00 0          [stack:6438]
67ace000-67c80000 r--s 01d2e000 08:01 804984     /usr/lib/jvm/java-7-openjdk-i386/jre/lib/rt.jar
67c80000-6a500000 rw-p 00000000 00:00 0 
6a500000-6a5fc000 rw-p 00000000 00:00 0 
6a5fc000-6a600000 ---p 00000000 00:00 0 
6a603000-6a61a000 r-xp 00000000 08:01 805027     /usr/lib/jvm/java-7-openjdk-i386/jre/lib/i386/libnet.so
6a61a000-6a61b000 r--p 00016000 08:01 805027     /usr/lib/jvm/java-7-openjdk-i386/jre/lib/i386/libnet.so
6a61b000-6a61c000 rw-p 00017000 08:01 805027     /usr/lib/jvm/java-7-openjdk-i386/jre/lib/i386/libnet.so
6a61c000-6a62c000 r-xp 00000000 08:01 804991     /usr/lib/jvm/java-7-openjdk-i386/jre/lib/i386/libnio.so
6a62c000-6a62d000 r--p 00010000 08:01 804991     /usr/lib/jvm/java-7-openjdk-i386/jre/lib/i386/libnio.so
6a62d000-6a62e000 rw-p 00011000 08:01 804991     /usr/lib/jvm/java-7-openjdk-i386/jre/lib/i386/libnio.so
6a62e000-6a631000 ---p 00000000 00:00 0 
6a631000-6a67f000 rw-p 00000000 00:00 0          [stack:6441]
6a67f000-6a680000 ---p 00000000 00:00 0 
6a680000-6a700000 rw-p 00000000 00:00 0          [stack:6432]
6a700000-6a721000 rw-p 00000000 00:00 0 
6a721000-6a800000 ---p 00000000 00:00 0 
6a802000-6a809000 r-xp 00000000 08:01 137254     /usr/lib/i386-linux-gnu/libffi.so.6.0.4
6a809000-6a80b000 r--p 00006000 08:01 137254     /usr/lib/i386-linux-gnu/libffi.so.6.0.4
6a80b000-6a80c000 rw-p 00008000 08:01 137254     /usr/lib/i386-linux-gnu/libffi.so.6.0.4
6a80c000-6a82c000 r-xp 00000000 08:01 138125     /usr/lib/i386-linux-gnu/libxcb.so.1.1.0
6a82c000-6a82d000 r--p 0001f000 08:01 138125     /usr/lib/i386-linux-gnu/libxcb.so.1.1.0
6a82d000-6a82e000 rw-p 00020000 08:01 138125     /usr/lib/i386-linux-gnu/libxcb.so.1.1.0
6a82e000-6a831000 ---p 00000000 00:00 0 
6a831000-6a87f000 rw-p 00000000 00:00 0          [stack:6439]
6a87f000-6a880000 ---p 00000000 00:00 0 
6a880000-6a900000 rw-p 00000000 00:00 0          [stack:6431]
6a900000-6a921000 rw-p 00000000 00:00 0 
6a921000-6aa00000 ---p 00000000 00:00 0 
6aa09000-6aa0e000 r-xp 00000000 08:01 136946     /usr/lib/i386-linux-gnu/libXdmcp.so.6.0.0
6aa0e000-6aa0f000 r--p 00004000 08:01 136946     /usr/lib/i386-linux-gnu/libXdmcp.so.6.0.0
6aa0f000-6aa10000 rw-p 00005000 08:01 136946     /usr/lib/i386-linux-gnu/libXdmcp.so.6.0.0
6aa12000-6aa27000 r--s 000e5000 08:01 947900     /home/student/test/HealthyBit/app/build/intermediates/exploded-aar/com.android.support/support-v4/23.1.1/jars/classes.jar
6aa27000-6aa36000 r--s 000df000 08:01 1062595    /home/student/Android/Sdk/build-tools/23.0.3/lib/dx.jar
6aa36000-6aa7f000 rw-p 00000000 00:00 0 
6aa7f000-6aa80000 ---p 00000000 00:00 0 
6aa80000-6ab00000 rw-p 00000000 00:00 0          [stack:6429]
6ab00000-6ab28000 rw-p 00000000 00:00 0 
6ab28000-6ac00000 ---p 00000000 00:00 0 
6ac00000-6ac03000 r-xp 00000000 08:01 137371     /usr/lib/i386-linux-gnu/libgmodule-2.0.so.0.4400.0
6ac03000-6ac04000 r--p 00002000 08:01 137371     /usr/lib/i386-linux-gnu/libgmodule-2.0.so.0.4400.0
6ac04000-6ac05000 rw-p 00003000 08:01 137371     /usr/lib/i386-linux-gnu/libgmodule-2.0.so.0.4400.0
6ac05000-6ac07000 r-xp 00000000 08:01 136935     /usr/lib/i386-linux-gnu/libXau.so.6.0.0
6ac07000-6ac08000 r--p 00001000 08:01 136935     /usr/lib/i386-linux-gnu/libXau.so.6.0.0
6ac08000-6ac09000 rw-p 00002000 08:01 136935     /usr/lib/i386-linux-gnu/libXau.so.6.0.0
6ac09000-6ac0b000 r-xp 00000000 08:01 141618     /usr/lib/jayatana/libjayatanaag.so
6ac0b000-6ac0c000 r--p 00001000 08:01 141618     /usr/lib/jayatana/libjayatanaag.so
6ac0c000-6ac0d000 rw-p 00002000 08:01 141618     /usr/lib/jayatana/libjayatanaag.so
6ac0d000-6ac68000 rw-p 00000000 00:00 0 
6ac68000-6ac69000 ---p 00000000 00:00 0 
6ac69000-6acf1000 rw-p 00000000 00:00 0          [stack:6428]
6acf1000-6ad29000 rw-p 00000000 00:00 0 
6ad29000-6ad3e000 rw-p 00000000 00:00 0 
6ad3e000-6ae7f000 rw-p 00000000 00:00 0 
6ae7f000-6ae87000 rw-p 00000000 00:00 0 
6ae87000-6aebf000 rw-p 00000000 00:00 0 
6aebf000-6aed4000 rw-p 00000000 00:00 0 
6aed4000-6b014000 rw-p 00000000 00:00 0 
6b014000-6b067000 rw-p 00000000 00:00 0 
6b067000-6b0bf000 rw-p 00000000 00:00 0 
6b0bf000-6c0c0000 rw-p 00000000 00:00 0 
6c0c0000-730c0000 rw-p 00000000 00:00 0 
730c0000-75ac0000 rw-p 00000000 00:00 0 
75ac0000-9db40000 rw-p 00000000 00:00 0 
9db40000-a8040000 rw-p 00000000 00:00 0 
b12c0000-b30c0000 rw-p 00000000 00:00 0 
b30c2000-b30c6000 r--s 00085000 08:01 804976     /usr/lib/jvm/java-7-openjdk-i386/jre/lib/ext/localedata.jar
b30c6000-b30ca000 r--s 00034000 08:01 804978     /usr/lib/jvm/java-7-openjdk-i386/jre/lib/ext/sunjce_provider.jar
b30ca000-b30ce000 r--s 0003c000 08:01 804979     /usr/lib/jvm/java-7-openjdk-i386/jre/lib/ext/sunpkcs11.jar
b30ce000-b30f2000 rw-p 00000000 00:00 0 
b30f2000-b31a9000 rw-p 00000000 00:00 0 
b31a9000-b33e9000 rwxp 00000000 00:00 0 
b33e9000-b61a9000 rw-p 00000000 00:00 0 
b61a9000-b61b5000 r-xp 00000000 08:01 394626     /lib/i386-linux-gnu/libnss_files-2.21.so
b61b5000-b61b6000 r--p 0000b000 08:01 394626     /lib/i386-linux-gnu/libnss_files-2.21.so
b61b6000-b61b7000 rw-p 0000c000 08:01 394626     /lib/i386-linux-gnu/libnss_files-2.21.so
b61b7000-b61c2000 r-xp 00000000 08:01 394636     /lib/i386-linux-gnu/libnss_nis-2.21.so
b61c2000-b61c3000 r--p 0000a000 08:01 394636     /lib/i386-linux-gnu/libnss_nis-2.21.so
b61c3000-b61c4000 rw-p 0000b000 08:01 394636     /lib/i386-linux-gnu/libnss_nis-2.21.so
b61c4000-b61db000 r-xp 00000000 08:01 394620     /lib/i386-linux-gnu/libnsl-2.21.so
b61db000-b61dc000 r--p 00016000 08:01 394620     /lib/i386-linux-gnu/libnsl-2.21.so
b61dc000-b61dd000 rw-p 00017000 08:01 394620     /lib/i386-linux-gnu/libnsl-2.21.so
b61dd000-b61df000 rw-p 00000000 00:00 0 
b61df000-b61e7000 r-xp 00000000 08:01 394622     /lib/i386-linux-gnu/libnss_compat-2.21.so
b61e7000-b61e8000 r--p 00007000 08:01 394622     /lib/i386-linux-gnu/libnss_compat-2.21.so
b61e8000-b61e9000 rw-p 00008000 08:01 394622     /lib/i386-linux-gnu/libnss_compat-2.21.so
b61e9000-b61ec000 r--s 0000f000 08:01 804977     /usr/lib/jvm/java-7-openjdk-i386/jre/lib/ext/icedtea-sound.jar
b61ec000-b61ee000 r--s 00012000 08:01 804975     /usr/lib/jvm/java-7-openjdk-i386/jre/lib/ext/zipfs.jar
b61ee000-b61f6000 r-xp 00000000 08:01 804995     /usr/lib/jvm/java-7-openjdk-i386/jre/lib/i386/libzip.so
b61f6000-b61f7000 r--p 00007000 08:01 804995     /usr/lib/jvm/java-7-openjdk-i386/jre/lib/i386/libzip.so
b61f7000-b61f8000 rw-p 00008000 08:01 804995     /usr/lib/jvm/java-7-openjdk-i386/jre/lib/i386/libzip.so
b61f8000-b6200000 rw-s 00000000 08:01 429825     /tmp/hsperfdata_student/6417
b6200000-b6300000 rw-p 00000000 00:00 0 
b6300000-b6301000 r--s 00000000 08:01 414147     /usr/share/java/jayatanaag.jar
b6301000-b630b000 r-xp 00000000 08:01 805017     /usr/lib/jvm/java-7-openjdk-i386/jre/lib/i386/libinstrument.so
b630b000-b630c000 r--p 00009000 08:01 805017     /usr/lib/jvm/java-7-openjdk-i386/jre/lib/i386/libinstrument.so
b630c000-b630d000 rw-p 0000a000 08:01 805017     /usr/lib/jvm/java-7-openjdk-i386/jre/lib/i386/libinstrument.so
b630d000-b6333000 r-xp 00000000 08:01 805003     /usr/lib/jvm/java-7-openjdk-i386/jre/lib/i386/libjava.so
b6333000-b6334000 r--p 00025000 08:01 805003     /usr/lib/jvm/java-7-openjdk-i386/jre/lib/i386/libjava.so
b6334000-b6335000 rw-p 00026000 08:01 805003     /usr/lib/jvm/java-7-openjdk-i386/jre/lib/i386/libjava.so
b6335000-b633c000 r-xp 00000000 08:01 394681     /lib/i386-linux-gnu/librt-2.21.so
b633c000-b633d000 r--p 00006000 08:01 394681     /lib/i386-linux-gnu/librt-2.21.so
b633d000-b633e000 rw-p 00007000 08:01 394681     /lib/i386-linux-gnu/librt-2.21.so
b633e000-b6341000 ---p 00000000 00:00 0 
b6341000-b638f000 rw-p 00000000 00:00 0          [stack:6425]
b638f000-b63ab000 r-xp 00000000 08:01 394569     /lib/i386-linux-gnu/libgcc_s.so.1
b63ab000-b63ac000 rw-p 0001b000 08:01 394569     /lib/i386-linux-gnu/libgcc_s.so.1
b63ac000-b63f7000 r-xp 00000000 08:01 394599     /lib/i386-linux-gnu/libm-2.21.so
b63f7000-b63f8000 r--p 0004a000 08:01 394599     /lib/i386-linux-gnu/libm-2.21.so
b63f8000-b63f9000 rw-p 0004b000 08:01 394599     /lib/i386-linux-gnu/libm-2.21.so
b63f9000-b64e2000 r-xp 00000000 08:01 137921     /usr/lib/i386-linux-gnu/libstdc++.so.6.0.20
b64e2000-b64e6000 r--p 000e9000 08:01 137921     /usr/lib/i386-linux-gnu/libstdc++.so.6.0.20
b64e6000-b64e7000 rw-p 000ed000 08:01 137921     /usr/lib/i386-linux-gnu/libstdc++.so.6.0.20
b64e7000-b64ee000 rw-p 00000000 00:00 0 
b64ee000-b7041000 r-xp 00000000 08:01 805013     /usr/lib/jvm/java-7-openjdk-i386/jre/lib/i386/server/libjvm.so
b7041000-b7095000 r--p 00b52000 08:01 805013     /usr/lib/jvm/java-7-openjdk-i386/jre/lib/i386/server/libjvm.so
b7095000-b70a9000 rw-p 00ba6000 08:01 805013     /usr/lib/jvm/java-7-openjdk-i386/jre/lib/i386/server/libjvm.so
b70a9000-b74c8000 rw-p 00000000 00:00 0 
b74c8000-b74e1000 r-xp 00000000 08:01 394714     /lib/i386-linux-gnu/libz.so.1.2.8
b74e1000-b74e2000 r--p 00019000 08:01 394714     /lib/i386-linux-gnu/libz.so.1.2.8
b74e2000-b74e3000 rw-p 0001a000 08:01 394714     /lib/i386-linux-gnu/libz.so.1.2.8
b74e3000-b74fc000 r-xp 00000000 08:01 394673     /lib/i386-linux-gnu/libpthread-2.21.so
b74fc000-b74fd000 r--p 00018000 08:01 394673     /lib/i386-linux-gnu/libpthread-2.21.so
b74fd000-b74fe000 rw-p 00019000 08:01 394673     /lib/i386-linux-gnu/libpthread-2.21.so
b74fe000-b7500000 rw-p 00000000 00:00 0 
b7500000-b7503000 r-xp 00000000 08:01 394557     /lib/i386-linux-gnu/libdl-2.21.so
b7503000-b7504000 r--p 00002000 08:01 394557     /lib/i386-linux-gnu/libdl-2.21.so
b7504000-b7505000 rw-p 00003000 08:01 394557     /lib/i386-linux-gnu/libdl-2.21.so
b7505000-b76b9000 r-xp 00000000 08:01 394540     /lib/i386-linux-gnu/libc-2.21.so
b76b9000-b76bc000 r--p 001b3000 08:01 394540     /lib/i386-linux-gnu/libc-2.21.so
b76bc000-b76be000 rw-p 001b6000 08:01 394540     /lib/i386-linux-gnu/libc-2.21.so
b76be000-b76c0000 rw-p 00000000 00:00 0 
b76c0000-b76c1000 r--s 00002000 08:01 804980     /usr/lib/jvm/java-7-openjdk-i386/jre/lib/ext/dnsns.jar
b76c1000-b76c3000 r--s 00006000 08:01 399091     /usr/share/java/java-atk-wrapper.jar
b76c3000-b76c4000 r--p 005e0000 08:01 143362     /usr/lib/locale/locale-archive
b76c4000-b76c5000 rw-p 00000000 00:00 0 
b76c5000-b76c6000 ---p 00000000 00:00 0 
b76c6000-b76d4000 r-xp 00000000 08:01 805022     /usr/lib/jvm/java-7-openjdk-i386/jre/lib/i386/libverify.so
b76d4000-b76d6000 r--p 0000d000 08:01 805022     /usr/lib/jvm/java-7-openjdk-i386/jre/lib/i386/libverify.so
b76d6000-b76d7000 rw-p 0000f000 08:01 805022     /usr/lib/jvm/java-7-openjdk-i386/jre/lib/i386/libverify.so
b76d7000-b76e3000 r-xp 00000000 08:01 805024     /usr/lib/jvm/java-7-openjdk-i386/jre/lib/i386/jli/libjli.so
b76e3000-b76e4000 r--p 0000b000 08:01 805024     /usr/lib/jvm/java-7-openjdk-i386/jre/lib/i386/jli/libjli.so
b76e4000-b76e5000 rw-p 0000c000 08:01 805024     /usr/lib/jvm/java-7-openjdk-i386/jre/lib/i386/jli/libjli.so
b76e5000-b76e8000 rw-p 00000000 00:00 0 
b76e8000-b76ea000 r--p 00000000 00:00 0          [vvar]
b76ea000-b76eb000 r-xp 00000000 00:00 0          [vdso]
b76eb000-b770d000 r-xp 00000000 08:01 394512     /lib/i386-linux-gnu/ld-2.21.so
b770d000-b770e000 r--p 00021000 08:01 394512     /lib/i386-linux-gnu/ld-2.21.so
b770e000-b770f000 rw-p 00022000 08:01 394512     /lib/i386-linux-gnu/ld-2.21.so
bfa34000-bfa35000 rwxp 00000000 00:00 0 
bfa66000-bfa88000 rw-p 00000000 00:00 0          [stack]

VM Arguments:
jvm_args: -javaagent:/usr/share/java/jayatanaag.jar -Djava.awt.headless=true -Xmx1024M -Dfile.encoding=UTF-8 -Duser.country=US -Duser.language=en -Duser.variant 
java_command: com.android.dx.command.Main --dex --num-threads=4 --multi-dex --output /home/student/test/HealthyBit/app/build/intermediates/transforms/dex/debug/folders/1000/10/com.android.support-support-v4-23.1.1_30ce719122a5f019622bd4167c7cc6cd84f7fd07 /home/student/test/HealthyBit/app/build/intermediates/exploded-aar/com.android.support/support-v4/23.1.1/jars/classes.jar
Launcher Type: SUN_STANDARD

Environment Variables:
JAVA_TOOL_OPTIONS=-javaagent:/usr/share/java/jayatanaag.jar 
PATH=/home/student/.linuxbrew/bin:/usr/local/sbin:/usr/local/bin:/usr/sbin:/usr/bin:/sbin:/bin:/usr/games:/usr/local/games:/etc/android-studio/bin/:/home/student/Android/Sdk/platform-tools:/home/student/Android/Sdk/tools
LD_LIBRARY_PATH=/etc/android-studio/bin:
SHELL=/bin/bash
DISPLAY=:0

Signal Handlers:
SIGSEGV: [libjvm.so+0x7f7d00], sa_mask[0]=0x7ffbfeff, sa_flags=0x10000004
SIGBUS: [libjvm.so+0x7f7d00], sa_mask[0]=0x7ffbfeff, sa_flags=0x10000004
SIGFPE: [libjvm.so+0x67a9d0], sa_mask[0]=0x7ffbfeff, sa_flags=0x10000004
SIGPIPE: [libjvm.so+0x67a9d0], sa_mask[0]=0x7ffbfeff, sa_flags=0x10000004
SIGXFSZ: [libjvm.so+0x67a9d0], sa_mask[0]=0x7ffbfeff, sa_flags=0x10000004
SIGILL: [libjvm.so+0x67a9d0], sa_mask[0]=0x7ffbfeff, sa_flags=0x10000004
SIGUSR1: SIG_DFL, sa_mask[0]=0x00000000, sa_flags=0x00000000
SIGUSR2: [libjvm.so+0x67a820], sa_mask[0]=0x00000004, sa_flags=0x10000004
SIGHUP: [libjvm.so+0x67aa80], sa_mask[0]=0x7ffbfeff, sa_flags=0x10000004
SIGINT: [libjvm.so+0x67aa80], sa_mask[0]=0x7ffbfeff, sa_flags=0x10000004
SIGTERM: [libjvm.so+0x67aa80], sa_mask[0]=0x7ffbfeff, sa_flags=0x10000004
SIGQUIT: [libjvm.so+0x67aa80], sa_mask[0]=0x7ffbfeff, sa_flags=0x10000004
SIGTRAP: SIG_DFL, sa_mask[0]=0x00000000, sa_flags=0x00000000


---------------  S Y S T E M  ---------------

OS:Ubuntu 15.04 (vivid)
uname:Linux 3.19.0-18-generic #18-Ubuntu SMP Tue May 19 18:30:59 UTC 2015 i686
libc:glibc 2.21 NPTL 2.21 
rlimit: STACK 8192k, CORE 0k, NPROC 32177, NOFILE 65536, AS infinity
load average:11.08 6.98 5.13

/proc/meminfo:
MemTotal:        4139540 kB
MemFree:          295352 kB
MemAvailable:     222548 kB
Buffers:            1128 kB
Cached:            58888 kB
SwapCached:            0 kB
Active:          3448388 kB
Inactive:          47700 kB
Active(anon):    3438212 kB
Inactive(anon):    37620 kB
Active(file):      10176 kB
Inactive(file):    10080 kB
Unevictable:          32 kB
Mlocked:              32 kB
HighTotal:       3280776 kB
HighFree:         103948 kB
LowTotal:         858764 kB
LowFree:          191404 kB
SwapTotal:             0 kB
SwapFree:              0 kB
Dirty:               236 kB
Writeback:             0 kB
AnonPages:       3437068 kB
Mapped:            38420 kB
Shmem:             38796 kB
Slab:              49424 kB
SReclaimable:      23452 kB
SUnreclaim:        25972 kB
KernelStack:        5584 kB
PageTables:        14932 kB
NFS_Unstable:          0 kB
Bounce:                0 kB
WritebackTmp:          0 kB
CommitLimit:     2069768 kB
Committed_AS:    6156964 kB
VmallocTotal:     122880 kB
VmallocUsed:       23416 kB
VmallocChunk:      49124 kB
AnonHugePages:   2662400 kB
CmaTotal:              0 kB
CmaFree:               0 kB
HugePages_Total:       0
HugePages_Free:        0
HugePages_Rsvd:        0
HugePages_Surp:        0
Hugepagesize:       2048 kB
DirectMap4k:       61432 kB
DirectMap2M:      851968 kB


CPU:total 4 (1 cores per cpu, 1 threads per core) family 6 model 58 stepping 9, cmov, cx8, fxsr, mmx, sse, sse2, sse3, ssse3, sse4.1, sse4.2, popcnt, avx, aes, erms, tsc, tscinvbit, tscinv

/proc/cpuinfo:
processor	: 0
vendor_id	: GenuineIntel
cpu family	: 6
model		: 58
model name	: Intel(R) Core(TM) i5-3210M CPU @ 2.50GHz
stepping	: 9
microcode	: 0x15
cpu MHz		: 2494.111
cache size	: 3072 KB
physical id	: 0
siblings	: 1
core id		: 0
cpu cores	: 1
apicid		: 0
initial apicid	: 0
fdiv_bug	: no
f00f_bug	: no
coma_bug	: no
fpu		: yes
fpu_exception	: yes
cpuid level	: 13
wp		: yes
flags		: fpu vme de pse tsc msr pae mce cx8 apic sep mtrr pge mca cmov pat pse36 clflush dts mmx fxsr sse sse2 ss nx rdtscp lm constant_tsc arch_perfmon pebs bts xtopology tsc_reliable nonstop_tsc aperfmperf pni pclmulqdq ssse3 cx16 pcid sse4_1 sse4_2 x2apic popcnt tsc_deadline_timer aes xsave avx f16c rdrand hypervisor lahf_lm ida arat epb pln pts dtherm fsgsbase tsc_adjust smep
bugs		:
bogomips	: 4988.22
clflush size	: 64
cache_alignment	: 64
address sizes	: 42 bits physical, 48 bits virtual
power management:

processor	: 1
vendor_id	: GenuineIntel
cpu family	: 6
model		: 58
model name	: Intel(R) Core(TM) i5-3210M CPU @ 2.50GHz
stepping	: 9
microcode	: 0x15
cpu MHz		: 2494.111
cache size	: 3072 KB
physical id	: 2
siblings	: 1
core id		: 0
cpu cores	: 1
apicid		: 2
initial apicid	: 2
fdiv_bug	: no
f00f_bug	: no
coma_bug	: no
fpu		: yes
fpu_exception	: yes
cpuid level	: 13
wp		: yes
flags		: fpu vme de pse tsc msr pae mce cx8 apic sep mtrr pge mca cmov pat pse36 clflush dts mmx fxsr sse sse2 ss nx rdtscp lm constant_tsc arch_perfmon pebs bts xtopology tsc_reliable nonstop_tsc aperfmperf pni pclmulqdq ssse3 cx16 pcid sse4_1 sse4_2 x2apic popcnt tsc_deadline_timer aes xsave avx f16c rdrand hypervisor lahf_lm ida arat epb pln pts dtherm fsgsbase tsc_adjust smep
bugs		:
bogomips	: 4988.22
clflush size	: 64
cache_alignment	: 64
address sizes	: 42 bits physical, 48 bits virtual
power management:

processor	: 2
vendor_id	: GenuineIntel
cpu family	: 6
model		: 58
model name	: Intel(R) Core(TM) i5-3210M CPU @ 2.50GHz
stepping	: 9
microcode	: 0x15
cpu MHz		: 2494.111
cache size	: 3072 KB
physical id	: 4
siblings	: 1
core id		: 0
cpu cores	: 1
apicid		: 4
initial apicid	: 4
fdiv_bug	: no
f00f_bug	: no
coma_bug	: no
fpu		: yes
fpu_exception	: yes
cpuid level	: 13
wp		: yes
flags		: fpu vme de pse tsc msr pae mce cx8 apic sep mtrr pge mca cmov pat pse36 clflush dts mmx fxsr sse sse2 ss nx rdtscp lm constant_tsc arch_perfmon pebs bts xtopology tsc_reliable nonstop_tsc aperfmperf pni pclmulqdq ssse3 cx16 pcid sse4_1 sse4_2 x2apic popcnt tsc_deadline_timer aes xsave avx f16c rdrand hypervisor lahf_lm ida arat epb pln pts dtherm fsgsbase tsc_adjust smep
bugs		:
bogomips	: 4988.22
clflush size	: 64
cache_alignment	: 64
address sizes	: 42 bits physical, 48 bits virtual
power management:

processor	: 3
vendor_id	: GenuineIntel
cpu family	: 6
model		: 58
model name	: Intel(R) Core(TM) i5-3210M CPU @ 2.50GHz
stepping	: 9
microcode	: 0x15
cpu MHz		: 2494.111
cache size	: 3072 KB
physical id	: 6
siblings	: 1
core id		: 0
cpu cores	: 1
apicid		: 6
initial apicid	: 6
fdiv_bug	: no
f00f_bug	: no
coma_bug	: no
fpu		: yes
fpu_exception	: yes
cpuid level	: 13
wp		: yes
flags		: fpu vme de pse tsc msr pae mce cx8 apic sep mtrr pge mca cmov pat pse36 clflush dts mmx fxsr sse sse2 ss nx rdtscp lm constant_tsc arch_perfmon pebs bts xtopology tsc_reliable nonstop_tsc aperfmperf pni pclmulqdq ssse3 cx16 pcid sse4_1 sse4_2 x2apic popcnt tsc_deadline_timer aes xsave avx f16c rdrand hypervisor lahf_lm ida arat epb pln pts dtherm fsgsbase tsc_adjust smep
bugs		:
bogomips	: 4988.22
clflush size	: 64
cache_alignment	: 64
address sizes	: 42 bits physical, 48 bits virtual
power management:



Memory: 4k page, physical 4139540k(295352k free), swap 0k(0k free)

vm_info: OpenJDK Server VM (24.91-b01) for linux-x86 JRE (1.7.0_91-b02), built on Nov 19 2015 06:25:06 by "buildd" with gcc 4.9.2

time: Tue May  3 16:09:40 2016
elapsed time: 27 seconds

