#
# There is insufficient memory for the Java Runtime Environment to continue.
# Native memory allocation (malloc) failed to allocate 93061120 bytes for committing reserved memory.
# Possible reasons:
#   The system is out of physical RAM or swap space
#   In 32 bit mode, the process size limit was hit
# Possible solutions:
#   Reduce memory load on the system
#   Increase physical memory or swap space
#   Check if swap backing store is full
#   Use 64 bit Java on a 64 bit OS
#   Decrease Java heap size (-Xmx/-Xms)
#   Decrease number of Java threads
#   Decrease Java thread stack sizes (-Xss)
#   Set larger code cache with -XX:ReservedCodeCacheSize=
# This output file may be truncated or incomplete.
#
#  Out of Memory Error (os_linux.cpp:2827), pid=2800, tid=1740430144
#
# JRE version: OpenJDK Runtime Environment (7.0_91-b02) (build 1.7.0_91-b02)
# Java VM: OpenJDK Server VM (24.91-b01 mixed mode linux-x86 )
# Derivative: IcedTea 2.6.3
# Distribution: Ubuntu 15.04, package 7u91-2.6.3-0ubuntu0.15.04.1
# Failed to write core dump. Core dumps have been disabled. To enable core dumping, try "ulimit -c unlimited" before starting Java again
#

---------------  T H R E A D  ---------------

Current thread (0x67a81400):  VMThread [stack: 0x67b4d000,0x67bce000] [id=2809]

Stack: [0x67b4d000,0x67bce000]
VM_Operation (0x669f1ac4): ParallelGCFailedAllocation, mode: safepoint, requested by thread 0x6707b400


---------------  P R O C E S S  ---------------

Java Threads: ( => current thread )
  0x6707c800 JavaThread "pool-2-thread-4" [_thread_blocked, id=2821, stack(0x66951000,0x669a2000)]
  0x6707b400 JavaThread "pool-2-thread-3" [_thread_blocked, id=2820, stack(0x669a2000,0x669f3000)]
  0x6707a400 JavaThread "pool-2-thread-2" [_thread_blocked, id=2819, stack(0x669f3000,0x66a44000)]
  0x67077c00 JavaThread "pool-3-thread-1" [_thread_blocked, id=2818, stack(0x66a44000,0x66a95000)]
  0x67077000 JavaThread "pool-2-thread-1" [_thread_blocked, id=2817, stack(0x66a95000,0x66ae6000)]
  0x67aed800 JavaThread "Service Thread" daemon [_thread_blocked, id=2815, stack(0x67262000,0x672b3000)]
  0x67aebc00 JavaThread "C2 CompilerThread1" daemon [_thread_blocked, id=2814, stack(0x672b3000,0x67334000)]
  0x67aea400 JavaThread "C2 CompilerThread0" daemon [_thread_blocked, id=2813, stack(0x67334000,0x673b5000)]
  0x67a97400 JavaThread "Signal Dispatcher" daemon [_thread_blocked, id=2812, stack(0x6790d000,0x6795e000)]
  0x67a85800 JavaThread "Finalizer" daemon [_thread_blocked, id=2811, stack(0x6795e000,0x679af000)]
  0x67a83c00 JavaThread "Reference Handler" daemon [_thread_blocked, id=2810, stack(0x679af000,0x67a00000)]
  0xb6208400 JavaThread "main" [_thread_blocked, id=2804, stack(0xb6382000,0xb63d3000)]

Other Threads:
=>0x67a81400 VMThread [stack: 0x67b4d000,0x67bce000] [id=2809]
  0x67aef800 WatcherThread [stack: 0x671e1000,0x67262000] [id=2816]

VM state:at safepoint (normal execution)

VM Mutex/Monitor currently owned by a thread:  ([mutex/lock_event])
[0xb6205908] ExpandHeap_lock - owner thread: 0x67a81400
[0xb6205e50] Threads_lock - owner thread: 0x67a81400
[0xb6206260] Heap_lock - owner thread: 0x6707b400

Heap
 PSYoungGen      total 217088K, used 32497K [0x9db80000, 0xb3100000, 0xb3100000)
  eden space 155648K, 0% used [0x9db80000,0x9db80000,0xa7380000)
  from space 61440K, 52% used [0xaf500000,0xb14bc708,0xb3100000)
  to   space 97024K, 0% used [0xa7380000,0xa7380000,0xad240000)
 ParOldGen       total 156160K, used 156105K [0x73100000, 0x7c980000, 0x9db80000)
  object space 156160K, 99% used [0x73100000,0x7c972700,0x7c980000)
 PSPermGen       total 16384K, used 4420K [0x6b100000, 0x6c100000, 0x73100000)
  object space 16384K, 26% used [0x6b100000,0x6b551318,0x6c100000)

Card table byte_map: [0x6aebf000,0x6b100000] byte_map_base: 0x6ab66800

Polling page: 0xb7709000

Code Cache  [0xb31e5000, 0xb35bd000, 0xb61e5000)
 total_blobs=1250 nmethods=1127 adapters=76 free_code_cache=45420Kb largest_free_block=46302592

Compilation events (10 events):
Event: 13.526 Thread 0x67aebc00 nmethod 1158 0xb35aec08 code [0xb35afde0, 0xb35b54fc]
Event: 13.526 Thread 0x67aebc00 1162 %           com.android.dx.ssa.back.FirstFitLocalCombiningAllocator::handleNormalUnassociated @ 60 (99 bytes)
Event: 13.565 Thread 0x67aebc00 nmethod 1162% 0xb3333508 code [0xb33336e0, 0xb33343b0]
Event: 13.565 Thread 0x67aebc00 1163             java.util.zip.Inflater::ensureOpen (47 bytes)
Event: 13.566 Thread 0x67aebc00 nmethod 1163 0xb3586d08 code [0xb3586e00, 0xb3586e90]
Event: 13.566 Thread 0x67aebc00 1164             com.android.dx.cf.attrib.RawAttribute::byteLength (11 bytes)
Event: 13.567 Thread 0x67aebc00 nmethod 1164 0xb3586a88 code [0xb3586b80, 0xb3586bf0]
Event: 13.567 Thread 0x67aebc00 1165             com.android.dx.rop.code.SourcePosition::equals (46 bytes)
Event: 13.568 Thread 0x67aebc00 nmethod 1165 0xb3422d08 code [0xb3422e00, 0xb3422eb0]
Event: 13.568 Thread 0x67aebc00 1166             com.android.dx.ssa.back.FirstFitLocalCombiningAllocator::handleNormalUnassociated (99 bytes)

GC Heap History (10 events):
Event: 9.126 GC heap after
Heap after GC invocations=10 (full 1):
 PSYoungGen      total 280064K, used 31476K [0x9db80000, 0xb2380000, 0xb3100000)
  eden space 248576K, 0% used [0x9db80000,0x9db80000,0xace40000)
  from space 31488K, 99% used [0xace40000,0xaecfd388,0xaed00000)
  to   space 43264K, 0% used [0xaf940000,0xaf940000,0xb2380000)
 ParOldGen       total 84736K, used 58277K [0x73100000, 0x783c0000, 0x9db80000)
  object space 84736K, 68% used [0x73100000,0x769e96f0,0x783c0000)
 PSPermGen       total 16384K, used 4386K [0x6b100000, 0x6c100000, 0x73100000)
  object space 16384K, 26% used [0x6b100000,0x6b5488d8,0x6c100000)
}
Event: 10.959 GC heap before
{Heap before GC invocations=11 (full 1):
 PSYoungGen      total 280064K, used 280052K [0x9db80000, 0xb2380000, 0xb3100000)
  eden space 248576K, 100% used [0x9db80000,0xace40000,0xace40000)
  from space 31488K, 99% used [0xace40000,0xaecfd388,0xaed00000)
  to   space 43264K, 0% used [0xaf940000,0xaf940000,0xb2380000)
 ParOldGen       total 84736K, used 58277K [0x73100000, 0x783c0000, 0x9db80000)
  object space 84736K, 68% used [0x73100000,0x769e96f0,0x783c0000)
 PSPermGen       total 16384K, used 4404K [0x6b100000, 0x6c100000, 0x73100000)
  object space 16384K, 26% used [0x6b100000,0x6b54d178,0x6c100000)
Event: 11.168 GC heap after
Heap after GC invocations=11 (full 1):
 PSYoungGen      total 270080K, used 43249K [0x9db80000, 0xb3100000, 0xb3100000)
  eden space 226816K, 0% used [0x9db80000,0x9db80000,0xab900000)
  from space 43264K, 99% used [0xaf940000,0xb237c408,0xb2380000)
  to   space 61440K, 0% used [0xab900000,0xab900000,0xaf500000)
 ParOldGen       total 87552K, used 86793K [0x73100000, 0x78680000, 0x9db80000)
  object space 87552K, 99% used [0x73100000,0x785c25d0,0x78680000)
 PSPermGen       total 16384K, used 4404K [0x6b100000, 0x6c100000, 0x73100000)
  object space 16384K, 26% used [0x6b100000,0x6b54d178,0x6c100000)
}
Event: 11.168 GC heap before
{Heap before GC invocations=12 (full 2):
 PSYoungGen      total 270080K, used 43249K [0x9db80000, 0xb3100000, 0xb3100000)
  eden space 226816K, 0% used [0x9db80000,0x9db80000,0xab900000)
  from space 43264K, 99% used [0xaf940000,0xb237c408,0xb2380000)
  to   space 61440K, 0% used [0xab900000,0xab900000,0xaf500000)
 ParOldGen       total 87552K, used 86793K [0x73100000, 0x78680000, 0x9db80000)
  object space 87552K, 99% used [0x73100000,0x785c25d0,0x78680000)
 PSPermGen       total 16384K, used 4404K [0x6b100000, 0x6c100000, 0x73100000)
  object space 16384K, 26% used [0x6b100000,0x6b54d178,0x6c100000)
Event: 12.011 GC heap after
Heap after GC invocations=12 (full 2):
 PSYoungGen      total 270080K, used 36297K [0x9db80000, 0xb3100000, 0xb3100000)
  eden space 226816K, 0% used [0x9db80000,0x9db80000,0xab900000)
  from space 43264K, 83% used [0xaf940000,0xb1cb24a0,0xb2380000)
  to   space 61440K, 0% used [0xab900000,0xab900000,0xaf500000)
 ParOldGen       total 156160K, used 87470K [0x73100000, 0x7c980000, 0x9db80000)
  object space 156160K, 56% used [0x73100000,0x7866bbe0,0x7c980000)
 PSPermGen       total 16384K, used 4403K [0x6b100000, 0x6c100000, 0x73100000)
  object space 16384K, 26% used [0x6b100000,0x6b54ced8,0x6c100000)
}
Event: 12.813 GC heap before
{Heap before GC invocations=13 (full 2):
 PSYoungGen      total 270080K, used 263113K [0x9db80000, 0xb3100000, 0xb3100000)
  eden space 226816K, 100% used [0x9db80000,0xab900000,0xab900000)
  from space 43264K, 83% used [0xaf940000,0xb1cb24a0,0xb2380000)
  to   space 61440K, 0% used [0xab900000,0xab900000,0xaf500000)
 ParOldGen       total 156160K, used 87470K [0x73100000, 0x7c980000, 0x9db80000)
  object space 156160K, 56% used [0x73100000,0x7866bbe0,0x7c980000)
 PSPermGen       total 16384K, used 4418K [0x6b100000, 0x6c100000, 0x73100000)
  object space 16384K, 26% used [0x6b100000,0x6b550a98,0x6c100000)
Event: 13.070 GC heap after
Heap after GC invocations=13 (full 2):
 PSYoungGen      total 288256K, used 61424K [0x9db80000, 0xb3100000, 0xb3100000)
  eden space 226816K, 0% used [0x9db80000,0x9db80000,0xab900000)
  from space 61440K, 99% used [0xab900000,0xaf4fc358,0xaf500000)
  to   space 61440K, 0% used [0xaf500000,0xaf500000,0xb3100000)
 ParOldGen       total 156160K, used 98418K [0x73100000, 0x7c980000, 0x9db80000)
  object space 156160K, 63% used [0x73100000,0x7911c800,0x7c980000)
 PSPermGen       total 16384K, used 4418K [0x6b100000, 0x6c100000, 0x73100000)
  object space 16384K, 26% used [0x6b100000,0x6b550a98,0x6c100000)
}
Event: 13.594 GC heap before
{Heap before GC invocations=14 (full 2):
 PSYoungGen      total 288256K, used 288240K [0x9db80000, 0xb3100000, 0xb3100000)
  eden space 226816K, 100% used [0x9db80000,0xab900000,0xab900000)
  from space 61440K, 99% used [0xab900000,0xaf4fc358,0xaf500000)
  to   space 61440K, 0% used [0xaf500000,0xaf500000,0xb3100000)
 ParOldGen       total 156160K, used 98418K [0x73100000, 0x7c980000, 0x9db80000)
  object space 156160K, 63% used [0x73100000,0x7911c800,0x7c980000)
 PSPermGen       total 16384K, used 4420K [0x6b100000, 0x6c100000, 0x73100000)
  object space 16384K, 26% used [0x6b100000,0x6b5513b8,0x6c100000)
Event: 13.841 GC heap after
Heap after GC invocations=14 (full 2):
 PSYoungGen      total 217088K, used 61439K [0x9db80000, 0xb3100000, 0xb3100000)
  eden space 155648K, 0% used [0x9db80000,0x9db80000,0xa7380000)
  from space 61440K, 99% used [0xaf500000,0xb30ffca0,0xb3100000)
  to   space 97024K, 0% used [0xa7380000,0xa7380000,0xad240000)
 ParOldGen       total 156160K, used 132659K [0x73100000, 0x7c980000, 0x9db80000)
  object space 156160K, 84% used [0x73100000,0x7b28cf78,0x7c980000)
 PSPermGen       total 16384K, used 4420K [0x6b100000, 0x6c100000, 0x73100000)
  object space 16384K, 26% used [0x6b100000,0x6b5513b8,0x6c100000)
}
Event: 13.841 GC heap before
{Heap before GC invocations=15 (full 3):
 PSYoungGen      total 217088K, used 61439K [0x9db80000, 0xb3100000, 0xb3100000)
  eden space 155648K, 0% used [0x9db80000,0x9db80000,0xa7380000)
  from space 61440K, 99% used [0xaf500000,0xb30ffca0,0xb3100000)
  to   space 97024K, 0% used [0xa7380000,0xa7380000,0xad240000)
 ParOldGen       total 156160K, used 132659K [0x73100000, 0x7c980000, 0x9db80000)
  object space 156160K, 84% used [0x73100000,0x7b28cf78,0x7c980000)
 PSPermGen       total 16384K, used 4420K [0x6b100000, 0x6c100000, 0x73100000)
  object space 16384K, 26% used [0x6b100000,0x6b5513b8,0x6c100000)

Deoptimization events (10 events):
Event: 13.105 Thread 0x6707a400 Uncommon trap: reason=bimorphic action=maybe_recompile pc=0xb32b5624 method=com.android.dx.ssa.back.FirstFitLocalCombiningAllocator.findNextUnreservedRopReg(IILcom/android/dx/ssa/back/FirstFitLocalCombiningAllocator$Alignment;)I @ 60
Event: 13.105 Thread 0x6707a400 Uncommon trap: reason=bimorphic action=maybe_recompile pc=0xb32eed8c method=com.android.dx.ssa.back.FirstFitLocalCombiningAllocator.findNextUnreservedRopReg(IILcom/android/dx/ssa/back/FirstFitLocalCombiningAllocator$Alignment;)I @ 60
Event: 13.146 Thread 0x6707a400 Uncommon trap: reason=bimorphic action=maybe_recompile pc=0xb32ef738 method=com.android.dx.ssa.back.FirstFitLocalCombiningAllocator.findNextUnreservedRopReg(IILcom/android/dx/ssa/back/FirstFitLocalCombiningAllocator$Alignment;)I @ 60
Event: 13.150 Thread 0x6707a400 Uncommon trap: reason=bimorphic action=maybe_recompile pc=0xb32ef738 method=com.android.dx.ssa.back.FirstFitLocalCombiningAllocator.findNextUnreservedRopReg(IILcom/android/dx/ssa/back/FirstFitLocalCombiningAllocator$Alignment;)I @ 60
Event: 13.245 Thread 0x6707a400 Uncommon trap: reason=bimorphic action=maybe_recompile pc=0xb3540d9c method=com.android.dx.cf.code.BytecodeArray.parseInstruction(ILcom/android/dx/cf/code/BytecodeArray$Visitor;)I @ 1477
Event: 13.245 Thread 0x6707a400 Uncommon trap: reason=bimorphic action=maybe_recompile pc=0xb3540d9c method=com.android.dx.cf.code.BytecodeArray.parseInstruction(ILcom/android/dx/cf/code/BytecodeArray$Visitor;)I @ 1477
Event: 13.360 Thread 0x6707c800 Uncommon trap: reason=bimorphic action=maybe_recompile pc=0xb32b5624 method=com.android.dx.ssa.back.FirstFitLocalCombiningAllocator.findNextUnreservedRopReg(IILcom/android/dx/ssa/back/FirstFitLocalCombiningAllocator$Alignment;)I @ 60
Event: 13.360 Thread 0x6707c800 Uncommon trap: reason=bimorphic action=maybe_recompile pc=0xb32eed8c method=com.android.dx.ssa.back.FirstFitLocalCombiningAllocator.findNextUnreservedRopReg(IILcom/android/dx/ssa/back/FirstFitLocalCombiningAllocator$Alignment;)I @ 60
Event: 13.430 Thread 0x6707c800 Uncommon trap: reason=bimorphic action=maybe_recompile pc=0xb347a23c method=com.android.dx.ssa.back.FirstFitLocalCombiningAllocator.findNextUnreservedRopReg(IILcom/android/dx/ssa/back/FirstFitLocalCombiningAllocator$Alignment;)I @ 60
Event: 13.531 Thread 0x6707b400 Uncommon trap: reason=unstable_if action=reinterpret pc=0xb32e9ebc method=com.android.dx.cf.code.Simulator$SimVisitor.visitLocal(IIIILcom/android/dx/rop/type/Type;I)V @ 222

Internal exceptions (10 events):
Event: 5.683 Thread 0x6707a400 Implicit null exception at 0xb33a4868 to 0xb33a7d4d
Event: 5.745 Thread 0x6707c800 Implicit null exception at 0xb33a4868 to 0xb33a7d4d
Event: 6.036 Thread 0xb6208400 Implicit null exception at 0xb33a4868 to 0xb33a7d4d
Event: 6.101 Thread 0x67077000 Implicit null exception at 0xb33a4868 to 0xb33a7d4d
Event: 7.827 Thread 0xb6208400 Threw 0xa48cbce8 at /build/openjdk-7-PdBaKN/openjdk-7-7u91-2.6.3/build/openjdk/hotspot/src/share/vm/prims/jvm.cpp:1322
Event: 7.969 Thread 0xb6208400 Implicit null exception at 0xb3332338 to 0xb3333b49
Event: 9.193 Thread 0x6707a400 Implicit null exception at 0xb34e21b8 to 0xb34e4851
Event: 9.238 Thread 0x6707b400 Implicit null exception at 0xb34d2880 to 0xb34d39a5
Event: 10.382 Thread 0x67077000 Threw 0xa94861a0 at /build/openjdk-7-PdBaKN/openjdk-7-7u91-2.6.3/build/openjdk/hotspot/src/share/vm/prims/jvm.cpp:1322
Event: 13.531 Thread 0x6707b400 Implicit null exception at 0xb32e9574 to 0xb32e9eb1

Events (10 events):
Event: 13.531 Thread 0x6707b400 Uncommon trap: trap_request=0xffffff75 fr.pc=0xb32e9ebc
Event: 13.531 Thread 0x6707b400 DEOPT PACKING pc=0xb32e9ebc sp=0x669f1b60
Event: 13.531 Thread 0x6707b400 DEOPT UNPACKING pc=0xb3211bc8 sp=0x669f1b38 mode 2
Event: 13.565 Thread 0x67aebc00 flushing nmethod 0xb33e5788
Event: 13.566 Thread 0x67aebc00 flushing nmethod 0xb33fd388
Event: 13.566 Thread 0x67aebc00 flushing nmethod 0xb341ad08
Event: 13.566 Thread 0x67aebc00 flushing nmethod 0xb3422d08
Event: 13.567 Thread 0x67aebc00 flushing nmethod 0xb345d088
Event: 13.568 Thread 0x67aebc00 flushing nmethod 0xb34756c8
Event: 13.587 Executing VM operation: ParallelGCFailedAllocation


Dynamic libraries:
08048000-08049000 r-xp 00000000 08:01 804961     /usr/lib/jvm/java-7-openjdk-i386/jre/bin/java
08049000-0804a000 r--p 00000000 08:01 804961     /usr/lib/jvm/java-7-openjdk-i386/jre/bin/java
0804a000-0804b000 rw-p 00001000 08:01 804961     /usr/lib/jvm/java-7-openjdk-i386/jre/bin/java
08754000-088a6000 rw-p 00000000 00:00 0          [heap]
64e00000-64efe000 rw-p 00000000 00:00 0 
64efe000-64f00000 ---p 00000000 00:00 0 
64f00000-64f96000 rw-p 00000000 00:00 0 
64f96000-65000000 ---p 00000000 00:00 0 
65000000-650f8000 rw-p 00000000 00:00 0 
650f8000-65100000 ---p 00000000 00:00 0 
65100000-651fa000 rw-p 00000000 00:00 0 
651fa000-65200000 ---p 00000000 00:00 0 
65200000-652f9000 rw-p 00000000 00:00 0 
652f9000-65300000 ---p 00000000 00:00 0 
65300000-653f9000 rw-p 00000000 00:00 0 
653f9000-65400000 ---p 00000000 00:00 0 
65500000-655fe000 rw-p 00000000 00:00 0 
655fe000-65600000 ---p 00000000 00:00 0 
65600000-656f8000 rw-p 00000000 00:00 0 
656f8000-65700000 ---p 00000000 00:00 0 
65700000-657fb000 rw-p 00000000 00:00 0 
657fb000-65800000 ---p 00000000 00:00 0 
65800000-658fc000 rw-p 00000000 00:00 0 
658fc000-65900000 ---p 00000000 00:00 0 
65900000-659da000 rw-p 00000000 00:00 0 
659da000-65a00000 ---p 00000000 00:00 0 
65a00000-65af9000 rw-p 00000000 00:00 0 
65af9000-65b00000 ---p 00000000 00:00 0 
65b00000-65bf9000 rw-p 00000000 00:00 0 
65bf9000-65c00000 ---p 00000000 00:00 0 
65c00000-65cfd000 rw-p 00000000 00:00 0 
65cfd000-65d00000 ---p 00000000 00:00 0 
65d00000-65e00000 rw-p 00000000 00:00 0 
65e00000-65eef000 rw-p 00000000 00:00 0 
65eef000-65f00000 ---p 00000000 00:00 0 
66000000-660fe000 rw-p 00000000 00:00 0 
660fe000-66100000 ---p 00000000 00:00 0 
66100000-661f3000 rw-p 00000000 00:00 0 
661f3000-66200000 ---p 00000000 00:00 0 
66200000-66300000 rw-p 00000000 00:00 0 
66400000-664ef000 rw-p 00000000 00:00 0 
664ef000-66500000 ---p 00000000 00:00 0 
66500000-66600000 rw-p 00000000 00:00 0 
66600000-666fe000 rw-p 00000000 00:00 0 
666fe000-66700000 ---p 00000000 00:00 0 
66700000-667fb000 rw-p 00000000 00:00 0 
667fb000-66800000 ---p 00000000 00:00 0 
66951000-66954000 ---p 00000000 00:00 0 
66954000-669a2000 rw-p 00000000 00:00 0          [stack:2821]
669a2000-669a5000 ---p 00000000 00:00 0 
669a5000-669f3000 rw-p 00000000 00:00 0          [stack:2820]
669f3000-669f6000 ---p 00000000 00:00 0 
669f6000-66a44000 rw-p 00000000 00:00 0          [stack:2819]
66a44000-66a47000 ---p 00000000 00:00 0 
66a47000-66a95000 rw-p 00000000 00:00 0          [stack:2818]
66a95000-66a98000 ---p 00000000 00:00 0 
66a98000-66ca7000 rw-p 00000000 00:00 0          [stack:2817]
66ca7000-66d17000 r-xp 00000000 08:01 394656     /lib/i386-linux-gnu/libpcre.so.3.13.1
66d17000-66d18000 r--p 0006f000 08:01 394656     /lib/i386-linux-gnu/libpcre.so.3.13.1
66d18000-66d19000 rw-p 00070000 08:01 394656     /lib/i386-linux-gnu/libpcre.so.3.13.1
66d19000-66e3f000 r-xp 00000000 08:01 394573     /lib/i386-linux-gnu/libglib-2.0.so.0.4400.0
66e3f000-66e40000 r--p 00125000 08:01 394573     /lib/i386-linux-gnu/libglib-2.0.so.0.4400.0
66e40000-66e41000 rw-p 00126000 08:01 394573     /lib/i386-linux-gnu/libglib-2.0.so.0.4400.0
66e41000-66ffa000 r-xp 00000000 08:01 137357     /usr/lib/i386-linux-gnu/libgio-2.0.so.0.4400.0
66ffa000-66ffd000 r--p 001b8000 08:01 137357     /usr/lib/i386-linux-gnu/libgio-2.0.so.0.4400.0
66ffd000-66fff000 rw-p 001bb000 08:01 137357     /usr/lib/i386-linux-gnu/libgio-2.0.so.0.4400.0
66fff000-67000000 rw-p 00000000 00:00 0 
67000000-670ad000 rw-p 00000000 00:00 0 
670ad000-67100000 ---p 00000000 00:00 0 
6711d000-67131000 r-xp 00000000 08:01 394679     /lib/i386-linux-gnu/libresolv-2.21.so
67131000-67133000 r--p 00013000 08:01 394679     /lib/i386-linux-gnu/libresolv-2.21.so
67133000-67134000 rw-p 00015000 08:01 394679     /lib/i386-linux-gnu/libresolv-2.21.so
67134000-67136000 rw-p 00000000 00:00 0 
67136000-67191000 r-xp 00000000 08:01 137385     /usr/lib/i386-linux-gnu/libgobject-2.0.so.0.4400.0
67191000-67192000 r--p 0005b000 08:01 137385     /usr/lib/i386-linux-gnu/libgobject-2.0.so.0.4400.0
67192000-67193000 rw-p 0005c000 08:01 137385     /usr/lib/i386-linux-gnu/libgobject-2.0.so.0.4400.0
67193000-671e1000 r--s 00366000 08:01 946876     /home/student/test/HealthyBit/app/build/intermediates/transforms/jarMerging/debug/jars/1/1f/combined.jar
671e1000-671e2000 ---p 00000000 00:00 0 
671e2000-67262000 rw-p 00000000 00:00 0          [stack:2816]
67262000-67265000 ---p 00000000 00:00 0 
67265000-672b3000 rw-p 00000000 00:00 0          [stack:2815]
672b3000-672b6000 ---p 00000000 00:00 0 
672b6000-67334000 rw-p 00000000 00:00 0          [stack:2814]
67334000-67337000 ---p 00000000 00:00 0 
67337000-673b5000 rw-p 00000000 00:00 0          [stack:2813]
673b5000-674fc000 r-xp 00000000 08:01 136931     /usr/lib/i386-linux-gnu/libX11.so.6.3.0
674fc000-674fd000 r--p 00146000 08:01 136931     /usr/lib/i386-linux-gnu/libX11.so.6.3.0
674fd000-674ff000 rw-p 00147000 08:01 136931     /usr/lib/i386-linux-gnu/libX11.so.6.3.0
674ff000-67500000 rw-p 00000000 00:00 0 
67500000-67700000 r--p 00000000 08:01 143362     /usr/lib/locale/locale-archive
67700000-6772b000 rw-p 00000000 00:00 0 
6772b000-67800000 ---p 00000000 00:00 0 
67800000-678ff000 rw-p 00000000 00:00 0 
678ff000-67900000 ---p 00000000 00:00 0 
6790d000-67910000 ---p 00000000 00:00 0 
67910000-6795e000 rw-p 00000000 00:00 0          [stack:2812]
6795e000-67961000 ---p 00000000 00:00 0 
67961000-679af000 rw-p 00000000 00:00 0          [stack:2811]
679af000-679b2000 ---p 00000000 00:00 0 
679b2000-67a00000 rw-p 00000000 00:00 0          [stack:2810]
67a00000-67b00000 rw-p 00000000 00:00 0 
67b0f000-67b33000 r-xp 00000000 08:01 394683     /lib/i386-linux-gnu/libselinux.so.1
67b33000-67b34000 r--p 00024000 08:01 394683     /lib/i386-linux-gnu/libselinux.so.1
67b34000-67b35000 rw-p 00025000 08:01 394683     /lib/i386-linux-gnu/libselinux.so.1
67b35000-67b36000 rw-p 00000000 00:00 0 
67b4d000-67b4e000 ---p 00000000 00:00 0 
67b4e000-67bce000 rw-p 00000000 00:00 0          [stack:2809]
67bce000-67d80000 r--s 01d2e000 08:01 804984     /usr/lib/jvm/java-7-openjdk-i386/jre/lib/rt.jar
67d80000-6a600000 rw-p 00000000 00:00 0 
6a600000-6a6f3000 rw-p 00000000 00:00 0 
6a6f3000-6a700000 ---p 00000000 00:00 0 
6a708000-6a70f000 r-xp 00000000 08:01 137254     /usr/lib/i386-linux-gnu/libffi.so.6.0.4
6a70f000-6a711000 r--p 00006000 08:01 137254     /usr/lib/i386-linux-gnu/libffi.so.6.0.4
6a711000-6a712000 rw-p 00008000 08:01 137254     /usr/lib/i386-linux-gnu/libffi.so.6.0.4
6a712000-6a729000 r-xp 00000000 08:01 805027     /usr/lib/jvm/java-7-openjdk-i386/jre/lib/i386/libnet.so
6a729000-6a72a000 r--p 00016000 08:01 805027     /usr/lib/jvm/java-7-openjdk-i386/jre/lib/i386/libnet.so
6a72a000-6a72b000 rw-p 00017000 08:01 805027     /usr/lib/jvm/java-7-openjdk-i386/jre/lib/i386/libnet.so
6a72b000-6a730000 r-xp 00000000 08:01 136946     /usr/lib/i386-linux-gnu/libXdmcp.so.6.0.0
6a730000-6a731000 r--p 00004000 08:01 136946     /usr/lib/i386-linux-gnu/libXdmcp.so.6.0.0
6a731000-6a732000 rw-p 00005000 08:01 136946     /usr/lib/i386-linux-gnu/libXdmcp.so.6.0.0
6a732000-6a734000 r-xp 00000000 08:01 136935     /usr/lib/i386-linux-gnu/libXau.so.6.0.0
6a734000-6a735000 r--p 00001000 08:01 136935     /usr/lib/i386-linux-gnu/libXau.so.6.0.0
6a735000-6a736000 rw-p 00002000 08:01 136935     /usr/lib/i386-linux-gnu/libXau.so.6.0.0
6a736000-6a77f000 rw-p 00000000 00:00 0 
6a77f000-6a780000 ---p 00000000 00:00 0 
6a780000-6a800000 rw-p 00000000 00:00 0          [stack:2808]
6a800000-6a821000 rw-p 00000000 00:00 0 
6a821000-6a900000 ---p 00000000 00:00 0 
6a900000-6a921000 rw-p 00000000 00:00 0 
6a921000-6aa00000 ---p 00000000 00:00 0 
6aa02000-6aa22000 r-xp 00000000 08:01 138125     /usr/lib/i386-linux-gnu/libxcb.so.1.1.0
6aa22000-6aa23000 r--p 0001f000 08:01 138125     /usr/lib/i386-linux-gnu/libxcb.so.1.1.0
6aa23000-6aa24000 rw-p 00020000 08:01 138125     /usr/lib/i386-linux-gnu/libxcb.so.1.1.0
6aa24000-6aa7f000 rw-p 00000000 00:00 0 
6aa7f000-6aa80000 ---p 00000000 00:00 0 
6aa80000-6ab00000 rw-p 00000000 00:00 0          [stack:2807]
6ab00000-6ab40000 rw-p 00000000 00:00 0 
6ab40000-6ac00000 ---p 00000000 00:00 0 
6ac01000-6ac04000 r-xp 00000000 08:01 137371     /usr/lib/i386-linux-gnu/libgmodule-2.0.so.0.4400.0
6ac04000-6ac05000 r--p 00002000 08:01 137371     /usr/lib/i386-linux-gnu/libgmodule-2.0.so.0.4400.0
6ac05000-6ac06000 rw-p 00003000 08:01 137371     /usr/lib/i386-linux-gnu/libgmodule-2.0.so.0.4400.0
6ac06000-6ac16000 r-xp 00000000 08:01 804991     /usr/lib/jvm/java-7-openjdk-i386/jre/lib/i386/libnio.so
6ac16000-6ac17000 r--p 00010000 08:01 804991     /usr/lib/jvm/java-7-openjdk-i386/jre/lib/i386/libnio.so
6ac17000-6ac18000 rw-p 00011000 08:01 804991     /usr/lib/jvm/java-7-openjdk-i386/jre/lib/i386/libnio.so
6ac18000-6ac27000 r--s 000df000 08:01 1062595    /home/student/Android/Sdk/build-tools/23.0.3/lib/dx.jar
6ac27000-6ac28000 ---p 00000000 00:00 0 
6ac28000-6aca8000 rw-p 00000000 00:00 0          [stack:2806]
6aca8000-6aca9000 ---p 00000000 00:00 0 
6aca9000-6ad31000 rw-p 00000000 00:00 0          [stack:2805]
6ad31000-6ad69000 rw-p 00000000 00:00 0 
6ad69000-6adb6000 rw-p 00000000 00:00 0 
6adb6000-6aebf000 rw-p 00000000 00:00 0 
6aebf000-6aec7000 rw-p 00000000 00:00 0 
6aec7000-6aeff000 rw-p 00000000 00:00 0 
6aeff000-6af4c000 rw-p 00000000 00:00 0 
6af4c000-6b054000 rw-p 00000000 00:00 0 
6b054000-6b0ff000 rw-p 00000000 00:00 0 
6b0ff000-6c100000 rw-p 00000000 00:00 0 
6c100000-73100000 rw-p 00000000 00:00 0 
73100000-7c980000 rw-p 00000000 00:00 0 
82240000-9db80000 rw-p 00000000 00:00 0 
9db80000-b3100000 rw-p 00000000 00:00 0 
b3102000-b3104000 r-xp 00000000 08:01 141618     /usr/lib/jayatana/libjayatanaag.so
b3104000-b3105000 r--p 00001000 08:01 141618     /usr/lib/jayatana/libjayatanaag.so
b3105000-b3106000 rw-p 00002000 08:01 141618     /usr/lib/jayatana/libjayatanaag.so
b3106000-b310a000 r--s 00085000 08:01 804976     /usr/lib/jvm/java-7-openjdk-i386/jre/lib/ext/localedata.jar
b310a000-b3135000 rw-p 00000000 00:00 0 
b3135000-b31e5000 rw-p 00000000 00:00 0 
b31e5000-b35bd000 rwxp 00000000 00:00 0 
b35bd000-b61e5000 rw-p 00000000 00:00 0 
b61e5000-b61f1000 r-xp 00000000 08:01 394626     /lib/i386-linux-gnu/libnss_files-2.21.so
b61f1000-b61f2000 r--p 0000b000 08:01 394626     /lib/i386-linux-gnu/libnss_files-2.21.so
b61f2000-b61f3000 rw-p 0000c000 08:01 394626     /lib/i386-linux-gnu/libnss_files-2.21.so
b61f3000-b61fe000 r-xp 00000000 08:01 394636     /lib/i386-linux-gnu/libnss_nis-2.21.so
b61fe000-b61ff000 r--p 0000a000 08:01 394636     /lib/i386-linux-gnu/libnss_nis-2.21.so
b61ff000-b6200000 rw-p 0000b000 08:01 394636     /lib/i386-linux-gnu/libnss_nis-2.21.so
b6200000-b6300000 rw-p 00000000 00:00 0 
b6300000-b6301000 r--s 00000000 08:01 414147     /usr/share/java/jayatanaag.jar
b6301000-b6305000 r--s 00034000 08:01 804978     /usr/lib/jvm/java-7-openjdk-i386/jre/lib/ext/sunjce_provider.jar
b6305000-b6309000 r--s 0003c000 08:01 804979     /usr/lib/jvm/java-7-openjdk-i386/jre/lib/ext/sunpkcs11.jar
b6309000-b6320000 r-xp 00000000 08:01 394620     /lib/i386-linux-gnu/libnsl-2.21.so
b6320000-b6321000 r--p 00016000 08:01 394620     /lib/i386-linux-gnu/libnsl-2.21.so
b6321000-b6322000 rw-p 00017000 08:01 394620     /lib/i386-linux-gnu/libnsl-2.21.so
b6322000-b6324000 rw-p 00000000 00:00 0 
b6324000-b632c000 r-xp 00000000 08:01 394622     /lib/i386-linux-gnu/libnss_compat-2.21.so
b632c000-b632d000 r--p 00007000 08:01 394622     /lib/i386-linux-gnu/libnss_compat-2.21.so
b632d000-b632e000 rw-p 00008000 08:01 394622     /lib/i386-linux-gnu/libnss_compat-2.21.so
b632e000-b6331000 r--s 0000f000 08:01 804977     /usr/lib/jvm/java-7-openjdk-i386/jre/lib/ext/icedtea-sound.jar
b6331000-b6333000 r--s 00012000 08:01 804975     /usr/lib/jvm/java-7-openjdk-i386/jre/lib/ext/zipfs.jar
b6333000-b633b000 r-xp 00000000 08:01 804995     /usr/lib/jvm/java-7-openjdk-i386/jre/lib/i386/libzip.so
b633b000-b633c000 r--p 00007000 08:01 804995     /usr/lib/jvm/java-7-openjdk-i386/jre/lib/i386/libzip.so
b633c000-b633d000 rw-p 00008000 08:01 804995     /usr/lib/jvm/java-7-openjdk-i386/jre/lib/i386/libzip.so
b633d000-b6345000 rw-s 00000000 08:01 429700     /tmp/hsperfdata_student/2800
b6345000-b634f000 r-xp 00000000 08:01 805017     /usr/lib/jvm/java-7-openjdk-i386/jre/lib/i386/libinstrument.so
b634f000-b6350000 r--p 00009000 08:01 805017     /usr/lib/jvm/java-7-openjdk-i386/jre/lib/i386/libinstrument.so
b6350000-b6351000 rw-p 0000a000 08:01 805017     /usr/lib/jvm/java-7-openjdk-i386/jre/lib/i386/libinstrument.so
b6351000-b6377000 r-xp 00000000 08:01 805003     /usr/lib/jvm/java-7-openjdk-i386/jre/lib/i386/libjava.so
b6377000-b6378000 r--p 00025000 08:01 805003     /usr/lib/jvm/java-7-openjdk-i386/jre/lib/i386/libjava.so
b6378000-b6379000 rw-p 00026000 08:01 805003     /usr/lib/jvm/java-7-openjdk-i386/jre/lib/i386/libjava.so
b6379000-b6380000 r-xp 00000000 08:01 394681     /lib/i386-linux-gnu/librt-2.21.so
b6380000-b6381000 r--p 00006000 08:01 394681     /lib/i386-linux-gnu/librt-2.21.so
b6381000-b6382000 rw-p 00007000 08:01 394681     /lib/i386-linux-gnu/librt-2.21.so
b6382000-b6385000 ---p 00000000 00:00 0 
b6385000-b63d3000 rw-p 00000000 00:00 0          [stack:2804]
b63d3000-b63ef000 r-xp 00000000 08:01 394569     /lib/i386-linux-gnu/libgcc_s.so.1
b63ef000-b63f0000 rw-p 0001b000 08:01 394569     /lib/i386-linux-gnu/libgcc_s.so.1
b63f0000-b643b000 r-xp 00000000 08:01 394599     /lib/i386-linux-gnu/libm-2.21.so
b643b000-b643c000 r--p 0004a000 08:01 394599     /lib/i386-linux-gnu/libm-2.21.so
b643c000-b643d000 rw-p 0004b000 08:01 394599     /lib/i386-linux-gnu/libm-2.21.so
b643d000-b6526000 r-xp 00000000 08:01 137921     /usr/lib/i386-linux-gnu/libstdc++.so.6.0.20
b6526000-b652a000 r--p 000e9000 08:01 137921     /usr/lib/i386-linux-gnu/libstdc++.so.6.0.20
b652a000-b652b000 rw-p 000ed000 08:01 137921     /usr/lib/i386-linux-gnu/libstdc++.so.6.0.20
b652b000-b6532000 rw-p 00000000 00:00 0 
b6532000-b7085000 r-xp 00000000 08:01 805013     /usr/lib/jvm/java-7-openjdk-i386/jre/lib/i386/server/libjvm.so
b7085000-b70d9000 r--p 00b52000 08:01 805013     /usr/lib/jvm/java-7-openjdk-i386/jre/lib/i386/server/libjvm.so
b70d9000-b70ed000 rw-p 00ba6000 08:01 805013     /usr/lib/jvm/java-7-openjdk-i386/jre/lib/i386/server/libjvm.so
b70ed000-b750c000 rw-p 00000000 00:00 0 
b750c000-b7525000 r-xp 00000000 08:01 394714     /lib/i386-linux-gnu/libz.so.1.2.8
b7525000-b7526000 r--p 00019000 08:01 394714     /lib/i386-linux-gnu/libz.so.1.2.8
b7526000-b7527000 rw-p 0001a000 08:01 394714     /lib/i386-linux-gnu/libz.so.1.2.8
b7527000-b7540000 r-xp 00000000 08:01 394673     /lib/i386-linux-gnu/libpthread-2.21.so
b7540000-b7541000 r--p 00018000 08:01 394673     /lib/i386-linux-gnu/libpthread-2.21.so
b7541000-b7542000 rw-p 00019000 08:01 394673     /lib/i386-linux-gnu/libpthread-2.21.so
b7542000-b7544000 rw-p 00000000 00:00 0 
b7544000-b7547000 r-xp 00000000 08:01 394557     /lib/i386-linux-gnu/libdl-2.21.so
b7547000-b7548000 r--p 00002000 08:01 394557     /lib/i386-linux-gnu/libdl-2.21.so
b7548000-b7549000 rw-p 00003000 08:01 394557     /lib/i386-linux-gnu/libdl-2.21.so
b7549000-b76fd000 r-xp 00000000 08:01 394540     /lib/i386-linux-gnu/libc-2.21.so
b76fd000-b7700000 r--p 001b3000 08:01 394540     /lib/i386-linux-gnu/libc-2.21.so
b7700000-b7702000 rw-p 001b6000 08:01 394540     /lib/i386-linux-gnu/libc-2.21.so
b7702000-b7704000 rw-p 00000000 00:00 0 
b7704000-b7705000 r--s 00002000 08:01 804980     /usr/lib/jvm/java-7-openjdk-i386/jre/lib/ext/dnsns.jar
b7705000-b7707000 r--s 00006000 08:01 399091     /usr/share/java/java-atk-wrapper.jar
b7707000-b7708000 r--p 005e0000 08:01 143362     /usr/lib/locale/locale-archive
b7708000-b7709000 rw-p 00000000 00:00 0 
b7709000-b770a000 ---p 00000000 00:00 0 
b770a000-b7718000 r-xp 00000000 08:01 805022     /usr/lib/jvm/java-7-openjdk-i386/jre/lib/i386/libverify.so
b7718000-b771a000 r--p 0000d000 08:01 805022     /usr/lib/jvm/java-7-openjdk-i386/jre/lib/i386/libverify.so
b771a000-b771b000 rw-p 0000f000 08:01 805022     /usr/lib/jvm/java-7-openjdk-i386/jre/lib/i386/libverify.so
b771b000-b7727000 r-xp 00000000 08:01 805024     /usr/lib/jvm/java-7-openjdk-i386/jre/lib/i386/jli/libjli.so
b7727000-b7728000 r--p 0000b000 08:01 805024     /usr/lib/jvm/java-7-openjdk-i386/jre/lib/i386/jli/libjli.so
b7728000-b7729000 rw-p 0000c000 08:01 805024     /usr/lib/jvm/java-7-openjdk-i386/jre/lib/i386/jli/libjli.so
b7729000-b772c000 rw-p 00000000 00:00 0 
b772c000-b772e000 r--p 00000000 00:00 0          [vvar]
b772e000-b772f000 r-xp 00000000 00:00 0          [vdso]
b772f000-b7751000 r-xp 00000000 08:01 394512     /lib/i386-linux-gnu/ld-2.21.so
b7751000-b7752000 r--p 00021000 08:01 394512     /lib/i386-linux-gnu/ld-2.21.so
b7752000-b7753000 rw-p 00022000 08:01 394512     /lib/i386-linux-gnu/ld-2.21.so
bfacf000-bfad0000 rwxp 00000000 00:00 0 
bfb01000-bfb23000 rw-p 00000000 00:00 0          [stack]

VM Arguments:
jvm_args: -javaagent:/usr/share/java/jayatanaag.jar -Djava.awt.headless=true -Xmx1024M -Dfile.encoding=UTF-8 -Duser.country=US -Duser.language=en -Duser.variant 
java_command: com.android.dx.command.Main --dex --num-threads=4 --multi-dex --main-dex-list /home/student/test/HealthyBit/app/build/intermediates/multi-dex/debug/maindexlist.txt --output /home/student/test/HealthyBit/app/build/intermediates/transforms/dex/debug/folders/1000/1f/main /home/student/test/HealthyBit/app/build/intermediates/transforms/jarMerging/debug/jars/1/1f/combined.jar
Launcher Type: SUN_STANDARD

Environment Variables:
JAVA_TOOL_OPTIONS=-javaagent:/usr/share/java/jayatanaag.jar 
PATH=/home/student/.linuxbrew/bin:/usr/local/sbin:/usr/local/bin:/usr/sbin:/usr/bin:/sbin:/bin:/usr/games:/usr/local/games:/etc/android-studio/bin/:/home/student/Android/Sdk/platform-tools:/home/student/Android/Sdk/tools
LD_LIBRARY_PATH=/etc/android-studio/bin:
SHELL=/bin/bash
DISPLAY=:0

Signal Handlers:
SIGSEGV: [libjvm.so+0x7f7d00], sa_mask[0]=0x7ffbfeff, sa_flags=0x10000004
SIGBUS: [libjvm.so+0x7f7d00], sa_mask[0]=0x7ffbfeff, sa_flags=0x10000004
SIGFPE: [libjvm.so+0x67a9d0], sa_mask[0]=0x7ffbfeff, sa_flags=0x10000004
SIGPIPE: [libjvm.so+0x67a9d0], sa_mask[0]=0x7ffbfeff, sa_flags=0x10000004
SIGXFSZ: [libjvm.so+0x67a9d0], sa_mask[0]=0x7ffbfeff, sa_flags=0x10000004
SIGILL: [libjvm.so+0x67a9d0], sa_mask[0]=0x7ffbfeff, sa_flags=0x10000004
SIGUSR1: SIG_DFL, sa_mask[0]=0x00000000, sa_flags=0x00000000
SIGUSR2: [libjvm.so+0x67a820], sa_mask[0]=0x00000004, sa_flags=0x10000004
SIGHUP: [libjvm.so+0x67aa80], sa_mask[0]=0x7ffbfeff, sa_flags=0x10000004
SIGINT: [libjvm.so+0x67aa80], sa_mask[0]=0x7ffbfeff, sa_flags=0x10000004
SIGTERM: [libjvm.so+0x67aa80], sa_mask[0]=0x7ffbfeff, sa_flags=0x10000004
SIGQUIT: [libjvm.so+0x67aa80], sa_mask[0]=0x7ffbfeff, sa_flags=0x10000004
SIGTRAP: SIG_DFL, sa_mask[0]=0x00000000, sa_flags=0x00000000


---------------  S Y S T E M  ---------------

OS:Ubuntu 15.04 (vivid)
uname:Linux 3.19.0-18-generic #18-Ubuntu SMP Tue May 19 18:30:59 UTC 2015 i686
libc:glibc 2.21 NPTL 2.21 
rlimit: STACK 8192k, CORE 0k, NPROC 32177, NOFILE 65536, AS infinity
load average:2.16 2.28 1.55

/proc/meminfo:
MemTotal:        4139540 kB
MemFree:          228352 kB
MemAvailable:     151232 kB
Buffers:             824 kB
Cached:            50040 kB
SwapCached:            0 kB
Active:          3520672 kB
Inactive:          44012 kB
Active(anon):    3515388 kB
Inactive(anon):    37760 kB
Active(file):       5284 kB
Inactive(file):     6252 kB
Unevictable:          32 kB
Mlocked:              32 kB
HighTotal:       3280776 kB
HighFree:          41152 kB
LowTotal:         858764 kB
LowFree:          187200 kB
SwapTotal:             0 kB
SwapFree:              0 kB
Dirty:               140 kB
Writeback:             0 kB
AnonPages:       3514236 kB
Mapped:            33820 kB
Shmem:             38932 kB
Slab:              49012 kB
SReclaimable:      23540 kB
SUnreclaim:        25472 kB
KernelStack:        4872 kB
PageTables:        14808 kB
NFS_Unstable:          0 kB
Bounce:                0 kB
WritebackTmp:          0 kB
CommitLimit:     2069768 kB
Committed_AS:    6040684 kB
VmallocTotal:     122880 kB
VmallocUsed:       23416 kB
VmallocChunk:      49124 kB
AnonHugePages:   2553856 kB
CmaTotal:              0 kB
CmaFree:               0 kB
HugePages_Total:       0
HugePages_Free:        0
HugePages_Rsvd:        0
HugePages_Surp:        0
Hugepagesize:       2048 kB
DirectMap4k:       61432 kB
DirectMap2M:      851968 kB


CPU:total 4 (1 cores per cpu, 1 threads per core) family 6 model 58 stepping 9, cmov, cx8, fxsr, mmx, sse, sse2, sse3, ssse3, sse4.1, sse4.2, popcnt, avx, aes, erms, tsc, tscinvbit, tscinv

/proc/cpuinfo:
processor	: 0
vendor_id	: GenuineIntel
cpu family	: 6
model		: 58
model name	: Intel(R) Core(TM) i5-3210M CPU @ 2.50GHz
stepping	: 9
microcode	: 0x15
cpu MHz		: 2494.111
cache size	: 3072 KB
physical id	: 0
siblings	: 1
core id		: 0
cpu cores	: 1
apicid		: 0
initial apicid	: 0
fdiv_bug	: no
f00f_bug	: no
coma_bug	: no
fpu		: yes
fpu_exception	: yes
cpuid level	: 13
wp		: yes
flags		: fpu vme de pse tsc msr pae mce cx8 apic sep mtrr pge mca cmov pat pse36 clflush dts mmx fxsr sse sse2 ss nx rdtscp lm constant_tsc arch_perfmon pebs bts xtopology tsc_reliable nonstop_tsc aperfmperf pni pclmulqdq ssse3 cx16 pcid sse4_1 sse4_2 x2apic popcnt tsc_deadline_timer aes xsave avx f16c rdrand hypervisor lahf_lm ida arat epb pln pts dtherm fsgsbase tsc_adjust smep
bugs		:
bogomips	: 4988.22
clflush size	: 64
cache_alignment	: 64
address sizes	: 42 bits physical, 48 bits virtual
power management:

processor	: 1
vendor_id	: GenuineIntel
cpu family	: 6
model		: 58
model name	: Intel(R) Core(TM) i5-3210M CPU @ 2.50GHz
stepping	: 9
microcode	: 0x15
cpu MHz		: 2494.111
cache size	: 3072 KB
physical id	: 2
siblings	: 1
core id		: 0
cpu cores	: 1
apicid		: 2
initial apicid	: 2
fdiv_bug	: no
f00f_bug	: no
coma_bug	: no
fpu		: yes
fpu_exception	: yes
cpuid level	: 13
wp		: yes
flags		: fpu vme de pse tsc msr pae mce cx8 apic sep mtrr pge mca cmov pat pse36 clflush dts mmx fxsr sse sse2 ss nx rdtscp lm constant_tsc arch_perfmon pebs bts xtopology tsc_reliable nonstop_tsc aperfmperf pni pclmulqdq ssse3 cx16 pcid sse4_1 sse4_2 x2apic popcnt tsc_deadline_timer aes xsave avx f16c rdrand hypervisor lahf_lm ida arat epb pln pts dtherm fsgsbase tsc_adjust smep
bugs		:
bogomips	: 4988.22
clflush size	: 64
cache_alignment	: 64
address sizes	: 42 bits physical, 48 bits virtual
power management:

processor	: 2
vendor_id	: GenuineIntel
cpu family	: 6
model		: 58
model name	: Intel(R) Core(TM) i5-3210M CPU @ 2.50GHz
stepping	: 9
microcode	: 0x15
cpu MHz		: 2494.111
cache size	: 3072 KB
physical id	: 4
siblings	: 1
core id		: 0
cpu cores	: 1
apicid		: 4
initial apicid	: 4
fdiv_bug	: no
f00f_bug	: no
coma_bug	: no
fpu		: yes
fpu_exception	: yes
cpuid level	: 13
wp		: yes
flags		: fpu vme de pse tsc msr pae mce cx8 apic sep mtrr pge mca cmov pat pse36 clflush dts mmx fxsr sse sse2 ss nx rdtscp lm constant_tsc arch_perfmon pebs bts xtopology tsc_reliable nonstop_tsc aperfmperf pni pclmulqdq ssse3 cx16 pcid sse4_1 sse4_2 x2apic popcnt tsc_deadline_timer aes xsave avx f16c rdrand hypervisor lahf_lm ida arat epb pln pts dtherm fsgsbase tsc_adjust smep
bugs		:
bogomips	: 4988.22
clflush size	: 64
cache_alignment	: 64
address sizes	: 42 bits physical, 48 bits virtual
power management:

processor	: 3
vendor_id	: GenuineIntel
cpu family	: 6
model		: 58
model name	: Intel(R) Core(TM) i5-3210M CPU @ 2.50GHz
stepping	: 9
microcode	: 0x15
cpu MHz		: 2494.111
cache size	: 3072 KB
physical id	: 6
siblings	: 1
core id		: 0
cpu cores	: 1
apicid		: 6
initial apicid	: 6
fdiv_bug	: no
f00f_bug	: no
coma_bug	: no
fpu		: yes
fpu_exception	: yes
cpuid level	: 13
wp		: yes
flags		: fpu vme de pse tsc msr pae mce cx8 apic sep mtrr pge mca cmov pat pse36 clflush dts mmx fxsr sse sse2 ss nx rdtscp lm constant_tsc arch_perfmon pebs bts xtopology tsc_reliable nonstop_tsc aperfmperf pni pclmulqdq ssse3 cx16 pcid sse4_1 sse4_2 x2apic popcnt tsc_deadline_timer aes xsave avx f16c rdrand hypervisor lahf_lm ida arat epb pln pts dtherm fsgsbase tsc_adjust smep
bugs		:
bogomips	: 4988.22
clflush size	: 64
cache_alignment	: 64
address sizes	: 42 bits physical, 48 bits virtual
power management:



Memory: 4k page, physical 4139540k(228352k free), swap 0k(0k free)

vm_info: OpenJDK Server VM (24.91-b01) for linux-x86 JRE (1.7.0_91-b02), built on Nov 19 2015 06:25:06 by "buildd" with gcc 4.9.2

time: Tue May  3 15:38:47 2016
elapsed time: 15 seconds

