#
# There is insufficient memory for the Java Runtime Environment to continue.
# Native memory allocation (malloc) failed to allocate 95420416 bytes for committing reserved memory.
# Possible reasons:
#   The system is out of physical RAM or swap space
#   In 32 bit mode, the process size limit was hit
# Possible solutions:
#   Reduce memory load on the system
#   Increase physical memory or swap space
#   Check if swap backing store is full
#   Use 64 bit Java on a 64 bit OS
#   Decrease Java heap size (-Xmx/-Xms)
#   Decrease number of Java threads
#   Decrease Java thread stack sizes (-Xss)
#   Set larger code cache with -XX:ReservedCodeCacheSize=
# This output file may be truncated or incomplete.
#
#  Out of Memory Error (os_linux.cpp:2827), pid=4581, tid=1740430144
#
# JRE version: OpenJDK Runtime Environment (7.0_91-b02) (build 1.7.0_91-b02)
# Java VM: OpenJDK Server VM (24.91-b01 mixed mode linux-x86 )
# Derivative: IcedTea 2.6.3
# Distribution: Ubuntu 15.04, package 7u91-2.6.3-0ubuntu0.15.04.1
# Failed to write core dump. Core dumps have been disabled. To enable core dumping, try "ulimit -c unlimited" before starting Java again
#

---------------  T H R E A D  ---------------

Current thread (0x67a81400):  VMThread [stack: 0x67b4d000,0x67bce000] [id=4588]

Stack: [0x67b4d000,0x67bce000]
VM_Operation (0x66a2aaf4): ParallelGCFailedAllocation, mode: safepoint, requested by thread 0x67148400


---------------  P R O C E S S  ---------------

Java Threads: ( => current thread )
  0x67148400 JavaThread "pool-1-thread-4" [_thread_blocked, id=4604, stack(0x669db000,0x66a2c000)]
  0x67147800 JavaThread "pool-1-thread-3" [_thread_blocked, id=4603, stack(0x66a2c000,0x66a7d000)]
  0x67144000 JavaThread "pool-1-thread-2" [_thread_blocked, id=4602, stack(0x66a7d000,0x66ace000)]
  0x6713f400 JavaThread "pool-2-thread-1" [_thread_blocked, id=4601, stack(0x66ace000,0x66b1f000)]
  0x6713e400 JavaThread "pool-1-thread-1" [_thread_blocked, id=4600, stack(0x66b1f000,0x66b70000)]
  0x67aee800 JavaThread "Service Thread" daemon [_thread_blocked, id=4598, stack(0x672c0000,0x67311000)]
  0x67aec800 JavaThread "C2 CompilerThread1" daemon [_thread_blocked, id=4597, stack(0x67311000,0x67392000)]
  0x67aeb400 JavaThread "C2 CompilerThread0" daemon [_thread_in_native, id=4596, stack(0x67392000,0x67413000)]
  0x67a98400 JavaThread "Signal Dispatcher" daemon [_thread_blocked, id=4591, stack(0x6755e000,0x675af000)]
  0x67a85400 JavaThread "Finalizer" daemon [_thread_blocked, id=4590, stack(0x677af000,0x67800000)]
  0x67a83c00 JavaThread "Reference Handler" daemon [_thread_blocked, id=4589, stack(0x6a72e000,0x6a77f000)]
  0xb6208400 JavaThread "main" [_thread_blocked, id=4583, stack(0xb63a6000,0xb63f7000)]

Other Threads:
=>0x67a81400 VMThread [stack: 0x67b4d000,0x67bce000] [id=4588]
  0x67af0400 WatcherThread [stack: 0x6723f000,0x672c0000] [id=4599]

VM state:at safepoint (normal execution)

VM Mutex/Monitor currently owned by a thread:  ([mutex/lock_event])
[0xb6205dd0] Threads_lock - owner thread: 0x67a81400
[0xb62061e0] Heap_lock - owner thread: 0x67148400

Heap
 PSYoungGen      total 69120K, used 2547K [0x9dbc0000, 0xa21c0000, 0xb3140000)
  eden space 66560K, 0% used [0x9dbc0000,0x9dbc0000,0xa1cc0000)
  from space 2560K, 99% used [0xa1cc0000,0xa1f3cd38,0xa1f40000)
  to   space 2560K, 0% used [0xa1f40000,0xa1f40000,0xa21c0000)
 ParOldGen       total 43008K, used 24157K [0x73140000, 0x75b40000, 0x9dbc0000)
  object space 43008K, 56% used [0x73140000,0x748d7538,0x75b40000)
 PSPermGen       total 16384K, used 4266K [0x6b140000, 0x6c140000, 0x73140000)
  object space 16384K, 26% used [0x6b140000,0x6b56aa10,0x6c140000)

Card table byte_map: [0x6aeff000,0x6b140000] byte_map_base: 0x6aba6600

Polling page: 0xb772d000

Code Cache  [0xb3200000, 0xb3440000, 0xb6200000)
 total_blobs=372 nmethods=249 adapters=76 free_code_cache=48240Kb largest_free_block=49367616

Compilation events (10 events):
Event: 16.297 Thread 0x67aec800 nmethod 249 0xb32b82c8 code [0xb32b83c0, 0xb32b84d0]
Event: 16.297 Thread 0x67aec800  250             com.android.dx.rop.code.PlainInsn::<init> (73 bytes)
Event: 16.305 Thread 0x67aec800 nmethod 250 0xb32bb588 code [0xb32bb680, 0xb32bb790]
Event: 16.305 Thread 0x67aec800  251             com.android.dx.rop.code.BasicBlockList$RegCountVisitor::processReg (19 bytes)
Event: 16.307 Thread 0x67aec800 nmethod 251 0xb32bb288 code [0xb32bb380, 0xb32bb450]
Event: 16.307 Thread 0x67aec800  252             com.android.dx.rop.code.RegisterSpec::getNextReg (10 bytes)
Event: 16.350 Thread 0x67aec800 nmethod 252 0xb32bafc8 code [0xb32bb0c0, 0xb32bb170]
Event: 16.350 Thread 0x67aec800  253             com.android.dx.rop.code.LocalVariableExtractor::processBlock (327 bytes)
Event: 16.676 Thread 0x67aec800 nmethod 253 0xb32e71c8 code [0xb32e74e0, 0xb32e8a80]
Event: 16.676 Thread 0x67aec800  254             com.android.dx.ssa.back.IdenticalBlockCombiner::process (323 bytes)

GC Heap History (9 events):
Event: 4.644 GC heap before
{Heap before GC invocations=1 (full 0):
 PSYoungGen      total 19200K, used 16640K [0x9dbc0000, 0x9f100000, 0xb3140000)
  eden space 16640K, 100% used [0x9dbc0000,0x9ec00000,0x9ec00000)
  from space 2560K, 0% used [0x9ee80000,0x9ee80000,0x9f100000)
  to   space 2560K, 0% used [0x9ec00000,0x9ec00000,0x9ee80000)
 ParOldGen       total 43008K, used 0K [0x73140000, 0x75b40000, 0x9dbc0000)
  object space 43008K, 0% used [0x73140000,0x73140000,0x75b40000)
 PSPermGen       total 16384K, used 3052K [0x6b140000, 0x6c140000, 0x73140000)
  object space 16384K, 18% used [0x6b140000,0x6b43b1c8,0x6c140000)
Event: 4.760 GC heap after
Heap after GC invocations=1 (full 0):
 PSYoungGen      total 19200K, used 1273K [0x9dbc0000, 0xa0140000, 0xb3140000)
  eden space 16640K, 0% used [0x9dbc0000,0x9dbc0000,0x9ec00000)
  from space 2560K, 49% used [0x9ec00000,0x9ed3e748,0x9ee80000)
  to   space 2560K, 0% used [0x9fec0000,0x9fec0000,0xa0140000)
 ParOldGen       total 43008K, used 4K [0x73140000, 0x75b40000, 0x9dbc0000)
  object space 43008K, 0% used [0x73140000,0x73141000,0x75b40000)
 PSPermGen       total 16384K, used 3052K [0x6b140000, 0x6c140000, 0x73140000)
  object space 16384K, 18% used [0x6b140000,0x6b43b1c8,0x6c140000)
}
Event: 6.273 GC heap before
{Heap before GC invocations=2 (full 0):
 PSYoungGen      total 19200K, used 17913K [0x9dbc0000, 0xa0140000, 0xb3140000)
  eden space 16640K, 100% used [0x9dbc0000,0x9ec00000,0x9ec00000)
  from space 2560K, 49% used [0x9ec00000,0x9ed3e748,0x9ee80000)
  to   space 2560K, 0% used [0x9fec0000,0x9fec0000,0xa0140000)
 ParOldGen       total 43008K, used 4K [0x73140000, 0x75b40000, 0x9dbc0000)
  object space 43008K, 0% used [0x73140000,0x73141000,0x75b40000)
 PSPermGen       total 16384K, used 4111K [0x6b140000, 0x6c140000, 0x73140000)
  object space 16384K, 25% used [0x6b140000,0x6b543dc0,0x6c140000)
Event: 6.317 GC heap after
Heap after GC invocations=2 (full 0):
 PSYoungGen      total 35840K, used 2545K [0x9dbc0000, 0xa0140000, 0xb3140000)
  eden space 33280K, 0% used [0x9dbc0000,0x9dbc0000,0x9fc40000)
  from space 2560K, 99% used [0x9fec0000,0xa013c638,0xa0140000)
  to   space 2560K, 0% used [0x9fc40000,0x9fc40000,0x9fec0000)
 ParOldGen       total 43008K, used 1750K [0x73140000, 0x75b40000, 0x9dbc0000)
  object space 43008K, 4% used [0x73140000,0x732f5958,0x75b40000)
 PSPermGen       total 16384K, used 4111K [0x6b140000, 0x6c140000, 0x73140000)
  object space 16384K, 25% used [0x6b140000,0x6b543dc0,0x6c140000)
}
Event: 9.808 GC heap before
{Heap before GC invocations=3 (full 0):
 PSYoungGen      total 35840K, used 35825K [0x9dbc0000, 0xa0140000, 0xb3140000)
  eden space 33280K, 100% used [0x9dbc0000,0x9fc40000,0x9fc40000)
  from space 2560K, 99% used [0x9fec0000,0xa013c638,0xa0140000)
  to   space 2560K, 0% used [0x9fc40000,0x9fc40000,0x9fec0000)
 ParOldGen       total 43008K, used 1750K [0x73140000, 0x75b40000, 0x9dbc0000)
  object space 43008K, 4% used [0x73140000,0x732f5958,0x75b40000)
 PSPermGen       total 16384K, used 4217K [0x6b140000, 0x6c140000, 0x73140000)
  object space 16384K, 25% used [0x6b140000,0x6b55e660,0x6c140000)
Event: 9.954 GC heap after
Heap after GC invocations=3 (full 0):
 PSYoungGen      total 35840K, used 2557K [0x9dbc0000, 0xa21c0000, 0xb3140000)
  eden space 33280K, 0% used [0x9dbc0000,0x9dbc0000,0x9fc40000)
  from space 2560K, 99% used [0x9fc40000,0x9febf418,0x9fec0000)
  to   space 2560K, 0% used [0xa1f40000,0xa1f40000,0xa21c0000)
 ParOldGen       total 43008K, used 7205K [0x73140000, 0x75b40000, 0x9dbc0000)
  object space 43008K, 16% used [0x73140000,0x738497c8,0x75b40000)
 PSPermGen       total 16384K, used 4217K [0x6b140000, 0x6c140000, 0x73140000)
  object space 16384K, 25% used [0x6b140000,0x6b55e660,0x6c140000)
}
Event: 12.375 GC heap before
{Heap before GC invocations=4 (full 0):
 PSYoungGen      total 35840K, used 35837K [0x9dbc0000, 0xa21c0000, 0xb3140000)
  eden space 33280K, 100% used [0x9dbc0000,0x9fc40000,0x9fc40000)
  from space 2560K, 99% used [0x9fc40000,0x9febf418,0x9fec0000)
  to   space 2560K, 0% used [0xa1f40000,0xa1f40000,0xa21c0000)
 ParOldGen       total 43008K, used 7205K [0x73140000, 0x75b40000, 0x9dbc0000)
  object space 43008K, 16% used [0x73140000,0x738497c8,0x75b40000)
 PSPermGen       total 16384K, used 4236K [0x6b140000, 0x6c140000, 0x73140000)
  object space 16384K, 25% used [0x6b140000,0x6b563028,0x6c140000)
Event: 12.449 GC heap after
Heap after GC invocations=4 (full 0):
 PSYoungGen      total 69120K, used 2551K [0x9dbc0000, 0xa21c0000, 0xb3140000)
  eden space 66560K, 0% used [0x9dbc0000,0x9dbc0000,0xa1cc0000)
  from space 2560K, 99% used [0xa1f40000,0xa21bdd00,0xa21c0000)
  to   space 2560K, 0% used [0xa1cc0000,0xa1cc0000,0xa1f40000)
 ParOldGen       total 43008K, used 12727K [0x73140000, 0x75b40000, 0x9dbc0000)
  object space 43008K, 29% used [0x73140000,0x73dade70,0x75b40000)
 PSPermGen       total 16384K, used 4236K [0x6b140000, 0x6c140000, 0x73140000)
  object space 16384K, 25% used [0x6b140000,0x6b563028,0x6c140000)
}
Event: 16.832 GC heap before
{Heap before GC invocations=5 (full 0):
 PSYoungGen      total 69120K, used 69111K [0x9dbc0000, 0xa21c0000, 0xb3140000)
  eden space 66560K, 100% used [0x9dbc0000,0xa1cc0000,0xa1cc0000)
  from space 2560K, 99% used [0xa1f40000,0xa21bdd00,0xa21c0000)
  to   space 2560K, 0% used [0xa1cc0000,0xa1cc0000,0xa1f40000)
 ParOldGen       total 43008K, used 12727K [0x73140000, 0x75b40000, 0x9dbc0000)
  object space 43008K, 29% used [0x73140000,0x73dade70,0x75b40000)
 PSPermGen       total 16384K, used 4266K [0x6b140000, 0x6c140000, 0x73140000)
  object space 16384K, 26% used [0x6b140000,0x6b56aa10,0x6c140000)

Deoptimization events (9 events):
Event: 4.169 Thread 0xb6208400 Uncommon trap: reason=unstable_if action=reinterpret pc=0xb3252ae4 method=java.lang.String.indexOf(II)I @ 49
Event: 4.170 Thread 0xb6208400 Uncommon trap: reason=unstable_if action=reinterpret pc=0xb3249fb8 method=java.lang.String.indexOf(II)I @ 49
Event: 4.764 Thread 0x6713e400 Uncommon trap: reason=unstable_if action=reinterpret pc=0xb324c33c method=java.lang.String.compareTo(Ljava/lang/String;)I @ 38
Event: 5.694 Thread 0xb6208400 Uncommon trap: reason=unstable_if action=reinterpret pc=0xb325b150 method=com.android.dx.cf.code.Ropper.labelToResultIndex(I)I @ 34
Event: 5.803 Thread 0x67148400 Uncommon trap: reason=null_check action=make_not_entrant pc=0xb3261a64 method=com.android.dx.rop.code.LocalItem.equals(Ljava/lang/Object;)Z @ 1
Event: 12.064 Thread 0x6713e400 Uncommon trap: reason=unstable_if action=reinterpret pc=0xb329e4f0 method=com.android.dx.rop.code.RegisterSpec.equals(ILcom/android/dx/rop/type/TypeBearer;Lcom/android/dx/rop/code/LocalItem;)Z @ 42
Event: 12.064 Thread 0x6713e400 Uncommon trap: reason=unstable_if action=reinterpret pc=0xb326e8f4 method=com.android.dx.rop.code.RegisterSpec.equals(ILcom/android/dx/rop/type/TypeBearer;Lcom/android/dx/rop/code/LocalItem;)Z @ 42
Event: 12.482 Thread 0xb6208400 Uncommon trap: reason=null_check action=make_not_entrant pc=0xb32beed8 method=com.android.dx.ssa.SsaRenamer.getLocalForNewReg(I)Lcom/android/dx/rop/code/LocalItem; @ 19
Event: 14.430 Thread 0xb6208400 Uncommon trap: reason=unstable_if action=reinterpret pc=0xb3280568 method=java.util.HashMap.put(Ljava/lang/Object;Ljava/lang/Object;)Ljava/lang/Object; @ 86

Internal exceptions (10 events):
Event: 5.387 Thread 0x67144000 Threw 0x9e2c1f60 at /build/openjdk-7-PdBaKN/openjdk-7-7u91-2.6.3/build/openjdk/hotspot/src/share/vm/prims/jvm.cpp:1322
Event: 5.415 Thread 0x6713e400 Threw 0x9e2e3238 at /build/openjdk-7-PdBaKN/openjdk-7-7u91-2.6.3/build/openjdk/hotspot/src/share/vm/prims/jvm.cpp:1322
Event: 5.692 Thread 0xb6208400 Threw 0x9e66cb18 at /build/openjdk-7-PdBaKN/openjdk-7-7u91-2.6.3/build/openjdk/hotspot/src/share/vm/prims/jvm.cpp:1322
Event: 5.803 Thread 0x67148400 Implicit null exception at 0xb326186c to 0xb3261a49
Event: 6.978 Thread 0xb6208400 Threw 0x9e1cfff8 at /build/openjdk-7-PdBaKN/openjdk-7-7u91-2.6.3/build/openjdk/hotspot/src/share/vm/prims/jvm.cpp:1322
Event: 6.979 Thread 0xb6208400 Threw 0x9e1d2a60 at /build/openjdk-7-PdBaKN/openjdk-7-7u91-2.6.3/build/openjdk/hotspot/src/share/vm/prims/jvm.cpp:1322
Event: 6.992 Thread 0xb6208400 Threw 0x9e1dfb78 at /build/openjdk-7-PdBaKN/openjdk-7-7u91-2.6.3/build/openjdk/hotspot/src/share/vm/prims/jvm.cpp:1322
Event: 6.993 Thread 0xb6208400 Threw 0x9e349e70 at /build/openjdk-7-PdBaKN/openjdk-7-7u91-2.6.3/build/openjdk/hotspot/src/share/vm/prims/jvm.cpp:1322
Event: 11.192 Thread 0x67144000 Threw 0x9e628d68 at /build/openjdk-7-PdBaKN/openjdk-7-7u91-2.6.3/build/openjdk/hotspot/src/share/vm/prims/jvm.cpp:1322
Event: 12.482 Thread 0xb6208400 Implicit null exception at 0xb32bd695 to 0xb32beec9

Events (10 events):
Event: 12.599 Executing VM operation: RevokeBias
Event: 12.599 Executing VM operation: RevokeBias done
Event: 12.599 Executing VM operation: RevokeBias
Event: 12.599 Executing VM operation: RevokeBias done
Event: 12.599 Executing VM operation: BulkRevokeBias
Event: 12.599 Executing VM operation: BulkRevokeBias done
Event: 14.430 Thread 0xb6208400 Uncommon trap: trap_request=0xffffff75 fr.pc=0xb3280568
Event: 14.430 Thread 0xb6208400 DEOPT PACKING pc=0xb3280568 sp=0xb63f57c0
Event: 14.430 Thread 0xb6208400 DEOPT UNPACKING pc=0xb322cbc8 sp=0xb63f57c0 mode 2
Event: 16.827 Executing VM operation: ParallelGCFailedAllocation


Dynamic libraries:
08048000-08049000 r-xp 00000000 08:01 804961     /usr/lib/jvm/java-7-openjdk-i386/jre/bin/java
08049000-0804a000 r--p 00000000 08:01 804961     /usr/lib/jvm/java-7-openjdk-i386/jre/bin/java
0804a000-0804b000 rw-p 00001000 08:01 804961     /usr/lib/jvm/java-7-openjdk-i386/jre/bin/java
08a9e000-08b59000 rw-p 00000000 00:00 0          [heap]
65400000-654f9000 rw-p 00000000 00:00 0 
654f9000-65500000 ---p 00000000 00:00 0 
65500000-655f9000 rw-p 00000000 00:00 0 
655f9000-65600000 ---p 00000000 00:00 0 
65600000-656e8000 rw-p 00000000 00:00 0 
656e8000-65700000 ---p 00000000 00:00 0 
65700000-657f9000 rw-p 00000000 00:00 0 
657f9000-65800000 ---p 00000000 00:00 0 
65800000-658fe000 rw-p 00000000 00:00 0 
658fe000-65900000 ---p 00000000 00:00 0 
65900000-659f9000 rw-p 00000000 00:00 0 
659f9000-65a00000 ---p 00000000 00:00 0 
65a00000-65af7000 rw-p 00000000 00:00 0 
65af7000-65b00000 ---p 00000000 00:00 0 
65b00000-65bff000 rw-p 00000000 00:00 0 
65bff000-65c00000 ---p 00000000 00:00 0 
65c00000-65cfb000 rw-p 00000000 00:00 0 
65cfb000-65d00000 ---p 00000000 00:00 0 
65d00000-65dfb000 rw-p 00000000 00:00 0 
65dfb000-65e00000 ---p 00000000 00:00 0 
65e00000-65ef6000 rw-p 00000000 00:00 0 
65ef6000-65f00000 ---p 00000000 00:00 0 
65f00000-65ffd000 rw-p 00000000 00:00 0 
65ffd000-66000000 ---p 00000000 00:00 0 
66000000-660ff000 rw-p 00000000 00:00 0 
660ff000-66100000 ---p 00000000 00:00 0 
66100000-661fe000 rw-p 00000000 00:00 0 
661fe000-66200000 ---p 00000000 00:00 0 
66200000-662fa000 rw-p 00000000 00:00 0 
662fa000-66300000 ---p 00000000 00:00 0 
66300000-663e3000 rw-p 00000000 00:00 0 
663e3000-66400000 ---p 00000000 00:00 0 
66400000-66500000 rw-p 00000000 00:00 0 
66500000-665cb000 rw-p 00000000 00:00 0 
665cb000-66600000 ---p 00000000 00:00 0 
66600000-666fd000 rw-p 00000000 00:00 0 
666fd000-66700000 ---p 00000000 00:00 0 
66700000-667fc000 rw-p 00000000 00:00 0 
667fc000-66800000 ---p 00000000 00:00 0 
66800000-668ff000 rw-p 00000000 00:00 0 
668ff000-66900000 ---p 00000000 00:00 0 
669db000-669de000 ---p 00000000 00:00 0 
669de000-66a2c000 rw-p 00000000 00:00 0          [stack:4604]
66a2c000-66a2f000 ---p 00000000 00:00 0 
66a2f000-66a7d000 rw-p 00000000 00:00 0          [stack:4603]
66a7d000-66a80000 ---p 00000000 00:00 0 
66a80000-66ace000 rw-p 00000000 00:00 0          [stack:4602]
66ace000-66ad1000 ---p 00000000 00:00 0 
66ad1000-66b1f000 rw-p 00000000 00:00 0          [stack:4601]
66b1f000-66b22000 ---p 00000000 00:00 0 
66b22000-66d31000 rw-p 00000000 00:00 0          [stack:4600]
66d31000-66da1000 r-xp 00000000 08:01 394656     /lib/i386-linux-gnu/libpcre.so.3.13.1
66da1000-66da2000 r--p 0006f000 08:01 394656     /lib/i386-linux-gnu/libpcre.so.3.13.1
66da2000-66da3000 rw-p 00070000 08:01 394656     /lib/i386-linux-gnu/libpcre.so.3.13.1
66da3000-66db7000 r-xp 00000000 08:01 394679     /lib/i386-linux-gnu/libresolv-2.21.so
66db7000-66db9000 r--p 00013000 08:01 394679     /lib/i386-linux-gnu/libresolv-2.21.so
66db9000-66dba000 rw-p 00015000 08:01 394679     /lib/i386-linux-gnu/libresolv-2.21.so
66dba000-66dbc000 rw-p 00000000 00:00 0 
66dbc000-66ee2000 r-xp 00000000 08:01 394573     /lib/i386-linux-gnu/libglib-2.0.so.0.4400.0
66ee2000-66ee3000 r--p 00125000 08:01 394573     /lib/i386-linux-gnu/libglib-2.0.so.0.4400.0
66ee3000-66ee4000 rw-p 00126000 08:01 394573     /lib/i386-linux-gnu/libglib-2.0.so.0.4400.0
66ee4000-66f3f000 r-xp 00000000 08:01 137385     /usr/lib/i386-linux-gnu/libgobject-2.0.so.0.4400.0
66f3f000-66f40000 r--p 0005b000 08:01 137385     /usr/lib/i386-linux-gnu/libgobject-2.0.so.0.4400.0
66f40000-66f41000 rw-p 0005c000 08:01 137385     /usr/lib/i386-linux-gnu/libgobject-2.0.so.0.4400.0
66f41000-670fa000 r-xp 00000000 08:01 137357     /usr/lib/i386-linux-gnu/libgio-2.0.so.0.4400.0
670fa000-670fd000 r--p 001b8000 08:01 137357     /usr/lib/i386-linux-gnu/libgio-2.0.so.0.4400.0
670fd000-670ff000 rw-p 001bb000 08:01 137357     /usr/lib/i386-linux-gnu/libgio-2.0.so.0.4400.0
670ff000-67100000 rw-p 00000000 00:00 0 
67100000-6715b000 rw-p 00000000 00:00 0 
6715b000-67200000 ---p 00000000 00:00 0 
67201000-67225000 r-xp 00000000 08:01 394683     /lib/i386-linux-gnu/libselinux.so.1
67225000-67226000 r--p 00024000 08:01 394683     /lib/i386-linux-gnu/libselinux.so.1
67226000-67227000 rw-p 00025000 08:01 394683     /lib/i386-linux-gnu/libselinux.so.1
67227000-67228000 rw-p 00000000 00:00 0 
6723f000-67240000 ---p 00000000 00:00 0 
67240000-672c0000 rw-p 00000000 00:00 0          [stack:4599]
672c0000-672c3000 ---p 00000000 00:00 0 
672c3000-67311000 rw-p 00000000 00:00 0          [stack:4598]
67311000-67314000 ---p 00000000 00:00 0 
67314000-67392000 rw-p 00000000 00:00 0          [stack:4597]
67392000-67395000 ---p 00000000 00:00 0 
67395000-67413000 rw-p 00000000 00:00 0          [stack:4596]
67413000-6755a000 r-xp 00000000 08:01 136931     /usr/lib/i386-linux-gnu/libX11.so.6.3.0
6755a000-6755b000 r--p 00146000 08:01 136931     /usr/lib/i386-linux-gnu/libX11.so.6.3.0
6755b000-6755d000 rw-p 00147000 08:01 136931     /usr/lib/i386-linux-gnu/libX11.so.6.3.0
6755d000-6755e000 rw-p 00000000 00:00 0 
6755e000-67561000 ---p 00000000 00:00 0 
67561000-675af000 rw-p 00000000 00:00 0          [stack:4591]
675af000-677af000 r--p 00000000 08:01 143362     /usr/lib/locale/locale-archive
677af000-677b2000 ---p 00000000 00:00 0 
677b2000-67800000 rw-p 00000000 00:00 0          [stack:4590]
67800000-678fc000 rw-p 00000000 00:00 0 
678fc000-67900000 ---p 00000000 00:00 0 
67900000-67921000 rw-p 00000000 00:00 0 
67921000-67a00000 ---p 00000000 00:00 0 
67a00000-67b00000 rw-p 00000000 00:00 0 
67b08000-67b0f000 r-xp 00000000 08:01 137254     /usr/lib/i386-linux-gnu/libffi.so.6.0.4
67b0f000-67b11000 r--p 00006000 08:01 137254     /usr/lib/i386-linux-gnu/libffi.so.6.0.4
67b11000-67b12000 rw-p 00008000 08:01 137254     /usr/lib/i386-linux-gnu/libffi.so.6.0.4
67b12000-67b29000 r-xp 00000000 08:01 805027     /usr/lib/jvm/java-7-openjdk-i386/jre/lib/i386/libnet.so
67b29000-67b2a000 r--p 00016000 08:01 805027     /usr/lib/jvm/java-7-openjdk-i386/jre/lib/i386/libnet.so
67b2a000-67b2b000 rw-p 00017000 08:01 805027     /usr/lib/jvm/java-7-openjdk-i386/jre/lib/i386/libnet.so
67b2b000-67b4b000 r-xp 00000000 08:01 138125     /usr/lib/i386-linux-gnu/libxcb.so.1.1.0
67b4b000-67b4c000 r--p 0001f000 08:01 138125     /usr/lib/i386-linux-gnu/libxcb.so.1.1.0
67b4c000-67b4d000 rw-p 00020000 08:01 138125     /usr/lib/i386-linux-gnu/libxcb.so.1.1.0
67b4d000-67b4e000 ---p 00000000 00:00 0 
67b4e000-67bce000 rw-p 00000000 00:00 0          [stack:4588]
67bce000-67d80000 r--s 01d2e000 08:01 804984     /usr/lib/jvm/java-7-openjdk-i386/jre/lib/rt.jar
67d80000-6a600000 rw-p 00000000 00:00 0 
6a600000-6a6f9000 rw-p 00000000 00:00 0 
6a6f9000-6a700000 ---p 00000000 00:00 0 
6a705000-6a715000 r-xp 00000000 08:01 804991     /usr/lib/jvm/java-7-openjdk-i386/jre/lib/i386/libnio.so
6a715000-6a716000 r--p 00010000 08:01 804991     /usr/lib/jvm/java-7-openjdk-i386/jre/lib/i386/libnio.so
6a716000-6a717000 rw-p 00011000 08:01 804991     /usr/lib/jvm/java-7-openjdk-i386/jre/lib/i386/libnio.so
6a717000-6a72e000 r--s 000a5000 08:01 946092     /home/student/test/HealthyBit/app/build/intermediates/exploded-aar/com.mbientlab/metawear/2.5.9/jars/classes.jar
6a72e000-6a731000 ---p 00000000 00:00 0 
6a731000-6a77f000 rw-p 00000000 00:00 0          [stack:4589]
6a77f000-6a780000 ---p 00000000 00:00 0 
6a780000-6a800000 rw-p 00000000 00:00 0          [stack:4587]
6a800000-6a821000 rw-p 00000000 00:00 0 
6a821000-6a900000 ---p 00000000 00:00 0 
6a900000-6a921000 rw-p 00000000 00:00 0 
6a921000-6aa00000 ---p 00000000 00:00 0 
6aa05000-6aa08000 r-xp 00000000 08:01 137371     /usr/lib/i386-linux-gnu/libgmodule-2.0.so.0.4400.0
6aa08000-6aa09000 r--p 00002000 08:01 137371     /usr/lib/i386-linux-gnu/libgmodule-2.0.so.0.4400.0
6aa09000-6aa0a000 rw-p 00003000 08:01 137371     /usr/lib/i386-linux-gnu/libgmodule-2.0.so.0.4400.0
6aa0a000-6aa0f000 r-xp 00000000 08:01 136946     /usr/lib/i386-linux-gnu/libXdmcp.so.6.0.0
6aa0f000-6aa10000 r--p 00004000 08:01 136946     /usr/lib/i386-linux-gnu/libXdmcp.so.6.0.0
6aa10000-6aa11000 rw-p 00005000 08:01 136946     /usr/lib/i386-linux-gnu/libXdmcp.so.6.0.0
6aa11000-6aa13000 r-xp 00000000 08:01 136935     /usr/lib/i386-linux-gnu/libXau.so.6.0.0
6aa13000-6aa14000 r--p 00001000 08:01 136935     /usr/lib/i386-linux-gnu/libXau.so.6.0.0
6aa14000-6aa15000 rw-p 00002000 08:01 136935     /usr/lib/i386-linux-gnu/libXau.so.6.0.0
6aa15000-6aa24000 r--s 000df000 08:01 1062595    /home/student/Android/Sdk/build-tools/23.0.3/lib/dx.jar
6aa24000-6aa7f000 rw-p 00000000 00:00 0 
6aa7f000-6aa80000 ---p 00000000 00:00 0 
6aa80000-6ab00000 rw-p 00000000 00:00 0          [stack:4586]
6ab00000-6ab3e000 rw-p 00000000 00:00 0 
6ab3e000-6ac00000 ---p 00000000 00:00 0 
6ac03000-6ac67000 rw-p 00000000 00:00 0 
6ac67000-6ac68000 ---p 00000000 00:00 0 
6ac68000-6ace8000 rw-p 00000000 00:00 0          [stack:4585]
6ace8000-6ace9000 ---p 00000000 00:00 0 
6ace9000-6ad71000 rw-p 00000000 00:00 0          [stack:4584]
6ad71000-6ada9000 rw-p 00000000 00:00 0 
6ada9000-6adbe000 rw-p 00000000 00:00 0 
6adbe000-6aeff000 rw-p 00000000 00:00 0 
6aeff000-6af07000 rw-p 00000000 00:00 0 
6af07000-6af3f000 rw-p 00000000 00:00 0 
6af3f000-6af54000 rw-p 00000000 00:00 0 
6af54000-6b094000 rw-p 00000000 00:00 0 
6b094000-6b0b8000 rw-p 00000000 00:00 0 
6b0b8000-6b13f000 rw-p 00000000 00:00 0 
6b13f000-6c140000 rw-p 00000000 00:00 0 
6c140000-73140000 rw-p 00000000 00:00 0 
73140000-75b40000 rw-p 00000000 00:00 0 
75b40000-9dbc0000 rw-p 00000000 00:00 0 
9dbc0000-a21c0000 rw-p 00000000 00:00 0 
a7cc0000-b3140000 rw-p 00000000 00:00 0 
b3140000-b3149000 rw-p 00000000 00:00 0 
b3149000-b3200000 rw-p 00000000 00:00 0 
b3200000-b3440000 rwxp 00000000 00:00 0 
b3440000-b6300000 rw-p 00000000 00:00 0 
b6301000-b6303000 r-xp 00000000 08:01 141618     /usr/lib/jayatana/libjayatanaag.so
b6303000-b6304000 r--p 00001000 08:01 141618     /usr/lib/jayatana/libjayatanaag.so
b6304000-b6305000 rw-p 00002000 08:01 141618     /usr/lib/jayatana/libjayatanaag.so
b6305000-b6306000 r--s 00000000 08:01 414147     /usr/share/java/jayatanaag.jar
b6306000-b630a000 r--s 00085000 08:01 804976     /usr/lib/jvm/java-7-openjdk-i386/jre/lib/ext/localedata.jar
b630a000-b630e000 r--s 00034000 08:01 804978     /usr/lib/jvm/java-7-openjdk-i386/jre/lib/ext/sunjce_provider.jar
b630e000-b6312000 r--s 0003c000 08:01 804979     /usr/lib/jvm/java-7-openjdk-i386/jre/lib/ext/sunpkcs11.jar
b6312000-b631e000 r-xp 00000000 08:01 394626     /lib/i386-linux-gnu/libnss_files-2.21.so
b631e000-b631f000 r--p 0000b000 08:01 394626     /lib/i386-linux-gnu/libnss_files-2.21.so
b631f000-b6320000 rw-p 0000c000 08:01 394626     /lib/i386-linux-gnu/libnss_files-2.21.so
b6320000-b632b000 r-xp 00000000 08:01 394636     /lib/i386-linux-gnu/libnss_nis-2.21.so
b632b000-b632c000 r--p 0000a000 08:01 394636     /lib/i386-linux-gnu/libnss_nis-2.21.so
b632c000-b632d000 rw-p 0000b000 08:01 394636     /lib/i386-linux-gnu/libnss_nis-2.21.so
b632d000-b6344000 r-xp 00000000 08:01 394620     /lib/i386-linux-gnu/libnsl-2.21.so
b6344000-b6345000 r--p 00016000 08:01 394620     /lib/i386-linux-gnu/libnsl-2.21.so
b6345000-b6346000 rw-p 00017000 08:01 394620     /lib/i386-linux-gnu/libnsl-2.21.so
b6346000-b6348000 rw-p 00000000 00:00 0 
b6348000-b6350000 r-xp 00000000 08:01 394622     /lib/i386-linux-gnu/libnss_compat-2.21.so
b6350000-b6351000 r--p 00007000 08:01 394622     /lib/i386-linux-gnu/libnss_compat-2.21.so
b6351000-b6352000 rw-p 00008000 08:01 394622     /lib/i386-linux-gnu/libnss_compat-2.21.so
b6352000-b6355000 r--s 0000f000 08:01 804977     /usr/lib/jvm/java-7-openjdk-i386/jre/lib/ext/icedtea-sound.jar
b6355000-b6357000 r--s 00012000 08:01 804975     /usr/lib/jvm/java-7-openjdk-i386/jre/lib/ext/zipfs.jar
b6357000-b635f000 r-xp 00000000 08:01 804995     /usr/lib/jvm/java-7-openjdk-i386/jre/lib/i386/libzip.so
b635f000-b6360000 r--p 00007000 08:01 804995     /usr/lib/jvm/java-7-openjdk-i386/jre/lib/i386/libzip.so
b6360000-b6361000 rw-p 00008000 08:01 804995     /usr/lib/jvm/java-7-openjdk-i386/jre/lib/i386/libzip.so
b6361000-b6369000 rw-s 00000000 08:01 429744     /tmp/hsperfdata_student/4581
b6369000-b6373000 r-xp 00000000 08:01 805017     /usr/lib/jvm/java-7-openjdk-i386/jre/lib/i386/libinstrument.so
b6373000-b6374000 r--p 00009000 08:01 805017     /usr/lib/jvm/java-7-openjdk-i386/jre/lib/i386/libinstrument.so
b6374000-b6375000 rw-p 0000a000 08:01 805017     /usr/lib/jvm/java-7-openjdk-i386/jre/lib/i386/libinstrument.so
b6375000-b639b000 r-xp 00000000 08:01 805003     /usr/lib/jvm/java-7-openjdk-i386/jre/lib/i386/libjava.so
b639b000-b639c000 r--p 00025000 08:01 805003     /usr/lib/jvm/java-7-openjdk-i386/jre/lib/i386/libjava.so
b639c000-b639d000 rw-p 00026000 08:01 805003     /usr/lib/jvm/java-7-openjdk-i386/jre/lib/i386/libjava.so
b639d000-b63a4000 r-xp 00000000 08:01 394681     /lib/i386-linux-gnu/librt-2.21.so
b63a4000-b63a5000 r--p 00006000 08:01 394681     /lib/i386-linux-gnu/librt-2.21.so
b63a5000-b63a6000 rw-p 00007000 08:01 394681     /lib/i386-linux-gnu/librt-2.21.so
b63a6000-b63a9000 ---p 00000000 00:00 0 
b63a9000-b63f7000 rw-p 00000000 00:00 0          [stack:4583]
b63f7000-b6413000 r-xp 00000000 08:01 394569     /lib/i386-linux-gnu/libgcc_s.so.1
b6413000-b6414000 rw-p 0001b000 08:01 394569     /lib/i386-linux-gnu/libgcc_s.so.1
b6414000-b645f000 r-xp 00000000 08:01 394599     /lib/i386-linux-gnu/libm-2.21.so
b645f000-b6460000 r--p 0004a000 08:01 394599     /lib/i386-linux-gnu/libm-2.21.so
b6460000-b6461000 rw-p 0004b000 08:01 394599     /lib/i386-linux-gnu/libm-2.21.so
b6461000-b654a000 r-xp 00000000 08:01 137921     /usr/lib/i386-linux-gnu/libstdc++.so.6.0.20
b654a000-b654e000 r--p 000e9000 08:01 137921     /usr/lib/i386-linux-gnu/libstdc++.so.6.0.20
b654e000-b654f000 rw-p 000ed000 08:01 137921     /usr/lib/i386-linux-gnu/libstdc++.so.6.0.20
b654f000-b6556000 rw-p 00000000 00:00 0 
b6556000-b70a9000 r-xp 00000000 08:01 805013     /usr/lib/jvm/java-7-openjdk-i386/jre/lib/i386/server/libjvm.so
b70a9000-b70fd000 r--p 00b52000 08:01 805013     /usr/lib/jvm/java-7-openjdk-i386/jre/lib/i386/server/libjvm.so
b70fd000-b7111000 rw-p 00ba6000 08:01 805013     /usr/lib/jvm/java-7-openjdk-i386/jre/lib/i386/server/libjvm.so
b7111000-b7530000 rw-p 00000000 00:00 0 
b7530000-b7549000 r-xp 00000000 08:01 394714     /lib/i386-linux-gnu/libz.so.1.2.8
b7549000-b754a000 r--p 00019000 08:01 394714     /lib/i386-linux-gnu/libz.so.1.2.8
b754a000-b754b000 rw-p 0001a000 08:01 394714     /lib/i386-linux-gnu/libz.so.1.2.8
b754b000-b7564000 r-xp 00000000 08:01 394673     /lib/i386-linux-gnu/libpthread-2.21.so
b7564000-b7565000 r--p 00018000 08:01 394673     /lib/i386-linux-gnu/libpthread-2.21.so
b7565000-b7566000 rw-p 00019000 08:01 394673     /lib/i386-linux-gnu/libpthread-2.21.so
b7566000-b7568000 rw-p 00000000 00:00 0 
b7568000-b756b000 r-xp 00000000 08:01 394557     /lib/i386-linux-gnu/libdl-2.21.so
b756b000-b756c000 r--p 00002000 08:01 394557     /lib/i386-linux-gnu/libdl-2.21.so
b756c000-b756d000 rw-p 00003000 08:01 394557     /lib/i386-linux-gnu/libdl-2.21.so
b756d000-b7721000 r-xp 00000000 08:01 394540     /lib/i386-linux-gnu/libc-2.21.so
b7721000-b7724000 r--p 001b3000 08:01 394540     /lib/i386-linux-gnu/libc-2.21.so
b7724000-b7726000 rw-p 001b6000 08:01 394540     /lib/i386-linux-gnu/libc-2.21.so
b7726000-b7728000 rw-p 00000000 00:00 0 
b7728000-b7729000 r--s 00002000 08:01 804980     /usr/lib/jvm/java-7-openjdk-i386/jre/lib/ext/dnsns.jar
b7729000-b772b000 r--s 00006000 08:01 399091     /usr/share/java/java-atk-wrapper.jar
b772b000-b772c000 r--p 005e0000 08:01 143362     /usr/lib/locale/locale-archive
b772c000-b772d000 rw-p 00000000 00:00 0 
b772d000-b772e000 ---p 00000000 00:00 0 
b772e000-b773c000 r-xp 00000000 08:01 805022     /usr/lib/jvm/java-7-openjdk-i386/jre/lib/i386/libverify.so
b773c000-b773e000 r--p 0000d000 08:01 805022     /usr/lib/jvm/java-7-openjdk-i386/jre/lib/i386/libverify.so
b773e000-b773f000 rw-p 0000f000 08:01 805022     /usr/lib/jvm/java-7-openjdk-i386/jre/lib/i386/libverify.so
b773f000-b774b000 r-xp 00000000 08:01 805024     /usr/lib/jvm/java-7-openjdk-i386/jre/lib/i386/jli/libjli.so
b774b000-b774c000 r--p 0000b000 08:01 805024     /usr/lib/jvm/java-7-openjdk-i386/jre/lib/i386/jli/libjli.so
b774c000-b774d000 rw-p 0000c000 08:01 805024     /usr/lib/jvm/java-7-openjdk-i386/jre/lib/i386/jli/libjli.so
b774d000-b7750000 rw-p 00000000 00:00 0 
b7750000-b7752000 r--p 00000000 00:00 0          [vvar]
b7752000-b7753000 r-xp 00000000 00:00 0          [vdso]
b7753000-b7775000 r-xp 00000000 08:01 394512     /lib/i386-linux-gnu/ld-2.21.so
b7775000-b7776000 r--p 00021000 08:01 394512     /lib/i386-linux-gnu/ld-2.21.so
b7776000-b7777000 rw-p 00022000 08:01 394512     /lib/i386-linux-gnu/ld-2.21.so
bfa9a000-bfa9b000 rwxp 00000000 00:00 0 
bfacc000-bfaee000 rw-p 00000000 00:00 0          [stack]

VM Arguments:
jvm_args: -javaagent:/usr/share/java/jayatanaag.jar -Djava.awt.headless=true -Xmx1024M -Dfile.encoding=UTF-8 -Duser.country=US -Duser.language=en -Duser.variant 
java_command: com.android.dx.command.Main --dex --num-threads=4 --output /home/student/test/HealthyBit/app/build/intermediates/pre-dexed/debug/com.mbientlab-metawear-2.5.9_3a90c87d0473f367b2fe51cd28f65a6fc5d3d92d.jar /home/student/test/HealthyBit/app/build/intermediates/exploded-aar/com.mbientlab/metawear/2.5.9/jars/classes.jar
Launcher Type: SUN_STANDARD

Environment Variables:
JAVA_TOOL_OPTIONS=-javaagent:/usr/share/java/jayatanaag.jar 
PATH=/home/student/.linuxbrew/bin:/usr/local/sbin:/usr/local/bin:/usr/sbin:/usr/bin:/sbin:/bin:/usr/games:/usr/local/games:/etc/android-studio/bin/:/home/student/Android/Sdk/platform-tools:/home/student/Android/Sdk/tools
LD_LIBRARY_PATH=/etc/android-studio/bin:
SHELL=/bin/bash
DISPLAY=:0

Signal Handlers:
SIGSEGV: [libjvm.so+0x7f7d00], sa_mask[0]=0x7ffbfeff, sa_flags=0x10000004
SIGBUS: [libjvm.so+0x7f7d00], sa_mask[0]=0x7ffbfeff, sa_flags=0x10000004
SIGFPE: [libjvm.so+0x67a9d0], sa_mask[0]=0x7ffbfeff, sa_flags=0x10000004
SIGPIPE: [libjvm.so+0x67a9d0], sa_mask[0]=0x7ffbfeff, sa_flags=0x10000004
SIGXFSZ: [libjvm.so+0x67a9d0], sa_mask[0]=0x7ffbfeff, sa_flags=0x10000004
SIGILL: [libjvm.so+0x67a9d0], sa_mask[0]=0x7ffbfeff, sa_flags=0x10000004
SIGUSR1: SIG_DFL, sa_mask[0]=0x00000000, sa_flags=0x00000000
SIGUSR2: [libjvm.so+0x67a820], sa_mask[0]=0x00000004, sa_flags=0x10000004
SIGHUP: [libjvm.so+0x67aa80], sa_mask[0]=0x7ffbfeff, sa_flags=0x10000004
SIGINT: [libjvm.so+0x67aa80], sa_mask[0]=0x7ffbfeff, sa_flags=0x10000004
SIGTERM: [libjvm.so+0x67aa80], sa_mask[0]=0x7ffbfeff, sa_flags=0x10000004
SIGQUIT: [libjvm.so+0x67aa80], sa_mask[0]=0x7ffbfeff, sa_flags=0x10000004
SIGTRAP: SIG_DFL, sa_mask[0]=0x00000000, sa_flags=0x00000000


---------------  S Y S T E M  ---------------

OS:Ubuntu 15.04 (vivid)
uname:Linux 3.19.0-18-generic #18-Ubuntu SMP Tue May 19 18:30:59 UTC 2015 i686
libc:glibc 2.21 NPTL 2.21 
rlimit: STACK 8192k, CORE 0k, NPROC 32177, NOFILE 65536, AS infinity
load average:12.22 7.05 3.81

/proc/meminfo:
MemTotal:        4139540 kB
MemFree:          237472 kB
MemAvailable:     203028 kB
Buffers:           17580 kB
Cached:           118252 kB
SwapCached:            0 kB
Active:          3453976 kB
Inactive:         103272 kB
Active(anon):    3422744 kB
Inactive(anon):    37620 kB
Active(file):      31232 kB
Inactive(file):    65652 kB
Unevictable:          32 kB
Mlocked:              32 kB
HighTotal:       3280776 kB
HighFree:          60704 kB
LowTotal:         858764 kB
LowFree:          176768 kB
SwapTotal:             0 kB
SwapFree:              0 kB
Dirty:              3960 kB
Writeback:             0 kB
AnonPages:       3421628 kB
Mapped:            63696 kB
Shmem:             38796 kB
Slab:              49436 kB
SReclaimable:      23544 kB
SUnreclaim:        25892 kB
KernelStack:        5368 kB
PageTables:        14840 kB
NFS_Unstable:          0 kB
Bounce:                0 kB
WritebackTmp:          0 kB
CommitLimit:     2069768 kB
Committed_AS:    6245448 kB
VmallocTotal:     122880 kB
VmallocUsed:       23416 kB
VmallocChunk:      49124 kB
AnonHugePages:   2648064 kB
CmaTotal:              0 kB
CmaFree:               0 kB
HugePages_Total:       0
HugePages_Free:        0
HugePages_Rsvd:        0
HugePages_Surp:        0
Hugepagesize:       2048 kB
DirectMap4k:       61432 kB
DirectMap2M:      851968 kB


CPU:total 4 (1 cores per cpu, 1 threads per core) family 6 model 58 stepping 9, cmov, cx8, fxsr, mmx, sse, sse2, sse3, ssse3, sse4.1, sse4.2, popcnt, avx, aes, erms, tsc, tscinvbit, tscinv

/proc/cpuinfo:
processor	: 0
vendor_id	: GenuineIntel
cpu family	: 6
model		: 58
model name	: Intel(R) Core(TM) i5-3210M CPU @ 2.50GHz
stepping	: 9
microcode	: 0x15
cpu MHz		: 2494.111
cache size	: 3072 KB
physical id	: 0
siblings	: 1
core id		: 0
cpu cores	: 1
apicid		: 0
initial apicid	: 0
fdiv_bug	: no
f00f_bug	: no
coma_bug	: no
fpu		: yes
fpu_exception	: yes
cpuid level	: 13
wp		: yes
flags		: fpu vme de pse tsc msr pae mce cx8 apic sep mtrr pge mca cmov pat pse36 clflush dts mmx fxsr sse sse2 ss nx rdtscp lm constant_tsc arch_perfmon pebs bts xtopology tsc_reliable nonstop_tsc aperfmperf pni pclmulqdq ssse3 cx16 pcid sse4_1 sse4_2 x2apic popcnt tsc_deadline_timer aes xsave avx f16c rdrand hypervisor lahf_lm ida arat epb pln pts dtherm fsgsbase tsc_adjust smep
bugs		:
bogomips	: 4988.22
clflush size	: 64
cache_alignment	: 64
address sizes	: 42 bits physical, 48 bits virtual
power management:

processor	: 1
vendor_id	: GenuineIntel
cpu family	: 6
model		: 58
model name	: Intel(R) Core(TM) i5-3210M CPU @ 2.50GHz
stepping	: 9
microcode	: 0x15
cpu MHz		: 2494.111
cache size	: 3072 KB
physical id	: 2
siblings	: 1
core id		: 0
cpu cores	: 1
apicid		: 2
initial apicid	: 2
fdiv_bug	: no
f00f_bug	: no
coma_bug	: no
fpu		: yes
fpu_exception	: yes
cpuid level	: 13
wp		: yes
flags		: fpu vme de pse tsc msr pae mce cx8 apic sep mtrr pge mca cmov pat pse36 clflush dts mmx fxsr sse sse2 ss nx rdtscp lm constant_tsc arch_perfmon pebs bts xtopology tsc_reliable nonstop_tsc aperfmperf pni pclmulqdq ssse3 cx16 pcid sse4_1 sse4_2 x2apic popcnt tsc_deadline_timer aes xsave avx f16c rdrand hypervisor lahf_lm ida arat epb pln pts dtherm fsgsbase tsc_adjust smep
bugs		:
bogomips	: 4988.22
clflush size	: 64
cache_alignment	: 64
address sizes	: 42 bits physical, 48 bits virtual
power management:

processor	: 2
vendor_id	: GenuineIntel
cpu family	: 6
model		: 58
model name	: Intel(R) Core(TM) i5-3210M CPU @ 2.50GHz
stepping	: 9
microcode	: 0x15
cpu MHz		: 2494.111
cache size	: 3072 KB
physical id	: 4
siblings	: 1
core id		: 0
cpu cores	: 1
apicid		: 4
initial apicid	: 4
fdiv_bug	: no
f00f_bug	: no
coma_bug	: no
fpu		: yes
fpu_exception	: yes
cpuid level	: 13
wp		: yes
flags		: fpu vme de pse tsc msr pae mce cx8 apic sep mtrr pge mca cmov pat pse36 clflush dts mmx fxsr sse sse2 ss nx rdtscp lm constant_tsc arch_perfmon pebs bts xtopology tsc_reliable nonstop_tsc aperfmperf pni pclmulqdq ssse3 cx16 pcid sse4_1 sse4_2 x2apic popcnt tsc_deadline_timer aes xsave avx f16c rdrand hypervisor lahf_lm ida arat epb pln pts dtherm fsgsbase tsc_adjust smep
bugs		:
bogomips	: 4988.22
clflush size	: 64
cache_alignment	: 64
address sizes	: 42 bits physical, 48 bits virtual
power management:

processor	: 3
vendor_id	: GenuineIntel
cpu family	: 6
model		: 58
model name	: Intel(R) Core(TM) i5-3210M CPU @ 2.50GHz
stepping	: 9
microcode	: 0x15
cpu MHz		: 2494.111
cache size	: 3072 KB
physical id	: 6
siblings	: 1
core id		: 0
cpu cores	: 1
apicid		: 6
initial apicid	: 6
fdiv_bug	: no
f00f_bug	: no
coma_bug	: no
fpu		: yes
fpu_exception	: yes
cpuid level	: 13
wp		: yes
flags		: fpu vme de pse tsc msr pae mce cx8 apic sep mtrr pge mca cmov pat pse36 clflush dts mmx fxsr sse sse2 ss nx rdtscp lm constant_tsc arch_perfmon pebs bts xtopology tsc_reliable nonstop_tsc aperfmperf pni pclmulqdq ssse3 cx16 pcid sse4_1 sse4_2 x2apic popcnt tsc_deadline_timer aes xsave avx f16c rdrand hypervisor lahf_lm ida arat epb pln pts dtherm fsgsbase tsc_adjust smep
bugs		:
bogomips	: 4988.22
clflush size	: 64
cache_alignment	: 64
address sizes	: 42 bits physical, 48 bits virtual
power management:



Memory: 4k page, physical 4139540k(237472k free), swap 0k(0k free)

vm_info: OpenJDK Server VM (24.91-b01) for linux-x86 JRE (1.7.0_91-b02), built on Nov 19 2015 06:25:06 by "buildd" with gcc 4.9.2

time: Tue May  3 15:55:12 2016
elapsed time: 16 seconds

