#
# There is insufficient memory for the Java Runtime Environment to continue.
# Native memory allocation (malloc) failed to allocate 32768 bytes for committing reserved memory.
# Possible reasons:
#   The system is out of physical RAM or swap space
#   In 32 bit mode, the process size limit was hit
# Possible solutions:
#   Reduce memory load on the system
#   Increase physical memory or swap space
#   Check if swap backing store is full
#   Use 64 bit Java on a 64 bit OS
#   Decrease Java heap size (-Xmx/-Xms)
#   Decrease number of Java threads
#   Decrease Java thread stack sizes (-Xss)
#   Set larger code cache with -XX:ReservedCodeCacheSize=
# This output file may be truncated or incomplete.
#
#  Out of Memory Error (os_linux.cpp:2827), pid=3582, tid=1731607360
#
# JRE version: OpenJDK Runtime Environment (7.0_91-b02) (build 1.7.0_91-b02)
# Java VM: OpenJDK Server VM (24.91-b01 mixed mode linux-x86 )
# Derivative: IcedTea 2.6.3
# Distribution: Ubuntu 15.04, package 7u91-2.6.3-0ubuntu0.15.04.1
# Failed to write core dump. Core dumps have been disabled. To enable core dumping, try "ulimit -c unlimited" before starting Java again
#

---------------  T H R E A D  ---------------

Current thread (0x679eb400):  JavaThread "C2 CompilerThread0" daemon [_thread_in_vm, id=3597, stack(0x672e3000,0x67364000)]

Stack: [0x672e3000,0x67364000]

Current CompileTask:
C2:  18794 1109             com.android.dx.rop.code.Insn::contentEquals (84 bytes)


---------------  P R O C E S S  ---------------

Java Threads: ( => current thread )
  0x67065000 JavaThread "pool-2-thread-4" [_thread_in_vm, id=3605, stack(0x66814000,0x66865000)]
  0x67063c00 JavaThread "pool-2-thread-3" [_thread_in_vm, id=3604, stack(0x66865000,0x668b6000)]
  0x67062c00 JavaThread "pool-2-thread-2" [_thread_in_vm, id=3603, stack(0x668b6000,0x66907000)]
  0x67060400 JavaThread "pool-3-thread-1" [_thread_blocked, id=3602, stack(0x66907000,0x66958000)]
  0x6705f800 JavaThread "pool-2-thread-1" [_thread_in_vm, id=3601, stack(0x66f16000,0x66f67000)]
  0x679ee800 JavaThread "Service Thread" daemon [_thread_blocked, id=3599, stack(0x67211000,0x67262000)]
  0x679ec800 JavaThread "C2 CompilerThread1" daemon [_thread_in_vm, id=3598, stack(0x67262000,0x672e3000)]
=>0x679eb400 JavaThread "C2 CompilerThread0" daemon [_thread_in_vm, id=3597, stack(0x672e3000,0x67364000)]
  0x67998400 JavaThread "Signal Dispatcher" daemon [_thread_blocked, id=3596, stack(0x674af000,0x67500000)]
  0x67985800 JavaThread "Finalizer" daemon [_thread_blocked, id=3595, stack(0x6a62e000,0x6a67f000)]
  0x67983c00 JavaThread "Reference Handler" daemon [_thread_blocked, id=3594, stack(0x6a82e000,0x6a87f000)]
  0xb6208400 JavaThread "main" [_thread_in_vm, id=3588, stack(0xb633d000,0xb638e000)]

Other Threads:
  0x67981400 VMThread [stack: 0x67a4d000,0x67ace000] [id=3593]
  0x679f0400 WatcherThread [stack: 0x67190000,0x67211000] [id=3600]

VM state:not at safepoint (normal execution)

VM Mutex/Monitor currently owned by a thread:  ([mutex/lock_event])
[0xb6205428] CodeCache_lock - owner thread: 0x679eb400

Heap
 PSYoungGen      total 298240K, used 50696K [0x9db40000, 0xb30c0000, 0xb30c0000)
  eden space 257024K, 3% used [0x9db40000,0x9e4a9910,0xad640000)
  from space 41216K, 99% used [0xad640000,0xafe58a68,0xafe80000)
  to   space 51456K, 0% used [0xafe80000,0xafe80000,0xb30c0000)
 ParOldGen       total 150272K, used 117930K [0x730c0000, 0x7c380000, 0x9db40000)
  object space 150272K, 78% used [0x730c0000,0x7a3eaab0,0x7c380000)
 PSPermGen       total 16384K, used 4417K [0x6b0c0000, 0x6c0c0000, 0x730c0000)
  object space 16384K, 26% used [0x6b0c0000,0x6b5104c8,0x6c0c0000)

Card table byte_map: [0x6ae7f000,0x6b0c0000] byte_map_base: 0x6ab26a00

Polling page: 0xb76c4000

Code Cache  [0xb31a9000, 0xb3539000, 0xb61a9000)
 total_blobs=1195 nmethods=1070 adapters=76 free_code_cache=45526Kb largest_free_block=46596800

Compilation events (10 events):
Event: 18.730 Thread 0x679eb400 nmethod 1104 0xb352af08 code [0xb352b060, 0xb352b45c]
Event: 18.730 Thread 0x679eb400 1105             com.android.dx.util.BitIntSet$1::next (42 bytes)
Event: 18.734 Thread 0x679eb400 nmethod 1105 0xb352aa88 code [0xb352ab80, 0xb352add0]
Event: 18.734 Thread 0x679eb400 1106             com.android.dx.ssa.NormalSsaInsn::changeOneSource (120 bytes)
Event: 18.746 Thread 0x679eb400 nmethod 1106 0xb352c948 code [0xb352caa0, 0xb352cffc]
Event: 18.746 Thread 0x679eb400 1107             java.util.TimSort::rangeCheck (74 bytes)
Event: 18.747 Thread 0x679eb400 nmethod 1107 0xb35290c8 code [0xb35291c0, 0xb3529250]
Event: 18.747 Thread 0x679eb400 1108             com.android.dx.cf.code.Ropper$LabelAllocator::<init> (10 bytes)
Event: 18.747 Thread 0x679eb400 nmethod 1108 0xb34fc6c8 code [0xb34fc7a0, 0xb34fc7f0]
Event: 18.747 Thread 0x679eb400 1109             com.android.dx.rop.code.Insn::contentEquals (84 bytes)

GC Heap History (10 events):
Event: 12.031 GC heap before
{Heap before GC invocations=11 (full 1):
 PSYoungGen      total 226048K, used 21226K [0x9db40000, 0xadac0000, 0xb30c0000)
  eden space 196608K, 0% used [0x9db40000,0x9db40000,0xa9b40000)
  from space 29440K, 72% used [0xaba00000,0xaceba900,0xad6c0000)
  to   space 31488K, 0% used [0xa9b40000,0xa9b40000,0xaba00000)
 ParOldGen       total 43008K, used 42524K [0x730c0000, 0x75ac0000, 0x9db40000)
  object space 43008K, 98% used [0x730c0000,0x75a47220,0x75ac0000)
 PSPermGen       total 16384K, used 4377K [0x6b0c0000, 0x6c0c0000, 0x730c0000)
  object space 16384K, 26% used [0x6b0c0000,0x6b506770,0x6c0c0000)
Event: 12.516 GC heap after
Heap after GC invocations=11 (full 1):
 PSYoungGen      total 226048K, used 15962K [0x9db40000, 0xadac0000, 0xb30c0000)
  eden space 196608K, 0% used [0x9db40000,0x9db40000,0xa9b40000)
  from space 29440K, 54% used [0xaba00000,0xac9969e8,0xad6c0000)
  to   space 31488K, 0% used [0xa9b40000,0xa9b40000,0xaba00000)
 ParOldGen       total 78336K, used 42861K [0x730c0000, 0x77d40000, 0x9db40000)
  object space 78336K, 54% used [0x730c0000,0x75a9b460,0x77d40000)
 PSPermGen       total 16384K, used 4375K [0x6b0c0000, 0x6c0c0000, 0x730c0000)
  object space 16384K, 26% used [0x6b0c0000,0x6b505d90,0x6c0c0000)
}
Event: 14.656 GC heap before
{Heap before GC invocations=12 (full 1):
 PSYoungGen      total 226048K, used 212570K [0x9db40000, 0xadac0000, 0xb30c0000)
  eden space 196608K, 100% used [0x9db40000,0xa9b40000,0xa9b40000)
  from space 29440K, 54% used [0xaba00000,0xac9969e8,0xad6c0000)
  to   space 31488K, 0% used [0xa9b40000,0xa9b40000,0xaba00000)
 ParOldGen       total 78336K, used 42861K [0x730c0000, 0x77d40000, 0x9db40000)
  object space 78336K, 54% used [0x730c0000,0x75a9b460,0x77d40000)
 PSPermGen       total 16384K, used 4393K [0x6b0c0000, 0x6c0c0000, 0x730c0000)
  object space 16384K, 26% used [0x6b0c0000,0x6b50a798,0x6c0c0000)
Event: 14.793 GC heap after
Heap after GC invocations=12 (full 1):
 PSYoungGen      total 228096K, used 31473K [0x9db40000, 0xb30c0000, 0xb30c0000)
  eden space 196608K, 0% used [0x9db40000,0x9db40000,0xa9b40000)
  from space 31488K, 99% used [0xa9b40000,0xab9fc748,0xaba00000)
  to   space 43264K, 0% used [0xb0680000,0xb0680000,0xb30c0000)
 ParOldGen       total 78336K, used 60058K [0x730c0000, 0x77d40000, 0x9db40000)
  object space 78336K, 76% used [0x730c0000,0x76b66bb0,0x77d40000)
 PSPermGen       total 16384K, used 4393K [0x6b0c0000, 0x6c0c0000, 0x730c0000)
  object space 16384K, 26% used [0x6b0c0000,0x6b50a798,0x6c0c0000)
}
Event: 16.127 GC heap before
{Heap before GC invocations=13 (full 1):
 PSYoungGen      total 228096K, used 228081K [0x9db40000, 0xb30c0000, 0xb30c0000)
  eden space 196608K, 100% used [0x9db40000,0xa9b40000,0xa9b40000)
  from space 31488K, 99% used [0xa9b40000,0xab9fc748,0xaba00000)
  to   space 43264K, 0% used [0xb0680000,0xb0680000,0xb30c0000)
 ParOldGen       total 78336K, used 60058K [0x730c0000, 0x77d40000, 0x9db40000)
  object space 78336K, 76% used [0x730c0000,0x76b66bb0,0x77d40000)
 PSPermGen       total 16384K, used 4402K [0x6b0c0000, 0x6c0c0000, 0x730c0000)
  object space 16384K, 26% used [0x6b0c0000,0x6b50cbd0,0x6c0c0000)
Event: 16.564 GC heap after
Heap after GC invocations=13 (full 1):
 PSYoungGen      total 300288K, used 30944K [0x9db40000, 0xb30c0000, 0xb30c0000)
  eden space 257024K, 0% used [0x9db40000,0x9db40000,0xad640000)
  from space 43264K, 71% used [0xb0680000,0xb24b8068,0xb30c0000)
  to   space 46336K, 0% used [0xad640000,0xad640000,0xb0380000)
 ParOldGen       total 91904K, used 91348K [0x730c0000, 0x78a80000, 0x9db40000)
  object space 91904K, 99% used [0x730c0000,0x789f5050,0x78a80000)
 PSPermGen       total 16384K, used 4402K [0x6b0c0000, 0x6c0c0000, 0x730c0000)
  object space 16384K, 26% used [0x6b0c0000,0x6b50cbd0,0x6c0c0000)
}
Event: 16.564 GC heap before
{Heap before GC invocations=14 (full 2):
 PSYoungGen      total 300288K, used 30944K [0x9db40000, 0xb30c0000, 0xb30c0000)
  eden space 257024K, 0% used [0x9db40000,0x9db40000,0xad640000)
  from space 43264K, 71% used [0xb0680000,0xb24b8068,0xb30c0000)
  to   space 46336K, 0% used [0xad640000,0xad640000,0xb0380000)
 ParOldGen       total 91904K, used 91348K [0x730c0000, 0x78a80000, 0x9db40000)
  object space 91904K, 99% used [0x730c0000,0x789f5050,0x78a80000)
 PSPermGen       total 16384K, used 4402K [0x6b0c0000, 0x6c0c0000, 0x730c0000)
  object space 16384K, 26% used [0x6b0c0000,0x6b50cbd0,0x6c0c0000)
Event: 17.217 GC heap after
Heap after GC invocations=14 (full 2):
 PSYoungGen      total 300288K, used 27293K [0x9db40000, 0xb30c0000, 0xb30c0000)
  eden space 257024K, 0% used [0x9db40000,0x9db40000,0xad640000)
  from space 43264K, 63% used [0xb0680000,0xb2127758,0xb30c0000)
  to   space 46336K, 0% used [0xad640000,0xad640000,0xb0380000)
 ParOldGen       total 150272K, used 91781K [0x730c0000, 0x7c380000, 0x9db40000)
  object space 150272K, 61% used [0x730c0000,0x78a61590,0x7c380000)
 PSPermGen       total 16384K, used 4402K [0x6b0c0000, 0x6c0c0000, 0x730c0000)
  object space 16384K, 26% used [0x6b0c0000,0x6b50c980,0x6c0c0000)
}
Event: 18.470 GC heap before
{Heap before GC invocations=15 (full 2):
 PSYoungGen      total 300288K, used 284317K [0x9db40000, 0xb30c0000, 0xb30c0000)
  eden space 257024K, 100% used [0x9db40000,0xad640000,0xad640000)
  from space 43264K, 63% used [0xb0680000,0xb2127758,0xb30c0000)
  to   space 46336K, 0% used [0xad640000,0xad640000,0xb0380000)
 ParOldGen       total 150272K, used 91781K [0x730c0000, 0x7c380000, 0x9db40000)
  object space 150272K, 61% used [0x730c0000,0x78a61590,0x7c380000)
 PSPermGen       total 16384K, used 4417K [0x6b0c0000, 0x6c0c0000, 0x730c0000)
  object space 16384K, 26% used [0x6b0c0000,0x6b5104b8,0x6c0c0000)
Event: 18.705 GC heap after
Heap after GC invocations=15 (full 2):
 PSYoungGen      total 298240K, used 41058K [0x9db40000, 0xb30c0000, 0xb30c0000)
  eden space 257024K, 0% used [0x9db40000,0x9db40000,0xad640000)
  from space 41216K, 99% used [0xad640000,0xafe58a68,0xafe80000)
  to   space 51456K, 0% used [0xafe80000,0xafe80000,0xb30c0000)
 ParOldGen       total 150272K, used 117930K [0x730c0000, 0x7c380000, 0x9db40000)
  object space 150272K, 78% used [0x730c0000,0x7a3eaab0,0x7c380000)
 PSPermGen       total 16384K, used 4417K [0x6b0c0000, 0x6c0c0000, 0x730c0000)
  object space 16384K, 26% used [0x6b0c0000,0x6b5104b8,0x6c0c0000)
}

Deoptimization events (10 events):
Event: 17.495 Thread 0x6705f800 Uncommon trap: reason=bimorphic action=maybe_recompile pc=0xb33387dc method=com.android.dx.ssa.LiteralOpUpgrader.tryReplacingWithConstant(Lcom/android/dx/ssa/NormalSsaInsn;)Z @ 62
Event: 17.501 Thread 0x6705f800 Uncommon trap: reason=class_check action=maybe_recompile pc=0xb3258c2c method=com.android.dx.ssa.SCCP.replaceConstants()V @ 182
Event: 17.512 Thread 0x6705f800 Uncommon trap: reason=class_check action=maybe_recompile pc=0xb3258c2c method=com.android.dx.ssa.SCCP.replaceConstants()V @ 182
Event: 17.570 Thread 0x67063c00 Uncommon trap: reason=bimorphic action=maybe_recompile pc=0xb33387dc method=com.android.dx.ssa.LiteralOpUpgrader.tryReplacingWithConstant(Lcom/android/dx/ssa/NormalSsaInsn;)Z @ 62
Event: 18.008 Thread 0x67063c00 Uncommon trap: reason=unstable_if action=reinterpret pc=0xb3493edc method=com.android.dx.ssa.SCCP.simulateBranch(Lcom/android/dx/ssa/SsaInsn;)V @ 140
Event: 18.031 Thread 0x67065000 Uncommon trap: reason=bimorphic action=maybe_recompile pc=0xb336becc method=com.android.dx.ssa.back.FirstFitLocalCombiningAllocator.findNextUnreservedRopReg(IILcom/android/dx/ssa/back/FirstFitLocalCombiningAllocator$Alignment;)I @ 60
Event: 18.031 Thread 0x67065000 Uncommon trap: reason=bimorphic action=maybe_recompile pc=0xb33fc6cc method=com.android.dx.ssa.back.FirstFitLocalCombiningAllocator.findNextUnreservedRopReg(IILcom/android/dx/ssa/back/FirstFitLocalCombiningAllocator$Alignment;)I @ 60
Event: 18.061 Thread 0x67062c00 Uncommon trap: reason=bimorphic action=maybe_recompile pc=0xb333291c method=com.android.dx.ssa.LiteralOpUpgrader.tryReplacingWithConstant(Lcom/android/dx/ssa/NormalSsaInsn;)Z @ 62
Event: 18.117 Thread 0xb6208400 Uncommon trap: reason=bimorphic action=maybe_recompile pc=0xb33fd1ac method=com.android.dx.ssa.back.FirstFitLocalCombiningAllocator.findNextUnreservedRopReg(IILcom/android/dx/ssa/back/FirstFitLocalCombiningAllocator$Alignment;)I @ 60
Event: 18.120 Thread 0xb6208400 Uncommon trap: reason=bimorphic action=maybe_recompile pc=0xb33fd1ac method=com.android.dx.ssa.back.FirstFitLocalCombiningAllocator.findNextUnreservedRopReg(IILcom/android/dx/ssa/back/FirstFitLocalCombiningAllocator$Alignment;)I @ 60

Internal exceptions (10 events):
Event: 6.308 Thread 0xb6208400 Threw 0x9e19bad0 at /build/openjdk-7-PdBaKN/openjdk-7-7u91-2.6.3/build/openjdk/hotspot/src/share/vm/prims/jvm.cpp:1322
Event: 6.745 Thread 0x67065000 Threw 0x9ecb3568 at /build/openjdk-7-PdBaKN/openjdk-7-7u91-2.6.3/build/openjdk/hotspot/src/share/vm/prims/jvm.cpp:1322
Event: 7.349 Thread 0x67062c00 Implicit null exception at 0xb32eb980 to 0xb32eeecd
Event: 10.868 Thread 0x67065000 Implicit null exception at 0xb3398914 to 0xb3399a95
Event: 11.096 Thread 0xb6208400 Threw 0x9f3b2568 at /build/openjdk-7-PdBaKN/openjdk-7-7u91-2.6.3/build/openjdk/hotspot/src/share/vm/prims/jvm.cpp:1322
Event: 14.205 Thread 0x67063c00 Implicit null exception at 0xb3328164 to 0xb3328cbd
Event: 14.205 Thread 0x67063c00 Implicit null exception at 0xb32f3171 to 0xb32f32f9
Event: 14.241 Thread 0x67062c00 Implicit null exception at 0xb320ff1f to 0xb3210085
Event: 14.241 Thread 0x67062c00 Implicit null exception at 0xb32679d9 to 0xb3267ad5
Event: 15.821 Thread 0x6705f800 Threw 0xa572cb48 at /build/openjdk-7-PdBaKN/openjdk-7-7u91-2.6.3/build/openjdk/hotspot/src/share/vm/prims/jvm.cpp:1322

Events (10 events):
Event: 18.061 Thread 0x67062c00 DEOPT PACKING pc=0xb333291c sp=0x66905ac0
Event: 18.061 Thread 0x67062c00 DEOPT UNPACKING pc=0xb31d5bc8 sp=0x66905aa0 mode 2
Event: 18.117 Thread 0xb6208400 Uncommon trap: trap_request=0xffffffc6 fr.pc=0xb33fd1ac
Event: 18.117 Thread 0xb6208400 DEOPT PACKING pc=0xb33fd1ac sp=0xb638c790
Event: 18.117 Thread 0xb6208400 DEOPT UNPACKING pc=0xb31d5bc8 sp=0xb638c774 mode 2
Event: 18.120 Thread 0xb6208400 Uncommon trap: trap_request=0xffffffc6 fr.pc=0xb33fd1ac
Event: 18.120 Thread 0xb6208400 DEOPT PACKING pc=0xb33fd1ac sp=0xb638c680
Event: 18.120 Thread 0xb6208400 DEOPT UNPACKING pc=0xb31d5bc8 sp=0xb638c664 mode 2
Event: 18.464 Executing VM operation: ParallelGCFailedAllocation
Event: 18.705 Executing VM operation: ParallelGCFailedAllocation done


Dynamic libraries:
08048000-08049000 r-xp 00000000 08:01 804961     /usr/lib/jvm/java-7-openjdk-i386/jre/bin/java
08049000-0804a000 r--p 00000000 08:01 804961     /usr/lib/jvm/java-7-openjdk-i386/jre/bin/java
0804a000-0804b000 rw-p 00001000 08:01 804961     /usr/lib/jvm/java-7-openjdk-i386/jre/bin/java
095c7000-09735000 rw-p 00000000 00:00 0          [heap]
64300000-643ff000 rw-p 00000000 00:00 0 
643ff000-64400000 ---p 00000000 00:00 0 
64400000-64500000 rw-p 00000000 00:00 0 
64500000-645e8000 rw-p 00000000 00:00 0 
645e8000-64600000 ---p 00000000 00:00 0 
64700000-64729000 rw-p 00000000 00:00 0 
64729000-64800000 ---p 00000000 00:00 0 
64900000-649fd000 rw-p 00000000 00:00 0 
649fd000-64a00000 ---p 00000000 00:00 0 
64a00000-64b00000 rw-p 00000000 00:00 0 
64b00000-64bff000 rw-p 00000000 00:00 0 
64bff000-64c00000 ---p 00000000 00:00 0 
64c00000-64ce3000 rw-p 00000000 00:00 0 
64ce3000-64d00000 ---p 00000000 00:00 0 
64d00000-64dfe000 rw-p 00000000 00:00 0 
64dfe000-64e00000 ---p 00000000 00:00 0 
64f00000-64ff6000 rw-p 00000000 00:00 0 
64ff6000-65000000 ---p 00000000 00:00 0 
65000000-650fe000 rw-p 00000000 00:00 0 
650fe000-65100000 ---p 00000000 00:00 0 
65100000-651ff000 rw-p 00000000 00:00 0 
651ff000-65200000 ---p 00000000 00:00 0 
65200000-652fc000 rw-p 00000000 00:00 0 
652fc000-65300000 ---p 00000000 00:00 0 
65300000-653ec000 rw-p 00000000 00:00 0 
653ec000-65400000 ---p 00000000 00:00 0 
65400000-654fa000 rw-p 00000000 00:00 0 
654fa000-65500000 ---p 00000000 00:00 0 
65500000-655f5000 rw-p 00000000 00:00 0 
655f5000-65600000 ---p 00000000 00:00 0 
65600000-656fd000 rw-p 00000000 00:00 0 
656fd000-65700000 ---p 00000000 00:00 0 
65700000-657e5000 rw-p 00000000 00:00 0 
657e5000-65800000 ---p 00000000 00:00 0 
65800000-658fe000 rw-p 00000000 00:00 0 
658fe000-65900000 ---p 00000000 00:00 0 
65900000-659e8000 rw-p 00000000 00:00 0 
659e8000-65a00000 ---p 00000000 00:00 0 
65a00000-65aff000 rw-p 00000000 00:00 0 
65aff000-65b00000 ---p 00000000 00:00 0 
65b00000-65bf8000 rw-p 00000000 00:00 0 
65bf8000-65c00000 ---p 00000000 00:00 0 
65d00000-65df8000 rw-p 00000000 00:00 0 
65df8000-65e00000 ---p 00000000 00:00 0 
65e00000-65efe000 rw-p 00000000 00:00 0 
65efe000-65f00000 ---p 00000000 00:00 0 
65f00000-65ffa000 rw-p 00000000 00:00 0 
65ffa000-66000000 ---p 00000000 00:00 0 
66100000-661f5000 rw-p 00000000 00:00 0 
661f5000-66200000 ---p 00000000 00:00 0 
66300000-663f9000 rw-p 00000000 00:00 0 
663f9000-66400000 ---p 00000000 00:00 0 
66500000-665f9000 rw-p 00000000 00:00 0 
665f9000-66600000 ---p 00000000 00:00 0 
66700000-667f1000 rw-p 00000000 00:00 0 
667f1000-66800000 ---p 00000000 00:00 0 
66814000-66817000 ---p 00000000 00:00 0 
66817000-66865000 rw-p 00000000 00:00 0          [stack:3605]
66865000-66868000 ---p 00000000 00:00 0 
66868000-668b6000 rw-p 00000000 00:00 0          [stack:3604]
668b6000-668b9000 ---p 00000000 00:00 0 
668b9000-66907000 rw-p 00000000 00:00 0          [stack:3603]
66907000-6690a000 ---p 00000000 00:00 0 
6690a000-66b19000 rw-p 00000000 00:00 0          [stack:3602]
66b19000-66c3f000 r-xp 00000000 08:01 394573     /lib/i386-linux-gnu/libglib-2.0.so.0.4400.0
66c3f000-66c40000 r--p 00125000 08:01 394573     /lib/i386-linux-gnu/libglib-2.0.so.0.4400.0
66c40000-66c41000 rw-p 00126000 08:01 394573     /lib/i386-linux-gnu/libglib-2.0.so.0.4400.0
66c41000-66dfa000 r-xp 00000000 08:01 137357     /usr/lib/i386-linux-gnu/libgio-2.0.so.0.4400.0
66dfa000-66dfd000 r--p 001b8000 08:01 137357     /usr/lib/i386-linux-gnu/libgio-2.0.so.0.4400.0
66dfd000-66dff000 rw-p 001bb000 08:01 137357     /usr/lib/i386-linux-gnu/libgio-2.0.so.0.4400.0
66dff000-66e00000 rw-p 00000000 00:00 0 
66e00000-66efe000 rw-p 00000000 00:00 0 
66efe000-66f00000 ---p 00000000 00:00 0 
66f16000-66f19000 ---p 00000000 00:00 0 
66f19000-66f67000 rw-p 00000000 00:00 0          [stack:3601]
66f67000-66fd7000 r-xp 00000000 08:01 394656     /lib/i386-linux-gnu/libpcre.so.3.13.1
66fd7000-66fd8000 r--p 0006f000 08:01 394656     /lib/i386-linux-gnu/libpcre.so.3.13.1
66fd8000-66fd9000 rw-p 00070000 08:01 394656     /lib/i386-linux-gnu/libpcre.so.3.13.1
66fd9000-66ffd000 r-xp 00000000 08:01 394683     /lib/i386-linux-gnu/libselinux.so.1
66ffd000-66ffe000 r--p 00024000 08:01 394683     /lib/i386-linux-gnu/libselinux.so.1
66ffe000-66fff000 rw-p 00025000 08:01 394683     /lib/i386-linux-gnu/libselinux.so.1
66fff000-67000000 rw-p 00000000 00:00 0 
67000000-6709f000 rw-p 00000000 00:00 0 
6709f000-67100000 ---p 00000000 00:00 0 
67103000-67117000 r-xp 00000000 08:01 394679     /lib/i386-linux-gnu/libresolv-2.21.so
67117000-67119000 r--p 00013000 08:01 394679     /lib/i386-linux-gnu/libresolv-2.21.so
67119000-6711a000 rw-p 00015000 08:01 394679     /lib/i386-linux-gnu/libresolv-2.21.so
6711a000-6711c000 rw-p 00000000 00:00 0 
6711c000-67177000 r-xp 00000000 08:01 137385     /usr/lib/i386-linux-gnu/libgobject-2.0.so.0.4400.0
67177000-67178000 r--p 0005b000 08:01 137385     /usr/lib/i386-linux-gnu/libgobject-2.0.so.0.4400.0
67178000-67179000 rw-p 0005c000 08:01 137385     /usr/lib/i386-linux-gnu/libgobject-2.0.so.0.4400.0
67190000-67191000 ---p 00000000 00:00 0 
67191000-67211000 rw-p 00000000 00:00 0          [stack:3600]
67211000-67214000 ---p 00000000 00:00 0 
67214000-67262000 rw-p 00000000 00:00 0          [stack:3599]
67262000-67265000 ---p 00000000 00:00 0 
67265000-672e3000 rw-p 00000000 00:00 0          [stack:3598]
672e3000-672e6000 ---p 00000000 00:00 0 
672e6000-67364000 rw-p 00000000 00:00 0          [stack:3597]
67364000-674ab000 r-xp 00000000 08:01 136931     /usr/lib/i386-linux-gnu/libX11.so.6.3.0
674ab000-674ac000 r--p 00146000 08:01 136931     /usr/lib/i386-linux-gnu/libX11.so.6.3.0
674ac000-674ae000 rw-p 00147000 08:01 136931     /usr/lib/i386-linux-gnu/libX11.so.6.3.0
674ae000-674af000 rw-p 00000000 00:00 0 
674af000-674b2000 ---p 00000000 00:00 0 
674b2000-67500000 rw-p 00000000 00:00 0          [stack:3596]
67500000-67700000 r--p 00000000 08:01 143362     /usr/lib/locale/locale-archive
67700000-677f7000 rw-p 00000000 00:00 0 
677f7000-67800000 ---p 00000000 00:00 0 
67800000-67821000 rw-p 00000000 00:00 0 
67821000-67900000 ---p 00000000 00:00 0 
67900000-67a00000 rw-p 00000000 00:00 0 
67a02000-67a4d000 r--s 00340000 08:01 945545     /home/student/test/HealthyBit/app/build/intermediates/transforms/jarMerging/debug/jars/1/1f/combined.jar
67a4d000-67a4e000 ---p 00000000 00:00 0 
67a4e000-67ace000 rw-p 00000000 00:00 0          [stack:3593]
67ace000-67c80000 r--s 01d2e000 08:01 804984     /usr/lib/jvm/java-7-openjdk-i386/jre/lib/rt.jar
67c80000-6a500000 rw-p 00000000 00:00 0 
6a500000-6a600000 rw-p 00000000 00:00 0 
6a615000-6a62c000 r-xp 00000000 08:01 805027     /usr/lib/jvm/java-7-openjdk-i386/jre/lib/i386/libnet.so
6a62c000-6a62d000 r--p 00016000 08:01 805027     /usr/lib/jvm/java-7-openjdk-i386/jre/lib/i386/libnet.so
6a62d000-6a62e000 rw-p 00017000 08:01 805027     /usr/lib/jvm/java-7-openjdk-i386/jre/lib/i386/libnet.so
6a62e000-6a631000 ---p 00000000 00:00 0 
6a631000-6a67f000 rw-p 00000000 00:00 0          [stack:3595]
6a67f000-6a680000 ---p 00000000 00:00 0 
6a680000-6a700000 rw-p 00000000 00:00 0          [stack:3592]
6a700000-6a721000 rw-p 00000000 00:00 0 
6a721000-6a800000 ---p 00000000 00:00 0 
6a802000-6a809000 r-xp 00000000 08:01 137254     /usr/lib/i386-linux-gnu/libffi.so.6.0.4
6a809000-6a80b000 r--p 00006000 08:01 137254     /usr/lib/i386-linux-gnu/libffi.so.6.0.4
6a80b000-6a80c000 rw-p 00008000 08:01 137254     /usr/lib/i386-linux-gnu/libffi.so.6.0.4
6a80c000-6a82c000 r-xp 00000000 08:01 138125     /usr/lib/i386-linux-gnu/libxcb.so.1.1.0
6a82c000-6a82d000 r--p 0001f000 08:01 138125     /usr/lib/i386-linux-gnu/libxcb.so.1.1.0
6a82d000-6a82e000 rw-p 00020000 08:01 138125     /usr/lib/i386-linux-gnu/libxcb.so.1.1.0
6a82e000-6a831000 ---p 00000000 00:00 0 
6a831000-6a87f000 rw-p 00000000 00:00 0          [stack:3594]
6a87f000-6a880000 ---p 00000000 00:00 0 
6a880000-6a900000 rw-p 00000000 00:00 0          [stack:3591]
6a900000-6a921000 rw-p 00000000 00:00 0 
6a921000-6aa00000 ---p 00000000 00:00 0 
6aa09000-6aa0e000 r-xp 00000000 08:01 136946     /usr/lib/i386-linux-gnu/libXdmcp.so.6.0.0
6aa0e000-6aa0f000 r--p 00004000 08:01 136946     /usr/lib/i386-linux-gnu/libXdmcp.so.6.0.0
6aa0f000-6aa10000 rw-p 00005000 08:01 136946     /usr/lib/i386-linux-gnu/libXdmcp.so.6.0.0
6aa15000-6aa25000 r-xp 00000000 08:01 804991     /usr/lib/jvm/java-7-openjdk-i386/jre/lib/i386/libnio.so
6aa25000-6aa26000 r--p 00010000 08:01 804991     /usr/lib/jvm/java-7-openjdk-i386/jre/lib/i386/libnio.so
6aa26000-6aa27000 rw-p 00011000 08:01 804991     /usr/lib/jvm/java-7-openjdk-i386/jre/lib/i386/libnio.so
6aa27000-6aa36000 r--s 000df000 08:01 1062595    /home/student/Android/Sdk/build-tools/23.0.3/lib/dx.jar
6aa36000-6aa7f000 rw-p 00000000 00:00 0 
6aa7f000-6aa80000 ---p 00000000 00:00 0 
6aa80000-6ab00000 rw-p 00000000 00:00 0          [stack:3590]
6ab00000-6ab33000 rw-p 00000000 00:00 0 
6ab33000-6ac00000 ---p 00000000 00:00 0 
6ac00000-6ac03000 r-xp 00000000 08:01 137371     /usr/lib/i386-linux-gnu/libgmodule-2.0.so.0.4400.0
6ac03000-6ac04000 r--p 00002000 08:01 137371     /usr/lib/i386-linux-gnu/libgmodule-2.0.so.0.4400.0
6ac04000-6ac05000 rw-p 00003000 08:01 137371     /usr/lib/i386-linux-gnu/libgmodule-2.0.so.0.4400.0
6ac05000-6ac07000 r-xp 00000000 08:01 136935     /usr/lib/i386-linux-gnu/libXau.so.6.0.0
6ac07000-6ac08000 r--p 00001000 08:01 136935     /usr/lib/i386-linux-gnu/libXau.so.6.0.0
6ac08000-6ac09000 rw-p 00002000 08:01 136935     /usr/lib/i386-linux-gnu/libXau.so.6.0.0
6ac09000-6ac0b000 r-xp 00000000 08:01 141618     /usr/lib/jayatana/libjayatanaag.so
6ac0b000-6ac0c000 r--p 00001000 08:01 141618     /usr/lib/jayatana/libjayatanaag.so
6ac0c000-6ac0d000 rw-p 00002000 08:01 141618     /usr/lib/jayatana/libjayatanaag.so
6ac0d000-6ac68000 rw-p 00000000 00:00 0 
6ac68000-6ac69000 ---p 00000000 00:00 0 
6ac69000-6acf1000 rw-p 00000000 00:00 0          [stack:3589]
6acf1000-6ad29000 rw-p 00000000 00:00 0 
6ad29000-6ad73000 rw-p 00000000 00:00 0 
6ad73000-6ae7f000 rw-p 00000000 00:00 0 
6ae7f000-6ae87000 rw-p 00000000 00:00 0 
6ae87000-6aebf000 rw-p 00000000 00:00 0 
6aebf000-6af09000 rw-p 00000000 00:00 0 
6af09000-6b014000 rw-p 00000000 00:00 0 
6b014000-6b0bf000 rw-p 00000000 00:00 0 
6b0bf000-6c0c0000 rw-p 00000000 00:00 0 
6c0c0000-730c0000 rw-p 00000000 00:00 0 
730c0000-7c380000 rw-p 00000000 00:00 0 
7c380000-9db40000 rw-p 00000000 00:00 0 
9db40000-b30c0000 rw-p 00000000 00:00 0 
b30c1000-b30c2000 r--s 00000000 08:01 414147     /usr/share/java/jayatanaag.jar
b30c2000-b30c6000 r--s 00085000 08:01 804976     /usr/lib/jvm/java-7-openjdk-i386/jre/lib/ext/localedata.jar
b30c6000-b30ca000 r--s 00034000 08:01 804978     /usr/lib/jvm/java-7-openjdk-i386/jre/lib/ext/sunjce_provider.jar
b30ca000-b30ce000 r--s 0003c000 08:01 804979     /usr/lib/jvm/java-7-openjdk-i386/jre/lib/ext/sunpkcs11.jar
b30ce000-b30f8000 rw-p 00000000 00:00 0 
b30f8000-b31a9000 rw-p 00000000 00:00 0 
b31a9000-b3539000 rwxp 00000000 00:00 0 
b3541000-b61a9000 rw-p 00000000 00:00 0 
b61a9000-b61b5000 r-xp 00000000 08:01 394626     /lib/i386-linux-gnu/libnss_files-2.21.so
b61b5000-b61b6000 r--p 0000b000 08:01 394626     /lib/i386-linux-gnu/libnss_files-2.21.so
b61b6000-b61b7000 rw-p 0000c000 08:01 394626     /lib/i386-linux-gnu/libnss_files-2.21.so
b61b7000-b61c2000 r-xp 00000000 08:01 394636     /lib/i386-linux-gnu/libnss_nis-2.21.so
b61c2000-b61c3000 r--p 0000a000 08:01 394636     /lib/i386-linux-gnu/libnss_nis-2.21.so
b61c3000-b61c4000 rw-p 0000b000 08:01 394636     /lib/i386-linux-gnu/libnss_nis-2.21.so
b61c4000-b61db000 r-xp 00000000 08:01 394620     /lib/i386-linux-gnu/libnsl-2.21.so
b61db000-b61dc000 r--p 00016000 08:01 394620     /lib/i386-linux-gnu/libnsl-2.21.so
b61dc000-b61dd000 rw-p 00017000 08:01 394620     /lib/i386-linux-gnu/libnsl-2.21.so
b61dd000-b61df000 rw-p 00000000 00:00 0 
b61df000-b61e7000 r-xp 00000000 08:01 394622     /lib/i386-linux-gnu/libnss_compat-2.21.so
b61e7000-b61e8000 r--p 00007000 08:01 394622     /lib/i386-linux-gnu/libnss_compat-2.21.so
b61e8000-b61e9000 rw-p 00008000 08:01 394622     /lib/i386-linux-gnu/libnss_compat-2.21.so
b61e9000-b61ec000 r--s 0000f000 08:01 804977     /usr/lib/jvm/java-7-openjdk-i386/jre/lib/ext/icedtea-sound.jar
b61ec000-b61ee000 r--s 00012000 08:01 804975     /usr/lib/jvm/java-7-openjdk-i386/jre/lib/ext/zipfs.jar
b61ee000-b61f6000 r-xp 00000000 08:01 804995     /usr/lib/jvm/java-7-openjdk-i386/jre/lib/i386/libzip.so
b61f6000-b61f7000 r--p 00007000 08:01 804995     /usr/lib/jvm/java-7-openjdk-i386/jre/lib/i386/libzip.so
b61f7000-b61f8000 rw-p 00008000 08:01 804995     /usr/lib/jvm/java-7-openjdk-i386/jre/lib/i386/libzip.so
b61f8000-b6200000 rw-s 00000000 08:01 429728     /tmp/hsperfdata_student/3582
b6200000-b6300000 rw-p 00000000 00:00 0 
b6300000-b630a000 r-xp 00000000 08:01 805017     /usr/lib/jvm/java-7-openjdk-i386/jre/lib/i386/libinstrument.so
b630a000-b630b000 r--p 00009000 08:01 805017     /usr/lib/jvm/java-7-openjdk-i386/jre/lib/i386/libinstrument.so
b630b000-b630c000 rw-p 0000a000 08:01 805017     /usr/lib/jvm/java-7-openjdk-i386/jre/lib/i386/libinstrument.so
b630c000-b6332000 r-xp 00000000 08:01 805003     /usr/lib/jvm/java-7-openjdk-i386/jre/lib/i386/libjava.so
b6332000-b6333000 r--p 00025000 08:01 805003     /usr/lib/jvm/java-7-openjdk-i386/jre/lib/i386/libjava.so
b6333000-b6334000 rw-p 00026000 08:01 805003     /usr/lib/jvm/java-7-openjdk-i386/jre/lib/i386/libjava.so
b6334000-b633b000 r-xp 00000000 08:01 394681     /lib/i386-linux-gnu/librt-2.21.so
b633b000-b633c000 r--p 00006000 08:01 394681     /lib/i386-linux-gnu/librt-2.21.so
b633c000-b633d000 rw-p 00007000 08:01 394681     /lib/i386-linux-gnu/librt-2.21.so
b633d000-b6340000 ---p 00000000 00:00 0 
b6340000-b638e000 rw-p 00000000 00:00 0          [stack:3588]
b638e000-b63aa000 r-xp 00000000 08:01 394569     /lib/i386-linux-gnu/libgcc_s.so.1
b63aa000-b63ab000 rw-p 0001b000 08:01 394569     /lib/i386-linux-gnu/libgcc_s.so.1
b63ab000-b63f6000 r-xp 00000000 08:01 394599     /lib/i386-linux-gnu/libm-2.21.so
b63f6000-b63f7000 r--p 0004a000 08:01 394599     /lib/i386-linux-gnu/libm-2.21.so
b63f7000-b63f8000 rw-p 0004b000 08:01 394599     /lib/i386-linux-gnu/libm-2.21.so
b63f8000-b64e1000 r-xp 00000000 08:01 137921     /usr/lib/i386-linux-gnu/libstdc++.so.6.0.20
b64e1000-b64e5000 r--p 000e9000 08:01 137921     /usr/lib/i386-linux-gnu/libstdc++.so.6.0.20
b64e5000-b64e6000 rw-p 000ed000 08:01 137921     /usr/lib/i386-linux-gnu/libstdc++.so.6.0.20
b64e6000-b64ed000 rw-p 00000000 00:00 0 
b64ed000-b7040000 r-xp 00000000 08:01 805013     /usr/lib/jvm/java-7-openjdk-i386/jre/lib/i386/server/libjvm.so
b7040000-b7094000 r--p 00b52000 08:01 805013     /usr/lib/jvm/java-7-openjdk-i386/jre/lib/i386/server/libjvm.so
b7094000-b70a8000 rw-p 00ba6000 08:01 805013     /usr/lib/jvm/java-7-openjdk-i386/jre/lib/i386/server/libjvm.so
b70a8000-b74c7000 rw-p 00000000 00:00 0 
b74c7000-b74e0000 r-xp 00000000 08:01 394714     /lib/i386-linux-gnu/libz.so.1.2.8
b74e0000-b74e1000 r--p 00019000 08:01 394714     /lib/i386-linux-gnu/libz.so.1.2.8
b74e1000-b74e2000 rw-p 0001a000 08:01 394714     /lib/i386-linux-gnu/libz.so.1.2.8
b74e2000-b74fb000 r-xp 00000000 08:01 394673     /lib/i386-linux-gnu/libpthread-2.21.so
b74fb000-b74fc000 r--p 00018000 08:01 394673     /lib/i386-linux-gnu/libpthread-2.21.so
b74fc000-b74fd000 rw-p 00019000 08:01 394673     /lib/i386-linux-gnu/libpthread-2.21.so
b74fd000-b74ff000 rw-p 00000000 00:00 0 
b74ff000-b7502000 r-xp 00000000 08:01 394557     /lib/i386-linux-gnu/libdl-2.21.so
b7502000-b7503000 r--p 00002000 08:01 394557     /lib/i386-linux-gnu/libdl-2.21.so
b7503000-b7504000 rw-p 00003000 08:01 394557     /lib/i386-linux-gnu/libdl-2.21.so
b7504000-b76b8000 r-xp 00000000 08:01 394540     /lib/i386-linux-gnu/libc-2.21.so
b76b8000-b76bb000 r--p 001b3000 08:01 394540     /lib/i386-linux-gnu/libc-2.21.so
b76bb000-b76bd000 rw-p 001b6000 08:01 394540     /lib/i386-linux-gnu/libc-2.21.so
b76bd000-b76bf000 rw-p 00000000 00:00 0 
b76bf000-b76c0000 r--s 00002000 08:01 804980     /usr/lib/jvm/java-7-openjdk-i386/jre/lib/ext/dnsns.jar
b76c0000-b76c2000 r--s 00006000 08:01 399091     /usr/share/java/java-atk-wrapper.jar
b76c2000-b76c3000 r--p 005e0000 08:01 143362     /usr/lib/locale/locale-archive
b76c3000-b76c4000 rw-p 00000000 00:00 0 
b76c4000-b76c5000 r--p 00000000 00:00 0 
b76c5000-b76d3000 r-xp 00000000 08:01 805022     /usr/lib/jvm/java-7-openjdk-i386/jre/lib/i386/libverify.so
b76d3000-b76d5000 r--p 0000d000 08:01 805022     /usr/lib/jvm/java-7-openjdk-i386/jre/lib/i386/libverify.so
b76d5000-b76d6000 rw-p 0000f000 08:01 805022     /usr/lib/jvm/java-7-openjdk-i386/jre/lib/i386/libverify.so
b76d6000-b76e2000 r-xp 00000000 08:01 805024     /usr/lib/jvm/java-7-openjdk-i386/jre/lib/i386/jli/libjli.so
b76e2000-b76e3000 r--p 0000b000 08:01 805024     /usr/lib/jvm/java-7-openjdk-i386/jre/lib/i386/jli/libjli.so
b76e3000-b76e4000 rw-p 0000c000 08:01 805024     /usr/lib/jvm/java-7-openjdk-i386/jre/lib/i386/jli/libjli.so
b76e4000-b76e7000 rw-p 00000000 00:00 0 
b76e7000-b76e9000 r--p 00000000 00:00 0          [vvar]
b76e9000-b76ea000 r-xp 00000000 00:00 0          [vdso]
b76ea000-b770c000 r-xp 00000000 08:01 394512     /lib/i386-linux-gnu/ld-2.21.so
b770c000-b770d000 r--p 00021000 08:01 394512     /lib/i386-linux-gnu/ld-2.21.so
b770d000-b770e000 rw-p 00022000 08:01 394512     /lib/i386-linux-gnu/ld-2.21.so
bf7ed000-bf7ee000 rwxp 00000000 00:00 0 
bf81f000-bf841000 rw-p 00000000 00:00 0          [stack]

VM Arguments:
jvm_args: -javaagent:/usr/share/java/jayatanaag.jar -Djava.awt.headless=true -Xmx1024M -Dfile.encoding=UTF-8 -Duser.country=US -Duser.language=en -Duser.variant 
java_command: com.android.dx.command.Main --dex --num-threads=4 --multi-dex --main-dex-list /home/student/test/HealthyBit/app/build/intermediates/multi-dex/debug/maindexlist.txt --output /home/student/test/HealthyBit/app/build/intermediates/transforms/dex/debug/folders/1000/1f/main /home/student/test/HealthyBit/app/build/intermediates/transforms/jarMerging/debug/jars/1/1f/combined.jar
Launcher Type: SUN_STANDARD

Environment Variables:
JAVA_TOOL_OPTIONS=-javaagent:/usr/share/java/jayatanaag.jar 
PATH=/home/student/.linuxbrew/bin:/usr/local/sbin:/usr/local/bin:/usr/sbin:/usr/bin:/sbin:/bin:/usr/games:/usr/local/games:/etc/android-studio/bin/:/home/student/Android/Sdk/platform-tools:/home/student/Android/Sdk/tools
LD_LIBRARY_PATH=/etc/android-studio/bin:
SHELL=/bin/bash
DISPLAY=:0

Signal Handlers:
SIGSEGV: [libjvm.so+0x7f7d00], sa_mask[0]=0x7ffbfeff, sa_flags=0x10000004
SIGBUS: [libjvm.so+0x7f7d00], sa_mask[0]=0x7ffbfeff, sa_flags=0x10000004
SIGFPE: [libjvm.so+0x67a9d0], sa_mask[0]=0x7ffbfeff, sa_flags=0x10000004
SIGPIPE: [libjvm.so+0x67a9d0], sa_mask[0]=0x7ffbfeff, sa_flags=0x10000004
SIGXFSZ: [libjvm.so+0x67a9d0], sa_mask[0]=0x7ffbfeff, sa_flags=0x10000004
SIGILL: [libjvm.so+0x67a9d0], sa_mask[0]=0x7ffbfeff, sa_flags=0x10000004
SIGUSR1: SIG_DFL, sa_mask[0]=0x00000000, sa_flags=0x00000000
SIGUSR2: [libjvm.so+0x67a820], sa_mask[0]=0x00000004, sa_flags=0x10000004
SIGHUP: [libjvm.so+0x67aa80], sa_mask[0]=0x7ffbfeff, sa_flags=0x10000004
SIGINT: [libjvm.so+0x67aa80], sa_mask[0]=0x7ffbfeff, sa_flags=0x10000004
SIGTERM: [libjvm.so+0x67aa80], sa_mask[0]=0x7ffbfeff, sa_flags=0x10000004
SIGQUIT: [libjvm.so+0x67aa80], sa_mask[0]=0x7ffbfeff, sa_flags=0x10000004
SIGTRAP: SIG_DFL, sa_mask[0]=0x00000000, sa_flags=0x00000000


---------------  S Y S T E M  ---------------

OS:Ubuntu 15.04 (vivid)
uname:Linux 3.19.0-18-generic #18-Ubuntu SMP Tue May 19 18:30:59 UTC 2015 i686
libc:glibc 2.21 NPTL 2.21 
rlimit: STACK 8192k, CORE 0k, NPROC 32177, NOFILE 65536, AS infinity
load average:2.86 1.87 1.59

/proc/meminfo:
MemTotal:        4139540 kB
MemFree:          207060 kB
MemAvailable:     143028 kB
Buffers:            9836 kB
Cached:            67012 kB
SwapCached:            0 kB
Active:          3526312 kB
Inactive:          56604 kB
Active(anon):    3507288 kB
Inactive(anon):    37904 kB
Active(file):      19024 kB
Inactive(file):    18700 kB
Unevictable:          32 kB
Mlocked:              32 kB
HighTotal:       3280776 kB
HighFree:          28440 kB
LowTotal:         858764 kB
LowFree:          178620 kB
SwapTotal:             0 kB
SwapFree:              0 kB
Dirty:               112 kB
Writeback:             0 kB
AnonPages:       3506176 kB
Mapped:            48904 kB
Shmem:             39076 kB
Slab:              49192 kB
SReclaimable:      23528 kB
SUnreclaim:        25664 kB
KernelStack:        4936 kB
PageTables:        14736 kB
NFS_Unstable:          0 kB
Bounce:                0 kB
WritebackTmp:          0 kB
CommitLimit:     2069768 kB
Committed_AS:    6091152 kB
VmallocTotal:     122880 kB
VmallocUsed:       23416 kB
VmallocChunk:      49124 kB
AnonHugePages:   2605056 kB
CmaTotal:              0 kB
CmaFree:               0 kB
HugePages_Total:       0
HugePages_Free:        0
HugePages_Rsvd:        0
HugePages_Surp:        0
Hugepagesize:       2048 kB
DirectMap4k:       61432 kB
DirectMap2M:      851968 kB


CPU:total 4 (1 cores per cpu, 1 threads per core) family 6 model 58 stepping 9, cmov, cx8, fxsr, mmx, sse, sse2, sse3, ssse3, sse4.1, sse4.2, popcnt, avx, aes, erms, tsc, tscinvbit, tscinv

/proc/cpuinfo:
processor	: 0
vendor_id	: GenuineIntel
cpu family	: 6
model		: 58
model name	: Intel(R) Core(TM) i5-3210M CPU @ 2.50GHz
stepping	: 9
microcode	: 0x15
cpu MHz		: 2494.111
cache size	: 3072 KB
physical id	: 0
siblings	: 1
core id		: 0
cpu cores	: 1
apicid		: 0
initial apicid	: 0
fdiv_bug	: no
f00f_bug	: no
coma_bug	: no
fpu		: yes
fpu_exception	: yes
cpuid level	: 13
wp		: yes
flags		: fpu vme de pse tsc msr pae mce cx8 apic sep mtrr pge mca cmov pat pse36 clflush dts mmx fxsr sse sse2 ss nx rdtscp lm constant_tsc arch_perfmon pebs bts xtopology tsc_reliable nonstop_tsc aperfmperf pni pclmulqdq ssse3 cx16 pcid sse4_1 sse4_2 x2apic popcnt tsc_deadline_timer aes xsave avx f16c rdrand hypervisor lahf_lm ida arat epb pln pts dtherm fsgsbase tsc_adjust smep
bugs		:
bogomips	: 4988.22
clflush size	: 64
cache_alignment	: 64
address sizes	: 42 bits physical, 48 bits virtual
power management:

processor	: 1
vendor_id	: GenuineIntel
cpu family	: 6
model		: 58
model name	: Intel(R) Core(TM) i5-3210M CPU @ 2.50GHz
stepping	: 9
microcode	: 0x15
cpu MHz		: 2494.111
cache size	: 3072 KB
physical id	: 2
siblings	: 1
core id		: 0
cpu cores	: 1
apicid		: 2
initial apicid	: 2
fdiv_bug	: no
f00f_bug	: no
coma_bug	: no
fpu		: yes
fpu_exception	: yes
cpuid level	: 13
wp		: yes
flags		: fpu vme de pse tsc msr pae mce cx8 apic sep mtrr pge mca cmov pat pse36 clflush dts mmx fxsr sse sse2 ss nx rdtscp lm constant_tsc arch_perfmon pebs bts xtopology tsc_reliable nonstop_tsc aperfmperf pni pclmulqdq ssse3 cx16 pcid sse4_1 sse4_2 x2apic popcnt tsc_deadline_timer aes xsave avx f16c rdrand hypervisor lahf_lm ida arat epb pln pts dtherm fsgsbase tsc_adjust smep
bugs		:
bogomips	: 4988.22
clflush size	: 64
cache_alignment	: 64
address sizes	: 42 bits physical, 48 bits virtual
power management:

processor	: 2
vendor_id	: GenuineIntel
cpu family	: 6
model		: 58
model name	: Intel(R) Core(TM) i5-3210M CPU @ 2.50GHz
stepping	: 9
microcode	: 0x15
cpu MHz		: 2494.111
cache size	: 3072 KB
physical id	: 4
siblings	: 1
core id		: 0
cpu cores	: 1
apicid		: 4
initial apicid	: 4
fdiv_bug	: no
f00f_bug	: no
coma_bug	: no
fpu		: yes
fpu_exception	: yes
cpuid level	: 13
wp		: yes
flags		: fpu vme de pse tsc msr pae mce cx8 apic sep mtrr pge mca cmov pat pse36 clflush dts mmx fxsr sse sse2 ss nx rdtscp lm constant_tsc arch_perfmon pebs bts xtopology tsc_reliable nonstop_tsc aperfmperf pni pclmulqdq ssse3 cx16 pcid sse4_1 sse4_2 x2apic popcnt tsc_deadline_timer aes xsave avx f16c rdrand hypervisor lahf_lm ida arat epb pln pts dtherm fsgsbase tsc_adjust smep
bugs		:
bogomips	: 4988.22
clflush size	: 64
cache_alignment	: 64
address sizes	: 42 bits physical, 48 bits virtual
power management:

processor	: 3
vendor_id	: GenuineIntel
cpu family	: 6
model		: 58
model name	: Intel(R) Core(TM) i5-3210M CPU @ 2.50GHz
stepping	: 9
microcode	: 0x15
cpu MHz		: 2494.111
cache size	: 3072 KB
physical id	: 6
siblings	: 1
core id		: 0
cpu cores	: 1
apicid		: 6
initial apicid	: 6
fdiv_bug	: no
f00f_bug	: no
coma_bug	: no
fpu		: yes
fpu_exception	: yes
cpuid level	: 13
wp		: yes
flags		: fpu vme de pse tsc msr pae mce cx8 apic sep mtrr pge mca cmov pat pse36 clflush dts mmx fxsr sse sse2 ss nx rdtscp lm constant_tsc arch_perfmon pebs bts xtopology tsc_reliable nonstop_tsc aperfmperf pni pclmulqdq ssse3 cx16 pcid sse4_1 sse4_2 x2apic popcnt tsc_deadline_timer aes xsave avx f16c rdrand hypervisor lahf_lm ida arat epb pln pts dtherm fsgsbase tsc_adjust smep
bugs		:
bogomips	: 4988.22
clflush size	: 64
cache_alignment	: 64
address sizes	: 42 bits physical, 48 bits virtual
power management:



Memory: 4k page, physical 4139540k(207356k free), swap 0k(0k free)

vm_info: OpenJDK Server VM (24.91-b01) for linux-x86 JRE (1.7.0_91-b02), built on Nov 19 2015 06:25:06 by "buildd" with gcc 4.9.2

time: Tue May  3 15:49:25 2016
elapsed time: 18 seconds

