#
# There is insufficient memory for the Java Runtime Environment to continue.
# Native memory allocation (malloc) failed to allocate 91226112 bytes for committing reserved memory.
# Possible reasons:
#   The system is out of physical RAM or swap space
#   In 32 bit mode, the process size limit was hit
# Possible solutions:
#   Reduce memory load on the system
#   Increase physical memory or swap space
#   Check if swap backing store is full
#   Use 64 bit Java on a 64 bit OS
#   Decrease Java heap size (-Xmx/-Xms)
#   Decrease number of Java threads
#   Decrease Java thread stack sizes (-Xss)
#   Set larger code cache with -XX:ReservedCodeCacheSize=
# This output file may be truncated or incomplete.
#
#  Out of Memory Error (os_linux.cpp:2827), pid=5933, tid=1740430144
#
# JRE version: OpenJDK Runtime Environment (7.0_91-b02) (build 1.7.0_91-b02)
# Java VM: OpenJDK Server VM (24.91-b01 mixed mode linux-x86 )
# Derivative: IcedTea 2.6.3
# Distribution: Ubuntu 15.04, package 7u91-2.6.3-0ubuntu0.15.04.1
# Failed to write core dump. Core dumps have been disabled. To enable core dumping, try "ulimit -c unlimited" before starting Java again
#

---------------  T H R E A D  ---------------

Current thread (0x67a81400):  VMThread [stack: 0x67b4d000,0x67bce000] [id=5956]

Stack: [0x67b4d000,0x67bce000]
VM_Operation (0x66af1b7c): ParallelGCFailedAllocation, mode: safepoint, requested by thread 0x6715e800


---------------  P R O C E S S  ---------------

Java Threads: ( => current thread )
  0x67160400 JavaThread "pool-2-thread-4" [_thread_blocked, id=5998, stack(0x66a51000,0x66aa2000)]
  0x6715e800 JavaThread "pool-2-thread-3" [_thread_blocked, id=5997, stack(0x66aa2000,0x66af3000)]
  0x6715c800 JavaThread "pool-2-thread-2" [_thread_blocked, id=5996, stack(0x66af3000,0x66b44000)]
  0x67159c00 JavaThread "pool-3-thread-1" [_thread_blocked, id=5995, stack(0x66b44000,0x66b95000)]
  0x67157800 JavaThread "pool-2-thread-1" [_thread_blocked, id=5992, stack(0x66b95000,0x66be6000)]
  0x67aee800 JavaThread "Service Thread" daemon [_thread_blocked, id=5977, stack(0x67311000,0x67362000)]
  0x67aec800 JavaThread "C2 CompilerThread1" daemon [_thread_blocked, id=5975, stack(0x67362000,0x673e3000)]
  0x67aeb400 JavaThread "C2 CompilerThread0" daemon [_thread_blocked, id=5974, stack(0x673e3000,0x67464000)]
  0x67a98400 JavaThread "Signal Dispatcher" daemon [_thread_blocked, id=5962, stack(0x675af000,0x67600000)]
  0x67a85400 JavaThread "Finalizer" daemon [_thread_blocked, id=5958, stack(0x6a72e000,0x6a77f000)]
  0x67a83c00 JavaThread "Reference Handler" daemon [_thread_blocked, id=5957, stack(0x6a92e000,0x6a97f000)]
  0xb6308400 JavaThread "main" [_thread_blocked, id=5937, stack(0xb6423000,0xb6474000)]

Other Threads:
=>0x67a81400 VMThread [stack: 0x67b4d000,0x67bce000] [id=5956]
  0x67af0800 WatcherThread [stack: 0x67290000,0x67311000] [id=5978]

VM state:at safepoint (normal execution)

VM Mutex/Monitor currently owned by a thread:  ([mutex/lock_event])
[0xb6305e30] Threads_lock - owner thread: 0x67a81400
[0xb6306240] Heap_lock - owner thread: 0x6715e800

Heap
 PSYoungGen      total 147712K, used 21756K [0x9dc40000, 0xa86c0000, 0xb31c0000)
  eden space 125952K, 0% used [0x9dc40000,0x9dc40000,0xa5740000)
  from space 21760K, 99% used [0xa5740000,0xa6c7f1a8,0xa6c80000)
  to   space 16640K, 0% used [0xa6c80000,0xa6c80000,0xa7cc0000)
 ParOldGen       total 43008K, used 38883K [0x731c0000, 0x75bc0000, 0x9dc40000)
  object space 43008K, 90% used [0x731c0000,0x757b8e28,0x75bc0000)
 PSPermGen       total 16384K, used 4349K [0x6b1c0000, 0x6c1c0000, 0x731c0000)
  object space 16384K, 26% used [0x6b1c0000,0x6b5ff628,0x6c1c0000)

Card table byte_map: [0x6af7f000,0x6b1c0000] byte_map_base: 0x6ac26200

Polling page: 0xb77aa000

Code Cache  [0xb328b000, 0xb34cb000, 0xb628b000)
 total_blobs=568 nmethods=444 adapters=76 free_code_cache=47542Kb largest_free_block=48626176

Compilation events (10 events):
Event: 26.253 Thread 0x67aeb400 nmethod 458 0xb333a808 code [0xb333a8e0, 0xb333a930]
Event: 26.253 Thread 0x67aeb400  459             com.android.dx.cf.code.BasicBlocker::visitCommon (34 bytes)
Event: 26.260 Thread 0x67aeb400 nmethod 459 0xb3380808 code [0xb3380900, 0xb3380a70]
Event: 26.260 Thread 0x67aeb400  460             com.android.dx.cf.code.BaseMachine::getLocalTarget (151 bytes)
Event: 26.313 Thread 0x67aeb400 nmethod 460 0xb333ab48 code [0xb333ad00, 0xb333b464]
Event: 26.313 Thread 0x67aeb400  461             com.android.dx.ssa.SsaConverter::needsNewSuccessor (53 bytes)
Event: 26.355 Thread 0x67aeb400 nmethod 461 0xb3340fc8 code [0xb33410e0, 0xb33412d0]
Event: 26.355 Thread 0x67aeb400  462             com.android.dx.ssa.Dominators::getPreds (17 bytes)
Event: 26.364 Thread 0x67aeb400 nmethod 462 0xb333f688 code [0xb333f780, 0xb333f7f0]
Event: 26.365 Thread 0x67aeb400  463             com.android.dx.ssa.back.InterferenceGraph::ensureCapacity (42 bytes)

GC Heap History (10 events):
Event: 4.460 GC heap after
Heap after GC invocations=4 (full 0):
 PSYoungGen      total 35840K, used 2558K [0x9dc40000, 0xa01c0000, 0xb31c0000)
  eden space 33280K, 0% used [0x9dc40000,0x9dc40000,0x9fcc0000)
  from space 2560K, 99% used [0x9ff40000,0xa01bf920,0xa01c0000)
  to   space 2560K, 0% used [0x9fcc0000,0x9fcc0000,0x9ff40000)
 ParOldGen       total 43008K, used 7293K [0x731c0000, 0x75bc0000, 0x9dc40000)
  object space 43008K, 16% used [0x731c0000,0x738df518,0x75bc0000)
 PSPermGen       total 16384K, used 4235K [0x6b1c0000, 0x6c1c0000, 0x731c0000)
  object space 16384K, 25% used [0x6b1c0000,0x6b5e2db0,0x6c1c0000)
}
Event: 6.742 GC heap before
{Heap before GC invocations=5 (full 0):
 PSYoungGen      total 35840K, used 35838K [0x9dc40000, 0xa01c0000, 0xb31c0000)
  eden space 33280K, 100% used [0x9dc40000,0x9fcc0000,0x9fcc0000)
  from space 2560K, 99% used [0x9ff40000,0xa01bf920,0xa01c0000)
  to   space 2560K, 0% used [0x9fcc0000,0x9fcc0000,0x9ff40000)
 ParOldGen       total 43008K, used 7293K [0x731c0000, 0x75bc0000, 0x9dc40000)
  object space 43008K, 16% used [0x731c0000,0x738df518,0x75bc0000)
 PSPermGen       total 16384K, used 4256K [0x6b1c0000, 0x6c1c0000, 0x731c0000)
  object space 16384K, 25% used [0x6b1c0000,0x6b5e8228,0x6c1c0000)
Event: 6.805 GC heap after
Heap after GC invocations=5 (full 0):
 PSYoungGen      total 35840K, used 2549K [0x9dc40000, 0xa30c0000, 0xb31c0000)
  eden space 33280K, 0% used [0x9dc40000,0x9dc40000,0x9fcc0000)
  from space 2560K, 99% used [0x9fcc0000,0x9ff3d5a0,0x9ff40000)
  to   space 9984K, 0% used [0xa2700000,0xa2700000,0xa30c0000)
 ParOldGen       total 43008K, used 13419K [0x731c0000, 0x75bc0000, 0x9dc40000)
  object space 43008K, 31% used [0x731c0000,0x73edadc0,0x75bc0000)
 PSPermGen       total 16384K, used 4256K [0x6b1c0000, 0x6c1c0000, 0x731c0000)
  object space 16384K, 25% used [0x6b1c0000,0x6b5e8228,0x6c1c0000)
}
Event: 9.218 GC heap before
{Heap before GC invocations=6 (full 0):
 PSYoungGen      total 35840K, used 35829K [0x9dc40000, 0xa30c0000, 0xb31c0000)
  eden space 33280K, 100% used [0x9dc40000,0x9fcc0000,0x9fcc0000)
  from space 2560K, 99% used [0x9fcc0000,0x9ff3d5a0,0x9ff40000)
  to   space 9984K, 0% used [0xa2700000,0xa2700000,0xa30c0000)
 ParOldGen       total 43008K, used 13419K [0x731c0000, 0x75bc0000, 0x9dc40000)
  object space 43008K, 31% used [0x731c0000,0x73edadc0,0x75bc0000)
 PSPermGen       total 16384K, used 4267K [0x6b1c0000, 0x6c1c0000, 0x731c0000)
  object space 16384K, 26% used [0x6b1c0000,0x6b5eaf70,0x6c1c0000)
Event: 9.290 GC heap after
Heap after GC invocations=6 (full 0):
 PSYoungGen      total 75520K, used 8362K [0x9dc40000, 0xa32c0000, 0xb31c0000)
  eden space 65536K, 0% used [0x9dc40000,0x9dc40000,0xa1c40000)
  from space 9984K, 83% used [0xa2700000,0xa2f2aa60,0xa30c0000)
  to   space 11008K, 0% used [0xa1c40000,0xa1c40000,0xa2700000)
 ParOldGen       total 43008K, used 13419K [0x731c0000, 0x75bc0000, 0x9dc40000)
  object space 43008K, 31% used [0x731c0000,0x73edadc0,0x75bc0000)
 PSPermGen       total 16384K, used 4267K [0x6b1c0000, 0x6c1c0000, 0x731c0000)
  object space 16384K, 26% used [0x6b1c0000,0x6b5eaf70,0x6c1c0000)
}
Event: 15.948 GC heap before
{Heap before GC invocations=7 (full 0):
 PSYoungGen      total 75520K, used 73898K [0x9dc40000, 0xa32c0000, 0xb31c0000)
  eden space 65536K, 100% used [0x9dc40000,0xa1c40000,0xa1c40000)
  from space 9984K, 83% used [0xa2700000,0xa2f2aa60,0xa30c0000)
  to   space 11008K, 0% used [0xa1c40000,0xa1c40000,0xa2700000)
 ParOldGen       total 43008K, used 13419K [0x731c0000, 0x75bc0000, 0x9dc40000)
  object space 43008K, 31% used [0x731c0000,0x73edadc0,0x75bc0000)
 PSPermGen       total 16384K, used 4290K [0x6b1c0000, 0x6c1c0000, 0x731c0000)
  object space 16384K, 26% used [0x6b1c0000,0x6b5f0ac8,0x6c1c0000)
Event: 16.115 GC heap after
Heap after GC invocations=7 (full 0):
 PSYoungGen      total 76544K, used 11000K [0x9dc40000, 0xa7cc0000, 0xb31c0000)
  eden space 65536K, 0% used [0x9dc40000,0x9dc40000,0xa1c40000)
  from space 11008K, 99% used [0xa1c40000,0xa26fe250,0xa2700000)
  to   space 16640K, 0% used [0xa6c80000,0xa6c80000,0xa7cc0000)
 ParOldGen       total 43008K, used 20573K [0x731c0000, 0x75bc0000, 0x9dc40000)
  object space 43008K, 47% used [0x731c0000,0x745d7590,0x75bc0000)
 PSPermGen       total 16384K, used 4290K [0x6b1c0000, 0x6c1c0000, 0x731c0000)
  object space 16384K, 26% used [0x6b1c0000,0x6b5f0ac8,0x6c1c0000)
}
Event: 19.826 GC heap before
{Heap before GC invocations=8 (full 0):
 PSYoungGen      total 76544K, used 76536K [0x9dc40000, 0xa7cc0000, 0xb31c0000)
  eden space 65536K, 100% used [0x9dc40000,0xa1c40000,0xa1c40000)
  from space 11008K, 99% used [0xa1c40000,0xa26fe250,0xa2700000)
  to   space 16640K, 0% used [0xa6c80000,0xa6c80000,0xa7cc0000)
 ParOldGen       total 43008K, used 20573K [0x731c0000, 0x75bc0000, 0x9dc40000)
  object space 43008K, 47% used [0x731c0000,0x745d7590,0x75bc0000)
 PSPermGen       total 16384K, used 4315K [0x6b1c0000, 0x6c1c0000, 0x731c0000)
  object space 16384K, 26% used [0x6b1c0000,0x6b5f6cb0,0x6c1c0000)
Event: 20.247 GC heap after
Heap after GC invocations=8 (full 0):
 PSYoungGen      total 142592K, used 16627K [0x9dc40000, 0xa86c0000, 0xb31c0000)
  eden space 125952K, 0% used [0x9dc40000,0x9dc40000,0xa5740000)
  from space 16640K, 99% used [0xa6c80000,0xa7cbcd28,0xa7cc0000)
  to   space 21760K, 0% used [0xa5740000,0xa5740000,0xa6c80000)
 ParOldGen       total 43008K, used 25458K [0x731c0000, 0x75bc0000, 0x9dc40000)
  object space 43008K, 59% used [0x731c0000,0x74a9cb08,0x75bc0000)
 PSPermGen       total 16384K, used 4315K [0x6b1c0000, 0x6c1c0000, 0x731c0000)
  object space 16384K, 26% used [0x6b1c0000,0x6b5f6cb0,0x6c1c0000)
}
Event: 26.497 GC heap before
{Heap before GC invocations=9 (full 0):
 PSYoungGen      total 142592K, used 142579K [0x9dc40000, 0xa86c0000, 0xb31c0000)
  eden space 125952K, 100% used [0x9dc40000,0xa5740000,0xa5740000)
  from space 16640K, 99% used [0xa6c80000,0xa7cbcd28,0xa7cc0000)
  to   space 21760K, 0% used [0xa5740000,0xa5740000,0xa6c80000)
 ParOldGen       total 43008K, used 25458K [0x731c0000, 0x75bc0000, 0x9dc40000)
  object space 43008K, 59% used [0x731c0000,0x74a9cb08,0x75bc0000)
 PSPermGen       total 16384K, used 4349K [0x6b1c0000, 0x6c1c0000, 0x731c0000)
  object space 16384K, 26% used [0x6b1c0000,0x6b5ff628,0x6c1c0000)

Deoptimization events (10 events):
Event: 10.682 Thread 0xb6308400 Uncommon trap: reason=unloaded action=reinterpret pc=0xb33739ac method=com.android.dx.cf.cst.ConstantPoolParser.parse0(ILjava/util/BitSet;)Lcom/android/dx/rop/cst/Constant; @ 220
Event: 11.260 Thread 0x67157800 Uncommon trap: reason=unstable_if action=reinterpret pc=0xb335dc30 method=com.android.dx.ssa.SCCP.simulateBranch(Lcom/android/dx/ssa/SsaInsn;)V @ 548
Event: 13.203 Thread 0x6715c800 Uncommon trap: reason=null_check action=make_not_entrant pc=0xb3386110 method=com.android.dx.cf.code.Ropper$CatchInfo.getSetup(Lcom/android/dx/rop/type/Type;)Lcom/android/dx/cf/code/Ropper$ExceptionHandlerSetup; @ 10
Event: 18.508 Thread 0xb6308400 Uncommon trap: reason=unstable_if action=reinterpret pc=0xb333c180 method=com.android.dx.ssa.Dominators.run()V @ 346
Event: 19.730 Thread 0x67160400 Uncommon trap: reason=unstable_if action=reinterpret pc=0xb33ad90c method=com.android.dx.ssa.SCCP.simulateStmt(Lcom/android/dx/ssa/SsaInsn;)V @ 59
Event: 23.762 Thread 0xb6308400 Uncommon trap: reason=bimorphic action=maybe_recompile pc=0xb33f7094 method=com.android.dx.cf.code.BytecodeArray.parseInstruction(ILcom/android/dx/cf/code/BytecodeArray$Visitor;)I @ 1161
Event: 23.762 Thread 0xb6308400 Uncommon trap: reason=bimorphic action=maybe_recompile pc=0xb33f6dec method=com.android.dx.cf.code.BytecodeArray.parseInstruction(ILcom/android/dx/cf/code/BytecodeArray$Visitor;)I @ 1035
Event: 23.762 Thread 0xb6308400 Uncommon trap: reason=bimorphic action=maybe_recompile pc=0xb33f6b84 method=com.android.dx.cf.code.BytecodeArray.parseInstruction(ILcom/android/dx/cf/code/BytecodeArray$Visitor;)I @ 971
Event: 23.762 Thread 0xb6308400 Uncommon trap: reason=bimorphic action=maybe_recompile pc=0xb33f6c24 method=com.android.dx.cf.code.BytecodeArray.parseInstruction(ILcom/android/dx/cf/code/BytecodeArray$Visitor;)I @ 987
Event: 23.762 Thread 0xb6308400 Uncommon trap: reason=bimorphic action=maybe_recompile pc=0xb33f7094 method=com.android.dx.cf.code.BytecodeArray.parseInstruction(ILcom/android/dx/cf/code/BytecodeArray$Visitor;)I @ 1161

Internal exceptions (10 events):
Event: 1.425 Thread 0xb6308400 Threw 0x9e45fc58 at /build/openjdk-7-PdBaKN/openjdk-7-7u91-2.6.3/build/openjdk/hotspot/src/share/vm/prims/jvm.cpp:1322
Event: 1.656 Thread 0xb6308400 Threw 0x9e8a1330 at /build/openjdk-7-PdBaKN/openjdk-7-7u91-2.6.3/build/openjdk/hotspot/src/share/vm/prims/jvm.cpp:1322
Event: 2.213 Thread 0x67157800 Threw 0x9dd65288 at /build/openjdk-7-PdBaKN/openjdk-7-7u91-2.6.3/build/openjdk/hotspot/src/share/vm/prims/jvm.cpp:1322
Event: 2.827 Thread 0xb6308400 Implicit null exception at 0xb330e162 to 0xb330e6ed
Event: 4.107 Thread 0xb6308400 Threw 0x9e815a60 at /build/openjdk-7-PdBaKN/openjdk-7-7u91-2.6.3/build/openjdk/hotspot/src/share/vm/prims/jvm.cpp:1322
Event: 4.199 Thread 0xb6308400 Threw 0x9e96c810 at /build/openjdk-7-PdBaKN/openjdk-7-7u91-2.6.3/build/openjdk/hotspot/src/share/vm/prims/jvm.cpp:1322
Event: 5.386 Thread 0x6715c800 Implicit null exception at 0xb332b197 to 0xb332c9ed
Event: 5.796 Thread 0x67157800 Threw 0x9ef83da8 at /build/openjdk-7-PdBaKN/openjdk-7-7u91-2.6.3/build/openjdk/hotspot/src/share/vm/prims/jvm.cpp:1322
Event: 13.202 Thread 0x6715c800 Implicit null exception at 0xb3382d74 to 0xb33860dd
Event: 14.216 Thread 0xb6308400 Threw 0xa0eab458 at /build/openjdk-7-PdBaKN/openjdk-7-7u91-2.6.3/build/openjdk/hotspot/src/share/vm/prims/jvm.cpp:1322

Events (10 events):
Event: 23.762 Thread 0xb6308400 DEOPT PACKING pc=0xb33f6b84 sp=0xb6472720
Event: 23.762 Thread 0xb6308400 DEOPT UNPACKING pc=0xb32b7bc8 sp=0xb6472724 mode 2
Event: 23.762 Thread 0xb6308400 Uncommon trap: trap_request=0xffffffc6 fr.pc=0xb33f6c24
Event: 23.762 Thread 0xb6308400 DEOPT PACKING pc=0xb33f6c24 sp=0xb6472720
Event: 23.762 Thread 0xb6308400 DEOPT UNPACKING pc=0xb32b7bc8 sp=0xb6472724 mode 2
Event: 23.762 Thread 0xb6308400 Uncommon trap: trap_request=0xffffffc6 fr.pc=0xb33f7094
Event: 23.762 Thread 0xb6308400 DEOPT PACKING pc=0xb33f7094 sp=0xb6472720
Event: 23.762 Thread 0xb6308400 DEOPT UNPACKING pc=0xb32b7bc8 sp=0xb6472724 mode 2
Event: 26.355 Thread 0x67aeb400 flushing nmethod 0xb33abd88
Event: 26.427 Executing VM operation: ParallelGCFailedAllocation


Dynamic libraries:
08048000-08049000 r-xp 00000000 08:01 804961     /usr/lib/jvm/java-7-openjdk-i386/jre/bin/java
08049000-0804a000 r--p 00000000 08:01 804961     /usr/lib/jvm/java-7-openjdk-i386/jre/bin/java
0804a000-0804b000 rw-p 00001000 08:01 804961     /usr/lib/jvm/java-7-openjdk-i386/jre/bin/java
0965c000-0971f000 rw-p 00000000 00:00 0          [heap]
64d00000-64df0000 rw-p 00000000 00:00 0 
64df0000-64e00000 ---p 00000000 00:00 0 
64e00000-64f00000 rw-p 00000000 00:00 0 
64f00000-64ffd000 rw-p 00000000 00:00 0 
64ffd000-65000000 ---p 00000000 00:00 0 
65000000-650ff000 rw-p 00000000 00:00 0 
650ff000-65100000 ---p 00000000 00:00 0 
65100000-651df000 rw-p 00000000 00:00 0 
651df000-65200000 ---p 00000000 00:00 0 
65300000-653ed000 rw-p 00000000 00:00 0 
653ed000-65400000 ---p 00000000 00:00 0 
65500000-655e9000 rw-p 00000000 00:00 0 
655e9000-65600000 ---p 00000000 00:00 0 
65600000-656fe000 rw-p 00000000 00:00 0 
656fe000-65700000 ---p 00000000 00:00 0 
65700000-657f9000 rw-p 00000000 00:00 0 
657f9000-65800000 ---p 00000000 00:00 0 
65900000-65aaa000 rw-p 00000000 00:00 0 
65aaa000-65b00000 ---p 00000000 00:00 0 
65b00000-65bf4000 rw-p 00000000 00:00 0 
65bf4000-65c00000 ---p 00000000 00:00 0 
65c00000-65cf4000 rw-p 00000000 00:00 0 
65cf4000-65d00000 ---p 00000000 00:00 0 
65d00000-65de1000 rw-p 00000000 00:00 0 
65de1000-65e00000 ---p 00000000 00:00 0 
65f00000-65ffc000 rw-p 00000000 00:00 0 
65ffc000-66000000 ---p 00000000 00:00 0 
66100000-66200000 rw-p 00000000 00:00 0 
66300000-663fc000 rw-p 00000000 00:00 0 
663fc000-66400000 ---p 00000000 00:00 0 
66400000-664f3000 rw-p 00000000 00:00 0 
664f3000-66500000 ---p 00000000 00:00 0 
66500000-665f0000 rw-p 00000000 00:00 0 
665f0000-66600000 ---p 00000000 00:00 0 
66700000-667fd000 rw-p 00000000 00:00 0 
667fd000-66800000 ---p 00000000 00:00 0 
66800000-668d7000 rw-p 00000000 00:00 0 
668d7000-66900000 ---p 00000000 00:00 0 
66900000-669fe000 rw-p 00000000 00:00 0 
669fe000-66a00000 ---p 00000000 00:00 0 
66a51000-66a54000 ---p 00000000 00:00 0 
66a54000-66aa2000 rw-p 00000000 00:00 0          [stack:5998]
66aa2000-66aa5000 ---p 00000000 00:00 0 
66aa5000-66af3000 rw-p 00000000 00:00 0          [stack:5997]
66af3000-66af6000 ---p 00000000 00:00 0 
66af6000-66b44000 rw-p 00000000 00:00 0          [stack:5996]
66b44000-66b47000 ---p 00000000 00:00 0 
66b47000-66b95000 rw-p 00000000 00:00 0          [stack:5995]
66b95000-66b98000 ---p 00000000 00:00 0 
66b98000-66da7000 rw-p 00000000 00:00 0          [stack:5992]
66da7000-66e17000 r-xp 00000000 08:01 394656     /lib/i386-linux-gnu/libpcre.so.3.13.1
66e17000-66e18000 r--p 0006f000 08:01 394656     /lib/i386-linux-gnu/libpcre.so.3.13.1
66e18000-66e19000 rw-p 00070000 08:01 394656     /lib/i386-linux-gnu/libpcre.so.3.13.1
66e19000-66f3f000 r-xp 00000000 08:01 394573     /lib/i386-linux-gnu/libglib-2.0.so.0.4400.0
66f3f000-66f40000 r--p 00125000 08:01 394573     /lib/i386-linux-gnu/libglib-2.0.so.0.4400.0
66f40000-66f41000 rw-p 00126000 08:01 394573     /lib/i386-linux-gnu/libglib-2.0.so.0.4400.0
66f41000-670fa000 r-xp 00000000 08:01 137357     /usr/lib/i386-linux-gnu/libgio-2.0.so.0.4400.0
670fa000-670fd000 r--p 001b8000 08:01 137357     /usr/lib/i386-linux-gnu/libgio-2.0.so.0.4400.0
670fd000-670ff000 rw-p 001bb000 08:01 137357     /usr/lib/i386-linux-gnu/libgio-2.0.so.0.4400.0
670ff000-67100000 rw-p 00000000 00:00 0 
67100000-6717c000 rw-p 00000000 00:00 0 
6717c000-67200000 ---p 00000000 00:00 0 
6720c000-67230000 r-xp 00000000 08:01 394683     /lib/i386-linux-gnu/libselinux.so.1
67230000-67231000 r--p 00024000 08:01 394683     /lib/i386-linux-gnu/libselinux.so.1
67231000-67232000 rw-p 00025000 08:01 394683     /lib/i386-linux-gnu/libselinux.so.1
67232000-67233000 rw-p 00000000 00:00 0 
67233000-6728e000 r-xp 00000000 08:01 137385     /usr/lib/i386-linux-gnu/libgobject-2.0.so.0.4400.0
6728e000-6728f000 r--p 0005b000 08:01 137385     /usr/lib/i386-linux-gnu/libgobject-2.0.so.0.4400.0
6728f000-67290000 rw-p 0005c000 08:01 137385     /usr/lib/i386-linux-gnu/libgobject-2.0.so.0.4400.0
67290000-67291000 ---p 00000000 00:00 0 
67291000-67311000 rw-p 00000000 00:00 0          [stack:5978]
67311000-67314000 ---p 00000000 00:00 0 
67314000-67362000 rw-p 00000000 00:00 0          [stack:5977]
67362000-67365000 ---p 00000000 00:00 0 
67365000-673e3000 rw-p 00000000 00:00 0          [stack:5975]
673e3000-673e6000 ---p 00000000 00:00 0 
673e6000-67464000 rw-p 00000000 00:00 0          [stack:5974]
67464000-675ab000 r-xp 00000000 08:01 136931     /usr/lib/i386-linux-gnu/libX11.so.6.3.0
675ab000-675ac000 r--p 00146000 08:01 136931     /usr/lib/i386-linux-gnu/libX11.so.6.3.0
675ac000-675ae000 rw-p 00147000 08:01 136931     /usr/lib/i386-linux-gnu/libX11.so.6.3.0
675ae000-675af000 rw-p 00000000 00:00 0 
675af000-675b2000 ---p 00000000 00:00 0 
675b2000-67600000 rw-p 00000000 00:00 0          [stack:5962]
67600000-67800000 r--p 00000000 08:01 143362     /usr/lib/locale/locale-archive
67800000-678f6000 rw-p 00000000 00:00 0 
678f6000-67900000 ---p 00000000 00:00 0 
67900000-67921000 rw-p 00000000 00:00 0 
67921000-67a00000 ---p 00000000 00:00 0 
67a00000-67b00000 rw-p 00000000 00:00 0 
67b04000-67b18000 r-xp 00000000 08:01 394679     /lib/i386-linux-gnu/libresolv-2.21.so
67b18000-67b1a000 r--p 00013000 08:01 394679     /lib/i386-linux-gnu/libresolv-2.21.so
67b1a000-67b1b000 rw-p 00015000 08:01 394679     /lib/i386-linux-gnu/libresolv-2.21.so
67b1b000-67b1d000 rw-p 00000000 00:00 0 
67b34000-67b4b000 r-xp 00000000 08:01 805027     /usr/lib/jvm/java-7-openjdk-i386/jre/lib/i386/libnet.so
67b4b000-67b4c000 r--p 00016000 08:01 805027     /usr/lib/jvm/java-7-openjdk-i386/jre/lib/i386/libnet.so
67b4c000-67b4d000 rw-p 00017000 08:01 805027     /usr/lib/jvm/java-7-openjdk-i386/jre/lib/i386/libnet.so
67b4d000-67b4e000 ---p 00000000 00:00 0 
67b4e000-67bce000 rw-p 00000000 00:00 0          [stack:5956]
67bce000-67d80000 r--s 01d2e000 08:01 804984     /usr/lib/jvm/java-7-openjdk-i386/jre/lib/rt.jar
67d80000-6a600000 rw-p 00000000 00:00 0 
6a600000-6a700000 rw-p 00000000 00:00 0 
6a702000-6a709000 r-xp 00000000 08:01 137254     /usr/lib/i386-linux-gnu/libffi.so.6.0.4
6a709000-6a70b000 r--p 00006000 08:01 137254     /usr/lib/i386-linux-gnu/libffi.so.6.0.4
6a70b000-6a70c000 rw-p 00008000 08:01 137254     /usr/lib/i386-linux-gnu/libffi.so.6.0.4
6a70c000-6a72c000 r-xp 00000000 08:01 138125     /usr/lib/i386-linux-gnu/libxcb.so.1.1.0
6a72c000-6a72d000 r--p 0001f000 08:01 138125     /usr/lib/i386-linux-gnu/libxcb.so.1.1.0
6a72d000-6a72e000 rw-p 00020000 08:01 138125     /usr/lib/i386-linux-gnu/libxcb.so.1.1.0
6a72e000-6a731000 ---p 00000000 00:00 0 
6a731000-6a77f000 rw-p 00000000 00:00 0          [stack:5958]
6a77f000-6a780000 ---p 00000000 00:00 0 
6a780000-6a800000 rw-p 00000000 00:00 0          [stack:5946]
6a800000-6a821000 rw-p 00000000 00:00 0 
6a821000-6a900000 ---p 00000000 00:00 0 
6a907000-6a917000 r-xp 00000000 08:01 804991     /usr/lib/jvm/java-7-openjdk-i386/jre/lib/i386/libnio.so
6a917000-6a918000 r--p 00010000 08:01 804991     /usr/lib/jvm/java-7-openjdk-i386/jre/lib/i386/libnio.so
6a918000-6a919000 rw-p 00011000 08:01 804991     /usr/lib/jvm/java-7-openjdk-i386/jre/lib/i386/libnio.so
6a919000-6a92e000 r--s 000e5000 08:01 947900     /home/student/test/HealthyBit/app/build/intermediates/exploded-aar/com.android.support/support-v4/23.1.1/jars/classes.jar
6a92e000-6a931000 ---p 00000000 00:00 0 
6a931000-6a97f000 rw-p 00000000 00:00 0          [stack:5957]
6a97f000-6a980000 ---p 00000000 00:00 0 
6a980000-6aa00000 rw-p 00000000 00:00 0          [stack:5945]
6aa00000-6aa21000 rw-p 00000000 00:00 0 
6aa21000-6ab00000 ---p 00000000 00:00 0 
6ab05000-6ab08000 r-xp 00000000 08:01 137371     /usr/lib/i386-linux-gnu/libgmodule-2.0.so.0.4400.0
6ab08000-6ab09000 r--p 00002000 08:01 137371     /usr/lib/i386-linux-gnu/libgmodule-2.0.so.0.4400.0
6ab09000-6ab0a000 rw-p 00003000 08:01 137371     /usr/lib/i386-linux-gnu/libgmodule-2.0.so.0.4400.0
6ab0a000-6ab0f000 r-xp 00000000 08:01 136946     /usr/lib/i386-linux-gnu/libXdmcp.so.6.0.0
6ab0f000-6ab10000 r--p 00004000 08:01 136946     /usr/lib/i386-linux-gnu/libXdmcp.so.6.0.0
6ab10000-6ab11000 rw-p 00005000 08:01 136946     /usr/lib/i386-linux-gnu/libXdmcp.so.6.0.0
6ab11000-6ab13000 r-xp 00000000 08:01 136935     /usr/lib/i386-linux-gnu/libXau.so.6.0.0
6ab13000-6ab14000 r--p 00001000 08:01 136935     /usr/lib/i386-linux-gnu/libXau.so.6.0.0
6ab14000-6ab15000 rw-p 00002000 08:01 136935     /usr/lib/i386-linux-gnu/libXau.so.6.0.0
6ab15000-6ab24000 r--s 000df000 08:01 1062595    /home/student/Android/Sdk/build-tools/23.0.3/lib/dx.jar
6ab24000-6ab7f000 rw-p 00000000 00:00 0 
6ab7f000-6ab80000 ---p 00000000 00:00 0 
6ab80000-6ac00000 rw-p 00000000 00:00 0          [stack:5944]
6ac00000-6ac21000 rw-p 00000000 00:00 0 
6ac21000-6ad00000 ---p 00000000 00:00 0 
6ad00000-6ad02000 r-xp 00000000 08:01 141618     /usr/lib/jayatana/libjayatanaag.so
6ad02000-6ad03000 r--p 00001000 08:01 141618     /usr/lib/jayatana/libjayatanaag.so
6ad03000-6ad04000 rw-p 00002000 08:01 141618     /usr/lib/jayatana/libjayatanaag.so
6ad04000-6ad68000 rw-p 00000000 00:00 0 
6ad68000-6ad69000 ---p 00000000 00:00 0 
6ad69000-6adf1000 rw-p 00000000 00:00 0          [stack:5943]
6adf1000-6ae29000 rw-p 00000000 00:00 0 
6ae29000-6ae3e000 rw-p 00000000 00:00 0 
6ae3e000-6af7f000 rw-p 00000000 00:00 0 
6af7f000-6af87000 rw-p 00000000 00:00 0 
6af87000-6afbf000 rw-p 00000000 00:00 0 
6afbf000-6afd4000 rw-p 00000000 00:00 0 
6afd4000-6b114000 rw-p 00000000 00:00 0 
6b114000-6b16a000 rw-p 00000000 00:00 0 
6b16a000-6b1bf000 rw-p 00000000 00:00 0 
6b1bf000-6c1c0000 rw-p 00000000 00:00 0 
6c1c0000-731c0000 rw-p 00000000 00:00 0 
731c0000-75bc0000 rw-p 00000000 00:00 0 
75bc0000-9dc40000 rw-p 00000000 00:00 0 
9dc40000-a86c0000 rw-p 00000000 00:00 0 
addc0000-b31c0000 rw-p 00000000 00:00 0 
b31c0000-b31c3000 r--s 0000f000 08:01 804977     /usr/lib/jvm/java-7-openjdk-i386/jre/lib/ext/icedtea-sound.jar
b31c3000-b31c7000 r--s 00085000 08:01 804976     /usr/lib/jvm/java-7-openjdk-i386/jre/lib/ext/localedata.jar
b31c7000-b31cb000 r--s 00034000 08:01 804978     /usr/lib/jvm/java-7-openjdk-i386/jre/lib/ext/sunjce_provider.jar
b31cb000-b31d4000 rw-p 00000000 00:00 0 
b31d4000-b328b000 rw-p 00000000 00:00 0 
b328b000-b34cb000 rwxp 00000000 00:00 0 
b34cb000-b628b000 rw-p 00000000 00:00 0 
b628b000-b6297000 r-xp 00000000 08:01 394626     /lib/i386-linux-gnu/libnss_files-2.21.so
b6297000-b6298000 r--p 0000b000 08:01 394626     /lib/i386-linux-gnu/libnss_files-2.21.so
b6298000-b6299000 rw-p 0000c000 08:01 394626     /lib/i386-linux-gnu/libnss_files-2.21.so
b6299000-b62a4000 r-xp 00000000 08:01 394636     /lib/i386-linux-gnu/libnss_nis-2.21.so
b62a4000-b62a5000 r--p 0000a000 08:01 394636     /lib/i386-linux-gnu/libnss_nis-2.21.so
b62a5000-b62a6000 rw-p 0000b000 08:01 394636     /lib/i386-linux-gnu/libnss_nis-2.21.so
b62a6000-b62bd000 r-xp 00000000 08:01 394620     /lib/i386-linux-gnu/libnsl-2.21.so
b62bd000-b62be000 r--p 00016000 08:01 394620     /lib/i386-linux-gnu/libnsl-2.21.so
b62be000-b62bf000 rw-p 00017000 08:01 394620     /lib/i386-linux-gnu/libnsl-2.21.so
b62bf000-b62c1000 rw-p 00000000 00:00 0 
b62c2000-b62c6000 r--s 0003c000 08:01 804979     /usr/lib/jvm/java-7-openjdk-i386/jre/lib/ext/sunpkcs11.jar
b62c6000-b62ce000 r-xp 00000000 08:01 804995     /usr/lib/jvm/java-7-openjdk-i386/jre/lib/i386/libzip.so
b62ce000-b62cf000 r--p 00007000 08:01 804995     /usr/lib/jvm/java-7-openjdk-i386/jre/lib/i386/libzip.so
b62cf000-b62d0000 rw-p 00008000 08:01 804995     /usr/lib/jvm/java-7-openjdk-i386/jre/lib/i386/libzip.so
b62d0000-b62d8000 rw-s 00000000 08:01 429818     /tmp/hsperfdata_student/5933
b62d8000-b62fe000 r-xp 00000000 08:01 805003     /usr/lib/jvm/java-7-openjdk-i386/jre/lib/i386/libjava.so
b62fe000-b62ff000 r--p 00025000 08:01 805003     /usr/lib/jvm/java-7-openjdk-i386/jre/lib/i386/libjava.so
b62ff000-b6300000 rw-p 00026000 08:01 805003     /usr/lib/jvm/java-7-openjdk-i386/jre/lib/i386/libjava.so
b6300000-b6400000 rw-p 00000000 00:00 0 
b6401000-b6402000 r--s 00000000 08:01 414147     /usr/share/java/jayatanaag.jar
b6402000-b6404000 r--s 00012000 08:01 804975     /usr/lib/jvm/java-7-openjdk-i386/jre/lib/ext/zipfs.jar
b6404000-b640c000 r-xp 00000000 08:01 394622     /lib/i386-linux-gnu/libnss_compat-2.21.so
b640c000-b640d000 r--p 00007000 08:01 394622     /lib/i386-linux-gnu/libnss_compat-2.21.so
b640d000-b640e000 rw-p 00008000 08:01 394622     /lib/i386-linux-gnu/libnss_compat-2.21.so
b640e000-b6418000 r-xp 00000000 08:01 805017     /usr/lib/jvm/java-7-openjdk-i386/jre/lib/i386/libinstrument.so
b6418000-b6419000 r--p 00009000 08:01 805017     /usr/lib/jvm/java-7-openjdk-i386/jre/lib/i386/libinstrument.so
b6419000-b641a000 rw-p 0000a000 08:01 805017     /usr/lib/jvm/java-7-openjdk-i386/jre/lib/i386/libinstrument.so
b641a000-b6421000 r-xp 00000000 08:01 394681     /lib/i386-linux-gnu/librt-2.21.so
b6421000-b6422000 r--p 00006000 08:01 394681     /lib/i386-linux-gnu/librt-2.21.so
b6422000-b6423000 rw-p 00007000 08:01 394681     /lib/i386-linux-gnu/librt-2.21.so
b6423000-b6426000 ---p 00000000 00:00 0 
b6426000-b6474000 rw-p 00000000 00:00 0          [stack:5937]
b6474000-b6490000 r-xp 00000000 08:01 394569     /lib/i386-linux-gnu/libgcc_s.so.1
b6490000-b6491000 rw-p 0001b000 08:01 394569     /lib/i386-linux-gnu/libgcc_s.so.1
b6491000-b64dc000 r-xp 00000000 08:01 394599     /lib/i386-linux-gnu/libm-2.21.so
b64dc000-b64dd000 r--p 0004a000 08:01 394599     /lib/i386-linux-gnu/libm-2.21.so
b64dd000-b64de000 rw-p 0004b000 08:01 394599     /lib/i386-linux-gnu/libm-2.21.so
b64de000-b65c7000 r-xp 00000000 08:01 137921     /usr/lib/i386-linux-gnu/libstdc++.so.6.0.20
b65c7000-b65cb000 r--p 000e9000 08:01 137921     /usr/lib/i386-linux-gnu/libstdc++.so.6.0.20
b65cb000-b65cc000 rw-p 000ed000 08:01 137921     /usr/lib/i386-linux-gnu/libstdc++.so.6.0.20
b65cc000-b65d3000 rw-p 00000000 00:00 0 
b65d3000-b7126000 r-xp 00000000 08:01 805013     /usr/lib/jvm/java-7-openjdk-i386/jre/lib/i386/server/libjvm.so
b7126000-b717a000 r--p 00b52000 08:01 805013     /usr/lib/jvm/java-7-openjdk-i386/jre/lib/i386/server/libjvm.so
b717a000-b718e000 rw-p 00ba6000 08:01 805013     /usr/lib/jvm/java-7-openjdk-i386/jre/lib/i386/server/libjvm.so
b718e000-b75ad000 rw-p 00000000 00:00 0 
b75ad000-b75c6000 r-xp 00000000 08:01 394714     /lib/i386-linux-gnu/libz.so.1.2.8
b75c6000-b75c7000 r--p 00019000 08:01 394714     /lib/i386-linux-gnu/libz.so.1.2.8
b75c7000-b75c8000 rw-p 0001a000 08:01 394714     /lib/i386-linux-gnu/libz.so.1.2.8
b75c8000-b75e1000 r-xp 00000000 08:01 394673     /lib/i386-linux-gnu/libpthread-2.21.so
b75e1000-b75e2000 r--p 00018000 08:01 394673     /lib/i386-linux-gnu/libpthread-2.21.so
b75e2000-b75e3000 rw-p 00019000 08:01 394673     /lib/i386-linux-gnu/libpthread-2.21.so
b75e3000-b75e5000 rw-p 00000000 00:00 0 
b75e5000-b75e8000 r-xp 00000000 08:01 394557     /lib/i386-linux-gnu/libdl-2.21.so
b75e8000-b75e9000 r--p 00002000 08:01 394557     /lib/i386-linux-gnu/libdl-2.21.so
b75e9000-b75ea000 rw-p 00003000 08:01 394557     /lib/i386-linux-gnu/libdl-2.21.so
b75ea000-b779e000 r-xp 00000000 08:01 394540     /lib/i386-linux-gnu/libc-2.21.so
b779e000-b77a1000 r--p 001b3000 08:01 394540     /lib/i386-linux-gnu/libc-2.21.so
b77a1000-b77a3000 rw-p 001b6000 08:01 394540     /lib/i386-linux-gnu/libc-2.21.so
b77a3000-b77a5000 rw-p 00000000 00:00 0 
b77a5000-b77a6000 r--s 00002000 08:01 804980     /usr/lib/jvm/java-7-openjdk-i386/jre/lib/ext/dnsns.jar
b77a6000-b77a8000 r--s 00006000 08:01 399091     /usr/share/java/java-atk-wrapper.jar
b77a8000-b77a9000 r--p 005e0000 08:01 143362     /usr/lib/locale/locale-archive
b77a9000-b77aa000 rw-p 00000000 00:00 0 
b77aa000-b77ab000 ---p 00000000 00:00 0 
b77ab000-b77b9000 r-xp 00000000 08:01 805022     /usr/lib/jvm/java-7-openjdk-i386/jre/lib/i386/libverify.so
b77b9000-b77bb000 r--p 0000d000 08:01 805022     /usr/lib/jvm/java-7-openjdk-i386/jre/lib/i386/libverify.so
b77bb000-b77bc000 rw-p 0000f000 08:01 805022     /usr/lib/jvm/java-7-openjdk-i386/jre/lib/i386/libverify.so
b77bc000-b77c8000 r-xp 00000000 08:01 805024     /usr/lib/jvm/java-7-openjdk-i386/jre/lib/i386/jli/libjli.so
b77c8000-b77c9000 r--p 0000b000 08:01 805024     /usr/lib/jvm/java-7-openjdk-i386/jre/lib/i386/jli/libjli.so
b77c9000-b77ca000 rw-p 0000c000 08:01 805024     /usr/lib/jvm/java-7-openjdk-i386/jre/lib/i386/jli/libjli.so
b77ca000-b77cd000 rw-p 00000000 00:00 0 
b77cd000-b77cf000 r--p 00000000 00:00 0          [vvar]
b77cf000-b77d0000 r-xp 00000000 00:00 0          [vdso]
b77d0000-b77f2000 r-xp 00000000 08:01 394512     /lib/i386-linux-gnu/ld-2.21.so
b77f2000-b77f3000 r--p 00021000 08:01 394512     /lib/i386-linux-gnu/ld-2.21.so
b77f3000-b77f4000 rw-p 00022000 08:01 394512     /lib/i386-linux-gnu/ld-2.21.so
bf84e000-bf84f000 rwxp 00000000 00:00 0 
bf880000-bf8a2000 rw-p 00000000 00:00 0          [stack]

VM Arguments:
jvm_args: -javaagent:/usr/share/java/jayatanaag.jar -Djava.awt.headless=true -Xmx1024M -Dfile.encoding=UTF-8 -Duser.country=US -Duser.language=en -Duser.variant 
java_command: com.android.dx.command.Main --dex --num-threads=4 --multi-dex --output /home/student/test/HealthyBit/app/build/intermediates/transforms/dex/debug/folders/1000/10/com.android.support-support-v4-23.1.1_30ce719122a5f019622bd4167c7cc6cd84f7fd07 /home/student/test/HealthyBit/app/build/intermediates/exploded-aar/com.android.support/support-v4/23.1.1/jars/classes.jar
Launcher Type: SUN_STANDARD

Environment Variables:
JAVA_TOOL_OPTIONS=-javaagent:/usr/share/java/jayatanaag.jar 
PATH=/home/student/.linuxbrew/bin:/usr/local/sbin:/usr/local/bin:/usr/sbin:/usr/bin:/sbin:/bin:/usr/games:/usr/local/games:/etc/android-studio/bin/:/home/student/Android/Sdk/platform-tools:/home/student/Android/Sdk/tools
LD_LIBRARY_PATH=/etc/android-studio/bin:
SHELL=/bin/bash
DISPLAY=:0

Signal Handlers:
SIGSEGV: [libjvm.so+0x7f7d00], sa_mask[0]=0x7ffbfeff, sa_flags=0x10000004
SIGBUS: [libjvm.so+0x7f7d00], sa_mask[0]=0x7ffbfeff, sa_flags=0x10000004
SIGFPE: [libjvm.so+0x67a9d0], sa_mask[0]=0x7ffbfeff, sa_flags=0x10000004
SIGPIPE: [libjvm.so+0x67a9d0], sa_mask[0]=0x7ffbfeff, sa_flags=0x10000004
SIGXFSZ: [libjvm.so+0x67a9d0], sa_mask[0]=0x7ffbfeff, sa_flags=0x10000004
SIGILL: [libjvm.so+0x67a9d0], sa_mask[0]=0x7ffbfeff, sa_flags=0x10000004
SIGUSR1: SIG_DFL, sa_mask[0]=0x00000000, sa_flags=0x00000000
SIGUSR2: [libjvm.so+0x67a820], sa_mask[0]=0x00000004, sa_flags=0x10000004
SIGHUP: [libjvm.so+0x67aa80], sa_mask[0]=0x7ffbfeff, sa_flags=0x10000004
SIGINT: [libjvm.so+0x67aa80], sa_mask[0]=0x7ffbfeff, sa_flags=0x10000004
SIGTERM: [libjvm.so+0x67aa80], sa_mask[0]=0x7ffbfeff, sa_flags=0x10000004
SIGQUIT: [libjvm.so+0x67aa80], sa_mask[0]=0x7ffbfeff, sa_flags=0x10000004
SIGTRAP: SIG_DFL, sa_mask[0]=0x00000000, sa_flags=0x00000000


---------------  S Y S T E M  ---------------

OS:Ubuntu 15.04 (vivid)
uname:Linux 3.19.0-18-generic #18-Ubuntu SMP Tue May 19 18:30:59 UTC 2015 i686
libc:glibc 2.21 NPTL 2.21 
rlimit: STACK 8192k, CORE 0k, NPROC 32177, NOFILE 65536, AS infinity
load average:10.82 6.44 4.81

/proc/meminfo:
MemTotal:        4139540 kB
MemFree:          201804 kB
MemAvailable:     125200 kB
Buffers:             588 kB
Cached:            51552 kB
SwapCached:            0 kB
Active:          3547572 kB
Inactive:          42048 kB
Active(anon):    3539392 kB
Inactive(anon):    37620 kB
Active(file):       8180 kB
Inactive(file):     4428 kB
Unevictable:          32 kB
Mlocked:              32 kB
HighTotal:       3280776 kB
HighFree:          31512 kB
LowTotal:         858764 kB
LowFree:          170292 kB
SwapTotal:             0 kB
SwapFree:              0 kB
Dirty:                80 kB
Writeback:             0 kB
AnonPages:       3538128 kB
Mapped:            34968 kB
Shmem:             38796 kB
Slab:              49408 kB
SReclaimable:      23500 kB
SUnreclaim:        25908 kB
KernelStack:        5512 kB
PageTables:        15084 kB
NFS_Unstable:          0 kB
Bounce:                0 kB
WritebackTmp:          0 kB
CommitLimit:     2069768 kB
Committed_AS:    6337964 kB
VmallocTotal:     122880 kB
VmallocUsed:       23416 kB
VmallocChunk:      49124 kB
AnonHugePages:   2658304 kB
CmaTotal:              0 kB
CmaFree:               0 kB
HugePages_Total:       0
HugePages_Free:        0
HugePages_Rsvd:        0
HugePages_Surp:        0
Hugepagesize:       2048 kB
DirectMap4k:       61432 kB
DirectMap2M:      851968 kB


CPU:total 4 (1 cores per cpu, 1 threads per core) family 6 model 58 stepping 9, cmov, cx8, fxsr, mmx, sse, sse2, sse3, ssse3, sse4.1, sse4.2, popcnt, avx, aes, erms, tsc, tscinvbit, tscinv

/proc/cpuinfo:
processor	: 0
vendor_id	: GenuineIntel
cpu family	: 6
model		: 58
model name	: Intel(R) Core(TM) i5-3210M CPU @ 2.50GHz
stepping	: 9
microcode	: 0x15
cpu MHz		: 2494.111
cache size	: 3072 KB
physical id	: 0
siblings	: 1
core id		: 0
cpu cores	: 1
apicid		: 0
initial apicid	: 0
fdiv_bug	: no
f00f_bug	: no
coma_bug	: no
fpu		: yes
fpu_exception	: yes
cpuid level	: 13
wp		: yes
flags		: fpu vme de pse tsc msr pae mce cx8 apic sep mtrr pge mca cmov pat pse36 clflush dts mmx fxsr sse sse2 ss nx rdtscp lm constant_tsc arch_perfmon pebs bts xtopology tsc_reliable nonstop_tsc aperfmperf pni pclmulqdq ssse3 cx16 pcid sse4_1 sse4_2 x2apic popcnt tsc_deadline_timer aes xsave avx f16c rdrand hypervisor lahf_lm ida arat epb pln pts dtherm fsgsbase tsc_adjust smep
bugs		:
bogomips	: 4988.22
clflush size	: 64
cache_alignment	: 64
address sizes	: 42 bits physical, 48 bits virtual
power management:

processor	: 1
vendor_id	: GenuineIntel
cpu family	: 6
model		: 58
model name	: Intel(R) Core(TM) i5-3210M CPU @ 2.50GHz
stepping	: 9
microcode	: 0x15
cpu MHz		: 2494.111
cache size	: 3072 KB
physical id	: 2
siblings	: 1
core id		: 0
cpu cores	: 1
apicid		: 2
initial apicid	: 2
fdiv_bug	: no
f00f_bug	: no
coma_bug	: no
fpu		: yes
fpu_exception	: yes
cpuid level	: 13
wp		: yes
flags		: fpu vme de pse tsc msr pae mce cx8 apic sep mtrr pge mca cmov pat pse36 clflush dts mmx fxsr sse sse2 ss nx rdtscp lm constant_tsc arch_perfmon pebs bts xtopology tsc_reliable nonstop_tsc aperfmperf pni pclmulqdq ssse3 cx16 pcid sse4_1 sse4_2 x2apic popcnt tsc_deadline_timer aes xsave avx f16c rdrand hypervisor lahf_lm ida arat epb pln pts dtherm fsgsbase tsc_adjust smep
bugs		:
bogomips	: 4988.22
clflush size	: 64
cache_alignment	: 64
address sizes	: 42 bits physical, 48 bits virtual
power management:

processor	: 2
vendor_id	: GenuineIntel
cpu family	: 6
model		: 58
model name	: Intel(R) Core(TM) i5-3210M CPU @ 2.50GHz
stepping	: 9
microcode	: 0x15
cpu MHz		: 2494.111
cache size	: 3072 KB
physical id	: 4
siblings	: 1
core id		: 0
cpu cores	: 1
apicid		: 4
initial apicid	: 4
fdiv_bug	: no
f00f_bug	: no
coma_bug	: no
fpu		: yes
fpu_exception	: yes
cpuid level	: 13
wp		: yes
flags		: fpu vme de pse tsc msr pae mce cx8 apic sep mtrr pge mca cmov pat pse36 clflush dts mmx fxsr sse sse2 ss nx rdtscp lm constant_tsc arch_perfmon pebs bts xtopology tsc_reliable nonstop_tsc aperfmperf pni pclmulqdq ssse3 cx16 pcid sse4_1 sse4_2 x2apic popcnt tsc_deadline_timer aes xsave avx f16c rdrand hypervisor lahf_lm ida arat epb pln pts dtherm fsgsbase tsc_adjust smep
bugs		:
bogomips	: 4988.22
clflush size	: 64
cache_alignment	: 64
address sizes	: 42 bits physical, 48 bits virtual
power management:

processor	: 3
vendor_id	: GenuineIntel
cpu family	: 6
model		: 58
model name	: Intel(R) Core(TM) i5-3210M CPU @ 2.50GHz
stepping	: 9
microcode	: 0x15
cpu MHz		: 2494.111
cache size	: 3072 KB
physical id	: 6
siblings	: 1
core id		: 0
cpu cores	: 1
apicid		: 6
initial apicid	: 6
fdiv_bug	: no
f00f_bug	: no
coma_bug	: no
fpu		: yes
fpu_exception	: yes
cpuid level	: 13
wp		: yes
flags		: fpu vme de pse tsc msr pae mce cx8 apic sep mtrr pge mca cmov pat pse36 clflush dts mmx fxsr sse sse2 ss nx rdtscp lm constant_tsc arch_perfmon pebs bts xtopology tsc_reliable nonstop_tsc aperfmperf pni pclmulqdq ssse3 cx16 pcid sse4_1 sse4_2 x2apic popcnt tsc_deadline_timer aes xsave avx f16c rdrand hypervisor lahf_lm ida arat epb pln pts dtherm fsgsbase tsc_adjust smep
bugs		:
bogomips	: 4988.22
clflush size	: 64
cache_alignment	: 64
address sizes	: 42 bits physical, 48 bits virtual
power management:



Memory: 4k page, physical 4139540k(201804k free), swap 0k(0k free)

vm_info: OpenJDK Server VM (24.91-b01) for linux-x86 JRE (1.7.0_91-b02), built on Nov 19 2015 06:25:06 by "buildd" with gcc 4.9.2

time: Tue May  3 16:07:57 2016
elapsed time: 27 seconds

