#
# There is insufficient memory for the Java Runtime Environment to continue.
# Native memory allocation (malloc) failed to allocate 78118912 bytes for committing reserved memory.
# Possible reasons:
#   The system is out of physical RAM or swap space
#   In 32 bit mode, the process size limit was hit
# Possible solutions:
#   Reduce memory load on the system
#   Increase physical memory or swap space
#   Check if swap backing store is full
#   Use 64 bit Java on a 64 bit OS
#   Decrease Java heap size (-Xmx/-Xms)
#   Decrease number of Java threads
#   Decrease Java thread stack sizes (-Xss)
#   Set larger code cache with -XX:ReservedCodeCacheSize=
# This output file may be truncated or incomplete.
#
#  Out of Memory Error (os_linux.cpp:2827), pid=4764, tid=1740430144
#
# JRE version: OpenJDK Runtime Environment (7.0_91-b02) (build 1.7.0_91-b02)
# Java VM: OpenJDK Server VM (24.91-b01 mixed mode linux-x86 )
# Derivative: IcedTea 2.6.3
# Distribution: Ubuntu 15.04, package 7u91-2.6.3-0ubuntu0.15.04.1
# Failed to write core dump. Core dumps have been disabled. To enable core dumping, try "ulimit -c unlimited" before starting Java again
#

---------------  T H R E A D  ---------------

Current thread (0x67a81400):  VMThread [stack: 0x67b4d000,0x67bce000] [id=4786]

Stack: [0x67b4d000,0x67bce000]
VM_Operation (0x66a42a34): ParallelGCFailedAllocation, mode: safepoint, requested by thread 0x67054c00


---------------  P R O C E S S  ---------------

Java Threads: ( => current thread )
  0x67057400 JavaThread "pool-2-thread-4" [_thread_blocked, id=4822, stack(0x66951000,0x669a2000)]
  0x67056000 JavaThread "pool-2-thread-3" [_thread_blocked, id=4821, stack(0x669a2000,0x669f3000)]
  0x67054c00 JavaThread "pool-2-thread-2" [_thread_blocked, id=4820, stack(0x669f3000,0x66a44000)]
  0x67052000 JavaThread "pool-3-thread-1" [_thread_blocked, id=4819, stack(0x66a44000,0x66a95000)]
  0x6704fc00 JavaThread "pool-2-thread-1" [_thread_blocked, id=4818, stack(0x66a95000,0x66ae6000)]
  0x67aee800 JavaThread "Service Thread" daemon [_thread_blocked, id=4804, stack(0x67262000,0x672b3000)]
  0x67aec800 JavaThread "C2 CompilerThread1" daemon [_thread_blocked, id=4802, stack(0x672b3000,0x67334000)]
  0x67aeb400 JavaThread "C2 CompilerThread0" daemon [_thread_blocked, id=4801, stack(0x67334000,0x673b5000)]
  0x67a98400 JavaThread "Signal Dispatcher" daemon [_thread_blocked, id=4794, stack(0x6790d000,0x6795e000)]
  0x67a85400 JavaThread "Finalizer" daemon [_thread_blocked, id=4788, stack(0x6795e000,0x679af000)]
  0x67a83c00 JavaThread "Reference Handler" daemon [_thread_blocked, id=4787, stack(0x679af000,0x67a00000)]
  0xb6208400 JavaThread "main" [_thread_blocked, id=4774, stack(0xb635e000,0xb63af000)]

Other Threads:
=>0x67a81400 VMThread [stack: 0x67b4d000,0x67bce000] [id=4786]
  0x67af0800 WatcherThread [stack: 0x671e1000,0x67262000] [id=4805]

VM state:at safepoint (normal execution)

VM Mutex/Monitor currently owned by a thread:  ([mutex/lock_event])
[0xb6205e30] Threads_lock - owner thread: 0x67a81400
[0xb6206240] Heap_lock - owner thread: 0x67054c00

Heap
 PSYoungGen      total 76032K, used 10738K [0x9db80000, 0xa3180000, 0xb3100000)
  eden space 65280K, 0% used [0x9db80000,0x9db80000,0xa1b40000)
  from space 10752K, 99% used [0xa1b40000,0xa25bcb60,0xa25c0000)
  to   space 9472K, 0% used [0xa25c0000,0xa25c0000,0xa2f00000)
 ParOldGen       total 43008K, used 21210K [0x73100000, 0x75b00000, 0x9db80000)
  object space 43008K, 49% used [0x73100000,0x745b6ac0,0x75b00000)
 PSPermGen       total 16384K, used 4295K [0x6b100000, 0x6c100000, 0x73100000)
  object space 16384K, 26% used [0x6b100000,0x6b531c50,0x6c100000)

Card table byte_map: [0x6aebf000,0x6b100000] byte_map_base: 0x6ab66800

Polling page: 0xb76e5000

Code Cache  [0xb31ca000, 0xb340a000, 0xb61ca000)
 total_blobs=432 nmethods=309 adapters=76 free_code_cache=47930Kb largest_free_block=49051968

Compilation events (10 events):
Event: 22.701 Thread 0x67aec800 nmethod 308 0xb32e7988 code [0xb32e7c00, 0xb32e8d40]
Event: 22.701 Thread 0x67aec800  313             com.android.dx.rop.cst.CstBaseMethodRef::compareTo0 (29 bytes)
Event: 22.803 Thread 0x67aec800 nmethod 313 0xb326f288 code [0xb326f400, 0xb326fb10]
Event: 22.804 Thread 0x67aec800  314             com.android.dx.ssa.NormalSsaInsn::<init> (15 bytes)
Event: 22.806 Thread 0x67aec800 nmethod 314 0xb32709c8 code [0xb3270ac0, 0xb3270b50]
Event: 22.806 Thread 0x67aec800  315             com.android.dx.cf.code.Ropper::addExceptionSetupBlocks (203 bytes)
Event: 22.948 Thread 0x67aec800 nmethod 315 0xb32e3e48 code [0xb32e4060, 0xb32e4940]
Event: 22.948 Thread 0x67aec800  316             com.android.dx.rop.code.RegisterSpecSet::localItemToSpec (49 bytes)
Event: 22.989 Thread 0x67aec800 nmethod 316 0xb32e3608 code [0xb32e3720, 0xb32e3ab0]
Event: 22.989 Thread 0x67aec800  317             com.android.dx.dex.code.RopTranslator::pickOrder (400 bytes)

GC Heap History (10 events):
Event: 3.159 GC heap after
Heap after GC invocations=2 (full 0):
 PSYoungGen      total 19200K, used 2548K [0x9db80000, 0xa0100000, 0xb3100000)
  eden space 16640K, 0% used [0x9db80000,0x9db80000,0x9ebc0000)
  from space 2560K, 99% used [0x9ee40000,0x9f0bd180,0x9f0c0000)
  to   space 2560K, 0% used [0x9ebc0000,0x9ebc0000,0x9ee40000)
 ParOldGen       total 43008K, used 2027K [0x73100000, 0x75b00000, 0x9db80000)
  object space 43008K, 4% used [0x73100000,0x732fae38,0x75b00000)
 PSPermGen       total 16384K, used 4120K [0x6b100000, 0x6c100000, 0x73100000)
  object space 16384K, 25% used [0x6b100000,0x6b506180,0x6c100000)
}
Event: 5.207 GC heap before
{Heap before GC invocations=3 (full 0):
 PSYoungGen      total 19200K, used 19188K [0x9db80000, 0xa0100000, 0xb3100000)
  eden space 16640K, 100% used [0x9db80000,0x9ebc0000,0x9ebc0000)
  from space 2560K, 99% used [0x9ee40000,0x9f0bd180,0x9f0c0000)
  to   space 2560K, 0% used [0x9ebc0000,0x9ebc0000,0x9ee40000)
 ParOldGen       total 43008K, used 2027K [0x73100000, 0x75b00000, 0x9db80000)
  object space 43008K, 4% used [0x73100000,0x732fae38,0x75b00000)
 PSPermGen       total 16384K, used 4202K [0x6b100000, 0x6c100000, 0x73100000)
  object space 16384K, 25% used [0x6b100000,0x6b51a9c8,0x6c100000)
Event: 5.307 GC heap after
Heap after GC invocations=3 (full 0):
 PSYoungGen      total 19200K, used 2550K [0x9db80000, 0xa0100000, 0xb3100000)
  eden space 16640K, 0% used [0x9db80000,0x9db80000,0x9ebc0000)
  from space 2560K, 99% used [0x9ebc0000,0x9ee3d900,0x9ee40000)
  to   space 2560K, 0% used [0x9fe80000,0x9fe80000,0xa0100000)
 ParOldGen       total 43008K, used 4812K [0x73100000, 0x75b00000, 0x9db80000)
  object space 43008K, 11% used [0x73100000,0x735b3118,0x75b00000)
 PSPermGen       total 16384K, used 4202K [0x6b100000, 0x6c100000, 0x73100000)
  object space 16384K, 25% used [0x6b100000,0x6b51a9c8,0x6c100000)
}
Event: 7.007 GC heap before
{Heap before GC invocations=4 (full 0):
 PSYoungGen      total 19200K, used 19190K [0x9db80000, 0xa0100000, 0xb3100000)
  eden space 16640K, 100% used [0x9db80000,0x9ebc0000,0x9ebc0000)
  from space 2560K, 99% used [0x9ebc0000,0x9ee3d900,0x9ee40000)
  to   space 2560K, 0% used [0x9fe80000,0x9fe80000,0xa0100000)
 ParOldGen       total 43008K, used 4812K [0x73100000, 0x75b00000, 0x9db80000)
  object space 43008K, 11% used [0x73100000,0x735b3118,0x75b00000)
 PSPermGen       total 16384K, used 4227K [0x6b100000, 0x6c100000, 0x73100000)
  object space 16384K, 25% used [0x6b100000,0x6b520f28,0x6c100000)
Event: 7.036 GC heap after
Heap after GC invocations=4 (full 0):
 PSYoungGen      total 35840K, used 2551K [0x9db80000, 0xa0100000, 0xb3100000)
  eden space 33280K, 0% used [0x9db80000,0x9db80000,0x9fc00000)
  from space 2560K, 99% used [0x9fe80000,0xa00fdd10,0xa0100000)
  to   space 2560K, 0% used [0x9fc00000,0x9fc00000,0x9fe80000)
 ParOldGen       total 43008K, used 7851K [0x73100000, 0x75b00000, 0x9db80000)
  object space 43008K, 18% used [0x73100000,0x738aaff8,0x75b00000)
 PSPermGen       total 16384K, used 4227K [0x6b100000, 0x6c100000, 0x73100000)
  object space 16384K, 25% used [0x6b100000,0x6b520f28,0x6c100000)
}
Event: 13.391 GC heap before
{Heap before GC invocations=5 (full 0):
 PSYoungGen      total 35840K, used 35831K [0x9db80000, 0xa0100000, 0xb3100000)
  eden space 33280K, 100% used [0x9db80000,0x9fc00000,0x9fc00000)
  from space 2560K, 99% used [0x9fe80000,0xa00fdd10,0xa0100000)
  to   space 2560K, 0% used [0x9fc00000,0x9fc00000,0x9fe80000)
 ParOldGen       total 43008K, used 7851K [0x73100000, 0x75b00000, 0x9db80000)
  object space 43008K, 18% used [0x73100000,0x738aaff8,0x75b00000)
 PSPermGen       total 16384K, used 4252K [0x6b100000, 0x6c100000, 0x73100000)
  object space 16384K, 25% used [0x6b100000,0x6b527060,0x6c100000)
Event: 13.535 GC heap after
Heap after GC invocations=5 (full 0):
 PSYoungGen      total 35840K, used 2559K [0x9db80000, 0xa2f00000, 0xb3100000)
  eden space 33280K, 0% used [0x9db80000,0x9db80000,0x9fc00000)
  from space 2560K, 99% used [0x9fc00000,0x9fe7fd10,0x9fe80000)
  to   space 9472K, 0% used [0xa25c0000,0xa25c0000,0xa2f00000)
 ParOldGen       total 43008K, used 12990K [0x73100000, 0x75b00000, 0x9db80000)
  object space 43008K, 30% used [0x73100000,0x73daf9e8,0x75b00000)
 PSPermGen       total 16384K, used 4252K [0x6b100000, 0x6c100000, 0x73100000)
  object space 16384K, 25% used [0x6b100000,0x6b527060,0x6c100000)
}
Event: 17.079 GC heap before
{Heap before GC invocations=6 (full 0):
 PSYoungGen      total 35840K, used 35839K [0x9db80000, 0xa2f00000, 0xb3100000)
  eden space 33280K, 100% used [0x9db80000,0x9fc00000,0x9fc00000)
  from space 2560K, 99% used [0x9fc00000,0x9fe7fd10,0x9fe80000)
  to   space 9472K, 0% used [0xa25c0000,0xa25c0000,0xa2f00000)
 ParOldGen       total 43008K, used 12990K [0x73100000, 0x75b00000, 0x9db80000)
  object space 43008K, 30% used [0x73100000,0x73daf9e8,0x75b00000)
 PSPermGen       total 16384K, used 4267K [0x6b100000, 0x6c100000, 0x73100000)
  object space 16384K, 26% used [0x6b100000,0x6b52ad08,0x6c100000)
Event: 17.159 GC heap after
Heap after GC invocations=6 (full 0):
 PSYoungGen      total 74752K, used 8410K [0x9db80000, 0xa3180000, 0xb3100000)
  eden space 65280K, 0% used [0x9db80000,0x9db80000,0xa1b40000)
  from space 9472K, 88% used [0xa25c0000,0xa2df6888,0xa2f00000)
  to   space 10752K, 0% used [0xa1b40000,0xa1b40000,0xa25c0000)
 ParOldGen       total 43008K, used 12990K [0x73100000, 0x75b00000, 0x9db80000)
  object space 43008K, 30% used [0x73100000,0x73daf9e8,0x75b00000)
 PSPermGen       total 16384K, used 4267K [0x6b100000, 0x6c100000, 0x73100000)
  object space 16384K, 26% used [0x6b100000,0x6b52ad08,0x6c100000)
}
Event: 23.396 GC heap before
{Heap before GC invocations=7 (full 0):
 PSYoungGen      total 74752K, used 73690K [0x9db80000, 0xa3180000, 0xb3100000)
  eden space 65280K, 100% used [0x9db80000,0xa1b40000,0xa1b40000)
  from space 9472K, 88% used [0xa25c0000,0xa2df6888,0xa2f00000)
  to   space 10752K, 0% used [0xa1b40000,0xa1b40000,0xa25c0000)
 ParOldGen       total 43008K, used 12990K [0x73100000, 0x75b00000, 0x9db80000)
  object space 43008K, 30% used [0x73100000,0x73daf9e8,0x75b00000)
 PSPermGen       total 16384K, used 4295K [0x6b100000, 0x6c100000, 0x73100000)
  object space 16384K, 26% used [0x6b100000,0x6b531c50,0x6c100000)

Deoptimization events (10 events):
Event: 12.601 Thread 0xb6208400 Uncommon trap: reason=null_check action=make_not_entrant pc=0xb324dc38 method=com.android.dx.rop.type.Type.putIntern(Lcom/android/dx/rop/type/Type;)Lcom/android/dx/rop/type/Type; @ 18
Event: 12.696 Thread 0x6704fc00 Uncommon trap: reason=unstable_if action=reinterpret pc=0xb322dae4 method=com.android.dx.rop.code.RegisterSpecSet.put(Lcom/android/dx/rop/code/RegisterSpec;)V @ 77
Event: 12.707 Thread 0x6704fc00 Uncommon trap: reason=unstable_if action=reinterpret pc=0xb3299938 method=com.android.dx.rop.code.RegisterSpecSet.put(Lcom/android/dx/rop/code/RegisterSpec;)V @ 77
Event: 12.868 Thread 0x67054c00 Uncommon trap: reason=class_check action=maybe_recompile pc=0xb3251620 method=java.util.HashMap.put(Ljava/lang/Object;Ljava/lang/Object;)Ljava/lang/Object; @ 83
Event: 12.868 Thread 0x67054c00 Uncommon trap: reason=class_check action=maybe_recompile pc=0xb3251620 method=java.util.HashMap.put(Ljava/lang/Object;Ljava/lang/Object;)Ljava/lang/Object; @ 83
Event: 13.183 Thread 0x6704fc00 Uncommon trap: reason=unstable_if action=reinterpret pc=0xb327c8e0 method=com.android.dx.ssa.SCCP.simulateBranch(Lcom/android/dx/ssa/SsaInsn;)V @ 64
Event: 13.185 Thread 0x6704fc00 Uncommon trap: reason=unstable_if action=reinterpret pc=0xb322b3bc method=com.android.dx.ssa.SsaMethod.updateOneDefinition(Lcom/android/dx/ssa/SsaInsn;Lcom/android/dx/rop/code/RegisterSpec;)V @ 4
Event: 17.167 Thread 0x67057400 Uncommon trap: reason=null_check action=make_not_entrant pc=0xb32c39ac method=com.android.dx.cf.code.Ropper$CatchInfo.getSetup(Lcom/android/dx/rop/type/Type;)Lcom/android/dx/cf/code/Ropper$ExceptionHandlerSetup; @ 10
Event: 22.645 Thread 0x67057400 Uncommon trap: reason=class_check action=maybe_recompile pc=0xb32ef6b4 method=com.android.dx.ssa.SCCP.replaceConstants()V @ 127
Event: 22.902 Thread 0x6704fc00 Uncommon trap: reason=unstable_if action=reinterpret pc=0xb326c6d4 method=java.util.BitSet.ensureCapacity(I)V @ 6

Internal exceptions (10 events):
Event: 2.389 Thread 0xb6208400 Threw 0x9e613dc0 at /build/openjdk-7-PdBaKN/openjdk-7-7u91-2.6.3/build/openjdk/hotspot/src/share/vm/prims/jvm.cpp:1322
Event: 2.768 Thread 0x67056000 Threw 0x9e898510 at /build/openjdk-7-PdBaKN/openjdk-7-7u91-2.6.3/build/openjdk/hotspot/src/share/vm/prims/jvm.cpp:1322
Event: 3.248 Thread 0x67057400 Threw 0x9dc53850 at /build/openjdk-7-PdBaKN/openjdk-7-7u91-2.6.3/build/openjdk/hotspot/src/share/vm/prims/jvm.cpp:1322
Event: 7.531 Thread 0x67056000 Implicit null exception at 0xb326b407 to 0xb326c7e1
Event: 12.601 Thread 0xb6208400 Implicit null exception at 0xb324d6a2 to 0xb324dc2d
Event: 12.696 Thread 0x67057400 Threw 0x9f3b7338 at /build/openjdk-7-PdBaKN/openjdk-7-7u91-2.6.3/build/openjdk/hotspot/src/share/vm/prims/jvm.cpp:1322
Event: 12.764 Thread 0xb6208400 Threw 0x9f512500 at /build/openjdk-7-PdBaKN/openjdk-7-7u91-2.6.3/build/openjdk/hotspot/src/share/vm/prims/jvm.cpp:1322
Event: 13.184 Thread 0x6704fc00 Threw 0x9f912790 at /build/openjdk-7-PdBaKN/openjdk-7-7u91-2.6.3/build/openjdk/hotspot/src/share/vm/prims/jvm.cpp:1322
Event: 17.167 Thread 0x67057400 Implicit null exception at 0xb32c0940 to 0xb32c3981
Event: 22.205 Thread 0xb6208400 Threw 0xa08a9800 at /build/openjdk-7-PdBaKN/openjdk-7-7u91-2.6.3/build/openjdk/hotspot/src/share/vm/prims/jvm.cpp:1322

Events (10 events):
Event: 22.205 loading class 0x67af56d0
Event: 22.205 loading class 0x67af56d0 done
Event: 22.378 Thread 0x67aec800 flushing nmethod 0xb32499c8
Event: 22.644 Thread 0x67057400 Uncommon trap: trap_request=0xffffffde fr.pc=0xb32ef6b4
Event: 22.645 Thread 0x67057400 DEOPT PACKING pc=0xb32ef6b4 sp=0x669a0c00
Event: 22.645 Thread 0x67057400 DEOPT UNPACKING pc=0xb31f6bc8 sp=0x669a0bcc mode 2
Event: 22.902 Thread 0x6704fc00 Uncommon trap: trap_request=0xffffff75 fr.pc=0xb326c6d4
Event: 22.902 Thread 0x6704fc00 DEOPT PACKING pc=0xb326c6d4 sp=0x66ae4be0
Event: 22.902 Thread 0x6704fc00 DEOPT UNPACKING pc=0xb31f6bc8 sp=0x66ae4b34 mode 2
Event: 23.381 Executing VM operation: ParallelGCFailedAllocation


Dynamic libraries:
08048000-08049000 r-xp 00000000 08:01 804961     /usr/lib/jvm/java-7-openjdk-i386/jre/bin/java
08049000-0804a000 r--p 00000000 08:01 804961     /usr/lib/jvm/java-7-openjdk-i386/jre/bin/java
0804a000-0804b000 rw-p 00001000 08:01 804961     /usr/lib/jvm/java-7-openjdk-i386/jre/bin/java
09bbe000-09c5b000 rw-p 00000000 00:00 0          [heap]
65100000-651f9000 rw-p 00000000 00:00 0 
651f9000-65200000 ---p 00000000 00:00 0 
65400000-654f3000 rw-p 00000000 00:00 0 
654f3000-65500000 ---p 00000000 00:00 0 
65600000-656ff000 rw-p 00000000 00:00 0 
656ff000-65700000 ---p 00000000 00:00 0 
65800000-658ff000 rw-p 00000000 00:00 0 
658ff000-65900000 ---p 00000000 00:00 0 
65900000-65a00000 rw-p 00000000 00:00 0 
65a00000-65b00000 rw-p 00000000 00:00 0 
65b00000-65bf9000 rw-p 00000000 00:00 0 
65bf9000-65c00000 ---p 00000000 00:00 0 
65c00000-65cfb000 rw-p 00000000 00:00 0 
65cfb000-65d00000 ---p 00000000 00:00 0 
65d00000-65def000 rw-p 00000000 00:00 0 
65def000-65e00000 ---p 00000000 00:00 0 
65e00000-65efa000 rw-p 00000000 00:00 0 
65efa000-65f00000 ---p 00000000 00:00 0 
66000000-660fd000 rw-p 00000000 00:00 0 
660fd000-66100000 ---p 00000000 00:00 0 
66100000-661ff000 rw-p 00000000 00:00 0 
661ff000-66200000 ---p 00000000 00:00 0 
66200000-662f5000 rw-p 00000000 00:00 0 
662f5000-66300000 ---p 00000000 00:00 0 
66300000-663f9000 rw-p 00000000 00:00 0 
663f9000-66400000 ---p 00000000 00:00 0 
66400000-664fe000 rw-p 00000000 00:00 0 
664fe000-66500000 ---p 00000000 00:00 0 
66500000-665fe000 rw-p 00000000 00:00 0 
665fe000-66600000 ---p 00000000 00:00 0 
66600000-66700000 rw-p 00000000 00:00 0 
66700000-667fa000 rw-p 00000000 00:00 0 
667fa000-66800000 ---p 00000000 00:00 0 
66800000-668fd000 rw-p 00000000 00:00 0 
668fd000-66900000 ---p 00000000 00:00 0 
66951000-66954000 ---p 00000000 00:00 0 
66954000-669a2000 rw-p 00000000 00:00 0          [stack:4822]
669a2000-669a5000 ---p 00000000 00:00 0 
669a5000-669f3000 rw-p 00000000 00:00 0          [stack:4821]
669f3000-669f6000 ---p 00000000 00:00 0 
669f6000-66a44000 rw-p 00000000 00:00 0          [stack:4820]
66a44000-66a47000 ---p 00000000 00:00 0 
66a47000-66a95000 rw-p 00000000 00:00 0          [stack:4819]
66a95000-66a98000 ---p 00000000 00:00 0 
66a98000-66ca7000 rw-p 00000000 00:00 0          [stack:4818]
66ca7000-66d17000 r-xp 00000000 08:01 394656     /lib/i386-linux-gnu/libpcre.so.3.13.1
66d17000-66d18000 r--p 0006f000 08:01 394656     /lib/i386-linux-gnu/libpcre.so.3.13.1
66d18000-66d19000 rw-p 00070000 08:01 394656     /lib/i386-linux-gnu/libpcre.so.3.13.1
66d19000-66e3f000 r-xp 00000000 08:01 394573     /lib/i386-linux-gnu/libglib-2.0.so.0.4400.0
66e3f000-66e40000 r--p 00125000 08:01 394573     /lib/i386-linux-gnu/libglib-2.0.so.0.4400.0
66e40000-66e41000 rw-p 00126000 08:01 394573     /lib/i386-linux-gnu/libglib-2.0.so.0.4400.0
66e41000-66ffa000 r-xp 00000000 08:01 137357     /usr/lib/i386-linux-gnu/libgio-2.0.so.0.4400.0
66ffa000-66ffd000 r--p 001b8000 08:01 137357     /usr/lib/i386-linux-gnu/libgio-2.0.so.0.4400.0
66ffd000-66fff000 rw-p 001bb000 08:01 137357     /usr/lib/i386-linux-gnu/libgio-2.0.so.0.4400.0
66fff000-67000000 rw-p 00000000 00:00 0 
67000000-67074000 rw-p 00000000 00:00 0 
67074000-67100000 ---p 00000000 00:00 0 
6712d000-67141000 r-xp 00000000 08:01 394679     /lib/i386-linux-gnu/libresolv-2.21.so
67141000-67143000 r--p 00013000 08:01 394679     /lib/i386-linux-gnu/libresolv-2.21.so
67143000-67144000 rw-p 00015000 08:01 394679     /lib/i386-linux-gnu/libresolv-2.21.so
67144000-67146000 rw-p 00000000 00:00 0 
67146000-6716a000 r-xp 00000000 08:01 394683     /lib/i386-linux-gnu/libselinux.so.1
6716a000-6716b000 r--p 00024000 08:01 394683     /lib/i386-linux-gnu/libselinux.so.1
6716b000-6716c000 rw-p 00025000 08:01 394683     /lib/i386-linux-gnu/libselinux.so.1
6716c000-6716d000 rw-p 00000000 00:00 0 
6716d000-671c8000 r-xp 00000000 08:01 137385     /usr/lib/i386-linux-gnu/libgobject-2.0.so.0.4400.0
671c8000-671c9000 r--p 0005b000 08:01 137385     /usr/lib/i386-linux-gnu/libgobject-2.0.so.0.4400.0
671c9000-671ca000 rw-p 0005c000 08:01 137385     /usr/lib/i386-linux-gnu/libgobject-2.0.so.0.4400.0
671e1000-671e2000 ---p 00000000 00:00 0 
671e2000-67262000 rw-p 00000000 00:00 0          [stack:4805]
67262000-67265000 ---p 00000000 00:00 0 
67265000-672b3000 rw-p 00000000 00:00 0          [stack:4804]
672b3000-672b6000 ---p 00000000 00:00 0 
672b6000-67334000 rw-p 00000000 00:00 0          [stack:4802]
67334000-67337000 ---p 00000000 00:00 0 
67337000-673b5000 rw-p 00000000 00:00 0          [stack:4801]
673b5000-674fc000 r-xp 00000000 08:01 136931     /usr/lib/i386-linux-gnu/libX11.so.6.3.0
674fc000-674fd000 r--p 00146000 08:01 136931     /usr/lib/i386-linux-gnu/libX11.so.6.3.0
674fd000-674ff000 rw-p 00147000 08:01 136931     /usr/lib/i386-linux-gnu/libX11.so.6.3.0
674ff000-67500000 rw-p 00000000 00:00 0 
67500000-67700000 r--p 00000000 08:01 143362     /usr/lib/locale/locale-archive
67700000-67721000 rw-p 00000000 00:00 0 
67721000-67800000 ---p 00000000 00:00 0 
67800000-678ef000 rw-p 00000000 00:00 0 
678ef000-67900000 ---p 00000000 00:00 0 
6790d000-67910000 ---p 00000000 00:00 0 
67910000-6795e000 rw-p 00000000 00:00 0          [stack:4794]
6795e000-67961000 ---p 00000000 00:00 0 
67961000-679af000 rw-p 00000000 00:00 0          [stack:4788]
679af000-679b2000 ---p 00000000 00:00 0 
679b2000-67a00000 rw-p 00000000 00:00 0          [stack:4787]
67a00000-67b00000 rw-p 00000000 00:00 0 
67b12000-67b29000 r-xp 00000000 08:01 805027     /usr/lib/jvm/java-7-openjdk-i386/jre/lib/i386/libnet.so
67b29000-67b2a000 r--p 00016000 08:01 805027     /usr/lib/jvm/java-7-openjdk-i386/jre/lib/i386/libnet.so
67b2a000-67b2b000 rw-p 00017000 08:01 805027     /usr/lib/jvm/java-7-openjdk-i386/jre/lib/i386/libnet.so
67b2b000-67b4b000 r-xp 00000000 08:01 138125     /usr/lib/i386-linux-gnu/libxcb.so.1.1.0
67b4b000-67b4c000 r--p 0001f000 08:01 138125     /usr/lib/i386-linux-gnu/libxcb.so.1.1.0
67b4c000-67b4d000 rw-p 00020000 08:01 138125     /usr/lib/i386-linux-gnu/libxcb.so.1.1.0
67b4d000-67b4e000 ---p 00000000 00:00 0 
67b4e000-67bce000 rw-p 00000000 00:00 0          [stack:4786]
67bce000-67d80000 r--s 01d2e000 08:01 804984     /usr/lib/jvm/java-7-openjdk-i386/jre/lib/rt.jar
67d80000-6a600000 rw-p 00000000 00:00 0 
6a600000-6a6fc000 rw-p 00000000 00:00 0 
6a6fc000-6a700000 ---p 00000000 00:00 0 
6a705000-6a70c000 r-xp 00000000 08:01 137254     /usr/lib/i386-linux-gnu/libffi.so.6.0.4
6a70c000-6a70e000 r--p 00006000 08:01 137254     /usr/lib/i386-linux-gnu/libffi.so.6.0.4
6a70e000-6a70f000 rw-p 00008000 08:01 137254     /usr/lib/i386-linux-gnu/libffi.so.6.0.4
6a70f000-6a71f000 r-xp 00000000 08:01 804991     /usr/lib/jvm/java-7-openjdk-i386/jre/lib/i386/libnio.so
6a71f000-6a720000 r--p 00010000 08:01 804991     /usr/lib/jvm/java-7-openjdk-i386/jre/lib/i386/libnio.so
6a720000-6a721000 rw-p 00011000 08:01 804991     /usr/lib/jvm/java-7-openjdk-i386/jre/lib/i386/libnio.so
6a721000-6a736000 r--s 000e5000 08:01 947900     /home/student/test/HealthyBit/app/build/intermediates/exploded-aar/com.android.support/support-v4/23.1.1/jars/classes.jar
6a736000-6a77f000 rw-p 00000000 00:00 0 
6a77f000-6a780000 ---p 00000000 00:00 0 
6a780000-6a800000 rw-p 00000000 00:00 0          [stack:4780]
6a800000-6a821000 rw-p 00000000 00:00 0 
6a821000-6a900000 ---p 00000000 00:00 0 
6a900000-6a921000 rw-p 00000000 00:00 0 
6a921000-6aa00000 ---p 00000000 00:00 0 
6aa09000-6aa0c000 r-xp 00000000 08:01 137371     /usr/lib/i386-linux-gnu/libgmodule-2.0.so.0.4400.0
6aa0c000-6aa0d000 r--p 00002000 08:01 137371     /usr/lib/i386-linux-gnu/libgmodule-2.0.so.0.4400.0
6aa0d000-6aa0e000 rw-p 00003000 08:01 137371     /usr/lib/i386-linux-gnu/libgmodule-2.0.so.0.4400.0
6aa0e000-6aa13000 r-xp 00000000 08:01 136946     /usr/lib/i386-linux-gnu/libXdmcp.so.6.0.0
6aa13000-6aa14000 r--p 00004000 08:01 136946     /usr/lib/i386-linux-gnu/libXdmcp.so.6.0.0
6aa14000-6aa15000 rw-p 00005000 08:01 136946     /usr/lib/i386-linux-gnu/libXdmcp.so.6.0.0
6aa15000-6aa24000 r--s 000df000 08:01 1062595    /home/student/Android/Sdk/build-tools/23.0.3/lib/dx.jar
6aa24000-6aa7f000 rw-p 00000000 00:00 0 
6aa7f000-6aa80000 ---p 00000000 00:00 0 
6aa80000-6ab00000 rw-p 00000000 00:00 0          [stack:4779]
6ab00000-6ab39000 rw-p 00000000 00:00 0 
6ab39000-6ac00000 ---p 00000000 00:00 0 
6ac00000-6ac02000 r-xp 00000000 08:01 136935     /usr/lib/i386-linux-gnu/libXau.so.6.0.0
6ac02000-6ac03000 r--p 00001000 08:01 136935     /usr/lib/i386-linux-gnu/libXau.so.6.0.0
6ac03000-6ac04000 rw-p 00002000 08:01 136935     /usr/lib/i386-linux-gnu/libXau.so.6.0.0
6ac04000-6ac06000 r-xp 00000000 08:01 141618     /usr/lib/jayatana/libjayatanaag.so
6ac06000-6ac07000 r--p 00001000 08:01 141618     /usr/lib/jayatana/libjayatanaag.so
6ac07000-6ac08000 rw-p 00002000 08:01 141618     /usr/lib/jayatana/libjayatanaag.so
6ac08000-6ac0c000 r--s 00085000 08:01 804976     /usr/lib/jvm/java-7-openjdk-i386/jre/lib/ext/localedata.jar
6ac0c000-6ac27000 rw-p 00000000 00:00 0 
6ac27000-6ac28000 ---p 00000000 00:00 0 
6ac28000-6aca8000 rw-p 00000000 00:00 0          [stack:4778]
6aca8000-6aca9000 ---p 00000000 00:00 0 
6aca9000-6ad31000 rw-p 00000000 00:00 0          [stack:4777]
6ad31000-6ad69000 rw-p 00000000 00:00 0 
6ad69000-6ad7e000 rw-p 00000000 00:00 0 
6ad7e000-6aebf000 rw-p 00000000 00:00 0 
6aebf000-6aec7000 rw-p 00000000 00:00 0 
6aec7000-6aeff000 rw-p 00000000 00:00 0 
6aeff000-6af14000 rw-p 00000000 00:00 0 
6af14000-6b054000 rw-p 00000000 00:00 0 
6b054000-6b080000 rw-p 00000000 00:00 0 
6b080000-6b0ff000 rw-p 00000000 00:00 0 
6b0ff000-6c100000 rw-p 00000000 00:00 0 
6c100000-73100000 rw-p 00000000 00:00 0 
73100000-75b00000 rw-p 00000000 00:00 0 
75b00000-9db80000 rw-p 00000000 00:00 0 
9db80000-a3180000 rw-p 00000000 00:00 0 
a7c00000-b3100000 rw-p 00000000 00:00 0 
b3101000-b3102000 r--s 00000000 08:01 414147     /usr/share/java/jayatanaag.jar
b3102000-b3106000 r--s 00034000 08:01 804978     /usr/lib/jvm/java-7-openjdk-i386/jre/lib/ext/sunjce_provider.jar
b3106000-b310a000 r--s 0003c000 08:01 804979     /usr/lib/jvm/java-7-openjdk-i386/jre/lib/ext/sunpkcs11.jar
b310a000-b3113000 rw-p 00000000 00:00 0 
b3113000-b31ca000 rw-p 00000000 00:00 0 
b31ca000-b340a000 rwxp 00000000 00:00 0 
b340a000-b61ca000 rw-p 00000000 00:00 0 
b61ca000-b61d6000 r-xp 00000000 08:01 394626     /lib/i386-linux-gnu/libnss_files-2.21.so
b61d6000-b61d7000 r--p 0000b000 08:01 394626     /lib/i386-linux-gnu/libnss_files-2.21.so
b61d7000-b61d8000 rw-p 0000c000 08:01 394626     /lib/i386-linux-gnu/libnss_files-2.21.so
b61d8000-b61e3000 r-xp 00000000 08:01 394636     /lib/i386-linux-gnu/libnss_nis-2.21.so
b61e3000-b61e4000 r--p 0000a000 08:01 394636     /lib/i386-linux-gnu/libnss_nis-2.21.so
b61e4000-b61e5000 rw-p 0000b000 08:01 394636     /lib/i386-linux-gnu/libnss_nis-2.21.so
b61e5000-b61fc000 r-xp 00000000 08:01 394620     /lib/i386-linux-gnu/libnsl-2.21.so
b61fc000-b61fd000 r--p 00016000 08:01 394620     /lib/i386-linux-gnu/libnsl-2.21.so
b61fd000-b61fe000 rw-p 00017000 08:01 394620     /lib/i386-linux-gnu/libnsl-2.21.so
b61fe000-b6200000 rw-p 00000000 00:00 0 
b6200000-b6300000 rw-p 00000000 00:00 0 
b6300000-b6308000 r-xp 00000000 08:01 394622     /lib/i386-linux-gnu/libnss_compat-2.21.so
b6308000-b6309000 r--p 00007000 08:01 394622     /lib/i386-linux-gnu/libnss_compat-2.21.so
b6309000-b630a000 rw-p 00008000 08:01 394622     /lib/i386-linux-gnu/libnss_compat-2.21.so
b630a000-b630d000 r--s 0000f000 08:01 804977     /usr/lib/jvm/java-7-openjdk-i386/jre/lib/ext/icedtea-sound.jar
b630d000-b630f000 r--s 00012000 08:01 804975     /usr/lib/jvm/java-7-openjdk-i386/jre/lib/ext/zipfs.jar
b630f000-b6317000 r-xp 00000000 08:01 804995     /usr/lib/jvm/java-7-openjdk-i386/jre/lib/i386/libzip.so
b6317000-b6318000 r--p 00007000 08:01 804995     /usr/lib/jvm/java-7-openjdk-i386/jre/lib/i386/libzip.so
b6318000-b6319000 rw-p 00008000 08:01 804995     /usr/lib/jvm/java-7-openjdk-i386/jre/lib/i386/libzip.so
b6319000-b6321000 rw-s 00000000 08:01 429753     /tmp/hsperfdata_student/4764
b6321000-b632b000 r-xp 00000000 08:01 805017     /usr/lib/jvm/java-7-openjdk-i386/jre/lib/i386/libinstrument.so
b632b000-b632c000 r--p 00009000 08:01 805017     /usr/lib/jvm/java-7-openjdk-i386/jre/lib/i386/libinstrument.so
b632c000-b632d000 rw-p 0000a000 08:01 805017     /usr/lib/jvm/java-7-openjdk-i386/jre/lib/i386/libinstrument.so
b632d000-b6353000 r-xp 00000000 08:01 805003     /usr/lib/jvm/java-7-openjdk-i386/jre/lib/i386/libjava.so
b6353000-b6354000 r--p 00025000 08:01 805003     /usr/lib/jvm/java-7-openjdk-i386/jre/lib/i386/libjava.so
b6354000-b6355000 rw-p 00026000 08:01 805003     /usr/lib/jvm/java-7-openjdk-i386/jre/lib/i386/libjava.so
b6355000-b635c000 r-xp 00000000 08:01 394681     /lib/i386-linux-gnu/librt-2.21.so
b635c000-b635d000 r--p 00006000 08:01 394681     /lib/i386-linux-gnu/librt-2.21.so
b635d000-b635e000 rw-p 00007000 08:01 394681     /lib/i386-linux-gnu/librt-2.21.so
b635e000-b6361000 ---p 00000000 00:00 0 
b6361000-b63af000 rw-p 00000000 00:00 0          [stack:4774]
b63af000-b63cb000 r-xp 00000000 08:01 394569     /lib/i386-linux-gnu/libgcc_s.so.1
b63cb000-b63cc000 rw-p 0001b000 08:01 394569     /lib/i386-linux-gnu/libgcc_s.so.1
b63cc000-b6417000 r-xp 00000000 08:01 394599     /lib/i386-linux-gnu/libm-2.21.so
b6417000-b6418000 r--p 0004a000 08:01 394599     /lib/i386-linux-gnu/libm-2.21.so
b6418000-b6419000 rw-p 0004b000 08:01 394599     /lib/i386-linux-gnu/libm-2.21.so
b6419000-b6502000 r-xp 00000000 08:01 137921     /usr/lib/i386-linux-gnu/libstdc++.so.6.0.20
b6502000-b6506000 r--p 000e9000 08:01 137921     /usr/lib/i386-linux-gnu/libstdc++.so.6.0.20
b6506000-b6507000 rw-p 000ed000 08:01 137921     /usr/lib/i386-linux-gnu/libstdc++.so.6.0.20
b6507000-b650e000 rw-p 00000000 00:00 0 
b650e000-b7061000 r-xp 00000000 08:01 805013     /usr/lib/jvm/java-7-openjdk-i386/jre/lib/i386/server/libjvm.so
b7061000-b70b5000 r--p 00b52000 08:01 805013     /usr/lib/jvm/java-7-openjdk-i386/jre/lib/i386/server/libjvm.so
b70b5000-b70c9000 rw-p 00ba6000 08:01 805013     /usr/lib/jvm/java-7-openjdk-i386/jre/lib/i386/server/libjvm.so
b70c9000-b74e8000 rw-p 00000000 00:00 0 
b74e8000-b7501000 r-xp 00000000 08:01 394714     /lib/i386-linux-gnu/libz.so.1.2.8
b7501000-b7502000 r--p 00019000 08:01 394714     /lib/i386-linux-gnu/libz.so.1.2.8
b7502000-b7503000 rw-p 0001a000 08:01 394714     /lib/i386-linux-gnu/libz.so.1.2.8
b7503000-b751c000 r-xp 00000000 08:01 394673     /lib/i386-linux-gnu/libpthread-2.21.so
b751c000-b751d000 r--p 00018000 08:01 394673     /lib/i386-linux-gnu/libpthread-2.21.so
b751d000-b751e000 rw-p 00019000 08:01 394673     /lib/i386-linux-gnu/libpthread-2.21.so
b751e000-b7520000 rw-p 00000000 00:00 0 
b7520000-b7523000 r-xp 00000000 08:01 394557     /lib/i386-linux-gnu/libdl-2.21.so
b7523000-b7524000 r--p 00002000 08:01 394557     /lib/i386-linux-gnu/libdl-2.21.so
b7524000-b7525000 rw-p 00003000 08:01 394557     /lib/i386-linux-gnu/libdl-2.21.so
b7525000-b76d9000 r-xp 00000000 08:01 394540     /lib/i386-linux-gnu/libc-2.21.so
b76d9000-b76dc000 r--p 001b3000 08:01 394540     /lib/i386-linux-gnu/libc-2.21.so
b76dc000-b76de000 rw-p 001b6000 08:01 394540     /lib/i386-linux-gnu/libc-2.21.so
b76de000-b76e0000 rw-p 00000000 00:00 0 
b76e0000-b76e1000 r--s 00002000 08:01 804980     /usr/lib/jvm/java-7-openjdk-i386/jre/lib/ext/dnsns.jar
b76e1000-b76e3000 r--s 00006000 08:01 399091     /usr/share/java/java-atk-wrapper.jar
b76e3000-b76e4000 r--p 005e0000 08:01 143362     /usr/lib/locale/locale-archive
b76e4000-b76e5000 rw-p 00000000 00:00 0 
b76e5000-b76e6000 ---p 00000000 00:00 0 
b76e6000-b76f4000 r-xp 00000000 08:01 805022     /usr/lib/jvm/java-7-openjdk-i386/jre/lib/i386/libverify.so
b76f4000-b76f6000 r--p 0000d000 08:01 805022     /usr/lib/jvm/java-7-openjdk-i386/jre/lib/i386/libverify.so
b76f6000-b76f7000 rw-p 0000f000 08:01 805022     /usr/lib/jvm/java-7-openjdk-i386/jre/lib/i386/libverify.so
b76f7000-b7703000 r-xp 00000000 08:01 805024     /usr/lib/jvm/java-7-openjdk-i386/jre/lib/i386/jli/libjli.so
b7703000-b7704000 r--p 0000b000 08:01 805024     /usr/lib/jvm/java-7-openjdk-i386/jre/lib/i386/jli/libjli.so
b7704000-b7705000 rw-p 0000c000 08:01 805024     /usr/lib/jvm/java-7-openjdk-i386/jre/lib/i386/jli/libjli.so
b7705000-b7708000 rw-p 00000000 00:00 0 
b7708000-b770a000 r--p 00000000 00:00 0          [vvar]
b770a000-b770b000 r-xp 00000000 00:00 0          [vdso]
b770b000-b772d000 r-xp 00000000 08:01 394512     /lib/i386-linux-gnu/ld-2.21.so
b772d000-b772e000 r--p 00021000 08:01 394512     /lib/i386-linux-gnu/ld-2.21.so
b772e000-b772f000 rw-p 00022000 08:01 394512     /lib/i386-linux-gnu/ld-2.21.so
bfab6000-bfab7000 rwxp 00000000 00:00 0 
bfae8000-bfb0a000 rw-p 00000000 00:00 0          [stack]

VM Arguments:
jvm_args: -javaagent:/usr/share/java/jayatanaag.jar -Djava.awt.headless=true -Xmx1024M -Dfile.encoding=UTF-8 -Duser.country=US -Duser.language=en -Duser.variant 
java_command: com.android.dx.command.Main --dex --num-threads=4 --multi-dex --output /home/student/test/HealthyBit/app/build/intermediates/transforms/dex/debug/folders/1000/10/com.android.support-support-v4-23.1.1_30ce719122a5f019622bd4167c7cc6cd84f7fd07 /home/student/test/HealthyBit/app/build/intermediates/exploded-aar/com.android.support/support-v4/23.1.1/jars/classes.jar
Launcher Type: SUN_STANDARD

Environment Variables:
JAVA_TOOL_OPTIONS=-javaagent:/usr/share/java/jayatanaag.jar 
PATH=/home/student/.linuxbrew/bin:/usr/local/sbin:/usr/local/bin:/usr/sbin:/usr/bin:/sbin:/bin:/usr/games:/usr/local/games:/etc/android-studio/bin/:/home/student/Android/Sdk/platform-tools:/home/student/Android/Sdk/tools
LD_LIBRARY_PATH=/etc/android-studio/bin:
SHELL=/bin/bash
DISPLAY=:0

Signal Handlers:
SIGSEGV: [libjvm.so+0x7f7d00], sa_mask[0]=0x7ffbfeff, sa_flags=0x10000004
SIGBUS: [libjvm.so+0x7f7d00], sa_mask[0]=0x7ffbfeff, sa_flags=0x10000004
SIGFPE: [libjvm.so+0x67a9d0], sa_mask[0]=0x7ffbfeff, sa_flags=0x10000004
SIGPIPE: [libjvm.so+0x67a9d0], sa_mask[0]=0x7ffbfeff, sa_flags=0x10000004
SIGXFSZ: [libjvm.so+0x67a9d0], sa_mask[0]=0x7ffbfeff, sa_flags=0x10000004
SIGILL: [libjvm.so+0x67a9d0], sa_mask[0]=0x7ffbfeff, sa_flags=0x10000004
SIGUSR1: SIG_DFL, sa_mask[0]=0x00000000, sa_flags=0x00000000
SIGUSR2: [libjvm.so+0x67a820], sa_mask[0]=0x00000004, sa_flags=0x10000004
SIGHUP: [libjvm.so+0x67aa80], sa_mask[0]=0x7ffbfeff, sa_flags=0x10000004
SIGINT: [libjvm.so+0x67aa80], sa_mask[0]=0x7ffbfeff, sa_flags=0x10000004
SIGTERM: [libjvm.so+0x67aa80], sa_mask[0]=0x7ffbfeff, sa_flags=0x10000004
SIGQUIT: [libjvm.so+0x67aa80], sa_mask[0]=0x7ffbfeff, sa_flags=0x10000004
SIGTRAP: SIG_DFL, sa_mask[0]=0x00000000, sa_flags=0x00000000


---------------  S Y S T E M  ---------------

OS:Ubuntu 15.04 (vivid)
uname:Linux 3.19.0-18-generic #18-Ubuntu SMP Tue May 19 18:30:59 UTC 2015 i686
libc:glibc 2.21 NPTL 2.21 
rlimit: STACK 8192k, CORE 0k, NPROC 32177, NOFILE 65536, AS infinity
load average:7.79 5.66 3.80

/proc/meminfo:
MemTotal:        4139540 kB
MemFree:          214752 kB
MemAvailable:     179100 kB
Buffers:           41304 kB
Cached:            91664 kB
SwapCached:            0 kB
Active:          3504220 kB
Inactive:          75036 kB
Active(anon):    3447604 kB
Inactive(anon):    37620 kB
Active(file):      56616 kB
Inactive(file):    37416 kB
Unevictable:          32 kB
Mlocked:              32 kB
HighTotal:       3280776 kB
HighFree:          50956 kB
LowTotal:         858764 kB
LowFree:          163796 kB
SwapTotal:             0 kB
SwapFree:              0 kB
Dirty:               176 kB
Writeback:             0 kB
AnonPages:       3446724 kB
Mapped:            73192 kB
Shmem:             38796 kB
Slab:              49708 kB
SReclaimable:      23980 kB
SUnreclaim:        25728 kB
KernelStack:        5384 kB
PageTables:        14916 kB
NFS_Unstable:          0 kB
Bounce:                0 kB
WritebackTmp:          0 kB
CommitLimit:     2069768 kB
Committed_AS:    6274796 kB
VmallocTotal:     122880 kB
VmallocUsed:       23416 kB
VmallocChunk:      49124 kB
AnonHugePages:   2656256 kB
CmaTotal:              0 kB
CmaFree:               0 kB
HugePages_Total:       0
HugePages_Free:        0
HugePages_Rsvd:        0
HugePages_Surp:        0
Hugepagesize:       2048 kB
DirectMap4k:       61432 kB
DirectMap2M:      851968 kB


CPU:total 4 (1 cores per cpu, 1 threads per core) family 6 model 58 stepping 9, cmov, cx8, fxsr, mmx, sse, sse2, sse3, ssse3, sse4.1, sse4.2, popcnt, avx, aes, erms, tsc, tscinvbit, tscinv

/proc/cpuinfo:
processor	: 0
vendor_id	: GenuineIntel
cpu family	: 6
model		: 58
model name	: Intel(R) Core(TM) i5-3210M CPU @ 2.50GHz
stepping	: 9
microcode	: 0x15
cpu MHz		: 2494.111
cache size	: 3072 KB
physical id	: 0
siblings	: 1
core id		: 0
cpu cores	: 1
apicid		: 0
initial apicid	: 0
fdiv_bug	: no
f00f_bug	: no
coma_bug	: no
fpu		: yes
fpu_exception	: yes
cpuid level	: 13
wp		: yes
flags		: fpu vme de pse tsc msr pae mce cx8 apic sep mtrr pge mca cmov pat pse36 clflush dts mmx fxsr sse sse2 ss nx rdtscp lm constant_tsc arch_perfmon pebs bts xtopology tsc_reliable nonstop_tsc aperfmperf pni pclmulqdq ssse3 cx16 pcid sse4_1 sse4_2 x2apic popcnt tsc_deadline_timer aes xsave avx f16c rdrand hypervisor lahf_lm ida arat epb pln pts dtherm fsgsbase tsc_adjust smep
bugs		:
bogomips	: 4988.22
clflush size	: 64
cache_alignment	: 64
address sizes	: 42 bits physical, 48 bits virtual
power management:

processor	: 1
vendor_id	: GenuineIntel
cpu family	: 6
model		: 58
model name	: Intel(R) Core(TM) i5-3210M CPU @ 2.50GHz
stepping	: 9
microcode	: 0x15
cpu MHz		: 2494.111
cache size	: 3072 KB
physical id	: 2
siblings	: 1
core id		: 0
cpu cores	: 1
apicid		: 2
initial apicid	: 2
fdiv_bug	: no
f00f_bug	: no
coma_bug	: no
fpu		: yes
fpu_exception	: yes
cpuid level	: 13
wp		: yes
flags		: fpu vme de pse tsc msr pae mce cx8 apic sep mtrr pge mca cmov pat pse36 clflush dts mmx fxsr sse sse2 ss nx rdtscp lm constant_tsc arch_perfmon pebs bts xtopology tsc_reliable nonstop_tsc aperfmperf pni pclmulqdq ssse3 cx16 pcid sse4_1 sse4_2 x2apic popcnt tsc_deadline_timer aes xsave avx f16c rdrand hypervisor lahf_lm ida arat epb pln pts dtherm fsgsbase tsc_adjust smep
bugs		:
bogomips	: 4988.22
clflush size	: 64
cache_alignment	: 64
address sizes	: 42 bits physical, 48 bits virtual
power management:

processor	: 2
vendor_id	: GenuineIntel
cpu family	: 6
model		: 58
model name	: Intel(R) Core(TM) i5-3210M CPU @ 2.50GHz
stepping	: 9
microcode	: 0x15
cpu MHz		: 2494.111
cache size	: 3072 KB
physical id	: 4
siblings	: 1
core id		: 0
cpu cores	: 1
apicid		: 4
initial apicid	: 4
fdiv_bug	: no
f00f_bug	: no
coma_bug	: no
fpu		: yes
fpu_exception	: yes
cpuid level	: 13
wp		: yes
flags		: fpu vme de pse tsc msr pae mce cx8 apic sep mtrr pge mca cmov pat pse36 clflush dts mmx fxsr sse sse2 ss nx rdtscp lm constant_tsc arch_perfmon pebs bts xtopology tsc_reliable nonstop_tsc aperfmperf pni pclmulqdq ssse3 cx16 pcid sse4_1 sse4_2 x2apic popcnt tsc_deadline_timer aes xsave avx f16c rdrand hypervisor lahf_lm ida arat epb pln pts dtherm fsgsbase tsc_adjust smep
bugs		:
bogomips	: 4988.22
clflush size	: 64
cache_alignment	: 64
address sizes	: 42 bits physical, 48 bits virtual
power management:

processor	: 3
vendor_id	: GenuineIntel
cpu family	: 6
model		: 58
model name	: Intel(R) Core(TM) i5-3210M CPU @ 2.50GHz
stepping	: 9
microcode	: 0x15
cpu MHz		: 2494.111
cache size	: 3072 KB
physical id	: 6
siblings	: 1
core id		: 0
cpu cores	: 1
apicid		: 6
initial apicid	: 6
fdiv_bug	: no
f00f_bug	: no
coma_bug	: no
fpu		: yes
fpu_exception	: yes
cpuid level	: 13
wp		: yes
flags		: fpu vme de pse tsc msr pae mce cx8 apic sep mtrr pge mca cmov pat pse36 clflush dts mmx fxsr sse sse2 ss nx rdtscp lm constant_tsc arch_perfmon pebs bts xtopology tsc_reliable nonstop_tsc aperfmperf pni pclmulqdq ssse3 cx16 pcid sse4_1 sse4_2 x2apic popcnt tsc_deadline_timer aes xsave avx f16c rdrand hypervisor lahf_lm ida arat epb pln pts dtherm fsgsbase tsc_adjust smep
bugs		:
bogomips	: 4988.22
clflush size	: 64
cache_alignment	: 64
address sizes	: 42 bits physical, 48 bits virtual
power management:



Memory: 4k page, physical 4139540k(214752k free), swap 0k(0k free)

vm_info: OpenJDK Server VM (24.91-b01) for linux-x86 JRE (1.7.0_91-b02), built on Nov 19 2015 06:25:06 by "buildd" with gcc 4.9.2

time: Tue May  3 15:58:34 2016
elapsed time: 23 seconds

