#
# There is insufficient memory for the Java Runtime Environment to continue.
# Native memory allocation (malloc) failed to allocate 154140672 bytes for committing reserved memory.
# Possible reasons:
#   The system is out of physical RAM or swap space
#   In 32 bit mode, the process size limit was hit
# Possible solutions:
#   Reduce memory load on the system
#   Increase physical memory or swap space
#   Check if swap backing store is full
#   Use 64 bit Java on a 64 bit OS
#   Decrease Java heap size (-Xmx/-Xms)
#   Decrease number of Java threads
#   Decrease Java thread stack sizes (-Xss)
#   Set larger code cache with -XX:ReservedCodeCacheSize=
# This output file may be truncated or incomplete.
#
#  Out of Memory Error (os_linux.cpp:2827), pid=2262, tid=1739381568
#
# JRE version: OpenJDK Runtime Environment (7.0_91-b02) (build 1.7.0_91-b02)
# Java VM: OpenJDK Server VM (24.91-b01 mixed mode linux-x86 )
# Derivative: IcedTea 2.6.3
# Distribution: Ubuntu 15.04, package 7u91-2.6.3-0ubuntu0.15.04.1
# Failed to write core dump. Core dumps have been disabled. To enable core dumping, try "ulimit -c unlimited" before starting Java again
#

---------------  T H R E A D  ---------------

Current thread (0x67981400):  VMThread [stack: 0x67a4d000,0x67ace000] [id=2272]

Stack: [0x67a4d000,0x67ace000]
VM_Operation (0x66a42a14): ParallelGCFailedAllocation, mode: safepoint, requested by thread 0x67043c00


---------------  P R O C E S S  ---------------

Java Threads: ( => current thread )
  0x67046400 JavaThread "pool-1-thread-4" [_thread_blocked, id=2333, stack(0x66951000,0x669a2000)]
  0x67045400 JavaThread "pool-1-thread-3" [_thread_blocked, id=2332, stack(0x669a2000,0x669f3000)]
  0x67043c00 JavaThread "pool-1-thread-2" [_thread_blocked, id=2331, stack(0x669f3000,0x66a44000)]
  0x67041000 JavaThread "pool-2-thread-1" [_thread_blocked, id=2330, stack(0x66a44000,0x66a95000)]
  0x6703ec00 JavaThread "pool-1-thread-1" [_thread_blocked, id=2329, stack(0x66a95000,0x66ae6000)]
  0x679ed800 JavaThread "Service Thread" daemon [_thread_blocked, id=2293, stack(0x67211000,0x67262000)]
  0x679eb800 JavaThread "C2 CompilerThread1" daemon [_thread_blocked, id=2292, stack(0x67262000,0x672e3000)]
  0x679ea400 JavaThread "C2 CompilerThread0" daemon [_thread_blocked, id=2290, stack(0x672e3000,0x67364000)]
  0x67997400 JavaThread "Signal Dispatcher" daemon [_thread_blocked, id=2284, stack(0x674af000,0x67500000)]
  0x67985400 JavaThread "Finalizer" daemon [_thread_blocked, id=2274, stack(0x6a62e000,0x6a67f000)]
  0x67983c00 JavaThread "Reference Handler" daemon [_thread_blocked, id=2273, stack(0x6a82e000,0x6a87f000)]
  0xb6208400 JavaThread "main" [_thread_blocked, id=2267, stack(0xb6339000,0xb638a000)]

Other Threads:
=>0x67981400 VMThread [stack: 0x67a4d000,0x67ace000] [id=2272]
  0x679ef800 WatcherThread [stack: 0x67190000,0x67211000] [id=2296]

VM state:at safepoint (normal execution)

VM Mutex/Monitor currently owned by a thread:  ([mutex/lock_event])
[0xb6205e00] Threads_lock - owner thread: 0x67981400
[0xb6206210] Heap_lock - owner thread: 0x67043c00

Heap
 PSYoungGen      total 149248K, used 18427K [0x9db40000, 0xa8140000, 0xb30c0000)
  eden space 130816K, 0% used [0x9db40000,0x9db40000,0xa5b00000)
  from space 18432K, 99% used [0xa5b00000,0xa6cfec50,0xa6d00000)
  to   space 16128K, 0% used [0xa6d00000,0xa6d00000,0xa7cc0000)
 ParOldGen       total 43008K, used 39208K [0x730c0000, 0x75ac0000, 0x9db40000)
  object space 43008K, 91% used [0x730c0000,0x7570a140,0x75ac0000)
 PSPermGen       total 16384K, used 4349K [0x6b0c0000, 0x6c0c0000, 0x730c0000)
  object space 16384K, 26% used [0x6b0c0000,0x6b4ff760,0x6c0c0000)

Card table byte_map: [0x6ae7f000,0x6b0c0000] byte_map_base: 0x6ab26a00

Polling page: 0xb76c0000

Code Cache  [0xb319d000, 0xb33dd000, 0xb619d000)
 total_blobs=550 nmethods=427 adapters=76 free_code_cache=47568Kb largest_free_block=48582464

Compilation events (10 events):
Event: 25.035 Thread 0x679ea400 nmethod 432 0xb3307ac8 code [0xb3307be0, 0xb3307f50]
Event: 25.035 Thread 0x679ea400  436             com.android.dx.ssa.SsaMethod::returnSpareRegisters (6 bytes)
Event: 25.036 Thread 0x679ea400 nmethod 436 0xb3330948 code [0xb3330a20, 0xb3330a70]
Event: 25.037 Thread 0x679ea400  437   !         com.android.dx.rop.code.RegisterSpecSet::get (18 bytes)
Event: 25.037 Thread 0x679ea400 nmethod 437 0xb3308508 code [0xb3308600, 0xb3308670]
Event: 25.037 Thread 0x679ea400  438   !         com.android.dx.ssa.LocalVariableInfo::setStarts (40 bytes)
Event: 25.038 Thread 0x679ea400 nmethod 438 0xb3304b08 code [0xb3304c00, 0xb3304cd0]
Event: 25.038 Thread 0x679ea400  439             com.android.dx.ssa.SsaConverter::edgeSplitPredecessors (44 bytes)
Event: 25.074 Thread 0x679eb800 nmethod 435 0xb33048c8 code [0xb33049c0, 0xb3304a50]
Event: 25.074 Thread 0x679eb800  440             com.android.dx.ssa.SsaConverter::edgeSplitMoveExceptionsAndResults (157 bytes)

GC Heap History (10 events):
Event: 2.111 GC heap after
Heap after GC invocations=2 (full 0):
 PSYoungGen      total 35840K, used 2547K [0x9db40000, 0xa00c0000, 0xb30c0000)
  eden space 33280K, 0% used [0x9db40000,0x9db40000,0x9fbc0000)
  from space 2560K, 99% used [0x9fe40000,0xa00bcca0,0xa00c0000)
  to   space 2560K, 0% used [0x9fbc0000,0x9fbc0000,0x9fe40000)
 ParOldGen       total 43008K, used 1863K [0x730c0000, 0x75ac0000, 0x9db40000)
  object space 43008K, 4% used [0x730c0000,0x73291d80,0x75ac0000)
 PSPermGen       total 16384K, used 4120K [0x6b0c0000, 0x6c0c0000, 0x730c0000)
  object space 16384K, 25% used [0x6b0c0000,0x6b4c63d8,0x6c0c0000)
}
Event: 5.236 GC heap before
{Heap before GC invocations=3 (full 0):
 PSYoungGen      total 35840K, used 35827K [0x9db40000, 0xa00c0000, 0xb30c0000)
  eden space 33280K, 100% used [0x9db40000,0x9fbc0000,0x9fbc0000)
  from space 2560K, 99% used [0x9fe40000,0xa00bcca0,0xa00c0000)
  to   space 2560K, 0% used [0x9fbc0000,0x9fbc0000,0x9fe40000)
 ParOldGen       total 43008K, used 1863K [0x730c0000, 0x75ac0000, 0x9db40000)
  object space 43008K, 4% used [0x730c0000,0x73291d80,0x75ac0000)
 PSPermGen       total 16384K, used 4232K [0x6b0c0000, 0x6c0c0000, 0x730c0000)
  object space 16384K, 25% used [0x6b0c0000,0x6b4e22a8,0x6c0c0000)
Event: 5.339 GC heap after
Heap after GC invocations=3 (full 0):
 PSYoungGen      total 35840K, used 2555K [0x9db40000, 0xa2140000, 0xb30c0000)
  eden space 33280K, 0% used [0x9db40000,0x9db40000,0x9fbc0000)
  from space 2560K, 99% used [0x9fbc0000,0x9fe3ef00,0x9fe40000)
  to   space 2560K, 0% used [0xa1ec0000,0xa1ec0000,0xa2140000)
 ParOldGen       total 43008K, used 7487K [0x730c0000, 0x75ac0000, 0x9db40000)
  object space 43008K, 17% used [0x730c0000,0x7380fc50,0x75ac0000)
 PSPermGen       total 16384K, used 4232K [0x6b0c0000, 0x6c0c0000, 0x730c0000)
  object space 16384K, 25% used [0x6b0c0000,0x6b4e22a8,0x6c0c0000)
}
Event: 8.372 GC heap before
{Heap before GC invocations=4 (full 0):
 PSYoungGen      total 35840K, used 35835K [0x9db40000, 0xa2140000, 0xb30c0000)
  eden space 33280K, 100% used [0x9db40000,0x9fbc0000,0x9fbc0000)
  from space 2560K, 99% used [0x9fbc0000,0x9fe3ef00,0x9fe40000)
  to   space 2560K, 0% used [0xa1ec0000,0xa1ec0000,0xa2140000)
 ParOldGen       total 43008K, used 7487K [0x730c0000, 0x75ac0000, 0x9db40000)
  object space 43008K, 17% used [0x730c0000,0x7380fc50,0x75ac0000)
 PSPermGen       total 16384K, used 4257K [0x6b0c0000, 0x6c0c0000, 0x730c0000)
  object space 16384K, 25% used [0x6b0c0000,0x6b4e8648,0x6c0c0000)
Event: 8.517 GC heap after
Heap after GC invocations=4 (full 0):
 PSYoungGen      total 69120K, used 2549K [0x9db40000, 0xa2140000, 0xb30c0000)
  eden space 66560K, 0% used [0x9db40000,0x9db40000,0xa1c40000)
  from space 2560K, 99% used [0xa1ec0000,0xa213d558,0xa2140000)
  to   space 2560K, 0% used [0xa1c40000,0xa1c40000,0xa1ec0000)
 ParOldGen       total 43008K, used 14071K [0x730c0000, 0x75ac0000, 0x9db40000)
  object space 43008K, 32% used [0x730c0000,0x73e7dc20,0x75ac0000)
 PSPermGen       total 16384K, used 4257K [0x6b0c0000, 0x6c0c0000, 0x730c0000)
  object space 16384K, 25% used [0x6b0c0000,0x6b4e8648,0x6c0c0000)
}
Event: 14.555 GC heap before
{Heap before GC invocations=5 (full 0):
 PSYoungGen      total 69120K, used 69109K [0x9db40000, 0xa2140000, 0xb30c0000)
  eden space 66560K, 100% used [0x9db40000,0xa1c40000,0xa1c40000)
  from space 2560K, 99% used [0xa1ec0000,0xa213d558,0xa2140000)
  to   space 2560K, 0% used [0xa1c40000,0xa1c40000,0xa1ec0000)
 ParOldGen       total 43008K, used 14071K [0x730c0000, 0x75ac0000, 0x9db40000)
  object space 43008K, 32% used [0x730c0000,0x73e7dc20,0x75ac0000)
 PSPermGen       total 16384K, used 4285K [0x6b0c0000, 0x6c0c0000, 0x730c0000)
  object space 16384K, 26% used [0x6b0c0000,0x6b4ef460,0x6c0c0000)
Event: 14.737 GC heap after
Heap after GC invocations=5 (full 0):
 PSYoungGen      total 69120K, used 2545K [0x9db40000, 0xa7cc0000, 0xb30c0000)
  eden space 66560K, 0% used [0x9db40000,0x9db40000,0xa1c40000)
  from space 2560K, 99% used [0xa1c40000,0xa1ebc4a0,0xa1ec0000)
  to   space 16128K, 0% used [0xa6d00000,0xa6d00000,0xa7cc0000)
 ParOldGen       total 43008K, used 24812K [0x730c0000, 0x75ac0000, 0x9db40000)
  object space 43008K, 57% used [0x730c0000,0x748fb020,0x75ac0000)
 PSPermGen       total 16384K, used 4285K [0x6b0c0000, 0x6c0c0000, 0x730c0000)
  object space 16384K, 26% used [0x6b0c0000,0x6b4ef460,0x6c0c0000)
}
Event: 18.544 GC heap before
{Heap before GC invocations=6 (full 0):
 PSYoungGen      total 69120K, used 69105K [0x9db40000, 0xa7cc0000, 0xb30c0000)
  eden space 66560K, 100% used [0x9db40000,0xa1c40000,0xa1c40000)
  from space 2560K, 99% used [0xa1c40000,0xa1ebc4a0,0xa1ec0000)
  to   space 16128K, 0% used [0xa6d00000,0xa6d00000,0xa7cc0000)
 ParOldGen       total 43008K, used 24812K [0x730c0000, 0x75ac0000, 0x9db40000)
  object space 43008K, 57% used [0x730c0000,0x748fb020,0x75ac0000)
 PSPermGen       total 16384K, used 4302K [0x6b0c0000, 0x6c0c0000, 0x730c0000)
  object space 16384K, 26% used [0x6b0c0000,0x6b4f3b00,0x6c0c0000)
Event: 18.688 GC heap after
Heap after GC invocations=6 (full 0):
 PSYoungGen      total 146944K, used 13652K [0x9db40000, 0xa8140000, 0xb30c0000)
  eden space 130816K, 0% used [0x9db40000,0x9db40000,0xa5b00000)
  from space 16128K, 84% used [0xa6d00000,0xa7a55138,0xa7cc0000)
  to   space 18432K, 0% used [0xa5b00000,0xa5b00000,0xa6d00000)
 ParOldGen       total 43008K, used 24812K [0x730c0000, 0x75ac0000, 0x9db40000)
  object space 43008K, 57% used [0x730c0000,0x748fb020,0x75ac0000)
 PSPermGen       total 16384K, used 4302K [0x6b0c0000, 0x6c0c0000, 0x730c0000)
  object space 16384K, 26% used [0x6b0c0000,0x6b4f3b00,0x6c0c0000)
}
Event: 25.188 GC heap before
{Heap before GC invocations=7 (full 0):
 PSYoungGen      total 146944K, used 144468K [0x9db40000, 0xa8140000, 0xb30c0000)
  eden space 130816K, 100% used [0x9db40000,0xa5b00000,0xa5b00000)
  from space 16128K, 84% used [0xa6d00000,0xa7a55138,0xa7cc0000)
  to   space 18432K, 0% used [0xa5b00000,0xa5b00000,0xa6d00000)
 ParOldGen       total 43008K, used 24812K [0x730c0000, 0x75ac0000, 0x9db40000)
  object space 43008K, 57% used [0x730c0000,0x748fb020,0x75ac0000)
 PSPermGen       total 16384K, used 4349K [0x6b0c0000, 0x6c0c0000, 0x730c0000)
  object space 16384K, 26% used [0x6b0c0000,0x6b4ff760,0x6c0c0000)

Deoptimization events (10 events):
Event: 5.561 Thread 0x6703ec00 Uncommon trap: reason=null_check action=make_not_entrant pc=0xb323f814 method=com.android.dx.ssa.SsaRenamer.getLocalForNewReg(I)Lcom/android/dx/rop/code/LocalItem; @ 19
Event: 6.740 Thread 0x6703ec00 Uncommon trap: reason=unstable_if action=reinterpret pc=0xb3207170 method=com.android.dx.rop.code.RegisterSpec.equals(ILcom/android/dx/rop/type/TypeBearer;Lcom/android/dx/rop/code/LocalItem;)Z @ 42
Event: 14.238 Thread 0x67045400 Uncommon trap: reason=unstable_if action=reinterpret pc=0xb3266910 method=com.android.dx.ssa.SCCP.simulateBranch(Lcom/android/dx/ssa/SsaInsn;)V @ 64
Event: 15.092 Thread 0x67046400 Uncommon trap: reason=null_check action=make_not_entrant pc=0xb3294a08 method=com.android.dx.cf.code.Ropper$CatchInfo.getSetup(Lcom/android/dx/rop/type/Type;)Lcom/android/dx/cf/code/Ropper$ExceptionHandlerSetup; @ 10
Event: 20.641 Thread 0x67043c00 Uncommon trap: reason=unstable_if action=reinterpret pc=0xb3251524 method=com.android.dx.ssa.Dominators.run()V @ 346
Event: 24.879 Thread 0xb6208400 Uncommon trap: reason=bimorphic action=maybe_recompile pc=0xb3316a94 method=com.android.dx.cf.code.BytecodeArray.parseInstruction(ILcom/android/dx/cf/code/BytecodeArray$Visitor;)I @ 1161
Event: 24.879 Thread 0xb6208400 Uncommon trap: reason=bimorphic action=maybe_recompile pc=0xb3316730 method=com.android.dx.cf.code.BytecodeArray.parseInstruction(ILcom/android/dx/cf/code/BytecodeArray$Visitor;)I @ 1035
Event: 24.879 Thread 0xb6208400 Uncommon trap: reason=bimorphic action=maybe_recompile pc=0xb33164c8 method=com.android.dx.cf.code.BytecodeArray.parseInstruction(ILcom/android/dx/cf/code/BytecodeArray$Visitor;)I @ 971
Event: 24.879 Thread 0xb6208400 Uncommon trap: reason=bimorphic action=maybe_recompile pc=0xb3316568 method=com.android.dx.cf.code.BytecodeArray.parseInstruction(ILcom/android/dx/cf/code/BytecodeArray$Visitor;)I @ 987
Event: 24.883 Thread 0xb6208400 Uncommon trap: reason=bimorphic action=maybe_recompile pc=0xb3316a94 method=com.android.dx.cf.code.BytecodeArray.parseInstruction(ILcom/android/dx/cf/code/BytecodeArray$Visitor;)I @ 1161

Internal exceptions (10 events):
Event: 1.817 Thread 0x67043c00 Threw 0x9e6fea78 at /build/openjdk-7-PdBaKN/openjdk-7-7u91-2.6.3/build/openjdk/hotspot/src/share/vm/prims/jvm.cpp:1322
Event: 1.933 Thread 0x67046400 Threw 0x9e8c4d20 at /build/openjdk-7-PdBaKN/openjdk-7-7u91-2.6.3/build/openjdk/hotspot/src/share/vm/prims/jvm.cpp:1322
Event: 2.320 Thread 0x67045400 Threw 0x9dda7f48 at /build/openjdk-7-PdBaKN/openjdk-7-7u91-2.6.3/build/openjdk/hotspot/src/share/vm/prims/jvm.cpp:1322
Event: 3.189 Thread 0xb6208400 Implicit null exception at 0xb321da62 to 0xb321dfed
Event: 5.408 Thread 0xb6208400 Threw 0x9dbd1ca0 at /build/openjdk-7-PdBaKN/openjdk-7-7u91-2.6.3/build/openjdk/hotspot/src/share/vm/prims/jvm.cpp:1322
Event: 5.561 Thread 0x6703ec00 Implicit null exception at 0xb323e03f to 0xb323f805
Event: 7.033 Thread 0x67045400 Threw 0x9ea05d48 at /build/openjdk-7-PdBaKN/openjdk-7-7u91-2.6.3/build/openjdk/hotspot/src/share/vm/prims/jvm.cpp:1322
Event: 7.445 Thread 0x67045400 Threw 0x9ef8e2d8 at /build/openjdk-7-PdBaKN/openjdk-7-7u91-2.6.3/build/openjdk/hotspot/src/share/vm/prims/jvm.cpp:1322
Event: 15.092 Thread 0x67046400 Implicit null exception at 0xb3291728 to 0xb32949dd
Event: 16.092 Thread 0xb6208400 Threw 0x9ef38700 at /build/openjdk-7-PdBaKN/openjdk-7-7u91-2.6.3/build/openjdk/hotspot/src/share/vm/prims/jvm.cpp:1322

Events (10 events):
Event: 24.879 Thread 0xb6208400 DEOPT UNPACKING pc=0xb31c9bc8 sp=0xb6388734 mode 2
Event: 24.879 Thread 0xb6208400 Uncommon trap: trap_request=0xffffffc6 fr.pc=0xb3316568
Event: 24.879 Thread 0xb6208400 DEOPT PACKING pc=0xb3316568 sp=0xb6388730
Event: 24.879 Thread 0xb6208400 DEOPT UNPACKING pc=0xb31c9bc8 sp=0xb6388734 mode 2
Event: 24.883 Thread 0xb6208400 Uncommon trap: trap_request=0xffffffc6 fr.pc=0xb3316a94
Event: 24.883 Thread 0xb6208400 DEOPT PACKING pc=0xb3316a94 sp=0xb6388730
Event: 24.883 Thread 0xb6208400 DEOPT UNPACKING pc=0xb31c9bc8 sp=0xb6388734 mode 2
Event: 25.009 Thread 0x679eb800 flushing nmethod 0xb3264288
Event: 25.013 Thread 0x679eb800 flushing nmethod 0xb328f008
Event: 25.162 Executing VM operation: ParallelGCFailedAllocation


Dynamic libraries:
08048000-08049000 r-xp 00000000 08:01 804961     /usr/lib/jvm/java-7-openjdk-i386/jre/bin/java
08049000-0804a000 r--p 00000000 08:01 804961     /usr/lib/jvm/java-7-openjdk-i386/jre/bin/java
0804a000-0804b000 rw-p 00001000 08:01 804961     /usr/lib/jvm/java-7-openjdk-i386/jre/bin/java
09201000-09258000 rw-p 00000000 00:00 0          [heap]
64b00000-64bfe000 rw-p 00000000 00:00 0 
64bfe000-64c00000 ---p 00000000 00:00 0 
64d00000-64de2000 rw-p 00000000 00:00 0 
64de2000-64e00000 ---p 00000000 00:00 0 
64e00000-64e9a000 rw-p 00000000 00:00 0 
64e9a000-64f00000 ---p 00000000 00:00 0 
64f00000-64ffc000 rw-p 00000000 00:00 0 
64ffc000-65000000 ---p 00000000 00:00 0 
65100000-651e9000 rw-p 00000000 00:00 0 
651e9000-65200000 ---p 00000000 00:00 0 
65200000-652f5000 rw-p 00000000 00:00 0 
652f5000-65300000 ---p 00000000 00:00 0 
65300000-653e2000 rw-p 00000000 00:00 0 
653e2000-65400000 ---p 00000000 00:00 0 
65500000-655fd000 rw-p 00000000 00:00 0 
655fd000-65600000 ---p 00000000 00:00 0 
65600000-656f9000 rw-p 00000000 00:00 0 
656f9000-65700000 ---p 00000000 00:00 0 
65700000-657fa000 rw-p 00000000 00:00 0 
657fa000-65800000 ---p 00000000 00:00 0 
65800000-658fd000 rw-p 00000000 00:00 0 
658fd000-65900000 ---p 00000000 00:00 0 
65900000-659f9000 rw-p 00000000 00:00 0 
659f9000-65a00000 ---p 00000000 00:00 0 
65a00000-65a9c000 rw-p 00000000 00:00 0 
65a9c000-65b00000 ---p 00000000 00:00 0 
65b00000-65bf9000 rw-p 00000000 00:00 0 
65bf9000-65c00000 ---p 00000000 00:00 0 
65c00000-65cfb000 rw-p 00000000 00:00 0 
65cfb000-65d00000 ---p 00000000 00:00 0 
65e00000-66000000 rw-p 00000000 00:00 0 
66000000-66100000 rw-p 00000000 00:00 0 
66200000-662fe000 rw-p 00000000 00:00 0 
662fe000-66300000 ---p 00000000 00:00 0 
66400000-664fa000 rw-p 00000000 00:00 0 
664fa000-66500000 ---p 00000000 00:00 0 
66500000-665f1000 rw-p 00000000 00:00 0 
665f1000-66600000 ---p 00000000 00:00 0 
66600000-66700000 rw-p 00000000 00:00 0 
66800000-668fa000 rw-p 00000000 00:00 0 
668fa000-66900000 ---p 00000000 00:00 0 
66951000-66954000 ---p 00000000 00:00 0 
66954000-669a2000 rw-p 00000000 00:00 0          [stack:2333]
669a2000-669a5000 ---p 00000000 00:00 0 
669a5000-669f3000 rw-p 00000000 00:00 0          [stack:2332]
669f3000-669f6000 ---p 00000000 00:00 0 
669f6000-66a44000 rw-p 00000000 00:00 0          [stack:2331]
66a44000-66a47000 ---p 00000000 00:00 0 
66a47000-66a95000 rw-p 00000000 00:00 0          [stack:2330]
66a95000-66a98000 ---p 00000000 00:00 0 
66a98000-66ca7000 rw-p 00000000 00:00 0          [stack:2329]
66ca7000-66d17000 r-xp 00000000 08:01 394656     /lib/i386-linux-gnu/libpcre.so.3.13.1
66d17000-66d18000 r--p 0006f000 08:01 394656     /lib/i386-linux-gnu/libpcre.so.3.13.1
66d18000-66d19000 rw-p 00070000 08:01 394656     /lib/i386-linux-gnu/libpcre.so.3.13.1
66d19000-66e3f000 r-xp 00000000 08:01 394573     /lib/i386-linux-gnu/libglib-2.0.so.0.4400.0
66e3f000-66e40000 r--p 00125000 08:01 394573     /lib/i386-linux-gnu/libglib-2.0.so.0.4400.0
66e40000-66e41000 rw-p 00126000 08:01 394573     /lib/i386-linux-gnu/libglib-2.0.so.0.4400.0
66e41000-66ffa000 r-xp 00000000 08:01 137357     /usr/lib/i386-linux-gnu/libgio-2.0.so.0.4400.0
66ffa000-66ffd000 r--p 001b8000 08:01 137357     /usr/lib/i386-linux-gnu/libgio-2.0.so.0.4400.0
66ffd000-66fff000 rw-p 001bb000 08:01 137357     /usr/lib/i386-linux-gnu/libgio-2.0.so.0.4400.0
66fff000-67000000 rw-p 00000000 00:00 0 
67000000-6706e000 rw-p 00000000 00:00 0 
6706e000-67100000 ---p 00000000 00:00 0 
6711a000-6712e000 r-xp 00000000 08:01 394679     /lib/i386-linux-gnu/libresolv-2.21.so
6712e000-67130000 r--p 00013000 08:01 394679     /lib/i386-linux-gnu/libresolv-2.21.so
67130000-67131000 rw-p 00015000 08:01 394679     /lib/i386-linux-gnu/libresolv-2.21.so
67131000-67133000 rw-p 00000000 00:00 0 
67133000-6718e000 r-xp 00000000 08:01 137385     /usr/lib/i386-linux-gnu/libgobject-2.0.so.0.4400.0
6718e000-6718f000 r--p 0005b000 08:01 137385     /usr/lib/i386-linux-gnu/libgobject-2.0.so.0.4400.0
6718f000-67190000 rw-p 0005c000 08:01 137385     /usr/lib/i386-linux-gnu/libgobject-2.0.so.0.4400.0
67190000-67191000 ---p 00000000 00:00 0 
67191000-67211000 rw-p 00000000 00:00 0          [stack:2296]
67211000-67214000 ---p 00000000 00:00 0 
67214000-67262000 rw-p 00000000 00:00 0          [stack:2293]
67262000-67265000 ---p 00000000 00:00 0 
67265000-672e3000 rw-p 00000000 00:00 0          [stack:2292]
672e3000-672e6000 ---p 00000000 00:00 0 
672e6000-67364000 rw-p 00000000 00:00 0          [stack:2290]
67364000-674ab000 r-xp 00000000 08:01 136931     /usr/lib/i386-linux-gnu/libX11.so.6.3.0
674ab000-674ac000 r--p 00146000 08:01 136931     /usr/lib/i386-linux-gnu/libX11.so.6.3.0
674ac000-674ae000 rw-p 00147000 08:01 136931     /usr/lib/i386-linux-gnu/libX11.so.6.3.0
674ae000-674af000 rw-p 00000000 00:00 0 
674af000-674b2000 ---p 00000000 00:00 0 
674b2000-67500000 rw-p 00000000 00:00 0          [stack:2284]
67500000-67700000 r--p 00000000 08:01 143362     /usr/lib/locale/locale-archive
67700000-677fa000 rw-p 00000000 00:00 0 
677fa000-67800000 ---p 00000000 00:00 0 
67800000-67821000 rw-p 00000000 00:00 0 
67821000-67900000 ---p 00000000 00:00 0 
67900000-67a00000 rw-p 00000000 00:00 0 
67a0f000-67a33000 r-xp 00000000 08:01 394683     /lib/i386-linux-gnu/libselinux.so.1
67a33000-67a34000 r--p 00024000 08:01 394683     /lib/i386-linux-gnu/libselinux.so.1
67a34000-67a35000 rw-p 00025000 08:01 394683     /lib/i386-linux-gnu/libselinux.so.1
67a35000-67a36000 rw-p 00000000 00:00 0 
67a4d000-67a4e000 ---p 00000000 00:00 0 
67a4e000-67ace000 rw-p 00000000 00:00 0          [stack:2272]
67ace000-67c80000 r--s 01d2e000 08:01 804984     /usr/lib/jvm/java-7-openjdk-i386/jre/lib/rt.jar
67c80000-6a500000 rw-p 00000000 00:00 0 
6a500000-6a5fe000 rw-p 00000000 00:00 0 
6a5fe000-6a600000 ---p 00000000 00:00 0 
6a603000-6a61a000 r-xp 00000000 08:01 805027     /usr/lib/jvm/java-7-openjdk-i386/jre/lib/i386/libnet.so
6a61a000-6a61b000 r--p 00016000 08:01 805027     /usr/lib/jvm/java-7-openjdk-i386/jre/lib/i386/libnet.so
6a61b000-6a61c000 rw-p 00017000 08:01 805027     /usr/lib/jvm/java-7-openjdk-i386/jre/lib/i386/libnet.so
6a61c000-6a62c000 r-xp 00000000 08:01 804991     /usr/lib/jvm/java-7-openjdk-i386/jre/lib/i386/libnio.so
6a62c000-6a62d000 r--p 00010000 08:01 804991     /usr/lib/jvm/java-7-openjdk-i386/jre/lib/i386/libnio.so
6a62d000-6a62e000 rw-p 00011000 08:01 804991     /usr/lib/jvm/java-7-openjdk-i386/jre/lib/i386/libnio.so
6a62e000-6a631000 ---p 00000000 00:00 0 
6a631000-6a67f000 rw-p 00000000 00:00 0          [stack:2274]
6a67f000-6a680000 ---p 00000000 00:00 0 
6a680000-6a700000 rw-p 00000000 00:00 0          [stack:2271]
6a700000-6a721000 rw-p 00000000 00:00 0 
6a721000-6a800000 ---p 00000000 00:00 0 
6a802000-6a809000 r-xp 00000000 08:01 137254     /usr/lib/i386-linux-gnu/libffi.so.6.0.4
6a809000-6a80b000 r--p 00006000 08:01 137254     /usr/lib/i386-linux-gnu/libffi.so.6.0.4
6a80b000-6a80c000 rw-p 00008000 08:01 137254     /usr/lib/i386-linux-gnu/libffi.so.6.0.4
6a80c000-6a82c000 r-xp 00000000 08:01 138125     /usr/lib/i386-linux-gnu/libxcb.so.1.1.0
6a82c000-6a82d000 r--p 0001f000 08:01 138125     /usr/lib/i386-linux-gnu/libxcb.so.1.1.0
6a82d000-6a82e000 rw-p 00020000 08:01 138125     /usr/lib/i386-linux-gnu/libxcb.so.1.1.0
6a82e000-6a831000 ---p 00000000 00:00 0 
6a831000-6a87f000 rw-p 00000000 00:00 0          [stack:2273]
6a87f000-6a880000 ---p 00000000 00:00 0 
6a880000-6a900000 rw-p 00000000 00:00 0          [stack:2270]
6a900000-6a921000 rw-p 00000000 00:00 0 
6a921000-6aa00000 ---p 00000000 00:00 0 
6aa04000-6aa07000 r-xp 00000000 08:01 137371     /usr/lib/i386-linux-gnu/libgmodule-2.0.so.0.4400.0
6aa07000-6aa08000 r--p 00002000 08:01 137371     /usr/lib/i386-linux-gnu/libgmodule-2.0.so.0.4400.0
6aa08000-6aa09000 rw-p 00003000 08:01 137371     /usr/lib/i386-linux-gnu/libgmodule-2.0.so.0.4400.0
6aa09000-6aa0e000 r-xp 00000000 08:01 136946     /usr/lib/i386-linux-gnu/libXdmcp.so.6.0.0
6aa0e000-6aa0f000 r--p 00004000 08:01 136946     /usr/lib/i386-linux-gnu/libXdmcp.so.6.0.0
6aa0f000-6aa10000 rw-p 00005000 08:01 136946     /usr/lib/i386-linux-gnu/libXdmcp.so.6.0.0
6aa11000-6aa27000 r--s 000f1000 08:01 946032     /home/student/test/HealthyBit/app/build/intermediates/exploded-aar/com.android.support/support-v4/23.3.0/jars/classes.jar
6aa27000-6aa36000 r--s 000df000 08:01 1062595    /home/student/Android/Sdk/build-tools/23.0.3/lib/dx.jar
6aa36000-6aa7f000 rw-p 00000000 00:00 0 
6aa7f000-6aa80000 ---p 00000000 00:00 0 
6aa80000-6ab00000 rw-p 00000000 00:00 0          [stack:2269]
6ab00000-6ab36000 rw-p 00000000 00:00 0 
6ab36000-6ac00000 ---p 00000000 00:00 0 
6ac01000-6ac03000 r-xp 00000000 08:01 136935     /usr/lib/i386-linux-gnu/libXau.so.6.0.0
6ac03000-6ac04000 r--p 00001000 08:01 136935     /usr/lib/i386-linux-gnu/libXau.so.6.0.0
6ac04000-6ac05000 rw-p 00002000 08:01 136935     /usr/lib/i386-linux-gnu/libXau.so.6.0.0
6ac05000-6ac07000 r-xp 00000000 08:01 141618     /usr/lib/jayatana/libjayatanaag.so
6ac07000-6ac08000 r--p 00001000 08:01 141618     /usr/lib/jayatana/libjayatanaag.so
6ac08000-6ac09000 rw-p 00002000 08:01 141618     /usr/lib/jayatana/libjayatanaag.so
6ac09000-6ac0d000 r--s 00085000 08:01 804976     /usr/lib/jvm/java-7-openjdk-i386/jre/lib/ext/localedata.jar
6ac0d000-6ac68000 rw-p 00000000 00:00 0 
6ac68000-6ac69000 ---p 00000000 00:00 0 
6ac69000-6acf1000 rw-p 00000000 00:00 0          [stack:2268]
6acf1000-6ad29000 rw-p 00000000 00:00 0 
6ad29000-6ad3e000 rw-p 00000000 00:00 0 
6ad3e000-6ae7f000 rw-p 00000000 00:00 0 
6ae7f000-6ae87000 rw-p 00000000 00:00 0 
6ae87000-6aebf000 rw-p 00000000 00:00 0 
6aebf000-6aed4000 rw-p 00000000 00:00 0 
6aed4000-6b014000 rw-p 00000000 00:00 0 
6b014000-6b068000 rw-p 00000000 00:00 0 
6b068000-6b0bf000 rw-p 00000000 00:00 0 
6b0bf000-6c0c0000 rw-p 00000000 00:00 0 
6c0c0000-730c0000 rw-p 00000000 00:00 0 
730c0000-75ac0000 rw-p 00000000 00:00 0 
75ac0000-9db40000 rw-p 00000000 00:00 0 
9db40000-a8140000 rw-p 00000000 00:00 0 
b1440000-b30c0000 rw-p 00000000 00:00 0 
b30c1000-b30c2000 r--s 00000000 08:01 414147     /usr/share/java/jayatanaag.jar
b30c2000-b30e6000 rw-p 00000000 00:00 0 
b30e6000-b319d000 rw-p 00000000 00:00 0 
b319d000-b33dd000 rwxp 00000000 00:00 0 
b33dd000-b619d000 rw-p 00000000 00:00 0 
b619d000-b61a9000 r-xp 00000000 08:01 394626     /lib/i386-linux-gnu/libnss_files-2.21.so
b61a9000-b61aa000 r--p 0000b000 08:01 394626     /lib/i386-linux-gnu/libnss_files-2.21.so
b61aa000-b61ab000 rw-p 0000c000 08:01 394626     /lib/i386-linux-gnu/libnss_files-2.21.so
b61ab000-b61b6000 r-xp 00000000 08:01 394636     /lib/i386-linux-gnu/libnss_nis-2.21.so
b61b6000-b61b7000 r--p 0000a000 08:01 394636     /lib/i386-linux-gnu/libnss_nis-2.21.so
b61b7000-b61b8000 rw-p 0000b000 08:01 394636     /lib/i386-linux-gnu/libnss_nis-2.21.so
b61b8000-b61cf000 r-xp 00000000 08:01 394620     /lib/i386-linux-gnu/libnsl-2.21.so
b61cf000-b61d0000 r--p 00016000 08:01 394620     /lib/i386-linux-gnu/libnsl-2.21.so
b61d0000-b61d1000 rw-p 00017000 08:01 394620     /lib/i386-linux-gnu/libnsl-2.21.so
b61d1000-b61d3000 rw-p 00000000 00:00 0 
b61d3000-b61db000 r-xp 00000000 08:01 394622     /lib/i386-linux-gnu/libnss_compat-2.21.so
b61db000-b61dc000 r--p 00007000 08:01 394622     /lib/i386-linux-gnu/libnss_compat-2.21.so
b61dc000-b61dd000 rw-p 00008000 08:01 394622     /lib/i386-linux-gnu/libnss_compat-2.21.so
b61dd000-b61e0000 r--s 0000f000 08:01 804977     /usr/lib/jvm/java-7-openjdk-i386/jre/lib/ext/icedtea-sound.jar
b61e0000-b61e4000 r--s 00034000 08:01 804978     /usr/lib/jvm/java-7-openjdk-i386/jre/lib/ext/sunjce_provider.jar
b61e4000-b61e8000 r--s 0003c000 08:01 804979     /usr/lib/jvm/java-7-openjdk-i386/jre/lib/ext/sunpkcs11.jar
b61e8000-b61ea000 r--s 00012000 08:01 804975     /usr/lib/jvm/java-7-openjdk-i386/jre/lib/ext/zipfs.jar
b61ea000-b61f2000 r-xp 00000000 08:01 804995     /usr/lib/jvm/java-7-openjdk-i386/jre/lib/i386/libzip.so
b61f2000-b61f3000 r--p 00007000 08:01 804995     /usr/lib/jvm/java-7-openjdk-i386/jre/lib/i386/libzip.so
b61f3000-b61f4000 rw-p 00008000 08:01 804995     /usr/lib/jvm/java-7-openjdk-i386/jre/lib/i386/libzip.so
b61f4000-b61fe000 r-xp 00000000 08:01 805017     /usr/lib/jvm/java-7-openjdk-i386/jre/lib/i386/libinstrument.so
b61fe000-b61ff000 r--p 00009000 08:01 805017     /usr/lib/jvm/java-7-openjdk-i386/jre/lib/i386/libinstrument.so
b61ff000-b6200000 rw-p 0000a000 08:01 805017     /usr/lib/jvm/java-7-openjdk-i386/jre/lib/i386/libinstrument.so
b6200000-b6300000 rw-p 00000000 00:00 0 
b6300000-b6308000 rw-s 00000000 08:01 429680     /tmp/hsperfdata_student/2262
b6308000-b632e000 r-xp 00000000 08:01 805003     /usr/lib/jvm/java-7-openjdk-i386/jre/lib/i386/libjava.so
b632e000-b632f000 r--p 00025000 08:01 805003     /usr/lib/jvm/java-7-openjdk-i386/jre/lib/i386/libjava.so
b632f000-b6330000 rw-p 00026000 08:01 805003     /usr/lib/jvm/java-7-openjdk-i386/jre/lib/i386/libjava.so
b6330000-b6337000 r-xp 00000000 08:01 394681     /lib/i386-linux-gnu/librt-2.21.so
b6337000-b6338000 r--p 00006000 08:01 394681     /lib/i386-linux-gnu/librt-2.21.so
b6338000-b6339000 rw-p 00007000 08:01 394681     /lib/i386-linux-gnu/librt-2.21.so
b6339000-b633c000 ---p 00000000 00:00 0 
b633c000-b638a000 rw-p 00000000 00:00 0          [stack:2267]
b638a000-b63a6000 r-xp 00000000 08:01 394569     /lib/i386-linux-gnu/libgcc_s.so.1
b63a6000-b63a7000 rw-p 0001b000 08:01 394569     /lib/i386-linux-gnu/libgcc_s.so.1
b63a7000-b63f2000 r-xp 00000000 08:01 394599     /lib/i386-linux-gnu/libm-2.21.so
b63f2000-b63f3000 r--p 0004a000 08:01 394599     /lib/i386-linux-gnu/libm-2.21.so
b63f3000-b63f4000 rw-p 0004b000 08:01 394599     /lib/i386-linux-gnu/libm-2.21.so
b63f4000-b64dd000 r-xp 00000000 08:01 137921     /usr/lib/i386-linux-gnu/libstdc++.so.6.0.20
b64dd000-b64e1000 r--p 000e9000 08:01 137921     /usr/lib/i386-linux-gnu/libstdc++.so.6.0.20
b64e1000-b64e2000 rw-p 000ed000 08:01 137921     /usr/lib/i386-linux-gnu/libstdc++.so.6.0.20
b64e2000-b64e9000 rw-p 00000000 00:00 0 
b64e9000-b703c000 r-xp 00000000 08:01 805013     /usr/lib/jvm/java-7-openjdk-i386/jre/lib/i386/server/libjvm.so
b703c000-b7090000 r--p 00b52000 08:01 805013     /usr/lib/jvm/java-7-openjdk-i386/jre/lib/i386/server/libjvm.so
b7090000-b70a4000 rw-p 00ba6000 08:01 805013     /usr/lib/jvm/java-7-openjdk-i386/jre/lib/i386/server/libjvm.so
b70a4000-b74c3000 rw-p 00000000 00:00 0 
b74c3000-b74dc000 r-xp 00000000 08:01 394714     /lib/i386-linux-gnu/libz.so.1.2.8
b74dc000-b74dd000 r--p 00019000 08:01 394714     /lib/i386-linux-gnu/libz.so.1.2.8
b74dd000-b74de000 rw-p 0001a000 08:01 394714     /lib/i386-linux-gnu/libz.so.1.2.8
b74de000-b74f7000 r-xp 00000000 08:01 394673     /lib/i386-linux-gnu/libpthread-2.21.so
b74f7000-b74f8000 r--p 00018000 08:01 394673     /lib/i386-linux-gnu/libpthread-2.21.so
b74f8000-b74f9000 rw-p 00019000 08:01 394673     /lib/i386-linux-gnu/libpthread-2.21.so
b74f9000-b74fb000 rw-p 00000000 00:00 0 
b74fb000-b74fe000 r-xp 00000000 08:01 394557     /lib/i386-linux-gnu/libdl-2.21.so
b74fe000-b74ff000 r--p 00002000 08:01 394557     /lib/i386-linux-gnu/libdl-2.21.so
b74ff000-b7500000 rw-p 00003000 08:01 394557     /lib/i386-linux-gnu/libdl-2.21.so
b7500000-b76b4000 r-xp 00000000 08:01 394540     /lib/i386-linux-gnu/libc-2.21.so
b76b4000-b76b7000 r--p 001b3000 08:01 394540     /lib/i386-linux-gnu/libc-2.21.so
b76b7000-b76b9000 rw-p 001b6000 08:01 394540     /lib/i386-linux-gnu/libc-2.21.so
b76b9000-b76bb000 rw-p 00000000 00:00 0 
b76bb000-b76bc000 r--s 00002000 08:01 804980     /usr/lib/jvm/java-7-openjdk-i386/jre/lib/ext/dnsns.jar
b76bc000-b76be000 r--s 00006000 08:01 399091     /usr/share/java/java-atk-wrapper.jar
b76be000-b76bf000 r--p 005e0000 08:01 143362     /usr/lib/locale/locale-archive
b76bf000-b76c0000 rw-p 00000000 00:00 0 
b76c0000-b76c1000 ---p 00000000 00:00 0 
b76c1000-b76cf000 r-xp 00000000 08:01 805022     /usr/lib/jvm/java-7-openjdk-i386/jre/lib/i386/libverify.so
b76cf000-b76d1000 r--p 0000d000 08:01 805022     /usr/lib/jvm/java-7-openjdk-i386/jre/lib/i386/libverify.so
b76d1000-b76d2000 rw-p 0000f000 08:01 805022     /usr/lib/jvm/java-7-openjdk-i386/jre/lib/i386/libverify.so
b76d2000-b76de000 r-xp 00000000 08:01 805024     /usr/lib/jvm/java-7-openjdk-i386/jre/lib/i386/jli/libjli.so
b76de000-b76df000 r--p 0000b000 08:01 805024     /usr/lib/jvm/java-7-openjdk-i386/jre/lib/i386/jli/libjli.so
b76df000-b76e0000 rw-p 0000c000 08:01 805024     /usr/lib/jvm/java-7-openjdk-i386/jre/lib/i386/jli/libjli.so
b76e0000-b76e3000 rw-p 00000000 00:00 0 
b76e3000-b76e5000 r--p 00000000 00:00 0          [vvar]
b76e5000-b76e6000 r-xp 00000000 00:00 0          [vdso]
b76e6000-b7708000 r-xp 00000000 08:01 394512     /lib/i386-linux-gnu/ld-2.21.so
b7708000-b7709000 r--p 00021000 08:01 394512     /lib/i386-linux-gnu/ld-2.21.so
b7709000-b770a000 rw-p 00022000 08:01 394512     /lib/i386-linux-gnu/ld-2.21.so
bf91f000-bf920000 rwxp 00000000 00:00 0 
bf951000-bf973000 rw-p 00000000 00:00 0          [stack]

VM Arguments:
jvm_args: -javaagent:/usr/share/java/jayatanaag.jar -Djava.awt.headless=true -Xmx1024M -Dfile.encoding=UTF-8 -Duser.country=US -Duser.language=en -Duser.variant 
java_command: com.android.dx.command.Main --dex --num-threads=4 --output /home/student/test/HealthyBit/app/build/intermediates/pre-dexed/debug/com.android.support-support-v4-23.3.0_0837a8109973a35ab829fbb7c6c67d289902386a.jar /home/student/test/HealthyBit/app/build/intermediates/exploded-aar/com.android.support/support-v4/23.3.0/jars/classes.jar
Launcher Type: SUN_STANDARD

Environment Variables:
JAVA_TOOL_OPTIONS=-javaagent:/usr/share/java/jayatanaag.jar 
PATH=/home/student/.linuxbrew/bin:/usr/local/sbin:/usr/local/bin:/usr/sbin:/usr/bin:/sbin:/bin:/usr/games:/usr/local/games:/etc/android-studio/bin/:/home/student/Android/Sdk/platform-tools:/home/student/Android/Sdk/tools
LD_LIBRARY_PATH=/etc/android-studio/bin:
SHELL=/bin/bash
DISPLAY=:0

Signal Handlers:
SIGSEGV: [libjvm.so+0x7f7d00], sa_mask[0]=0x7ffbfeff, sa_flags=0x10000004
SIGBUS: [libjvm.so+0x7f7d00], sa_mask[0]=0x7ffbfeff, sa_flags=0x10000004
SIGFPE: [libjvm.so+0x67a9d0], sa_mask[0]=0x7ffbfeff, sa_flags=0x10000004
SIGPIPE: [libjvm.so+0x67a9d0], sa_mask[0]=0x7ffbfeff, sa_flags=0x10000004
SIGXFSZ: [libjvm.so+0x67a9d0], sa_mask[0]=0x7ffbfeff, sa_flags=0x10000004
SIGILL: [libjvm.so+0x67a9d0], sa_mask[0]=0x7ffbfeff, sa_flags=0x10000004
SIGUSR1: SIG_DFL, sa_mask[0]=0x00000000, sa_flags=0x00000000
SIGUSR2: [libjvm.so+0x67a820], sa_mask[0]=0x00000004, sa_flags=0x10000004
SIGHUP: [libjvm.so+0x67aa80], sa_mask[0]=0x7ffbfeff, sa_flags=0x10000004
SIGINT: [libjvm.so+0x67aa80], sa_mask[0]=0x7ffbfeff, sa_flags=0x10000004
SIGTERM: [libjvm.so+0x67aa80], sa_mask[0]=0x7ffbfeff, sa_flags=0x10000004
SIGQUIT: [libjvm.so+0x67aa80], sa_mask[0]=0x7ffbfeff, sa_flags=0x10000004
SIGTRAP: SIG_DFL, sa_mask[0]=0x00000000, sa_flags=0x00000000


---------------  S Y S T E M  ---------------

OS:Ubuntu 15.04 (vivid)
uname:Linux 3.19.0-18-generic #18-Ubuntu SMP Tue May 19 18:30:59 UTC 2015 i686
libc:glibc 2.21 NPTL 2.21 
rlimit: STACK 8192k, CORE 0k, NPROC 32177, NOFILE 65536, AS infinity
load average:8.51 2.54 1.26

/proc/meminfo:
MemTotal:        4139540 kB
MemFree:          228372 kB
MemAvailable:     192580 kB
Buffers:           37392 kB
Cached:            94400 kB
SwapCached:            0 kB
Active:          3478512 kB
Inactive:          85064 kB
Active(anon):    3433428 kB
Inactive(anon):    37512 kB
Active(file):      45084 kB
Inactive(file):    47552 kB
Unevictable:          32 kB
Mlocked:              32 kB
HighTotal:       3280776 kB
HighFree:          41172 kB
LowTotal:         858764 kB
LowFree:          187200 kB
SwapTotal:             0 kB
SwapFree:              0 kB
Dirty:               120 kB
Writeback:             0 kB
AnonPages:       3432332 kB
Mapped:            53188 kB
Shmem:             38680 kB
Slab:              50548 kB
SReclaimable:      25096 kB
SUnreclaim:        25452 kB
KernelStack:        5264 kB
PageTables:        14796 kB
NFS_Unstable:          0 kB
Bounce:                0 kB
WritebackTmp:          0 kB
CommitLimit:     2069768 kB
Committed_AS:    6301400 kB
VmallocTotal:     122880 kB
VmallocUsed:       23416 kB
VmallocChunk:      49124 kB
AnonHugePages:   2367488 kB
CmaTotal:              0 kB
CmaFree:               0 kB
HugePages_Total:       0
HugePages_Free:        0
HugePages_Rsvd:        0
HugePages_Surp:        0
Hugepagesize:       2048 kB
DirectMap4k:       61432 kB
DirectMap2M:      851968 kB


CPU:total 4 (1 cores per cpu, 1 threads per core) family 6 model 58 stepping 9, cmov, cx8, fxsr, mmx, sse, sse2, sse3, ssse3, sse4.1, sse4.2, popcnt, avx, aes, erms, tsc, tscinvbit, tscinv

/proc/cpuinfo:
processor	: 0
vendor_id	: GenuineIntel
cpu family	: 6
model		: 58
model name	: Intel(R) Core(TM) i5-3210M CPU @ 2.50GHz
stepping	: 9
microcode	: 0x15
cpu MHz		: 2494.111
cache size	: 3072 KB
physical id	: 0
siblings	: 1
core id		: 0
cpu cores	: 1
apicid		: 0
initial apicid	: 0
fdiv_bug	: no
f00f_bug	: no
coma_bug	: no
fpu		: yes
fpu_exception	: yes
cpuid level	: 13
wp		: yes
flags		: fpu vme de pse tsc msr pae mce cx8 apic sep mtrr pge mca cmov pat pse36 clflush dts mmx fxsr sse sse2 ss nx rdtscp lm constant_tsc arch_perfmon pebs bts xtopology tsc_reliable nonstop_tsc aperfmperf pni pclmulqdq ssse3 cx16 pcid sse4_1 sse4_2 x2apic popcnt tsc_deadline_timer aes xsave avx f16c rdrand hypervisor lahf_lm ida arat epb pln pts dtherm fsgsbase tsc_adjust smep
bugs		:
bogomips	: 4988.22
clflush size	: 64
cache_alignment	: 64
address sizes	: 42 bits physical, 48 bits virtual
power management:

processor	: 1
vendor_id	: GenuineIntel
cpu family	: 6
model		: 58
model name	: Intel(R) Core(TM) i5-3210M CPU @ 2.50GHz
stepping	: 9
microcode	: 0x15
cpu MHz		: 2494.111
cache size	: 3072 KB
physical id	: 2
siblings	: 1
core id		: 0
cpu cores	: 1
apicid		: 2
initial apicid	: 2
fdiv_bug	: no
f00f_bug	: no
coma_bug	: no
fpu		: yes
fpu_exception	: yes
cpuid level	: 13
wp		: yes
flags		: fpu vme de pse tsc msr pae mce cx8 apic sep mtrr pge mca cmov pat pse36 clflush dts mmx fxsr sse sse2 ss nx rdtscp lm constant_tsc arch_perfmon pebs bts xtopology tsc_reliable nonstop_tsc aperfmperf pni pclmulqdq ssse3 cx16 pcid sse4_1 sse4_2 x2apic popcnt tsc_deadline_timer aes xsave avx f16c rdrand hypervisor lahf_lm ida arat epb pln pts dtherm fsgsbase tsc_adjust smep
bugs		:
bogomips	: 4988.22
clflush size	: 64
cache_alignment	: 64
address sizes	: 42 bits physical, 48 bits virtual
power management:

processor	: 2
vendor_id	: GenuineIntel
cpu family	: 6
model		: 58
model name	: Intel(R) Core(TM) i5-3210M CPU @ 2.50GHz
stepping	: 9
microcode	: 0x15
cpu MHz		: 2494.111
cache size	: 3072 KB
physical id	: 4
siblings	: 1
core id		: 0
cpu cores	: 1
apicid		: 4
initial apicid	: 4
fdiv_bug	: no
f00f_bug	: no
coma_bug	: no
fpu		: yes
fpu_exception	: yes
cpuid level	: 13
wp		: yes
flags		: fpu vme de pse tsc msr pae mce cx8 apic sep mtrr pge mca cmov pat pse36 clflush dts mmx fxsr sse sse2 ss nx rdtscp lm constant_tsc arch_perfmon pebs bts xtopology tsc_reliable nonstop_tsc aperfmperf pni pclmulqdq ssse3 cx16 pcid sse4_1 sse4_2 x2apic popcnt tsc_deadline_timer aes xsave avx f16c rdrand hypervisor lahf_lm ida arat epb pln pts dtherm fsgsbase tsc_adjust smep
bugs		:
bogomips	: 4988.22
clflush size	: 64
cache_alignment	: 64
address sizes	: 42 bits physical, 48 bits virtual
power management:

processor	: 3
vendor_id	: GenuineIntel
cpu family	: 6
model		: 58
model name	: Intel(R) Core(TM) i5-3210M CPU @ 2.50GHz
stepping	: 9
microcode	: 0x15
cpu MHz		: 2494.111
cache size	: 3072 KB
physical id	: 6
siblings	: 1
core id		: 0
cpu cores	: 1
apicid		: 6
initial apicid	: 6
fdiv_bug	: no
f00f_bug	: no
coma_bug	: no
fpu		: yes
fpu_exception	: yes
cpuid level	: 13
wp		: yes
flags		: fpu vme de pse tsc msr pae mce cx8 apic sep mtrr pge mca cmov pat pse36 clflush dts mmx fxsr sse sse2 ss nx rdtscp lm constant_tsc arch_perfmon pebs bts xtopology tsc_reliable nonstop_tsc aperfmperf pni pclmulqdq ssse3 cx16 pcid sse4_1 sse4_2 x2apic popcnt tsc_deadline_timer aes xsave avx f16c rdrand hypervisor lahf_lm ida arat epb pln pts dtherm fsgsbase tsc_adjust smep
bugs		:
bogomips	: 4988.22
clflush size	: 64
cache_alignment	: 64
address sizes	: 42 bits physical, 48 bits virtual
power management:



Memory: 4k page, physical 4139540k(228372k free), swap 0k(0k free)

vm_info: OpenJDK Server VM (24.91-b01) for linux-x86 JRE (1.7.0_91-b02), built on Nov 19 2015 06:25:06 by "buildd" with gcc 4.9.2

time: Tue May  3 15:33:39 2016
elapsed time: 26 seconds

