#
# There is insufficient memory for the Java Runtime Environment to continue.
# Native memory allocation (malloc) failed to allocate 76546048 bytes for committing reserved memory.
# Possible reasons:
#   The system is out of physical RAM or swap space
#   In 32 bit mode, the process size limit was hit
# Possible solutions:
#   Reduce memory load on the system
#   Increase physical memory or swap space
#   Check if swap backing store is full
#   Use 64 bit Java on a 64 bit OS
#   Decrease Java heap size (-Xmx/-Xms)
#   Decrease number of Java threads
#   Decrease Java thread stack sizes (-Xss)
#   Set larger code cache with -XX:ReservedCodeCacheSize=
# This output file may be truncated or incomplete.
#
#  Out of Memory Error (os_linux.cpp:2827), pid=4227, tid=1740430144
#
# JRE version: OpenJDK Runtime Environment (7.0_91-b02) (build 1.7.0_91-b02)
# Java VM: OpenJDK Server VM (24.91-b01 mixed mode linux-x86 )
# Derivative: IcedTea 2.6.3
# Distribution: Ubuntu 15.04, package 7u91-2.6.3-0ubuntu0.15.04.1
# Failed to write core dump. Core dumps have been disabled. To enable core dumping, try "ulimit -c unlimited" before starting Java again
#

---------------  T H R E A D  ---------------

Current thread (0x67a81400):  VMThread [stack: 0x67b4d000,0x67bce000] [id=4241]

Stack: [0x67b4d000,0x67bce000]
VM_Operation (0xb63b86a4): ParallelGCFailedAllocation, mode: safepoint, requested by thread 0xb6208400


---------------  P R O C E S S  ---------------

Java Threads: ( => current thread )
  0x6705f000 JavaThread "pool-2-thread-4" [_thread_blocked, id=4274, stack(0x66951000,0x669a2000)]
  0x6705e000 JavaThread "pool-2-thread-3" [_thread_blocked, id=4273, stack(0x669a2000,0x669f3000)]
  0x6705cc00 JavaThread "pool-2-thread-2" [_thread_blocked, id=4272, stack(0x669f3000,0x66a44000)]
  0x6705b800 JavaThread "pool-3-thread-1" [_thread_blocked, id=4271, stack(0x66a44000,0x66a95000)]
  0x67059800 JavaThread "pool-2-thread-1" [_thread_blocked, id=4270, stack(0x66a95000,0x66ae6000)]
  0x67aee800 JavaThread "Service Thread" daemon [_thread_blocked, id=4250, stack(0x67262000,0x672b3000)]
  0x67aec800 JavaThread "C2 CompilerThread1" daemon [_thread_blocked, id=4249, stack(0x672b3000,0x67334000)]
  0x67aeb400 JavaThread "C2 CompilerThread0" daemon [_thread_in_native, id=4247, stack(0x67334000,0x673b5000)]
  0x67a98400 JavaThread "Signal Dispatcher" daemon [_thread_blocked, id=4246, stack(0x6790d000,0x6795e000)]
  0x67a85800 JavaThread "Finalizer" daemon [_thread_blocked, id=4244, stack(0x6795e000,0x679af000)]
  0x67a83c00 JavaThread "Reference Handler" daemon [_thread_blocked, id=4243, stack(0x679af000,0x67a00000)]
  0xb6208400 JavaThread "main" [_thread_blocked, id=4229, stack(0xb6369000,0xb63ba000)]

Other Threads:
=>0x67a81400 VMThread [stack: 0x67b4d000,0x67bce000] [id=4241]
  0x67af0800 WatcherThread [stack: 0x671e1000,0x67262000] [id=4251]

VM state:at safepoint (normal execution)

VM Mutex/Monitor currently owned by a thread:  ([mutex/lock_event])
[0xb6205e40] Threads_lock - owner thread: 0x67a81400
[0xb6206250] Heap_lock - owner thread: 0xb6208400

Heap
 PSYoungGen      total 75264K, used 9726K [0x9db80000, 0xa2f80000, 0xb3100000)
  eden space 65536K, 0% used [0x9db80000,0x9db80000,0xa1b80000)
  from space 9728K, 99% used [0xa1b80000,0xa24ffb58,0xa2500000)
  to   space 8704K, 0% used [0xa2500000,0xa2500000,0xa2d80000)
 ParOldGen       total 43008K, used 19605K [0x73100000, 0x75b00000, 0x9db80000)
  object space 43008K, 45% used [0x73100000,0x74425598,0x75b00000)
 PSPermGen       total 16384K, used 4293K [0x6b100000, 0x6c100000, 0x73100000)
  object space 16384K, 26% used [0x6b100000,0x6b5315c0,0x6c100000)

Card table byte_map: [0x6aebf000,0x6b100000] byte_map_base: 0x6ab66800

Polling page: 0xb76f0000

Code Cache  [0xb31ca000, 0xb340a000, 0xb61ca000)
 total_blobs=460 nmethods=337 adapters=76 free_code_cache=47934Kb largest_free_block=48996352

Compilation events (10 events):
Event: 19.131 Thread 0x67aec800 nmethod 343 0xb32680c8 code [0xb32681e0, 0xb3268370]
Event: 19.131 Thread 0x67aec800  344             com.android.dx.ssa.DomFront::calcDomFronts (154 bytes)
Event: 19.249 Thread 0x67aec800 nmethod 344 0xb3271ac8 code [0xb3271c40, 0xb3272410]
Event: 19.249 Thread 0x67aec800  345             com.android.dx.rop.code.BasicBlock::getLastInsn (8 bytes)
Event: 19.275 Thread 0x67aec800 nmethod 345 0xb3267d88 code [0xb3267e80, 0xb3267f50]
Event: 19.275 Thread 0x67aec800  346             com.android.dx.cf.code.RopperMachine::jopToRopOpcode (1103 bytes)
Event: 19.382 Thread 0x67aec800 nmethod 346 0xb32fe0c8 code [0xb32fe700, 0xb32fef70]
Event: 19.382 Thread 0x67aec800  347             com.android.dx.rop.code.Rop::canThrow (18 bytes)
Event: 19.399 Thread 0x67aec800 nmethod 347 0xb330ca88 code [0xb330cb80, 0xb330cc10]
Event: 19.399 Thread 0x67aec800  348             com.android.dx.cf.code.BaseMachine::storeResults (90 bytes)

GC Heap History (10 events):
Event: 3.950 GC heap after
Heap after GC invocations=2 (full 0):
 PSYoungGen      total 19200K, used 2549K [0x9db80000, 0xa0100000, 0xb3100000)
  eden space 16640K, 0% used [0x9db80000,0x9db80000,0x9ebc0000)
  from space 2560K, 99% used [0x9ee40000,0x9f0bd6e0,0x9f0c0000)
  to   space 2560K, 0% used [0x9ebc0000,0x9ebc0000,0x9ee40000)
 ParOldGen       total 43008K, used 2008K [0x73100000, 0x75b00000, 0x9db80000)
  object space 43008K, 4% used [0x73100000,0x732f6038,0x75b00000)
 PSPermGen       total 16384K, used 4173K [0x6b100000, 0x6c100000, 0x73100000)
  object space 16384K, 25% used [0x6b100000,0x6b5136c8,0x6c100000)
}
Event: 8.063 GC heap before
{Heap before GC invocations=3 (full 0):
 PSYoungGen      total 19200K, used 19189K [0x9db80000, 0xa0100000, 0xb3100000)
  eden space 16640K, 100% used [0x9db80000,0x9ebc0000,0x9ebc0000)
  from space 2560K, 99% used [0x9ee40000,0x9f0bd6e0,0x9f0c0000)
  to   space 2560K, 0% used [0x9ebc0000,0x9ebc0000,0x9ee40000)
 ParOldGen       total 43008K, used 2008K [0x73100000, 0x75b00000, 0x9db80000)
  object space 43008K, 4% used [0x73100000,0x732f6038,0x75b00000)
 PSPermGen       total 16384K, used 4209K [0x6b100000, 0x6c100000, 0x73100000)
  object space 16384K, 25% used [0x6b100000,0x6b51c678,0x6c100000)
Event: 8.120 GC heap after
Heap after GC invocations=3 (full 0):
 PSYoungGen      total 19200K, used 2547K [0x9db80000, 0xa0100000, 0xb3100000)
  eden space 16640K, 0% used [0x9db80000,0x9db80000,0x9ebc0000)
  from space 2560K, 99% used [0x9ebc0000,0x9ee3cc70,0x9ee40000)
  to   space 2560K, 0% used [0x9fe80000,0x9fe80000,0xa0100000)
 ParOldGen       total 43008K, used 4099K [0x73100000, 0x75b00000, 0x9db80000)
  object space 43008K, 9% used [0x73100000,0x73500d80,0x75b00000)
 PSPermGen       total 16384K, used 4209K [0x6b100000, 0x6c100000, 0x73100000)
  object space 16384K, 25% used [0x6b100000,0x6b51c678,0x6c100000)
}
Event: 9.450 GC heap before
{Heap before GC invocations=4 (full 0):
 PSYoungGen      total 19200K, used 19187K [0x9db80000, 0xa0100000, 0xb3100000)
  eden space 16640K, 100% used [0x9db80000,0x9ebc0000,0x9ebc0000)
  from space 2560K, 99% used [0x9ebc0000,0x9ee3cc70,0x9ee40000)
  to   space 2560K, 0% used [0x9fe80000,0x9fe80000,0xa0100000)
 ParOldGen       total 43008K, used 4099K [0x73100000, 0x75b00000, 0x9db80000)
  object space 43008K, 9% used [0x73100000,0x73500d80,0x75b00000)
 PSPermGen       total 16384K, used 4233K [0x6b100000, 0x6c100000, 0x73100000)
  object space 16384K, 25% used [0x6b100000,0x6b5224d0,0x6c100000)
Event: 9.504 GC heap after
Heap after GC invocations=4 (full 0):
 PSYoungGen      total 35840K, used 2546K [0x9db80000, 0xa0100000, 0xb3100000)
  eden space 33280K, 0% used [0x9db80000,0x9db80000,0x9fc00000)
  from space 2560K, 99% used [0x9fe80000,0xa00fcb38,0xa0100000)
  to   space 2560K, 0% used [0x9fc00000,0x9fc00000,0x9fe80000)
 ParOldGen       total 43008K, used 7330K [0x73100000, 0x75b00000, 0x9db80000)
  object space 43008K, 17% used [0x73100000,0x73828908,0x75b00000)
 PSPermGen       total 16384K, used 4233K [0x6b100000, 0x6c100000, 0x73100000)
  object space 16384K, 25% used [0x6b100000,0x6b5224d0,0x6c100000)
}
Event: 12.434 GC heap before
{Heap before GC invocations=5 (full 0):
 PSYoungGen      total 35840K, used 35826K [0x9db80000, 0xa0100000, 0xb3100000)
  eden space 33280K, 100% used [0x9db80000,0x9fc00000,0x9fc00000)
  from space 2560K, 99% used [0x9fe80000,0xa00fcb38,0xa0100000)
  to   space 2560K, 0% used [0x9fc00000,0x9fc00000,0x9fe80000)
 ParOldGen       total 43008K, used 7330K [0x73100000, 0x75b00000, 0x9db80000)
  object space 43008K, 17% used [0x73100000,0x73828908,0x75b00000)
 PSPermGen       total 16384K, used 4260K [0x6b100000, 0x6c100000, 0x73100000)
  object space 16384K, 26% used [0x6b100000,0x6b5290f8,0x6c100000)
Event: 12.538 GC heap after
Heap after GC invocations=5 (full 0):
 PSYoungGen      total 35840K, used 2547K [0x9db80000, 0xa2d80000, 0xb3100000)
  eden space 33280K, 0% used [0x9db80000,0x9db80000,0x9fc00000)
  from space 2560K, 99% used [0x9fc00000,0x9fe7ce78,0x9fe80000)
  to   space 8704K, 0% used [0xa2500000,0xa2500000,0xa2d80000)
 ParOldGen       total 43008K, used 12721K [0x73100000, 0x75b00000, 0x9db80000)
  object space 43008K, 29% used [0x73100000,0x73d6c6c0,0x75b00000)
 PSPermGen       total 16384K, used 4260K [0x6b100000, 0x6c100000, 0x73100000)
  object space 16384K, 26% used [0x6b100000,0x6b5290f8,0x6c100000)
}
Event: 14.860 GC heap before
{Heap before GC invocations=6 (full 0):
 PSYoungGen      total 35840K, used 35827K [0x9db80000, 0xa2d80000, 0xb3100000)
  eden space 33280K, 100% used [0x9db80000,0x9fc00000,0x9fc00000)
  from space 2560K, 99% used [0x9fc00000,0x9fe7ce78,0x9fe80000)
  to   space 8704K, 0% used [0xa2500000,0xa2500000,0xa2d80000)
 ParOldGen       total 43008K, used 12721K [0x73100000, 0x75b00000, 0x9db80000)
  object space 43008K, 29% used [0x73100000,0x73d6c6c0,0x75b00000)
 PSPermGen       total 16384K, used 4269K [0x6b100000, 0x6c100000, 0x73100000)
  object space 16384K, 26% used [0x6b100000,0x6b52b7a8,0x6c100000)
Event: 14.984 GC heap after
Heap after GC invocations=6 (full 0):
 PSYoungGen      total 74240K, used 8139K [0x9db80000, 0xa2f80000, 0xb3100000)
  eden space 65536K, 0% used [0x9db80000,0x9db80000,0xa1b80000)
  from space 8704K, 93% used [0xa2500000,0xa2cf2f90,0xa2d80000)
  to   space 9728K, 0% used [0xa1b80000,0xa1b80000,0xa2500000)
 ParOldGen       total 43008K, used 12721K [0x73100000, 0x75b00000, 0x9db80000)
  object space 43008K, 29% used [0x73100000,0x73d6c6c0,0x75b00000)
 PSPermGen       total 16384K, used 4269K [0x6b100000, 0x6c100000, 0x73100000)
  object space 16384K, 26% used [0x6b100000,0x6b52b7a8,0x6c100000)
}
Event: 19.550 GC heap before
{Heap before GC invocations=7 (full 0):
 PSYoungGen      total 74240K, used 73675K [0x9db80000, 0xa2f80000, 0xb3100000)
  eden space 65536K, 100% used [0x9db80000,0xa1b80000,0xa1b80000)
  from space 8704K, 93% used [0xa2500000,0xa2cf2f90,0xa2d80000)
  to   space 9728K, 0% used [0xa1b80000,0xa1b80000,0xa2500000)
 ParOldGen       total 43008K, used 12721K [0x73100000, 0x75b00000, 0x9db80000)
  object space 43008K, 29% used [0x73100000,0x73d6c6c0,0x75b00000)
 PSPermGen       total 16384K, used 4293K [0x6b100000, 0x6c100000, 0x73100000)
  object space 16384K, 26% used [0x6b100000,0x6b5315c0,0x6c100000)

Deoptimization events (10 events):
Event: 9.373 Thread 0x6705cc00 Uncommon trap: reason=bimorphic action=maybe_recompile pc=0xb32684b4 method=java.util.HashMap.put(Ljava/lang/Object;Ljava/lang/Object;)Ljava/lang/Object; @ 83
Event: 10.799 Thread 0x67059800 Uncommon trap: reason=unstable_if action=reinterpret pc=0xb3286344 method=com.android.dx.util.IntList.binarysearch(I)I @ 105
Event: 10.818 Thread 0x67059800 Uncommon trap: reason=unstable_if action=reinterpret pc=0xb324616c method=com.android.dx.util.IntList.binarysearch(I)I @ 105
Event: 11.784 Thread 0x6705f000 Uncommon trap: reason=unstable_if action=reinterpret pc=0xb329bd70 method=com.android.dx.ssa.SCCP.simulateBranch(Lcom/android/dx/ssa/SsaInsn;)V @ 64
Event: 11.826 Thread 0x6705f000 Uncommon trap: reason=unstable_if action=reinterpret pc=0xb322f73c method=com.android.dx.ssa.SsaMethod.updateOneDefinition(Lcom/android/dx/ssa/SsaInsn;Lcom/android/dx/rop/code/RegisterSpec;)V @ 4
Event: 15.061 Thread 0x6705e000 Uncommon trap: reason=unstable_if action=reinterpret pc=0xb327aaf8 method=com.android.dx.rop.code.RegisterSpecSet.localItemToSpec(Lcom/android/dx/rop/code/LocalItem;)Lcom/android/dx/rop/code/RegisterSpec; @ 35
Event: 16.689 Thread 0x6705cc00 Uncommon trap: reason=unstable_if action=reinterpret pc=0xb32bef54 method=com.android.dx.ssa.SCCP.simulateStmt(Lcom/android/dx/ssa/SsaInsn;)V @ 59
Event: 18.670 Thread 0x6705cc00 Uncommon trap: reason=unstable_if action=reinterpret pc=0xb32cb4f8 method=com.android.dx.cf.code.Ropper.isSynchronized()Z @ 12
Event: 18.772 Thread 0x6705f000 Uncommon trap: reason=unstable_if action=reinterpret pc=0xb32e4120 method=com.android.dx.rop.code.RegisterSpec.intersect(Lcom/android/dx/rop/code/RegisterSpec;Z)Lcom/android/dx/rop/code/RegisterSpec; @ 42
Event: 18.825 Thread 0x67059800 Uncommon trap: reason=unstable_if action=reinterpret pc=0xb3301250 method=java.util.BitSet.ensureCapacity(I)V @ 6

Internal exceptions (10 events):
Event: 3.057 Thread 0x6705f000 Threw 0x9e40ec80 at /build/openjdk-7-PdBaKN/openjdk-7-7u91-2.6.3/build/openjdk/hotspot/src/share/vm/prims/jvm.cpp:1322
Event: 3.082 Thread 0x6705f000 Threw 0x9e41fa40 at /build/openjdk-7-PdBaKN/openjdk-7-7u91-2.6.3/build/openjdk/hotspot/src/share/vm/prims/jvm.cpp:1322
Event: 4.117 Thread 0x67059800 Implicit null exception at 0xb3246a2b to 0xb3246b02
Event: 8.039 Thread 0xb6208400 Implicit null exception at 0xb32505a2 to 0xb3250b39
Event: 8.148 Thread 0x6705e000 Implicit null exception at 0xb325a031 to 0xb325aef5
Event: 8.197 Thread 0x67059800 Implicit null exception at 0xb3271e9a to 0xb3272cdd
Event: 8.225 Thread 0xb6208400 Threw 0x9dd233e8 at /build/openjdk-7-PdBaKN/openjdk-7-7u91-2.6.3/build/openjdk/hotspot/src/share/vm/prims/jvm.cpp:1322
Event: 10.658 Thread 0x6705e000 Threw 0x9ea06fe0 at /build/openjdk-7-PdBaKN/openjdk-7-7u91-2.6.3/build/openjdk/hotspot/src/share/vm/prims/jvm.cpp:1322
Event: 11.785 Thread 0x6705f000 Threw 0x9f78e668 at /build/openjdk-7-PdBaKN/openjdk-7-7u91-2.6.3/build/openjdk/hotspot/src/share/vm/prims/jvm.cpp:1322
Event: 16.728 Thread 0xb6208400 Threw 0x9f1a5250 at /build/openjdk-7-PdBaKN/openjdk-7-7u91-2.6.3/build/openjdk/hotspot/src/share/vm/prims/jvm.cpp:1322

Events (10 events):
Event: 18.772 Thread 0x6705f000 DEOPT PACKING pc=0xb32e4120 sp=0x669a0b30
Event: 18.772 Thread 0x6705f000 DEOPT UNPACKING pc=0xb31f6bc8 sp=0x669a0ad4 mode 2
Event: 18.790 Thread 0x67aec800 flushing nmethod 0xb3259b08
Event: 18.790 Thread 0x67aec800 flushing nmethod 0xb3267d88
Event: 18.790 Thread 0x67aec800 flushing nmethod 0xb3271948
Event: 18.813 Thread 0x67aec800 flushing nmethod 0xb32865c8
Event: 18.825 Thread 0x67059800 Uncommon trap: trap_request=0xffffff75 fr.pc=0xb3301250
Event: 18.825 Thread 0x67059800 DEOPT PACKING pc=0xb3301250 sp=0x66ae4be0
Event: 18.833 Thread 0x67059800 DEOPT UNPACKING pc=0xb31f6bc8 sp=0x66ae4b34 mode 2
Event: 19.525 Executing VM operation: ParallelGCFailedAllocation


Dynamic libraries:
08048000-08049000 r-xp 00000000 08:01 804961     /usr/lib/jvm/java-7-openjdk-i386/jre/bin/java
08049000-0804a000 r--p 00000000 08:01 804961     /usr/lib/jvm/java-7-openjdk-i386/jre/bin/java
0804a000-0804b000 rw-p 00001000 08:01 804961     /usr/lib/jvm/java-7-openjdk-i386/jre/bin/java
09020000-090b0000 rw-p 00000000 00:00 0          [heap]
64e00000-64eee000 rw-p 00000000 00:00 0 
64eee000-64f00000 ---p 00000000 00:00 0 
65000000-650fa000 rw-p 00000000 00:00 0 
650fa000-65100000 ---p 00000000 00:00 0 
65200000-652f1000 rw-p 00000000 00:00 0 
652f1000-65300000 ---p 00000000 00:00 0 
65300000-653fd000 rw-p 00000000 00:00 0 
653fd000-65400000 ---p 00000000 00:00 0 
65400000-654d4000 rw-p 00000000 00:00 0 
654d4000-65500000 ---p 00000000 00:00 0 
65600000-656ff000 rw-p 00000000 00:00 0 
656ff000-65700000 ---p 00000000 00:00 0 
65700000-65800000 rw-p 00000000 00:00 0 
65800000-658fd000 rw-p 00000000 00:00 0 
658fd000-65900000 ---p 00000000 00:00 0 
65900000-659f1000 rw-p 00000000 00:00 0 
659f1000-65a00000 ---p 00000000 00:00 0 
65a00000-65b00000 rw-p 00000000 00:00 0 
65b00000-65bfb000 rw-p 00000000 00:00 0 
65bfb000-65c00000 ---p 00000000 00:00 0 
65c00000-65d00000 rw-p 00000000 00:00 0 
65e00000-65ef9000 rw-p 00000000 00:00 0 
65ef9000-65f00000 ---p 00000000 00:00 0 
66000000-660f2000 rw-p 00000000 00:00 0 
660f2000-66100000 ---p 00000000 00:00 0 
66100000-661f8000 rw-p 00000000 00:00 0 
661f8000-66200000 ---p 00000000 00:00 0 
66200000-662f3000 rw-p 00000000 00:00 0 
662f3000-66300000 ---p 00000000 00:00 0 
66353000-66400000 rw-p 00000000 00:00 0 
66400000-664f0000 rw-p 00000000 00:00 0 
664f0000-66500000 ---p 00000000 00:00 0 
66500000-665f8000 rw-p 00000000 00:00 0 
665f8000-66600000 ---p 00000000 00:00 0 
66600000-666e7000 rw-p 00000000 00:00 0 
666e7000-66700000 ---p 00000000 00:00 0 
66700000-667e9000 rw-p 00000000 00:00 0 
667e9000-66800000 ---p 00000000 00:00 0 
66800000-668f6000 rw-p 00000000 00:00 0 
668f6000-66900000 ---p 00000000 00:00 0 
66951000-66954000 ---p 00000000 00:00 0 
66954000-669a2000 rw-p 00000000 00:00 0          [stack:4274]
669a2000-669a5000 ---p 00000000 00:00 0 
669a5000-669f3000 rw-p 00000000 00:00 0          [stack:4273]
669f3000-669f6000 ---p 00000000 00:00 0 
669f6000-66a44000 rw-p 00000000 00:00 0          [stack:4272]
66a44000-66a47000 ---p 00000000 00:00 0 
66a47000-66a95000 rw-p 00000000 00:00 0          [stack:4271]
66a95000-66a98000 ---p 00000000 00:00 0 
66a98000-66ca7000 rw-p 00000000 00:00 0          [stack:4270]
66ca7000-66d17000 r-xp 00000000 08:01 394656     /lib/i386-linux-gnu/libpcre.so.3.13.1
66d17000-66d18000 r--p 0006f000 08:01 394656     /lib/i386-linux-gnu/libpcre.so.3.13.1
66d18000-66d19000 rw-p 00070000 08:01 394656     /lib/i386-linux-gnu/libpcre.so.3.13.1
66d19000-66e3f000 r-xp 00000000 08:01 394573     /lib/i386-linux-gnu/libglib-2.0.so.0.4400.0
66e3f000-66e40000 r--p 00125000 08:01 394573     /lib/i386-linux-gnu/libglib-2.0.so.0.4400.0
66e40000-66e41000 rw-p 00126000 08:01 394573     /lib/i386-linux-gnu/libglib-2.0.so.0.4400.0
66e41000-66ffa000 r-xp 00000000 08:01 137357     /usr/lib/i386-linux-gnu/libgio-2.0.so.0.4400.0
66ffa000-66ffd000 r--p 001b8000 08:01 137357     /usr/lib/i386-linux-gnu/libgio-2.0.so.0.4400.0
66ffd000-66fff000 rw-p 001bb000 08:01 137357     /usr/lib/i386-linux-gnu/libgio-2.0.so.0.4400.0
66fff000-67000000 rw-p 00000000 00:00 0 
67000000-67076000 rw-p 00000000 00:00 0 
67076000-67100000 ---p 00000000 00:00 0 
67144000-67158000 r-xp 00000000 08:01 394679     /lib/i386-linux-gnu/libresolv-2.21.so
67158000-6715a000 r--p 00013000 08:01 394679     /lib/i386-linux-gnu/libresolv-2.21.so
6715a000-6715b000 rw-p 00015000 08:01 394679     /lib/i386-linux-gnu/libresolv-2.21.so
6715b000-6715d000 rw-p 00000000 00:00 0 
6715d000-67181000 r-xp 00000000 08:01 394683     /lib/i386-linux-gnu/libselinux.so.1
67181000-67182000 r--p 00024000 08:01 394683     /lib/i386-linux-gnu/libselinux.so.1
67182000-67183000 rw-p 00025000 08:01 394683     /lib/i386-linux-gnu/libselinux.so.1
67183000-67184000 rw-p 00000000 00:00 0 
67184000-671df000 r-xp 00000000 08:01 137385     /usr/lib/i386-linux-gnu/libgobject-2.0.so.0.4400.0
671df000-671e0000 r--p 0005b000 08:01 137385     /usr/lib/i386-linux-gnu/libgobject-2.0.so.0.4400.0
671e0000-671e1000 rw-p 0005c000 08:01 137385     /usr/lib/i386-linux-gnu/libgobject-2.0.so.0.4400.0
671e1000-671e2000 ---p 00000000 00:00 0 
671e2000-67262000 rw-p 00000000 00:00 0          [stack:4251]
67262000-67265000 ---p 00000000 00:00 0 
67265000-672b3000 rw-p 00000000 00:00 0          [stack:4250]
672b3000-672b6000 ---p 00000000 00:00 0 
672b6000-67334000 rw-p 00000000 00:00 0          [stack:4249]
67334000-67337000 ---p 00000000 00:00 0 
67337000-673b5000 rw-p 00000000 00:00 0          [stack:4247]
673b5000-674fc000 r-xp 00000000 08:01 136931     /usr/lib/i386-linux-gnu/libX11.so.6.3.0
674fc000-674fd000 r--p 00146000 08:01 136931     /usr/lib/i386-linux-gnu/libX11.so.6.3.0
674fd000-674ff000 rw-p 00147000 08:01 136931     /usr/lib/i386-linux-gnu/libX11.so.6.3.0
674ff000-67500000 rw-p 00000000 00:00 0 
67500000-67700000 r--p 00000000 08:01 143362     /usr/lib/locale/locale-archive
67700000-67721000 rw-p 00000000 00:00 0 
67721000-67800000 ---p 00000000 00:00 0 
67800000-678fa000 rw-p 00000000 00:00 0 
678fa000-67900000 ---p 00000000 00:00 0 
6790d000-67910000 ---p 00000000 00:00 0 
67910000-6795e000 rw-p 00000000 00:00 0          [stack:4246]
6795e000-67961000 ---p 00000000 00:00 0 
67961000-679af000 rw-p 00000000 00:00 0          [stack:4244]
679af000-679b2000 ---p 00000000 00:00 0 
679b2000-67a00000 rw-p 00000000 00:00 0          [stack:4243]
67a00000-67b00000 rw-p 00000000 00:00 0 
67b2b000-67b4b000 r-xp 00000000 08:01 138125     /usr/lib/i386-linux-gnu/libxcb.so.1.1.0
67b4b000-67b4c000 r--p 0001f000 08:01 138125     /usr/lib/i386-linux-gnu/libxcb.so.1.1.0
67b4c000-67b4d000 rw-p 00020000 08:01 138125     /usr/lib/i386-linux-gnu/libxcb.so.1.1.0
67b4d000-67b4e000 ---p 00000000 00:00 0 
67b4e000-67bce000 rw-p 00000000 00:00 0          [stack:4241]
67bce000-67d80000 r--s 01d2e000 08:01 804984     /usr/lib/jvm/java-7-openjdk-i386/jre/lib/rt.jar
67d80000-6a600000 rw-p 00000000 00:00 0 
6a600000-6a6fc000 rw-p 00000000 00:00 0 
6a6fc000-6a700000 ---p 00000000 00:00 0 
6a701000-6a708000 r-xp 00000000 08:01 137254     /usr/lib/i386-linux-gnu/libffi.so.6.0.4
6a708000-6a70a000 r--p 00006000 08:01 137254     /usr/lib/i386-linux-gnu/libffi.so.6.0.4
6a70a000-6a70b000 rw-p 00008000 08:01 137254     /usr/lib/i386-linux-gnu/libffi.so.6.0.4
6a70b000-6a722000 r-xp 00000000 08:01 805027     /usr/lib/jvm/java-7-openjdk-i386/jre/lib/i386/libnet.so
6a722000-6a723000 r--p 00016000 08:01 805027     /usr/lib/jvm/java-7-openjdk-i386/jre/lib/i386/libnet.so
6a723000-6a724000 rw-p 00017000 08:01 805027     /usr/lib/jvm/java-7-openjdk-i386/jre/lib/i386/libnet.so
6a724000-6a734000 r-xp 00000000 08:01 804991     /usr/lib/jvm/java-7-openjdk-i386/jre/lib/i386/libnio.so
6a734000-6a735000 r--p 00010000 08:01 804991     /usr/lib/jvm/java-7-openjdk-i386/jre/lib/i386/libnio.so
6a735000-6a736000 rw-p 00011000 08:01 804991     /usr/lib/jvm/java-7-openjdk-i386/jre/lib/i386/libnio.so
6a736000-6a77f000 rw-p 00000000 00:00 0 
6a77f000-6a780000 ---p 00000000 00:00 0 
6a780000-6a800000 rw-p 00000000 00:00 0          [stack:4236]
6a800000-6a821000 rw-p 00000000 00:00 0 
6a821000-6a900000 ---p 00000000 00:00 0 
6a900000-6a921000 rw-p 00000000 00:00 0 
6a921000-6aa00000 ---p 00000000 00:00 0 
6aa07000-6aa0a000 r-xp 00000000 08:01 137371     /usr/lib/i386-linux-gnu/libgmodule-2.0.so.0.4400.0
6aa0a000-6aa0b000 r--p 00002000 08:01 137371     /usr/lib/i386-linux-gnu/libgmodule-2.0.so.0.4400.0
6aa0b000-6aa0c000 rw-p 00003000 08:01 137371     /usr/lib/i386-linux-gnu/libgmodule-2.0.so.0.4400.0
6aa0c000-6aa15000 r--s 00089000 08:01 946041     /home/student/test/HealthyBit/app/build/intermediates/exploded-aar/com.android.support/appcompat-v7/23.1.1/jars/classes.jar
6aa15000-6aa24000 r--s 000df000 08:01 1062595    /home/student/Android/Sdk/build-tools/23.0.3/lib/dx.jar
6aa24000-6aa7f000 rw-p 00000000 00:00 0 
6aa7f000-6aa80000 ---p 00000000 00:00 0 
6aa80000-6ab00000 rw-p 00000000 00:00 0          [stack:4235]
6ab00000-6ab49000 rw-p 00000000 00:00 0 
6ab49000-6ac00000 ---p 00000000 00:00 0 
6ac01000-6ac06000 r-xp 00000000 08:01 136946     /usr/lib/i386-linux-gnu/libXdmcp.so.6.0.0
6ac06000-6ac07000 r--p 00004000 08:01 136946     /usr/lib/i386-linux-gnu/libXdmcp.so.6.0.0
6ac07000-6ac08000 rw-p 00005000 08:01 136946     /usr/lib/i386-linux-gnu/libXdmcp.so.6.0.0
6ac08000-6ac0a000 r-xp 00000000 08:01 136935     /usr/lib/i386-linux-gnu/libXau.so.6.0.0
6ac0a000-6ac0b000 r--p 00001000 08:01 136935     /usr/lib/i386-linux-gnu/libXau.so.6.0.0
6ac0b000-6ac0c000 rw-p 00002000 08:01 136935     /usr/lib/i386-linux-gnu/libXau.so.6.0.0
6ac0c000-6ac27000 rw-p 00000000 00:00 0 
6ac27000-6ac28000 ---p 00000000 00:00 0 
6ac28000-6aca8000 rw-p 00000000 00:00 0          [stack:4234]
6aca8000-6aca9000 ---p 00000000 00:00 0 
6aca9000-6ad31000 rw-p 00000000 00:00 0          [stack:4233]
6ad31000-6ad69000 rw-p 00000000 00:00 0 
6ad69000-6ad7e000 rw-p 00000000 00:00 0 
6ad7e000-6aebf000 rw-p 00000000 00:00 0 
6aebf000-6aec7000 rw-p 00000000 00:00 0 
6aec7000-6aeff000 rw-p 00000000 00:00 0 
6aeff000-6af14000 rw-p 00000000 00:00 0 
6af14000-6b054000 rw-p 00000000 00:00 0 
6b054000-6b07f000 rw-p 00000000 00:00 0 
6b07f000-6b0ff000 rw-p 00000000 00:00 0 
6b0ff000-6c100000 rw-p 00000000 00:00 0 
6c100000-73100000 rw-p 00000000 00:00 0 
73100000-75b00000 rw-p 00000000 00:00 0 
75b00000-9db80000 rw-p 00000000 00:00 0 
9db80000-a2f80000 rw-p 00000000 00:00 0 
a7880000-b3100000 rw-p 00000000 00:00 0 
b3102000-b3104000 r-xp 00000000 08:01 141618     /usr/lib/jayatana/libjayatanaag.so
b3104000-b3105000 r--p 00001000 08:01 141618     /usr/lib/jayatana/libjayatanaag.so
b3105000-b3106000 rw-p 00002000 08:01 141618     /usr/lib/jayatana/libjayatanaag.so
b3106000-b310a000 r--s 00085000 08:01 804976     /usr/lib/jvm/java-7-openjdk-i386/jre/lib/ext/localedata.jar
b310a000-b3113000 rw-p 00000000 00:00 0 
b3113000-b31ca000 rw-p 00000000 00:00 0 
b31ca000-b340a000 rwxp 00000000 00:00 0 
b340a000-b61ca000 rw-p 00000000 00:00 0 
b61ca000-b61d6000 r-xp 00000000 08:01 394626     /lib/i386-linux-gnu/libnss_files-2.21.so
b61d6000-b61d7000 r--p 0000b000 08:01 394626     /lib/i386-linux-gnu/libnss_files-2.21.so
b61d7000-b61d8000 rw-p 0000c000 08:01 394626     /lib/i386-linux-gnu/libnss_files-2.21.so
b61d8000-b61e3000 r-xp 00000000 08:01 394636     /lib/i386-linux-gnu/libnss_nis-2.21.so
b61e3000-b61e4000 r--p 0000a000 08:01 394636     /lib/i386-linux-gnu/libnss_nis-2.21.so
b61e4000-b61e5000 rw-p 0000b000 08:01 394636     /lib/i386-linux-gnu/libnss_nis-2.21.so
b61e5000-b61fc000 r-xp 00000000 08:01 394620     /lib/i386-linux-gnu/libnsl-2.21.so
b61fc000-b61fd000 r--p 00016000 08:01 394620     /lib/i386-linux-gnu/libnsl-2.21.so
b61fd000-b61fe000 rw-p 00017000 08:01 394620     /lib/i386-linux-gnu/libnsl-2.21.so
b61fe000-b6200000 rw-p 00000000 00:00 0 
b6200000-b6300000 rw-p 00000000 00:00 0 
b6302000-b6303000 r--s 00000000 08:01 414147     /usr/share/java/jayatanaag.jar
b6303000-b6307000 r--s 00034000 08:01 804978     /usr/lib/jvm/java-7-openjdk-i386/jre/lib/ext/sunjce_provider.jar
b6307000-b630b000 r--s 0003c000 08:01 804979     /usr/lib/jvm/java-7-openjdk-i386/jre/lib/ext/sunpkcs11.jar
b630b000-b6313000 r-xp 00000000 08:01 394622     /lib/i386-linux-gnu/libnss_compat-2.21.so
b6313000-b6314000 r--p 00007000 08:01 394622     /lib/i386-linux-gnu/libnss_compat-2.21.so
b6314000-b6315000 rw-p 00008000 08:01 394622     /lib/i386-linux-gnu/libnss_compat-2.21.so
b6315000-b6318000 r--s 0000f000 08:01 804977     /usr/lib/jvm/java-7-openjdk-i386/jre/lib/ext/icedtea-sound.jar
b6318000-b631a000 r--s 00012000 08:01 804975     /usr/lib/jvm/java-7-openjdk-i386/jre/lib/ext/zipfs.jar
b631a000-b6322000 r-xp 00000000 08:01 804995     /usr/lib/jvm/java-7-openjdk-i386/jre/lib/i386/libzip.so
b6322000-b6323000 r--p 00007000 08:01 804995     /usr/lib/jvm/java-7-openjdk-i386/jre/lib/i386/libzip.so
b6323000-b6324000 rw-p 00008000 08:01 804995     /usr/lib/jvm/java-7-openjdk-i386/jre/lib/i386/libzip.so
b6324000-b632c000 rw-s 00000000 08:01 429743     /tmp/hsperfdata_student/4227
b632c000-b6336000 r-xp 00000000 08:01 805017     /usr/lib/jvm/java-7-openjdk-i386/jre/lib/i386/libinstrument.so
b6336000-b6337000 r--p 00009000 08:01 805017     /usr/lib/jvm/java-7-openjdk-i386/jre/lib/i386/libinstrument.so
b6337000-b6338000 rw-p 0000a000 08:01 805017     /usr/lib/jvm/java-7-openjdk-i386/jre/lib/i386/libinstrument.so
b6338000-b635e000 r-xp 00000000 08:01 805003     /usr/lib/jvm/java-7-openjdk-i386/jre/lib/i386/libjava.so
b635e000-b635f000 r--p 00025000 08:01 805003     /usr/lib/jvm/java-7-openjdk-i386/jre/lib/i386/libjava.so
b635f000-b6360000 rw-p 00026000 08:01 805003     /usr/lib/jvm/java-7-openjdk-i386/jre/lib/i386/libjava.so
b6360000-b6367000 r-xp 00000000 08:01 394681     /lib/i386-linux-gnu/librt-2.21.so
b6367000-b6368000 r--p 00006000 08:01 394681     /lib/i386-linux-gnu/librt-2.21.so
b6368000-b6369000 rw-p 00007000 08:01 394681     /lib/i386-linux-gnu/librt-2.21.so
b6369000-b636c000 ---p 00000000 00:00 0 
b636c000-b63ba000 rw-p 00000000 00:00 0          [stack:4229]
b63ba000-b63d6000 r-xp 00000000 08:01 394569     /lib/i386-linux-gnu/libgcc_s.so.1
b63d6000-b63d7000 rw-p 0001b000 08:01 394569     /lib/i386-linux-gnu/libgcc_s.so.1
b63d7000-b6422000 r-xp 00000000 08:01 394599     /lib/i386-linux-gnu/libm-2.21.so
b6422000-b6423000 r--p 0004a000 08:01 394599     /lib/i386-linux-gnu/libm-2.21.so
b6423000-b6424000 rw-p 0004b000 08:01 394599     /lib/i386-linux-gnu/libm-2.21.so
b6424000-b650d000 r-xp 00000000 08:01 137921     /usr/lib/i386-linux-gnu/libstdc++.so.6.0.20
b650d000-b6511000 r--p 000e9000 08:01 137921     /usr/lib/i386-linux-gnu/libstdc++.so.6.0.20
b6511000-b6512000 rw-p 000ed000 08:01 137921     /usr/lib/i386-linux-gnu/libstdc++.so.6.0.20
b6512000-b6519000 rw-p 00000000 00:00 0 
b6519000-b706c000 r-xp 00000000 08:01 805013     /usr/lib/jvm/java-7-openjdk-i386/jre/lib/i386/server/libjvm.so
b706c000-b70c0000 r--p 00b52000 08:01 805013     /usr/lib/jvm/java-7-openjdk-i386/jre/lib/i386/server/libjvm.so
b70c0000-b70d4000 rw-p 00ba6000 08:01 805013     /usr/lib/jvm/java-7-openjdk-i386/jre/lib/i386/server/libjvm.so
b70d4000-b74f3000 rw-p 00000000 00:00 0 
b74f3000-b750c000 r-xp 00000000 08:01 394714     /lib/i386-linux-gnu/libz.so.1.2.8
b750c000-b750d000 r--p 00019000 08:01 394714     /lib/i386-linux-gnu/libz.so.1.2.8
b750d000-b750e000 rw-p 0001a000 08:01 394714     /lib/i386-linux-gnu/libz.so.1.2.8
b750e000-b7527000 r-xp 00000000 08:01 394673     /lib/i386-linux-gnu/libpthread-2.21.so
b7527000-b7528000 r--p 00018000 08:01 394673     /lib/i386-linux-gnu/libpthread-2.21.so
b7528000-b7529000 rw-p 00019000 08:01 394673     /lib/i386-linux-gnu/libpthread-2.21.so
b7529000-b752b000 rw-p 00000000 00:00 0 
b752b000-b752e000 r-xp 00000000 08:01 394557     /lib/i386-linux-gnu/libdl-2.21.so
b752e000-b752f000 r--p 00002000 08:01 394557     /lib/i386-linux-gnu/libdl-2.21.so
b752f000-b7530000 rw-p 00003000 08:01 394557     /lib/i386-linux-gnu/libdl-2.21.so
b7530000-b76e4000 r-xp 00000000 08:01 394540     /lib/i386-linux-gnu/libc-2.21.so
b76e4000-b76e7000 r--p 001b3000 08:01 394540     /lib/i386-linux-gnu/libc-2.21.so
b76e7000-b76e9000 rw-p 001b6000 08:01 394540     /lib/i386-linux-gnu/libc-2.21.so
b76e9000-b76eb000 rw-p 00000000 00:00 0 
b76eb000-b76ec000 r--s 00002000 08:01 804980     /usr/lib/jvm/java-7-openjdk-i386/jre/lib/ext/dnsns.jar
b76ec000-b76ee000 r--s 00006000 08:01 399091     /usr/share/java/java-atk-wrapper.jar
b76ee000-b76ef000 r--p 005e0000 08:01 143362     /usr/lib/locale/locale-archive
b76ef000-b76f0000 rw-p 00000000 00:00 0 
b76f0000-b76f1000 ---p 00000000 00:00 0 
b76f1000-b76ff000 r-xp 00000000 08:01 805022     /usr/lib/jvm/java-7-openjdk-i386/jre/lib/i386/libverify.so
b76ff000-b7701000 r--p 0000d000 08:01 805022     /usr/lib/jvm/java-7-openjdk-i386/jre/lib/i386/libverify.so
b7701000-b7702000 rw-p 0000f000 08:01 805022     /usr/lib/jvm/java-7-openjdk-i386/jre/lib/i386/libverify.so
b7702000-b770e000 r-xp 00000000 08:01 805024     /usr/lib/jvm/java-7-openjdk-i386/jre/lib/i386/jli/libjli.so
b770e000-b770f000 r--p 0000b000 08:01 805024     /usr/lib/jvm/java-7-openjdk-i386/jre/lib/i386/jli/libjli.so
b770f000-b7710000 rw-p 0000c000 08:01 805024     /usr/lib/jvm/java-7-openjdk-i386/jre/lib/i386/jli/libjli.so
b7710000-b7713000 rw-p 00000000 00:00 0 
b7713000-b7715000 r--p 00000000 00:00 0          [vvar]
b7715000-b7716000 r-xp 00000000 00:00 0          [vdso]
b7716000-b7738000 r-xp 00000000 08:01 394512     /lib/i386-linux-gnu/ld-2.21.so
b7738000-b7739000 r--p 00021000 08:01 394512     /lib/i386-linux-gnu/ld-2.21.so
b7739000-b773a000 rw-p 00022000 08:01 394512     /lib/i386-linux-gnu/ld-2.21.so
bfeb9000-bfeba000 rwxp 00000000 00:00 0 
bfeeb000-bff0d000 rw-p 00000000 00:00 0          [stack]

VM Arguments:
jvm_args: -javaagent:/usr/share/java/jayatanaag.jar -Djava.awt.headless=true -Xmx1024M -Dfile.encoding=UTF-8 -Duser.country=US -Duser.language=en -Duser.variant 
java_command: com.android.dx.command.Main --dex --num-threads=4 --multi-dex --output /home/student/test/HealthyBit/app/build/intermediates/transforms/dex/debug/folders/1000/10/com.android.support-appcompat-v7-23.1.1_2f2a7f5301a70263165a6eb0965c80720cc53247 /home/student/test/HealthyBit/app/build/intermediates/exploded-aar/com.android.support/appcompat-v7/23.1.1/jars/classes.jar
Launcher Type: SUN_STANDARD

Environment Variables:
JAVA_TOOL_OPTIONS=-javaagent:/usr/share/java/jayatanaag.jar 
PATH=/home/student/.linuxbrew/bin:/usr/local/sbin:/usr/local/bin:/usr/sbin:/usr/bin:/sbin:/bin:/usr/games:/usr/local/games:/etc/android-studio/bin/:/home/student/Android/Sdk/platform-tools:/home/student/Android/Sdk/tools
LD_LIBRARY_PATH=/etc/android-studio/bin:
SHELL=/bin/bash
DISPLAY=:0

Signal Handlers:
SIGSEGV: [libjvm.so+0x7f7d00], sa_mask[0]=0x7ffbfeff, sa_flags=0x10000004
SIGBUS: [libjvm.so+0x7f7d00], sa_mask[0]=0x7ffbfeff, sa_flags=0x10000004
SIGFPE: [libjvm.so+0x67a9d0], sa_mask[0]=0x7ffbfeff, sa_flags=0x10000004
SIGPIPE: [libjvm.so+0x67a9d0], sa_mask[0]=0x7ffbfeff, sa_flags=0x10000004
SIGXFSZ: [libjvm.so+0x67a9d0], sa_mask[0]=0x7ffbfeff, sa_flags=0x10000004
SIGILL: [libjvm.so+0x67a9d0], sa_mask[0]=0x7ffbfeff, sa_flags=0x10000004
SIGUSR1: SIG_DFL, sa_mask[0]=0x00000000, sa_flags=0x00000000
SIGUSR2: [libjvm.so+0x67a820], sa_mask[0]=0x00000004, sa_flags=0x10000004
SIGHUP: [libjvm.so+0x67aa80], sa_mask[0]=0x7ffbfeff, sa_flags=0x10000004
SIGINT: [libjvm.so+0x67aa80], sa_mask[0]=0x7ffbfeff, sa_flags=0x10000004
SIGTERM: [libjvm.so+0x67aa80], sa_mask[0]=0x7ffbfeff, sa_flags=0x10000004
SIGQUIT: [libjvm.so+0x67aa80], sa_mask[0]=0x7ffbfeff, sa_flags=0x10000004
SIGTRAP: SIG_DFL, sa_mask[0]=0x00000000, sa_flags=0x00000000


---------------  S Y S T E M  ---------------

OS:Ubuntu 15.04 (vivid)
uname:Linux 3.19.0-18-generic #18-Ubuntu SMP Tue May 19 18:30:59 UTC 2015 i686
libc:glibc 2.21 NPTL 2.21 
rlimit: STACK 8192k, CORE 0k, NPROC 32177, NOFILE 65536, AS infinity
load average:11.71 5.35 2.90

/proc/meminfo:
MemTotal:        4139540 kB
MemFree:          197640 kB
MemAvailable:     118944 kB
Buffers:             444 kB
Cached:            47736 kB
SwapCached:            0 kB
Active:          3549452 kB
Inactive:          40996 kB
Active(anon):    3543880 kB
Inactive(anon):    37904 kB
Active(file):       5572 kB
Inactive(file):     3092 kB
Unevictable:          32 kB
Mlocked:              32 kB
HighTotal:       3280776 kB
HighFree:          27720 kB
LowTotal:         858764 kB
LowFree:          169920 kB
SwapTotal:             0 kB
SwapFree:              0 kB
Dirty:               168 kB
Writeback:             0 kB
AnonPages:       3542720 kB
Mapped:            32120 kB
Shmem:             39076 kB
Slab:              49036 kB
SReclaimable:      23260 kB
SUnreclaim:        25776 kB
KernelStack:        5456 kB
PageTables:        15288 kB
NFS_Unstable:          0 kB
Bounce:                0 kB
WritebackTmp:          0 kB
CommitLimit:     2069768 kB
Committed_AS:    6469644 kB
VmallocTotal:     122880 kB
VmallocUsed:       23416 kB
VmallocChunk:      49124 kB
AnonHugePages:   2656256 kB
CmaTotal:              0 kB
CmaFree:               0 kB
HugePages_Total:       0
HugePages_Free:        0
HugePages_Rsvd:        0
HugePages_Surp:        0
Hugepagesize:       2048 kB
DirectMap4k:       61432 kB
DirectMap2M:      851968 kB


CPU:total 4 (1 cores per cpu, 1 threads per core) family 6 model 58 stepping 9, cmov, cx8, fxsr, mmx, sse, sse2, sse3, ssse3, sse4.1, sse4.2, popcnt, avx, aes, erms, tsc, tscinvbit, tscinv

/proc/cpuinfo:
processor	: 0
vendor_id	: GenuineIntel
cpu family	: 6
model		: 58
model name	: Intel(R) Core(TM) i5-3210M CPU @ 2.50GHz
stepping	: 9
microcode	: 0x15
cpu MHz		: 2494.111
cache size	: 3072 KB
physical id	: 0
siblings	: 1
core id		: 0
cpu cores	: 1
apicid		: 0
initial apicid	: 0
fdiv_bug	: no
f00f_bug	: no
coma_bug	: no
fpu		: yes
fpu_exception	: yes
cpuid level	: 13
wp		: yes
flags		: fpu vme de pse tsc msr pae mce cx8 apic sep mtrr pge mca cmov pat pse36 clflush dts mmx fxsr sse sse2 ss nx rdtscp lm constant_tsc arch_perfmon pebs bts xtopology tsc_reliable nonstop_tsc aperfmperf pni pclmulqdq ssse3 cx16 pcid sse4_1 sse4_2 x2apic popcnt tsc_deadline_timer aes xsave avx f16c rdrand hypervisor lahf_lm ida arat epb pln pts dtherm fsgsbase tsc_adjust smep
bugs		:
bogomips	: 4988.22
clflush size	: 64
cache_alignment	: 64
address sizes	: 42 bits physical, 48 bits virtual
power management:

processor	: 1
vendor_id	: GenuineIntel
cpu family	: 6
model		: 58
model name	: Intel(R) Core(TM) i5-3210M CPU @ 2.50GHz
stepping	: 9
microcode	: 0x15
cpu MHz		: 2494.111
cache size	: 3072 KB
physical id	: 2
siblings	: 1
core id		: 0
cpu cores	: 1
apicid		: 2
initial apicid	: 2
fdiv_bug	: no
f00f_bug	: no
coma_bug	: no
fpu		: yes
fpu_exception	: yes
cpuid level	: 13
wp		: yes
flags		: fpu vme de pse tsc msr pae mce cx8 apic sep mtrr pge mca cmov pat pse36 clflush dts mmx fxsr sse sse2 ss nx rdtscp lm constant_tsc arch_perfmon pebs bts xtopology tsc_reliable nonstop_tsc aperfmperf pni pclmulqdq ssse3 cx16 pcid sse4_1 sse4_2 x2apic popcnt tsc_deadline_timer aes xsave avx f16c rdrand hypervisor lahf_lm ida arat epb pln pts dtherm fsgsbase tsc_adjust smep
bugs		:
bogomips	: 4988.22
clflush size	: 64
cache_alignment	: 64
address sizes	: 42 bits physical, 48 bits virtual
power management:

processor	: 2
vendor_id	: GenuineIntel
cpu family	: 6
model		: 58
model name	: Intel(R) Core(TM) i5-3210M CPU @ 2.50GHz
stepping	: 9
microcode	: 0x15
cpu MHz		: 2494.111
cache size	: 3072 KB
physical id	: 4
siblings	: 1
core id		: 0
cpu cores	: 1
apicid		: 4
initial apicid	: 4
fdiv_bug	: no
f00f_bug	: no
coma_bug	: no
fpu		: yes
fpu_exception	: yes
cpuid level	: 13
wp		: yes
flags		: fpu vme de pse tsc msr pae mce cx8 apic sep mtrr pge mca cmov pat pse36 clflush dts mmx fxsr sse sse2 ss nx rdtscp lm constant_tsc arch_perfmon pebs bts xtopology tsc_reliable nonstop_tsc aperfmperf pni pclmulqdq ssse3 cx16 pcid sse4_1 sse4_2 x2apic popcnt tsc_deadline_timer aes xsave avx f16c rdrand hypervisor lahf_lm ida arat epb pln pts dtherm fsgsbase tsc_adjust smep
bugs		:
bogomips	: 4988.22
clflush size	: 64
cache_alignment	: 64
address sizes	: 42 bits physical, 48 bits virtual
power management:

processor	: 3
vendor_id	: GenuineIntel
cpu family	: 6
model		: 58
model name	: Intel(R) Core(TM) i5-3210M CPU @ 2.50GHz
stepping	: 9
microcode	: 0x15
cpu MHz		: 2494.111
cache size	: 3072 KB
physical id	: 6
siblings	: 1
core id		: 0
cpu cores	: 1
apicid		: 6
initial apicid	: 6
fdiv_bug	: no
f00f_bug	: no
coma_bug	: no
fpu		: yes
fpu_exception	: yes
cpuid level	: 13
wp		: yes
flags		: fpu vme de pse tsc msr pae mce cx8 apic sep mtrr pge mca cmov pat pse36 clflush dts mmx fxsr sse sse2 ss nx rdtscp lm constant_tsc arch_perfmon pebs bts xtopology tsc_reliable nonstop_tsc aperfmperf pni pclmulqdq ssse3 cx16 pcid sse4_1 sse4_2 x2apic popcnt tsc_deadline_timer aes xsave avx f16c rdrand hypervisor lahf_lm ida arat epb pln pts dtherm fsgsbase tsc_adjust smep
bugs		:
bogomips	: 4988.22
clflush size	: 64
cache_alignment	: 64
address sizes	: 42 bits physical, 48 bits virtual
power management:



Memory: 4k page, physical 4139540k(197788k free), swap 0k(0k free)

vm_info: OpenJDK Server VM (24.91-b01) for linux-x86 JRE (1.7.0_91-b02), built on Nov 19 2015 06:25:06 by "buildd" with gcc 4.9.2

time: Tue May  3 15:53:09 2016
elapsed time: 20 seconds

