#
# There is insufficient memory for the Java Runtime Environment to continue.
# Native memory allocation (malloc) failed to allocate 78118912 bytes for committing reserved memory.
# Possible reasons:
#   The system is out of physical RAM or swap space
#   In 32 bit mode, the process size limit was hit
# Possible solutions:
#   Reduce memory load on the system
#   Increase physical memory or swap space
#   Check if swap backing store is full
#   Use 64 bit Java on a 64 bit OS
#   Decrease Java heap size (-Xmx/-Xms)
#   Decrease number of Java threads
#   Decrease Java thread stack sizes (-Xss)
#   Set larger code cache with -XX:ReservedCodeCacheSize=
# This output file may be truncated or incomplete.
#
#  Out of Memory Error (os_linux.cpp:2827), pid=9375, tid=1740430144
#
# JRE version: OpenJDK Runtime Environment (7.0_91-b02) (build 1.7.0_91-b02)
# Java VM: OpenJDK Server VM (24.91-b01 mixed mode linux-x86 )
# Derivative: IcedTea 2.6.3
# Distribution: Ubuntu 15.04, package 7u91-2.6.3-0ubuntu0.15.04.1
# Failed to write core dump. Core dumps have been disabled. To enable core dumping, try "ulimit -c unlimited" before starting Java again
#

---------------  T H R E A D  ---------------

Current thread (0x67a81400):  VMThread [stack: 0x67b4d000,0x67bce000] [id=9385]

Stack: [0x67b4d000,0x67bce000]
VM_Operation (0x66ae4cc0): ParallelGCFailedAllocation, mode: safepoint, requested by thread 0x6703f400


---------------  P R O C E S S  ---------------

Java Threads: ( => current thread )
  0x67046c00 JavaThread "pool-1-thread-4" [_thread_blocked, id=9400, stack(0x669a2000,0x669f3000)]
  0x67044400 JavaThread "pool-1-thread-3" [_thread_blocked, id=9399, stack(0x669f3000,0x66a44000)]
  0x67043800 JavaThread "pool-1-thread-2" [_thread_blocked, id=9398, stack(0x66a44000,0x66a95000)]
  0x6703f400 JavaThread "pool-2-thread-1" [_thread_blocked, id=9397, stack(0x66a95000,0x66ae6000)]
  0x6703e400 JavaThread "pool-1-thread-1" [_thread_blocked, id=9396, stack(0x6710c000,0x6715d000)]
  0x67aee800 JavaThread "Service Thread" daemon [_thread_blocked, id=9391, stack(0x67262000,0x672b3000)]
  0x67aec800 JavaThread "C2 CompilerThread1" daemon [_thread_in_native, id=9390, stack(0x672b3000,0x67334000)]
  0x67aeb400 JavaThread "C2 CompilerThread0" daemon [_thread_in_native, id=9389, stack(0x67334000,0x673b5000)]
  0x67a98400 JavaThread "Signal Dispatcher" daemon [_thread_blocked, id=9388, stack(0x6790d000,0x6795e000)]
  0x67a85400 JavaThread "Finalizer" daemon [_thread_blocked, id=9387, stack(0x6795e000,0x679af000)]
  0x67a83c00 JavaThread "Reference Handler" daemon [_thread_blocked, id=9386, stack(0x679af000,0x67a00000)]
  0xb6208400 JavaThread "main" [_thread_blocked, id=9380, stack(0xb6380000,0xb63d1000)]

Other Threads:
=>0x67a81400 VMThread [stack: 0x67b4d000,0x67bce000] [id=9385]
  0x67af0400 WatcherThread [stack: 0x671e1000,0x67262000] [id=9392]

VM state:at safepoint (normal execution)

VM Mutex/Monitor currently owned by a thread:  ([mutex/lock_event])
[0xb6205dd0] Threads_lock - owner thread: 0x67a81400
[0xb62061e0] Heap_lock - owner thread: 0x6703f400

Heap
 PSYoungGen      total 76544K, used 11005K [0x9db80000, 0xa3200000, 0xb3100000)
  eden space 65536K, 0% used [0x9db80000,0x9db80000,0xa1b80000)
  from space 11008K, 99% used [0xa1b80000,0xa263f5a0,0xa2640000)
  to   space 9984K, 0% used [0xa2640000,0xa2640000,0xa3000000)
 ParOldGen       total 43008K, used 20933K [0x73100000, 0x75b00000, 0x9db80000)
  object space 43008K, 48% used [0x73100000,0x74571408,0x75b00000)
 PSPermGen       total 16384K, used 4279K [0x6b100000, 0x6c100000, 0x73100000)
  object space 16384K, 26% used [0x6b100000,0x6b52ded8,0x6c100000)

Card table byte_map: [0x6aebf000,0x6b100000] byte_map_base: 0x6ab66800

Polling page: 0xb7707000

Code Cache  [0xb31e5000, 0xb3425000, 0xb61e5000)
 total_blobs=401 nmethods=278 adapters=76 free_code_cache=48155Kb largest_free_block=49289088

Compilation events (10 events):
Event: 17.755 Thread 0x67aec800 nmethod 277 0xb32539c8 code [0xb3253aa0, 0xb3253b10]
Event: 17.755 Thread 0x67aec800  278             com.android.dx.ssa.SsaRenamer$BlockRenamer::access$200 (5 bytes)
Event: 17.755 Thread 0x67aec800 nmethod 278 0xb32d40c8 code [0xb32d41c0, 0xb32d4210]
Event: 17.755 Thread 0x67aec800  279             java.util.HashMap::addEntry (69 bytes)
Event: 17.814 Thread 0x67aec800 nmethod 279 0xb32c7bc8 code [0xb32c7d40, 0xb32c8184]
Event: 17.814 Thread 0x67aec800  280             java.util.HashMap::createEntry (39 bytes)
Event: 17.828 Thread 0x67aec800 nmethod 280 0xb32c7848 code [0xb32c7940, 0xb32c7ab0]
Event: 17.828 Thread 0x67aec800  281             com.android.dx.util.LabeledList::set (45 bytes)
Event: 17.867 Thread 0x67aec800 nmethod 281 0xb32c7288 code [0xb32c73c0, 0xb32c75c4]
Event: 17.867 Thread 0x67aec800  282   !         com.android.dx.cf.code.Ropper::processBlock (1101 bytes)

GC Heap History (10 events):
Event: 8.691 GC heap after
Heap after GC invocations=2 (full 0):
 PSYoungGen      total 19200K, used 2545K [0x9db80000, 0xa0100000, 0xb3100000)
  eden space 16640K, 0% used [0x9db80000,0x9db80000,0x9ebc0000)
  from space 2560K, 99% used [0x9fe80000,0xa00fc628,0xa0100000)
  to   space 2560K, 0% used [0x9ebc0000,0x9ebc0000,0x9ee40000)
 ParOldGen       total 43008K, used 1827K [0x73100000, 0x75b00000, 0x9db80000)
  object space 43008K, 4% used [0x73100000,0x732c8fc8,0x75b00000)
 PSPermGen       total 16384K, used 4112K [0x6b100000, 0x6c100000, 0x73100000)
  object space 16384K, 25% used [0x6b100000,0x6b504048,0x6c100000)
}
Event: 10.940 GC heap before
{Heap before GC invocations=3 (full 0):
 PSYoungGen      total 19200K, used 19185K [0x9db80000, 0xa0100000, 0xb3100000)
  eden space 16640K, 100% used [0x9db80000,0x9ebc0000,0x9ebc0000)
  from space 2560K, 99% used [0x9fe80000,0xa00fc628,0xa0100000)
  to   space 2560K, 0% used [0x9ebc0000,0x9ebc0000,0x9ee40000)
 ParOldGen       total 43008K, used 1827K [0x73100000, 0x75b00000, 0x9db80000)
  object space 43008K, 4% used [0x73100000,0x732c8fc8,0x75b00000)
 PSPermGen       total 16384K, used 4193K [0x6b100000, 0x6c100000, 0x73100000)
  object space 16384K, 25% used [0x6b100000,0x6b518690,0x6c100000)
Event: 11.049 GC heap after
Heap after GC invocations=3 (full 0):
 PSYoungGen      total 19200K, used 2551K [0x9db80000, 0xa0100000, 0xb3100000)
  eden space 16640K, 0% used [0x9db80000,0x9db80000,0x9ebc0000)
  from space 2560K, 99% used [0x9ebc0000,0x9ee3df48,0x9ee40000)
  to   space 2560K, 0% used [0x9fe80000,0x9fe80000,0xa0100000)
 ParOldGen       total 43008K, used 4258K [0x73100000, 0x75b00000, 0x9db80000)
  object space 43008K, 9% used [0x73100000,0x735288a8,0x75b00000)
 PSPermGen       total 16384K, used 4193K [0x6b100000, 0x6c100000, 0x73100000)
  object space 16384K, 25% used [0x6b100000,0x6b518690,0x6c100000)
}
Event: 12.093 GC heap before
{Heap before GC invocations=4 (full 0):
 PSYoungGen      total 19200K, used 19191K [0x9db80000, 0xa0100000, 0xb3100000)
  eden space 16640K, 100% used [0x9db80000,0x9ebc0000,0x9ebc0000)
  from space 2560K, 99% used [0x9ebc0000,0x9ee3df48,0x9ee40000)
  to   space 2560K, 0% used [0x9fe80000,0x9fe80000,0xa0100000)
 ParOldGen       total 43008K, used 4258K [0x73100000, 0x75b00000, 0x9db80000)
  object space 43008K, 9% used [0x73100000,0x735288a8,0x75b00000)
 PSPermGen       total 16384K, used 4216K [0x6b100000, 0x6c100000, 0x73100000)
  object space 16384K, 25% used [0x6b100000,0x6b51e130,0x6c100000)
Event: 12.129 GC heap after
Heap after GC invocations=4 (full 0):
 PSYoungGen      total 35840K, used 2557K [0x9db80000, 0xa0100000, 0xb3100000)
  eden space 33280K, 0% used [0x9db80000,0x9db80000,0x9fc00000)
  from space 2560K, 99% used [0x9fe80000,0xa00ff418,0xa0100000)
  to   space 2560K, 0% used [0x9fc00000,0x9fc00000,0x9fe80000)
 ParOldGen       total 43008K, used 7757K [0x73100000, 0x75b00000, 0x9db80000)
  object space 43008K, 18% used [0x73100000,0x73893728,0x75b00000)
 PSPermGen       total 16384K, used 4216K [0x6b100000, 0x6c100000, 0x73100000)
  object space 16384K, 25% used [0x6b100000,0x6b51e130,0x6c100000)
}
Event: 13.631 GC heap before
{Heap before GC invocations=5 (full 0):
 PSYoungGen      total 35840K, used 35837K [0x9db80000, 0xa0100000, 0xb3100000)
  eden space 33280K, 100% used [0x9db80000,0x9fc00000,0x9fc00000)
  from space 2560K, 99% used [0x9fe80000,0xa00ff418,0xa0100000)
  to   space 2560K, 0% used [0x9fc00000,0x9fc00000,0x9fe80000)
 ParOldGen       total 43008K, used 7757K [0x73100000, 0x75b00000, 0x9db80000)
  object space 43008K, 18% used [0x73100000,0x73893728,0x75b00000)
 PSPermGen       total 16384K, used 4237K [0x6b100000, 0x6c100000, 0x73100000)
  object space 16384K, 25% used [0x6b100000,0x6b523530,0x6c100000)
Event: 13.664 GC heap after
Heap after GC invocations=5 (full 0):
 PSYoungGen      total 35840K, used 2554K [0x9db80000, 0xa3000000, 0xb3100000)
  eden space 33280K, 0% used [0x9db80000,0x9db80000,0x9fc00000)
  from space 2560K, 99% used [0x9fc00000,0x9fe7e8b0,0x9fe80000)
  to   space 9984K, 0% used [0xa2640000,0xa2640000,0xa3000000)
 ParOldGen       total 43008K, used 13341K [0x73100000, 0x75b00000, 0x9db80000)
  object space 43008K, 31% used [0x73100000,0x73e076b8,0x75b00000)
 PSPermGen       total 16384K, used 4237K [0x6b100000, 0x6c100000, 0x73100000)
  object space 16384K, 25% used [0x6b100000,0x6b523530,0x6c100000)
}
Event: 14.884 GC heap before
{Heap before GC invocations=6 (full 0):
 PSYoungGen      total 35840K, used 35834K [0x9db80000, 0xa3000000, 0xb3100000)
  eden space 33280K, 100% used [0x9db80000,0x9fc00000,0x9fc00000)
  from space 2560K, 99% used [0x9fc00000,0x9fe7e8b0,0x9fe80000)
  to   space 9984K, 0% used [0xa2640000,0xa2640000,0xa3000000)
 ParOldGen       total 43008K, used 13341K [0x73100000, 0x75b00000, 0x9db80000)
  object space 43008K, 31% used [0x73100000,0x73e076b8,0x75b00000)
 PSPermGen       total 16384K, used 4254K [0x6b100000, 0x6c100000, 0x73100000)
  object space 16384K, 25% used [0x6b100000,0x6b527a18,0x6c100000)
Event: 14.918 GC heap after
Heap after GC invocations=6 (full 0):
 PSYoungGen      total 75520K, used 8346K [0x9db80000, 0xa3200000, 0xb3100000)
  eden space 65536K, 0% used [0x9db80000,0x9db80000,0xa1b80000)
  from space 9984K, 83% used [0xa2640000,0xa2e669a8,0xa3000000)
  to   space 11008K, 0% used [0xa1b80000,0xa1b80000,0xa2640000)
 ParOldGen       total 43008K, used 13341K [0x73100000, 0x75b00000, 0x9db80000)
  object space 43008K, 31% used [0x73100000,0x73e076b8,0x75b00000)
 PSPermGen       total 16384K, used 4254K [0x6b100000, 0x6c100000, 0x73100000)
  object space 16384K, 25% used [0x6b100000,0x6b527a18,0x6c100000)
}
Event: 20.323 GC heap before
{Heap before GC invocations=7 (full 0):
 PSYoungGen      total 75520K, used 73882K [0x9db80000, 0xa3200000, 0xb3100000)
  eden space 65536K, 100% used [0x9db80000,0xa1b80000,0xa1b80000)
  from space 9984K, 83% used [0xa2640000,0xa2e669a8,0xa3000000)
  to   space 11008K, 0% used [0xa1b80000,0xa1b80000,0xa2640000)
 ParOldGen       total 43008K, used 13341K [0x73100000, 0x75b00000, 0x9db80000)
  object space 43008K, 31% used [0x73100000,0x73e076b8,0x75b00000)
 PSPermGen       total 16384K, used 4279K [0x6b100000, 0x6c100000, 0x73100000)
  object space 16384K, 26% used [0x6b100000,0x6b52ded8,0x6c100000)

Deoptimization events (10 events):
Event: 3.340 Thread 0xb6208400 Uncommon trap: reason=unstable_if action=reinterpret pc=0xb3237ae4 method=java.lang.String.indexOf(II)I @ 49
Event: 3.340 Thread 0xb6208400 Uncommon trap: reason=unstable_if action=reinterpret pc=0xb322efb8 method=java.lang.String.indexOf(II)I @ 49
Event: 3.873 Thread 0x6703e400 Uncommon trap: reason=unstable_if action=reinterpret pc=0xb323133c method=java.lang.String.compareTo(Ljava/lang/String;)I @ 38
Event: 7.726 Thread 0x67043800 Uncommon trap: reason=null_check action=make_not_entrant pc=0xb324667c method=com.android.dx.rop.code.LocalItem.equals(Ljava/lang/Object;)Z @ 1
Event: 7.731 Thread 0x67044400 Uncommon trap: reason=null_check action=make_not_entrant pc=0xb324667c method=com.android.dx.rop.code.LocalItem.equals(Ljava/lang/Object;)Z @ 1
Event: 9.236 Thread 0x67046c00 Uncommon trap: reason=null_check action=make_not_entrant pc=0xb3253f44 method=com.android.dx.ssa.SsaRenamer.getLocalForNewReg(I)Lcom/android/dx/rop/code/LocalItem; @ 19
Event: 13.721 Thread 0x67044400 Uncommon trap: reason=unstable_if action=reinterpret pc=0xb324b8c8 method=com.android.dx.rop.code.RegisterSpec.equals(ILcom/android/dx/rop/type/TypeBearer;Lcom/android/dx/rop/code/LocalItem;)Z @ 42
Event: 13.721 Thread 0x67044400 Uncommon trap: reason=unstable_if action=reinterpret pc=0xb329a664 method=com.android.dx.ssa.LocalVariableExtractor.processBlock(I)V @ 251
Event: 14.625 Thread 0xb6208400 Uncommon trap: reason=unstable_if action=reinterpret pc=0xb327c1d4 method=java.util.HashMap.put(Ljava/lang/Object;Ljava/lang/Object;)Ljava/lang/Object; @ 86
Event: 18.418 Thread 0x67046c00 Uncommon trap: reason=unstable_if action=reinterpret pc=0xb32a5ac0 method=com.android.dx.dex.code.OutputFinisher.hasLocalInfo(Lcom/android/dx/dex/code/DalvInsn;)Z @ 24

Internal exceptions (10 events):
Event: 6.498 Thread 0x67046c00 Threw 0x9e2eeaa8 at /build/openjdk-7-PdBaKN/openjdk-7-7u91-2.6.3/build/openjdk/hotspot/src/share/vm/prims/jvm.cpp:1322
Event: 6.810 Thread 0xb6208400 Threw 0x9e4132f8 at /build/openjdk-7-PdBaKN/openjdk-7-7u91-2.6.3/build/openjdk/hotspot/src/share/vm/prims/jvm.cpp:1322
Event: 7.683 Thread 0x67043800 Implicit null exception at 0xb3245e4e to 0xb3246665
Event: 7.707 Thread 0x67044400 Implicit null exception at 0xb3245e4e to 0xb3246665
Event: 9.223 Thread 0x67046c00 Implicit null exception at 0xb32528ae to 0xb3253f25
Event: 9.256 Thread 0xb6208400 Threw 0x9de185d0 at /build/openjdk-7-PdBaKN/openjdk-7-7u91-2.6.3/build/openjdk/hotspot/src/share/vm/prims/jvm.cpp:1322
Event: 9.443 Thread 0xb6208400 Threw 0x9de1b038 at /build/openjdk-7-PdBaKN/openjdk-7-7u91-2.6.3/build/openjdk/hotspot/src/share/vm/prims/jvm.cpp:1322
Event: 9.499 Thread 0xb6208400 Threw 0x9de28150 at /build/openjdk-7-PdBaKN/openjdk-7-7u91-2.6.3/build/openjdk/hotspot/src/share/vm/prims/jvm.cpp:1322
Event: 9.513 Thread 0xb6208400 Threw 0x9de2aed8 at /build/openjdk-7-PdBaKN/openjdk-7-7u91-2.6.3/build/openjdk/hotspot/src/share/vm/prims/jvm.cpp:1322
Event: 12.722 Thread 0x6703e400 Threw 0x9e9b0420 at /build/openjdk-7-PdBaKN/openjdk-7-7u91-2.6.3/build/openjdk/hotspot/src/share/vm/prims/jvm.cpp:1322

Events (10 events):
Event: 13.721 Thread 0x67044400 DEOPT UNPACKING pc=0xb3211bc8 sp=0x66a42bb8 mode 2
Event: 14.625 Thread 0xb6208400 Uncommon trap: trap_request=0xffffff75 fr.pc=0xb327c1d4
Event: 14.625 Thread 0xb6208400 DEOPT PACKING pc=0xb327c1d4 sp=0xb63cf7d0
Event: 14.625 Thread 0xb6208400 DEOPT UNPACKING pc=0xb3211bc8 sp=0xb63cf7c0 mode 2
Event: 14.876 Executing VM operation: ParallelGCFailedAllocation
Event: 14.918 Executing VM operation: ParallelGCFailedAllocation done
Event: 18.418 Thread 0x67046c00 Uncommon trap: trap_request=0xffffff75 fr.pc=0xb32a5ac0
Event: 18.418 Thread 0x67046c00 DEOPT PACKING pc=0xb32a5ac0 sp=0x669f1c00
Event: 18.418 Thread 0x67046c00 DEOPT UNPACKING pc=0xb3211bc8 sp=0x669f1b8c mode 2
Event: 20.267 Executing VM operation: ParallelGCFailedAllocation


Dynamic libraries:
08048000-08049000 r-xp 00000000 08:01 804961     /usr/lib/jvm/java-7-openjdk-i386/jre/bin/java
08049000-0804a000 r--p 00000000 08:01 804961     /usr/lib/jvm/java-7-openjdk-i386/jre/bin/java
0804a000-0804b000 rw-p 00001000 08:01 804961     /usr/lib/jvm/java-7-openjdk-i386/jre/bin/java
08daa000-08e4e000 rw-p 00000000 00:00 0          [heap]
64f00000-64ff1000 rw-p 00000000 00:00 0 
64ff1000-65000000 ---p 00000000 00:00 0 
65100000-651eb000 rw-p 00000000 00:00 0 
651eb000-65200000 ---p 00000000 00:00 0 
65200000-652ec000 rw-p 00000000 00:00 0 
652ec000-65300000 ---p 00000000 00:00 0 
65300000-653f9000 rw-p 00000000 00:00 0 
653f9000-65400000 ---p 00000000 00:00 0 
65400000-654cc000 rw-p 00000000 00:00 0 
654cc000-65500000 ---p 00000000 00:00 0 
65500000-65600000 rw-p 00000000 00:00 0 
65700000-657f9000 rw-p 00000000 00:00 0 
657f9000-65800000 ---p 00000000 00:00 0 
65900000-659fd000 rw-p 00000000 00:00 0 
659fd000-65a00000 ---p 00000000 00:00 0 
65a00000-65af6000 rw-p 00000000 00:00 0 
65af6000-65b00000 ---p 00000000 00:00 0 
65b00000-65bdd000 rw-p 00000000 00:00 0 
65bdd000-65c00000 ---p 00000000 00:00 0 
65c00000-65cf0000 rw-p 00000000 00:00 0 
65cf0000-65d00000 ---p 00000000 00:00 0 
65d00000-65e00000 rw-p 00000000 00:00 0 
65e00000-65ef7000 rw-p 00000000 00:00 0 
65ef7000-65f00000 ---p 00000000 00:00 0 
65f00000-65fee000 rw-p 00000000 00:00 0 
65fee000-66000000 ---p 00000000 00:00 0 
6604c000-66100000 rw-p 00000000 00:00 0 
66100000-661ff000 rw-p 00000000 00:00 0 
661ff000-66200000 ---p 00000000 00:00 0 
6620a000-66300000 rw-p 00000000 00:00 0 
66300000-663fd000 rw-p 00000000 00:00 0 
663fd000-66400000 ---p 00000000 00:00 0 
66400000-664fe000 rw-p 00000000 00:00 0 
664fe000-66500000 ---p 00000000 00:00 0 
66500000-665f7000 rw-p 00000000 00:00 0 
665f7000-66600000 ---p 00000000 00:00 0 
66600000-666f7000 rw-p 00000000 00:00 0 
666f7000-66700000 ---p 00000000 00:00 0 
66700000-667ff000 rw-p 00000000 00:00 0 
667ff000-66800000 ---p 00000000 00:00 0 
66800000-668fb000 rw-p 00000000 00:00 0 
668fb000-66900000 ---p 00000000 00:00 0 
66917000-669a2000 rw-p 00000000 00:00 0 
669a2000-669a5000 ---p 00000000 00:00 0 
669a5000-669f3000 rw-p 00000000 00:00 0          [stack:9400]
669f3000-669f6000 ---p 00000000 00:00 0 
669f6000-66a44000 rw-p 00000000 00:00 0          [stack:9399]
66a44000-66a47000 ---p 00000000 00:00 0 
66a47000-66a95000 rw-p 00000000 00:00 0          [stack:9398]
66a95000-66a98000 ---p 00000000 00:00 0 
66a98000-66ca7000 rw-p 00000000 00:00 0          [stack:9397]
66ca7000-66d17000 r-xp 00000000 08:01 394656     /lib/i386-linux-gnu/libpcre.so.3.13.1
66d17000-66d18000 r--p 0006f000 08:01 394656     /lib/i386-linux-gnu/libpcre.so.3.13.1
66d18000-66d19000 rw-p 00070000 08:01 394656     /lib/i386-linux-gnu/libpcre.so.3.13.1
66d19000-66e3f000 r-xp 00000000 08:01 394573     /lib/i386-linux-gnu/libglib-2.0.so.0.4400.0
66e3f000-66e40000 r--p 00125000 08:01 394573     /lib/i386-linux-gnu/libglib-2.0.so.0.4400.0
66e40000-66e41000 rw-p 00126000 08:01 394573     /lib/i386-linux-gnu/libglib-2.0.so.0.4400.0
66e41000-66ffa000 r-xp 00000000 08:01 137357     /usr/lib/i386-linux-gnu/libgio-2.0.so.0.4400.0
66ffa000-66ffd000 r--p 001b8000 08:01 137357     /usr/lib/i386-linux-gnu/libgio-2.0.so.0.4400.0
66ffd000-66fff000 rw-p 001bb000 08:01 137357     /usr/lib/i386-linux-gnu/libgio-2.0.so.0.4400.0
66fff000-67000000 rw-p 00000000 00:00 0 
67000000-67054000 rw-p 00000000 00:00 0 
67054000-67100000 ---p 00000000 00:00 0 
6710c000-6710f000 ---p 00000000 00:00 0 
6710f000-6715d000 rw-p 00000000 00:00 0          [stack:9396]
6715d000-67181000 r-xp 00000000 08:01 394683     /lib/i386-linux-gnu/libselinux.so.1
67181000-67182000 r--p 00024000 08:01 394683     /lib/i386-linux-gnu/libselinux.so.1
67182000-67183000 rw-p 00025000 08:01 394683     /lib/i386-linux-gnu/libselinux.so.1
67183000-67184000 rw-p 00000000 00:00 0 
67184000-671df000 r-xp 00000000 08:01 137385     /usr/lib/i386-linux-gnu/libgobject-2.0.so.0.4400.0
671df000-671e0000 r--p 0005b000 08:01 137385     /usr/lib/i386-linux-gnu/libgobject-2.0.so.0.4400.0
671e0000-671e1000 rw-p 0005c000 08:01 137385     /usr/lib/i386-linux-gnu/libgobject-2.0.so.0.4400.0
671e1000-671e2000 ---p 00000000 00:00 0 
671e2000-67262000 rw-p 00000000 00:00 0          [stack:9392]
67262000-67265000 ---p 00000000 00:00 0 
67265000-672b3000 rw-p 00000000 00:00 0          [stack:9391]
672b3000-672b6000 ---p 00000000 00:00 0 
672b6000-67334000 rw-p 00000000 00:00 0          [stack:9390]
67334000-67337000 ---p 00000000 00:00 0 
67337000-673b5000 rw-p 00000000 00:00 0          [stack:9389]
673b5000-674fc000 r-xp 00000000 08:01 136931     /usr/lib/i386-linux-gnu/libX11.so.6.3.0
674fc000-674fd000 r--p 00146000 08:01 136931     /usr/lib/i386-linux-gnu/libX11.so.6.3.0
674fd000-674ff000 rw-p 00147000 08:01 136931     /usr/lib/i386-linux-gnu/libX11.so.6.3.0
674ff000-67500000 rw-p 00000000 00:00 0 
67500000-67700000 r--p 00000000 08:01 143362     /usr/lib/locale/locale-archive
67700000-67721000 rw-p 00000000 00:00 0 
67721000-67800000 ---p 00000000 00:00 0 
67800000-678ec000 rw-p 00000000 00:00 0 
678ec000-67900000 ---p 00000000 00:00 0 
6790d000-67910000 ---p 00000000 00:00 0 
67910000-6795e000 rw-p 00000000 00:00 0          [stack:9388]
6795e000-67961000 ---p 00000000 00:00 0 
67961000-679af000 rw-p 00000000 00:00 0          [stack:9387]
679af000-679b2000 ---p 00000000 00:00 0 
679b2000-67a00000 rw-p 00000000 00:00 0          [stack:9386]
67a00000-67b00000 rw-p 00000000 00:00 0 
67b04000-67b18000 r-xp 00000000 08:01 394679     /lib/i386-linux-gnu/libresolv-2.21.so
67b18000-67b1a000 r--p 00013000 08:01 394679     /lib/i386-linux-gnu/libresolv-2.21.so
67b1a000-67b1b000 rw-p 00015000 08:01 394679     /lib/i386-linux-gnu/libresolv-2.21.so
67b1b000-67b1d000 rw-p 00000000 00:00 0 
67b34000-67b4b000 r-xp 00000000 08:01 805027     /usr/lib/jvm/java-7-openjdk-i386/jre/lib/i386/libnet.so
67b4b000-67b4c000 r--p 00016000 08:01 805027     /usr/lib/jvm/java-7-openjdk-i386/jre/lib/i386/libnet.so
67b4c000-67b4d000 rw-p 00017000 08:01 805027     /usr/lib/jvm/java-7-openjdk-i386/jre/lib/i386/libnet.so
67b4d000-67b4e000 ---p 00000000 00:00 0 
67b4e000-67bce000 rw-p 00000000 00:00 0          [stack:9385]
67bce000-67d80000 r--s 01d2e000 08:01 804984     /usr/lib/jvm/java-7-openjdk-i386/jre/lib/rt.jar
67d80000-6a600000 rw-p 00000000 00:00 0 
6a600000-6a6fd000 rw-p 00000000 00:00 0 
6a6fd000-6a700000 ---p 00000000 00:00 0 
6a702000-6a712000 r-xp 00000000 08:01 804991     /usr/lib/jvm/java-7-openjdk-i386/jre/lib/i386/libnio.so
6a712000-6a713000 r--p 00010000 08:01 804991     /usr/lib/jvm/java-7-openjdk-i386/jre/lib/i386/libnio.so
6a713000-6a714000 rw-p 00011000 08:01 804991     /usr/lib/jvm/java-7-openjdk-i386/jre/lib/i386/libnio.so
6a714000-6a734000 r-xp 00000000 08:01 138125     /usr/lib/i386-linux-gnu/libxcb.so.1.1.0
6a734000-6a735000 r--p 0001f000 08:01 138125     /usr/lib/i386-linux-gnu/libxcb.so.1.1.0
6a735000-6a736000 rw-p 00020000 08:01 138125     /usr/lib/i386-linux-gnu/libxcb.so.1.1.0
6a736000-6a77f000 rw-p 00000000 00:00 0 
6a77f000-6a780000 ---p 00000000 00:00 0 
6a780000-6a800000 rw-p 00000000 00:00 0          [stack:9384]
6a800000-6a821000 rw-p 00000000 00:00 0 
6a821000-6a900000 ---p 00000000 00:00 0 
6a900000-6a921000 rw-p 00000000 00:00 0 
6a921000-6aa00000 ---p 00000000 00:00 0 
6aa03000-6aa0a000 r-xp 00000000 08:01 137254     /usr/lib/i386-linux-gnu/libffi.so.6.0.4
6aa0a000-6aa0c000 r--p 00006000 08:01 137254     /usr/lib/i386-linux-gnu/libffi.so.6.0.4
6aa0c000-6aa0d000 rw-p 00008000 08:01 137254     /usr/lib/i386-linux-gnu/libffi.so.6.0.4
6aa0d000-6aa24000 r--s 000a5000 08:01 946080     /home/student/test/HealthyBit/app/build/intermediates/exploded-aar/com.mbientlab/metawear/2.5.9/jars/classes.jar
6aa24000-6aa7f000 rw-p 00000000 00:00 0 
6aa7f000-6aa80000 ---p 00000000 00:00 0 
6aa80000-6ab00000 rw-p 00000000 00:00 0          [stack:9383]
6ab00000-6ab2f000 rw-p 00000000 00:00 0 
6ab2f000-6ac00000 ---p 00000000 00:00 0 
6ac04000-6ac07000 r-xp 00000000 08:01 137371     /usr/lib/i386-linux-gnu/libgmodule-2.0.so.0.4400.0
6ac07000-6ac08000 r--p 00002000 08:01 137371     /usr/lib/i386-linux-gnu/libgmodule-2.0.so.0.4400.0
6ac08000-6ac09000 rw-p 00003000 08:01 137371     /usr/lib/i386-linux-gnu/libgmodule-2.0.so.0.4400.0
6ac09000-6ac0e000 r-xp 00000000 08:01 136946     /usr/lib/i386-linux-gnu/libXdmcp.so.6.0.0
6ac0e000-6ac0f000 r--p 00004000 08:01 136946     /usr/lib/i386-linux-gnu/libXdmcp.so.6.0.0
6ac0f000-6ac10000 rw-p 00005000 08:01 136946     /usr/lib/i386-linux-gnu/libXdmcp.so.6.0.0
6ac10000-6ac12000 r-xp 00000000 08:01 136935     /usr/lib/i386-linux-gnu/libXau.so.6.0.0
6ac12000-6ac13000 r--p 00001000 08:01 136935     /usr/lib/i386-linux-gnu/libXau.so.6.0.0
6ac13000-6ac14000 rw-p 00002000 08:01 136935     /usr/lib/i386-linux-gnu/libXau.so.6.0.0
6ac14000-6ac16000 r-xp 00000000 08:01 141618     /usr/lib/jayatana/libjayatanaag.so
6ac16000-6ac17000 r--p 00001000 08:01 141618     /usr/lib/jayatana/libjayatanaag.so
6ac17000-6ac18000 rw-p 00002000 08:01 141618     /usr/lib/jayatana/libjayatanaag.so
6ac18000-6ac27000 r--s 000df000 08:01 1062595    /home/student/Android/Sdk/build-tools/23.0.3/lib/dx.jar
6ac27000-6ac28000 ---p 00000000 00:00 0 
6ac28000-6aca8000 rw-p 00000000 00:00 0          [stack:9382]
6aca8000-6aca9000 ---p 00000000 00:00 0 
6aca9000-6ad31000 rw-p 00000000 00:00 0          [stack:9381]
6ad31000-6ad69000 rw-p 00000000 00:00 0 
6ad69000-6ad7e000 rw-p 00000000 00:00 0 
6ad7e000-6aebf000 rw-p 00000000 00:00 0 
6aebf000-6aec7000 rw-p 00000000 00:00 0 
6aec7000-6aeff000 rw-p 00000000 00:00 0 
6aeff000-6af14000 rw-p 00000000 00:00 0 
6af14000-6b054000 rw-p 00000000 00:00 0 
6b054000-6b080000 rw-p 00000000 00:00 0 
6b080000-6b0ff000 rw-p 00000000 00:00 0 
6b0ff000-6c100000 rw-p 00000000 00:00 0 
6c100000-73100000 rw-p 00000000 00:00 0 
73100000-75b00000 rw-p 00000000 00:00 0 
75b00000-9db80000 rw-p 00000000 00:00 0 
9db80000-a3200000 rw-p 00000000 00:00 0 
a7c80000-b3100000 rw-p 00000000 00:00 0 
b3102000-b3106000 r--s 00085000 08:01 804976     /usr/lib/jvm/java-7-openjdk-i386/jre/lib/ext/localedata.jar
b3106000-b310a000 r--s 00034000 08:01 804978     /usr/lib/jvm/java-7-openjdk-i386/jre/lib/ext/sunjce_provider.jar
b310a000-b312e000 rw-p 00000000 00:00 0 
b312e000-b31e5000 rw-p 00000000 00:00 0 
b31e5000-b3425000 rwxp 00000000 00:00 0 
b3425000-b61e5000 rw-p 00000000 00:00 0 
b61e5000-b61f1000 r-xp 00000000 08:01 394626     /lib/i386-linux-gnu/libnss_files-2.21.so
b61f1000-b61f2000 r--p 0000b000 08:01 394626     /lib/i386-linux-gnu/libnss_files-2.21.so
b61f2000-b61f3000 rw-p 0000c000 08:01 394626     /lib/i386-linux-gnu/libnss_files-2.21.so
b61f3000-b61fe000 r-xp 00000000 08:01 394636     /lib/i386-linux-gnu/libnss_nis-2.21.so
b61fe000-b61ff000 r--p 0000a000 08:01 394636     /lib/i386-linux-gnu/libnss_nis-2.21.so
b61ff000-b6200000 rw-p 0000b000 08:01 394636     /lib/i386-linux-gnu/libnss_nis-2.21.so
b6200000-b6300000 rw-p 00000000 00:00 0 
b6302000-b6303000 r--s 00000000 08:01 414147     /usr/share/java/jayatanaag.jar
b6303000-b6307000 r--s 0003c000 08:01 804979     /usr/lib/jvm/java-7-openjdk-i386/jre/lib/ext/sunpkcs11.jar
b6307000-b631e000 r-xp 00000000 08:01 394620     /lib/i386-linux-gnu/libnsl-2.21.so
b631e000-b631f000 r--p 00016000 08:01 394620     /lib/i386-linux-gnu/libnsl-2.21.so
b631f000-b6320000 rw-p 00017000 08:01 394620     /lib/i386-linux-gnu/libnsl-2.21.so
b6320000-b6322000 rw-p 00000000 00:00 0 
b6322000-b632a000 r-xp 00000000 08:01 394622     /lib/i386-linux-gnu/libnss_compat-2.21.so
b632a000-b632b000 r--p 00007000 08:01 394622     /lib/i386-linux-gnu/libnss_compat-2.21.so
b632b000-b632c000 rw-p 00008000 08:01 394622     /lib/i386-linux-gnu/libnss_compat-2.21.so
b632c000-b632f000 r--s 0000f000 08:01 804977     /usr/lib/jvm/java-7-openjdk-i386/jre/lib/ext/icedtea-sound.jar
b632f000-b6331000 r--s 00012000 08:01 804975     /usr/lib/jvm/java-7-openjdk-i386/jre/lib/ext/zipfs.jar
b6331000-b6339000 r-xp 00000000 08:01 804995     /usr/lib/jvm/java-7-openjdk-i386/jre/lib/i386/libzip.so
b6339000-b633a000 r--p 00007000 08:01 804995     /usr/lib/jvm/java-7-openjdk-i386/jre/lib/i386/libzip.so
b633a000-b633b000 rw-p 00008000 08:01 804995     /usr/lib/jvm/java-7-openjdk-i386/jre/lib/i386/libzip.so
b633b000-b6343000 rw-s 00000000 08:01 429863     /tmp/hsperfdata_student/9375
b6343000-b634d000 r-xp 00000000 08:01 805017     /usr/lib/jvm/java-7-openjdk-i386/jre/lib/i386/libinstrument.so
b634d000-b634e000 r--p 00009000 08:01 805017     /usr/lib/jvm/java-7-openjdk-i386/jre/lib/i386/libinstrument.so
b634e000-b634f000 rw-p 0000a000 08:01 805017     /usr/lib/jvm/java-7-openjdk-i386/jre/lib/i386/libinstrument.so
b634f000-b6375000 r-xp 00000000 08:01 805003     /usr/lib/jvm/java-7-openjdk-i386/jre/lib/i386/libjava.so
b6375000-b6376000 r--p 00025000 08:01 805003     /usr/lib/jvm/java-7-openjdk-i386/jre/lib/i386/libjava.so
b6376000-b6377000 rw-p 00026000 08:01 805003     /usr/lib/jvm/java-7-openjdk-i386/jre/lib/i386/libjava.so
b6377000-b637e000 r-xp 00000000 08:01 394681     /lib/i386-linux-gnu/librt-2.21.so
b637e000-b637f000 r--p 00006000 08:01 394681     /lib/i386-linux-gnu/librt-2.21.so
b637f000-b6380000 rw-p 00007000 08:01 394681     /lib/i386-linux-gnu/librt-2.21.so
b6380000-b6383000 ---p 00000000 00:00 0 
b6383000-b63d1000 rw-p 00000000 00:00 0          [stack:9380]
b63d1000-b63ed000 r-xp 00000000 08:01 394569     /lib/i386-linux-gnu/libgcc_s.so.1
b63ed000-b63ee000 rw-p 0001b000 08:01 394569     /lib/i386-linux-gnu/libgcc_s.so.1
b63ee000-b6439000 r-xp 00000000 08:01 394599     /lib/i386-linux-gnu/libm-2.21.so
b6439000-b643a000 r--p 0004a000 08:01 394599     /lib/i386-linux-gnu/libm-2.21.so
b643a000-b643b000 rw-p 0004b000 08:01 394599     /lib/i386-linux-gnu/libm-2.21.so
b643b000-b6524000 r-xp 00000000 08:01 137921     /usr/lib/i386-linux-gnu/libstdc++.so.6.0.20
b6524000-b6528000 r--p 000e9000 08:01 137921     /usr/lib/i386-linux-gnu/libstdc++.so.6.0.20
b6528000-b6529000 rw-p 000ed000 08:01 137921     /usr/lib/i386-linux-gnu/libstdc++.so.6.0.20
b6529000-b6530000 rw-p 00000000 00:00 0 
b6530000-b7083000 r-xp 00000000 08:01 805013     /usr/lib/jvm/java-7-openjdk-i386/jre/lib/i386/server/libjvm.so
b7083000-b70d7000 r--p 00b52000 08:01 805013     /usr/lib/jvm/java-7-openjdk-i386/jre/lib/i386/server/libjvm.so
b70d7000-b70eb000 rw-p 00ba6000 08:01 805013     /usr/lib/jvm/java-7-openjdk-i386/jre/lib/i386/server/libjvm.so
b70eb000-b750a000 rw-p 00000000 00:00 0 
b750a000-b7523000 r-xp 00000000 08:01 394714     /lib/i386-linux-gnu/libz.so.1.2.8
b7523000-b7524000 r--p 00019000 08:01 394714     /lib/i386-linux-gnu/libz.so.1.2.8
b7524000-b7525000 rw-p 0001a000 08:01 394714     /lib/i386-linux-gnu/libz.so.1.2.8
b7525000-b753e000 r-xp 00000000 08:01 394673     /lib/i386-linux-gnu/libpthread-2.21.so
b753e000-b753f000 r--p 00018000 08:01 394673     /lib/i386-linux-gnu/libpthread-2.21.so
b753f000-b7540000 rw-p 00019000 08:01 394673     /lib/i386-linux-gnu/libpthread-2.21.so
b7540000-b7542000 rw-p 00000000 00:00 0 
b7542000-b7545000 r-xp 00000000 08:01 394557     /lib/i386-linux-gnu/libdl-2.21.so
b7545000-b7546000 r--p 00002000 08:01 394557     /lib/i386-linux-gnu/libdl-2.21.so
b7546000-b7547000 rw-p 00003000 08:01 394557     /lib/i386-linux-gnu/libdl-2.21.so
b7547000-b76fb000 r-xp 00000000 08:01 394540     /lib/i386-linux-gnu/libc-2.21.so
b76fb000-b76fe000 r--p 001b3000 08:01 394540     /lib/i386-linux-gnu/libc-2.21.so
b76fe000-b7700000 rw-p 001b6000 08:01 394540     /lib/i386-linux-gnu/libc-2.21.so
b7700000-b7702000 rw-p 00000000 00:00 0 
b7702000-b7703000 r--s 00002000 08:01 804980     /usr/lib/jvm/java-7-openjdk-i386/jre/lib/ext/dnsns.jar
b7703000-b7705000 r--s 00006000 08:01 399091     /usr/share/java/java-atk-wrapper.jar
b7705000-b7706000 r--p 005e0000 08:01 143362     /usr/lib/locale/locale-archive
b7706000-b7707000 rw-p 00000000 00:00 0 
b7707000-b7708000 ---p 00000000 00:00 0 
b7708000-b7716000 r-xp 00000000 08:01 805022     /usr/lib/jvm/java-7-openjdk-i386/jre/lib/i386/libverify.so
b7716000-b7718000 r--p 0000d000 08:01 805022     /usr/lib/jvm/java-7-openjdk-i386/jre/lib/i386/libverify.so
b7718000-b7719000 rw-p 0000f000 08:01 805022     /usr/lib/jvm/java-7-openjdk-i386/jre/lib/i386/libverify.so
b7719000-b7725000 r-xp 00000000 08:01 805024     /usr/lib/jvm/java-7-openjdk-i386/jre/lib/i386/jli/libjli.so
b7725000-b7726000 r--p 0000b000 08:01 805024     /usr/lib/jvm/java-7-openjdk-i386/jre/lib/i386/jli/libjli.so
b7726000-b7727000 rw-p 0000c000 08:01 805024     /usr/lib/jvm/java-7-openjdk-i386/jre/lib/i386/jli/libjli.so
b7727000-b772a000 rw-p 00000000 00:00 0 
b772a000-b772c000 r--p 00000000 00:00 0          [vvar]
b772c000-b772d000 r-xp 00000000 00:00 0          [vdso]
b772d000-b774f000 r-xp 00000000 08:01 394512     /lib/i386-linux-gnu/ld-2.21.so
b774f000-b7750000 r--p 00021000 08:01 394512     /lib/i386-linux-gnu/ld-2.21.so
b7750000-b7751000 rw-p 00022000 08:01 394512     /lib/i386-linux-gnu/ld-2.21.so
bf878000-bf879000 rwxp 00000000 00:00 0 
bf8aa000-bf8cc000 rw-p 00000000 00:00 0          [stack]

VM Arguments:
jvm_args: -javaagent:/usr/share/java/jayatanaag.jar -Djava.awt.headless=true -Xmx1024M -Dfile.encoding=UTF-8 -Duser.country=US -Duser.language=en -Duser.variant 
java_command: com.android.dx.command.Main --dex --num-threads=4 --output /home/student/test/HealthyBit/app/build/intermediates/pre-dexed/debug/com.mbientlab-metawear-2.5.9_3a90c87d0473f367b2fe51cd28f65a6fc5d3d92d.jar /home/student/test/HealthyBit/app/build/intermediates/exploded-aar/com.mbientlab/metawear/2.5.9/jars/classes.jar
Launcher Type: SUN_STANDARD

Environment Variables:
JAVA_TOOL_OPTIONS=-javaagent:/usr/share/java/jayatanaag.jar 
PATH=/home/student/.linuxbrew/bin:/usr/local/sbin:/usr/local/bin:/usr/sbin:/usr/bin:/sbin:/bin:/usr/games:/usr/local/games:/etc/android-studio/bin/:/home/student/Android/Sdk/platform-tools:/home/student/Android/Sdk/tools
LD_LIBRARY_PATH=/etc/android-studio/bin:
SHELL=/bin/bash
DISPLAY=:0

Signal Handlers:
SIGSEGV: [libjvm.so+0x7f7d00], sa_mask[0]=0x7ffbfeff, sa_flags=0x10000004
SIGBUS: [libjvm.so+0x7f7d00], sa_mask[0]=0x7ffbfeff, sa_flags=0x10000004
SIGFPE: [libjvm.so+0x67a9d0], sa_mask[0]=0x7ffbfeff, sa_flags=0x10000004
SIGPIPE: [libjvm.so+0x67a9d0], sa_mask[0]=0x7ffbfeff, sa_flags=0x10000004
SIGXFSZ: [libjvm.so+0x67a9d0], sa_mask[0]=0x7ffbfeff, sa_flags=0x10000004
SIGILL: [libjvm.so+0x67a9d0], sa_mask[0]=0x7ffbfeff, sa_flags=0x10000004
SIGUSR1: SIG_DFL, sa_mask[0]=0x00000000, sa_flags=0x00000000
SIGUSR2: [libjvm.so+0x67a820], sa_mask[0]=0x00000004, sa_flags=0x10000004
SIGHUP: [libjvm.so+0x67aa80], sa_mask[0]=0x7ffbfeff, sa_flags=0x10000004
SIGINT: [libjvm.so+0x67aa80], sa_mask[0]=0x7ffbfeff, sa_flags=0x10000004
SIGTERM: [libjvm.so+0x67aa80], sa_mask[0]=0x7ffbfeff, sa_flags=0x10000004
SIGQUIT: [libjvm.so+0x67aa80], sa_mask[0]=0x7ffbfeff, sa_flags=0x10000004
SIGTRAP: SIG_DFL, sa_mask[0]=0x00000000, sa_flags=0x00000000


---------------  S Y S T E M  ---------------

OS:Ubuntu 15.04 (vivid)
uname:Linux 3.19.0-18-generic #18-Ubuntu SMP Tue May 19 18:30:59 UTC 2015 i686
libc:glibc 2.21 NPTL 2.21 
rlimit: STACK 8192k, CORE 0k, NPROC 32177, NOFILE 65536, AS infinity
load average:12.04 6.58 5.02

/proc/meminfo:
MemTotal:        4139540 kB
MemFree:          246860 kB
MemAvailable:     197648 kB
Buffers:            7172 kB
Cached:            99000 kB
SwapCached:            0 kB
Active:          3457880 kB
Inactive:          83228 kB
Active(anon):    3436244 kB
Inactive(anon):    37884 kB
Active(file):      21636 kB
Inactive(file):    45344 kB
Unevictable:          32 kB
Mlocked:              32 kB
HighTotal:       3280776 kB
HighFree:          71052 kB
LowTotal:         858764 kB
LowFree:          175808 kB
SwapTotal:             0 kB
SwapFree:              0 kB
Dirty:                88 kB
Writeback:             0 kB
AnonPages:       3435004 kB
Mapped:            66220 kB
Shmem:             39060 kB
Slab:              50236 kB
SReclaimable:      23912 kB
SUnreclaim:        26324 kB
KernelStack:        5520 kB
PageTables:        15048 kB
NFS_Unstable:          0 kB
Bounce:                0 kB
WritebackTmp:          0 kB
CommitLimit:     2069768 kB
Committed_AS:    6315120 kB
VmallocTotal:     122880 kB
VmallocUsed:       23416 kB
VmallocChunk:      49124 kB
AnonHugePages:   2646016 kB
CmaTotal:              0 kB
CmaFree:               0 kB
HugePages_Total:       0
HugePages_Free:        0
HugePages_Rsvd:        0
HugePages_Surp:        0
Hugepagesize:       2048 kB
DirectMap4k:       61432 kB
DirectMap2M:      851968 kB


CPU:total 4 (1 cores per cpu, 1 threads per core) family 6 model 58 stepping 9, cmov, cx8, fxsr, mmx, sse, sse2, sse3, ssse3, sse4.1, sse4.2, popcnt, avx, aes, erms, tsc, tscinvbit, tscinv

/proc/cpuinfo:
processor	: 0
vendor_id	: GenuineIntel
cpu family	: 6
model		: 58
model name	: Intel(R) Core(TM) i5-3210M CPU @ 2.50GHz
stepping	: 9
microcode	: 0x15
cpu MHz		: 2494.111
cache size	: 3072 KB
physical id	: 0
siblings	: 1
core id		: 0
cpu cores	: 1
apicid		: 0
initial apicid	: 0
fdiv_bug	: no
f00f_bug	: no
coma_bug	: no
fpu		: yes
fpu_exception	: yes
cpuid level	: 13
wp		: yes
flags		: fpu vme de pse tsc msr pae mce cx8 apic sep mtrr pge mca cmov pat pse36 clflush dts mmx fxsr sse sse2 ss nx rdtscp lm constant_tsc arch_perfmon pebs bts xtopology tsc_reliable nonstop_tsc aperfmperf pni pclmulqdq ssse3 cx16 pcid sse4_1 sse4_2 x2apic popcnt tsc_deadline_timer aes xsave avx f16c rdrand hypervisor lahf_lm ida arat epb pln pts dtherm fsgsbase tsc_adjust smep
bugs		:
bogomips	: 4988.22
clflush size	: 64
cache_alignment	: 64
address sizes	: 42 bits physical, 48 bits virtual
power management:

processor	: 1
vendor_id	: GenuineIntel
cpu family	: 6
model		: 58
model name	: Intel(R) Core(TM) i5-3210M CPU @ 2.50GHz
stepping	: 9
microcode	: 0x15
cpu MHz		: 2494.111
cache size	: 3072 KB
physical id	: 2
siblings	: 1
core id		: 0
cpu cores	: 1
apicid		: 2
initial apicid	: 2
fdiv_bug	: no
f00f_bug	: no
coma_bug	: no
fpu		: yes
fpu_exception	: yes
cpuid level	: 13
wp		: yes
flags		: fpu vme de pse tsc msr pae mce cx8 apic sep mtrr pge mca cmov pat pse36 clflush dts mmx fxsr sse sse2 ss nx rdtscp lm constant_tsc arch_perfmon pebs bts xtopology tsc_reliable nonstop_tsc aperfmperf pni pclmulqdq ssse3 cx16 pcid sse4_1 sse4_2 x2apic popcnt tsc_deadline_timer aes xsave avx f16c rdrand hypervisor lahf_lm ida arat epb pln pts dtherm fsgsbase tsc_adjust smep
bugs		:
bogomips	: 4988.22
clflush size	: 64
cache_alignment	: 64
address sizes	: 42 bits physical, 48 bits virtual
power management:

processor	: 2
vendor_id	: GenuineIntel
cpu family	: 6
model		: 58
model name	: Intel(R) Core(TM) i5-3210M CPU @ 2.50GHz
stepping	: 9
microcode	: 0x15
cpu MHz		: 2494.111
cache size	: 3072 KB
physical id	: 4
siblings	: 1
core id		: 0
cpu cores	: 1
apicid		: 4
initial apicid	: 4
fdiv_bug	: no
f00f_bug	: no
coma_bug	: no
fpu		: yes
fpu_exception	: yes
cpuid level	: 13
wp		: yes
flags		: fpu vme de pse tsc msr pae mce cx8 apic sep mtrr pge mca cmov pat pse36 clflush dts mmx fxsr sse sse2 ss nx rdtscp lm constant_tsc arch_perfmon pebs bts xtopology tsc_reliable nonstop_tsc aperfmperf pni pclmulqdq ssse3 cx16 pcid sse4_1 sse4_2 x2apic popcnt tsc_deadline_timer aes xsave avx f16c rdrand hypervisor lahf_lm ida arat epb pln pts dtherm fsgsbase tsc_adjust smep
bugs		:
bogomips	: 4988.22
clflush size	: 64
cache_alignment	: 64
address sizes	: 42 bits physical, 48 bits virtual
power management:

processor	: 3
vendor_id	: GenuineIntel
cpu family	: 6
model		: 58
model name	: Intel(R) Core(TM) i5-3210M CPU @ 2.50GHz
stepping	: 9
microcode	: 0x15
cpu MHz		: 2494.111
cache size	: 3072 KB
physical id	: 6
siblings	: 1
core id		: 0
cpu cores	: 1
apicid		: 6
initial apicid	: 6
fdiv_bug	: no
f00f_bug	: no
coma_bug	: no
fpu		: yes
fpu_exception	: yes
cpuid level	: 13
wp		: yes
flags		: fpu vme de pse tsc msr pae mce cx8 apic sep mtrr pge mca cmov pat pse36 clflush dts mmx fxsr sse sse2 ss nx rdtscp lm constant_tsc arch_perfmon pebs bts xtopology tsc_reliable nonstop_tsc aperfmperf pni pclmulqdq ssse3 cx16 pcid sse4_1 sse4_2 x2apic popcnt tsc_deadline_timer aes xsave avx f16c rdrand hypervisor lahf_lm ida arat epb pln pts dtherm fsgsbase tsc_adjust smep
bugs		:
bogomips	: 4988.22
clflush size	: 64
cache_alignment	: 64
address sizes	: 42 bits physical, 48 bits virtual
power management:



Memory: 4k page, physical 4139540k(246860k free), swap 0k(0k free)

vm_info: OpenJDK Server VM (24.91-b01) for linux-x86 JRE (1.7.0_91-b02), built on Nov 19 2015 06:25:06 by "buildd" with gcc 4.9.2

time: Tue May  3 16:33:01 2016
elapsed time: 20 seconds

