#
# There is insufficient memory for the Java Runtime Environment to continue.
# Native memory allocation (malloc) failed to allocate 77070336 bytes for committing reserved memory.
# Possible reasons:
#   The system is out of physical RAM or swap space
#   In 32 bit mode, the process size limit was hit
# Possible solutions:
#   Reduce memory load on the system
#   Increase physical memory or swap space
#   Check if swap backing store is full
#   Use 64 bit Java on a 64 bit OS
#   Decrease Java heap size (-Xmx/-Xms)
#   Decrease number of Java threads
#   Decrease Java thread stack sizes (-Xss)
#   Set larger code cache with -XX:ReservedCodeCacheSize=
# This output file may be truncated or incomplete.
#
#  Out of Memory Error (os_linux.cpp:2827), pid=5682, tid=1740430144
#
# JRE version: OpenJDK Runtime Environment (7.0_91-b02) (build 1.7.0_91-b02)
# Java VM: OpenJDK Server VM (24.91-b01 mixed mode linux-x86 )
# Derivative: IcedTea 2.6.3
# Distribution: Ubuntu 15.04, package 7u91-2.6.3-0ubuntu0.15.04.1
# Failed to write core dump. Core dumps have been disabled. To enable core dumping, try "ulimit -c unlimited" before starting Java again
#

---------------  T H R E A D  ---------------

Current thread (0x67a81400):  VMThread [stack: 0x67b4d000,0x67bce000] [id=5695]

Stack: [0x67b4d000,0x67bce000]
VM_Operation (0x66accaf4): ParallelGCFailedAllocation, mode: safepoint, requested by thread 0x6714b800


---------------  P R O C E S S  ---------------

Java Threads: ( => current thread )
  0x6714f000 JavaThread "pool-2-thread-4" [_thread_blocked, id=5728, stack(0x669db000,0x66a2c000)]
  0x6714c800 JavaThread "pool-2-thread-3" [_thread_blocked, id=5727, stack(0x66a2c000,0x66a7d000)]
  0x6714b800 JavaThread "pool-2-thread-2" [_thread_blocked, id=5725, stack(0x66a7d000,0x66ace000)]
  0x67147400 JavaThread "pool-3-thread-1" [_thread_blocked, id=5720, stack(0x66ace000,0x66b1f000)]
  0x67146400 JavaThread "pool-2-thread-1" [_thread_blocked, id=5719, stack(0x66b1f000,0x66b70000)]
  0x67aee800 JavaThread "Service Thread" daemon [_thread_blocked, id=5715, stack(0x672c0000,0x67311000)]
  0x67aec800 JavaThread "C2 CompilerThread1" daemon [_thread_blocked, id=5714, stack(0x67311000,0x67392000)]
  0x67aeb400 JavaThread "C2 CompilerThread0" daemon [_thread_blocked, id=5711, stack(0x67392000,0x67413000)]
  0x67a98400 JavaThread "Signal Dispatcher" daemon [_thread_blocked, id=5709, stack(0x6755e000,0x675af000)]
  0x67a85400 JavaThread "Finalizer" daemon [_thread_blocked, id=5700, stack(0x677af000,0x67800000)]
  0x67a83c00 JavaThread "Reference Handler" daemon [_thread_blocked, id=5698, stack(0x6a72e000,0x6a77f000)]
  0xb6208400 JavaThread "main" [_thread_blocked, id=5684, stack(0xb639b000,0xb63ec000)]

Other Threads:
=>0x67a81400 VMThread [stack: 0x67b4d000,0x67bce000] [id=5695]
  0x67af0800 WatcherThread [stack: 0x6723f000,0x672c0000] [id=5718]

VM state:at safepoint (normal execution)

VM Mutex/Monitor currently owned by a thread:  ([mutex/lock_event])
[0xb6205e10] Threads_lock - owner thread: 0x67a81400
[0xb6206220] Heap_lock - owner thread: 0x6714b800

Heap
 PSYoungGen      total 76288K, used 11000K [0x9dbc0000, 0xa3240000, 0xb3140000)
  eden space 65280K, 0% used [0x9dbc0000,0x9dbc0000,0xa1b80000)
  from space 11008K, 99% used [0xa1b80000,0xa263e288,0xa2640000)
  to   space 9728K, 0% used [0xa2640000,0xa2640000,0xa2fc0000)
 ParOldGen       total 43008K, used 20601K [0x73140000, 0x75b40000, 0x9dbc0000)
  object space 43008K, 47% used [0x73140000,0x7455e5c0,0x75b40000)
 PSPermGen       total 16384K, used 4277K [0x6b140000, 0x6c140000, 0x73140000)
  object space 16384K, 26% used [0x6b140000,0x6b56d528,0x6c140000)

Card table byte_map: [0x6aeff000,0x6b140000] byte_map_base: 0x6aba6600

Polling page: 0xb7722000

Code Cache  [0xb3200000, 0xb3440000, 0xb6200000)
 total_blobs=393 nmethods=270 adapters=76 free_code_cache=48089Kb largest_free_block=49195840

Compilation events (10 events):
Event: 19.694 Thread 0x67aec800 nmethod 268 0xb32eb508 code [0xb32eb620, 0xb32eb790]
Event: 19.694 Thread 0x67aec800  269             java.util.HashSet::contains (9 bytes)
Event: 19.702 Thread 0x67aec800 nmethod 269 0xb32eafc8 code [0xb32eb0e0, 0xb32eb270]
Event: 19.702 Thread 0x67aec800  270             com.android.dx.rop.code.LocalVariableExtractor::processBlock (327 bytes)
Event: 20.019 Thread 0x67aeb400 nmethod 259 0xb3308708 code [0xb3308aa0, 0xb330b188]
Event: 20.019 Thread 0x67aeb400  271             com.android.dx.rop.code.BasicBlockList::forEachInsn (39 bytes)
Event: 20.036 Thread 0x67aeb400 nmethod 271 0xb32df908 code [0xb32dfa20, 0xb32dfc30]
Event: 20.036 Thread 0x67aeb400  272             com.android.dx.ssa.DeadCodeRemover::isCircularNoSideEffect (140 bytes)
Event: 20.198 Thread 0x67aec800 nmethod 270 0xb3311088 code [0xb33113a0, 0xb3312920]
Event: 20.198 Thread 0x67aec800  273             com.android.dx.ssa.DeadCodeRemover::run (194 bytes)

GC Heap History (10 events):
Event: 3.288 GC heap after
Heap after GC invocations=2 (full 0):
 PSYoungGen      total 19200K, used 2545K [0x9dbc0000, 0xa0140000, 0xb3140000)
  eden space 16640K, 0% used [0x9dbc0000,0x9dbc0000,0x9ec00000)
  from space 2560K, 99% used [0x9ee80000,0x9f0fc628,0x9f100000)
  to   space 2560K, 0% used [0x9ec00000,0x9ec00000,0x9ee80000)
 ParOldGen       total 43008K, used 1918K [0x73140000, 0x75b40000, 0x9dbc0000)
  object space 43008K, 4% used [0x73140000,0x7331f998,0x75b40000)
 PSPermGen       total 16384K, used 4103K [0x6b140000, 0x6c140000, 0x73140000)
  object space 16384K, 25% used [0x6b140000,0x6b541c80,0x6c140000)
}
Event: 5.170 GC heap before
{Heap before GC invocations=3 (full 0):
 PSYoungGen      total 19200K, used 19185K [0x9dbc0000, 0xa0140000, 0xb3140000)
  eden space 16640K, 100% used [0x9dbc0000,0x9ec00000,0x9ec00000)
  from space 2560K, 99% used [0x9ee80000,0x9f0fc628,0x9f100000)
  to   space 2560K, 0% used [0x9ec00000,0x9ec00000,0x9ee80000)
 ParOldGen       total 43008K, used 1918K [0x73140000, 0x75b40000, 0x9dbc0000)
  object space 43008K, 4% used [0x73140000,0x7331f998,0x75b40000)
 PSPermGen       total 16384K, used 4189K [0x6b140000, 0x6c140000, 0x73140000)
  object space 16384K, 25% used [0x6b140000,0x6b5574c8,0x6c140000)
Event: 5.214 GC heap after
Heap after GC invocations=3 (full 0):
 PSYoungGen      total 19200K, used 2550K [0x9dbc0000, 0xa0140000, 0xb3140000)
  eden space 16640K, 0% used [0x9dbc0000,0x9dbc0000,0x9ec00000)
  from space 2560K, 99% used [0x9ec00000,0x9ee7dba8,0x9ee80000)
  to   space 2560K, 0% used [0x9fec0000,0x9fec0000,0xa0140000)
 ParOldGen       total 43008K, used 4182K [0x73140000, 0x75b40000, 0x9dbc0000)
  object space 43008K, 9% used [0x73140000,0x73555840,0x75b40000)
 PSPermGen       total 16384K, used 4189K [0x6b140000, 0x6c140000, 0x73140000)
  object space 16384K, 25% used [0x6b140000,0x6b5574c8,0x6c140000)
}
Event: 6.858 GC heap before
{Heap before GC invocations=4 (full 0):
 PSYoungGen      total 19200K, used 19190K [0x9dbc0000, 0xa0140000, 0xb3140000)
  eden space 16640K, 100% used [0x9dbc0000,0x9ec00000,0x9ec00000)
  from space 2560K, 99% used [0x9ec00000,0x9ee7dba8,0x9ee80000)
  to   space 2560K, 0% used [0x9fec0000,0x9fec0000,0xa0140000)
 ParOldGen       total 43008K, used 4182K [0x73140000, 0x75b40000, 0x9dbc0000)
  object space 43008K, 9% used [0x73140000,0x73555840,0x75b40000)
 PSPermGen       total 16384K, used 4213K [0x6b140000, 0x6c140000, 0x73140000)
  object space 16384K, 25% used [0x6b140000,0x6b55d798,0x6c140000)
Event: 6.894 GC heap after
Heap after GC invocations=4 (full 0):
 PSYoungGen      total 35840K, used 2557K [0x9dbc0000, 0xa0140000, 0xb3140000)
  eden space 33280K, 0% used [0x9dbc0000,0x9dbc0000,0x9fc40000)
  from space 2560K, 99% used [0x9fec0000,0xa013f458,0xa0140000)
  to   space 2560K, 0% used [0x9fc40000,0x9fc40000,0x9fec0000)
 ParOldGen       total 43008K, used 7562K [0x73140000, 0x75b40000, 0x9dbc0000)
  object space 43008K, 17% used [0x73140000,0x738a2a00,0x75b40000)
 PSPermGen       total 16384K, used 4213K [0x6b140000, 0x6c140000, 0x73140000)
  object space 16384K, 25% used [0x6b140000,0x6b55d798,0x6c140000)
}
Event: 11.103 GC heap before
{Heap before GC invocations=5 (full 0):
 PSYoungGen      total 35840K, used 35837K [0x9dbc0000, 0xa0140000, 0xb3140000)
  eden space 33280K, 100% used [0x9dbc0000,0x9fc40000,0x9fc40000)
  from space 2560K, 99% used [0x9fec0000,0xa013f458,0xa0140000)
  to   space 2560K, 0% used [0x9fc40000,0x9fc40000,0x9fec0000)
 ParOldGen       total 43008K, used 7562K [0x73140000, 0x75b40000, 0x9dbc0000)
  object space 43008K, 17% used [0x73140000,0x738a2a00,0x75b40000)
 PSPermGen       total 16384K, used 4235K [0x6b140000, 0x6c140000, 0x73140000)
  object space 16384K, 25% used [0x6b140000,0x6b562c98,0x6c140000)
Event: 11.224 GC heap after
Heap after GC invocations=5 (full 0):
 PSYoungGen      total 35840K, used 2545K [0x9dbc0000, 0xa2fc0000, 0xb3140000)
  eden space 33280K, 0% used [0x9dbc0000,0x9dbc0000,0x9fc40000)
  from space 2560K, 99% used [0x9fc40000,0x9febc7c8,0x9fec0000)
  to   space 9728K, 0% used [0xa2640000,0xa2640000,0xa2fc0000)
 ParOldGen       total 43008K, used 13105K [0x73140000, 0x75b40000, 0x9dbc0000)
  object space 43008K, 30% used [0x73140000,0x73e0c480,0x75b40000)
 PSPermGen       total 16384K, used 4235K [0x6b140000, 0x6c140000, 0x73140000)
  object space 16384K, 25% used [0x6b140000,0x6b562c98,0x6c140000)
}
Event: 14.566 GC heap before
{Heap before GC invocations=6 (full 0):
 PSYoungGen      total 35840K, used 35825K [0x9dbc0000, 0xa2fc0000, 0xb3140000)
  eden space 33280K, 100% used [0x9dbc0000,0x9fc40000,0x9fc40000)
  from space 2560K, 99% used [0x9fc40000,0x9febc7c8,0x9fec0000)
  to   space 9728K, 0% used [0xa2640000,0xa2640000,0xa2fc0000)
 ParOldGen       total 43008K, used 13105K [0x73140000, 0x75b40000, 0x9dbc0000)
  object space 43008K, 30% used [0x73140000,0x73e0c480,0x75b40000)
 PSPermGen       total 16384K, used 4251K [0x6b140000, 0x6c140000, 0x73140000)
  object space 16384K, 25% used [0x6b140000,0x6b566fb0,0x6c140000)
Event: 14.693 GC heap after
Heap after GC invocations=6 (full 0):
 PSYoungGen      total 75008K, used 8352K [0x9dbc0000, 0xa3240000, 0xb3140000)
  eden space 65280K, 0% used [0x9dbc0000,0x9dbc0000,0xa1b80000)
  from space 9728K, 85% used [0xa2640000,0xa2e68160,0xa2fc0000)
  to   space 11008K, 0% used [0xa1b80000,0xa1b80000,0xa2640000)
 ParOldGen       total 43008K, used 13105K [0x73140000, 0x75b40000, 0x9dbc0000)
  object space 43008K, 30% used [0x73140000,0x73e0c480,0x75b40000)
 PSPermGen       total 16384K, used 4251K [0x6b140000, 0x6c140000, 0x73140000)
  object space 16384K, 25% used [0x6b140000,0x6b566fb0,0x6c140000)
}
Event: 20.312 GC heap before
{Heap before GC invocations=7 (full 0):
 PSYoungGen      total 75008K, used 73632K [0x9dbc0000, 0xa3240000, 0xb3140000)
  eden space 65280K, 100% used [0x9dbc0000,0xa1b80000,0xa1b80000)
  from space 9728K, 85% used [0xa2640000,0xa2e68160,0xa2fc0000)
  to   space 11008K, 0% used [0xa1b80000,0xa1b80000,0xa2640000)
 ParOldGen       total 43008K, used 13105K [0x73140000, 0x75b40000, 0x9dbc0000)
  object space 43008K, 30% used [0x73140000,0x73e0c480,0x75b40000)
 PSPermGen       total 16384K, used 4277K [0x6b140000, 0x6c140000, 0x73140000)
  object space 16384K, 26% used [0x6b140000,0x6b56d528,0x6c140000)

Deoptimization events (9 events):
Event: 1.378 Thread 0xb6208400 Uncommon trap: reason=unstable_if action=reinterpret pc=0xb3252ae4 method=java.lang.String.indexOf(II)I @ 49
Event: 1.378 Thread 0xb6208400 Uncommon trap: reason=unstable_if action=reinterpret pc=0xb3249fb8 method=java.lang.String.indexOf(II)I @ 49
Event: 1.852 Thread 0x6714c800 Uncommon trap: reason=unstable_if action=reinterpret pc=0xb324c33c method=java.lang.String.compareTo(Ljava/lang/String;)I @ 38
Event: 2.806 Thread 0x67146400 Uncommon trap: reason=unstable_if action=reinterpret pc=0xb325d3d0 method=com.android.dx.cf.code.Ropper.labelToResultIndex(I)I @ 34
Event: 9.430 Thread 0x6714f000 Uncommon trap: reason=null_check action=make_not_entrant pc=0xb329b304 method=com.android.dx.ssa.SsaRenamer.getLocalForNewReg(I)Lcom/android/dx/rop/code/LocalItem; @ 19
Event: 9.986 Thread 0x6714c800 Uncommon trap: reason=unstable_if action=reinterpret pc=0xb32868bc method=com.android.dx.rop.code.RegisterSpec.equals(ILcom/android/dx/rop/type/TypeBearer;Lcom/android/dx/rop/code/LocalItem;)Z @ 42
Event: 9.987 Thread 0x6714c800 Uncommon trap: reason=unstable_if action=reinterpret pc=0xb326ebf4 method=com.android.dx.rop.code.RegisterSpec.equals(ILcom/android/dx/rop/type/TypeBearer;Lcom/android/dx/rop/code/LocalItem;)Z @ 42
Event: 14.143 Thread 0xb6208400 Uncommon trap: reason=unstable_if action=reinterpret pc=0xb327f8f0 method=java.util.HashMap.put(Ljava/lang/Object;Ljava/lang/Object;)Ljava/lang/Object; @ 86
Event: 19.024 Thread 0x67146400 Uncommon trap: reason=unstable_if action=reinterpret pc=0xb32bf940 method=com.android.dx.dex.code.OutputFinisher.hasLocalInfo(Lcom/android/dx/dex/code/DalvInsn;)Z @ 24

Internal exceptions (10 events):
Event: 2.289 Thread 0x6714f000 Threw 0x9e1104a0 at /build/openjdk-7-PdBaKN/openjdk-7-7u91-2.6.3/build/openjdk/hotspot/src/share/vm/prims/jvm.cpp:1322
Event: 2.306 Thread 0x6714c800 Threw 0x9e298840 at /build/openjdk-7-PdBaKN/openjdk-7-7u91-2.6.3/build/openjdk/hotspot/src/share/vm/prims/jvm.cpp:1322
Event: 2.355 Thread 0x6714f000 Threw 0x9e12a748 at /build/openjdk-7-PdBaKN/openjdk-7-7u91-2.6.3/build/openjdk/hotspot/src/share/vm/prims/jvm.cpp:1322
Event: 2.797 Thread 0x67146400 Threw 0x9e6ee468 at /build/openjdk-7-PdBaKN/openjdk-7-7u91-2.6.3/build/openjdk/hotspot/src/share/vm/prims/jvm.cpp:1322
Event: 4.636 Thread 0xb6208400 Threw 0x9e6093e0 at /build/openjdk-7-PdBaKN/openjdk-7-7u91-2.6.3/build/openjdk/hotspot/src/share/vm/prims/jvm.cpp:1322
Event: 4.636 Thread 0xb6208400 Threw 0x9e60be48 at /build/openjdk-7-PdBaKN/openjdk-7-7u91-2.6.3/build/openjdk/hotspot/src/share/vm/prims/jvm.cpp:1322
Event: 4.658 Thread 0xb6208400 Threw 0x9e6f06c0 at /build/openjdk-7-PdBaKN/openjdk-7-7u91-2.6.3/build/openjdk/hotspot/src/share/vm/prims/jvm.cpp:1322
Event: 4.658 Thread 0xb6208400 Threw 0x9e6f3448 at /build/openjdk-7-PdBaKN/openjdk-7-7u91-2.6.3/build/openjdk/hotspot/src/share/vm/prims/jvm.cpp:1322
Event: 8.259 Thread 0xb6208400 Threw 0x9e8702f0 at /build/openjdk-7-PdBaKN/openjdk-7-7u91-2.6.3/build/openjdk/hotspot/src/share/vm/prims/jvm.cpp:1322
Event: 9.430 Thread 0x6714f000 Implicit null exception at 0xb3299fa1 to 0xb329b2f5

Events (10 events):
Event: 14.699 Executing VM operation: RevokeBias
Event: 14.699 Executing VM operation: RevokeBias done
Event: 14.699 Executing VM operation: RevokeBias
Event: 14.699 Executing VM operation: RevokeBias done
Event: 14.699 Executing VM operation: BulkRevokeBias
Event: 14.699 Executing VM operation: BulkRevokeBias done
Event: 19.024 Thread 0x67146400 Uncommon trap: trap_request=0xffffff75 fr.pc=0xb32bf940
Event: 19.024 Thread 0x67146400 DEOPT PACKING pc=0xb32bf940 sp=0x66b6ec00
Event: 19.024 Thread 0x67146400 DEOPT UNPACKING pc=0xb322cbc8 sp=0x66b6eb8c mode 2
Event: 20.301 Executing VM operation: ParallelGCFailedAllocation


Dynamic libraries:
08048000-08049000 r-xp 00000000 08:01 804961     /usr/lib/jvm/java-7-openjdk-i386/jre/bin/java
08049000-0804a000 r--p 00000000 08:01 804961     /usr/lib/jvm/java-7-openjdk-i386/jre/bin/java
0804a000-0804b000 rw-p 00001000 08:01 804961     /usr/lib/jvm/java-7-openjdk-i386/jre/bin/java
08536000-08557000 rw-p 00000000 00:00 0          [heap]
65100000-651dd000 rw-p 00000000 00:00 0 
651dd000-65200000 ---p 00000000 00:00 0 
65300000-653db000 rw-p 00000000 00:00 0 
653db000-65400000 ---p 00000000 00:00 0 
65400000-654e1000 rw-p 00000000 00:00 0 
654e1000-65500000 ---p 00000000 00:00 0 
65500000-655d9000 rw-p 00000000 00:00 0 
655d9000-65600000 ---p 00000000 00:00 0 
65600000-656e8000 rw-p 00000000 00:00 0 
656e8000-65700000 ---p 00000000 00:00 0 
65700000-657fe000 rw-p 00000000 00:00 0 
657fe000-65800000 ---p 00000000 00:00 0 
65800000-658f0000 rw-p 00000000 00:00 0 
658f0000-65900000 ---p 00000000 00:00 0 
65900000-659fe000 rw-p 00000000 00:00 0 
659fe000-65a00000 ---p 00000000 00:00 0 
65a00000-65af0000 rw-p 00000000 00:00 0 
65af0000-65b00000 ---p 00000000 00:00 0 
65b00000-65bf8000 rw-p 00000000 00:00 0 
65bf8000-65c00000 ---p 00000000 00:00 0 
65c00000-65cfb000 rw-p 00000000 00:00 0 
65cfb000-65d00000 ---p 00000000 00:00 0 
65d00000-65e00000 rw-p 00000000 00:00 0 
65e00000-65f00000 rw-p 00000000 00:00 0 
65f00000-65ff9000 rw-p 00000000 00:00 0 
65ff9000-66000000 ---p 00000000 00:00 0 
66000000-660e9000 rw-p 00000000 00:00 0 
660e9000-66100000 ---p 00000000 00:00 0 
66100000-661f4000 rw-p 00000000 00:00 0 
661f4000-66200000 ---p 00000000 00:00 0 
66200000-662f2000 rw-p 00000000 00:00 0 
662f2000-66300000 ---p 00000000 00:00 0 
66300000-663fb000 rw-p 00000000 00:00 0 
663fb000-66400000 ---p 00000000 00:00 0 
66400000-664f9000 rw-p 00000000 00:00 0 
664f9000-66500000 ---p 00000000 00:00 0 
66500000-665e0000 rw-p 00000000 00:00 0 
665e0000-66600000 ---p 00000000 00:00 0 
66600000-666fd000 rw-p 00000000 00:00 0 
666fd000-66700000 ---p 00000000 00:00 0 
66800000-668d2000 rw-p 00000000 00:00 0 
668d2000-66900000 ---p 00000000 00:00 0 
669db000-669de000 ---p 00000000 00:00 0 
669de000-66a2c000 rw-p 00000000 00:00 0          [stack:5728]
66a2c000-66a2f000 ---p 00000000 00:00 0 
66a2f000-66a7d000 rw-p 00000000 00:00 0          [stack:5727]
66a7d000-66a80000 ---p 00000000 00:00 0 
66a80000-66ace000 rw-p 00000000 00:00 0          [stack:5725]
66ace000-66ad1000 ---p 00000000 00:00 0 
66ad1000-66b1f000 rw-p 00000000 00:00 0          [stack:5720]
66b1f000-66b22000 ---p 00000000 00:00 0 
66b22000-66d31000 rw-p 00000000 00:00 0          [stack:5719]
66d31000-66da1000 r-xp 00000000 08:01 394656     /lib/i386-linux-gnu/libpcre.so.3.13.1
66da1000-66da2000 r--p 0006f000 08:01 394656     /lib/i386-linux-gnu/libpcre.so.3.13.1
66da2000-66da3000 rw-p 00070000 08:01 394656     /lib/i386-linux-gnu/libpcre.so.3.13.1
66da3000-66db7000 r-xp 00000000 08:01 394679     /lib/i386-linux-gnu/libresolv-2.21.so
66db7000-66db9000 r--p 00013000 08:01 394679     /lib/i386-linux-gnu/libresolv-2.21.so
66db9000-66dba000 rw-p 00015000 08:01 394679     /lib/i386-linux-gnu/libresolv-2.21.so
66dba000-66dbc000 rw-p 00000000 00:00 0 
66dbc000-66ee2000 r-xp 00000000 08:01 394573     /lib/i386-linux-gnu/libglib-2.0.so.0.4400.0
66ee2000-66ee3000 r--p 00125000 08:01 394573     /lib/i386-linux-gnu/libglib-2.0.so.0.4400.0
66ee3000-66ee4000 rw-p 00126000 08:01 394573     /lib/i386-linux-gnu/libglib-2.0.so.0.4400.0
66ee4000-66f3f000 r-xp 00000000 08:01 137385     /usr/lib/i386-linux-gnu/libgobject-2.0.so.0.4400.0
66f3f000-66f40000 r--p 0005b000 08:01 137385     /usr/lib/i386-linux-gnu/libgobject-2.0.so.0.4400.0
66f40000-66f41000 rw-p 0005c000 08:01 137385     /usr/lib/i386-linux-gnu/libgobject-2.0.so.0.4400.0
66f41000-670fa000 r-xp 00000000 08:01 137357     /usr/lib/i386-linux-gnu/libgio-2.0.so.0.4400.0
670fa000-670fd000 r--p 001b8000 08:01 137357     /usr/lib/i386-linux-gnu/libgio-2.0.so.0.4400.0
670fd000-670ff000 rw-p 001bb000 08:01 137357     /usr/lib/i386-linux-gnu/libgio-2.0.so.0.4400.0
670ff000-67100000 rw-p 00000000 00:00 0 
67100000-6715f000 rw-p 00000000 00:00 0 
6715f000-67200000 ---p 00000000 00:00 0 
67201000-67225000 r-xp 00000000 08:01 394683     /lib/i386-linux-gnu/libselinux.so.1
67225000-67226000 r--p 00024000 08:01 394683     /lib/i386-linux-gnu/libselinux.so.1
67226000-67227000 rw-p 00025000 08:01 394683     /lib/i386-linux-gnu/libselinux.so.1
67227000-67228000 rw-p 00000000 00:00 0 
6723f000-67240000 ---p 00000000 00:00 0 
67240000-672c0000 rw-p 00000000 00:00 0          [stack:5718]
672c0000-672c3000 ---p 00000000 00:00 0 
672c3000-67311000 rw-p 00000000 00:00 0          [stack:5715]
67311000-67314000 ---p 00000000 00:00 0 
67314000-67392000 rw-p 00000000 00:00 0          [stack:5714]
67392000-67395000 ---p 00000000 00:00 0 
67395000-67413000 rw-p 00000000 00:00 0          [stack:5711]
67413000-6755a000 r-xp 00000000 08:01 136931     /usr/lib/i386-linux-gnu/libX11.so.6.3.0
6755a000-6755b000 r--p 00146000 08:01 136931     /usr/lib/i386-linux-gnu/libX11.so.6.3.0
6755b000-6755d000 rw-p 00147000 08:01 136931     /usr/lib/i386-linux-gnu/libX11.so.6.3.0
6755d000-6755e000 rw-p 00000000 00:00 0 
6755e000-67561000 ---p 00000000 00:00 0 
67561000-675af000 rw-p 00000000 00:00 0          [stack:5709]
675af000-677af000 r--p 00000000 08:01 143362     /usr/lib/locale/locale-archive
677af000-677b2000 ---p 00000000 00:00 0 
677b2000-67800000 rw-p 00000000 00:00 0          [stack:5700]
67800000-678f9000 rw-p 00000000 00:00 0 
678f9000-67900000 ---p 00000000 00:00 0 
67900000-67925000 rw-p 00000000 00:00 0 
67925000-67a00000 ---p 00000000 00:00 0 
67a00000-67b00000 rw-p 00000000 00:00 0 
67b00000-67b17000 r-xp 00000000 08:01 805027     /usr/lib/jvm/java-7-openjdk-i386/jre/lib/i386/libnet.so
67b17000-67b18000 r--p 00016000 08:01 805027     /usr/lib/jvm/java-7-openjdk-i386/jre/lib/i386/libnet.so
67b18000-67b19000 rw-p 00017000 08:01 805027     /usr/lib/jvm/java-7-openjdk-i386/jre/lib/i386/libnet.so
67b19000-67b29000 r-xp 00000000 08:01 804991     /usr/lib/jvm/java-7-openjdk-i386/jre/lib/i386/libnio.so
67b29000-67b2a000 r--p 00010000 08:01 804991     /usr/lib/jvm/java-7-openjdk-i386/jre/lib/i386/libnio.so
67b2a000-67b2b000 rw-p 00011000 08:01 804991     /usr/lib/jvm/java-7-openjdk-i386/jre/lib/i386/libnio.so
67b2b000-67b4b000 r-xp 00000000 08:01 138125     /usr/lib/i386-linux-gnu/libxcb.so.1.1.0
67b4b000-67b4c000 r--p 0001f000 08:01 138125     /usr/lib/i386-linux-gnu/libxcb.so.1.1.0
67b4c000-67b4d000 rw-p 00020000 08:01 138125     /usr/lib/i386-linux-gnu/libxcb.so.1.1.0
67b4d000-67b4e000 ---p 00000000 00:00 0 
67b4e000-67bce000 rw-p 00000000 00:00 0          [stack:5695]
67bce000-67d80000 r--s 01d2e000 08:01 804984     /usr/lib/jvm/java-7-openjdk-i386/jre/lib/rt.jar
67d80000-6a600000 rw-p 00000000 00:00 0 
6a600000-6a6fd000 rw-p 00000000 00:00 0 
6a6fd000-6a700000 ---p 00000000 00:00 0 
6a706000-6a70d000 r-xp 00000000 08:01 137254     /usr/lib/i386-linux-gnu/libffi.so.6.0.4
6a70d000-6a70f000 r--p 00006000 08:01 137254     /usr/lib/i386-linux-gnu/libffi.so.6.0.4
6a70f000-6a710000 rw-p 00008000 08:01 137254     /usr/lib/i386-linux-gnu/libffi.so.6.0.4
6a710000-6a715000 r-xp 00000000 08:01 136946     /usr/lib/i386-linux-gnu/libXdmcp.so.6.0.0
6a715000-6a716000 r--p 00004000 08:01 136946     /usr/lib/i386-linux-gnu/libXdmcp.so.6.0.0
6a716000-6a717000 rw-p 00005000 08:01 136946     /usr/lib/i386-linux-gnu/libXdmcp.so.6.0.0
6a717000-6a72e000 r--s 000a5000 08:01 946092     /home/student/test/HealthyBit/app/build/intermediates/exploded-aar/com.mbientlab/metawear/2.5.9/jars/classes.jar
6a72e000-6a731000 ---p 00000000 00:00 0 
6a731000-6a77f000 rw-p 00000000 00:00 0          [stack:5698]
6a77f000-6a780000 ---p 00000000 00:00 0 
6a780000-6a800000 rw-p 00000000 00:00 0          [stack:5691]
6a800000-6a821000 rw-p 00000000 00:00 0 
6a821000-6a900000 ---p 00000000 00:00 0 
6a900000-6a921000 rw-p 00000000 00:00 0 
6a921000-6aa00000 ---p 00000000 00:00 0 
6aa00000-6aa03000 r-xp 00000000 08:01 137371     /usr/lib/i386-linux-gnu/libgmodule-2.0.so.0.4400.0
6aa03000-6aa04000 r--p 00002000 08:01 137371     /usr/lib/i386-linux-gnu/libgmodule-2.0.so.0.4400.0
6aa04000-6aa05000 rw-p 00003000 08:01 137371     /usr/lib/i386-linux-gnu/libgmodule-2.0.so.0.4400.0
6aa05000-6aa07000 r-xp 00000000 08:01 136935     /usr/lib/i386-linux-gnu/libXau.so.6.0.0
6aa07000-6aa08000 r--p 00001000 08:01 136935     /usr/lib/i386-linux-gnu/libXau.so.6.0.0
6aa08000-6aa09000 rw-p 00002000 08:01 136935     /usr/lib/i386-linux-gnu/libXau.so.6.0.0
6aa09000-6aa0b000 r-xp 00000000 08:01 141618     /usr/lib/jayatana/libjayatanaag.so
6aa0b000-6aa0c000 r--p 00001000 08:01 141618     /usr/lib/jayatana/libjayatanaag.so
6aa0c000-6aa0d000 rw-p 00002000 08:01 141618     /usr/lib/jayatana/libjayatanaag.so
6aa0d000-6aa1c000 r--s 000df000 08:01 1062595    /home/student/Android/Sdk/build-tools/23.0.3/lib/dx.jar
6aa1c000-6aa20000 r--s 00085000 08:01 804976     /usr/lib/jvm/java-7-openjdk-i386/jre/lib/ext/localedata.jar
6aa20000-6aa24000 r--s 00034000 08:01 804978     /usr/lib/jvm/java-7-openjdk-i386/jre/lib/ext/sunjce_provider.jar
6aa24000-6aa7f000 rw-p 00000000 00:00 0 
6aa7f000-6aa80000 ---p 00000000 00:00 0 
6aa80000-6ab00000 rw-p 00000000 00:00 0          [stack:5690]
6ab00000-6ab2e000 rw-p 00000000 00:00 0 
6ab2e000-6ac00000 ---p 00000000 00:00 0 
6ac03000-6ac67000 rw-p 00000000 00:00 0 
6ac67000-6ac68000 ---p 00000000 00:00 0 
6ac68000-6ace8000 rw-p 00000000 00:00 0          [stack:5689]
6ace8000-6ace9000 ---p 00000000 00:00 0 
6ace9000-6ad71000 rw-p 00000000 00:00 0          [stack:5688]
6ad71000-6ada9000 rw-p 00000000 00:00 0 
6ada9000-6adbe000 rw-p 00000000 00:00 0 
6adbe000-6aeff000 rw-p 00000000 00:00 0 
6aeff000-6af07000 rw-p 00000000 00:00 0 
6af07000-6af3f000 rw-p 00000000 00:00 0 
6af3f000-6af54000 rw-p 00000000 00:00 0 
6af54000-6b094000 rw-p 00000000 00:00 0 
6b094000-6b0c0000 rw-p 00000000 00:00 0 
6b0c0000-6b13f000 rw-p 00000000 00:00 0 
6b13f000-6c140000 rw-p 00000000 00:00 0 
6c140000-73140000 rw-p 00000000 00:00 0 
73140000-75b40000 rw-p 00000000 00:00 0 
75b40000-9dbc0000 rw-p 00000000 00:00 0 
9dbc0000-a3240000 rw-p 00000000 00:00 0 
a7bc0000-b3140000 rw-p 00000000 00:00 0 
b3140000-b3149000 rw-p 00000000 00:00 0 
b3149000-b3200000 rw-p 00000000 00:00 0 
b3200000-b3440000 rwxp 00000000 00:00 0 
b3440000-b6300000 rw-p 00000000 00:00 0 
b6302000-b6303000 r--s 00000000 08:01 414147     /usr/share/java/jayatanaag.jar
b6303000-b6307000 r--s 0003c000 08:01 804979     /usr/lib/jvm/java-7-openjdk-i386/jre/lib/ext/sunpkcs11.jar
b6307000-b6313000 r-xp 00000000 08:01 394626     /lib/i386-linux-gnu/libnss_files-2.21.so
b6313000-b6314000 r--p 0000b000 08:01 394626     /lib/i386-linux-gnu/libnss_files-2.21.so
b6314000-b6315000 rw-p 0000c000 08:01 394626     /lib/i386-linux-gnu/libnss_files-2.21.so
b6315000-b6320000 r-xp 00000000 08:01 394636     /lib/i386-linux-gnu/libnss_nis-2.21.so
b6320000-b6321000 r--p 0000a000 08:01 394636     /lib/i386-linux-gnu/libnss_nis-2.21.so
b6321000-b6322000 rw-p 0000b000 08:01 394636     /lib/i386-linux-gnu/libnss_nis-2.21.so
b6322000-b6339000 r-xp 00000000 08:01 394620     /lib/i386-linux-gnu/libnsl-2.21.so
b6339000-b633a000 r--p 00016000 08:01 394620     /lib/i386-linux-gnu/libnsl-2.21.so
b633a000-b633b000 rw-p 00017000 08:01 394620     /lib/i386-linux-gnu/libnsl-2.21.so
b633b000-b633d000 rw-p 00000000 00:00 0 
b633d000-b6345000 r-xp 00000000 08:01 394622     /lib/i386-linux-gnu/libnss_compat-2.21.so
b6345000-b6346000 r--p 00007000 08:01 394622     /lib/i386-linux-gnu/libnss_compat-2.21.so
b6346000-b6347000 rw-p 00008000 08:01 394622     /lib/i386-linux-gnu/libnss_compat-2.21.so
b6347000-b634a000 r--s 0000f000 08:01 804977     /usr/lib/jvm/java-7-openjdk-i386/jre/lib/ext/icedtea-sound.jar
b634a000-b634c000 r--s 00012000 08:01 804975     /usr/lib/jvm/java-7-openjdk-i386/jre/lib/ext/zipfs.jar
b634c000-b6354000 r-xp 00000000 08:01 804995     /usr/lib/jvm/java-7-openjdk-i386/jre/lib/i386/libzip.so
b6354000-b6355000 r--p 00007000 08:01 804995     /usr/lib/jvm/java-7-openjdk-i386/jre/lib/i386/libzip.so
b6355000-b6356000 rw-p 00008000 08:01 804995     /usr/lib/jvm/java-7-openjdk-i386/jre/lib/i386/libzip.so
b6356000-b635e000 rw-s 00000000 08:01 429808     /tmp/hsperfdata_student/5682
b635e000-b6368000 r-xp 00000000 08:01 805017     /usr/lib/jvm/java-7-openjdk-i386/jre/lib/i386/libinstrument.so
b6368000-b6369000 r--p 00009000 08:01 805017     /usr/lib/jvm/java-7-openjdk-i386/jre/lib/i386/libinstrument.so
b6369000-b636a000 rw-p 0000a000 08:01 805017     /usr/lib/jvm/java-7-openjdk-i386/jre/lib/i386/libinstrument.so
b636a000-b6390000 r-xp 00000000 08:01 805003     /usr/lib/jvm/java-7-openjdk-i386/jre/lib/i386/libjava.so
b6390000-b6391000 r--p 00025000 08:01 805003     /usr/lib/jvm/java-7-openjdk-i386/jre/lib/i386/libjava.so
b6391000-b6392000 rw-p 00026000 08:01 805003     /usr/lib/jvm/java-7-openjdk-i386/jre/lib/i386/libjava.so
b6392000-b6399000 r-xp 00000000 08:01 394681     /lib/i386-linux-gnu/librt-2.21.so
b6399000-b639a000 r--p 00006000 08:01 394681     /lib/i386-linux-gnu/librt-2.21.so
b639a000-b639b000 rw-p 00007000 08:01 394681     /lib/i386-linux-gnu/librt-2.21.so
b639b000-b639e000 ---p 00000000 00:00 0 
b639e000-b63ec000 rw-p 00000000 00:00 0          [stack:5684]
b63ec000-b6408000 r-xp 00000000 08:01 394569     /lib/i386-linux-gnu/libgcc_s.so.1
b6408000-b6409000 rw-p 0001b000 08:01 394569     /lib/i386-linux-gnu/libgcc_s.so.1
b6409000-b6454000 r-xp 00000000 08:01 394599     /lib/i386-linux-gnu/libm-2.21.so
b6454000-b6455000 r--p 0004a000 08:01 394599     /lib/i386-linux-gnu/libm-2.21.so
b6455000-b6456000 rw-p 0004b000 08:01 394599     /lib/i386-linux-gnu/libm-2.21.so
b6456000-b653f000 r-xp 00000000 08:01 137921     /usr/lib/i386-linux-gnu/libstdc++.so.6.0.20
b653f000-b6543000 r--p 000e9000 08:01 137921     /usr/lib/i386-linux-gnu/libstdc++.so.6.0.20
b6543000-b6544000 rw-p 000ed000 08:01 137921     /usr/lib/i386-linux-gnu/libstdc++.so.6.0.20
b6544000-b654b000 rw-p 00000000 00:00 0 
b654b000-b709e000 r-xp 00000000 08:01 805013     /usr/lib/jvm/java-7-openjdk-i386/jre/lib/i386/server/libjvm.so
b709e000-b70f2000 r--p 00b52000 08:01 805013     /usr/lib/jvm/java-7-openjdk-i386/jre/lib/i386/server/libjvm.so
b70f2000-b7106000 rw-p 00ba6000 08:01 805013     /usr/lib/jvm/java-7-openjdk-i386/jre/lib/i386/server/libjvm.so
b7106000-b7525000 rw-p 00000000 00:00 0 
b7525000-b753e000 r-xp 00000000 08:01 394714     /lib/i386-linux-gnu/libz.so.1.2.8
b753e000-b753f000 r--p 00019000 08:01 394714     /lib/i386-linux-gnu/libz.so.1.2.8
b753f000-b7540000 rw-p 0001a000 08:01 394714     /lib/i386-linux-gnu/libz.so.1.2.8
b7540000-b7559000 r-xp 00000000 08:01 394673     /lib/i386-linux-gnu/libpthread-2.21.so
b7559000-b755a000 r--p 00018000 08:01 394673     /lib/i386-linux-gnu/libpthread-2.21.so
b755a000-b755b000 rw-p 00019000 08:01 394673     /lib/i386-linux-gnu/libpthread-2.21.so
b755b000-b755d000 rw-p 00000000 00:00 0 
b755d000-b7560000 r-xp 00000000 08:01 394557     /lib/i386-linux-gnu/libdl-2.21.so
b7560000-b7561000 r--p 00002000 08:01 394557     /lib/i386-linux-gnu/libdl-2.21.so
b7561000-b7562000 rw-p 00003000 08:01 394557     /lib/i386-linux-gnu/libdl-2.21.so
b7562000-b7716000 r-xp 00000000 08:01 394540     /lib/i386-linux-gnu/libc-2.21.so
b7716000-b7719000 r--p 001b3000 08:01 394540     /lib/i386-linux-gnu/libc-2.21.so
b7719000-b771b000 rw-p 001b6000 08:01 394540     /lib/i386-linux-gnu/libc-2.21.so
b771b000-b771d000 rw-p 00000000 00:00 0 
b771d000-b771e000 r--s 00002000 08:01 804980     /usr/lib/jvm/java-7-openjdk-i386/jre/lib/ext/dnsns.jar
b771e000-b7720000 r--s 00006000 08:01 399091     /usr/share/java/java-atk-wrapper.jar
b7720000-b7721000 r--p 005e0000 08:01 143362     /usr/lib/locale/locale-archive
b7721000-b7722000 rw-p 00000000 00:00 0 
b7722000-b7723000 ---p 00000000 00:00 0 
b7723000-b7731000 r-xp 00000000 08:01 805022     /usr/lib/jvm/java-7-openjdk-i386/jre/lib/i386/libverify.so
b7731000-b7733000 r--p 0000d000 08:01 805022     /usr/lib/jvm/java-7-openjdk-i386/jre/lib/i386/libverify.so
b7733000-b7734000 rw-p 0000f000 08:01 805022     /usr/lib/jvm/java-7-openjdk-i386/jre/lib/i386/libverify.so
b7734000-b7740000 r-xp 00000000 08:01 805024     /usr/lib/jvm/java-7-openjdk-i386/jre/lib/i386/jli/libjli.so
b7740000-b7741000 r--p 0000b000 08:01 805024     /usr/lib/jvm/java-7-openjdk-i386/jre/lib/i386/jli/libjli.so
b7741000-b7742000 rw-p 0000c000 08:01 805024     /usr/lib/jvm/java-7-openjdk-i386/jre/lib/i386/jli/libjli.so
b7742000-b7745000 rw-p 00000000 00:00 0 
b7745000-b7747000 r--p 00000000 00:00 0          [vvar]
b7747000-b7748000 r-xp 00000000 00:00 0          [vdso]
b7748000-b776a000 r-xp 00000000 08:01 394512     /lib/i386-linux-gnu/ld-2.21.so
b776a000-b776b000 r--p 00021000 08:01 394512     /lib/i386-linux-gnu/ld-2.21.so
b776b000-b776c000 rw-p 00022000 08:01 394512     /lib/i386-linux-gnu/ld-2.21.so
bf81e000-bf81f000 rwxp 00000000 00:00 0 
bf850000-bf872000 rw-p 00000000 00:00 0          [stack]

VM Arguments:
jvm_args: -javaagent:/usr/share/java/jayatanaag.jar -Djava.awt.headless=true -Xmx1024M -Dfile.encoding=UTF-8 -Duser.country=US -Duser.language=en -Duser.variant 
java_command: com.android.dx.command.Main --dex --num-threads=4 --multi-dex --output /home/student/test/HealthyBit/app/build/intermediates/transforms/dex/debug/folders/1000/10/com.mbientlab-metawear-2.5.9_3a90c87d0473f367b2fe51cd28f65a6fc5d3d92d /home/student/test/HealthyBit/app/build/intermediates/exploded-aar/com.mbientlab/metawear/2.5.9/jars/classes.jar
Launcher Type: SUN_STANDARD

Environment Variables:
JAVA_TOOL_OPTIONS=-javaagent:/usr/share/java/jayatanaag.jar 
PATH=/home/student/.linuxbrew/bin:/usr/local/sbin:/usr/local/bin:/usr/sbin:/usr/bin:/sbin:/bin:/usr/games:/usr/local/games:/etc/android-studio/bin/:/home/student/Android/Sdk/platform-tools:/home/student/Android/Sdk/tools
LD_LIBRARY_PATH=/etc/android-studio/bin:
SHELL=/bin/bash
DISPLAY=:0

Signal Handlers:
SIGSEGV: [libjvm.so+0x7f7d00], sa_mask[0]=0x7ffbfeff, sa_flags=0x10000004
SIGBUS: [libjvm.so+0x7f7d00], sa_mask[0]=0x7ffbfeff, sa_flags=0x10000004
SIGFPE: [libjvm.so+0x67a9d0], sa_mask[0]=0x7ffbfeff, sa_flags=0x10000004
SIGPIPE: [libjvm.so+0x67a9d0], sa_mask[0]=0x7ffbfeff, sa_flags=0x10000004
SIGXFSZ: [libjvm.so+0x67a9d0], sa_mask[0]=0x7ffbfeff, sa_flags=0x10000004
SIGILL: [libjvm.so+0x67a9d0], sa_mask[0]=0x7ffbfeff, sa_flags=0x10000004
SIGUSR1: SIG_DFL, sa_mask[0]=0x00000000, sa_flags=0x00000000
SIGUSR2: [libjvm.so+0x67a820], sa_mask[0]=0x00000004, sa_flags=0x10000004
SIGHUP: [libjvm.so+0x67aa80], sa_mask[0]=0x7ffbfeff, sa_flags=0x10000004
SIGINT: [libjvm.so+0x67aa80], sa_mask[0]=0x7ffbfeff, sa_flags=0x10000004
SIGTERM: [libjvm.so+0x67aa80], sa_mask[0]=0x7ffbfeff, sa_flags=0x10000004
SIGQUIT: [libjvm.so+0x67aa80], sa_mask[0]=0x7ffbfeff, sa_flags=0x10000004
SIGTRAP: SIG_DFL, sa_mask[0]=0x00000000, sa_flags=0x00000000


---------------  S Y S T E M  ---------------

OS:Ubuntu 15.04 (vivid)
uname:Linux 3.19.0-18-generic #18-Ubuntu SMP Tue May 19 18:30:59 UTC 2015 i686
libc:glibc 2.21 NPTL 2.21 
rlimit: STACK 8192k, CORE 0k, NPROC 32177, NOFILE 65536, AS infinity
load average:7.52 5.55 4.42

/proc/meminfo:
MemTotal:        4139540 kB
MemFree:          242956 kB
MemAvailable:     196948 kB
Buffers:           15080 kB
Cached:            97408 kB
SwapCached:            0 kB
Active:          3490460 kB
Inactive:          60964 kB
Active(anon):    3440012 kB
Inactive(anon):    37620 kB
Active(file):      50448 kB
Inactive(file):    23344 kB
Unevictable:          32 kB
Mlocked:              32 kB
HighTotal:       3280776 kB
HighFree:          70664 kB
LowTotal:         858764 kB
LowFree:          172292 kB
SwapTotal:             0 kB
SwapFree:              0 kB
Dirty:               320 kB
Writeback:             0 kB
AnonPages:       3439004 kB
Mapped:            73764 kB
Shmem:             38796 kB
Slab:              49440 kB
SReclaimable:      23508 kB
SUnreclaim:        25932 kB
KernelStack:        5392 kB
PageTables:        14880 kB
NFS_Unstable:          0 kB
Bounce:                0 kB
WritebackTmp:          0 kB
CommitLimit:     2069768 kB
Committed_AS:    6310840 kB
VmallocTotal:     122880 kB
VmallocUsed:       23416 kB
VmallocChunk:      49124 kB
AnonHugePages:   2656256 kB
CmaTotal:              0 kB
CmaFree:               0 kB
HugePages_Total:       0
HugePages_Free:        0
HugePages_Rsvd:        0
HugePages_Surp:        0
Hugepagesize:       2048 kB
DirectMap4k:       61432 kB
DirectMap2M:      851968 kB


CPU:total 4 (1 cores per cpu, 1 threads per core) family 6 model 58 stepping 9, cmov, cx8, fxsr, mmx, sse, sse2, sse3, ssse3, sse4.1, sse4.2, popcnt, avx, aes, erms, tsc, tscinvbit, tscinv

/proc/cpuinfo:
processor	: 0
vendor_id	: GenuineIntel
cpu family	: 6
model		: 58
model name	: Intel(R) Core(TM) i5-3210M CPU @ 2.50GHz
stepping	: 9
microcode	: 0x15
cpu MHz		: 2494.111
cache size	: 3072 KB
physical id	: 0
siblings	: 1
core id		: 0
cpu cores	: 1
apicid		: 0
initial apicid	: 0
fdiv_bug	: no
f00f_bug	: no
coma_bug	: no
fpu		: yes
fpu_exception	: yes
cpuid level	: 13
wp		: yes
flags		: fpu vme de pse tsc msr pae mce cx8 apic sep mtrr pge mca cmov pat pse36 clflush dts mmx fxsr sse sse2 ss nx rdtscp lm constant_tsc arch_perfmon pebs bts xtopology tsc_reliable nonstop_tsc aperfmperf pni pclmulqdq ssse3 cx16 pcid sse4_1 sse4_2 x2apic popcnt tsc_deadline_timer aes xsave avx f16c rdrand hypervisor lahf_lm ida arat epb pln pts dtherm fsgsbase tsc_adjust smep
bugs		:
bogomips	: 4988.22
clflush size	: 64
cache_alignment	: 64
address sizes	: 42 bits physical, 48 bits virtual
power management:

processor	: 1
vendor_id	: GenuineIntel
cpu family	: 6
model		: 58
model name	: Intel(R) Core(TM) i5-3210M CPU @ 2.50GHz
stepping	: 9
microcode	: 0x15
cpu MHz		: 2494.111
cache size	: 3072 KB
physical id	: 2
siblings	: 1
core id		: 0
cpu cores	: 1
apicid		: 2
initial apicid	: 2
fdiv_bug	: no
f00f_bug	: no
coma_bug	: no
fpu		: yes
fpu_exception	: yes
cpuid level	: 13
wp		: yes
flags		: fpu vme de pse tsc msr pae mce cx8 apic sep mtrr pge mca cmov pat pse36 clflush dts mmx fxsr sse sse2 ss nx rdtscp lm constant_tsc arch_perfmon pebs bts xtopology tsc_reliable nonstop_tsc aperfmperf pni pclmulqdq ssse3 cx16 pcid sse4_1 sse4_2 x2apic popcnt tsc_deadline_timer aes xsave avx f16c rdrand hypervisor lahf_lm ida arat epb pln pts dtherm fsgsbase tsc_adjust smep
bugs		:
bogomips	: 4988.22
clflush size	: 64
cache_alignment	: 64
address sizes	: 42 bits physical, 48 bits virtual
power management:

processor	: 2
vendor_id	: GenuineIntel
cpu family	: 6
model		: 58
model name	: Intel(R) Core(TM) i5-3210M CPU @ 2.50GHz
stepping	: 9
microcode	: 0x15
cpu MHz		: 2494.111
cache size	: 3072 KB
physical id	: 4
siblings	: 1
core id		: 0
cpu cores	: 1
apicid		: 4
initial apicid	: 4
fdiv_bug	: no
f00f_bug	: no
coma_bug	: no
fpu		: yes
fpu_exception	: yes
cpuid level	: 13
wp		: yes
flags		: fpu vme de pse tsc msr pae mce cx8 apic sep mtrr pge mca cmov pat pse36 clflush dts mmx fxsr sse sse2 ss nx rdtscp lm constant_tsc arch_perfmon pebs bts xtopology tsc_reliable nonstop_tsc aperfmperf pni pclmulqdq ssse3 cx16 pcid sse4_1 sse4_2 x2apic popcnt tsc_deadline_timer aes xsave avx f16c rdrand hypervisor lahf_lm ida arat epb pln pts dtherm fsgsbase tsc_adjust smep
bugs		:
bogomips	: 4988.22
clflush size	: 64
cache_alignment	: 64
address sizes	: 42 bits physical, 48 bits virtual
power management:

processor	: 3
vendor_id	: GenuineIntel
cpu family	: 6
model		: 58
model name	: Intel(R) Core(TM) i5-3210M CPU @ 2.50GHz
stepping	: 9
microcode	: 0x15
cpu MHz		: 2494.111
cache size	: 3072 KB
physical id	: 6
siblings	: 1
core id		: 0
cpu cores	: 1
apicid		: 6
initial apicid	: 6
fdiv_bug	: no
f00f_bug	: no
coma_bug	: no
fpu		: yes
fpu_exception	: yes
cpuid level	: 13
wp		: yes
flags		: fpu vme de pse tsc msr pae mce cx8 apic sep mtrr pge mca cmov pat pse36 clflush dts mmx fxsr sse sse2 ss nx rdtscp lm constant_tsc arch_perfmon pebs bts xtopology tsc_reliable nonstop_tsc aperfmperf pni pclmulqdq ssse3 cx16 pcid sse4_1 sse4_2 x2apic popcnt tsc_deadline_timer aes xsave avx f16c rdrand hypervisor lahf_lm ida arat epb pln pts dtherm fsgsbase tsc_adjust smep
bugs		:
bogomips	: 4988.22
clflush size	: 64
cache_alignment	: 64
address sizes	: 42 bits physical, 48 bits virtual
power management:



Memory: 4k page, physical 4139540k(242708k free), swap 0k(0k free)

vm_info: OpenJDK Server VM (24.91-b01) for linux-x86 JRE (1.7.0_91-b02), built on Nov 19 2015 06:25:06 by "buildd" with gcc 4.9.2

time: Tue May  3 16:06:12 2016
elapsed time: 20 seconds

