#
# There is insufficient memory for the Java Runtime Environment to continue.
# Native memory allocation (malloc) failed to allocate 46661632 bytes for committing reserved memory.
# Possible reasons:
#   The system is out of physical RAM or swap space
#   In 32 bit mode, the process size limit was hit
# Possible solutions:
#   Reduce memory load on the system
#   Increase physical memory or swap space
#   Check if swap backing store is full
#   Use 64 bit Java on a 64 bit OS
#   Decrease Java heap size (-Xmx/-Xms)
#   Decrease number of Java threads
#   Decrease Java thread stack sizes (-Xss)
#   Set larger code cache with -XX:ReservedCodeCacheSize=
# This output file may be truncated or incomplete.
#
#  Out of Memory Error (os_linux.cpp:2827), pid=9729, tid=1740430144
#
# JRE version: OpenJDK Runtime Environment (7.0_91-b02) (build 1.7.0_91-b02)
# Java VM: OpenJDK Server VM (24.91-b01 mixed mode linux-x86 )
# Derivative: IcedTea 2.6.3
# Distribution: Ubuntu 15.04, package 7u91-2.6.3-0ubuntu0.15.04.1
# Failed to write core dump. Core dumps have been disabled. To enable core dumping, try "ulimit -c unlimited" before starting Java again
#

---------------  T H R E A D  ---------------

Current thread (0x67a81400):  VMThread [stack: 0x67b4d000,0x67bce000] [id=9739]

Stack: [0x67b4d000,0x67bce000]
VM_Operation (0x66a7badc): ParallelGCFailedAllocation, mode: safepoint, requested by thread 0x67152800


---------------  P R O C E S S  ---------------

Java Threads: ( => current thread )
  0x67153800 JavaThread "pool-1-thread-4" [_thread_blocked, id=9759, stack(0x669db000,0x66a2c000)]
  0x67152800 JavaThread "pool-1-thread-3" [_thread_blocked, id=9758, stack(0x66a2c000,0x66a7d000)]
  0x67150400 JavaThread "pool-1-thread-2" [_thread_blocked, id=9753, stack(0x66a7d000,0x66ace000)]
  0x6714f000 JavaThread "pool-2-thread-1" [_thread_blocked, id=9750, stack(0x66ace000,0x66b1f000)]
  0x6714cc00 JavaThread "pool-1-thread-1" [_thread_blocked, id=9749, stack(0x66b1f000,0x66b70000)]
  0x67aed800 JavaThread "Service Thread" daemon [_thread_blocked, id=9745, stack(0x672c0000,0x67311000)]
  0x67aeb800 JavaThread "C2 CompilerThread1" daemon [_thread_blocked, id=9744, stack(0x67311000,0x67392000)]
  0x67aea400 JavaThread "C2 CompilerThread0" daemon [_thread_in_native, id=9743, stack(0x67392000,0x67413000)]
  0x67a97400 JavaThread "Signal Dispatcher" daemon [_thread_blocked, id=9742, stack(0x6755e000,0x675af000)]
  0x67a85400 JavaThread "Finalizer" daemon [_thread_blocked, id=9741, stack(0x677af000,0x67800000)]
  0x67a83c00 JavaThread "Reference Handler" daemon [_thread_blocked, id=9740, stack(0x6a72e000,0x6a77f000)]
  0xb6208400 JavaThread "main" [_thread_blocked, id=9734, stack(0xb63ae000,0xb63ff000)]

Other Threads:
=>0x67a81400 VMThread [stack: 0x67b4d000,0x67bce000] [id=9739]
  0x67aef400 WatcherThread [stack: 0x6723f000,0x672c0000] [id=9746]

VM state:at safepoint (normal execution)

VM Mutex/Monitor currently owned by a thread:  ([mutex/lock_event])
[0xb6205e00] Threads_lock - owner thread: 0x67a81400
[0xb6206210] Heap_lock - owner thread: 0x67152800

Heap
 PSYoungGen      total 35840K, used 2549K [0x9dbc0000, 0xa0140000, 0xb3140000)
  eden space 33280K, 0% used [0x9dbc0000,0x9dbc0000,0x9fc40000)
  from space 2560K, 99% used [0x9fc40000,0x9febd4c0,0x9fec0000)
  to   space 2560K, 0% used [0x9fec0000,0x9fec0000,0xa0140000)
 ParOldGen       total 43008K, used 12231K [0x73140000, 0x75b40000, 0x9dbc0000)
  object space 43008K, 28% used [0x73140000,0x73d31d70,0x75b40000)
 PSPermGen       total 16384K, used 4260K [0x6b140000, 0x6c140000, 0x73140000)
  object space 16384K, 26% used [0x6b140000,0x6b569200,0x6c140000)

Card table byte_map: [0x6aeff000,0x6b140000] byte_map_base: 0x6aba6600

Polling page: 0xb7735000

Code Cache  [0xb3200000, 0xb3440000, 0xb6200000)
 total_blobs=348 nmethods=225 adapters=76 free_code_cache=48435Kb largest_free_block=49580416

Compilation events (10 events):
Event: 7.141 Thread 0x67aeb800 nmethod 218 0xb3298088 code [0xb3298180, 0xb3298210]
Event: 7.141 Thread 0x67aeb800  219             com.android.dx.dex.code.DalvInsn::<init> (67 bytes)
Event: 7.142 Thread 0x67aeb800 nmethod 219 0xb3297c88 code [0xb3297d80, 0xb3297e50]
Event: 7.142 Thread 0x67aeb800  220             com.android.dx.ssa.SCCP::simulateBranch (666 bytes)
Event: 7.389 Thread 0x67aea400 nmethod 201 0xb32b06c8 code [0xb32b0b40, 0xb32b2a7c]
Event: 7.389 Thread 0x67aea400  221             com.android.dx.rop.cst.Constant::compareTo (9 bytes)
Event: 7.395 Thread 0x67aea400 nmethod 221 0xb32a6a48 code [0xb32a6b60, 0xb32a6d04]
Event: 7.395 Thread 0x67aea400  222             com.android.dx.ssa.DeadCodeRemover::pruneDeadInstructions (246 bytes)
Event: 7.411 Thread 0x67aea400 nmethod 222 0xb32a7a88 code [0xb32a7be0, 0xb32a8104]
Event: 7.411 Thread 0x67aea400  223             com.android.dx.ssa.SCCP::run (298 bytes)

GC Heap History (9 events):
Event: 5.199 GC heap before
{Heap before GC invocations=1 (full 0):
 PSYoungGen      total 19200K, used 16640K [0x9dbc0000, 0x9f100000, 0xb3140000)
  eden space 16640K, 100% used [0x9dbc0000,0x9ec00000,0x9ec00000)
  from space 2560K, 0% used [0x9ee80000,0x9ee80000,0x9f100000)
  to   space 2560K, 0% used [0x9ec00000,0x9ec00000,0x9ee80000)
 ParOldGen       total 43008K, used 0K [0x73140000, 0x75b40000, 0x9dbc0000)
  object space 43008K, 0% used [0x73140000,0x73140000,0x75b40000)
 PSPermGen       total 16384K, used 3883K [0x6b140000, 0x6c140000, 0x73140000)
  object space 16384K, 23% used [0x6b140000,0x6b50af88,0x6c140000)
Event: 5.209 GC heap after
Heap after GC invocations=1 (full 0):
 PSYoungGen      total 19200K, used 2435K [0x9dbc0000, 0x9f100000, 0xb3140000)
  eden space 16640K, 0% used [0x9dbc0000,0x9dbc0000,0x9ec00000)
  from space 2560K, 95% used [0x9ec00000,0x9ee60da8,0x9ee80000)
  to   space 2560K, 0% used [0x9ee80000,0x9ee80000,0x9f100000)
 ParOldGen       total 43008K, used 4K [0x73140000, 0x75b40000, 0x9dbc0000)
  object space 43008K, 0% used [0x73140000,0x73141000,0x75b40000)
 PSPermGen       total 16384K, used 3883K [0x6b140000, 0x6c140000, 0x73140000)
  object space 16384K, 23% used [0x6b140000,0x6b50af88,0x6c140000)
}
Event: 5.889 GC heap before
{Heap before GC invocations=2 (full 0):
 PSYoungGen      total 19200K, used 19075K [0x9dbc0000, 0x9f100000, 0xb3140000)
  eden space 16640K, 100% used [0x9dbc0000,0x9ec00000,0x9ec00000)
  from space 2560K, 95% used [0x9ec00000,0x9ee60da8,0x9ee80000)
  to   space 2560K, 0% used [0x9ee80000,0x9ee80000,0x9f100000)
 ParOldGen       total 43008K, used 4K [0x73140000, 0x75b40000, 0x9dbc0000)
  object space 43008K, 0% used [0x73140000,0x73141000,0x75b40000)
 PSPermGen       total 16384K, used 4134K [0x6b140000, 0x6c140000, 0x73140000)
  object space 16384K, 25% used [0x6b140000,0x6b549b50,0x6c140000)
Event: 5.901 GC heap after
Heap after GC invocations=2 (full 0):
 PSYoungGen      total 19200K, used 2547K [0x9dbc0000, 0x9f100000, 0xb3140000)
  eden space 16640K, 0% used [0x9dbc0000,0x9dbc0000,0x9ec00000)
  from space 2560K, 99% used [0x9ee80000,0x9f0fcec0,0x9f100000)
  to   space 2560K, 0% used [0x9ec00000,0x9ec00000,0x9ee80000)
 ParOldGen       total 43008K, used 1436K [0x73140000, 0x75b40000, 0x9dbc0000)
  object space 43008K, 3% used [0x73140000,0x732a7108,0x75b40000)
 PSPermGen       total 16384K, used 4134K [0x6b140000, 0x6c140000, 0x73140000)
  object space 16384K, 25% used [0x6b140000,0x6b549b50,0x6c140000)
}
Event: 6.477 GC heap before
{Heap before GC invocations=3 (full 0):
 PSYoungGen      total 19200K, used 19187K [0x9dbc0000, 0x9f100000, 0xb3140000)
  eden space 16640K, 100% used [0x9dbc0000,0x9ec00000,0x9ec00000)
  from space 2560K, 99% used [0x9ee80000,0x9f0fcec0,0x9f100000)
  to   space 2560K, 0% used [0x9ec00000,0x9ec00000,0x9ee80000)
 ParOldGen       total 43008K, used 1436K [0x73140000, 0x75b40000, 0x9dbc0000)
  object space 43008K, 3% used [0x73140000,0x732a7108,0x75b40000)
 PSPermGen       total 16384K, used 4211K [0x6b140000, 0x6c140000, 0x73140000)
  object space 16384K, 25% used [0x6b140000,0x6b55cee8,0x6c140000)
Event: 6.492 GC heap after
Heap after GC invocations=3 (full 0):
 PSYoungGen      total 19200K, used 2555K [0x9dbc0000, 0xa0140000, 0xb3140000)
  eden space 16640K, 0% used [0x9dbc0000,0x9dbc0000,0x9ec00000)
  from space 2560K, 99% used [0x9ec00000,0x9ee7ef38,0x9ee80000)
  to   space 2560K, 0% used [0x9fec0000,0x9fec0000,0xa0140000)
 ParOldGen       total 43008K, used 4015K [0x73140000, 0x75b40000, 0x9dbc0000)
  object space 43008K, 9% used [0x73140000,0x7352bfa0,0x75b40000)
 PSPermGen       total 16384K, used 4211K [0x6b140000, 0x6c140000, 0x73140000)
  object space 16384K, 25% used [0x6b140000,0x6b55cee8,0x6c140000)
}
Event: 7.635 GC heap before
{Heap before GC invocations=4 (full 0):
 PSYoungGen      total 19200K, used 19195K [0x9dbc0000, 0xa0140000, 0xb3140000)
  eden space 16640K, 100% used [0x9dbc0000,0x9ec00000,0x9ec00000)
  from space 2560K, 99% used [0x9ec00000,0x9ee7ef38,0x9ee80000)
  to   space 2560K, 0% used [0x9fec0000,0x9fec0000,0xa0140000)
 ParOldGen       total 43008K, used 4015K [0x73140000, 0x75b40000, 0x9dbc0000)
  object space 43008K, 9% used [0x73140000,0x7352bfa0,0x75b40000)
 PSPermGen       total 16384K, used 4234K [0x6b140000, 0x6c140000, 0x73140000)
  object space 16384K, 25% used [0x6b140000,0x6b562890,0x6c140000)
Event: 7.695 GC heap after
Heap after GC invocations=4 (full 0):
 PSYoungGen      total 35840K, used 2547K [0x9dbc0000, 0xa0140000, 0xb3140000)
  eden space 33280K, 0% used [0x9dbc0000,0x9dbc0000,0x9fc40000)
  from space 2560K, 99% used [0x9fec0000,0xa013ceb0,0xa0140000)
  to   space 2560K, 0% used [0x9fc40000,0x9fc40000,0x9fec0000)
 ParOldGen       total 43008K, used 6815K [0x73140000, 0x75b40000, 0x9dbc0000)
  object space 43008K, 15% used [0x73140000,0x737e7ef8,0x75b40000)
 PSPermGen       total 16384K, used 4234K [0x6b140000, 0x6c140000, 0x73140000)
  object space 16384K, 25% used [0x6b140000,0x6b562890,0x6c140000)
}
Event: 10.903 GC heap before
{Heap before GC invocations=5 (full 0):
 PSYoungGen      total 35840K, used 35827K [0x9dbc0000, 0xa0140000, 0xb3140000)
  eden space 33280K, 100% used [0x9dbc0000,0x9fc40000,0x9fc40000)
  from space 2560K, 99% used [0x9fec0000,0xa013ceb0,0xa0140000)
  to   space 2560K, 0% used [0x9fc40000,0x9fc40000,0x9fec0000)
 ParOldGen       total 43008K, used 6815K [0x73140000, 0x75b40000, 0x9dbc0000)
  object space 43008K, 15% used [0x73140000,0x737e7ef8,0x75b40000)
 PSPermGen       total 16384K, used 4260K [0x6b140000, 0x6c140000, 0x73140000)
  object space 16384K, 26% used [0x6b140000,0x6b569200,0x6c140000)

Deoptimization events (10 events):
Event: 4.329 Thread 0xb6208400 Uncommon trap: reason=unstable_if action=reinterpret pc=0xb3249b78 method=java.lang.String.indexOf(II)I @ 49
Event: 5.000 Thread 0x67152800 Uncommon trap: reason=unstable_if action=reinterpret pc=0xb324c73c method=java.lang.String.compareTo(Ljava/lang/String;)I @ 38
Event: 5.439 Thread 0x67150400 Uncommon trap: reason=class_check action=maybe_recompile pc=0xb325b860 method=com.android.dx.ssa.NormalSsaInsn.accept(Lcom/android/dx/ssa/SsaInsn$Visitor;)V @ 9
Event: 5.462 Thread 0x6714cc00 Uncommon trap: reason=class_check action=maybe_recompile pc=0xb325b860 method=com.android.dx.ssa.NormalSsaInsn.accept(Lcom/android/dx/ssa/SsaInsn$Visitor;)V @ 9
Event: 5.462 Thread 0x6714cc00 Uncommon trap: reason=class_check action=maybe_recompile pc=0xb325b860 method=com.android.dx.ssa.NormalSsaInsn.accept(Lcom/android/dx/ssa/SsaInsn$Visitor;)V @ 9
Event: 5.462 Thread 0x6714cc00 Uncommon trap: reason=class_check action=maybe_recompile pc=0xb325b860 method=com.android.dx.ssa.NormalSsaInsn.accept(Lcom/android/dx/ssa/SsaInsn$Visitor;)V @ 9
Event: 5.917 Thread 0x67152800 Uncommon trap: reason=null_check action=make_not_entrant pc=0xb3273110 method=com.android.dx.rop.type.Type.equals(Ljava/lang/Object;)Z @ 8
Event: 6.061 Thread 0x67153800 Uncommon trap: reason=null_check action=make_not_entrant pc=0xb3267024 method=com.android.dx.ssa.SsaRenamer.getLocalForNewReg(I)Lcom/android/dx/rop/code/LocalItem; @ 19
Event: 6.064 Thread 0x67153800 Uncommon trap: reason=null_check action=make_not_entrant pc=0xb327a154 method=com.android.dx.ssa.SsaRenamer.getLocalForNewReg(I)Lcom/android/dx/rop/code/LocalItem; @ 19
Event: 7.559 Thread 0x67152800 Uncommon trap: reason=class_check action=maybe_recompile pc=0xb32825fc method=java.util.HashMap.put(Ljava/lang/Object;Ljava/lang/Object;)Ljava/lang/Object; @ 83

Internal exceptions (10 events):
Event: 6.135 Thread 0xb6208400 Threw 0x9e1bc2e8 at /build/openjdk-7-PdBaKN/openjdk-7-7u91-2.6.3/build/openjdk/hotspot/src/share/vm/prims/jvm.cpp:1322
Event: 6.173 Thread 0xb6208400 Threw 0x9e1cf820 at /build/openjdk-7-PdBaKN/openjdk-7-7u91-2.6.3/build/openjdk/hotspot/src/share/vm/prims/jvm.cpp:1322
Event: 6.174 Thread 0xb6208400 Threw 0x9e1d6f30 at /build/openjdk-7-PdBaKN/openjdk-7-7u91-2.6.3/build/openjdk/hotspot/src/share/vm/prims/jvm.cpp:1322
Event: 6.175 Thread 0xb6208400 Threw 0x9e1de290 at /build/openjdk-7-PdBaKN/openjdk-7-7u91-2.6.3/build/openjdk/hotspot/src/share/vm/prims/jvm.cpp:1322
Event: 6.205 Thread 0xb6208400 Threw 0x9e29da38 at /build/openjdk-7-PdBaKN/openjdk-7-7u91-2.6.3/build/openjdk/hotspot/src/share/vm/prims/jvm.cpp:1322
Event: 6.353 Thread 0xb6208400 Threw 0x9e7f1f18 at /build/openjdk-7-PdBaKN/openjdk-7-7u91-2.6.3/build/openjdk/hotspot/src/share/vm/prims/jvm.cpp:1322
Event: 6.354 Thread 0xb6208400 Threw 0x9e7f4d00 at /build/openjdk-7-PdBaKN/openjdk-7-7u91-2.6.3/build/openjdk/hotspot/src/share/vm/prims/jvm.cpp:1322
Event: 6.658 Thread 0x6714cc00 Threw 0x9dfd4ad8 at /build/openjdk-7-PdBaKN/openjdk-7-7u91-2.6.3/build/openjdk/hotspot/src/share/vm/prims/jvm.cpp:1322
Event: 8.111 Thread 0xb6208400 Threw 0x9e1520e0 at /build/openjdk-7-PdBaKN/openjdk-7-7u91-2.6.3/build/openjdk/hotspot/src/share/vm/prims/jvm.cpp:1322
Event: 8.296 Thread 0xb6208400 Threw 0x9e1c9608 at /build/openjdk-7-PdBaKN/openjdk-7-7u91-2.6.3/build/openjdk/hotspot/src/share/vm/prims/jvm.cpp:1322

Events (10 events):
Event: 7.559 Thread 0x67152800 Uncommon trap: trap_request=0xffffffde fr.pc=0xb32825fc
Event: 7.559 Thread 0x67152800 DEOPT PACKING pc=0xb32825fc sp=0x66a7bb70
Event: 7.559 Thread 0x67152800 DEOPT UNPACKING pc=0xb322cbc8 sp=0x66a7bb4c mode 2
Event: 7.608 Executing VM operation: ParallelGCFailedAllocation
Event: 7.695 Executing VM operation: ParallelGCFailedAllocation done
Event: 8.111 loading class 0x67164208
Event: 8.111 loading class 0x67164208 done
Event: 8.274 loading class 0x6716e4b8
Event: 8.274 loading class 0x6716e4b8 done
Event: 10.883 Executing VM operation: ParallelGCFailedAllocation


Dynamic libraries:
08048000-08049000 r-xp 00000000 08:01 804961     /usr/lib/jvm/java-7-openjdk-i386/jre/bin/java
08049000-0804a000 r--p 00000000 08:01 804961     /usr/lib/jvm/java-7-openjdk-i386/jre/bin/java
0804a000-0804b000 rw-p 00001000 08:01 804961     /usr/lib/jvm/java-7-openjdk-i386/jre/bin/java
085a5000-085e7000 rw-p 00000000 00:00 0          [heap]
64d00000-64dfe000 rw-p 00000000 00:00 0 
64dfe000-64e00000 ---p 00000000 00:00 0 
64f00000-64ff9000 rw-p 00000000 00:00 0 
64ff9000-65000000 ---p 00000000 00:00 0 
65100000-651cb000 rw-p 00000000 00:00 0 
651cb000-65200000 ---p 00000000 00:00 0 
65200000-652f9000 rw-p 00000000 00:00 0 
652f9000-65300000 ---p 00000000 00:00 0 
65300000-653f3000 rw-p 00000000 00:00 0 
653f3000-65400000 ---p 00000000 00:00 0 
65400000-654f9000 rw-p 00000000 00:00 0 
654f9000-65500000 ---p 00000000 00:00 0 
65500000-65700000 rw-p 00000000 00:00 0 
65700000-657f2000 rw-p 00000000 00:00 0 
657f2000-65800000 ---p 00000000 00:00 0 
65800000-65900000 rw-p 00000000 00:00 0 
65900000-659ff000 rw-p 00000000 00:00 0 
659ff000-65a00000 ---p 00000000 00:00 0 
65a00000-65af5000 rw-p 00000000 00:00 0 
65af5000-65b00000 ---p 00000000 00:00 0 
65b00000-65bf0000 rw-p 00000000 00:00 0 
65bf0000-65c00000 ---p 00000000 00:00 0 
65c00000-65ce4000 rw-p 00000000 00:00 0 
65ce4000-65d00000 ---p 00000000 00:00 0 
65d00000-65dff000 rw-p 00000000 00:00 0 
65dff000-65e00000 ---p 00000000 00:00 0 
65e00000-65ef7000 rw-p 00000000 00:00 0 
65ef7000-65f00000 ---p 00000000 00:00 0 
65f00000-66000000 rw-p 00000000 00:00 0 
66100000-661f3000 rw-p 00000000 00:00 0 
661f3000-66200000 ---p 00000000 00:00 0 
66300000-663fb000 rw-p 00000000 00:00 0 
663fb000-66400000 ---p 00000000 00:00 0 
66400000-664f8000 rw-p 00000000 00:00 0 
664f8000-66500000 ---p 00000000 00:00 0 
66500000-665fc000 rw-p 00000000 00:00 0 
665fc000-66600000 ---p 00000000 00:00 0 
66600000-666e7000 rw-p 00000000 00:00 0 
666e7000-66700000 ---p 00000000 00:00 0 
66800000-668ff000 rw-p 00000000 00:00 0 
668ff000-66900000 ---p 00000000 00:00 0 
6693a000-669db000 rw-p 00000000 00:00 0 
669db000-669de000 ---p 00000000 00:00 0 
669de000-66a2c000 rw-p 00000000 00:00 0          [stack:9759]
66a2c000-66a2f000 ---p 00000000 00:00 0 
66a2f000-66a7d000 rw-p 00000000 00:00 0          [stack:9758]
66a7d000-66a80000 ---p 00000000 00:00 0 
66a80000-66ace000 rw-p 00000000 00:00 0          [stack:9753]
66ace000-66ad1000 ---p 00000000 00:00 0 
66ad1000-66b1f000 rw-p 00000000 00:00 0          [stack:9750]
66b1f000-66b22000 ---p 00000000 00:00 0 
66b22000-66d31000 rw-p 00000000 00:00 0          [stack:9749]
66d31000-66da1000 r-xp 00000000 08:01 394656     /lib/i386-linux-gnu/libpcre.so.3.13.1
66da1000-66da2000 r--p 0006f000 08:01 394656     /lib/i386-linux-gnu/libpcre.so.3.13.1
66da2000-66da3000 rw-p 00070000 08:01 394656     /lib/i386-linux-gnu/libpcre.so.3.13.1
66da3000-66db7000 r-xp 00000000 08:01 394679     /lib/i386-linux-gnu/libresolv-2.21.so
66db7000-66db9000 r--p 00013000 08:01 394679     /lib/i386-linux-gnu/libresolv-2.21.so
66db9000-66dba000 rw-p 00015000 08:01 394679     /lib/i386-linux-gnu/libresolv-2.21.so
66dba000-66dbc000 rw-p 00000000 00:00 0 
66dbc000-66ee2000 r-xp 00000000 08:01 394573     /lib/i386-linux-gnu/libglib-2.0.so.0.4400.0
66ee2000-66ee3000 r--p 00125000 08:01 394573     /lib/i386-linux-gnu/libglib-2.0.so.0.4400.0
66ee3000-66ee4000 rw-p 00126000 08:01 394573     /lib/i386-linux-gnu/libglib-2.0.so.0.4400.0
66ee4000-66f3f000 r-xp 00000000 08:01 137385     /usr/lib/i386-linux-gnu/libgobject-2.0.so.0.4400.0
66f3f000-66f40000 r--p 0005b000 08:01 137385     /usr/lib/i386-linux-gnu/libgobject-2.0.so.0.4400.0
66f40000-66f41000 rw-p 0005c000 08:01 137385     /usr/lib/i386-linux-gnu/libgobject-2.0.so.0.4400.0
66f41000-670fa000 r-xp 00000000 08:01 137357     /usr/lib/i386-linux-gnu/libgio-2.0.so.0.4400.0
670fa000-670fd000 r--p 001b8000 08:01 137357     /usr/lib/i386-linux-gnu/libgio-2.0.so.0.4400.0
670fd000-670ff000 rw-p 001bb000 08:01 137357     /usr/lib/i386-linux-gnu/libgio-2.0.so.0.4400.0
670ff000-67100000 rw-p 00000000 00:00 0 
67100000-67181000 rw-p 00000000 00:00 0 
67181000-67200000 ---p 00000000 00:00 0 
67218000-6723c000 r-xp 00000000 08:01 394683     /lib/i386-linux-gnu/libselinux.so.1
6723c000-6723d000 r--p 00024000 08:01 394683     /lib/i386-linux-gnu/libselinux.so.1
6723d000-6723e000 rw-p 00025000 08:01 394683     /lib/i386-linux-gnu/libselinux.so.1
6723e000-6723f000 rw-p 00000000 00:00 0 
6723f000-67240000 ---p 00000000 00:00 0 
67240000-672c0000 rw-p 00000000 00:00 0          [stack:9746]
672c0000-672c3000 ---p 00000000 00:00 0 
672c3000-67311000 rw-p 00000000 00:00 0          [stack:9745]
67311000-67314000 ---p 00000000 00:00 0 
67314000-67392000 rw-p 00000000 00:00 0          [stack:9744]
67392000-67395000 ---p 00000000 00:00 0 
67395000-67413000 rw-p 00000000 00:00 0          [stack:9743]
67413000-6755a000 r-xp 00000000 08:01 136931     /usr/lib/i386-linux-gnu/libX11.so.6.3.0
6755a000-6755b000 r--p 00146000 08:01 136931     /usr/lib/i386-linux-gnu/libX11.so.6.3.0
6755b000-6755d000 rw-p 00147000 08:01 136931     /usr/lib/i386-linux-gnu/libX11.so.6.3.0
6755d000-6755e000 rw-p 00000000 00:00 0 
6755e000-67561000 ---p 00000000 00:00 0 
67561000-675af000 rw-p 00000000 00:00 0          [stack:9742]
675af000-677af000 r--p 00000000 08:01 143362     /usr/lib/locale/locale-archive
677af000-677b2000 ---p 00000000 00:00 0 
677b2000-67800000 rw-p 00000000 00:00 0          [stack:9741]
67800000-678eb000 rw-p 00000000 00:00 0 
678eb000-67900000 ---p 00000000 00:00 0 
67900000-67921000 rw-p 00000000 00:00 0 
67921000-67a00000 ---p 00000000 00:00 0 
67a00000-67b00000 rw-p 00000000 00:00 0 
67b0a000-67b11000 r-xp 00000000 08:01 137254     /usr/lib/i386-linux-gnu/libffi.so.6.0.4
67b11000-67b13000 r--p 00006000 08:01 137254     /usr/lib/i386-linux-gnu/libffi.so.6.0.4
67b13000-67b14000 rw-p 00008000 08:01 137254     /usr/lib/i386-linux-gnu/libffi.so.6.0.4
67b2b000-67b4b000 r-xp 00000000 08:01 138125     /usr/lib/i386-linux-gnu/libxcb.so.1.1.0
67b4b000-67b4c000 r--p 0001f000 08:01 138125     /usr/lib/i386-linux-gnu/libxcb.so.1.1.0
67b4c000-67b4d000 rw-p 00020000 08:01 138125     /usr/lib/i386-linux-gnu/libxcb.so.1.1.0
67b4d000-67b4e000 ---p 00000000 00:00 0 
67b4e000-67bce000 rw-p 00000000 00:00 0          [stack:9739]
67bce000-67d80000 r--s 01d2e000 08:01 804984     /usr/lib/jvm/java-7-openjdk-i386/jre/lib/rt.jar
67d80000-6a600000 rw-p 00000000 00:00 0 
6a600000-6a6fe000 rw-p 00000000 00:00 0 
6a6fe000-6a700000 ---p 00000000 00:00 0 
6a703000-6a71a000 r-xp 00000000 08:01 805027     /usr/lib/jvm/java-7-openjdk-i386/jre/lib/i386/libnet.so
6a71a000-6a71b000 r--p 00016000 08:01 805027     /usr/lib/jvm/java-7-openjdk-i386/jre/lib/i386/libnet.so
6a71b000-6a71c000 rw-p 00017000 08:01 805027     /usr/lib/jvm/java-7-openjdk-i386/jre/lib/i386/libnet.so
6a71c000-6a72c000 r-xp 00000000 08:01 804991     /usr/lib/jvm/java-7-openjdk-i386/jre/lib/i386/libnio.so
6a72c000-6a72d000 r--p 00010000 08:01 804991     /usr/lib/jvm/java-7-openjdk-i386/jre/lib/i386/libnio.so
6a72d000-6a72e000 rw-p 00011000 08:01 804991     /usr/lib/jvm/java-7-openjdk-i386/jre/lib/i386/libnio.so
6a72e000-6a731000 ---p 00000000 00:00 0 
6a731000-6a77f000 rw-p 00000000 00:00 0          [stack:9740]
6a77f000-6a780000 ---p 00000000 00:00 0 
6a780000-6a800000 rw-p 00000000 00:00 0          [stack:9738]
6a800000-6a821000 rw-p 00000000 00:00 0 
6a821000-6a900000 ---p 00000000 00:00 0 
6a900000-6a921000 rw-p 00000000 00:00 0 
6a921000-6aa00000 ---p 00000000 00:00 0 
6aa04000-6aa0e000 r--s 00045000 08:01 946042     /home/student/test/HealthyBit/app/build/intermediates/exploded-aar/com.android.support/support-v4/23.3.0/jars/libs/internal_impl-23.3.0.jar
6aa0e000-6aa13000 r-xp 00000000 08:01 136946     /usr/lib/i386-linux-gnu/libXdmcp.so.6.0.0
6aa13000-6aa14000 r--p 00004000 08:01 136946     /usr/lib/i386-linux-gnu/libXdmcp.so.6.0.0
6aa14000-6aa15000 rw-p 00005000 08:01 136946     /usr/lib/i386-linux-gnu/libXdmcp.so.6.0.0
6aa15000-6aa24000 r--s 000df000 08:01 1062595    /home/student/Android/Sdk/build-tools/23.0.3/lib/dx.jar
6aa24000-6aa7f000 rw-p 00000000 00:00 0 
6aa7f000-6aa80000 ---p 00000000 00:00 0 
6aa80000-6ab00000 rw-p 00000000 00:00 0          [stack:9737]
6ab00000-6ab21000 rw-p 00000000 00:00 0 
6ab21000-6ac00000 ---p 00000000 00:00 0 
6ac03000-6ac67000 rw-p 00000000 00:00 0 
6ac67000-6ac68000 ---p 00000000 00:00 0 
6ac68000-6ace8000 rw-p 00000000 00:00 0          [stack:9736]
6ace8000-6ace9000 ---p 00000000 00:00 0 
6ace9000-6ad71000 rw-p 00000000 00:00 0          [stack:9735]
6ad71000-6ada9000 rw-p 00000000 00:00 0 
6ada9000-6adbe000 rw-p 00000000 00:00 0 
6adbe000-6aeff000 rw-p 00000000 00:00 0 
6aeff000-6af07000 rw-p 00000000 00:00 0 
6af07000-6af3f000 rw-p 00000000 00:00 0 
6af3f000-6af54000 rw-p 00000000 00:00 0 
6af54000-6b094000 rw-p 00000000 00:00 0 
6b094000-6b0a7000 rw-p 00000000 00:00 0 
6b0a7000-6b13f000 rw-p 00000000 00:00 0 
6b13f000-6c140000 rw-p 00000000 00:00 0 
6c140000-73140000 rw-p 00000000 00:00 0 
73140000-75b40000 rw-p 00000000 00:00 0 
75b40000-9dbc0000 rw-p 00000000 00:00 0 
9dbc0000-a0140000 rw-p 00000000 00:00 0 
a2dc0000-b3140000 rw-p 00000000 00:00 0 
b3140000-b3149000 rw-p 00000000 00:00 0 
b3149000-b3200000 rw-p 00000000 00:00 0 
b3200000-b3440000 rwxp 00000000 00:00 0 
b3440000-b6300000 rw-p 00000000 00:00 0 
b6300000-b6303000 r-xp 00000000 08:01 137371     /usr/lib/i386-linux-gnu/libgmodule-2.0.so.0.4400.0
b6303000-b6304000 r--p 00002000 08:01 137371     /usr/lib/i386-linux-gnu/libgmodule-2.0.so.0.4400.0
b6304000-b6305000 rw-p 00003000 08:01 137371     /usr/lib/i386-linux-gnu/libgmodule-2.0.so.0.4400.0
b6305000-b6307000 r-xp 00000000 08:01 136935     /usr/lib/i386-linux-gnu/libXau.so.6.0.0
b6307000-b6308000 r--p 00001000 08:01 136935     /usr/lib/i386-linux-gnu/libXau.so.6.0.0
b6308000-b6309000 rw-p 00002000 08:01 136935     /usr/lib/i386-linux-gnu/libXau.so.6.0.0
b6309000-b630b000 r-xp 00000000 08:01 141618     /usr/lib/jayatana/libjayatanaag.so
b630b000-b630c000 r--p 00001000 08:01 141618     /usr/lib/jayatana/libjayatanaag.so
b630c000-b630d000 rw-p 00002000 08:01 141618     /usr/lib/jayatana/libjayatanaag.so
b630d000-b630e000 r--s 00000000 08:01 414147     /usr/share/java/jayatanaag.jar
b630e000-b6312000 r--s 00085000 08:01 804976     /usr/lib/jvm/java-7-openjdk-i386/jre/lib/ext/localedata.jar
b6312000-b6316000 r--s 00034000 08:01 804978     /usr/lib/jvm/java-7-openjdk-i386/jre/lib/ext/sunjce_provider.jar
b6316000-b631a000 r--s 0003c000 08:01 804979     /usr/lib/jvm/java-7-openjdk-i386/jre/lib/ext/sunpkcs11.jar
b631a000-b6326000 r-xp 00000000 08:01 394626     /lib/i386-linux-gnu/libnss_files-2.21.so
b6326000-b6327000 r--p 0000b000 08:01 394626     /lib/i386-linux-gnu/libnss_files-2.21.so
b6327000-b6328000 rw-p 0000c000 08:01 394626     /lib/i386-linux-gnu/libnss_files-2.21.so
b6328000-b6333000 r-xp 00000000 08:01 394636     /lib/i386-linux-gnu/libnss_nis-2.21.so
b6333000-b6334000 r--p 0000a000 08:01 394636     /lib/i386-linux-gnu/libnss_nis-2.21.so
b6334000-b6335000 rw-p 0000b000 08:01 394636     /lib/i386-linux-gnu/libnss_nis-2.21.so
b6335000-b634c000 r-xp 00000000 08:01 394620     /lib/i386-linux-gnu/libnsl-2.21.so
b634c000-b634d000 r--p 00016000 08:01 394620     /lib/i386-linux-gnu/libnsl-2.21.so
b634d000-b634e000 rw-p 00017000 08:01 394620     /lib/i386-linux-gnu/libnsl-2.21.so
b634e000-b6350000 rw-p 00000000 00:00 0 
b6350000-b6358000 r-xp 00000000 08:01 394622     /lib/i386-linux-gnu/libnss_compat-2.21.so
b6358000-b6359000 r--p 00007000 08:01 394622     /lib/i386-linux-gnu/libnss_compat-2.21.so
b6359000-b635a000 rw-p 00008000 08:01 394622     /lib/i386-linux-gnu/libnss_compat-2.21.so
b635a000-b635d000 r--s 0000f000 08:01 804977     /usr/lib/jvm/java-7-openjdk-i386/jre/lib/ext/icedtea-sound.jar
b635d000-b635f000 r--s 00012000 08:01 804975     /usr/lib/jvm/java-7-openjdk-i386/jre/lib/ext/zipfs.jar
b635f000-b6367000 r-xp 00000000 08:01 804995     /usr/lib/jvm/java-7-openjdk-i386/jre/lib/i386/libzip.so
b6367000-b6368000 r--p 00007000 08:01 804995     /usr/lib/jvm/java-7-openjdk-i386/jre/lib/i386/libzip.so
b6368000-b6369000 rw-p 00008000 08:01 804995     /usr/lib/jvm/java-7-openjdk-i386/jre/lib/i386/libzip.so
b6369000-b6371000 rw-s 00000000 08:01 429867     /tmp/hsperfdata_student/9729
b6371000-b637b000 r-xp 00000000 08:01 805017     /usr/lib/jvm/java-7-openjdk-i386/jre/lib/i386/libinstrument.so
b637b000-b637c000 r--p 00009000 08:01 805017     /usr/lib/jvm/java-7-openjdk-i386/jre/lib/i386/libinstrument.so
b637c000-b637d000 rw-p 0000a000 08:01 805017     /usr/lib/jvm/java-7-openjdk-i386/jre/lib/i386/libinstrument.so
b637d000-b63a3000 r-xp 00000000 08:01 805003     /usr/lib/jvm/java-7-openjdk-i386/jre/lib/i386/libjava.so
b63a3000-b63a4000 r--p 00025000 08:01 805003     /usr/lib/jvm/java-7-openjdk-i386/jre/lib/i386/libjava.so
b63a4000-b63a5000 rw-p 00026000 08:01 805003     /usr/lib/jvm/java-7-openjdk-i386/jre/lib/i386/libjava.so
b63a5000-b63ac000 r-xp 00000000 08:01 394681     /lib/i386-linux-gnu/librt-2.21.so
b63ac000-b63ad000 r--p 00006000 08:01 394681     /lib/i386-linux-gnu/librt-2.21.so
b63ad000-b63ae000 rw-p 00007000 08:01 394681     /lib/i386-linux-gnu/librt-2.21.so
b63ae000-b63b1000 ---p 00000000 00:00 0 
b63b1000-b63ff000 rw-p 00000000 00:00 0          [stack:9734]
b63ff000-b641b000 r-xp 00000000 08:01 394569     /lib/i386-linux-gnu/libgcc_s.so.1
b641b000-b641c000 rw-p 0001b000 08:01 394569     /lib/i386-linux-gnu/libgcc_s.so.1
b641c000-b6467000 r-xp 00000000 08:01 394599     /lib/i386-linux-gnu/libm-2.21.so
b6467000-b6468000 r--p 0004a000 08:01 394599     /lib/i386-linux-gnu/libm-2.21.so
b6468000-b6469000 rw-p 0004b000 08:01 394599     /lib/i386-linux-gnu/libm-2.21.so
b6469000-b6552000 r-xp 00000000 08:01 137921     /usr/lib/i386-linux-gnu/libstdc++.so.6.0.20
b6552000-b6556000 r--p 000e9000 08:01 137921     /usr/lib/i386-linux-gnu/libstdc++.so.6.0.20
b6556000-b6557000 rw-p 000ed000 08:01 137921     /usr/lib/i386-linux-gnu/libstdc++.so.6.0.20
b6557000-b655e000 rw-p 00000000 00:00 0 
b655e000-b70b1000 r-xp 00000000 08:01 805013     /usr/lib/jvm/java-7-openjdk-i386/jre/lib/i386/server/libjvm.so
b70b1000-b7105000 r--p 00b52000 08:01 805013     /usr/lib/jvm/java-7-openjdk-i386/jre/lib/i386/server/libjvm.so
b7105000-b7119000 rw-p 00ba6000 08:01 805013     /usr/lib/jvm/java-7-openjdk-i386/jre/lib/i386/server/libjvm.so
b7119000-b7538000 rw-p 00000000 00:00 0 
b7538000-b7551000 r-xp 00000000 08:01 394714     /lib/i386-linux-gnu/libz.so.1.2.8
b7551000-b7552000 r--p 00019000 08:01 394714     /lib/i386-linux-gnu/libz.so.1.2.8
b7552000-b7553000 rw-p 0001a000 08:01 394714     /lib/i386-linux-gnu/libz.so.1.2.8
b7553000-b756c000 r-xp 00000000 08:01 394673     /lib/i386-linux-gnu/libpthread-2.21.so
b756c000-b756d000 r--p 00018000 08:01 394673     /lib/i386-linux-gnu/libpthread-2.21.so
b756d000-b756e000 rw-p 00019000 08:01 394673     /lib/i386-linux-gnu/libpthread-2.21.so
b756e000-b7570000 rw-p 00000000 00:00 0 
b7570000-b7573000 r-xp 00000000 08:01 394557     /lib/i386-linux-gnu/libdl-2.21.so
b7573000-b7574000 r--p 00002000 08:01 394557     /lib/i386-linux-gnu/libdl-2.21.so
b7574000-b7575000 rw-p 00003000 08:01 394557     /lib/i386-linux-gnu/libdl-2.21.so
b7575000-b7729000 r-xp 00000000 08:01 394540     /lib/i386-linux-gnu/libc-2.21.so
b7729000-b772c000 r--p 001b3000 08:01 394540     /lib/i386-linux-gnu/libc-2.21.so
b772c000-b772e000 rw-p 001b6000 08:01 394540     /lib/i386-linux-gnu/libc-2.21.so
b772e000-b7730000 rw-p 00000000 00:00 0 
b7730000-b7731000 r--s 00002000 08:01 804980     /usr/lib/jvm/java-7-openjdk-i386/jre/lib/ext/dnsns.jar
b7731000-b7733000 r--s 00006000 08:01 399091     /usr/share/java/java-atk-wrapper.jar
b7733000-b7734000 r--p 005e0000 08:01 143362     /usr/lib/locale/locale-archive
b7734000-b7735000 rw-p 00000000 00:00 0 
b7735000-b7736000 ---p 00000000 00:00 0 
b7736000-b7744000 r-xp 00000000 08:01 805022     /usr/lib/jvm/java-7-openjdk-i386/jre/lib/i386/libverify.so
b7744000-b7746000 r--p 0000d000 08:01 805022     /usr/lib/jvm/java-7-openjdk-i386/jre/lib/i386/libverify.so
b7746000-b7747000 rw-p 0000f000 08:01 805022     /usr/lib/jvm/java-7-openjdk-i386/jre/lib/i386/libverify.so
b7747000-b7753000 r-xp 00000000 08:01 805024     /usr/lib/jvm/java-7-openjdk-i386/jre/lib/i386/jli/libjli.so
b7753000-b7754000 r--p 0000b000 08:01 805024     /usr/lib/jvm/java-7-openjdk-i386/jre/lib/i386/jli/libjli.so
b7754000-b7755000 rw-p 0000c000 08:01 805024     /usr/lib/jvm/java-7-openjdk-i386/jre/lib/i386/jli/libjli.so
b7755000-b7758000 rw-p 00000000 00:00 0 
b7758000-b775a000 r--p 00000000 00:00 0          [vvar]
b775a000-b775b000 r-xp 00000000 00:00 0          [vdso]
b775b000-b777d000 r-xp 00000000 08:01 394512     /lib/i386-linux-gnu/ld-2.21.so
b777d000-b777e000 r--p 00021000 08:01 394512     /lib/i386-linux-gnu/ld-2.21.so
b777e000-b777f000 rw-p 00022000 08:01 394512     /lib/i386-linux-gnu/ld-2.21.so
bf7ca000-bf7cb000 rwxp 00000000 00:00 0 
bf7fc000-bf81e000 rw-p 00000000 00:00 0          [stack]

VM Arguments:
jvm_args: -javaagent:/usr/share/java/jayatanaag.jar -Djava.awt.headless=true -Xmx1024M -Dfile.encoding=UTF-8 -Duser.country=US -Duser.language=en -Duser.variant 
java_command: com.android.dx.command.Main --dex --num-threads=4 --output /home/student/test/HealthyBit/app/build/intermediates/pre-dexed/debug/internal_impl-23.3.0_cf09db38dbae72fd503c506519931c6890d9c118.jar /home/student/test/HealthyBit/app/build/intermediates/exploded-aar/com.android.support/support-v4/23.3.0/jars/libs/internal_impl-23.3.0.jar
Launcher Type: SUN_STANDARD

Environment Variables:
JAVA_TOOL_OPTIONS=-javaagent:/usr/share/java/jayatanaag.jar 
PATH=/home/student/.linuxbrew/bin:/usr/local/sbin:/usr/local/bin:/usr/sbin:/usr/bin:/sbin:/bin:/usr/games:/usr/local/games:/etc/android-studio/bin/:/home/student/Android/Sdk/platform-tools:/home/student/Android/Sdk/tools
LD_LIBRARY_PATH=/etc/android-studio/bin:
SHELL=/bin/bash
DISPLAY=:0

Signal Handlers:
SIGSEGV: [libjvm.so+0x7f7d00], sa_mask[0]=0x7ffbfeff, sa_flags=0x10000004
SIGBUS: [libjvm.so+0x7f7d00], sa_mask[0]=0x7ffbfeff, sa_flags=0x10000004
SIGFPE: [libjvm.so+0x67a9d0], sa_mask[0]=0x7ffbfeff, sa_flags=0x10000004
SIGPIPE: [libjvm.so+0x67a9d0], sa_mask[0]=0x7ffbfeff, sa_flags=0x10000004
SIGXFSZ: [libjvm.so+0x67a9d0], sa_mask[0]=0x7ffbfeff, sa_flags=0x10000004
SIGILL: [libjvm.so+0x67a9d0], sa_mask[0]=0x7ffbfeff, sa_flags=0x10000004
SIGUSR1: SIG_DFL, sa_mask[0]=0x00000000, sa_flags=0x00000000
SIGUSR2: [libjvm.so+0x67a820], sa_mask[0]=0x00000004, sa_flags=0x10000004
SIGHUP: [libjvm.so+0x67aa80], sa_mask[0]=0x7ffbfeff, sa_flags=0x10000004
SIGINT: [libjvm.so+0x67aa80], sa_mask[0]=0x7ffbfeff, sa_flags=0x10000004
SIGTERM: [libjvm.so+0x67aa80], sa_mask[0]=0x7ffbfeff, sa_flags=0x10000004
SIGQUIT: [libjvm.so+0x67aa80], sa_mask[0]=0x7ffbfeff, sa_flags=0x10000004
SIGTRAP: SIG_DFL, sa_mask[0]=0x00000000, sa_flags=0x00000000


---------------  S Y S T E M  ---------------

OS:Ubuntu 15.04 (vivid)
uname:Linux 3.19.0-18-generic #18-Ubuntu SMP Tue May 19 18:30:59 UTC 2015 i686
libc:glibc 2.21 NPTL 2.21 
rlimit: STACK 8192k, CORE 0k, NPROC 32177, NOFILE 65536, AS infinity
load average:16.85 8.81 5.88

/proc/meminfo:
MemTotal:        4139540 kB
MemFree:          235144 kB
MemAvailable:     170236 kB
Buffers:            2328 kB
Cached:            72540 kB
SwapCached:            0 kB
Active:          3498572 kB
Inactive:          54368 kB
Active(anon):    3479396 kB
Inactive(anon):    37884 kB
Active(file):      19176 kB
Inactive(file):    16484 kB
Unevictable:          32 kB
Mlocked:              32 kB
HighTotal:       3280776 kB
HighFree:          59592 kB
LowTotal:         858764 kB
LowFree:          175552 kB
SwapTotal:             0 kB
SwapFree:              0 kB
Dirty:                84 kB
Writeback:             0 kB
AnonPages:       3478620 kB
Mapped:            49444 kB
Shmem:             39060 kB
Slab:              50280 kB
SReclaimable:      23836 kB
SUnreclaim:        26444 kB
KernelStack:        5520 kB
PageTables:        15204 kB
NFS_Unstable:          0 kB
Bounce:                0 kB
WritebackTmp:          0 kB
CommitLimit:     2069768 kB
Committed_AS:    6266476 kB
VmallocTotal:     122880 kB
VmallocUsed:       23436 kB
VmallocChunk:      34932 kB
AnonHugePages:   2648064 kB
CmaTotal:              0 kB
CmaFree:               0 kB
HugePages_Total:       0
HugePages_Free:        0
HugePages_Rsvd:        0
HugePages_Surp:        0
Hugepagesize:       2048 kB
DirectMap4k:       61432 kB
DirectMap2M:      851968 kB


CPU:total 4 (1 cores per cpu, 1 threads per core) family 6 model 58 stepping 9, cmov, cx8, fxsr, mmx, sse, sse2, sse3, ssse3, sse4.1, sse4.2, popcnt, avx, aes, erms, tsc, tscinvbit, tscinv

/proc/cpuinfo:
processor	: 0
vendor_id	: GenuineIntel
cpu family	: 6
model		: 58
model name	: Intel(R) Core(TM) i5-3210M CPU @ 2.50GHz
stepping	: 9
microcode	: 0x15
cpu MHz		: 2494.111
cache size	: 3072 KB
physical id	: 0
siblings	: 1
core id		: 0
cpu cores	: 1
apicid		: 0
initial apicid	: 0
fdiv_bug	: no
f00f_bug	: no
coma_bug	: no
fpu		: yes
fpu_exception	: yes
cpuid level	: 13
wp		: yes
flags		: fpu vme de pse tsc msr pae mce cx8 apic sep mtrr pge mca cmov pat pse36 clflush dts mmx fxsr sse sse2 ss nx rdtscp lm constant_tsc arch_perfmon pebs bts xtopology tsc_reliable nonstop_tsc aperfmperf pni pclmulqdq ssse3 cx16 pcid sse4_1 sse4_2 x2apic popcnt tsc_deadline_timer aes xsave avx f16c rdrand hypervisor lahf_lm ida arat epb pln pts dtherm fsgsbase tsc_adjust smep
bugs		:
bogomips	: 4988.22
clflush size	: 64
cache_alignment	: 64
address sizes	: 42 bits physical, 48 bits virtual
power management:

processor	: 1
vendor_id	: GenuineIntel
cpu family	: 6
model		: 58
model name	: Intel(R) Core(TM) i5-3210M CPU @ 2.50GHz
stepping	: 9
microcode	: 0x15
cpu MHz		: 2494.111
cache size	: 3072 KB
physical id	: 2
siblings	: 1
core id		: 0
cpu cores	: 1
apicid		: 2
initial apicid	: 2
fdiv_bug	: no
f00f_bug	: no
coma_bug	: no
fpu		: yes
fpu_exception	: yes
cpuid level	: 13
wp		: yes
flags		: fpu vme de pse tsc msr pae mce cx8 apic sep mtrr pge mca cmov pat pse36 clflush dts mmx fxsr sse sse2 ss nx rdtscp lm constant_tsc arch_perfmon pebs bts xtopology tsc_reliable nonstop_tsc aperfmperf pni pclmulqdq ssse3 cx16 pcid sse4_1 sse4_2 x2apic popcnt tsc_deadline_timer aes xsave avx f16c rdrand hypervisor lahf_lm ida arat epb pln pts dtherm fsgsbase tsc_adjust smep
bugs		:
bogomips	: 4988.22
clflush size	: 64
cache_alignment	: 64
address sizes	: 42 bits physical, 48 bits virtual
power management:

processor	: 2
vendor_id	: GenuineIntel
cpu family	: 6
model		: 58
model name	: Intel(R) Core(TM) i5-3210M CPU @ 2.50GHz
stepping	: 9
microcode	: 0x15
cpu MHz		: 2494.111
cache size	: 3072 KB
physical id	: 4
siblings	: 1
core id		: 0
cpu cores	: 1
apicid		: 4
initial apicid	: 4
fdiv_bug	: no
f00f_bug	: no
coma_bug	: no
fpu		: yes
fpu_exception	: yes
cpuid level	: 13
wp		: yes
flags		: fpu vme de pse tsc msr pae mce cx8 apic sep mtrr pge mca cmov pat pse36 clflush dts mmx fxsr sse sse2 ss nx rdtscp lm constant_tsc arch_perfmon pebs bts xtopology tsc_reliable nonstop_tsc aperfmperf pni pclmulqdq ssse3 cx16 pcid sse4_1 sse4_2 x2apic popcnt tsc_deadline_timer aes xsave avx f16c rdrand hypervisor lahf_lm ida arat epb pln pts dtherm fsgsbase tsc_adjust smep
bugs		:
bogomips	: 4988.22
clflush size	: 64
cache_alignment	: 64
address sizes	: 42 bits physical, 48 bits virtual
power management:

processor	: 3
vendor_id	: GenuineIntel
cpu family	: 6
model		: 58
model name	: Intel(R) Core(TM) i5-3210M CPU @ 2.50GHz
stepping	: 9
microcode	: 0x15
cpu MHz		: 2494.111
cache size	: 3072 KB
physical id	: 6
siblings	: 1
core id		: 0
cpu cores	: 1
apicid		: 6
initial apicid	: 6
fdiv_bug	: no
f00f_bug	: no
coma_bug	: no
fpu		: yes
fpu_exception	: yes
cpuid level	: 13
wp		: yes
flags		: fpu vme de pse tsc msr pae mce cx8 apic sep mtrr pge mca cmov pat pse36 clflush dts mmx fxsr sse sse2 ss nx rdtscp lm constant_tsc arch_perfmon pebs bts xtopology tsc_reliable nonstop_tsc aperfmperf pni pclmulqdq ssse3 cx16 pcid sse4_1 sse4_2 x2apic popcnt tsc_deadline_timer aes xsave avx f16c rdrand hypervisor lahf_lm ida arat epb pln pts dtherm fsgsbase tsc_adjust smep
bugs		:
bogomips	: 4988.22
clflush size	: 64
cache_alignment	: 64
address sizes	: 42 bits physical, 48 bits virtual
power management:



Memory: 4k page, physical 4139540k(234696k free), swap 0k(0k free)

vm_info: OpenJDK Server VM (24.91-b01) for linux-x86 JRE (1.7.0_91-b02), built on Nov 19 2015 06:25:06 by "buildd" with gcc 4.9.2

time: Tue May  3 16:34:09 2016
elapsed time: 11 seconds

