#
# There is insufficient memory for the Java Runtime Environment to continue.
# Native memory allocation (malloc) failed to allocate 90701824 bytes for committing reserved memory.
# Possible reasons:
#   The system is out of physical RAM or swap space
#   In 32 bit mode, the process size limit was hit
# Possible solutions:
#   Reduce memory load on the system
#   Increase physical memory or swap space
#   Check if swap backing store is full
#   Use 64 bit Java on a 64 bit OS
#   Decrease Java heap size (-Xmx/-Xms)
#   Decrease number of Java threads
#   Decrease Java thread stack sizes (-Xss)
#   Set larger code cache with -XX:ReservedCodeCacheSize=
# This output file may be truncated or incomplete.
#
#  Out of Memory Error (os_linux.cpp:2827), pid=9278, tid=1740430144
#
# JRE version: OpenJDK Runtime Environment (7.0_91-b02) (build 1.7.0_91-b02)
# Java VM: OpenJDK Server VM (24.91-b01 mixed mode linux-x86 )
# Derivative: IcedTea 2.6.3
# Distribution: Ubuntu 15.04, package 7u91-2.6.3-0ubuntu0.15.04.1
# Failed to write core dump. Core dumps have been disabled. To enable core dumping, try "ulimit -c unlimited" before starting Java again
#

---------------  T H R E A D  ---------------

Current thread (0x67a81400):  VMThread [stack: 0x67b4d000,0x67bce000] [id=9288]

Stack: [0x67b4d000,0x67bce000]
VM_Operation (0x66b42a04): ParallelGCFailedAllocation, mode: safepoint, requested by thread 0x6714cc00


---------------  P R O C E S S  ---------------

Java Threads: ( => current thread )
  0x6714f800 JavaThread "pool-1-thread-4" [_thread_blocked, id=9338, stack(0x66a51000,0x66aa2000)]
  0x6714dc00 JavaThread "pool-1-thread-3" [_thread_blocked, id=9336, stack(0x66aa2000,0x66af3000)]
  0x6714cc00 JavaThread "pool-1-thread-2" [_thread_blocked, id=9332, stack(0x66af3000,0x66b44000)]
  0x6714a000 JavaThread "pool-2-thread-1" [_thread_blocked, id=9331, stack(0x66b44000,0x66b95000)]
  0x67147c00 JavaThread "pool-1-thread-1" [_thread_blocked, id=9329, stack(0x66b95000,0x66be6000)]
  0x67aee800 JavaThread "Service Thread" daemon [_thread_blocked, id=9302, stack(0x67311000,0x67362000)]
  0x67aec800 JavaThread "C2 CompilerThread1" daemon [_thread_blocked, id=9301, stack(0x67362000,0x673e3000)]
  0x67aeb400 JavaThread "C2 CompilerThread0" daemon [_thread_blocked, id=9298, stack(0x673e3000,0x67464000)]
  0x67a98400 JavaThread "Signal Dispatcher" daemon [_thread_blocked, id=9291, stack(0x675af000,0x67600000)]
  0x67a85400 JavaThread "Finalizer" daemon [_thread_blocked, id=9290, stack(0x6a72e000,0x6a77f000)]
  0x67a83c00 JavaThread "Reference Handler" daemon [_thread_blocked, id=9289, stack(0x6a92e000,0x6a97f000)]
  0xb6308400 JavaThread "main" [_thread_blocked, id=9280, stack(0xb642e000,0xb647f000)]

Other Threads:
=>0x67a81400 VMThread [stack: 0x67b4d000,0x67bce000] [id=9288]
  0x67af0800 WatcherThread [stack: 0x67290000,0x67311000] [id=9305]

VM state:at safepoint (normal execution)

VM Mutex/Monitor currently owned by a thread:  ([mutex/lock_event])
[0xb6305e00] Threads_lock - owner thread: 0x67a81400
[0xb6306210] Heap_lock - owner thread: 0x6714cc00

Heap
 PSYoungGen      total 146944K, used 21495K [0x9dc40000, 0xa85c0000, 0xb31c0000)
  eden space 125440K, 0% used [0x9dc40000,0x9dc40000,0xa56c0000)
  from space 21504K, 99% used [0xa56c0000,0xa6bbde18,0xa6bc0000)
  to   space 16384K, 0% used [0xa6bc0000,0xa6bc0000,0xa7bc0000)
 ParOldGen       total 43008K, used 38506K [0x731c0000, 0x75bc0000, 0x9dc40000)
  object space 43008K, 89% used [0x731c0000,0x7575aab8,0x75bc0000)
 PSPermGen       total 16384K, used 4351K [0x6b1c0000, 0x6c1c0000, 0x731c0000)
  object space 16384K, 26% used [0x6b1c0000,0x6b5ffd00,0x6c1c0000)

Card table byte_map: [0x6af7f000,0x6b1c0000] byte_map_base: 0x6ac26200

Polling page: 0xb77b5000

Code Cache  [0xb3298000, 0xb34d8000, 0xb6298000)
 total_blobs=541 nmethods=418 adapters=76 free_code_cache=47529Kb largest_free_block=48647232

Compilation events (10 events):
Event: 27.986 Thread 0x67aec800 nmethod 430 0xb338bc88 code [0xb338bd80, 0xb338be10]
Event: 27.986 Thread 0x67aec800  431             com.android.dx.ssa.PhiInsn::getSources (95 bytes)
Event: 28.054 Thread 0x67aeb400 nmethod 427 0xb3430248 code [0xb34303a0, 0xb3430cd0]
Event: 28.054 Thread 0x67aeb400  432             com.android.dx.ssa.DeadCodeRemover::isCircularNoSideEffect (140 bytes)
Event: 28.064 Thread 0x67aec800 nmethod 431 0xb3364808 code [0xb3364920, 0xb3364cf0]
Event: 28.064 Thread 0x67aec800  433             com.android.dx.rop.cst.Constant::compareTo (33 bytes)
Event: 28.073 Thread 0x67aec800 nmethod 433 0xb3361948 code [0xb3361a60, 0xb3361be4]
Event: 28.073 Thread 0x67aec800  434             com.android.dx.dex.code.DalvInsn::getPosition (5 bytes)
Event: 28.073 Thread 0x67aec800 nmethod 434 0xb338bb08 code [0xb338bbe0, 0xb338bc30]
Event: 28.073 Thread 0x67aec800  435             com.android.dx.dex.code.RopToDop::dopFor (792 bytes)

GC Heap History (10 events):
Event: 5.219 GC heap after
Heap after GC invocations=4 (full 0):
 PSYoungGen      total 35840K, used 2545K [0x9dc40000, 0xa01c0000, 0xb31c0000)
  eden space 33280K, 0% used [0x9dc40000,0x9dc40000,0x9fcc0000)
  from space 2560K, 99% used [0x9ff40000,0xa01bc4c8,0xa01c0000)
  to   space 2560K, 0% used [0x9fcc0000,0x9fcc0000,0x9ff40000)
 ParOldGen       total 43008K, used 7271K [0x731c0000, 0x75bc0000, 0x9dc40000)
  object space 43008K, 16% used [0x731c0000,0x738d9fc0,0x75bc0000)
 PSPermGen       total 16384K, used 4229K [0x6b1c0000, 0x6c1c0000, 0x731c0000)
  object space 16384K, 25% used [0x6b1c0000,0x6b5e1530,0x6c1c0000)
}
Event: 8.494 GC heap before
{Heap before GC invocations=5 (full 0):
 PSYoungGen      total 35840K, used 35825K [0x9dc40000, 0xa01c0000, 0xb31c0000)
  eden space 33280K, 100% used [0x9dc40000,0x9fcc0000,0x9fcc0000)
  from space 2560K, 99% used [0x9ff40000,0xa01bc4c8,0xa01c0000)
  to   space 2560K, 0% used [0x9fcc0000,0x9fcc0000,0x9ff40000)
 ParOldGen       total 43008K, used 7271K [0x731c0000, 0x75bc0000, 0x9dc40000)
  object space 43008K, 16% used [0x731c0000,0x738d9fc0,0x75bc0000)
 PSPermGen       total 16384K, used 4257K [0x6b1c0000, 0x6c1c0000, 0x731c0000)
  object space 16384K, 25% used [0x6b1c0000,0x6b5e86b8,0x6c1c0000)
Event: 8.539 GC heap after
Heap after GC invocations=5 (full 0):
 PSYoungGen      total 35840K, used 2548K [0x9dc40000, 0xa2fc0000, 0xb31c0000)
  eden space 33280K, 0% used [0x9dc40000,0x9dc40000,0x9fcc0000)
  from space 2560K, 99% used [0x9fcc0000,0x9ff3d378,0x9ff40000)
  to   space 9472K, 0% used [0xa2680000,0xa2680000,0xa2fc0000)
 ParOldGen       total 43008K, used 12406K [0x731c0000, 0x75bc0000, 0x9dc40000)
  object space 43008K, 28% used [0x731c0000,0x73dddb78,0x75bc0000)
 PSPermGen       total 16384K, used 4257K [0x6b1c0000, 0x6c1c0000, 0x731c0000)
  object space 16384K, 25% used [0x6b1c0000,0x6b5e86b8,0x6c1c0000)
}
Event: 11.226 GC heap before
{Heap before GC invocations=6 (full 0):
 PSYoungGen      total 35840K, used 35828K [0x9dc40000, 0xa2fc0000, 0xb31c0000)
  eden space 33280K, 100% used [0x9dc40000,0x9fcc0000,0x9fcc0000)
  from space 2560K, 99% used [0x9fcc0000,0x9ff3d378,0x9ff40000)
  to   space 9472K, 0% used [0xa2680000,0xa2680000,0xa2fc0000)
 ParOldGen       total 43008K, used 12406K [0x731c0000, 0x75bc0000, 0x9dc40000)
  object space 43008K, 28% used [0x731c0000,0x73dddb78,0x75bc0000)
 PSPermGen       total 16384K, used 4269K [0x6b1c0000, 0x6c1c0000, 0x731c0000)
  object space 16384K, 26% used [0x6b1c0000,0x6b5eb400,0x6c1c0000)
Event: 12.240 GC heap after
Heap after GC invocations=6 (full 0):
 PSYoungGen      total 74752K, used 8058K [0x9dc40000, 0xa3240000, 0xb31c0000)
  eden space 65280K, 0% used [0x9dc40000,0x9dc40000,0xa1c00000)
  from space 9472K, 85% used [0xa2680000,0xa2e5eb10,0xa2fc0000)
  to   space 10752K, 0% used [0xa1c00000,0xa1c00000,0xa2680000)
 ParOldGen       total 43008K, used 12406K [0x731c0000, 0x75bc0000, 0x9dc40000)
  object space 43008K, 28% used [0x731c0000,0x73dddb78,0x75bc0000)
 PSPermGen       total 16384K, used 4269K [0x6b1c0000, 0x6c1c0000, 0x731c0000)
  object space 16384K, 26% used [0x6b1c0000,0x6b5eb400,0x6c1c0000)
}
Event: 18.071 GC heap before
{Heap before GC invocations=7 (full 0):
 PSYoungGen      total 74752K, used 73338K [0x9dc40000, 0xa3240000, 0xb31c0000)
  eden space 65280K, 100% used [0x9dc40000,0xa1c00000,0xa1c00000)
  from space 9472K, 85% used [0xa2680000,0xa2e5eb10,0xa2fc0000)
  to   space 10752K, 0% used [0xa1c00000,0xa1c00000,0xa2680000)
 ParOldGen       total 43008K, used 12406K [0x731c0000, 0x75bc0000, 0x9dc40000)
  object space 43008K, 28% used [0x731c0000,0x73dddb78,0x75bc0000)
 PSPermGen       total 16384K, used 4296K [0x6b1c0000, 0x6c1c0000, 0x731c0000)
  object space 16384K, 26% used [0x6b1c0000,0x6b5f23e8,0x6c1c0000)
Event: 18.254 GC heap after
Heap after GC invocations=7 (full 0):
 PSYoungGen      total 76032K, used 10751K [0x9dc40000, 0xa7bc0000, 0xb31c0000)
  eden space 65280K, 0% used [0x9dc40000,0x9dc40000,0xa1c00000)
  from space 10752K, 99% used [0xa1c00000,0xa267fc08,0xa2680000)
  to   space 16384K, 0% used [0xa6bc0000,0xa6bc0000,0xa7bc0000)
 ParOldGen       total 43008K, used 20068K [0x731c0000, 0x75bc0000, 0x9dc40000)
  object space 43008K, 46% used [0x731c0000,0x745591c8,0x75bc0000)
 PSPermGen       total 16384K, used 4296K [0x6b1c0000, 0x6c1c0000, 0x731c0000)
  object space 16384K, 26% used [0x6b1c0000,0x6b5f23e8,0x6c1c0000)
}
Event: 21.223 GC heap before
{Heap before GC invocations=8 (full 0):
 PSYoungGen      total 76032K, used 76031K [0x9dc40000, 0xa7bc0000, 0xb31c0000)
  eden space 65280K, 100% used [0x9dc40000,0xa1c00000,0xa1c00000)
  from space 10752K, 99% used [0xa1c00000,0xa267fc08,0xa2680000)
  to   space 16384K, 0% used [0xa6bc0000,0xa6bc0000,0xa7bc0000)
 ParOldGen       total 43008K, used 20068K [0x731c0000, 0x75bc0000, 0x9dc40000)
  object space 43008K, 46% used [0x731c0000,0x745591c8,0x75bc0000)
 PSPermGen       total 16384K, used 4313K [0x6b1c0000, 0x6c1c0000, 0x731c0000)
  object space 16384K, 26% used [0x6b1c0000,0x6b5f67a8,0x6c1c0000)
Event: 21.461 GC heap after
Heap after GC invocations=8 (full 0):
 PSYoungGen      total 141824K, used 16379K [0x9dc40000, 0xa85c0000, 0xb31c0000)
  eden space 125440K, 0% used [0x9dc40000,0x9dc40000,0xa56c0000)
  from space 16384K, 99% used [0xa6bc0000,0xa7bbefd0,0xa7bc0000)
  to   space 21504K, 0% used [0xa56c0000,0xa56c0000,0xa6bc0000)
 ParOldGen       total 43008K, used 24668K [0x731c0000, 0x75bc0000, 0x9dc40000)
  object space 43008K, 57% used [0x731c0000,0x749d7080,0x75bc0000)
 PSPermGen       total 16384K, used 4313K [0x6b1c0000, 0x6c1c0000, 0x731c0000)
  object space 16384K, 26% used [0x6b1c0000,0x6b5f67a8,0x6c1c0000)
}
Event: 28.419 GC heap before
{Heap before GC invocations=9 (full 0):
 PSYoungGen      total 141824K, used 141819K [0x9dc40000, 0xa85c0000, 0xb31c0000)
  eden space 125440K, 100% used [0x9dc40000,0xa56c0000,0xa56c0000)
  from space 16384K, 99% used [0xa6bc0000,0xa7bbefd0,0xa7bc0000)
  to   space 21504K, 0% used [0xa56c0000,0xa56c0000,0xa6bc0000)
 ParOldGen       total 43008K, used 24668K [0x731c0000, 0x75bc0000, 0x9dc40000)
  object space 43008K, 57% used [0x731c0000,0x749d7080,0x75bc0000)
 PSPermGen       total 16384K, used 4351K [0x6b1c0000, 0x6c1c0000, 0x731c0000)
  object space 16384K, 26% used [0x6b1c0000,0x6b5ffd00,0x6c1c0000)

Deoptimization events (10 events):
Event: 6.051 Thread 0x6714cc00 Uncommon trap: reason=class_check action=maybe_recompile pc=0xb3320938 method=java.util.HashMap.put(Ljava/lang/Object;Ljava/lang/Object;)Ljava/lang/Object; @ 83
Event: 6.051 Thread 0x6714cc00 Uncommon trap: reason=class_check action=maybe_recompile pc=0xb3320938 method=java.util.HashMap.put(Ljava/lang/Object;Ljava/lang/Object;)Ljava/lang/Object; @ 83
Event: 14.498 Thread 0xb6308400 Uncommon trap: reason=null_check action=make_not_entrant pc=0xb33911fc method=com.android.dx.cf.code.Ropper$CatchInfo.getSetup(Lcom/android/dx/rop/type/Type;)Lcom/android/dx/cf/code/Ropper$ExceptionHandlerSetup; @ 10
Event: 15.167 Thread 0xb6308400 Uncommon trap: reason=unstable_if action=reinterpret pc=0xb33635d0 method=com.android.dx.ssa.SCCP.simulateBranch(Lcom/android/dx/ssa/SsaInsn;)V @ 548
Event: 21.486 Thread 0x67147c00 Uncommon trap: reason=unstable_if action=reinterpret pc=0xb334a010 method=com.android.dx.ssa.Dominators.run()V @ 346
Event: 26.530 Thread 0x6714cc00 Uncommon trap: reason=bimorphic action=maybe_recompile pc=0xb3411194 method=com.android.dx.cf.code.BytecodeArray.parseInstruction(ILcom/android/dx/cf/code/BytecodeArray$Visitor;)I @ 1161
Event: 26.530 Thread 0x6714cc00 Uncommon trap: reason=bimorphic action=maybe_recompile pc=0xb3410e30 method=com.android.dx.cf.code.BytecodeArray.parseInstruction(ILcom/android/dx/cf/code/BytecodeArray$Visitor;)I @ 1035
Event: 26.530 Thread 0x6714cc00 Uncommon trap: reason=bimorphic action=maybe_recompile pc=0xb3410bc8 method=com.android.dx.cf.code.BytecodeArray.parseInstruction(ILcom/android/dx/cf/code/BytecodeArray$Visitor;)I @ 971
Event: 26.530 Thread 0x6714cc00 Uncommon trap: reason=bimorphic action=maybe_recompile pc=0xb3410c68 method=com.android.dx.cf.code.BytecodeArray.parseInstruction(ILcom/android/dx/cf/code/BytecodeArray$Visitor;)I @ 987
Event: 26.530 Thread 0x6714cc00 Uncommon trap: reason=bimorphic action=maybe_recompile pc=0xb3411194 method=com.android.dx.cf.code.BytecodeArray.parseInstruction(ILcom/android/dx/cf/code/BytecodeArray$Visitor;)I @ 1161

Internal exceptions (10 events):
Event: 1.734 Thread 0x6714f800 Implicit null exception at 0xb32f8b2c to 0xb32f8d05
Event: 1.900 Thread 0x6714f800 Threw 0x9e9809e8 at /build/openjdk-7-PdBaKN/openjdk-7-7u91-2.6.3/build/openjdk/hotspot/src/share/vm/prims/jvm.cpp:1322
Event: 2.304 Thread 0x67147c00 Threw 0x9de00a68 at /build/openjdk-7-PdBaKN/openjdk-7-7u91-2.6.3/build/openjdk/hotspot/src/share/vm/prims/jvm.cpp:1322
Event: 3.616 Thread 0xb6308400 Implicit null exception at 0xb330dd62 to 0xb330e2ed
Event: 5.604 Thread 0x6714cc00 Implicit null exception at 0xb333e5dd to 0xb333fe41
Event: 5.801 Thread 0xb6308400 Threw 0x9e1204a8 at /build/openjdk-7-PdBaKN/openjdk-7-7u91-2.6.3/build/openjdk/hotspot/src/share/vm/prims/jvm.cpp:1322
Event: 5.934 Thread 0xb6308400 Threw 0x9e318618 at /build/openjdk-7-PdBaKN/openjdk-7-7u91-2.6.3/build/openjdk/hotspot/src/share/vm/prims/jvm.cpp:1322
Event: 7.317 Thread 0x6714cc00 Threw 0x9f096650 at /build/openjdk-7-PdBaKN/openjdk-7-7u91-2.6.3/build/openjdk/hotspot/src/share/vm/prims/jvm.cpp:1322
Event: 14.498 Thread 0xb6308400 Implicit null exception at 0xb338e160 to 0xb33911d1
Event: 17.223 Thread 0xb6308400 Threw 0xa0eaf3a8 at /build/openjdk-7-PdBaKN/openjdk-7-7u91-2.6.3/build/openjdk/hotspot/src/share/vm/prims/jvm.cpp:1322

Events (10 events):
Event: 26.530 Thread 0x6714cc00 Uncommon trap: trap_request=0xffffffc6 fr.pc=0xb3410bc8
Event: 26.530 Thread 0x6714cc00 DEOPT PACKING pc=0xb3410bc8 sp=0x66b42ac0
Event: 26.530 Thread 0x6714cc00 DEOPT UNPACKING pc=0xb32c4bc8 sp=0x66b42ac4 mode 2
Event: 26.530 Thread 0x6714cc00 Uncommon trap: trap_request=0xffffffc6 fr.pc=0xb3410c68
Event: 26.530 Thread 0x6714cc00 DEOPT PACKING pc=0xb3410c68 sp=0x66b42ac0
Event: 26.530 Thread 0x6714cc00 DEOPT UNPACKING pc=0xb32c4bc8 sp=0x66b42ac4 mode 2
Event: 26.530 Thread 0x6714cc00 Uncommon trap: trap_request=0xffffffc6 fr.pc=0xb3411194
Event: 26.530 Thread 0x6714cc00 DEOPT PACKING pc=0xb3411194 sp=0x66b42ac0
Event: 26.530 Thread 0x6714cc00 DEOPT UNPACKING pc=0xb32c4bc8 sp=0x66b42ac4 mode 2
Event: 28.394 Executing VM operation: ParallelGCFailedAllocation


Dynamic libraries:
08048000-08049000 r-xp 00000000 08:01 804961     /usr/lib/jvm/java-7-openjdk-i386/jre/bin/java
08049000-0804a000 r--p 00000000 08:01 804961     /usr/lib/jvm/java-7-openjdk-i386/jre/bin/java
0804a000-0804b000 rw-p 00001000 08:01 804961     /usr/lib/jvm/java-7-openjdk-i386/jre/bin/java
096c2000-097d5000 rw-p 00000000 00:00 0          [heap]
64900000-649ec000 rw-p 00000000 00:00 0 
649ec000-64a00000 ---p 00000000 00:00 0 
64d00000-64de1000 rw-p 00000000 00:00 0 
64de1000-64e00000 ---p 00000000 00:00 0 
64f00000-64ff0000 rw-p 00000000 00:00 0 
64ff0000-65000000 ---p 00000000 00:00 0 
65100000-651f0000 rw-p 00000000 00:00 0 
651f0000-65200000 ---p 00000000 00:00 0 
65300000-653ff000 rw-p 00000000 00:00 0 
653ff000-65400000 ---p 00000000 00:00 0 
65400000-654f9000 rw-p 00000000 00:00 0 
654f9000-65500000 ---p 00000000 00:00 0 
65500000-655f9000 rw-p 00000000 00:00 0 
655f9000-65600000 ---p 00000000 00:00 0 
65700000-657fd000 rw-p 00000000 00:00 0 
657fd000-65800000 ---p 00000000 00:00 0 
65800000-658fa000 rw-p 00000000 00:00 0 
658fa000-65900000 ---p 00000000 00:00 0 
65900000-65aff000 rw-p 00000000 00:00 0 
65aff000-65b00000 ---p 00000000 00:00 0 
65b00000-65be3000 rw-p 00000000 00:00 0 
65be3000-65c00000 ---p 00000000 00:00 0 
65d00000-65de4000 rw-p 00000000 00:00 0 
65de4000-65e00000 ---p 00000000 00:00 0 
65e00000-65efe000 rw-p 00000000 00:00 0 
65efe000-65f00000 ---p 00000000 00:00 0 
65f00000-65fff000 rw-p 00000000 00:00 0 
65fff000-66000000 ---p 00000000 00:00 0 
66100000-661fa000 rw-p 00000000 00:00 0 
661fa000-66200000 ---p 00000000 00:00 0 
66200000-662ff000 rw-p 00000000 00:00 0 
662ff000-66300000 ---p 00000000 00:00 0 
66300000-66400000 rw-p 00000000 00:00 0 
66500000-665fd000 rw-p 00000000 00:00 0 
665fd000-66600000 ---p 00000000 00:00 0 
66700000-667e8000 rw-p 00000000 00:00 0 
667e8000-66800000 ---p 00000000 00:00 0 
66800000-668f9000 rw-p 00000000 00:00 0 
668f9000-66900000 ---p 00000000 00:00 0 
66900000-669fd000 rw-p 00000000 00:00 0 
669fd000-66a00000 ---p 00000000 00:00 0 
66a51000-66a54000 ---p 00000000 00:00 0 
66a54000-66aa2000 rw-p 00000000 00:00 0          [stack:9338]
66aa2000-66aa5000 ---p 00000000 00:00 0 
66aa5000-66af3000 rw-p 00000000 00:00 0          [stack:9336]
66af3000-66af6000 ---p 00000000 00:00 0 
66af6000-66b44000 rw-p 00000000 00:00 0          [stack:9332]
66b44000-66b47000 ---p 00000000 00:00 0 
66b47000-66b95000 rw-p 00000000 00:00 0          [stack:9331]
66b95000-66b98000 ---p 00000000 00:00 0 
66b98000-66da7000 rw-p 00000000 00:00 0          [stack:9329]
66da7000-66e17000 r-xp 00000000 08:01 394656     /lib/i386-linux-gnu/libpcre.so.3.13.1
66e17000-66e18000 r--p 0006f000 08:01 394656     /lib/i386-linux-gnu/libpcre.so.3.13.1
66e18000-66e19000 rw-p 00070000 08:01 394656     /lib/i386-linux-gnu/libpcre.so.3.13.1
66e19000-66f3f000 r-xp 00000000 08:01 394573     /lib/i386-linux-gnu/libglib-2.0.so.0.4400.0
66f3f000-66f40000 r--p 00125000 08:01 394573     /lib/i386-linux-gnu/libglib-2.0.so.0.4400.0
66f40000-66f41000 rw-p 00126000 08:01 394573     /lib/i386-linux-gnu/libglib-2.0.so.0.4400.0
66f41000-670fa000 r-xp 00000000 08:01 137357     /usr/lib/i386-linux-gnu/libgio-2.0.so.0.4400.0
670fa000-670fd000 r--p 001b8000 08:01 137357     /usr/lib/i386-linux-gnu/libgio-2.0.so.0.4400.0
670fd000-670ff000 rw-p 001bb000 08:01 137357     /usr/lib/i386-linux-gnu/libgio-2.0.so.0.4400.0
670ff000-67100000 rw-p 00000000 00:00 0 
67100000-67167000 rw-p 00000000 00:00 0 
67167000-67200000 ---p 00000000 00:00 0 
6720c000-67230000 r-xp 00000000 08:01 394683     /lib/i386-linux-gnu/libselinux.so.1
67230000-67231000 r--p 00024000 08:01 394683     /lib/i386-linux-gnu/libselinux.so.1
67231000-67232000 rw-p 00025000 08:01 394683     /lib/i386-linux-gnu/libselinux.so.1
67232000-67233000 rw-p 00000000 00:00 0 
67233000-6728e000 r-xp 00000000 08:01 137385     /usr/lib/i386-linux-gnu/libgobject-2.0.so.0.4400.0
6728e000-6728f000 r--p 0005b000 08:01 137385     /usr/lib/i386-linux-gnu/libgobject-2.0.so.0.4400.0
6728f000-67290000 rw-p 0005c000 08:01 137385     /usr/lib/i386-linux-gnu/libgobject-2.0.so.0.4400.0
67290000-67291000 ---p 00000000 00:00 0 
67291000-67311000 rw-p 00000000 00:00 0          [stack:9305]
67311000-67314000 ---p 00000000 00:00 0 
67314000-67362000 rw-p 00000000 00:00 0          [stack:9302]
67362000-67365000 ---p 00000000 00:00 0 
67365000-673e3000 rw-p 00000000 00:00 0          [stack:9301]
673e3000-673e6000 ---p 00000000 00:00 0 
673e6000-67464000 rw-p 00000000 00:00 0          [stack:9298]
67464000-675ab000 r-xp 00000000 08:01 136931     /usr/lib/i386-linux-gnu/libX11.so.6.3.0
675ab000-675ac000 r--p 00146000 08:01 136931     /usr/lib/i386-linux-gnu/libX11.so.6.3.0
675ac000-675ae000 rw-p 00147000 08:01 136931     /usr/lib/i386-linux-gnu/libX11.so.6.3.0
675ae000-675af000 rw-p 00000000 00:00 0 
675af000-675b2000 ---p 00000000 00:00 0 
675b2000-67600000 rw-p 00000000 00:00 0          [stack:9291]
67600000-67800000 r--p 00000000 08:01 143362     /usr/lib/locale/locale-archive
67800000-678fa000 rw-p 00000000 00:00 0 
678fa000-67900000 ---p 00000000 00:00 0 
67900000-67921000 rw-p 00000000 00:00 0 
67921000-67a00000 ---p 00000000 00:00 0 
67a00000-67b00000 rw-p 00000000 00:00 0 
67b04000-67b18000 r-xp 00000000 08:01 394679     /lib/i386-linux-gnu/libresolv-2.21.so
67b18000-67b1a000 r--p 00013000 08:01 394679     /lib/i386-linux-gnu/libresolv-2.21.so
67b1a000-67b1b000 rw-p 00015000 08:01 394679     /lib/i386-linux-gnu/libresolv-2.21.so
67b1b000-67b1d000 rw-p 00000000 00:00 0 
67b34000-67b4b000 r-xp 00000000 08:01 805027     /usr/lib/jvm/java-7-openjdk-i386/jre/lib/i386/libnet.so
67b4b000-67b4c000 r--p 00016000 08:01 805027     /usr/lib/jvm/java-7-openjdk-i386/jre/lib/i386/libnet.so
67b4c000-67b4d000 rw-p 00017000 08:01 805027     /usr/lib/jvm/java-7-openjdk-i386/jre/lib/i386/libnet.so
67b4d000-67b4e000 ---p 00000000 00:00 0 
67b4e000-67bce000 rw-p 00000000 00:00 0          [stack:9288]
67bce000-67d80000 r--s 01d2e000 08:01 804984     /usr/lib/jvm/java-7-openjdk-i386/jre/lib/rt.jar
67d80000-6a600000 rw-p 00000000 00:00 0 
6a600000-6a6f4000 rw-p 00000000 00:00 0 
6a6f4000-6a700000 ---p 00000000 00:00 0 
6a70c000-6a72c000 r-xp 00000000 08:01 138125     /usr/lib/i386-linux-gnu/libxcb.so.1.1.0
6a72c000-6a72d000 r--p 0001f000 08:01 138125     /usr/lib/i386-linux-gnu/libxcb.so.1.1.0
6a72d000-6a72e000 rw-p 00020000 08:01 138125     /usr/lib/i386-linux-gnu/libxcb.so.1.1.0
6a72e000-6a731000 ---p 00000000 00:00 0 
6a731000-6a77f000 rw-p 00000000 00:00 0          [stack:9290]
6a77f000-6a780000 ---p 00000000 00:00 0 
6a780000-6a800000 rw-p 00000000 00:00 0          [stack:9285]
6a800000-6a821000 rw-p 00000000 00:00 0 
6a821000-6a900000 ---p 00000000 00:00 0 
6a906000-6a916000 r-xp 00000000 08:01 804991     /usr/lib/jvm/java-7-openjdk-i386/jre/lib/i386/libnio.so
6a916000-6a917000 r--p 00010000 08:01 804991     /usr/lib/jvm/java-7-openjdk-i386/jre/lib/i386/libnio.so
6a917000-6a918000 rw-p 00011000 08:01 804991     /usr/lib/jvm/java-7-openjdk-i386/jre/lib/i386/libnio.so
6a918000-6a92e000 r--s 000f1000 08:01 946041     /home/student/test/HealthyBit/app/build/intermediates/exploded-aar/com.android.support/support-v4/23.3.0/jars/classes.jar
6a92e000-6a931000 ---p 00000000 00:00 0 
6a931000-6a97f000 rw-p 00000000 00:00 0          [stack:9289]
6a97f000-6a980000 ---p 00000000 00:00 0 
6a980000-6aa00000 rw-p 00000000 00:00 0          [stack:9284]
6aa00000-6aa21000 rw-p 00000000 00:00 0 
6aa21000-6ab00000 ---p 00000000 00:00 0 
6ab04000-6ab0b000 r-xp 00000000 08:01 137254     /usr/lib/i386-linux-gnu/libffi.so.6.0.4
6ab0b000-6ab0d000 r--p 00006000 08:01 137254     /usr/lib/i386-linux-gnu/libffi.so.6.0.4
6ab0d000-6ab0e000 rw-p 00008000 08:01 137254     /usr/lib/i386-linux-gnu/libffi.so.6.0.4
6ab0e000-6ab13000 r-xp 00000000 08:01 136946     /usr/lib/i386-linux-gnu/libXdmcp.so.6.0.0
6ab13000-6ab14000 r--p 00004000 08:01 136946     /usr/lib/i386-linux-gnu/libXdmcp.so.6.0.0
6ab14000-6ab15000 rw-p 00005000 08:01 136946     /usr/lib/i386-linux-gnu/libXdmcp.so.6.0.0
6ab15000-6ab24000 r--s 000df000 08:01 1062595    /home/student/Android/Sdk/build-tools/23.0.3/lib/dx.jar
6ab24000-6ab7f000 rw-p 00000000 00:00 0 
6ab7f000-6ab80000 ---p 00000000 00:00 0 
6ab80000-6ac00000 rw-p 00000000 00:00 0          [stack:9283]
6ac00000-6ac32000 rw-p 00000000 00:00 0 
6ac32000-6ad00000 ---p 00000000 00:00 0 
6ad04000-6ad68000 rw-p 00000000 00:00 0 
6ad68000-6ad69000 ---p 00000000 00:00 0 
6ad69000-6adf1000 rw-p 00000000 00:00 0          [stack:9282]
6adf1000-6ae29000 rw-p 00000000 00:00 0 
6ae29000-6ae3e000 rw-p 00000000 00:00 0 
6ae3e000-6af7f000 rw-p 00000000 00:00 0 
6af7f000-6af87000 rw-p 00000000 00:00 0 
6af87000-6afbf000 rw-p 00000000 00:00 0 
6afbf000-6afd4000 rw-p 00000000 00:00 0 
6afd4000-6b114000 rw-p 00000000 00:00 0 
6b114000-6b169000 rw-p 00000000 00:00 0 
6b169000-6b1bf000 rw-p 00000000 00:00 0 
6b1bf000-6c1c0000 rw-p 00000000 00:00 0 
6c1c0000-731c0000 rw-p 00000000 00:00 0 
731c0000-75bc0000 rw-p 00000000 00:00 0 
75bc0000-9dc40000 rw-p 00000000 00:00 0 
9dc40000-a85c0000 rw-p 00000000 00:00 0 
adc40000-b31c0000 rw-p 00000000 00:00 0 
b31c0000-b31c3000 r-xp 00000000 08:01 137371     /usr/lib/i386-linux-gnu/libgmodule-2.0.so.0.4400.0
b31c3000-b31c4000 r--p 00002000 08:01 137371     /usr/lib/i386-linux-gnu/libgmodule-2.0.so.0.4400.0
b31c4000-b31c5000 rw-p 00003000 08:01 137371     /usr/lib/i386-linux-gnu/libgmodule-2.0.so.0.4400.0
b31c5000-b31c7000 r-xp 00000000 08:01 136935     /usr/lib/i386-linux-gnu/libXau.so.6.0.0
b31c7000-b31c8000 r--p 00001000 08:01 136935     /usr/lib/i386-linux-gnu/libXau.so.6.0.0
b31c8000-b31c9000 rw-p 00002000 08:01 136935     /usr/lib/i386-linux-gnu/libXau.so.6.0.0
b31c9000-b31cb000 r-xp 00000000 08:01 141618     /usr/lib/jayatana/libjayatanaag.so
b31cb000-b31cc000 r--p 00001000 08:01 141618     /usr/lib/jayatana/libjayatanaag.so
b31cc000-b31cd000 rw-p 00002000 08:01 141618     /usr/lib/jayatana/libjayatanaag.so
b31cd000-b31d0000 r--s 0000f000 08:01 804977     /usr/lib/jvm/java-7-openjdk-i386/jre/lib/ext/icedtea-sound.jar
b31d0000-b31d4000 r--s 00085000 08:01 804976     /usr/lib/jvm/java-7-openjdk-i386/jre/lib/ext/localedata.jar
b31d4000-b31d8000 r--s 00034000 08:01 804978     /usr/lib/jvm/java-7-openjdk-i386/jre/lib/ext/sunjce_provider.jar
b31d8000-b31e1000 rw-p 00000000 00:00 0 
b31e1000-b3298000 rw-p 00000000 00:00 0 
b3298000-b34d8000 rwxp 00000000 00:00 0 
b34d8000-b6298000 rw-p 00000000 00:00 0 
b6298000-b62a4000 r-xp 00000000 08:01 394626     /lib/i386-linux-gnu/libnss_files-2.21.so
b62a4000-b62a5000 r--p 0000b000 08:01 394626     /lib/i386-linux-gnu/libnss_files-2.21.so
b62a5000-b62a6000 rw-p 0000c000 08:01 394626     /lib/i386-linux-gnu/libnss_files-2.21.so
b62a6000-b62b1000 r-xp 00000000 08:01 394636     /lib/i386-linux-gnu/libnss_nis-2.21.so
b62b1000-b62b2000 r--p 0000a000 08:01 394636     /lib/i386-linux-gnu/libnss_nis-2.21.so
b62b2000-b62b3000 rw-p 0000b000 08:01 394636     /lib/i386-linux-gnu/libnss_nis-2.21.so
b62b3000-b62ca000 r-xp 00000000 08:01 394620     /lib/i386-linux-gnu/libnsl-2.21.so
b62ca000-b62cb000 r--p 00016000 08:01 394620     /lib/i386-linux-gnu/libnsl-2.21.so
b62cb000-b62cc000 rw-p 00017000 08:01 394620     /lib/i386-linux-gnu/libnsl-2.21.so
b62cc000-b62ce000 rw-p 00000000 00:00 0 
b62ce000-b62d6000 r-xp 00000000 08:01 394622     /lib/i386-linux-gnu/libnss_compat-2.21.so
b62d6000-b62d7000 r--p 00007000 08:01 394622     /lib/i386-linux-gnu/libnss_compat-2.21.so
b62d7000-b62d8000 rw-p 00008000 08:01 394622     /lib/i386-linux-gnu/libnss_compat-2.21.so
b62d8000-b62fe000 r-xp 00000000 08:01 805003     /usr/lib/jvm/java-7-openjdk-i386/jre/lib/i386/libjava.so
b62fe000-b62ff000 r--p 00025000 08:01 805003     /usr/lib/jvm/java-7-openjdk-i386/jre/lib/i386/libjava.so
b62ff000-b6300000 rw-p 00026000 08:01 805003     /usr/lib/jvm/java-7-openjdk-i386/jre/lib/i386/libjava.so
b6300000-b6400000 rw-p 00000000 00:00 0 
b6400000-b6401000 r--s 00000000 08:01 414147     /usr/share/java/jayatanaag.jar
b6401000-b6405000 r--s 0003c000 08:01 804979     /usr/lib/jvm/java-7-openjdk-i386/jre/lib/ext/sunpkcs11.jar
b6405000-b6407000 r--s 00012000 08:01 804975     /usr/lib/jvm/java-7-openjdk-i386/jre/lib/ext/zipfs.jar
b6407000-b640f000 r-xp 00000000 08:01 804995     /usr/lib/jvm/java-7-openjdk-i386/jre/lib/i386/libzip.so
b640f000-b6410000 r--p 00007000 08:01 804995     /usr/lib/jvm/java-7-openjdk-i386/jre/lib/i386/libzip.so
b6410000-b6411000 rw-p 00008000 08:01 804995     /usr/lib/jvm/java-7-openjdk-i386/jre/lib/i386/libzip.so
b6411000-b6419000 rw-s 00000000 08:01 429865     /tmp/hsperfdata_student/9278
b6419000-b6423000 r-xp 00000000 08:01 805017     /usr/lib/jvm/java-7-openjdk-i386/jre/lib/i386/libinstrument.so
b6423000-b6424000 r--p 00009000 08:01 805017     /usr/lib/jvm/java-7-openjdk-i386/jre/lib/i386/libinstrument.so
b6424000-b6425000 rw-p 0000a000 08:01 805017     /usr/lib/jvm/java-7-openjdk-i386/jre/lib/i386/libinstrument.so
b6425000-b642c000 r-xp 00000000 08:01 394681     /lib/i386-linux-gnu/librt-2.21.so
b642c000-b642d000 r--p 00006000 08:01 394681     /lib/i386-linux-gnu/librt-2.21.so
b642d000-b642e000 rw-p 00007000 08:01 394681     /lib/i386-linux-gnu/librt-2.21.so
b642e000-b6431000 ---p 00000000 00:00 0 
b6431000-b647f000 rw-p 00000000 00:00 0          [stack:9280]
b647f000-b649b000 r-xp 00000000 08:01 394569     /lib/i386-linux-gnu/libgcc_s.so.1
b649b000-b649c000 rw-p 0001b000 08:01 394569     /lib/i386-linux-gnu/libgcc_s.so.1
b649c000-b64e7000 r-xp 00000000 08:01 394599     /lib/i386-linux-gnu/libm-2.21.so
b64e7000-b64e8000 r--p 0004a000 08:01 394599     /lib/i386-linux-gnu/libm-2.21.so
b64e8000-b64e9000 rw-p 0004b000 08:01 394599     /lib/i386-linux-gnu/libm-2.21.so
b64e9000-b65d2000 r-xp 00000000 08:01 137921     /usr/lib/i386-linux-gnu/libstdc++.so.6.0.20
b65d2000-b65d6000 r--p 000e9000 08:01 137921     /usr/lib/i386-linux-gnu/libstdc++.so.6.0.20
b65d6000-b65d7000 rw-p 000ed000 08:01 137921     /usr/lib/i386-linux-gnu/libstdc++.so.6.0.20
b65d7000-b65de000 rw-p 00000000 00:00 0 
b65de000-b7131000 r-xp 00000000 08:01 805013     /usr/lib/jvm/java-7-openjdk-i386/jre/lib/i386/server/libjvm.so
b7131000-b7185000 r--p 00b52000 08:01 805013     /usr/lib/jvm/java-7-openjdk-i386/jre/lib/i386/server/libjvm.so
b7185000-b7199000 rw-p 00ba6000 08:01 805013     /usr/lib/jvm/java-7-openjdk-i386/jre/lib/i386/server/libjvm.so
b7199000-b75b8000 rw-p 00000000 00:00 0 
b75b8000-b75d1000 r-xp 00000000 08:01 394714     /lib/i386-linux-gnu/libz.so.1.2.8
b75d1000-b75d2000 r--p 00019000 08:01 394714     /lib/i386-linux-gnu/libz.so.1.2.8
b75d2000-b75d3000 rw-p 0001a000 08:01 394714     /lib/i386-linux-gnu/libz.so.1.2.8
b75d3000-b75ec000 r-xp 00000000 08:01 394673     /lib/i386-linux-gnu/libpthread-2.21.so
b75ec000-b75ed000 r--p 00018000 08:01 394673     /lib/i386-linux-gnu/libpthread-2.21.so
b75ed000-b75ee000 rw-p 00019000 08:01 394673     /lib/i386-linux-gnu/libpthread-2.21.so
b75ee000-b75f0000 rw-p 00000000 00:00 0 
b75f0000-b75f3000 r-xp 00000000 08:01 394557     /lib/i386-linux-gnu/libdl-2.21.so
b75f3000-b75f4000 r--p 00002000 08:01 394557     /lib/i386-linux-gnu/libdl-2.21.so
b75f4000-b75f5000 rw-p 00003000 08:01 394557     /lib/i386-linux-gnu/libdl-2.21.so
b75f5000-b77a9000 r-xp 00000000 08:01 394540     /lib/i386-linux-gnu/libc-2.21.so
b77a9000-b77ac000 r--p 001b3000 08:01 394540     /lib/i386-linux-gnu/libc-2.21.so
b77ac000-b77ae000 rw-p 001b6000 08:01 394540     /lib/i386-linux-gnu/libc-2.21.so
b77ae000-b77b0000 rw-p 00000000 00:00 0 
b77b0000-b77b1000 r--s 00002000 08:01 804980     /usr/lib/jvm/java-7-openjdk-i386/jre/lib/ext/dnsns.jar
b77b1000-b77b3000 r--s 00006000 08:01 399091     /usr/share/java/java-atk-wrapper.jar
b77b3000-b77b4000 r--p 005e0000 08:01 143362     /usr/lib/locale/locale-archive
b77b4000-b77b5000 rw-p 00000000 00:00 0 
b77b5000-b77b6000 ---p 00000000 00:00 0 
b77b6000-b77c4000 r-xp 00000000 08:01 805022     /usr/lib/jvm/java-7-openjdk-i386/jre/lib/i386/libverify.so
b77c4000-b77c6000 r--p 0000d000 08:01 805022     /usr/lib/jvm/java-7-openjdk-i386/jre/lib/i386/libverify.so
b77c6000-b77c7000 rw-p 0000f000 08:01 805022     /usr/lib/jvm/java-7-openjdk-i386/jre/lib/i386/libverify.so
b77c7000-b77d3000 r-xp 00000000 08:01 805024     /usr/lib/jvm/java-7-openjdk-i386/jre/lib/i386/jli/libjli.so
b77d3000-b77d4000 r--p 0000b000 08:01 805024     /usr/lib/jvm/java-7-openjdk-i386/jre/lib/i386/jli/libjli.so
b77d4000-b77d5000 rw-p 0000c000 08:01 805024     /usr/lib/jvm/java-7-openjdk-i386/jre/lib/i386/jli/libjli.so
b77d5000-b77d8000 rw-p 00000000 00:00 0 
b77d8000-b77da000 r--p 00000000 00:00 0          [vvar]
b77da000-b77db000 r-xp 00000000 00:00 0          [vdso]
b77db000-b77fd000 r-xp 00000000 08:01 394512     /lib/i386-linux-gnu/ld-2.21.so
b77fd000-b77fe000 r--p 00021000 08:01 394512     /lib/i386-linux-gnu/ld-2.21.so
b77fe000-b77ff000 rw-p 00022000 08:01 394512     /lib/i386-linux-gnu/ld-2.21.so
bff9c000-bff9d000 rwxp 00000000 00:00 0 
bffce000-bfff0000 rw-p 00000000 00:00 0          [stack]

VM Arguments:
jvm_args: -javaagent:/usr/share/java/jayatanaag.jar -Djava.awt.headless=true -Xmx1024M -Dfile.encoding=UTF-8 -Duser.country=US -Duser.language=en -Duser.variant 
java_command: com.android.dx.command.Main --dex --num-threads=4 --output /home/student/test/HealthyBit/app/build/intermediates/pre-dexed/debug/com.android.support-support-v4-23.3.0_0837a8109973a35ab829fbb7c6c67d289902386a.jar /home/student/test/HealthyBit/app/build/intermediates/exploded-aar/com.android.support/support-v4/23.3.0/jars/classes.jar
Launcher Type: SUN_STANDARD

Environment Variables:
JAVA_TOOL_OPTIONS=-javaagent:/usr/share/java/jayatanaag.jar 
PATH=/home/student/.linuxbrew/bin:/usr/local/sbin:/usr/local/bin:/usr/sbin:/usr/bin:/sbin:/bin:/usr/games:/usr/local/games:/etc/android-studio/bin/:/home/student/Android/Sdk/platform-tools:/home/student/Android/Sdk/tools
LD_LIBRARY_PATH=/etc/android-studio/bin:
SHELL=/bin/bash
DISPLAY=:0

Signal Handlers:
SIGSEGV: [libjvm.so+0x7f7d00], sa_mask[0]=0x7ffbfeff, sa_flags=0x10000004
SIGBUS: [libjvm.so+0x7f7d00], sa_mask[0]=0x7ffbfeff, sa_flags=0x10000004
SIGFPE: [libjvm.so+0x67a9d0], sa_mask[0]=0x7ffbfeff, sa_flags=0x10000004
SIGPIPE: [libjvm.so+0x67a9d0], sa_mask[0]=0x7ffbfeff, sa_flags=0x10000004
SIGXFSZ: [libjvm.so+0x67a9d0], sa_mask[0]=0x7ffbfeff, sa_flags=0x10000004
SIGILL: [libjvm.so+0x67a9d0], sa_mask[0]=0x7ffbfeff, sa_flags=0x10000004
SIGUSR1: SIG_DFL, sa_mask[0]=0x00000000, sa_flags=0x00000000
SIGUSR2: [libjvm.so+0x67a820], sa_mask[0]=0x00000004, sa_flags=0x10000004
SIGHUP: [libjvm.so+0x67aa80], sa_mask[0]=0x7ffbfeff, sa_flags=0x10000004
SIGINT: [libjvm.so+0x67aa80], sa_mask[0]=0x7ffbfeff, sa_flags=0x10000004
SIGTERM: [libjvm.so+0x67aa80], sa_mask[0]=0x7ffbfeff, sa_flags=0x10000004
SIGQUIT: [libjvm.so+0x67aa80], sa_mask[0]=0x7ffbfeff, sa_flags=0x10000004
SIGTRAP: SIG_DFL, sa_mask[0]=0x00000000, sa_flags=0x00000000


---------------  S Y S T E M  ---------------

OS:Ubuntu 15.04 (vivid)
uname:Linux 3.19.0-18-generic #18-Ubuntu SMP Tue May 19 18:30:59 UTC 2015 i686
libc:glibc 2.21 NPTL 2.21 
rlimit: STACK 8192k, CORE 0k, NPROC 32177, NOFILE 65536, AS infinity
load average:10.85 6.17 4.87

/proc/meminfo:
MemTotal:        4139540 kB
MemFree:          172600 kB
MemAvailable:      95912 kB
Buffers:             412 kB
Cached:            51192 kB
SwapCached:            0 kB
Active:          3571100 kB
Inactive:          42460 kB
Active(anon):    3563700 kB
Inactive(anon):    37884 kB
Active(file):       7400 kB
Inactive(file):     4576 kB
Unevictable:          32 kB
Mlocked:              32 kB
HighTotal:       3280776 kB
HighFree:           2704 kB
LowTotal:         858764 kB
LowFree:          169896 kB
SwapTotal:             0 kB
SwapFree:              0 kB
Dirty:                64 kB
Writeback:            88 kB
AnonPages:       3562592 kB
Mapped:            34728 kB
Shmem:             39060 kB
Slab:              50296 kB
SReclaimable:      23968 kB
SUnreclaim:        26328 kB
KernelStack:        5472 kB
PageTables:        15320 kB
NFS_Unstable:          0 kB
Bounce:                0 kB
WritebackTmp:          0 kB
CommitLimit:     2069768 kB
Committed_AS:    6443588 kB
VmallocTotal:     122880 kB
VmallocUsed:       23416 kB
VmallocChunk:      49124 kB
AnonHugePages:   2646016 kB
CmaTotal:              0 kB
CmaFree:               0 kB
HugePages_Total:       0
HugePages_Free:        0
HugePages_Rsvd:        0
HugePages_Surp:        0
Hugepagesize:       2048 kB
DirectMap4k:       61432 kB
DirectMap2M:      851968 kB


CPU:total 4 (1 cores per cpu, 1 threads per core) family 6 model 58 stepping 9, cmov, cx8, fxsr, mmx, sse, sse2, sse3, ssse3, sse4.1, sse4.2, popcnt, avx, aes, erms, tsc, tscinvbit, tscinv

/proc/cpuinfo:
processor	: 0
vendor_id	: GenuineIntel
cpu family	: 6
model		: 58
model name	: Intel(R) Core(TM) i5-3210M CPU @ 2.50GHz
stepping	: 9
microcode	: 0x15
cpu MHz		: 2494.111
cache size	: 3072 KB
physical id	: 0
siblings	: 1
core id		: 0
cpu cores	: 1
apicid		: 0
initial apicid	: 0
fdiv_bug	: no
f00f_bug	: no
coma_bug	: no
fpu		: yes
fpu_exception	: yes
cpuid level	: 13
wp		: yes
flags		: fpu vme de pse tsc msr pae mce cx8 apic sep mtrr pge mca cmov pat pse36 clflush dts mmx fxsr sse sse2 ss nx rdtscp lm constant_tsc arch_perfmon pebs bts xtopology tsc_reliable nonstop_tsc aperfmperf pni pclmulqdq ssse3 cx16 pcid sse4_1 sse4_2 x2apic popcnt tsc_deadline_timer aes xsave avx f16c rdrand hypervisor lahf_lm ida arat epb pln pts dtherm fsgsbase tsc_adjust smep
bugs		:
bogomips	: 4988.22
clflush size	: 64
cache_alignment	: 64
address sizes	: 42 bits physical, 48 bits virtual
power management:

processor	: 1
vendor_id	: GenuineIntel
cpu family	: 6
model		: 58
model name	: Intel(R) Core(TM) i5-3210M CPU @ 2.50GHz
stepping	: 9
microcode	: 0x15
cpu MHz		: 2494.111
cache size	: 3072 KB
physical id	: 2
siblings	: 1
core id		: 0
cpu cores	: 1
apicid		: 2
initial apicid	: 2
fdiv_bug	: no
f00f_bug	: no
coma_bug	: no
fpu		: yes
fpu_exception	: yes
cpuid level	: 13
wp		: yes
flags		: fpu vme de pse tsc msr pae mce cx8 apic sep mtrr pge mca cmov pat pse36 clflush dts mmx fxsr sse sse2 ss nx rdtscp lm constant_tsc arch_perfmon pebs bts xtopology tsc_reliable nonstop_tsc aperfmperf pni pclmulqdq ssse3 cx16 pcid sse4_1 sse4_2 x2apic popcnt tsc_deadline_timer aes xsave avx f16c rdrand hypervisor lahf_lm ida arat epb pln pts dtherm fsgsbase tsc_adjust smep
bugs		:
bogomips	: 4988.22
clflush size	: 64
cache_alignment	: 64
address sizes	: 42 bits physical, 48 bits virtual
power management:

processor	: 2
vendor_id	: GenuineIntel
cpu family	: 6
model		: 58
model name	: Intel(R) Core(TM) i5-3210M CPU @ 2.50GHz
stepping	: 9
microcode	: 0x15
cpu MHz		: 2494.111
cache size	: 3072 KB
physical id	: 4
siblings	: 1
core id		: 0
cpu cores	: 1
apicid		: 4
initial apicid	: 4
fdiv_bug	: no
f00f_bug	: no
coma_bug	: no
fpu		: yes
fpu_exception	: yes
cpuid level	: 13
wp		: yes
flags		: fpu vme de pse tsc msr pae mce cx8 apic sep mtrr pge mca cmov pat pse36 clflush dts mmx fxsr sse sse2 ss nx rdtscp lm constant_tsc arch_perfmon pebs bts xtopology tsc_reliable nonstop_tsc aperfmperf pni pclmulqdq ssse3 cx16 pcid sse4_1 sse4_2 x2apic popcnt tsc_deadline_timer aes xsave avx f16c rdrand hypervisor lahf_lm ida arat epb pln pts dtherm fsgsbase tsc_adjust smep
bugs		:
bogomips	: 4988.22
clflush size	: 64
cache_alignment	: 64
address sizes	: 42 bits physical, 48 bits virtual
power management:

processor	: 3
vendor_id	: GenuineIntel
cpu family	: 6
model		: 58
model name	: Intel(R) Core(TM) i5-3210M CPU @ 2.50GHz
stepping	: 9
microcode	: 0x15
cpu MHz		: 2494.111
cache size	: 3072 KB
physical id	: 6
siblings	: 1
core id		: 0
cpu cores	: 1
apicid		: 6
initial apicid	: 6
fdiv_bug	: no
f00f_bug	: no
coma_bug	: no
fpu		: yes
fpu_exception	: yes
cpuid level	: 13
wp		: yes
flags		: fpu vme de pse tsc msr pae mce cx8 apic sep mtrr pge mca cmov pat pse36 clflush dts mmx fxsr sse sse2 ss nx rdtscp lm constant_tsc arch_perfmon pebs bts xtopology tsc_reliable nonstop_tsc aperfmperf pni pclmulqdq ssse3 cx16 pcid sse4_1 sse4_2 x2apic popcnt tsc_deadline_timer aes xsave avx f16c rdrand hypervisor lahf_lm ida arat epb pln pts dtherm fsgsbase tsc_adjust smep
bugs		:
bogomips	: 4988.22
clflush size	: 64
cache_alignment	: 64
address sizes	: 42 bits physical, 48 bits virtual
power management:



Memory: 4k page, physical 4139540k(172748k free), swap 0k(0k free)

vm_info: OpenJDK Server VM (24.91-b01) for linux-x86 JRE (1.7.0_91-b02), built on Nov 19 2015 06:25:06 by "buildd" with gcc 4.9.2

time: Tue May  3 16:32:51 2016
elapsed time: 29 seconds

