#
# There is insufficient memory for the Java Runtime Environment to continue.
# Native memory allocation (malloc) failed to allocate 75497472 bytes for committing reserved memory.
# Possible reasons:
#   The system is out of physical RAM or swap space
#   In 32 bit mode, the process size limit was hit
# Possible solutions:
#   Reduce memory load on the system
#   Increase physical memory or swap space
#   Check if swap backing store is full
#   Use 64 bit Java on a 64 bit OS
#   Decrease Java heap size (-Xmx/-Xms)
#   Decrease number of Java threads
#   Decrease Java thread stack sizes (-Xss)
#   Set larger code cache with -XX:ReservedCodeCacheSize=
# This output file may be truncated or incomplete.
#
#  Out of Memory Error (os_linux.cpp:2827), pid=4902, tid=1740430144
#
# JRE version: OpenJDK Runtime Environment (7.0_91-b02) (build 1.7.0_91-b02)
# Java VM: OpenJDK Server VM (24.91-b01 mixed mode linux-x86 )
# Derivative: IcedTea 2.6.3
# Distribution: Ubuntu 15.04, package 7u91-2.6.3-0ubuntu0.15.04.1
# Failed to write core dump. Core dumps have been disabled. To enable core dumping, try "ulimit -c unlimited" before starting Java again
#

---------------  T H R E A D  ---------------

Current thread (0x67a81400):  VMThread [stack: 0x67b4d000,0x67bce000] [id=4912]

Stack: [0x67b4d000,0x67bce000]
VM_Operation (0x66ae5aa4): ParallelGCFailedAllocation, mode: safepoint, requested by thread 0x67155c00


---------------  P R O C E S S  ---------------

Java Threads: ( => current thread )
  0x67157800 JavaThread "pool-2-thread-4" [_thread_blocked, id=4928, stack(0x669f4000,0x66a45000)]
  0x67156c00 JavaThread "pool-2-thread-3" [_thread_blocked, id=4927, stack(0x66a45000,0x66a96000)]
  0x67155c00 JavaThread "pool-2-thread-2" [_thread_blocked, id=4926, stack(0x66a96000,0x66ae7000)]
  0x67147000 JavaThread "pool-3-thread-1" [_thread_blocked, id=4925, stack(0x66ae7000,0x66b38000)]
  0x67146400 JavaThread "pool-2-thread-1" [_thread_blocked, id=4924, stack(0x66b38000,0x66b89000)]
  0x67aee800 JavaThread "Service Thread" daemon [_thread_blocked, id=4919, stack(0x672c0000,0x67311000)]
  0x67aec800 JavaThread "C2 CompilerThread1" daemon [_thread_blocked, id=4918, stack(0x67311000,0x67392000)]
  0x67aeb400 JavaThread "C2 CompilerThread0" daemon [_thread_in_native, id=4917, stack(0x67392000,0x67413000)]
  0x67a98400 JavaThread "Signal Dispatcher" daemon [_thread_blocked, id=4916, stack(0x6755e000,0x675af000)]
  0x67a85400 JavaThread "Finalizer" daemon [_thread_blocked, id=4915, stack(0x677af000,0x67800000)]
  0x67a83c00 JavaThread "Reference Handler" daemon [_thread_blocked, id=4914, stack(0x6a72e000,0x6a77f000)]
  0xb6208400 JavaThread "main" [_thread_blocked, id=4907, stack(0xb63cc000,0xb641d000)]

Other Threads:
=>0x67a81400 VMThread [stack: 0x67b4d000,0x67bce000] [id=4912]
  0x67af0400 WatcherThread [stack: 0x6723f000,0x672c0000] [id=4920]

VM state:at safepoint (normal execution)

VM Mutex/Monitor currently owned by a thread:  ([mutex/lock_event])
[0xb6205e10] Threads_lock - owner thread: 0x67a81400
[0xb6206220] Heap_lock - owner thread: 0x67155c00

Heap
 PSYoungGen      total 76288K, used 11505K [0x9dbc0000, 0xa3340000, 0xb3140000)
  eden space 64768K, 0% used [0x9dbc0000,0x9dbc0000,0xa1b00000)
  from space 11520K, 99% used [0xa1b00000,0xa263c618,0xa2640000)
  to   space 9728K, 0% used [0xa2640000,0xa2640000,0xa2fc0000)
 ParOldGen       total 43008K, used 19452K [0x73140000, 0x75b40000, 0x9dbc0000)
  object space 43008K, 45% used [0x73140000,0x7443f378,0x75b40000)
 PSPermGen       total 16384K, used 4276K [0x6b140000, 0x6c140000, 0x73140000)
  object space 16384K, 26% used [0x6b140000,0x6b56d170,0x6c140000)

Card table byte_map: [0x6aeff000,0x6b140000] byte_map_base: 0x6aba6600

Polling page: 0xb7753000

Code Cache  [0xb3200000, 0xb3440000, 0xb6200000)
 total_blobs=389 nmethods=266 adapters=76 free_code_cache=48210Kb largest_free_block=49303104

Compilation events (10 events):
Event: 17.668 Thread 0x67aec800 nmethod 265 0xb327f388 code [0xb327f4a0, 0xb327f630]
Event: 17.668 Thread 0x67aec800  266             com.android.dx.ssa.DeadCodeRemover::isCircularNoSideEffect (140 bytes)
Event: 18.335 Thread 0x67aec800 nmethod 266 0xb32f1b88 code [0xb32f1e00, 0xb32f35fc]
Event: 18.335 Thread 0x67aec800  267             com.android.dx.ssa.DeadCodeRemover::run (194 bytes)
Event: 18.954 Thread 0x67aec800 nmethod 267 0xb32f5e88 code [0xb32f6280, 0xb32f8130]
Event: 18.954 Thread 0x67aec800  268             com.android.dx.util.Bits::or (24 bytes)
Event: 18.975 Thread 0x67aec800 nmethod 268 0xb327f0c8 code [0xb327f1c0, 0xb327f2d0]
Event: 18.975 Thread 0x67aec800  269             com.android.dx.ssa.back.SsaToRop::convertInsns (53 bytes)
Event: 19.041 Thread 0x67aec800 nmethod 269 0xb32d6588 code [0xb32d66c0, 0xb32d6a50]
Event: 19.041 Thread 0x67aec800  270             com.android.dx.util.LabeledList::set (45 bytes)

GC Heap History (10 events):
Event: 6.532 GC heap after
Heap after GC invocations=2 (full 0):
 PSYoungGen      total 19200K, used 2553K [0x9dbc0000, 0xa0140000, 0xb3140000)
  eden space 16640K, 0% used [0x9dbc0000,0x9dbc0000,0x9ec00000)
  from space 2560K, 99% used [0x9ee80000,0x9f0fe618,0x9f100000)
  to   space 2560K, 0% used [0x9ec00000,0x9ec00000,0x9ee80000)
 ParOldGen       total 43008K, used 1994K [0x73140000, 0x75b40000, 0x9dbc0000)
  object space 43008K, 4% used [0x73140000,0x73332850,0x75b40000)
 PSPermGen       total 16384K, used 4107K [0x6b140000, 0x6c140000, 0x73140000)
  object space 16384K, 25% used [0x6b140000,0x6b542fa8,0x6c140000)
}
Event: 8.021 GC heap before
{Heap before GC invocations=3 (full 0):
 PSYoungGen      total 19200K, used 19193K [0x9dbc0000, 0xa0140000, 0xb3140000)
  eden space 16640K, 100% used [0x9dbc0000,0x9ec00000,0x9ec00000)
  from space 2560K, 99% used [0x9ee80000,0x9f0fe618,0x9f100000)
  to   space 2560K, 0% used [0x9ec00000,0x9ec00000,0x9ee80000)
 ParOldGen       total 43008K, used 1994K [0x73140000, 0x75b40000, 0x9dbc0000)
  object space 43008K, 4% used [0x73140000,0x73332850,0x75b40000)
 PSPermGen       total 16384K, used 4189K [0x6b140000, 0x6c140000, 0x73140000)
  object space 16384K, 25% used [0x6b140000,0x6b557690,0x6c140000)
Event: 8.065 GC heap after
Heap after GC invocations=3 (full 0):
 PSYoungGen      total 19200K, used 2550K [0x9dbc0000, 0xa0140000, 0xb3140000)
  eden space 16640K, 0% used [0x9dbc0000,0x9dbc0000,0x9ec00000)
  from space 2560K, 99% used [0x9ec00000,0x9ee7dba8,0x9ee80000)
  to   space 2560K, 0% used [0x9fec0000,0x9fec0000,0xa0140000)
 ParOldGen       total 43008K, used 4085K [0x73140000, 0x75b40000, 0x9dbc0000)
  object space 43008K, 9% used [0x73140000,0x7353d508,0x75b40000)
 PSPermGen       total 16384K, used 4189K [0x6b140000, 0x6c140000, 0x73140000)
  object space 16384K, 25% used [0x6b140000,0x6b557690,0x6c140000)
}
Event: 9.268 GC heap before
{Heap before GC invocations=4 (full 0):
 PSYoungGen      total 19200K, used 19190K [0x9dbc0000, 0xa0140000, 0xb3140000)
  eden space 16640K, 100% used [0x9dbc0000,0x9ec00000,0x9ec00000)
  from space 2560K, 99% used [0x9ec00000,0x9ee7dba8,0x9ee80000)
  to   space 2560K, 0% used [0x9fec0000,0x9fec0000,0xa0140000)
 ParOldGen       total 43008K, used 4085K [0x73140000, 0x75b40000, 0x9dbc0000)
  object space 43008K, 9% used [0x73140000,0x7353d508,0x75b40000)
 PSPermGen       total 16384K, used 4213K [0x6b140000, 0x6c140000, 0x73140000)
  object space 16384K, 25% used [0x6b140000,0x6b55d570,0x6c140000)
Event: 9.322 GC heap after
Heap after GC invocations=4 (full 0):
 PSYoungGen      total 35840K, used 2549K [0x9dbc0000, 0xa0140000, 0xb3140000)
  eden space 33280K, 0% used [0x9dbc0000,0x9dbc0000,0x9fc40000)
  from space 2560K, 99% used [0x9fec0000,0xa013d438,0xa0140000)
  to   space 2560K, 0% used [0x9fc40000,0x9fc40000,0x9fec0000)
 ParOldGen       total 43008K, used 7463K [0x73140000, 0x75b40000, 0x9dbc0000)
  object space 43008K, 17% used [0x73140000,0x73889fa0,0x75b40000)
 PSPermGen       total 16384K, used 4213K [0x6b140000, 0x6c140000, 0x73140000)
  object space 16384K, 25% used [0x6b140000,0x6b55d570,0x6c140000)
}
Event: 11.297 GC heap before
{Heap before GC invocations=5 (full 0):
 PSYoungGen      total 35840K, used 35829K [0x9dbc0000, 0xa0140000, 0xb3140000)
  eden space 33280K, 100% used [0x9dbc0000,0x9fc40000,0x9fc40000)
  from space 2560K, 99% used [0x9fec0000,0xa013d438,0xa0140000)
  to   space 2560K, 0% used [0x9fc40000,0x9fc40000,0x9fec0000)
 ParOldGen       total 43008K, used 7463K [0x73140000, 0x75b40000, 0x9dbc0000)
  object space 43008K, 17% used [0x73140000,0x73889fa0,0x75b40000)
 PSPermGen       total 16384K, used 4235K [0x6b140000, 0x6c140000, 0x73140000)
  object space 16384K, 25% used [0x6b140000,0x6b562dd0,0x6c140000)
Event: 11.414 GC heap after
Heap after GC invocations=5 (full 0):
 PSYoungGen      total 35840K, used 2557K [0x9dbc0000, 0xa2fc0000, 0xb3140000)
  eden space 33280K, 0% used [0x9dbc0000,0x9dbc0000,0x9fc40000)
  from space 2560K, 99% used [0x9fc40000,0x9febf480,0x9fec0000)
  to   space 9728K, 0% used [0xa2640000,0xa2640000,0xa2fc0000)
 ParOldGen       total 43008K, used 12881K [0x73140000, 0x75b40000, 0x9dbc0000)
  object space 43008K, 29% used [0x73140000,0x73dd45d8,0x75b40000)
 PSPermGen       total 16384K, used 4235K [0x6b140000, 0x6c140000, 0x73140000)
  object space 16384K, 25% used [0x6b140000,0x6b562dd0,0x6c140000)
}
Event: 13.765 GC heap before
{Heap before GC invocations=6 (full 0):
 PSYoungGen      total 35840K, used 35837K [0x9dbc0000, 0xa2fc0000, 0xb3140000)
  eden space 33280K, 100% used [0x9dbc0000,0x9fc40000,0x9fc40000)
  from space 2560K, 99% used [0x9fc40000,0x9febf480,0x9fec0000)
  to   space 9728K, 0% used [0xa2640000,0xa2640000,0xa2fc0000)
 ParOldGen       total 43008K, used 12881K [0x73140000, 0x75b40000, 0x9dbc0000)
  object space 43008K, 29% used [0x73140000,0x73dd45d8,0x75b40000)
 PSPermGen       total 16384K, used 4252K [0x6b140000, 0x6c140000, 0x73140000)
  object space 16384K, 25% used [0x6b140000,0x6b5670c0,0x6c140000)
Event: 13.840 GC heap after
Heap after GC invocations=6 (full 0):
 PSYoungGen      total 74496K, used 9288K [0x9dbc0000, 0xa3340000, 0xb3140000)
  eden space 64768K, 0% used [0x9dbc0000,0x9dbc0000,0xa1b00000)
  from space 9728K, 95% used [0xa2640000,0xa2f520d0,0xa2fc0000)
  to   space 11520K, 0% used [0xa1b00000,0xa1b00000,0xa2640000)
 ParOldGen       total 43008K, used 12881K [0x73140000, 0x75b40000, 0x9dbc0000)
  object space 43008K, 29% used [0x73140000,0x73dd45d8,0x75b40000)
 PSPermGen       total 16384K, used 4252K [0x6b140000, 0x6c140000, 0x73140000)
  object space 16384K, 25% used [0x6b140000,0x6b5670c0,0x6c140000)
}
Event: 19.060 GC heap before
{Heap before GC invocations=7 (full 0):
 PSYoungGen      total 74496K, used 74056K [0x9dbc0000, 0xa3340000, 0xb3140000)
  eden space 64768K, 100% used [0x9dbc0000,0xa1b00000,0xa1b00000)
  from space 9728K, 95% used [0xa2640000,0xa2f520d0,0xa2fc0000)
  to   space 11520K, 0% used [0xa1b00000,0xa1b00000,0xa2640000)
 ParOldGen       total 43008K, used 12881K [0x73140000, 0x75b40000, 0x9dbc0000)
  object space 43008K, 29% used [0x73140000,0x73dd45d8,0x75b40000)
 PSPermGen       total 16384K, used 4276K [0x6b140000, 0x6c140000, 0x73140000)
  object space 16384K, 26% used [0x6b140000,0x6b56d170,0x6c140000)

Deoptimization events (10 events):
Event: 4.737 Thread 0x67146400 Uncommon trap: reason=unstable_if action=reinterpret pc=0xb324cc7c method=java.lang.String.compareTo(Ljava/lang/String;)I @ 38
Event: 5.968 Thread 0x67157800 Uncommon trap: reason=unstable_if action=reinterpret pc=0xb325d550 method=com.android.dx.cf.code.Ropper.labelToResultIndex(I)I @ 34
Event: 7.817 Thread 0x67157800 Uncommon trap: reason=null_check action=make_not_entrant pc=0xb328c3fc method=com.android.dx.ssa.SsaRenamer.getLocalForNewReg(I)Lcom/android/dx/rop/code/LocalItem; @ 19
Event: 7.850 Thread 0x67155c00 Uncommon trap: reason=class_check action=maybe_recompile pc=0xb3252d4c method=java.util.HashMap.put(Ljava/lang/Object;Ljava/lang/Object;)Ljava/lang/Object; @ 83
Event: 8.945 Thread 0x67156c00 Uncommon trap: reason=class_check action=maybe_recompile pc=0xb3252d4c method=java.util.HashMap.put(Ljava/lang/Object;Ljava/lang/Object;)Ljava/lang/Object; @ 83
Event: 10.289 Thread 0x67146400 Uncommon trap: reason=class_check action=maybe_recompile pc=0xb3252d4c method=java.util.HashMap.put(Ljava/lang/Object;Ljava/lang/Object;)Ljava/lang/Object; @ 83
Event: 11.562 Thread 0x67146400 Uncommon trap: reason=unstable_if action=reinterpret pc=0xb32aa4bc method=com.android.dx.rop.code.RegisterSpec.equals(ILcom/android/dx/rop/type/TypeBearer;Lcom/android/dx/rop/code/LocalItem;)Z @ 42
Event: 11.562 Thread 0x67146400 Uncommon trap: reason=unstable_if action=reinterpret pc=0xb3269fb4 method=com.android.dx.rop.code.RegisterSpec.equals(ILcom/android/dx/rop/type/TypeBearer;Lcom/android/dx/rop/code/LocalItem;)Z @ 42
Event: 13.655 Thread 0x67156c00 Uncommon trap: reason=class_check action=maybe_recompile pc=0xb3252d4c method=java.util.HashMap.put(Ljava/lang/Object;Ljava/lang/Object;)Ljava/lang/Object; @ 83
Event: 17.916 Thread 0x67156c00 Uncommon trap: reason=unstable_if action=reinterpret pc=0xb32995b0 method=com.android.dx.dex.code.OutputFinisher.hasLocalInfo(Lcom/android/dx/dex/code/DalvInsn;)Z @ 24

Internal exceptions (10 events):
Event: 5.339 Thread 0x67155c00 Threw 0x9e30d7c0 at /build/openjdk-7-PdBaKN/openjdk-7-7u91-2.6.3/build/openjdk/hotspot/src/share/vm/prims/jvm.cpp:1322
Event: 5.340 Thread 0x67146400 Threw 0x9e07c068 at /build/openjdk-7-PdBaKN/openjdk-7-7u91-2.6.3/build/openjdk/hotspot/src/share/vm/prims/jvm.cpp:1322
Event: 5.429 Thread 0x67146400 Threw 0x9e350750 at /build/openjdk-7-PdBaKN/openjdk-7-7u91-2.6.3/build/openjdk/hotspot/src/share/vm/prims/jvm.cpp:1322
Event: 5.966 Thread 0x67157800 Threw 0x9e6f9350 at /build/openjdk-7-PdBaKN/openjdk-7-7u91-2.6.3/build/openjdk/hotspot/src/share/vm/prims/jvm.cpp:1322
Event: 7.682 Thread 0xb6208400 Threw 0x9e69f4e8 at /build/openjdk-7-PdBaKN/openjdk-7-7u91-2.6.3/build/openjdk/hotspot/src/share/vm/prims/jvm.cpp:1322
Event: 7.683 Thread 0xb6208400 Threw 0x9e6a1f50 at /build/openjdk-7-PdBaKN/openjdk-7-7u91-2.6.3/build/openjdk/hotspot/src/share/vm/prims/jvm.cpp:1322
Event: 7.710 Thread 0xb6208400 Threw 0x9e6af068 at /build/openjdk-7-PdBaKN/openjdk-7-7u91-2.6.3/build/openjdk/hotspot/src/share/vm/prims/jvm.cpp:1322
Event: 7.710 Thread 0xb6208400 Threw 0x9e6b1df0 at /build/openjdk-7-PdBaKN/openjdk-7-7u91-2.6.3/build/openjdk/hotspot/src/share/vm/prims/jvm.cpp:1322
Event: 7.817 Thread 0x67157800 Implicit null exception at 0xb328b089 to 0xb328c3dd
Event: 10.223 Thread 0x67157800 Threw 0x9eaff6a0 at /build/openjdk-7-PdBaKN/openjdk-7-7u91-2.6.3/build/openjdk/hotspot/src/share/vm/prims/jvm.cpp:1322

Events (10 events):
Event: 13.985 Executing VM operation: RevokeBias
Event: 13.985 Executing VM operation: RevokeBias done
Event: 13.985 Executing VM operation: BulkRevokeBias
Event: 13.986 Executing VM operation: BulkRevokeBias done
Event: 14.325 Thread 0x67aec800 flushing nmethod 0xb325d288
Event: 17.916 Thread 0x67156c00 Uncommon trap: trap_request=0xffffff75 fr.pc=0xb32995b0
Event: 17.916 Thread 0x67156c00 DEOPT PACKING pc=0xb32995b0 sp=0x66a94c10
Event: 17.916 Thread 0x67156c00 DEOPT UNPACKING pc=0xb322cbc8 sp=0x66a94b74 mode 2
Event: 19.041 Thread 0x67aec800 flushing nmethod 0xb3289f88
Event: 19.056 Executing VM operation: ParallelGCFailedAllocation


Dynamic libraries:
08048000-08049000 r-xp 00000000 08:01 804961     /usr/lib/jvm/java-7-openjdk-i386/jre/bin/java
08049000-0804a000 r--p 00000000 08:01 804961     /usr/lib/jvm/java-7-openjdk-i386/jre/bin/java
0804a000-0804b000 rw-p 00001000 08:01 804961     /usr/lib/jvm/java-7-openjdk-i386/jre/bin/java
08285000-082ca000 rw-p 00000000 00:00 0          [heap]
65200000-652a1000 rw-p 00000000 00:00 0 
652a1000-65300000 ---p 00000000 00:00 0 
65400000-654f9000 rw-p 00000000 00:00 0 
654f9000-65500000 ---p 00000000 00:00 0 
65500000-655fd000 rw-p 00000000 00:00 0 
655fd000-65600000 ---p 00000000 00:00 0 
65600000-656fe000 rw-p 00000000 00:00 0 
656fe000-65700000 ---p 00000000 00:00 0 
65700000-657ff000 rw-p 00000000 00:00 0 
657ff000-65800000 ---p 00000000 00:00 0 
65800000-658f9000 rw-p 00000000 00:00 0 
658f9000-65900000 ---p 00000000 00:00 0 
65900000-659fc000 rw-p 00000000 00:00 0 
659fc000-65a00000 ---p 00000000 00:00 0 
65a00000-65aff000 rw-p 00000000 00:00 0 
65aff000-65b00000 ---p 00000000 00:00 0 
65b00000-65bf9000 rw-p 00000000 00:00 0 
65bf9000-65c00000 ---p 00000000 00:00 0 
65c00000-65cf9000 rw-p 00000000 00:00 0 
65cf9000-65d00000 ---p 00000000 00:00 0 
65d00000-65dfe000 rw-p 00000000 00:00 0 
65dfe000-65e00000 ---p 00000000 00:00 0 
65e00000-65ef9000 rw-p 00000000 00:00 0 
65ef9000-65f00000 ---p 00000000 00:00 0 
65f00000-66000000 rw-p 00000000 00:00 0 
66000000-660fc000 rw-p 00000000 00:00 0 
660fc000-66100000 ---p 00000000 00:00 0 
66200000-662fb000 rw-p 00000000 00:00 0 
662fb000-66300000 ---p 00000000 00:00 0 
66300000-663fa000 rw-p 00000000 00:00 0 
663fa000-66400000 ---p 00000000 00:00 0 
66400000-664ff000 rw-p 00000000 00:00 0 
664ff000-66500000 ---p 00000000 00:00 0 
66500000-665ee000 rw-p 00000000 00:00 0 
665ee000-66600000 ---p 00000000 00:00 0 
66600000-666fa000 rw-p 00000000 00:00 0 
666fa000-66700000 ---p 00000000 00:00 0 
66700000-667f9000 rw-p 00000000 00:00 0 
667f9000-66800000 ---p 00000000 00:00 0 
66800000-668fc000 rw-p 00000000 00:00 0 
668fc000-66900000 ---p 00000000 00:00 0 
669f4000-669f7000 ---p 00000000 00:00 0 
669f7000-66a45000 rw-p 00000000 00:00 0          [stack:4928]
66a45000-66a48000 ---p 00000000 00:00 0 
66a48000-66a96000 rw-p 00000000 00:00 0          [stack:4927]
66a96000-66a99000 ---p 00000000 00:00 0 
66a99000-66ae7000 rw-p 00000000 00:00 0          [stack:4926]
66ae7000-66aea000 ---p 00000000 00:00 0 
66aea000-66b38000 rw-p 00000000 00:00 0          [stack:4925]
66b38000-66b3b000 ---p 00000000 00:00 0 
66b3b000-66d4a000 rw-p 00000000 00:00 0          [stack:4924]
66d4a000-66dba000 r-xp 00000000 08:01 394656     /lib/i386-linux-gnu/libpcre.so.3.13.1
66dba000-66dbb000 r--p 0006f000 08:01 394656     /lib/i386-linux-gnu/libpcre.so.3.13.1
66dbb000-66dbc000 rw-p 00070000 08:01 394656     /lib/i386-linux-gnu/libpcre.so.3.13.1
66dbc000-66ee2000 r-xp 00000000 08:01 394573     /lib/i386-linux-gnu/libglib-2.0.so.0.4400.0
66ee2000-66ee3000 r--p 00125000 08:01 394573     /lib/i386-linux-gnu/libglib-2.0.so.0.4400.0
66ee3000-66ee4000 rw-p 00126000 08:01 394573     /lib/i386-linux-gnu/libglib-2.0.so.0.4400.0
66ee4000-66f3f000 r-xp 00000000 08:01 137385     /usr/lib/i386-linux-gnu/libgobject-2.0.so.0.4400.0
66f3f000-66f40000 r--p 0005b000 08:01 137385     /usr/lib/i386-linux-gnu/libgobject-2.0.so.0.4400.0
66f40000-66f41000 rw-p 0005c000 08:01 137385     /usr/lib/i386-linux-gnu/libgobject-2.0.so.0.4400.0
66f41000-670fa000 r-xp 00000000 08:01 137357     /usr/lib/i386-linux-gnu/libgio-2.0.so.0.4400.0
670fa000-670fd000 r--p 001b8000 08:01 137357     /usr/lib/i386-linux-gnu/libgio-2.0.so.0.4400.0
670fd000-670ff000 rw-p 001bb000 08:01 137357     /usr/lib/i386-linux-gnu/libgio-2.0.so.0.4400.0
670ff000-67100000 rw-p 00000000 00:00 0 
67100000-67180000 rw-p 00000000 00:00 0 
67180000-67200000 ---p 00000000 00:00 0 
67218000-6723c000 r-xp 00000000 08:01 394683     /lib/i386-linux-gnu/libselinux.so.1
6723c000-6723d000 r--p 00024000 08:01 394683     /lib/i386-linux-gnu/libselinux.so.1
6723d000-6723e000 rw-p 00025000 08:01 394683     /lib/i386-linux-gnu/libselinux.so.1
6723e000-6723f000 rw-p 00000000 00:00 0 
6723f000-67240000 ---p 00000000 00:00 0 
67240000-672c0000 rw-p 00000000 00:00 0          [stack:4920]
672c0000-672c3000 ---p 00000000 00:00 0 
672c3000-67311000 rw-p 00000000 00:00 0          [stack:4919]
67311000-67314000 ---p 00000000 00:00 0 
67314000-67392000 rw-p 00000000 00:00 0          [stack:4918]
67392000-67395000 ---p 00000000 00:00 0 
67395000-67413000 rw-p 00000000 00:00 0          [stack:4917]
67413000-6755a000 r-xp 00000000 08:01 136931     /usr/lib/i386-linux-gnu/libX11.so.6.3.0
6755a000-6755b000 r--p 00146000 08:01 136931     /usr/lib/i386-linux-gnu/libX11.so.6.3.0
6755b000-6755d000 rw-p 00147000 08:01 136931     /usr/lib/i386-linux-gnu/libX11.so.6.3.0
6755d000-6755e000 rw-p 00000000 00:00 0 
6755e000-67561000 ---p 00000000 00:00 0 
67561000-675af000 rw-p 00000000 00:00 0          [stack:4916]
675af000-677af000 r--p 00000000 08:01 143362     /usr/lib/locale/locale-archive
677af000-677b2000 ---p 00000000 00:00 0 
677b2000-67800000 rw-p 00000000 00:00 0          [stack:4915]
67800000-678f7000 rw-p 00000000 00:00 0 
678f7000-67900000 ---p 00000000 00:00 0 
67900000-67928000 rw-p 00000000 00:00 0 
67928000-67a00000 ---p 00000000 00:00 0 
67a00000-67b00000 rw-p 00000000 00:00 0 
67b04000-67b18000 r-xp 00000000 08:01 394679     /lib/i386-linux-gnu/libresolv-2.21.so
67b18000-67b1a000 r--p 00013000 08:01 394679     /lib/i386-linux-gnu/libresolv-2.21.so
67b1a000-67b1b000 rw-p 00015000 08:01 394679     /lib/i386-linux-gnu/libresolv-2.21.so
67b1b000-67b1d000 rw-p 00000000 00:00 0 
67b34000-67b4b000 r-xp 00000000 08:01 805027     /usr/lib/jvm/java-7-openjdk-i386/jre/lib/i386/libnet.so
67b4b000-67b4c000 r--p 00016000 08:01 805027     /usr/lib/jvm/java-7-openjdk-i386/jre/lib/i386/libnet.so
67b4c000-67b4d000 rw-p 00017000 08:01 805027     /usr/lib/jvm/java-7-openjdk-i386/jre/lib/i386/libnet.so
67b4d000-67b4e000 ---p 00000000 00:00 0 
67b4e000-67bce000 rw-p 00000000 00:00 0          [stack:4912]
67bce000-67d80000 r--s 01d2e000 08:01 804984     /usr/lib/jvm/java-7-openjdk-i386/jre/lib/rt.jar
67d80000-6a600000 rw-p 00000000 00:00 0 
6a600000-6a6fc000 rw-p 00000000 00:00 0 
6a6fc000-6a700000 ---p 00000000 00:00 0 
6a702000-6a709000 r-xp 00000000 08:01 137254     /usr/lib/i386-linux-gnu/libffi.so.6.0.4
6a709000-6a70b000 r--p 00006000 08:01 137254     /usr/lib/i386-linux-gnu/libffi.so.6.0.4
6a70b000-6a70c000 rw-p 00008000 08:01 137254     /usr/lib/i386-linux-gnu/libffi.so.6.0.4
6a70c000-6a72c000 r-xp 00000000 08:01 138125     /usr/lib/i386-linux-gnu/libxcb.so.1.1.0
6a72c000-6a72d000 r--p 0001f000 08:01 138125     /usr/lib/i386-linux-gnu/libxcb.so.1.1.0
6a72d000-6a72e000 rw-p 00020000 08:01 138125     /usr/lib/i386-linux-gnu/libxcb.so.1.1.0
6a72e000-6a731000 ---p 00000000 00:00 0 
6a731000-6a77f000 rw-p 00000000 00:00 0          [stack:4914]
6a77f000-6a780000 ---p 00000000 00:00 0 
6a780000-6a800000 rw-p 00000000 00:00 0          [stack:4911]
6a800000-6a821000 rw-p 00000000 00:00 0 
6a821000-6a900000 ---p 00000000 00:00 0 
6a900000-6a921000 rw-p 00000000 00:00 0 
6a921000-6aa00000 ---p 00000000 00:00 0 
6aa01000-6aa04000 r-xp 00000000 08:01 137371     /usr/lib/i386-linux-gnu/libgmodule-2.0.so.0.4400.0
6aa04000-6aa05000 r--p 00002000 08:01 137371     /usr/lib/i386-linux-gnu/libgmodule-2.0.so.0.4400.0
6aa05000-6aa06000 rw-p 00003000 08:01 137371     /usr/lib/i386-linux-gnu/libgmodule-2.0.so.0.4400.0
6aa06000-6aa16000 r-xp 00000000 08:01 804991     /usr/lib/jvm/java-7-openjdk-i386/jre/lib/i386/libnio.so
6aa16000-6aa17000 r--p 00010000 08:01 804991     /usr/lib/jvm/java-7-openjdk-i386/jre/lib/i386/libnio.so
6aa17000-6aa18000 rw-p 00011000 08:01 804991     /usr/lib/jvm/java-7-openjdk-i386/jre/lib/i386/libnio.so
6aa18000-6aa1d000 r-xp 00000000 08:01 136946     /usr/lib/i386-linux-gnu/libXdmcp.so.6.0.0
6aa1d000-6aa1e000 r--p 00004000 08:01 136946     /usr/lib/i386-linux-gnu/libXdmcp.so.6.0.0
6aa1e000-6aa1f000 rw-p 00005000 08:01 136946     /usr/lib/i386-linux-gnu/libXdmcp.so.6.0.0
6aa1f000-6aa36000 r--s 000a5000 08:01 946092     /home/student/test/HealthyBit/app/build/intermediates/exploded-aar/com.mbientlab/metawear/2.5.9/jars/classes.jar
6aa36000-6aa7f000 rw-p 00000000 00:00 0 
6aa7f000-6aa80000 ---p 00000000 00:00 0 
6aa80000-6ab00000 rw-p 00000000 00:00 0          [stack:4910]
6ab00000-6ab21000 rw-p 00000000 00:00 0 
6ab21000-6ac00000 ---p 00000000 00:00 0 
6ac04000-6ac06000 r-xp 00000000 08:01 136935     /usr/lib/i386-linux-gnu/libXau.so.6.0.0
6ac06000-6ac07000 r--p 00001000 08:01 136935     /usr/lib/i386-linux-gnu/libXau.so.6.0.0
6ac07000-6ac08000 rw-p 00002000 08:01 136935     /usr/lib/i386-linux-gnu/libXau.so.6.0.0
6ac08000-6ac0a000 r-xp 00000000 08:01 141618     /usr/lib/jayatana/libjayatanaag.so
6ac0a000-6ac0b000 r--p 00001000 08:01 141618     /usr/lib/jayatana/libjayatanaag.so
6ac0b000-6ac0c000 rw-p 00002000 08:01 141618     /usr/lib/jayatana/libjayatanaag.so
6ac0c000-6ac67000 rw-p 00000000 00:00 0 
6ac67000-6ac68000 ---p 00000000 00:00 0 
6ac68000-6ace8000 rw-p 00000000 00:00 0          [stack:4909]
6ace8000-6ace9000 ---p 00000000 00:00 0 
6ace9000-6ad71000 rw-p 00000000 00:00 0          [stack:4908]
6ad71000-6ada9000 rw-p 00000000 00:00 0 
6ada9000-6adbe000 rw-p 00000000 00:00 0 
6adbe000-6aeff000 rw-p 00000000 00:00 0 
6aeff000-6af07000 rw-p 00000000 00:00 0 
6af07000-6af3f000 rw-p 00000000 00:00 0 
6af3f000-6af54000 rw-p 00000000 00:00 0 
6af54000-6b094000 rw-p 00000000 00:00 0 
6b094000-6b0c0000 rw-p 00000000 00:00 0 
6b0c0000-6b13f000 rw-p 00000000 00:00 0 
6b13f000-6c140000 rw-p 00000000 00:00 0 
6c140000-73140000 rw-p 00000000 00:00 0 
73140000-75b40000 rw-p 00000000 00:00 0 
75b40000-9dbc0000 rw-p 00000000 00:00 0 
9dbc0000-a3340000 rw-p 00000000 00:00 0 
a7b40000-b3140000 rw-p 00000000 00:00 0 
b3140000-b3149000 rw-p 00000000 00:00 0 
b3149000-b3200000 rw-p 00000000 00:00 0 
b3200000-b3440000 rwxp 00000000 00:00 0 
b3440000-b6300000 rw-p 00000000 00:00 0 
b6301000-b6302000 r--s 00000000 08:01 414147     /usr/share/java/jayatanaag.jar
b6302000-b6311000 r--s 000df000 08:01 1062595    /home/student/Android/Sdk/build-tools/23.0.3/lib/dx.jar
b6311000-b6315000 r--s 00085000 08:01 804976     /usr/lib/jvm/java-7-openjdk-i386/jre/lib/ext/localedata.jar
b6315000-b6319000 r--s 00034000 08:01 804978     /usr/lib/jvm/java-7-openjdk-i386/jre/lib/ext/sunjce_provider.jar
b6319000-b631d000 r--s 0003c000 08:01 804979     /usr/lib/jvm/java-7-openjdk-i386/jre/lib/ext/sunpkcs11.jar
b631d000-b6338000 rw-p 00000000 00:00 0 
b6338000-b6344000 r-xp 00000000 08:01 394626     /lib/i386-linux-gnu/libnss_files-2.21.so
b6344000-b6345000 r--p 0000b000 08:01 394626     /lib/i386-linux-gnu/libnss_files-2.21.so
b6345000-b6346000 rw-p 0000c000 08:01 394626     /lib/i386-linux-gnu/libnss_files-2.21.so
b6346000-b6351000 r-xp 00000000 08:01 394636     /lib/i386-linux-gnu/libnss_nis-2.21.so
b6351000-b6352000 r--p 0000a000 08:01 394636     /lib/i386-linux-gnu/libnss_nis-2.21.so
b6352000-b6353000 rw-p 0000b000 08:01 394636     /lib/i386-linux-gnu/libnss_nis-2.21.so
b6353000-b636a000 r-xp 00000000 08:01 394620     /lib/i386-linux-gnu/libnsl-2.21.so
b636a000-b636b000 r--p 00016000 08:01 394620     /lib/i386-linux-gnu/libnsl-2.21.so
b636b000-b636c000 rw-p 00017000 08:01 394620     /lib/i386-linux-gnu/libnsl-2.21.so
b636c000-b636e000 rw-p 00000000 00:00 0 
b636e000-b6376000 r-xp 00000000 08:01 394622     /lib/i386-linux-gnu/libnss_compat-2.21.so
b6376000-b6377000 r--p 00007000 08:01 394622     /lib/i386-linux-gnu/libnss_compat-2.21.so
b6377000-b6378000 rw-p 00008000 08:01 394622     /lib/i386-linux-gnu/libnss_compat-2.21.so
b6378000-b637b000 r--s 0000f000 08:01 804977     /usr/lib/jvm/java-7-openjdk-i386/jre/lib/ext/icedtea-sound.jar
b637b000-b637d000 r--s 00012000 08:01 804975     /usr/lib/jvm/java-7-openjdk-i386/jre/lib/ext/zipfs.jar
b637d000-b6385000 r-xp 00000000 08:01 804995     /usr/lib/jvm/java-7-openjdk-i386/jre/lib/i386/libzip.so
b6385000-b6386000 r--p 00007000 08:01 804995     /usr/lib/jvm/java-7-openjdk-i386/jre/lib/i386/libzip.so
b6386000-b6387000 rw-p 00008000 08:01 804995     /usr/lib/jvm/java-7-openjdk-i386/jre/lib/i386/libzip.so
b6387000-b638f000 rw-s 00000000 08:01 429748     /tmp/hsperfdata_student/4902
b638f000-b6399000 r-xp 00000000 08:01 805017     /usr/lib/jvm/java-7-openjdk-i386/jre/lib/i386/libinstrument.so
b6399000-b639a000 r--p 00009000 08:01 805017     /usr/lib/jvm/java-7-openjdk-i386/jre/lib/i386/libinstrument.so
b639a000-b639b000 rw-p 0000a000 08:01 805017     /usr/lib/jvm/java-7-openjdk-i386/jre/lib/i386/libinstrument.so
b639b000-b63c1000 r-xp 00000000 08:01 805003     /usr/lib/jvm/java-7-openjdk-i386/jre/lib/i386/libjava.so
b63c1000-b63c2000 r--p 00025000 08:01 805003     /usr/lib/jvm/java-7-openjdk-i386/jre/lib/i386/libjava.so
b63c2000-b63c3000 rw-p 00026000 08:01 805003     /usr/lib/jvm/java-7-openjdk-i386/jre/lib/i386/libjava.so
b63c3000-b63ca000 r-xp 00000000 08:01 394681     /lib/i386-linux-gnu/librt-2.21.so
b63ca000-b63cb000 r--p 00006000 08:01 394681     /lib/i386-linux-gnu/librt-2.21.so
b63cb000-b63cc000 rw-p 00007000 08:01 394681     /lib/i386-linux-gnu/librt-2.21.so
b63cc000-b63cf000 ---p 00000000 00:00 0 
b63cf000-b641d000 rw-p 00000000 00:00 0          [stack:4907]
b641d000-b6439000 r-xp 00000000 08:01 394569     /lib/i386-linux-gnu/libgcc_s.so.1
b6439000-b643a000 rw-p 0001b000 08:01 394569     /lib/i386-linux-gnu/libgcc_s.so.1
b643a000-b6485000 r-xp 00000000 08:01 394599     /lib/i386-linux-gnu/libm-2.21.so
b6485000-b6486000 r--p 0004a000 08:01 394599     /lib/i386-linux-gnu/libm-2.21.so
b6486000-b6487000 rw-p 0004b000 08:01 394599     /lib/i386-linux-gnu/libm-2.21.so
b6487000-b6570000 r-xp 00000000 08:01 137921     /usr/lib/i386-linux-gnu/libstdc++.so.6.0.20
b6570000-b6574000 r--p 000e9000 08:01 137921     /usr/lib/i386-linux-gnu/libstdc++.so.6.0.20
b6574000-b6575000 rw-p 000ed000 08:01 137921     /usr/lib/i386-linux-gnu/libstdc++.so.6.0.20
b6575000-b657c000 rw-p 00000000 00:00 0 
b657c000-b70cf000 r-xp 00000000 08:01 805013     /usr/lib/jvm/java-7-openjdk-i386/jre/lib/i386/server/libjvm.so
b70cf000-b7123000 r--p 00b52000 08:01 805013     /usr/lib/jvm/java-7-openjdk-i386/jre/lib/i386/server/libjvm.so
b7123000-b7137000 rw-p 00ba6000 08:01 805013     /usr/lib/jvm/java-7-openjdk-i386/jre/lib/i386/server/libjvm.so
b7137000-b7556000 rw-p 00000000 00:00 0 
b7556000-b756f000 r-xp 00000000 08:01 394714     /lib/i386-linux-gnu/libz.so.1.2.8
b756f000-b7570000 r--p 00019000 08:01 394714     /lib/i386-linux-gnu/libz.so.1.2.8
b7570000-b7571000 rw-p 0001a000 08:01 394714     /lib/i386-linux-gnu/libz.so.1.2.8
b7571000-b758a000 r-xp 00000000 08:01 394673     /lib/i386-linux-gnu/libpthread-2.21.so
b758a000-b758b000 r--p 00018000 08:01 394673     /lib/i386-linux-gnu/libpthread-2.21.so
b758b000-b758c000 rw-p 00019000 08:01 394673     /lib/i386-linux-gnu/libpthread-2.21.so
b758c000-b758e000 rw-p 00000000 00:00 0 
b758e000-b7591000 r-xp 00000000 08:01 394557     /lib/i386-linux-gnu/libdl-2.21.so
b7591000-b7592000 r--p 00002000 08:01 394557     /lib/i386-linux-gnu/libdl-2.21.so
b7592000-b7593000 rw-p 00003000 08:01 394557     /lib/i386-linux-gnu/libdl-2.21.so
b7593000-b7747000 r-xp 00000000 08:01 394540     /lib/i386-linux-gnu/libc-2.21.so
b7747000-b774a000 r--p 001b3000 08:01 394540     /lib/i386-linux-gnu/libc-2.21.so
b774a000-b774c000 rw-p 001b6000 08:01 394540     /lib/i386-linux-gnu/libc-2.21.so
b774c000-b774e000 rw-p 00000000 00:00 0 
b774e000-b774f000 r--s 00002000 08:01 804980     /usr/lib/jvm/java-7-openjdk-i386/jre/lib/ext/dnsns.jar
b774f000-b7751000 r--s 00006000 08:01 399091     /usr/share/java/java-atk-wrapper.jar
b7751000-b7752000 r--p 005e0000 08:01 143362     /usr/lib/locale/locale-archive
b7752000-b7753000 rw-p 00000000 00:00 0 
b7753000-b7754000 ---p 00000000 00:00 0 
b7754000-b7762000 r-xp 00000000 08:01 805022     /usr/lib/jvm/java-7-openjdk-i386/jre/lib/i386/libverify.so
b7762000-b7764000 r--p 0000d000 08:01 805022     /usr/lib/jvm/java-7-openjdk-i386/jre/lib/i386/libverify.so
b7764000-b7765000 rw-p 0000f000 08:01 805022     /usr/lib/jvm/java-7-openjdk-i386/jre/lib/i386/libverify.so
b7765000-b7771000 r-xp 00000000 08:01 805024     /usr/lib/jvm/java-7-openjdk-i386/jre/lib/i386/jli/libjli.so
b7771000-b7772000 r--p 0000b000 08:01 805024     /usr/lib/jvm/java-7-openjdk-i386/jre/lib/i386/jli/libjli.so
b7772000-b7773000 rw-p 0000c000 08:01 805024     /usr/lib/jvm/java-7-openjdk-i386/jre/lib/i386/jli/libjli.so
b7773000-b7776000 rw-p 00000000 00:00 0 
b7776000-b7778000 r--p 00000000 00:00 0          [vvar]
b7778000-b7779000 r-xp 00000000 00:00 0          [vdso]
b7779000-b779b000 r-xp 00000000 08:01 394512     /lib/i386-linux-gnu/ld-2.21.so
b779b000-b779c000 r--p 00021000 08:01 394512     /lib/i386-linux-gnu/ld-2.21.so
b779c000-b779d000 rw-p 00022000 08:01 394512     /lib/i386-linux-gnu/ld-2.21.so
bfe83000-bfe84000 rwxp 00000000 00:00 0 
bfeb5000-bfed7000 rw-p 00000000 00:00 0          [stack]

VM Arguments:
jvm_args: -javaagent:/usr/share/java/jayatanaag.jar -Djava.awt.headless=true -Xmx1024M -Dfile.encoding=UTF-8 -Duser.country=US -Duser.language=en -Duser.variant 
java_command: com.android.dx.command.Main --dex --num-threads=4 --multi-dex --output /home/student/test/HealthyBit/app/build/intermediates/transforms/dex/debug/folders/1000/10/com.mbientlab-metawear-2.5.9_3a90c87d0473f367b2fe51cd28f65a6fc5d3d92d /home/student/test/HealthyBit/app/build/intermediates/exploded-aar/com.mbientlab/metawear/2.5.9/jars/classes.jar
Launcher Type: SUN_STANDARD

Environment Variables:
JAVA_TOOL_OPTIONS=-javaagent:/usr/share/java/jayatanaag.jar 
PATH=/home/student/.linuxbrew/bin:/usr/local/sbin:/usr/local/bin:/usr/sbin:/usr/bin:/sbin:/bin:/usr/games:/usr/local/games:/etc/android-studio/bin/:/home/student/Android/Sdk/platform-tools:/home/student/Android/Sdk/tools
LD_LIBRARY_PATH=/etc/android-studio/bin:
SHELL=/bin/bash
DISPLAY=:0

Signal Handlers:
SIGSEGV: [libjvm.so+0x7f7d00], sa_mask[0]=0x7ffbfeff, sa_flags=0x10000004
SIGBUS: [libjvm.so+0x7f7d00], sa_mask[0]=0x7ffbfeff, sa_flags=0x10000004
SIGFPE: [libjvm.so+0x67a9d0], sa_mask[0]=0x7ffbfeff, sa_flags=0x10000004
SIGPIPE: [libjvm.so+0x67a9d0], sa_mask[0]=0x7ffbfeff, sa_flags=0x10000004
SIGXFSZ: [libjvm.so+0x67a9d0], sa_mask[0]=0x7ffbfeff, sa_flags=0x10000004
SIGILL: [libjvm.so+0x67a9d0], sa_mask[0]=0x7ffbfeff, sa_flags=0x10000004
SIGUSR1: SIG_DFL, sa_mask[0]=0x00000000, sa_flags=0x00000000
SIGUSR2: [libjvm.so+0x67a820], sa_mask[0]=0x00000004, sa_flags=0x10000004
SIGHUP: [libjvm.so+0x67aa80], sa_mask[0]=0x7ffbfeff, sa_flags=0x10000004
SIGINT: [libjvm.so+0x67aa80], sa_mask[0]=0x7ffbfeff, sa_flags=0x10000004
SIGTERM: [libjvm.so+0x67aa80], sa_mask[0]=0x7ffbfeff, sa_flags=0x10000004
SIGQUIT: [libjvm.so+0x67aa80], sa_mask[0]=0x7ffbfeff, sa_flags=0x10000004
SIGTRAP: SIG_DFL, sa_mask[0]=0x00000000, sa_flags=0x00000000


---------------  S Y S T E M  ---------------

OS:Ubuntu 15.04 (vivid)
uname:Linux 3.19.0-18-generic #18-Ubuntu SMP Tue May 19 18:30:59 UTC 2015 i686
libc:glibc 2.21 NPTL 2.21 
rlimit: STACK 8192k, CORE 0k, NPROC 32177, NOFILE 65536, AS infinity
load average:10.64 6.43 4.10

/proc/meminfo:
MemTotal:        4139540 kB
MemFree:          270804 kB
MemAvailable:     211596 kB
Buffers:           12692 kB
Cached:            73464 kB
SwapCached:            0 kB
Active:          3462260 kB
Inactive:          60792 kB
Active(anon):    3438060 kB
Inactive(anon):    37620 kB
Active(file):      24200 kB
Inactive(file):    23172 kB
Unevictable:          32 kB
Mlocked:              32 kB
HighTotal:       3280776 kB
HighFree:          82212 kB
LowTotal:         858764 kB
LowFree:          188592 kB
SwapTotal:             0 kB
SwapFree:              0 kB
Dirty:               248 kB
Writeback:             0 kB
AnonPages:       3437120 kB
Mapped:            52636 kB
Shmem:             38796 kB
Slab:              49280 kB
SReclaimable:      23524 kB
SUnreclaim:        25756 kB
KernelStack:        5376 kB
PageTables:        14856 kB
NFS_Unstable:          0 kB
Bounce:                0 kB
WritebackTmp:          0 kB
CommitLimit:     2069768 kB
Committed_AS:    6262464 kB
VmallocTotal:     122880 kB
VmallocUsed:       23416 kB
VmallocChunk:      49124 kB
AnonHugePages:   2648064 kB
CmaTotal:              0 kB
CmaFree:               0 kB
HugePages_Total:       0
HugePages_Free:        0
HugePages_Rsvd:        0
HugePages_Surp:        0
Hugepagesize:       2048 kB
DirectMap4k:       61432 kB
DirectMap2M:      851968 kB


CPU:total 4 (1 cores per cpu, 1 threads per core) family 6 model 58 stepping 9, cmov, cx8, fxsr, mmx, sse, sse2, sse3, ssse3, sse4.1, sse4.2, popcnt, avx, aes, erms, tsc, tscinvbit, tscinv

/proc/cpuinfo:
processor	: 0
vendor_id	: GenuineIntel
cpu family	: 6
model		: 58
model name	: Intel(R) Core(TM) i5-3210M CPU @ 2.50GHz
stepping	: 9
microcode	: 0x15
cpu MHz		: 2494.111
cache size	: 3072 KB
physical id	: 0
siblings	: 1
core id		: 0
cpu cores	: 1
apicid		: 0
initial apicid	: 0
fdiv_bug	: no
f00f_bug	: no
coma_bug	: no
fpu		: yes
fpu_exception	: yes
cpuid level	: 13
wp		: yes
flags		: fpu vme de pse tsc msr pae mce cx8 apic sep mtrr pge mca cmov pat pse36 clflush dts mmx fxsr sse sse2 ss nx rdtscp lm constant_tsc arch_perfmon pebs bts xtopology tsc_reliable nonstop_tsc aperfmperf pni pclmulqdq ssse3 cx16 pcid sse4_1 sse4_2 x2apic popcnt tsc_deadline_timer aes xsave avx f16c rdrand hypervisor lahf_lm ida arat epb pln pts dtherm fsgsbase tsc_adjust smep
bugs		:
bogomips	: 4988.22
clflush size	: 64
cache_alignment	: 64
address sizes	: 42 bits physical, 48 bits virtual
power management:

processor	: 1
vendor_id	: GenuineIntel
cpu family	: 6
model		: 58
model name	: Intel(R) Core(TM) i5-3210M CPU @ 2.50GHz
stepping	: 9
microcode	: 0x15
cpu MHz		: 2494.111
cache size	: 3072 KB
physical id	: 2
siblings	: 1
core id		: 0
cpu cores	: 1
apicid		: 2
initial apicid	: 2
fdiv_bug	: no
f00f_bug	: no
coma_bug	: no
fpu		: yes
fpu_exception	: yes
cpuid level	: 13
wp		: yes
flags		: fpu vme de pse tsc msr pae mce cx8 apic sep mtrr pge mca cmov pat pse36 clflush dts mmx fxsr sse sse2 ss nx rdtscp lm constant_tsc arch_perfmon pebs bts xtopology tsc_reliable nonstop_tsc aperfmperf pni pclmulqdq ssse3 cx16 pcid sse4_1 sse4_2 x2apic popcnt tsc_deadline_timer aes xsave avx f16c rdrand hypervisor lahf_lm ida arat epb pln pts dtherm fsgsbase tsc_adjust smep
bugs		:
bogomips	: 4988.22
clflush size	: 64
cache_alignment	: 64
address sizes	: 42 bits physical, 48 bits virtual
power management:

processor	: 2
vendor_id	: GenuineIntel
cpu family	: 6
model		: 58
model name	: Intel(R) Core(TM) i5-3210M CPU @ 2.50GHz
stepping	: 9
microcode	: 0x15
cpu MHz		: 2494.111
cache size	: 3072 KB
physical id	: 4
siblings	: 1
core id		: 0
cpu cores	: 1
apicid		: 4
initial apicid	: 4
fdiv_bug	: no
f00f_bug	: no
coma_bug	: no
fpu		: yes
fpu_exception	: yes
cpuid level	: 13
wp		: yes
flags		: fpu vme de pse tsc msr pae mce cx8 apic sep mtrr pge mca cmov pat pse36 clflush dts mmx fxsr sse sse2 ss nx rdtscp lm constant_tsc arch_perfmon pebs bts xtopology tsc_reliable nonstop_tsc aperfmperf pni pclmulqdq ssse3 cx16 pcid sse4_1 sse4_2 x2apic popcnt tsc_deadline_timer aes xsave avx f16c rdrand hypervisor lahf_lm ida arat epb pln pts dtherm fsgsbase tsc_adjust smep
bugs		:
bogomips	: 4988.22
clflush size	: 64
cache_alignment	: 64
address sizes	: 42 bits physical, 48 bits virtual
power management:

processor	: 3
vendor_id	: GenuineIntel
cpu family	: 6
model		: 58
model name	: Intel(R) Core(TM) i5-3210M CPU @ 2.50GHz
stepping	: 9
microcode	: 0x15
cpu MHz		: 2494.111
cache size	: 3072 KB
physical id	: 6
siblings	: 1
core id		: 0
cpu cores	: 1
apicid		: 6
initial apicid	: 6
fdiv_bug	: no
f00f_bug	: no
coma_bug	: no
fpu		: yes
fpu_exception	: yes
cpuid level	: 13
wp		: yes
flags		: fpu vme de pse tsc msr pae mce cx8 apic sep mtrr pge mca cmov pat pse36 clflush dts mmx fxsr sse sse2 ss nx rdtscp lm constant_tsc arch_perfmon pebs bts xtopology tsc_reliable nonstop_tsc aperfmperf pni pclmulqdq ssse3 cx16 pcid sse4_1 sse4_2 x2apic popcnt tsc_deadline_timer aes xsave avx f16c rdrand hypervisor lahf_lm ida arat epb pln pts dtherm fsgsbase tsc_adjust smep
bugs		:
bogomips	: 4988.22
clflush size	: 64
cache_alignment	: 64
address sizes	: 42 bits physical, 48 bits virtual
power management:



Memory: 4k page, physical 4139540k(270556k free), swap 0k(0k free)

vm_info: OpenJDK Server VM (24.91-b01) for linux-x86 JRE (1.7.0_91-b02), built on Nov 19 2015 06:25:06 by "buildd" with gcc 4.9.2

time: Tue May  3 15:58:54 2016
elapsed time: 19 seconds

