#
# There is insufficient memory for the Java Runtime Environment to continue.
# Native memory allocation (malloc) failed to allocate 959824 bytes for Chunk::new
# Possible reasons:
#   The system is out of physical RAM or swap space
#   In 32 bit mode, the process size limit was hit
# Possible solutions:
#   Reduce memory load on the system
#   Increase physical memory or swap space
#   Check if swap backing store is full
#   Use 64 bit Java on a 64 bit OS
#   Decrease Java heap size (-Xmx/-Xms)
#   Decrease number of Java threads
#   Decrease Java thread stack sizes (-Xss)
#   Set larger code cache with -XX:ReservedCodeCacheSize=
# This output file may be truncated or incomplete.
#
#  Out of Memory Error (allocation.cpp:326), pid=9604, tid=1732324160
#
# JRE version: OpenJDK Runtime Environment (7.0_91-b02) (build 1.7.0_91-b02)
# Java VM: OpenJDK Server VM (24.91-b01 mixed mode linux-x86 )
# Derivative: IcedTea 2.6.3
# Distribution: Ubuntu 15.04, package 7u91-2.6.3-0ubuntu0.15.04.1
# Failed to write core dump. Core dumps have been disabled. To enable core dumping, try "ulimit -c unlimited" before starting Java again
#

---------------  T H R E A D  ---------------

Current thread (0x67aeb400):  JavaThread "C2 CompilerThread0" daemon [_thread_in_native, id=9632, stack(0x67392000,0x67413000)]

Stack: [0x67392000,0x67413000]

Current CompileTask:
C2:  29206  468             com.android.dx.rop.code.Rops::ropFor (771 bytes)


---------------  P R O C E S S  ---------------

Java Threads: ( => current thread )
  0x67146c00 JavaThread "pool-1-thread-4" [_thread_blocked, id=9645, stack(0x668c3000,0x66914000)]
  0x67145c00 JavaThread "pool-1-thread-3" [_thread_blocked, id=9644, stack(0x66914000,0x66965000)]
  0x67145000 JavaThread "pool-1-thread-2" [_thread_blocked, id=9643, stack(0x66965000,0x669b6000)]
  0x67142000 JavaThread "pool-2-thread-1" [_thread_blocked, id=9642, stack(0x669b6000,0x66a07000)]
  0x6713fc00 JavaThread "pool-1-thread-1" [_thread_blocked, id=9641, stack(0x66a07000,0x66a58000)]
  0x67aee400 JavaThread "Service Thread" daemon [_thread_blocked, id=9634, stack(0x672c0000,0x67311000)]
  0x67aec800 JavaThread "C2 CompilerThread1" daemon [_thread_blocked, id=9633, stack(0x67311000,0x67392000)]
=>0x67aeb400 JavaThread "C2 CompilerThread0" daemon [_thread_in_native, id=9632, stack(0x67392000,0x67413000)]
  0x67a98400 JavaThread "Signal Dispatcher" daemon [_thread_blocked, id=9630, stack(0x6755e000,0x675af000)]
  0x67a85400 JavaThread "Finalizer" daemon [_thread_blocked, id=9627, stack(0x677af000,0x67800000)]
  0x67a83c00 JavaThread "Reference Handler" daemon [_thread_blocked, id=9626, stack(0x6a72e000,0x6a77f000)]
  0xb6208400 JavaThread "main" [_thread_blocked, id=9607, stack(0xb63ff000,0xb6450000)]

Other Threads:
  0x67a81400 VMThread [stack: 0x67b4d000,0x67bce000] [id=9620]
  0x67af0800 WatcherThread [stack: 0x6723f000,0x672c0000] [id=9635]

VM state:at safepoint (normal execution)

VM Mutex/Monitor currently owned by a thread:  ([mutex/lock_event])
[0xb6205e00] Threads_lock - owner thread: 0x67a81400
[0xb6206210] Heap_lock - owner thread: 0x67145000

Heap
 PSYoungGen      total 142848K, used 142833K [0x9dbc0000, 0xa85c0000, 0xb3140000)
  eden space 126208K, 100% used [0x9dbc0000,0xa5700000,0xa5700000)
  from space 16640K, 99% used [0xa6c00000,0xa7c3c590,0xa7c40000)
  to   space 21504K, 99% used [0xa5700000,0xa6bffa20,0xa6c00000)
 ParOldGen       total 43008K, used 35587K [0x73140000, 0x75b40000, 0x9dbc0000)
  object space 43008K, 82% used [0x73140000,0x75400fb8,0x75b40000)
 PSPermGen       total 16384K, used 4354K [0x6b140000, 0x6c140000, 0x73140000)
  object space 16384K, 26% used [0x6b140000,0x6b5808a0,0x6c140000)

Card table byte_map: [0x6aeff000,0x6b140000] byte_map_base: 0x6aba6600

Polling page: 0xb7786000

Code Cache  [0xb3200000, 0xb3440000, 0xb6200000)
 total_blobs=570 nmethods=447 adapters=76 free_code_cache=47427Kb largest_free_block=48518528

Compilation events (10 events):
Event: 27.997 Thread 0x67aeb400 nmethod 463 0xb33a44c8 code [0xb33a45c0, 0xb33a4810]
Event: 27.997 Thread 0x67aeb400  464             com.android.dx.cf.code.BasicBlocker::visitCommon (34 bytes)
Event: 27.999 Thread 0x67aeb400 nmethod 464 0xb33a4008 code [0xb33a4100, 0xb33a4270]
Event: 27.999 Thread 0x67aeb400  465             com.android.dx.cf.code.BaseMachine::resultCount (22 bytes)
Event: 28.012 Thread 0x67aeb400 nmethod 465 0xb33a4948 code [0xb33a4a40, 0xb33a4a90]
Event: 28.012 Thread 0x67aeb400  466             com.android.dx.cf.code.Simulator$SimVisitor::setPreviousOffset (6 bytes)
Event: 28.012 Thread 0x67aeb400 nmethod 466 0xb336d188 code [0xb336d260, 0xb336d2b0]
Event: 28.012 Thread 0x67aeb400  467             com.android.dx.cf.code.BaseMachine::argCount (5 bytes)
Event: 28.014 Thread 0x67aeb400 nmethod 467 0xb331a388 code [0xb331a460, 0xb331a4b0]
Event: 28.014 Thread 0x67aeb400  468             com.android.dx.rop.code.Rops::ropFor (771 bytes)

GC Heap History (10 events):
Event: 5.354 GC heap after
Heap after GC invocations=4 (full 0):
 PSYoungGen      total 35840K, used 2555K [0x9dbc0000, 0xa0140000, 0xb3140000)
  eden space 33280K, 0% used [0x9dbc0000,0x9dbc0000,0x9fc40000)
  from space 2560K, 99% used [0x9fec0000,0xa013ec48,0xa0140000)
  to   space 2560K, 0% used [0x9fc40000,0x9fc40000,0x9fec0000)
 ParOldGen       total 43008K, used 7573K [0x73140000, 0x75b40000, 0x9dbc0000)
  object space 43008K, 17% used [0x73140000,0x738a56e8,0x75b40000)
 PSPermGen       total 16384K, used 4230K [0x6b140000, 0x6c140000, 0x73140000)
  object space 16384K, 25% used [0x6b140000,0x6b561a78,0x6c140000)
}
Event: 13.125 GC heap before
{Heap before GC invocations=5 (full 0):
 PSYoungGen      total 35840K, used 35835K [0x9dbc0000, 0xa0140000, 0xb3140000)
  eden space 33280K, 100% used [0x9dbc0000,0x9fc40000,0x9fc40000)
  from space 2560K, 99% used [0x9fec0000,0xa013ec48,0xa0140000)
  to   space 2560K, 0% used [0x9fc40000,0x9fc40000,0x9fec0000)
 ParOldGen       total 43008K, used 7573K [0x73140000, 0x75b40000, 0x9dbc0000)
  object space 43008K, 17% used [0x73140000,0x738a56e8,0x75b40000)
 PSPermGen       total 16384K, used 4250K [0x6b140000, 0x6c140000, 0x73140000)
  object space 16384K, 25% used [0x6b140000,0x6b5669d8,0x6c140000)
Event: 13.332 GC heap after
Heap after GC invocations=5 (full 0):
 PSYoungGen      total 35840K, used 2554K [0x9dbc0000, 0xa2f40000, 0xb3140000)
  eden space 33280K, 0% used [0x9dbc0000,0x9dbc0000,0x9fc40000)
  from space 2560K, 99% used [0x9fc40000,0x9febe9c0,0x9fec0000)
  to   space 9472K, 0% used [0xa2600000,0xa2600000,0xa2f40000)
 ParOldGen       total 43008K, used 12456K [0x73140000, 0x75b40000, 0x9dbc0000)
  object space 43008K, 28% used [0x73140000,0x73d6a068,0x75b40000)
 PSPermGen       total 16384K, used 4250K [0x6b140000, 0x6c140000, 0x73140000)
  object space 16384K, 25% used [0x6b140000,0x6b5669d8,0x6c140000)
}
Event: 15.812 GC heap before
{Heap before GC invocations=6 (full 0):
 PSYoungGen      total 35840K, used 35834K [0x9dbc0000, 0xa2f40000, 0xb3140000)
  eden space 33280K, 100% used [0x9dbc0000,0x9fc40000,0x9fc40000)
  from space 2560K, 99% used [0x9fc40000,0x9febe9c0,0x9fec0000)
  to   space 9472K, 0% used [0xa2600000,0xa2600000,0xa2f40000)
 ParOldGen       total 43008K, used 12456K [0x73140000, 0x75b40000, 0x9dbc0000)
  object space 43008K, 28% used [0x73140000,0x73d6a068,0x75b40000)
 PSPermGen       total 16384K, used 4268K [0x6b140000, 0x6c140000, 0x73140000)
  object space 16384K, 26% used [0x6b140000,0x6b56b218,0x6c140000)
Event: 15.871 GC heap after
Heap after GC invocations=6 (full 0):
 PSYoungGen      total 75008K, used 8191K [0x9dbc0000, 0xa3140000, 0xb3140000)
  eden space 65536K, 0% used [0x9dbc0000,0x9dbc0000,0xa1bc0000)
  from space 9472K, 86% used [0xa2600000,0xa2dffe18,0xa2f40000)
  to   space 10496K, 0% used [0xa1bc0000,0xa1bc0000,0xa2600000)
 ParOldGen       total 43008K, used 12456K [0x73140000, 0x75b40000, 0x9dbc0000)
  object space 43008K, 28% used [0x73140000,0x73d6a068,0x75b40000)
 PSPermGen       total 16384K, used 4268K [0x6b140000, 0x6c140000, 0x73140000)
  object space 16384K, 26% used [0x6b140000,0x6b56b218,0x6c140000)
}
Event: 19.352 GC heap before
{Heap before GC invocations=7 (full 0):
 PSYoungGen      total 75008K, used 73727K [0x9dbc0000, 0xa3140000, 0xb3140000)
  eden space 65536K, 100% used [0x9dbc0000,0xa1bc0000,0xa1bc0000)
  from space 9472K, 86% used [0xa2600000,0xa2dffe18,0xa2f40000)
  to   space 10496K, 0% used [0xa1bc0000,0xa1bc0000,0xa2600000)
 ParOldGen       total 43008K, used 12456K [0x73140000, 0x75b40000, 0x9dbc0000)
  object space 43008K, 28% used [0x73140000,0x73d6a068,0x75b40000)
 PSPermGen       total 16384K, used 4298K [0x6b140000, 0x6c140000, 0x73140000)
  object space 16384K, 26% used [0x6b140000,0x6b5728f0,0x6c140000)
Event: 19.682 GC heap after
Heap after GC invocations=7 (full 0):
 PSYoungGen      total 76032K, used 10486K [0x9dbc0000, 0xa7c40000, 0xb3140000)
  eden space 65536K, 0% used [0x9dbc0000,0x9dbc0000,0xa1bc0000)
  from space 10496K, 99% used [0xa1bc0000,0xa25fdb08,0xa2600000)
  to   space 16640K, 0% used [0xa6c00000,0xa6c00000,0xa7c40000)
 ParOldGen       total 43008K, used 20934K [0x73140000, 0x75b40000, 0x9dbc0000)
  object space 43008K, 48% used [0x73140000,0x745b1958,0x75b40000)
 PSPermGen       total 16384K, used 4298K [0x6b140000, 0x6c140000, 0x73140000)
  object space 16384K, 26% used [0x6b140000,0x6b5728f0,0x6c140000)
}
Event: 22.769 GC heap before
{Heap before GC invocations=8 (full 0):
 PSYoungGen      total 76032K, used 76022K [0x9dbc0000, 0xa7c40000, 0xb3140000)
  eden space 65536K, 100% used [0x9dbc0000,0xa1bc0000,0xa1bc0000)
  from space 10496K, 99% used [0xa1bc0000,0xa25fdb08,0xa2600000)
  to   space 16640K, 0% used [0xa6c00000,0xa6c00000,0xa7c40000)
 ParOldGen       total 43008K, used 20934K [0x73140000, 0x75b40000, 0x9dbc0000)
  object space 43008K, 48% used [0x73140000,0x745b1958,0x75b40000)
 PSPermGen       total 16384K, used 4315K [0x6b140000, 0x6c140000, 0x73140000)
  object space 16384K, 26% used [0x6b140000,0x6b576e08,0x6c140000)
Event: 23.021 GC heap after
Heap after GC invocations=8 (full 0):
 PSYoungGen      total 142848K, used 16625K [0x9dbc0000, 0xa85c0000, 0xb3140000)
  eden space 126208K, 0% used [0x9dbc0000,0x9dbc0000,0xa5700000)
  from space 16640K, 99% used [0xa6c00000,0xa7c3c590,0xa7c40000)
  to   space 21504K, 0% used [0xa5700000,0xa5700000,0xa6c00000)
 ParOldGen       total 43008K, used 25091K [0x73140000, 0x75b40000, 0x9dbc0000)
  object space 43008K, 58% used [0x73140000,0x749c0e90,0x75b40000)
 PSPermGen       total 16384K, used 4315K [0x6b140000, 0x6c140000, 0x73140000)
  object space 16384K, 26% used [0x6b140000,0x6b576e08,0x6c140000)
}
Event: 29.007 GC heap before
{Heap before GC invocations=9 (full 0):
 PSYoungGen      total 142848K, used 142833K [0x9dbc0000, 0xa85c0000, 0xb3140000)
  eden space 126208K, 100% used [0x9dbc0000,0xa5700000,0xa5700000)
  from space 16640K, 99% used [0xa6c00000,0xa7c3c590,0xa7c40000)
  to   space 21504K, 0% used [0xa5700000,0xa5700000,0xa6c00000)
 ParOldGen       total 43008K, used 25091K [0x73140000, 0x75b40000, 0x9dbc0000)
  object space 43008K, 58% used [0x73140000,0x749c0e90,0x75b40000)
 PSPermGen       total 16384K, used 4354K [0x6b140000, 0x6c140000, 0x73140000)
  object space 16384K, 26% used [0x6b140000,0x6b5808a0,0x6c140000)

Deoptimization events (10 events):
Event: 21.562 Thread 0x6713fc00 Uncommon trap: reason=bimorphic action=maybe_recompile pc=0xb3332688 method=com.android.dx.ssa.SCCP.setLatticeValueTo(IILcom/android/dx/rop/cst/Constant;)Z @ 43
Event: 22.307 Thread 0x67146c00 Uncommon trap: reason=bimorphic action=maybe_recompile pc=0xb33542bc method=com.android.dx.cf.code.BytecodeArray.parseInstruction(ILcom/android/dx/cf/code/BytecodeArray$Visitor;)I @ 1161
Event: 22.307 Thread 0x67146c00 Uncommon trap: reason=bimorphic action=maybe_recompile pc=0xb33542bc method=com.android.dx.cf.code.BytecodeArray.parseInstruction(ILcom/android/dx/cf/code/BytecodeArray$Visitor;)I @ 1161
Event: 22.330 Thread 0x6713fc00 Uncommon trap: reason=bimorphic action=maybe_recompile pc=0xb3355c24 method=com.android.dx.cf.code.BytecodeArray.parseInstruction(ILcom/android/dx/cf/code/BytecodeArray$Visitor;)I @ 2135
Event: 22.331 Thread 0x6713fc00 Uncommon trap: reason=bimorphic action=maybe_recompile pc=0xb3355c24 method=com.android.dx.cf.code.BytecodeArray.parseInstruction(ILcom/android/dx/cf/code/BytecodeArray$Visitor;)I @ 2135
Event: 22.735 Thread 0x6713fc00 Uncommon trap: reason=unstable_if action=reinterpret pc=0xb32b98e0 method=com.android.dx.ssa.Dominators.run()V @ 346
Event: 23.129 Thread 0x67145c00 Uncommon trap: reason=unstable_if action=reinterpret pc=0xb3270ec4 method=com.android.dx.ssa.MoveParamCombiner$1.visitNonMoveInsn(Lcom/android/dx/ssa/NormalSsaInsn;)V @ 27
Event: 24.049 Thread 0x6713fc00 Uncommon trap: reason=bimorphic action=maybe_recompile pc=0xb32fbdec method=com.android.dx.ssa.LiteralOpUpgrader.tryReplacingWithConstant(Lcom/android/dx/ssa/NormalSsaInsn;)Z @ 62
Event: 24.153 Thread 0x6713fc00 Uncommon trap: reason=bimorphic action=maybe_recompile pc=0xb32fbdec method=com.android.dx.ssa.LiteralOpUpgrader.tryReplacingWithConstant(Lcom/android/dx/ssa/NormalSsaInsn;)Z @ 62
Event: 24.566 Thread 0x67146c00 Uncommon trap: reason=bimorphic action=maybe_recompile pc=0xb3332688 method=com.android.dx.ssa.SCCP.setLatticeValueTo(IILcom/android/dx/rop/cst/Constant;)Z @ 43

Internal exceptions (10 events):
Event: 1.683 Thread 0x6713fc00 Threw 0x9e64d0b8 at /build/openjdk-7-PdBaKN/openjdk-7-7u91-2.6.3/build/openjdk/hotspot/src/share/vm/prims/jvm.cpp:1322
Event: 1.821 Thread 0xb6208400 Threw 0x9e7f7878 at /build/openjdk-7-PdBaKN/openjdk-7-7u91-2.6.3/build/openjdk/hotspot/src/share/vm/prims/jvm.cpp:1322
Event: 2.728 Thread 0x67146c00 Threw 0x9dffd548 at /build/openjdk-7-PdBaKN/openjdk-7-7u91-2.6.3/build/openjdk/hotspot/src/share/vm/prims/jvm.cpp:1322
Event: 12.464 Thread 0xb6208400 Implicit null exception at 0xb3286c22 to 0xb32871a9
Event: 12.662 Thread 0xb6208400 Threw 0x9f780290 at /build/openjdk-7-PdBaKN/openjdk-7-7u91-2.6.3/build/openjdk/hotspot/src/share/vm/prims/jvm.cpp:1322
Event: 13.393 Thread 0x67145000 Threw 0x9ddcb4c0 at /build/openjdk-7-PdBaKN/openjdk-7-7u91-2.6.3/build/openjdk/hotspot/src/share/vm/prims/jvm.cpp:1322
Event: 14.312 Thread 0x67145000 Implicit null exception at 0xb32f70cc to 0xb32f9f5d
Event: 14.477 Thread 0x67145000 Threw 0x9eb87690 at /build/openjdk-7-PdBaKN/openjdk-7-7u91-2.6.3/build/openjdk/hotspot/src/share/vm/prims/jvm.cpp:1322
Event: 18.682 Thread 0xb6208400 Threw 0xa0f547c8 at /build/openjdk-7-PdBaKN/openjdk-7-7u91-2.6.3/build/openjdk/hotspot/src/share/vm/prims/jvm.cpp:1322
Event: 19.965 Thread 0x67145c00 Implicit null exception at 0xb331a299 to 0xb331a395

Events (10 events):
Event: 24.050 Thread 0x6713fc00 DEOPT PACKING pc=0xb32fbdec sp=0x66a56b60
Event: 24.103 Thread 0x6713fc00 DEOPT UNPACKING pc=0xb322cbc8 sp=0x66a56ae4 mode 2
Event: 24.153 Thread 0x6713fc00 Uncommon trap: trap_request=0xffffffc6 fr.pc=0xb32fbdec
Event: 24.153 Thread 0x6713fc00 DEOPT PACKING pc=0xb32fbdec sp=0x66a56b20
Event: 24.153 Thread 0x6713fc00 DEOPT UNPACKING pc=0xb322cbc8 sp=0x66a56aa4 mode 2
Event: 24.566 Thread 0x67146c00 Uncommon trap: trap_request=0xffffffc6 fr.pc=0xb3332688
Event: 24.566 Thread 0x67146c00 DEOPT PACKING pc=0xb3332688 sp=0x66912bf0
Event: 24.566 Thread 0x67146c00 DEOPT UNPACKING pc=0xb322cbc8 sp=0x66912b60 mode 2
Event: 26.747 Thread 0x67aeb400 flushing nmethod 0xb331a188
Event: 28.972 Executing VM operation: ParallelGCFailedAllocation


Dynamic libraries:
08048000-08049000 r-xp 00000000 08:01 804961     /usr/lib/jvm/java-7-openjdk-i386/jre/bin/java
08049000-0804a000 r--p 00000000 08:01 804961     /usr/lib/jvm/java-7-openjdk-i386/jre/bin/java
0804a000-0804b000 rw-p 00001000 08:01 804961     /usr/lib/jvm/java-7-openjdk-i386/jre/bin/java
0812a000-081f2000 rw-p 00000000 00:00 0          [heap]
65300000-653fa000 rw-p 00000000 00:00 0 
653fa000-65400000 ---p 00000000 00:00 0 
65500000-655fb000 rw-p 00000000 00:00 0 
655fb000-65600000 ---p 00000000 00:00 0 
65600000-656fd000 rw-p 00000000 00:00 0 
656fd000-65700000 ---p 00000000 00:00 0 
65700000-657e7000 rw-p 00000000 00:00 0 
657e7000-65800000 ---p 00000000 00:00 0 
65800000-658ff000 rw-p 00000000 00:00 0 
658ff000-65900000 ---p 00000000 00:00 0 
65900000-659f9000 rw-p 00000000 00:00 0 
659f9000-65a00000 ---p 00000000 00:00 0 
65b00000-65bfd000 rw-p 00000000 00:00 0 
65bfd000-65c00000 ---p 00000000 00:00 0 
65c00000-65cff000 rw-p 00000000 00:00 0 
65cff000-65d00000 ---p 00000000 00:00 0 
65d00000-65dfc000 rw-p 00000000 00:00 0 
65dfc000-65e00000 ---p 00000000 00:00 0 
65f00000-660fc000 rw-p 00000000 00:00 0 
660fc000-66100000 ---p 00000000 00:00 0 
66100000-661fe000 rw-p 00000000 00:00 0 
661fe000-66200000 ---p 00000000 00:00 0 
66200000-662fd000 rw-p 00000000 00:00 0 
662fd000-66300000 ---p 00000000 00:00 0 
66300000-663f9000 rw-p 00000000 00:00 0 
663f9000-66400000 ---p 00000000 00:00 0 
66400000-664fd000 rw-p 00000000 00:00 0 
664fd000-66500000 ---p 00000000 00:00 0 
66500000-665ed000 rw-p 00000000 00:00 0 
665ed000-66600000 ---p 00000000 00:00 0 
66600000-666ff000 rw-p 00000000 00:00 0 
666ff000-66700000 ---p 00000000 00:00 0 
66700000-667fd000 rw-p 00000000 00:00 0 
667fd000-66800000 ---p 00000000 00:00 0 
668c3000-668c6000 ---p 00000000 00:00 0 
668c6000-66914000 rw-p 00000000 00:00 0          [stack:9645]
66914000-66917000 ---p 00000000 00:00 0 
66917000-66965000 rw-p 00000000 00:00 0          [stack:9644]
66965000-66968000 ---p 00000000 00:00 0 
66968000-669b6000 rw-p 00000000 00:00 0          [stack:9643]
669b6000-669b9000 ---p 00000000 00:00 0 
669b9000-66a07000 rw-p 00000000 00:00 0          [stack:9642]
66a07000-66a0a000 ---p 00000000 00:00 0 
66a0a000-66c19000 rw-p 00000000 00:00 0          [stack:9641]
66c19000-66d3f000 r-xp 00000000 08:01 394573     /lib/i386-linux-gnu/libglib-2.0.so.0.4400.0
66d3f000-66d40000 r--p 00125000 08:01 394573     /lib/i386-linux-gnu/libglib-2.0.so.0.4400.0
66d40000-66d41000 rw-p 00126000 08:01 394573     /lib/i386-linux-gnu/libglib-2.0.so.0.4400.0
66d41000-66efa000 r-xp 00000000 08:01 137357     /usr/lib/i386-linux-gnu/libgio-2.0.so.0.4400.0
66efa000-66efd000 r--p 001b8000 08:01 137357     /usr/lib/i386-linux-gnu/libgio-2.0.so.0.4400.0
66efd000-66eff000 rw-p 001bb000 08:01 137357     /usr/lib/i386-linux-gnu/libgio-2.0.so.0.4400.0
66eff000-66f00000 rw-p 00000000 00:00 0 
66f00000-66ff6000 rw-p 00000000 00:00 0 
66ff6000-67000000 ---p 00000000 00:00 0 
67031000-670a1000 r-xp 00000000 08:01 394656     /lib/i386-linux-gnu/libpcre.so.3.13.1
670a1000-670a2000 r--p 0006f000 08:01 394656     /lib/i386-linux-gnu/libpcre.so.3.13.1
670a2000-670a3000 rw-p 00070000 08:01 394656     /lib/i386-linux-gnu/libpcre.so.3.13.1
670a3000-670fe000 r-xp 00000000 08:01 137385     /usr/lib/i386-linux-gnu/libgobject-2.0.so.0.4400.0
670fe000-670ff000 r--p 0005b000 08:01 137385     /usr/lib/i386-linux-gnu/libgobject-2.0.so.0.4400.0
670ff000-67100000 rw-p 0005c000 08:01 137385     /usr/lib/i386-linux-gnu/libgobject-2.0.so.0.4400.0
67100000-6716a000 rw-p 00000000 00:00 0 
6716a000-67200000 ---p 00000000 00:00 0 
67226000-6723a000 r-xp 00000000 08:01 394679     /lib/i386-linux-gnu/libresolv-2.21.so
6723a000-6723c000 r--p 00013000 08:01 394679     /lib/i386-linux-gnu/libresolv-2.21.so
6723c000-6723d000 rw-p 00015000 08:01 394679     /lib/i386-linux-gnu/libresolv-2.21.so
6723d000-6723f000 rw-p 00000000 00:00 0 
6723f000-67240000 ---p 00000000 00:00 0 
67240000-672c0000 rw-p 00000000 00:00 0          [stack:9635]
672c0000-672c3000 ---p 00000000 00:00 0 
672c3000-67311000 rw-p 00000000 00:00 0          [stack:9634]
67311000-67314000 ---p 00000000 00:00 0 
67314000-67392000 rw-p 00000000 00:00 0          [stack:9633]
67392000-67395000 ---p 00000000 00:00 0 
67395000-67413000 rw-p 00000000 00:00 0          [stack:9632]
67413000-6755a000 r-xp 00000000 08:01 136931     /usr/lib/i386-linux-gnu/libX11.so.6.3.0
6755a000-6755b000 r--p 00146000 08:01 136931     /usr/lib/i386-linux-gnu/libX11.so.6.3.0
6755b000-6755d000 rw-p 00147000 08:01 136931     /usr/lib/i386-linux-gnu/libX11.so.6.3.0
6755d000-6755e000 rw-p 00000000 00:00 0 
6755e000-67561000 ---p 00000000 00:00 0 
67561000-675af000 rw-p 00000000 00:00 0          [stack:9630]
675af000-677af000 r--p 00000000 08:01 143362     /usr/lib/locale/locale-archive
677af000-677b2000 ---p 00000000 00:00 0 
677b2000-67800000 rw-p 00000000 00:00 0          [stack:9627]
67800000-67900000 rw-p 00000000 00:00 0 
67900000-67921000 rw-p 00000000 00:00 0 
67921000-67a00000 ---p 00000000 00:00 0 
67a00000-67b00000 rw-p 00000000 00:00 0 
67b0f000-67b33000 r-xp 00000000 08:01 394683     /lib/i386-linux-gnu/libselinux.so.1
67b33000-67b34000 r--p 00024000 08:01 394683     /lib/i386-linux-gnu/libselinux.so.1
67b34000-67b35000 rw-p 00025000 08:01 394683     /lib/i386-linux-gnu/libselinux.so.1
67b35000-67b36000 rw-p 00000000 00:00 0 
67b4d000-67b4e000 ---p 00000000 00:00 0 
67b4e000-67bce000 rw-p 00000000 00:00 0          [stack:9620]
67bce000-67d80000 r--s 01d2e000 08:01 804984     /usr/lib/jvm/java-7-openjdk-i386/jre/lib/rt.jar
67d80000-6a600000 rw-p 00000000 00:00 0 
6a600000-6a6fd000 rw-p 00000000 00:00 0 
6a6fd000-6a700000 ---p 00000000 00:00 0 
6a715000-6a72c000 r-xp 00000000 08:01 805027     /usr/lib/jvm/java-7-openjdk-i386/jre/lib/i386/libnet.so
6a72c000-6a72d000 r--p 00016000 08:01 805027     /usr/lib/jvm/java-7-openjdk-i386/jre/lib/i386/libnet.so
6a72d000-6a72e000 rw-p 00017000 08:01 805027     /usr/lib/jvm/java-7-openjdk-i386/jre/lib/i386/libnet.so
6a72e000-6a731000 ---p 00000000 00:00 0 
6a731000-6a77f000 rw-p 00000000 00:00 0          [stack:9626]
6a77f000-6a780000 ---p 00000000 00:00 0 
6a780000-6a800000 rw-p 00000000 00:00 0          [stack:9614]
6a800000-6a821000 rw-p 00000000 00:00 0 
6a821000-6a900000 ---p 00000000 00:00 0 
6a902000-6a912000 r-xp 00000000 08:01 804991     /usr/lib/jvm/java-7-openjdk-i386/jre/lib/i386/libnio.so
6a912000-6a913000 r--p 00010000 08:01 804991     /usr/lib/jvm/java-7-openjdk-i386/jre/lib/i386/libnio.so
6a913000-6a914000 rw-p 00011000 08:01 804991     /usr/lib/jvm/java-7-openjdk-i386/jre/lib/i386/libnio.so
6a914000-6a934000 r-xp 00000000 08:01 138125     /usr/lib/i386-linux-gnu/libxcb.so.1.1.0
6a934000-6a935000 r--p 0001f000 08:01 138125     /usr/lib/i386-linux-gnu/libxcb.so.1.1.0
6a935000-6a936000 rw-p 00020000 08:01 138125     /usr/lib/i386-linux-gnu/libxcb.so.1.1.0
6a936000-6a97f000 rw-p 00000000 00:00 0 
6a97f000-6a980000 ---p 00000000 00:00 0 
6a980000-6aa00000 rw-p 00000000 00:00 0          [stack:9612]
6aa00000-6aa21000 rw-p 00000000 00:00 0 
6aa21000-6ab00000 ---p 00000000 00:00 0 
6ab04000-6ab0b000 r-xp 00000000 08:01 137254     /usr/lib/i386-linux-gnu/libffi.so.6.0.4
6ab0b000-6ab0d000 r--p 00006000 08:01 137254     /usr/lib/i386-linux-gnu/libffi.so.6.0.4
6ab0d000-6ab0e000 rw-p 00008000 08:01 137254     /usr/lib/i386-linux-gnu/libffi.so.6.0.4
6ab0e000-6ab24000 r--s 000f1000 08:01 946041     /home/student/test/HealthyBit/app/build/intermediates/exploded-aar/com.android.support/support-v4/23.3.0/jars/classes.jar
6ab24000-6ab7f000 rw-p 00000000 00:00 0 
6ab7f000-6ab80000 ---p 00000000 00:00 0 
6ab80000-6ac00000 rw-p 00000000 00:00 0          [stack:9611]
6ac00000-6ac22000 rw-p 00000000 00:00 0 
6ac22000-6ad00000 ---p 00000000 00:00 0 
6ad05000-6ad08000 r-xp 00000000 08:01 137371     /usr/lib/i386-linux-gnu/libgmodule-2.0.so.0.4400.0
6ad08000-6ad09000 r--p 00002000 08:01 137371     /usr/lib/i386-linux-gnu/libgmodule-2.0.so.0.4400.0
6ad09000-6ad0a000 rw-p 00003000 08:01 137371     /usr/lib/i386-linux-gnu/libgmodule-2.0.so.0.4400.0
6ad0a000-6ad0f000 r-xp 00000000 08:01 136946     /usr/lib/i386-linux-gnu/libXdmcp.so.6.0.0
6ad0f000-6ad10000 r--p 00004000 08:01 136946     /usr/lib/i386-linux-gnu/libXdmcp.so.6.0.0
6ad10000-6ad11000 rw-p 00005000 08:01 136946     /usr/lib/i386-linux-gnu/libXdmcp.so.6.0.0
6ad11000-6ad13000 r-xp 00000000 08:01 136935     /usr/lib/i386-linux-gnu/libXau.so.6.0.0
6ad13000-6ad14000 r--p 00001000 08:01 136935     /usr/lib/i386-linux-gnu/libXau.so.6.0.0
6ad14000-6ad15000 rw-p 00002000 08:01 136935     /usr/lib/i386-linux-gnu/libXau.so.6.0.0
6ad15000-6ad17000 r-xp 00000000 08:01 141618     /usr/lib/jayatana/libjayatanaag.so
6ad17000-6ad18000 r--p 00001000 08:01 141618     /usr/lib/jayatana/libjayatanaag.so
6ad18000-6ad19000 rw-p 00002000 08:01 141618     /usr/lib/jayatana/libjayatanaag.so
6ad19000-6ad28000 r--s 000df000 08:01 1062595    /home/student/Android/Sdk/build-tools/23.0.3/lib/dx.jar
6ad28000-6ad29000 ---p 00000000 00:00 0 
6ad29000-6adbe000 rw-p 00000000 00:00 0          [stack:9609]
6adbe000-6aeff000 rw-p 00000000 00:00 0 
6aeff000-6af07000 rw-p 00000000 00:00 0 
6af07000-6af3f000 rw-p 00000000 00:00 0 
6af3f000-6af54000 rw-p 00000000 00:00 0 
6af54000-6b094000 rw-p 00000000 00:00 0 
6b094000-6b0ea000 rw-p 00000000 00:00 0 
6b0ea000-6b13f000 rw-p 00000000 00:00 0 
6b13f000-6c140000 rw-p 00000000 00:00 0 
6c140000-73140000 rw-p 00000000 00:00 0 
73140000-75b40000 rw-p 00000000 00:00 0 
75b40000-9dbc0000 rw-p 00000000 00:00 0 
9dbc0000-a85c0000 rw-p 00000000 00:00 0 
a85c0000-b3140000 rw-p 00000000 00:00 0 
b3140000-b3149000 rw-p 00000000 00:00 0 
b3149000-b3200000 rw-p 00000000 00:00 0 
b3200000-b3440000 rwxp 00000000 00:00 0 
b3440000-b6300000 rw-p 00000000 00:00 0 
b6303000-b6304000 r--s 00000000 08:01 414147     /usr/share/java/jayatanaag.jar
b6304000-b6308000 r--s 00085000 08:01 804976     /usr/lib/jvm/java-7-openjdk-i386/jre/lib/ext/localedata.jar
b6308000-b630c000 r--s 00034000 08:01 804978     /usr/lib/jvm/java-7-openjdk-i386/jre/lib/ext/sunjce_provider.jar
b630c000-b6310000 r--s 0003c000 08:01 804979     /usr/lib/jvm/java-7-openjdk-i386/jre/lib/ext/sunpkcs11.jar
b6310000-b6333000 rw-p 00000000 00:00 0 
b6333000-b636b000 rw-p 00000000 00:00 0 
b636b000-b6377000 r-xp 00000000 08:01 394626     /lib/i386-linux-gnu/libnss_files-2.21.so
b6377000-b6378000 r--p 0000b000 08:01 394626     /lib/i386-linux-gnu/libnss_files-2.21.so
b6378000-b6379000 rw-p 0000c000 08:01 394626     /lib/i386-linux-gnu/libnss_files-2.21.so
b6379000-b6384000 r-xp 00000000 08:01 394636     /lib/i386-linux-gnu/libnss_nis-2.21.so
b6384000-b6385000 r--p 0000a000 08:01 394636     /lib/i386-linux-gnu/libnss_nis-2.21.so
b6385000-b6386000 rw-p 0000b000 08:01 394636     /lib/i386-linux-gnu/libnss_nis-2.21.so
b6386000-b639d000 r-xp 00000000 08:01 394620     /lib/i386-linux-gnu/libnsl-2.21.so
b639d000-b639e000 r--p 00016000 08:01 394620     /lib/i386-linux-gnu/libnsl-2.21.so
b639e000-b639f000 rw-p 00017000 08:01 394620     /lib/i386-linux-gnu/libnsl-2.21.so
b639f000-b63a1000 rw-p 00000000 00:00 0 
b63a1000-b63a9000 r-xp 00000000 08:01 394622     /lib/i386-linux-gnu/libnss_compat-2.21.so
b63a9000-b63aa000 r--p 00007000 08:01 394622     /lib/i386-linux-gnu/libnss_compat-2.21.so
b63aa000-b63ab000 rw-p 00008000 08:01 394622     /lib/i386-linux-gnu/libnss_compat-2.21.so
b63ab000-b63ae000 r--s 0000f000 08:01 804977     /usr/lib/jvm/java-7-openjdk-i386/jre/lib/ext/icedtea-sound.jar
b63ae000-b63b0000 r--s 00012000 08:01 804975     /usr/lib/jvm/java-7-openjdk-i386/jre/lib/ext/zipfs.jar
b63b0000-b63b8000 r-xp 00000000 08:01 804995     /usr/lib/jvm/java-7-openjdk-i386/jre/lib/i386/libzip.so
b63b8000-b63b9000 r--p 00007000 08:01 804995     /usr/lib/jvm/java-7-openjdk-i386/jre/lib/i386/libzip.so
b63b9000-b63ba000 rw-p 00008000 08:01 804995     /usr/lib/jvm/java-7-openjdk-i386/jre/lib/i386/libzip.so
b63ba000-b63c2000 rw-s 00000000 08:01 429874     /tmp/hsperfdata_student/9604
b63c2000-b63cc000 r-xp 00000000 08:01 805017     /usr/lib/jvm/java-7-openjdk-i386/jre/lib/i386/libinstrument.so
b63cc000-b63cd000 r--p 00009000 08:01 805017     /usr/lib/jvm/java-7-openjdk-i386/jre/lib/i386/libinstrument.so
b63cd000-b63ce000 rw-p 0000a000 08:01 805017     /usr/lib/jvm/java-7-openjdk-i386/jre/lib/i386/libinstrument.so
b63ce000-b63f4000 r-xp 00000000 08:01 805003     /usr/lib/jvm/java-7-openjdk-i386/jre/lib/i386/libjava.so
b63f4000-b63f5000 r--p 00025000 08:01 805003     /usr/lib/jvm/java-7-openjdk-i386/jre/lib/i386/libjava.so
b63f5000-b63f6000 rw-p 00026000 08:01 805003     /usr/lib/jvm/java-7-openjdk-i386/jre/lib/i386/libjava.so
b63f6000-b63fd000 r-xp 00000000 08:01 394681     /lib/i386-linux-gnu/librt-2.21.so
b63fd000-b63fe000 r--p 00006000 08:01 394681     /lib/i386-linux-gnu/librt-2.21.so
b63fe000-b63ff000 rw-p 00007000 08:01 394681     /lib/i386-linux-gnu/librt-2.21.so
b63ff000-b6402000 ---p 00000000 00:00 0 
b6402000-b6450000 rw-p 00000000 00:00 0          [stack:9607]
b6450000-b646c000 r-xp 00000000 08:01 394569     /lib/i386-linux-gnu/libgcc_s.so.1
b646c000-b646d000 rw-p 0001b000 08:01 394569     /lib/i386-linux-gnu/libgcc_s.so.1
b646d000-b64b8000 r-xp 00000000 08:01 394599     /lib/i386-linux-gnu/libm-2.21.so
b64b8000-b64b9000 r--p 0004a000 08:01 394599     /lib/i386-linux-gnu/libm-2.21.so
b64b9000-b64ba000 rw-p 0004b000 08:01 394599     /lib/i386-linux-gnu/libm-2.21.so
b64ba000-b65a3000 r-xp 00000000 08:01 137921     /usr/lib/i386-linux-gnu/libstdc++.so.6.0.20
b65a3000-b65a7000 r--p 000e9000 08:01 137921     /usr/lib/i386-linux-gnu/libstdc++.so.6.0.20
b65a7000-b65a8000 rw-p 000ed000 08:01 137921     /usr/lib/i386-linux-gnu/libstdc++.so.6.0.20
b65a8000-b65af000 rw-p 00000000 00:00 0 
b65af000-b7102000 r-xp 00000000 08:01 805013     /usr/lib/jvm/java-7-openjdk-i386/jre/lib/i386/server/libjvm.so
b7102000-b7156000 r--p 00b52000 08:01 805013     /usr/lib/jvm/java-7-openjdk-i386/jre/lib/i386/server/libjvm.so
b7156000-b716a000 rw-p 00ba6000 08:01 805013     /usr/lib/jvm/java-7-openjdk-i386/jre/lib/i386/server/libjvm.so
b716a000-b7589000 rw-p 00000000 00:00 0 
b7589000-b75a2000 r-xp 00000000 08:01 394714     /lib/i386-linux-gnu/libz.so.1.2.8
b75a2000-b75a3000 r--p 00019000 08:01 394714     /lib/i386-linux-gnu/libz.so.1.2.8
b75a3000-b75a4000 rw-p 0001a000 08:01 394714     /lib/i386-linux-gnu/libz.so.1.2.8
b75a4000-b75bd000 r-xp 00000000 08:01 394673     /lib/i386-linux-gnu/libpthread-2.21.so
b75bd000-b75be000 r--p 00018000 08:01 394673     /lib/i386-linux-gnu/libpthread-2.21.so
b75be000-b75bf000 rw-p 00019000 08:01 394673     /lib/i386-linux-gnu/libpthread-2.21.so
b75bf000-b75c1000 rw-p 00000000 00:00 0 
b75c1000-b75c4000 r-xp 00000000 08:01 394557     /lib/i386-linux-gnu/libdl-2.21.so
b75c4000-b75c5000 r--p 00002000 08:01 394557     /lib/i386-linux-gnu/libdl-2.21.so
b75c5000-b75c6000 rw-p 00003000 08:01 394557     /lib/i386-linux-gnu/libdl-2.21.so
b75c6000-b777a000 r-xp 00000000 08:01 394540     /lib/i386-linux-gnu/libc-2.21.so
b777a000-b777d000 r--p 001b3000 08:01 394540     /lib/i386-linux-gnu/libc-2.21.so
b777d000-b777f000 rw-p 001b6000 08:01 394540     /lib/i386-linux-gnu/libc-2.21.so
b777f000-b7781000 rw-p 00000000 00:00 0 
b7781000-b7782000 r--s 00002000 08:01 804980     /usr/lib/jvm/java-7-openjdk-i386/jre/lib/ext/dnsns.jar
b7782000-b7784000 r--s 00006000 08:01 399091     /usr/share/java/java-atk-wrapper.jar
b7784000-b7785000 r--p 005e0000 08:01 143362     /usr/lib/locale/locale-archive
b7785000-b7786000 rw-p 00000000 00:00 0 
b7786000-b7787000 ---p 00000000 00:00 0 
b7787000-b7795000 r-xp 00000000 08:01 805022     /usr/lib/jvm/java-7-openjdk-i386/jre/lib/i386/libverify.so
b7795000-b7797000 r--p 0000d000 08:01 805022     /usr/lib/jvm/java-7-openjdk-i386/jre/lib/i386/libverify.so
b7797000-b7798000 rw-p 0000f000 08:01 805022     /usr/lib/jvm/java-7-openjdk-i386/jre/lib/i386/libverify.so
b7798000-b77a4000 r-xp 00000000 08:01 805024     /usr/lib/jvm/java-7-openjdk-i386/jre/lib/i386/jli/libjli.so
b77a4000-b77a5000 r--p 0000b000 08:01 805024     /usr/lib/jvm/java-7-openjdk-i386/jre/lib/i386/jli/libjli.so
b77a5000-b77a6000 rw-p 0000c000 08:01 805024     /usr/lib/jvm/java-7-openjdk-i386/jre/lib/i386/jli/libjli.so
b77a6000-b77a9000 rw-p 00000000 00:00 0 
b77a9000-b77ab000 r--p 00000000 00:00 0          [vvar]
b77ab000-b77ac000 r-xp 00000000 00:00 0          [vdso]
b77ac000-b77ce000 r-xp 00000000 08:01 394512     /lib/i386-linux-gnu/ld-2.21.so
b77ce000-b77cf000 r--p 00021000 08:01 394512     /lib/i386-linux-gnu/ld-2.21.so
b77cf000-b77d0000 rw-p 00022000 08:01 394512     /lib/i386-linux-gnu/ld-2.21.so
bf895000-bf896000 rwxp 00000000 00:00 0 
bf8c7000-bf8e9000 rw-p 00000000 00:00 0          [stack]

VM Arguments:
jvm_args: -javaagent:/usr/share/java/jayatanaag.jar -Djava.awt.headless=true -Xmx1024M -Dfile.encoding=UTF-8 -Duser.country=US -Duser.language=en -Duser.variant 
java_command: com.android.dx.command.Main --dex --num-threads=4 --output /home/student/test/HealthyBit/app/build/intermediates/pre-dexed/debug/com.android.support-support-v4-23.3.0_0837a8109973a35ab829fbb7c6c67d289902386a.jar /home/student/test/HealthyBit/app/build/intermediates/exploded-aar/com.android.support/support-v4/23.3.0/jars/classes.jar
Launcher Type: SUN_STANDARD

Environment Variables:
JAVA_TOOL_OPTIONS=-javaagent:/usr/share/java/jayatanaag.jar 
PATH=/home/student/.linuxbrew/bin:/usr/local/sbin:/usr/local/bin:/usr/sbin:/usr/bin:/sbin:/bin:/usr/games:/usr/local/games:/etc/android-studio/bin/:/home/student/Android/Sdk/platform-tools:/home/student/Android/Sdk/tools
LD_LIBRARY_PATH=/etc/android-studio/bin:
SHELL=/bin/bash
DISPLAY=:0

Signal Handlers:
SIGSEGV: [libjvm.so+0x7f7d00], sa_mask[0]=0x7ffbfeff, sa_flags=0x10000004
SIGBUS: [libjvm.so+0x7f7d00], sa_mask[0]=0x7ffbfeff, sa_flags=0x10000004
SIGFPE: [libjvm.so+0x67a9d0], sa_mask[0]=0x7ffbfeff, sa_flags=0x10000004
SIGPIPE: [libjvm.so+0x67a9d0], sa_mask[0]=0x7ffbfeff, sa_flags=0x10000004
SIGXFSZ: [libjvm.so+0x67a9d0], sa_mask[0]=0x7ffbfeff, sa_flags=0x10000004
SIGILL: [libjvm.so+0x67a9d0], sa_mask[0]=0x7ffbfeff, sa_flags=0x10000004
SIGUSR1: SIG_DFL, sa_mask[0]=0x00000000, sa_flags=0x00000000
SIGUSR2: [libjvm.so+0x67a820], sa_mask[0]=0x00000004, sa_flags=0x10000004
SIGHUP: [libjvm.so+0x67aa80], sa_mask[0]=0x7ffbfeff, sa_flags=0x10000004
SIGINT: [libjvm.so+0x67aa80], sa_mask[0]=0x7ffbfeff, sa_flags=0x10000004
SIGTERM: [libjvm.so+0x67aa80], sa_mask[0]=0x7ffbfeff, sa_flags=0x10000004
SIGQUIT: [libjvm.so+0x67aa80], sa_mask[0]=0x7ffbfeff, sa_flags=0x10000004
SIGTRAP: SIG_DFL, sa_mask[0]=0x00000000, sa_flags=0x00000000


---------------  S Y S T E M  ---------------

OS:Ubuntu 15.04 (vivid)
uname:Linux 3.19.0-18-generic #18-Ubuntu SMP Tue May 19 18:30:59 UTC 2015 i686
libc:glibc 2.21 NPTL 2.21 
rlimit: STACK 8192k, CORE 0k, NPROC 32177, NOFILE 65536, AS infinity
load average:14.66 8.25 5.69

/proc/meminfo:
MemTotal:        4139540 kB
MemFree:          194596 kB
MemAvailable:     134624 kB
Buffers:            2528 kB
Cached:            82644 kB
SwapCached:            0 kB
Active:          3533140 kB
Inactive:          59704 kB
Active(anon):    3509316 kB
Inactive(anon):    37884 kB
Active(file):      23824 kB
Inactive(file):    21820 kB
Unevictable:          32 kB
Mlocked:              32 kB
HighTotal:       3280776 kB
HighFree:          24864 kB
LowTotal:         858764 kB
LowFree:          169732 kB
SwapTotal:             0 kB
SwapFree:              0 kB
Dirty:              1056 kB
Writeback:             0 kB
AnonPages:       3508340 kB
Mapped:            65472 kB
Shmem:             39060 kB
Slab:              50180 kB
SReclaimable:      23724 kB
SUnreclaim:        26456 kB
KernelStack:        5464 kB
PageTables:        15104 kB
NFS_Unstable:          0 kB
Bounce:                0 kB
WritebackTmp:          0 kB
CommitLimit:     2069768 kB
Committed_AS:    6376796 kB
VmallocTotal:     122880 kB
VmallocUsed:       23416 kB
VmallocChunk:      49124 kB
AnonHugePages:   2646016 kB
CmaTotal:              0 kB
CmaFree:               0 kB
HugePages_Total:       0
HugePages_Free:        0
HugePages_Rsvd:        0
HugePages_Surp:        0
Hugepagesize:       2048 kB
DirectMap4k:       61432 kB
DirectMap2M:      851968 kB


CPU:total 4 (1 cores per cpu, 1 threads per core) family 6 model 58 stepping 9, cmov, cx8, fxsr, mmx, sse, sse2, sse3, ssse3, sse4.1, sse4.2, popcnt, avx, aes, erms, tsc, tscinvbit, tscinv

/proc/cpuinfo:
processor	: 0
vendor_id	: GenuineIntel
cpu family	: 6
model		: 58
model name	: Intel(R) Core(TM) i5-3210M CPU @ 2.50GHz
stepping	: 9
microcode	: 0x15
cpu MHz		: 2494.111
cache size	: 3072 KB
physical id	: 0
siblings	: 1
core id		: 0
cpu cores	: 1
apicid		: 0
initial apicid	: 0
fdiv_bug	: no
f00f_bug	: no
coma_bug	: no
fpu		: yes
fpu_exception	: yes
cpuid level	: 13
wp		: yes
flags		: fpu vme de pse tsc msr pae mce cx8 apic sep mtrr pge mca cmov pat pse36 clflush dts mmx fxsr sse sse2 ss nx rdtscp lm constant_tsc arch_perfmon pebs bts xtopology tsc_reliable nonstop_tsc aperfmperf pni pclmulqdq ssse3 cx16 pcid sse4_1 sse4_2 x2apic popcnt tsc_deadline_timer aes xsave avx f16c rdrand hypervisor lahf_lm ida arat epb pln pts dtherm fsgsbase tsc_adjust smep
bugs		:
bogomips	: 4988.22
clflush size	: 64
cache_alignment	: 64
address sizes	: 42 bits physical, 48 bits virtual
power management:

processor	: 1
vendor_id	: GenuineIntel
cpu family	: 6
model		: 58
model name	: Intel(R) Core(TM) i5-3210M CPU @ 2.50GHz
stepping	: 9
microcode	: 0x15
cpu MHz		: 2494.111
cache size	: 3072 KB
physical id	: 2
siblings	: 1
core id		: 0
cpu cores	: 1
apicid		: 2
initial apicid	: 2
fdiv_bug	: no
f00f_bug	: no
coma_bug	: no
fpu		: yes
fpu_exception	: yes
cpuid level	: 13
wp		: yes
flags		: fpu vme de pse tsc msr pae mce cx8 apic sep mtrr pge mca cmov pat pse36 clflush dts mmx fxsr sse sse2 ss nx rdtscp lm constant_tsc arch_perfmon pebs bts xtopology tsc_reliable nonstop_tsc aperfmperf pni pclmulqdq ssse3 cx16 pcid sse4_1 sse4_2 x2apic popcnt tsc_deadline_timer aes xsave avx f16c rdrand hypervisor lahf_lm ida arat epb pln pts dtherm fsgsbase tsc_adjust smep
bugs		:
bogomips	: 4988.22
clflush size	: 64
cache_alignment	: 64
address sizes	: 42 bits physical, 48 bits virtual
power management:

processor	: 2
vendor_id	: GenuineIntel
cpu family	: 6
model		: 58
model name	: Intel(R) Core(TM) i5-3210M CPU @ 2.50GHz
stepping	: 9
microcode	: 0x15
cpu MHz		: 2494.111
cache size	: 3072 KB
physical id	: 4
siblings	: 1
core id		: 0
cpu cores	: 1
apicid		: 4
initial apicid	: 4
fdiv_bug	: no
f00f_bug	: no
coma_bug	: no
fpu		: yes
fpu_exception	: yes
cpuid level	: 13
wp		: yes
flags		: fpu vme de pse tsc msr pae mce cx8 apic sep mtrr pge mca cmov pat pse36 clflush dts mmx fxsr sse sse2 ss nx rdtscp lm constant_tsc arch_perfmon pebs bts xtopology tsc_reliable nonstop_tsc aperfmperf pni pclmulqdq ssse3 cx16 pcid sse4_1 sse4_2 x2apic popcnt tsc_deadline_timer aes xsave avx f16c rdrand hypervisor lahf_lm ida arat epb pln pts dtherm fsgsbase tsc_adjust smep
bugs		:
bogomips	: 4988.22
clflush size	: 64
cache_alignment	: 64
address sizes	: 42 bits physical, 48 bits virtual
power management:

processor	: 3
vendor_id	: GenuineIntel
cpu family	: 6
model		: 58
model name	: Intel(R) Core(TM) i5-3210M CPU @ 2.50GHz
stepping	: 9
microcode	: 0x15
cpu MHz		: 2494.111
cache size	: 3072 KB
physical id	: 6
siblings	: 1
core id		: 0
cpu cores	: 1
apicid		: 6
initial apicid	: 6
fdiv_bug	: no
f00f_bug	: no
coma_bug	: no
fpu		: yes
fpu_exception	: yes
cpuid level	: 13
wp		: yes
flags		: fpu vme de pse tsc msr pae mce cx8 apic sep mtrr pge mca cmov pat pse36 clflush dts mmx fxsr sse sse2 ss nx rdtscp lm constant_tsc arch_perfmon pebs bts xtopology tsc_reliable nonstop_tsc aperfmperf pni pclmulqdq ssse3 cx16 pcid sse4_1 sse4_2 x2apic popcnt tsc_deadline_timer aes xsave avx f16c rdrand hypervisor lahf_lm ida arat epb pln pts dtherm fsgsbase tsc_adjust smep
bugs		:
bogomips	: 4988.22
clflush size	: 64
cache_alignment	: 64
address sizes	: 42 bits physical, 48 bits virtual
power management:



Memory: 4k page, physical 4139540k(194892k free), swap 0k(0k free)

vm_info: OpenJDK Server VM (24.91-b01) for linux-x86 JRE (1.7.0_91-b02), built on Nov 19 2015 06:25:06 by "buildd" with gcc 4.9.2

time: Tue May  3 16:34:02 2016
elapsed time: 29 seconds

