#
# There is insufficient memory for the Java Runtime Environment to continue.
# Native memory allocation (malloc) failed to allocate 153616384 bytes for committing reserved memory.
# Possible reasons:
#   The system is out of physical RAM or swap space
#   In 32 bit mode, the process size limit was hit
# Possible solutions:
#   Reduce memory load on the system
#   Increase physical memory or swap space
#   Check if swap backing store is full
#   Use 64 bit Java on a 64 bit OS
#   Decrease Java heap size (-Xmx/-Xms)
#   Decrease number of Java threads
#   Decrease Java thread stack sizes (-Xss)
#   Set larger code cache with -XX:ReservedCodeCacheSize=
# This output file may be truncated or incomplete.
#
#  Out of Memory Error (os_linux.cpp:2827), pid=5567, tid=1740430144
#
# JRE version: OpenJDK Runtime Environment (7.0_91-b02) (build 1.7.0_91-b02)
# Java VM: OpenJDK Server VM (24.91-b01 mixed mode linux-x86 )
# Derivative: IcedTea 2.6.3
# Distribution: Ubuntu 15.04, package 7u91-2.6.3-0ubuntu0.15.04.1
# Failed to write core dump. Core dumps have been disabled. To enable core dumping, try "ulimit -c unlimited" before starting Java again
#

---------------  T H R E A D  ---------------

Current thread (0x67a81400):  VMThread [stack: 0x67b4d000,0x67bce000] [id=5603]

Stack: [0x67b4d000,0x67bce000]
VM_Operation (0xb64346b4): ParallelGCFailedAllocation, mode: safepoint, requested by thread 0xb6208400


---------------  P R O C E S S  ---------------

Java Threads: ( => current thread )
  0x67146400 JavaThread "pool-2-thread-4" [_thread_blocked, id=5648, stack(0x668c3000,0x66914000)]
  0x67145000 JavaThread "pool-2-thread-3" [_thread_blocked, id=5647, stack(0x66914000,0x66965000)]
  0x67143c00 JavaThread "pool-2-thread-2" [_thread_blocked, id=5642, stack(0x66965000,0x669b6000)]
  0x67141000 JavaThread "pool-3-thread-1" [_thread_blocked, id=5640, stack(0x669b6000,0x66a07000)]
  0x6713ec00 JavaThread "pool-2-thread-1" [_thread_blocked, id=5639, stack(0x66a07000,0x66a58000)]
  0x67aed400 JavaThread "Service Thread" daemon [_thread_blocked, id=5632, stack(0x672c0000,0x67311000)]
  0x67aeb800 JavaThread "C2 CompilerThread1" daemon [_thread_blocked, id=5631, stack(0x67311000,0x67392000)]
  0x67aea400 JavaThread "C2 CompilerThread0" daemon [_thread_blocked, id=5630, stack(0x67392000,0x67413000)]
  0x67a97400 JavaThread "Signal Dispatcher" daemon [_thread_blocked, id=5617, stack(0x6755e000,0x675af000)]
  0x67a85400 JavaThread "Finalizer" daemon [_thread_blocked, id=5613, stack(0x677af000,0x67800000)]
  0x67a83c00 JavaThread "Reference Handler" daemon [_thread_blocked, id=5609, stack(0x6a72e000,0x6a77f000)]
  0xb6208400 JavaThread "main" [_thread_blocked, id=5583, stack(0xb63e5000,0xb6436000)]

Other Threads:
=>0x67a81400 VMThread [stack: 0x67b4d000,0x67bce000] [id=5603]
  0x67aef800 WatcherThread [stack: 0x6723f000,0x672c0000] [id=5633]

VM state:at safepoint (normal execution)

VM Mutex/Monitor currently owned by a thread:  ([mutex/lock_event])
[0xb6205e30] Threads_lock - owner thread: 0x67a81400
[0xb6206240] Heap_lock - owner thread: 0xb6208400

Heap
 PSYoungGen      total 148224K, used 17657K [0x9dbc0000, 0xa8040000, 0xb3140000)
  eden space 130560K, 0% used [0x9dbc0000,0x9dbc0000,0xa5b40000)
  from space 17664K, 99% used [0xa5b40000,0xa6c7e738,0xa6c80000)
  to   space 15104K, 0% used [0xa6c80000,0xa6c80000,0xa7b40000)
 ParOldGen       total 43008K, used 38013K [0x73140000, 0x75b40000, 0x9dbc0000)
  object space 43008K, 88% used [0x73140000,0x7565f780,0x75b40000)
 PSPermGen       total 16384K, used 4348K [0x6b140000, 0x6c140000, 0x73140000)
  object space 16384K, 26% used [0x6b140000,0x6b57f2d8,0x6c140000)

Card table byte_map: [0x6aeff000,0x6b140000] byte_map_base: 0x6aba6600

Polling page: 0xb776c000

Code Cache  [0xb3200000, 0xb3440000, 0xb6200000)
 total_blobs=552 nmethods=429 adapters=76 free_code_cache=47520Kb largest_free_block=48611776

Compilation events (10 events):
Event: 25.792 Thread 0x67aeb800 nmethod 441 0xb3386d48 code [0xb3386e40, 0xb3386f90]
Event: 25.792 Thread 0x67aeb800  442             com.android.dx.ssa.SsaRenamer$BlockRenamer::<init> (72 bytes)
Event: 25.851 Thread 0x67aea400 nmethod 434 0xb339bf08 code [0xb339c340, 0xb339f1c0]
Event: 25.851 Thread 0x67aea400  443             com.android.dx.ssa.SsaRenamer$1::visitBlock (16 bytes)
Event: 25.853 Thread 0x67aeb800 nmethod 442 0xb32fe688 code [0xb32fe7c0, 0xb32feb70]
Event: 25.854 Thread 0x67aeb800  444             com.android.dx.ssa.SsaRenamer$BlockRenamer$RenamingMapper::<init> (10 bytes)
Event: 25.854 Thread 0x67aeb800 nmethod 444 0xb3386bc8 code [0xb3386ca0, 0xb3386cf0]
Event: 25.854 Thread 0x67aeb800  445             com.android.dx.ssa.SsaConverter::edgeSplitPredecessors (44 bytes)
Event: 25.885 Thread 0x67aeb800 nmethod 445 0xb32f4608 code [0xb32f47c0, 0xb32f4e18]
Event: 25.885 Thread 0x67aeb800  446             com.android.dx.ssa.SCCP::simulatePhiBlock (50 bytes)

GC Heap History (10 events):
Event: 2.013 GC heap after
Heap after GC invocations=2 (full 0):
 PSYoungGen      total 35840K, used 2556K [0x9dbc0000, 0xa0140000, 0xb3140000)
  eden space 33280K, 0% used [0x9dbc0000,0x9dbc0000,0x9fc40000)
  from space 2560K, 99% used [0x9fec0000,0xa013f170,0xa0140000)
  to   space 2560K, 0% used [0x9fc40000,0x9fc40000,0x9fec0000)
 ParOldGen       total 43008K, used 2070K [0x73140000, 0x75b40000, 0x9dbc0000)
  object space 43008K, 4% used [0x73140000,0x73345910,0x75b40000)
 PSPermGen       total 16384K, used 4121K [0x6b140000, 0x6c140000, 0x73140000)
  object space 16384K, 25% used [0x6b140000,0x6b546488,0x6c140000)
}
Event: 4.094 GC heap before
{Heap before GC invocations=3 (full 0):
 PSYoungGen      total 35840K, used 35836K [0x9dbc0000, 0xa0140000, 0xb3140000)
  eden space 33280K, 100% used [0x9dbc0000,0x9fc40000,0x9fc40000)
  from space 2560K, 99% used [0x9fec0000,0xa013f170,0xa0140000)
  to   space 2560K, 0% used [0x9fc40000,0x9fc40000,0x9fec0000)
 ParOldGen       total 43008K, used 2070K [0x73140000, 0x75b40000, 0x9dbc0000)
  object space 43008K, 4% used [0x73140000,0x73345910,0x75b40000)
 PSPermGen       total 16384K, used 4234K [0x6b140000, 0x6c140000, 0x73140000)
  object space 16384K, 25% used [0x6b140000,0x6b5629c8,0x6c140000)
Event: 4.160 GC heap after
Heap after GC invocations=3 (full 0):
 PSYoungGen      total 35840K, used 2558K [0x9dbc0000, 0xa21c0000, 0xb3140000)
  eden space 33280K, 0% used [0x9dbc0000,0x9dbc0000,0x9fc40000)
  from space 2560K, 99% used [0x9fc40000,0x9febfb90,0x9fec0000)
  to   space 2560K, 0% used [0xa1f40000,0xa1f40000,0xa21c0000)
 ParOldGen       total 43008K, used 7545K [0x73140000, 0x75b40000, 0x9dbc0000)
  object space 43008K, 17% used [0x73140000,0x7389e478,0x75b40000)
 PSPermGen       total 16384K, used 4234K [0x6b140000, 0x6c140000, 0x73140000)
  object space 16384K, 25% used [0x6b140000,0x6b5629c8,0x6c140000)
}
Event: 6.438 GC heap before
{Heap before GC invocations=4 (full 0):
 PSYoungGen      total 35840K, used 35838K [0x9dbc0000, 0xa21c0000, 0xb3140000)
  eden space 33280K, 100% used [0x9dbc0000,0x9fc40000,0x9fc40000)
  from space 2560K, 99% used [0x9fc40000,0x9febfb90,0x9fec0000)
  to   space 2560K, 0% used [0xa1f40000,0xa1f40000,0xa21c0000)
 ParOldGen       total 43008K, used 7545K [0x73140000, 0x75b40000, 0x9dbc0000)
  object space 43008K, 17% used [0x73140000,0x7389e478,0x75b40000)
 PSPermGen       total 16384K, used 4255K [0x6b140000, 0x6c140000, 0x73140000)
  object space 16384K, 25% used [0x6b140000,0x6b567e58,0x6c140000)
Event: 6.554 GC heap after
Heap after GC invocations=4 (full 0):
 PSYoungGen      total 69120K, used 2544K [0x9dbc0000, 0xa21c0000, 0xb3140000)
  eden space 66560K, 0% used [0x9dbc0000,0x9dbc0000,0xa1cc0000)
  from space 2560K, 99% used [0xa1f40000,0xa21bc368,0xa21c0000)
  to   space 2560K, 0% used [0xa1cc0000,0xa1cc0000,0xa1f40000)
 ParOldGen       total 43008K, used 12508K [0x73140000, 0x75b40000, 0x9dbc0000)
  object space 43008K, 29% used [0x73140000,0x73d77368,0x75b40000)
 PSPermGen       total 16384K, used 4255K [0x6b140000, 0x6c140000, 0x73140000)
  object space 16384K, 25% used [0x6b140000,0x6b567e58,0x6c140000)
}
Event: 12.749 GC heap before
{Heap before GC invocations=5 (full 0):
 PSYoungGen      total 69120K, used 69104K [0x9dbc0000, 0xa21c0000, 0xb3140000)
  eden space 66560K, 100% used [0x9dbc0000,0xa1cc0000,0xa1cc0000)
  from space 2560K, 99% used [0xa1f40000,0xa21bc368,0xa21c0000)
  to   space 2560K, 0% used [0xa1cc0000,0xa1cc0000,0xa1f40000)
 ParOldGen       total 43008K, used 12508K [0x73140000, 0x75b40000, 0x9dbc0000)
  object space 43008K, 29% used [0x73140000,0x73d77368,0x75b40000)
 PSPermGen       total 16384K, used 4283K [0x6b140000, 0x6c140000, 0x73140000)
  object space 16384K, 26% used [0x6b140000,0x6b56eeb8,0x6c140000)
Event: 12.958 GC heap after
Heap after GC invocations=5 (full 0):
 PSYoungGen      total 69120K, used 2554K [0x9dbc0000, 0xa7b40000, 0xb3140000)
  eden space 66560K, 0% used [0x9dbc0000,0x9dbc0000,0xa1cc0000)
  from space 2560K, 99% used [0xa1cc0000,0xa1f3e980,0xa1f40000)
  to   space 15104K, 0% used [0xa6c80000,0xa6c80000,0xa7b40000)
 ParOldGen       total 43008K, used 23135K [0x73140000, 0x75b40000, 0x9dbc0000)
  object space 43008K, 53% used [0x73140000,0x747d7df0,0x75b40000)
 PSPermGen       total 16384K, used 4283K [0x6b140000, 0x6c140000, 0x73140000)
  object space 16384K, 26% used [0x6b140000,0x6b56eeb8,0x6c140000)
}
Event: 19.421 GC heap before
{Heap before GC invocations=6 (full 0):
 PSYoungGen      total 69120K, used 69114K [0x9dbc0000, 0xa7b40000, 0xb3140000)
  eden space 66560K, 100% used [0x9dbc0000,0xa1cc0000,0xa1cc0000)
  from space 2560K, 99% used [0xa1cc0000,0xa1f3e980,0xa1f40000)
  to   space 15104K, 0% used [0xa6c80000,0xa6c80000,0xa7b40000)
 ParOldGen       total 43008K, used 23135K [0x73140000, 0x75b40000, 0x9dbc0000)
  object space 43008K, 53% used [0x73140000,0x747d7df0,0x75b40000)
 PSPermGen       total 16384K, used 4300K [0x6b140000, 0x6c140000, 0x73140000)
  object space 16384K, 26% used [0x6b140000,0x6b5730e8,0x6c140000)
Event: 19.561 GC heap after
Heap after GC invocations=6 (full 0):
 PSYoungGen      total 145664K, used 13446K [0x9dbc0000, 0xa8040000, 0xb3140000)
  eden space 130560K, 0% used [0x9dbc0000,0x9dbc0000,0xa5b40000)
  from space 15104K, 89% used [0xa6c80000,0xa79a1890,0xa7b40000)
  to   space 17664K, 0% used [0xa5b40000,0xa5b40000,0xa6c80000)
 ParOldGen       total 43008K, used 23135K [0x73140000, 0x75b40000, 0x9dbc0000)
  object space 43008K, 53% used [0x73140000,0x747d7df0,0x75b40000)
 PSPermGen       total 16384K, used 4300K [0x6b140000, 0x6c140000, 0x73140000)
  object space 16384K, 26% used [0x6b140000,0x6b5730e8,0x6c140000)
}
Event: 25.997 GC heap before
{Heap before GC invocations=7 (full 0):
 PSYoungGen      total 145664K, used 144006K [0x9dbc0000, 0xa8040000, 0xb3140000)
  eden space 130560K, 100% used [0x9dbc0000,0xa5b40000,0xa5b40000)
  from space 15104K, 89% used [0xa6c80000,0xa79a1890,0xa7b40000)
  to   space 17664K, 0% used [0xa5b40000,0xa5b40000,0xa6c80000)
 ParOldGen       total 43008K, used 23135K [0x73140000, 0x75b40000, 0x9dbc0000)
  object space 43008K, 53% used [0x73140000,0x747d7df0,0x75b40000)
 PSPermGen       total 16384K, used 4348K [0x6b140000, 0x6c140000, 0x73140000)
  object space 16384K, 26% used [0x6b140000,0x6b57f2d8,0x6c140000)

Deoptimization events (10 events):
Event: 21.179 Thread 0x6713ec00 Uncommon trap: reason=unstable_if action=reinterpret pc=0xb33191cc method=com.android.dx.ssa.SCCP.simulateStmt(Lcom/android/dx/ssa/SsaInsn;)V @ 59
Event: 21.207 Thread 0x6713ec00 Uncommon trap: reason=bimorphic action=maybe_recompile pc=0xb3353d9c method=com.android.dx.ssa.LiteralOpUpgrader.tryReplacingWithConstant(Lcom/android/dx/ssa/NormalSsaInsn;)Z @ 62
Event: 21.369 Thread 0x6713ec00 Uncommon trap: reason=bimorphic action=maybe_recompile pc=0xb3353d9c method=com.android.dx.ssa.LiteralOpUpgrader.tryReplacingWithConstant(Lcom/android/dx/ssa/NormalSsaInsn;)Z @ 62
Event: 21.674 Thread 0x67143c00 Uncommon trap: reason=bimorphic action=maybe_recompile pc=0xb332ad08 method=com.android.dx.ssa.SCCP.setLatticeValueTo(IILcom/android/dx/rop/cst/Constant;)Z @ 43
Event: 22.861 Thread 0x67145000 Uncommon trap: reason=bimorphic action=maybe_recompile pc=0xb336b9b8 method=com.android.dx.cf.code.BytecodeArray.parseInstruction(ILcom/android/dx/cf/code/BytecodeArray$Visitor;)I @ 971
Event: 22.861 Thread 0x67145000 Uncommon trap: reason=bimorphic action=maybe_recompile pc=0xb336b9b8 method=com.android.dx.cf.code.BytecodeArray.parseInstruction(ILcom/android/dx/cf/code/BytecodeArray$Visitor;)I @ 971
Event: 24.680 Thread 0xb6208400 Uncommon trap: reason=bimorphic action=maybe_recompile pc=0xb336becc method=com.android.dx.cf.code.BytecodeArray.parseInstruction(ILcom/android/dx/cf/code/BytecodeArray$Visitor;)I @ 1161
Event: 24.680 Thread 0xb6208400 Uncommon trap: reason=bimorphic action=maybe_recompile pc=0xb336bc20 method=com.android.dx.cf.code.BytecodeArray.parseInstruction(ILcom/android/dx/cf/code/BytecodeArray$Visitor;)I @ 1035
Event: 24.680 Thread 0xb6208400 Uncommon trap: reason=bimorphic action=maybe_recompile pc=0xb336b9b8 method=com.android.dx.cf.code.BytecodeArray.parseInstruction(ILcom/android/dx/cf/code/BytecodeArray$Visitor;)I @ 971
Event: 25.819 Thread 0x6713ec00 Uncommon trap: reason=null_check action=make_not_entrant pc=0xb338f5cc method=com.android.dx.rop.cst.CstType.intern(Lcom/android/dx/rop/type/Type;)Lcom/android/dx/rop/cst/CstType; @ 13

Internal exceptions (10 events):
Event: 1.806 Thread 0x67143c00 Threw 0x9e7f8b78 at /build/openjdk-7-PdBaKN/openjdk-7-7u91-2.6.3/build/openjdk/hotspot/src/share/vm/prims/jvm.cpp:1322
Event: 2.079 Thread 0x67146400 Threw 0x9dd3bfe8 at /build/openjdk-7-PdBaKN/openjdk-7-7u91-2.6.3/build/openjdk/hotspot/src/share/vm/prims/jvm.cpp:1322
Event: 2.577 Thread 0xb6208400 Implicit null exception at 0xb3281a22 to 0xb3281fad
Event: 3.687 Thread 0xb6208400 Threw 0x9f363990 at /build/openjdk-7-PdBaKN/openjdk-7-7u91-2.6.3/build/openjdk/hotspot/src/share/vm/prims/jvm.cpp:1322
Event: 3.758 Thread 0xb6208400 Threw 0x9f5b53b8 at /build/openjdk-7-PdBaKN/openjdk-7-7u91-2.6.3/build/openjdk/hotspot/src/share/vm/prims/jvm.cpp:1322
Event: 4.970 Thread 0x67143c00 Implicit null exception at 0xb329d6e9 to 0xb329e825
Event: 5.345 Thread 0x67143c00 Threw 0x9ed3b138 at /build/openjdk-7-PdBaKN/openjdk-7-7u91-2.6.3/build/openjdk/hotspot/src/share/vm/prims/jvm.cpp:1322
Event: 13.250 Thread 0x67146400 Implicit null exception at 0xb32f60dc to 0xb32f9459
Event: 14.620 Thread 0xb6208400 Threw 0x9ecef0c8 at /build/openjdk-7-PdBaKN/openjdk-7-7u91-2.6.3/build/openjdk/hotspot/src/share/vm/prims/jvm.cpp:1322
Event: 25.819 Thread 0x6713ec00 Implicit null exception at 0xb338e0c4 to 0xb338f5c1

Events (10 events):
Event: 24.680 Thread 0xb6208400 Uncommon trap: trap_request=0xffffffc6 fr.pc=0xb336bc20
Event: 24.680 Thread 0xb6208400 DEOPT PACKING pc=0xb336bc20 sp=0xb6434720
Event: 24.680 Thread 0xb6208400 DEOPT UNPACKING pc=0xb322cbc8 sp=0xb6434724 mode 2
Event: 24.680 Thread 0xb6208400 Uncommon trap: trap_request=0xffffffc6 fr.pc=0xb336b9b8
Event: 24.680 Thread 0xb6208400 DEOPT PACKING pc=0xb336b9b8 sp=0xb6434720
Event: 24.680 Thread 0xb6208400 DEOPT UNPACKING pc=0xb322cbc8 sp=0xb6434724 mode 2
Event: 25.819 Thread 0x6713ec00 Uncommon trap: trap_request=0xfffffff4 fr.pc=0xb338f5cc
Event: 25.819 Thread 0x6713ec00 DEOPT PACKING pc=0xb338f5cc sp=0x66a56b00
Event: 25.819 Thread 0x6713ec00 DEOPT UNPACKING pc=0xb322cbc8 sp=0x66a56a9c mode 2
Event: 25.982 Executing VM operation: ParallelGCFailedAllocation


Dynamic libraries:
08048000-08049000 r-xp 00000000 08:01 804961     /usr/lib/jvm/java-7-openjdk-i386/jre/bin/java
08049000-0804a000 r--p 00000000 08:01 804961     /usr/lib/jvm/java-7-openjdk-i386/jre/bin/java
0804a000-0804b000 rw-p 00001000 08:01 804961     /usr/lib/jvm/java-7-openjdk-i386/jre/bin/java
093da000-09473000 rw-p 00000000 00:00 0          [heap]
65100000-651f5000 rw-p 00000000 00:00 0 
651f5000-65200000 ---p 00000000 00:00 0 
65200000-652af000 rw-p 00000000 00:00 0 
652af000-65300000 ---p 00000000 00:00 0 
65300000-653ff000 rw-p 00000000 00:00 0 
653ff000-65400000 ---p 00000000 00:00 0 
65400000-654fd000 rw-p 00000000 00:00 0 
654fd000-65500000 ---p 00000000 00:00 0 
65500000-655f9000 rw-p 00000000 00:00 0 
655f9000-65600000 ---p 00000000 00:00 0 
65600000-656f9000 rw-p 00000000 00:00 0 
656f9000-65700000 ---p 00000000 00:00 0 
65700000-657e9000 rw-p 00000000 00:00 0 
657e9000-65800000 ---p 00000000 00:00 0 
65800000-658fa000 rw-p 00000000 00:00 0 
658fa000-65900000 ---p 00000000 00:00 0 
65900000-659f0000 rw-p 00000000 00:00 0 
659f0000-65a00000 ---p 00000000 00:00 0 
65b00000-65bf0000 rw-p 00000000 00:00 0 
65bf0000-65c00000 ---p 00000000 00:00 0 
65c00000-65cff000 rw-p 00000000 00:00 0 
65cff000-65d00000 ---p 00000000 00:00 0 
65d00000-65dfa000 rw-p 00000000 00:00 0 
65dfa000-65e00000 ---p 00000000 00:00 0 
65e00000-65ef3000 rw-p 00000000 00:00 0 
65ef3000-65f00000 ---p 00000000 00:00 0 
65f00000-65ff1000 rw-p 00000000 00:00 0 
65ff1000-66000000 ---p 00000000 00:00 0 
66000000-660ff000 rw-p 00000000 00:00 0 
660ff000-66100000 ---p 00000000 00:00 0 
66100000-661fd000 rw-p 00000000 00:00 0 
661fd000-66200000 ---p 00000000 00:00 0 
66200000-662f5000 rw-p 00000000 00:00 0 
662f5000-66300000 ---p 00000000 00:00 0 
66300000-663fb000 rw-p 00000000 00:00 0 
663fb000-66400000 ---p 00000000 00:00 0 
66400000-664ff000 rw-p 00000000 00:00 0 
664ff000-66500000 ---p 00000000 00:00 0 
66500000-665fe000 rw-p 00000000 00:00 0 
665fe000-66600000 ---p 00000000 00:00 0 
66700000-667ff000 rw-p 00000000 00:00 0 
667ff000-66800000 ---p 00000000 00:00 0 
668c3000-668c6000 ---p 00000000 00:00 0 
668c6000-66914000 rw-p 00000000 00:00 0          [stack:5648]
66914000-66917000 ---p 00000000 00:00 0 
66917000-66965000 rw-p 00000000 00:00 0          [stack:5647]
66965000-66968000 ---p 00000000 00:00 0 
66968000-669b6000 rw-p 00000000 00:00 0          [stack:5642]
669b6000-669b9000 ---p 00000000 00:00 0 
669b9000-66a07000 rw-p 00000000 00:00 0          [stack:5640]
66a07000-66a0a000 ---p 00000000 00:00 0 
66a0a000-66c19000 rw-p 00000000 00:00 0          [stack:5639]
66c19000-66d3f000 r-xp 00000000 08:01 394573     /lib/i386-linux-gnu/libglib-2.0.so.0.4400.0
66d3f000-66d40000 r--p 00125000 08:01 394573     /lib/i386-linux-gnu/libglib-2.0.so.0.4400.0
66d40000-66d41000 rw-p 00126000 08:01 394573     /lib/i386-linux-gnu/libglib-2.0.so.0.4400.0
66d41000-66efa000 r-xp 00000000 08:01 137357     /usr/lib/i386-linux-gnu/libgio-2.0.so.0.4400.0
66efa000-66efd000 r--p 001b8000 08:01 137357     /usr/lib/i386-linux-gnu/libgio-2.0.so.0.4400.0
66efd000-66eff000 rw-p 001bb000 08:01 137357     /usr/lib/i386-linux-gnu/libgio-2.0.so.0.4400.0
66eff000-66f00000 rw-p 00000000 00:00 0 
66f00000-66ffc000 rw-p 00000000 00:00 0 
66ffc000-67000000 ---p 00000000 00:00 0 
67031000-670a1000 r-xp 00000000 08:01 394656     /lib/i386-linux-gnu/libpcre.so.3.13.1
670a1000-670a2000 r--p 0006f000 08:01 394656     /lib/i386-linux-gnu/libpcre.so.3.13.1
670a2000-670a3000 rw-p 00070000 08:01 394656     /lib/i386-linux-gnu/libpcre.so.3.13.1
670a3000-670fe000 r-xp 00000000 08:01 137385     /usr/lib/i386-linux-gnu/libgobject-2.0.so.0.4400.0
670fe000-670ff000 r--p 0005b000 08:01 137385     /usr/lib/i386-linux-gnu/libgobject-2.0.so.0.4400.0
670ff000-67100000 rw-p 0005c000 08:01 137385     /usr/lib/i386-linux-gnu/libgobject-2.0.so.0.4400.0
67100000-6716e000 rw-p 00000000 00:00 0 
6716e000-67200000 ---p 00000000 00:00 0 
67226000-6723a000 r-xp 00000000 08:01 394679     /lib/i386-linux-gnu/libresolv-2.21.so
6723a000-6723c000 r--p 00013000 08:01 394679     /lib/i386-linux-gnu/libresolv-2.21.so
6723c000-6723d000 rw-p 00015000 08:01 394679     /lib/i386-linux-gnu/libresolv-2.21.so
6723d000-6723f000 rw-p 00000000 00:00 0 
6723f000-67240000 ---p 00000000 00:00 0 
67240000-672c0000 rw-p 00000000 00:00 0          [stack:5633]
672c0000-672c3000 ---p 00000000 00:00 0 
672c3000-67311000 rw-p 00000000 00:00 0          [stack:5632]
67311000-67314000 ---p 00000000 00:00 0 
67314000-67392000 rw-p 00000000 00:00 0          [stack:5631]
67392000-67395000 ---p 00000000 00:00 0 
67395000-67413000 rw-p 00000000 00:00 0          [stack:5630]
67413000-6755a000 r-xp 00000000 08:01 136931     /usr/lib/i386-linux-gnu/libX11.so.6.3.0
6755a000-6755b000 r--p 00146000 08:01 136931     /usr/lib/i386-linux-gnu/libX11.so.6.3.0
6755b000-6755d000 rw-p 00147000 08:01 136931     /usr/lib/i386-linux-gnu/libX11.so.6.3.0
6755d000-6755e000 rw-p 00000000 00:00 0 
6755e000-67561000 ---p 00000000 00:00 0 
67561000-675af000 rw-p 00000000 00:00 0          [stack:5617]
675af000-677af000 r--p 00000000 08:01 143362     /usr/lib/locale/locale-archive
677af000-677b2000 ---p 00000000 00:00 0 
677b2000-67800000 rw-p 00000000 00:00 0          [stack:5613]
67800000-678fb000 rw-p 00000000 00:00 0 
678fb000-67900000 ---p 00000000 00:00 0 
67900000-67921000 rw-p 00000000 00:00 0 
67921000-67a00000 ---p 00000000 00:00 0 
67a00000-67b00000 rw-p 00000000 00:00 0 
67b0f000-67b33000 r-xp 00000000 08:01 394683     /lib/i386-linux-gnu/libselinux.so.1
67b33000-67b34000 r--p 00024000 08:01 394683     /lib/i386-linux-gnu/libselinux.so.1
67b34000-67b35000 rw-p 00025000 08:01 394683     /lib/i386-linux-gnu/libselinux.so.1
67b35000-67b36000 rw-p 00000000 00:00 0 
67b4d000-67b4e000 ---p 00000000 00:00 0 
67b4e000-67bce000 rw-p 00000000 00:00 0          [stack:5603]
67bce000-67d80000 r--s 01d2e000 08:01 804984     /usr/lib/jvm/java-7-openjdk-i386/jre/lib/rt.jar
67d80000-6a600000 rw-p 00000000 00:00 0 
6a600000-6a6fe000 rw-p 00000000 00:00 0 
6a6fe000-6a700000 ---p 00000000 00:00 0 
6a702000-6a709000 r-xp 00000000 08:01 137254     /usr/lib/i386-linux-gnu/libffi.so.6.0.4
6a709000-6a70b000 r--p 00006000 08:01 137254     /usr/lib/i386-linux-gnu/libffi.so.6.0.4
6a70b000-6a70c000 rw-p 00008000 08:01 137254     /usr/lib/i386-linux-gnu/libffi.so.6.0.4
6a70c000-6a72c000 r-xp 00000000 08:01 138125     /usr/lib/i386-linux-gnu/libxcb.so.1.1.0
6a72c000-6a72d000 r--p 0001f000 08:01 138125     /usr/lib/i386-linux-gnu/libxcb.so.1.1.0
6a72d000-6a72e000 rw-p 00020000 08:01 138125     /usr/lib/i386-linux-gnu/libxcb.so.1.1.0
6a72e000-6a731000 ---p 00000000 00:00 0 
6a731000-6a77f000 rw-p 00000000 00:00 0          [stack:5609]
6a77f000-6a780000 ---p 00000000 00:00 0 
6a780000-6a800000 rw-p 00000000 00:00 0          [stack:5600]
6a800000-6a821000 rw-p 00000000 00:00 0 
6a821000-6a900000 ---p 00000000 00:00 0 
6a906000-6a909000 r-xp 00000000 08:01 137371     /usr/lib/i386-linux-gnu/libgmodule-2.0.so.0.4400.0
6a909000-6a90a000 r--p 00002000 08:01 137371     /usr/lib/i386-linux-gnu/libgmodule-2.0.so.0.4400.0
6a90a000-6a90b000 rw-p 00003000 08:01 137371     /usr/lib/i386-linux-gnu/libgmodule-2.0.so.0.4400.0
6a90b000-6a922000 r-xp 00000000 08:01 805027     /usr/lib/jvm/java-7-openjdk-i386/jre/lib/i386/libnet.so
6a922000-6a923000 r--p 00016000 08:01 805027     /usr/lib/jvm/java-7-openjdk-i386/jre/lib/i386/libnet.so
6a923000-6a924000 rw-p 00017000 08:01 805027     /usr/lib/jvm/java-7-openjdk-i386/jre/lib/i386/libnet.so
6a924000-6a934000 r-xp 00000000 08:01 804991     /usr/lib/jvm/java-7-openjdk-i386/jre/lib/i386/libnio.so
6a934000-6a935000 r--p 00010000 08:01 804991     /usr/lib/jvm/java-7-openjdk-i386/jre/lib/i386/libnio.so
6a935000-6a936000 rw-p 00011000 08:01 804991     /usr/lib/jvm/java-7-openjdk-i386/jre/lib/i386/libnio.so
6a936000-6a97f000 rw-p 00000000 00:00 0 
6a97f000-6a980000 ---p 00000000 00:00 0 
6a980000-6aa00000 rw-p 00000000 00:00 0          [stack:5598]
6aa00000-6aa21000 rw-p 00000000 00:00 0 
6aa21000-6ab00000 ---p 00000000 00:00 0 
6ab00000-6ab15000 r--s 000e5000 08:01 947900     /home/student/test/HealthyBit/app/build/intermediates/exploded-aar/com.android.support/support-v4/23.1.1/jars/classes.jar
6ab15000-6ab24000 r--s 000df000 08:01 1062595    /home/student/Android/Sdk/build-tools/23.0.3/lib/dx.jar
6ab24000-6ab7f000 rw-p 00000000 00:00 0 
6ab7f000-6ab80000 ---p 00000000 00:00 0 
6ab80000-6ac00000 rw-p 00000000 00:00 0          [stack:5594]
6ac00000-6ac2f000 rw-p 00000000 00:00 0 
6ac2f000-6ad00000 ---p 00000000 00:00 0 
6ad02000-6ad07000 r-xp 00000000 08:01 136946     /usr/lib/i386-linux-gnu/libXdmcp.so.6.0.0
6ad07000-6ad08000 r--p 00004000 08:01 136946     /usr/lib/i386-linux-gnu/libXdmcp.so.6.0.0
6ad08000-6ad09000 rw-p 00005000 08:01 136946     /usr/lib/i386-linux-gnu/libXdmcp.so.6.0.0
6ad09000-6ad0b000 r-xp 00000000 08:01 136935     /usr/lib/i386-linux-gnu/libXau.so.6.0.0
6ad0b000-6ad0c000 r--p 00001000 08:01 136935     /usr/lib/i386-linux-gnu/libXau.so.6.0.0
6ad0c000-6ad0d000 rw-p 00002000 08:01 136935     /usr/lib/i386-linux-gnu/libXau.so.6.0.0
6ad0d000-6ad28000 rw-p 00000000 00:00 0 
6ad28000-6ad29000 ---p 00000000 00:00 0 
6ad29000-6adbe000 rw-p 00000000 00:00 0          [stack:5587]
6adbe000-6aeff000 rw-p 00000000 00:00 0 
6aeff000-6af07000 rw-p 00000000 00:00 0 
6af07000-6af3f000 rw-p 00000000 00:00 0 
6af3f000-6af54000 rw-p 00000000 00:00 0 
6af54000-6b094000 rw-p 00000000 00:00 0 
6b094000-6b0e7000 rw-p 00000000 00:00 0 
6b0e7000-6b13f000 rw-p 00000000 00:00 0 
6b13f000-6c140000 rw-p 00000000 00:00 0 
6c140000-73140000 rw-p 00000000 00:00 0 
73140000-75b40000 rw-p 00000000 00:00 0 
75b40000-9dbc0000 rw-p 00000000 00:00 0 
9dbc0000-a8040000 rw-p 00000000 00:00 0 
b12c0000-b3140000 rw-p 00000000 00:00 0 
b3140000-b3149000 rw-p 00000000 00:00 0 
b3149000-b3200000 rw-p 00000000 00:00 0 
b3200000-b3440000 rwxp 00000000 00:00 0 
b3440000-b6300000 rw-p 00000000 00:00 0 
b6300000-b6302000 r-xp 00000000 08:01 141618     /usr/lib/jayatana/libjayatanaag.so
b6302000-b6303000 r--p 00001000 08:01 141618     /usr/lib/jayatana/libjayatanaag.so
b6303000-b6304000 rw-p 00002000 08:01 141618     /usr/lib/jayatana/libjayatanaag.so
b6304000-b6305000 r--s 00000000 08:01 414147     /usr/share/java/jayatanaag.jar
b6305000-b6309000 r--s 00085000 08:01 804976     /usr/lib/jvm/java-7-openjdk-i386/jre/lib/ext/localedata.jar
b6309000-b630d000 r--s 00034000 08:01 804978     /usr/lib/jvm/java-7-openjdk-i386/jre/lib/ext/sunjce_provider.jar
b630d000-b6311000 r--s 0003c000 08:01 804979     /usr/lib/jvm/java-7-openjdk-i386/jre/lib/ext/sunpkcs11.jar
b6311000-b6319000 rw-p 00000000 00:00 0 
b6319000-b6351000 rw-p 00000000 00:00 0 
b6351000-b635d000 r-xp 00000000 08:01 394626     /lib/i386-linux-gnu/libnss_files-2.21.so
b635d000-b635e000 r--p 0000b000 08:01 394626     /lib/i386-linux-gnu/libnss_files-2.21.so
b635e000-b635f000 rw-p 0000c000 08:01 394626     /lib/i386-linux-gnu/libnss_files-2.21.so
b635f000-b636a000 r-xp 00000000 08:01 394636     /lib/i386-linux-gnu/libnss_nis-2.21.so
b636a000-b636b000 r--p 0000a000 08:01 394636     /lib/i386-linux-gnu/libnss_nis-2.21.so
b636b000-b636c000 rw-p 0000b000 08:01 394636     /lib/i386-linux-gnu/libnss_nis-2.21.so
b636c000-b6383000 r-xp 00000000 08:01 394620     /lib/i386-linux-gnu/libnsl-2.21.so
b6383000-b6384000 r--p 00016000 08:01 394620     /lib/i386-linux-gnu/libnsl-2.21.so
b6384000-b6385000 rw-p 00017000 08:01 394620     /lib/i386-linux-gnu/libnsl-2.21.so
b6385000-b6387000 rw-p 00000000 00:00 0 
b6387000-b638f000 r-xp 00000000 08:01 394622     /lib/i386-linux-gnu/libnss_compat-2.21.so
b638f000-b6390000 r--p 00007000 08:01 394622     /lib/i386-linux-gnu/libnss_compat-2.21.so
b6390000-b6391000 rw-p 00008000 08:01 394622     /lib/i386-linux-gnu/libnss_compat-2.21.so
b6391000-b6394000 r--s 0000f000 08:01 804977     /usr/lib/jvm/java-7-openjdk-i386/jre/lib/ext/icedtea-sound.jar
b6394000-b6396000 r--s 00012000 08:01 804975     /usr/lib/jvm/java-7-openjdk-i386/jre/lib/ext/zipfs.jar
b6396000-b639e000 r-xp 00000000 08:01 804995     /usr/lib/jvm/java-7-openjdk-i386/jre/lib/i386/libzip.so
b639e000-b639f000 r--p 00007000 08:01 804995     /usr/lib/jvm/java-7-openjdk-i386/jre/lib/i386/libzip.so
b639f000-b63a0000 rw-p 00008000 08:01 804995     /usr/lib/jvm/java-7-openjdk-i386/jre/lib/i386/libzip.so
b63a0000-b63a8000 rw-s 00000000 08:01 429812     /tmp/hsperfdata_student/5567
b63a8000-b63b2000 r-xp 00000000 08:01 805017     /usr/lib/jvm/java-7-openjdk-i386/jre/lib/i386/libinstrument.so
b63b2000-b63b3000 r--p 00009000 08:01 805017     /usr/lib/jvm/java-7-openjdk-i386/jre/lib/i386/libinstrument.so
b63b3000-b63b4000 rw-p 0000a000 08:01 805017     /usr/lib/jvm/java-7-openjdk-i386/jre/lib/i386/libinstrument.so
b63b4000-b63da000 r-xp 00000000 08:01 805003     /usr/lib/jvm/java-7-openjdk-i386/jre/lib/i386/libjava.so
b63da000-b63db000 r--p 00025000 08:01 805003     /usr/lib/jvm/java-7-openjdk-i386/jre/lib/i386/libjava.so
b63db000-b63dc000 rw-p 00026000 08:01 805003     /usr/lib/jvm/java-7-openjdk-i386/jre/lib/i386/libjava.so
b63dc000-b63e3000 r-xp 00000000 08:01 394681     /lib/i386-linux-gnu/librt-2.21.so
b63e3000-b63e4000 r--p 00006000 08:01 394681     /lib/i386-linux-gnu/librt-2.21.so
b63e4000-b63e5000 rw-p 00007000 08:01 394681     /lib/i386-linux-gnu/librt-2.21.so
b63e5000-b63e8000 ---p 00000000 00:00 0 
b63e8000-b6436000 rw-p 00000000 00:00 0          [stack:5583]
b6436000-b6452000 r-xp 00000000 08:01 394569     /lib/i386-linux-gnu/libgcc_s.so.1
b6452000-b6453000 rw-p 0001b000 08:01 394569     /lib/i386-linux-gnu/libgcc_s.so.1
b6453000-b649e000 r-xp 00000000 08:01 394599     /lib/i386-linux-gnu/libm-2.21.so
b649e000-b649f000 r--p 0004a000 08:01 394599     /lib/i386-linux-gnu/libm-2.21.so
b649f000-b64a0000 rw-p 0004b000 08:01 394599     /lib/i386-linux-gnu/libm-2.21.so
b64a0000-b6589000 r-xp 00000000 08:01 137921     /usr/lib/i386-linux-gnu/libstdc++.so.6.0.20
b6589000-b658d000 r--p 000e9000 08:01 137921     /usr/lib/i386-linux-gnu/libstdc++.so.6.0.20
b658d000-b658e000 rw-p 000ed000 08:01 137921     /usr/lib/i386-linux-gnu/libstdc++.so.6.0.20
b658e000-b6595000 rw-p 00000000 00:00 0 
b6595000-b70e8000 r-xp 00000000 08:01 805013     /usr/lib/jvm/java-7-openjdk-i386/jre/lib/i386/server/libjvm.so
b70e8000-b713c000 r--p 00b52000 08:01 805013     /usr/lib/jvm/java-7-openjdk-i386/jre/lib/i386/server/libjvm.so
b713c000-b7150000 rw-p 00ba6000 08:01 805013     /usr/lib/jvm/java-7-openjdk-i386/jre/lib/i386/server/libjvm.so
b7150000-b756f000 rw-p 00000000 00:00 0 
b756f000-b7588000 r-xp 00000000 08:01 394714     /lib/i386-linux-gnu/libz.so.1.2.8
b7588000-b7589000 r--p 00019000 08:01 394714     /lib/i386-linux-gnu/libz.so.1.2.8
b7589000-b758a000 rw-p 0001a000 08:01 394714     /lib/i386-linux-gnu/libz.so.1.2.8
b758a000-b75a3000 r-xp 00000000 08:01 394673     /lib/i386-linux-gnu/libpthread-2.21.so
b75a3000-b75a4000 r--p 00018000 08:01 394673     /lib/i386-linux-gnu/libpthread-2.21.so
b75a4000-b75a5000 rw-p 00019000 08:01 394673     /lib/i386-linux-gnu/libpthread-2.21.so
b75a5000-b75a7000 rw-p 00000000 00:00 0 
b75a7000-b75aa000 r-xp 00000000 08:01 394557     /lib/i386-linux-gnu/libdl-2.21.so
b75aa000-b75ab000 r--p 00002000 08:01 394557     /lib/i386-linux-gnu/libdl-2.21.so
b75ab000-b75ac000 rw-p 00003000 08:01 394557     /lib/i386-linux-gnu/libdl-2.21.so
b75ac000-b7760000 r-xp 00000000 08:01 394540     /lib/i386-linux-gnu/libc-2.21.so
b7760000-b7763000 r--p 001b3000 08:01 394540     /lib/i386-linux-gnu/libc-2.21.so
b7763000-b7765000 rw-p 001b6000 08:01 394540     /lib/i386-linux-gnu/libc-2.21.so
b7765000-b7767000 rw-p 00000000 00:00 0 
b7767000-b7768000 r--s 00002000 08:01 804980     /usr/lib/jvm/java-7-openjdk-i386/jre/lib/ext/dnsns.jar
b7768000-b776a000 r--s 00006000 08:01 399091     /usr/share/java/java-atk-wrapper.jar
b776a000-b776b000 r--p 005e0000 08:01 143362     /usr/lib/locale/locale-archive
b776b000-b776c000 rw-p 00000000 00:00 0 
b776c000-b776d000 ---p 00000000 00:00 0 
b776d000-b777b000 r-xp 00000000 08:01 805022     /usr/lib/jvm/java-7-openjdk-i386/jre/lib/i386/libverify.so
b777b000-b777d000 r--p 0000d000 08:01 805022     /usr/lib/jvm/java-7-openjdk-i386/jre/lib/i386/libverify.so
b777d000-b777e000 rw-p 0000f000 08:01 805022     /usr/lib/jvm/java-7-openjdk-i386/jre/lib/i386/libverify.so
b777e000-b778a000 r-xp 00000000 08:01 805024     /usr/lib/jvm/java-7-openjdk-i386/jre/lib/i386/jli/libjli.so
b778a000-b778b000 r--p 0000b000 08:01 805024     /usr/lib/jvm/java-7-openjdk-i386/jre/lib/i386/jli/libjli.so
b778b000-b778c000 rw-p 0000c000 08:01 805024     /usr/lib/jvm/java-7-openjdk-i386/jre/lib/i386/jli/libjli.so
b778c000-b778f000 rw-p 00000000 00:00 0 
b778f000-b7791000 r--p 00000000 00:00 0          [vvar]
b7791000-b7792000 r-xp 00000000 00:00 0          [vdso]
b7792000-b77b4000 r-xp 00000000 08:01 394512     /lib/i386-linux-gnu/ld-2.21.so
b77b4000-b77b5000 r--p 00021000 08:01 394512     /lib/i386-linux-gnu/ld-2.21.so
b77b5000-b77b6000 rw-p 00022000 08:01 394512     /lib/i386-linux-gnu/ld-2.21.so
bfe5b000-bfe5c000 rwxp 00000000 00:00 0 
bfe8d000-bfeaf000 rw-p 00000000 00:00 0          [stack]

VM Arguments:
jvm_args: -javaagent:/usr/share/java/jayatanaag.jar -Djava.awt.headless=true -Xmx1024M -Dfile.encoding=UTF-8 -Duser.country=US -Duser.language=en -Duser.variant 
java_command: com.android.dx.command.Main --dex --num-threads=4 --multi-dex --output /home/student/test/HealthyBit/app/build/intermediates/transforms/dex/debug/folders/1000/10/com.android.support-support-v4-23.1.1_30ce719122a5f019622bd4167c7cc6cd84f7fd07 /home/student/test/HealthyBit/app/build/intermediates/exploded-aar/com.android.support/support-v4/23.1.1/jars/classes.jar
Launcher Type: SUN_STANDARD

Environment Variables:
JAVA_TOOL_OPTIONS=-javaagent:/usr/share/java/jayatanaag.jar 
PATH=/home/student/.linuxbrew/bin:/usr/local/sbin:/usr/local/bin:/usr/sbin:/usr/bin:/sbin:/bin:/usr/games:/usr/local/games:/etc/android-studio/bin/:/home/student/Android/Sdk/platform-tools:/home/student/Android/Sdk/tools
LD_LIBRARY_PATH=/etc/android-studio/bin:
SHELL=/bin/bash
DISPLAY=:0

Signal Handlers:
SIGSEGV: [libjvm.so+0x7f7d00], sa_mask[0]=0x7ffbfeff, sa_flags=0x10000004
SIGBUS: [libjvm.so+0x7f7d00], sa_mask[0]=0x7ffbfeff, sa_flags=0x10000004
SIGFPE: [libjvm.so+0x67a9d0], sa_mask[0]=0x7ffbfeff, sa_flags=0x10000004
SIGPIPE: [libjvm.so+0x67a9d0], sa_mask[0]=0x7ffbfeff, sa_flags=0x10000004
SIGXFSZ: [libjvm.so+0x67a9d0], sa_mask[0]=0x7ffbfeff, sa_flags=0x10000004
SIGILL: [libjvm.so+0x67a9d0], sa_mask[0]=0x7ffbfeff, sa_flags=0x10000004
SIGUSR1: SIG_DFL, sa_mask[0]=0x00000000, sa_flags=0x00000000
SIGUSR2: [libjvm.so+0x67a820], sa_mask[0]=0x00000004, sa_flags=0x10000004
SIGHUP: [libjvm.so+0x67aa80], sa_mask[0]=0x7ffbfeff, sa_flags=0x10000004
SIGINT: [libjvm.so+0x67aa80], sa_mask[0]=0x7ffbfeff, sa_flags=0x10000004
SIGTERM: [libjvm.so+0x67aa80], sa_mask[0]=0x7ffbfeff, sa_flags=0x10000004
SIGQUIT: [libjvm.so+0x67aa80], sa_mask[0]=0x7ffbfeff, sa_flags=0x10000004
SIGTRAP: SIG_DFL, sa_mask[0]=0x00000000, sa_flags=0x00000000


---------------  S Y S T E M  ---------------

OS:Ubuntu 15.04 (vivid)
uname:Linux 3.19.0-18-generic #18-Ubuntu SMP Tue May 19 18:30:59 UTC 2015 i686
libc:glibc 2.21 NPTL 2.21 
rlimit: STACK 8192k, CORE 0k, NPROC 32177, NOFILE 65536, AS infinity
load average:8.36 5.76 4.49

/proc/meminfo:
MemTotal:        4139540 kB
MemFree:          252800 kB
MemAvailable:     208112 kB
Buffers:           16704 kB
Cached:            98520 kB
SwapCached:            0 kB
Active:          3481492 kB
Inactive:          60772 kB
Active(anon):    3428216 kB
Inactive(anon):    37620 kB
Active(file):      53276 kB
Inactive(file):    23152 kB
Unevictable:          32 kB
Mlocked:              32 kB
HighTotal:       3280776 kB
HighFree:          76960 kB
LowTotal:         858764 kB
LowFree:          175840 kB
SwapTotal:             0 kB
SwapFree:              0 kB
Dirty:               440 kB
Writeback:             0 kB
AnonPages:       3427020 kB
Mapped:            73844 kB
Shmem:             38796 kB
Slab:              49448 kB
SReclaimable:      23508 kB
SUnreclaim:        25940 kB
KernelStack:        5208 kB
PageTables:        14768 kB
NFS_Unstable:          0 kB
Bounce:                0 kB
WritebackTmp:          0 kB
CommitLimit:     2069768 kB
Committed_AS:    6131048 kB
VmallocTotal:     122880 kB
VmallocUsed:       23416 kB
VmallocChunk:      49124 kB
AnonHugePages:   2656256 kB
CmaTotal:              0 kB
CmaFree:               0 kB
HugePages_Total:       0
HugePages_Free:        0
HugePages_Rsvd:        0
HugePages_Surp:        0
Hugepagesize:       2048 kB
DirectMap4k:       61432 kB
DirectMap2M:      851968 kB


CPU:total 4 (1 cores per cpu, 1 threads per core) family 6 model 58 stepping 9, cmov, cx8, fxsr, mmx, sse, sse2, sse3, ssse3, sse4.1, sse4.2, popcnt, avx, aes, erms, tsc, tscinvbit, tscinv

/proc/cpuinfo:
processor	: 0
vendor_id	: GenuineIntel
cpu family	: 6
model		: 58
model name	: Intel(R) Core(TM) i5-3210M CPU @ 2.50GHz
stepping	: 9
microcode	: 0x15
cpu MHz		: 2494.111
cache size	: 3072 KB
physical id	: 0
siblings	: 1
core id		: 0
cpu cores	: 1
apicid		: 0
initial apicid	: 0
fdiv_bug	: no
f00f_bug	: no
coma_bug	: no
fpu		: yes
fpu_exception	: yes
cpuid level	: 13
wp		: yes
flags		: fpu vme de pse tsc msr pae mce cx8 apic sep mtrr pge mca cmov pat pse36 clflush dts mmx fxsr sse sse2 ss nx rdtscp lm constant_tsc arch_perfmon pebs bts xtopology tsc_reliable nonstop_tsc aperfmperf pni pclmulqdq ssse3 cx16 pcid sse4_1 sse4_2 x2apic popcnt tsc_deadline_timer aes xsave avx f16c rdrand hypervisor lahf_lm ida arat epb pln pts dtherm fsgsbase tsc_adjust smep
bugs		:
bogomips	: 4988.22
clflush size	: 64
cache_alignment	: 64
address sizes	: 42 bits physical, 48 bits virtual
power management:

processor	: 1
vendor_id	: GenuineIntel
cpu family	: 6
model		: 58
model name	: Intel(R) Core(TM) i5-3210M CPU @ 2.50GHz
stepping	: 9
microcode	: 0x15
cpu MHz		: 2494.111
cache size	: 3072 KB
physical id	: 2
siblings	: 1
core id		: 0
cpu cores	: 1
apicid		: 2
initial apicid	: 2
fdiv_bug	: no
f00f_bug	: no
coma_bug	: no
fpu		: yes
fpu_exception	: yes
cpuid level	: 13
wp		: yes
flags		: fpu vme de pse tsc msr pae mce cx8 apic sep mtrr pge mca cmov pat pse36 clflush dts mmx fxsr sse sse2 ss nx rdtscp lm constant_tsc arch_perfmon pebs bts xtopology tsc_reliable nonstop_tsc aperfmperf pni pclmulqdq ssse3 cx16 pcid sse4_1 sse4_2 x2apic popcnt tsc_deadline_timer aes xsave avx f16c rdrand hypervisor lahf_lm ida arat epb pln pts dtherm fsgsbase tsc_adjust smep
bugs		:
bogomips	: 4988.22
clflush size	: 64
cache_alignment	: 64
address sizes	: 42 bits physical, 48 bits virtual
power management:

processor	: 2
vendor_id	: GenuineIntel
cpu family	: 6
model		: 58
model name	: Intel(R) Core(TM) i5-3210M CPU @ 2.50GHz
stepping	: 9
microcode	: 0x15
cpu MHz		: 2494.111
cache size	: 3072 KB
physical id	: 4
siblings	: 1
core id		: 0
cpu cores	: 1
apicid		: 4
initial apicid	: 4
fdiv_bug	: no
f00f_bug	: no
coma_bug	: no
fpu		: yes
fpu_exception	: yes
cpuid level	: 13
wp		: yes
flags		: fpu vme de pse tsc msr pae mce cx8 apic sep mtrr pge mca cmov pat pse36 clflush dts mmx fxsr sse sse2 ss nx rdtscp lm constant_tsc arch_perfmon pebs bts xtopology tsc_reliable nonstop_tsc aperfmperf pni pclmulqdq ssse3 cx16 pcid sse4_1 sse4_2 x2apic popcnt tsc_deadline_timer aes xsave avx f16c rdrand hypervisor lahf_lm ida arat epb pln pts dtherm fsgsbase tsc_adjust smep
bugs		:
bogomips	: 4988.22
clflush size	: 64
cache_alignment	: 64
address sizes	: 42 bits physical, 48 bits virtual
power management:

processor	: 3
vendor_id	: GenuineIntel
cpu family	: 6
model		: 58
model name	: Intel(R) Core(TM) i5-3210M CPU @ 2.50GHz
stepping	: 9
microcode	: 0x15
cpu MHz		: 2494.111
cache size	: 3072 KB
physical id	: 6
siblings	: 1
core id		: 0
cpu cores	: 1
apicid		: 6
initial apicid	: 6
fdiv_bug	: no
f00f_bug	: no
coma_bug	: no
fpu		: yes
fpu_exception	: yes
cpuid level	: 13
wp		: yes
flags		: fpu vme de pse tsc msr pae mce cx8 apic sep mtrr pge mca cmov pat pse36 clflush dts mmx fxsr sse sse2 ss nx rdtscp lm constant_tsc arch_perfmon pebs bts xtopology tsc_reliable nonstop_tsc aperfmperf pni pclmulqdq ssse3 cx16 pcid sse4_1 sse4_2 x2apic popcnt tsc_deadline_timer aes xsave avx f16c rdrand hypervisor lahf_lm ida arat epb pln pts dtherm fsgsbase tsc_adjust smep
bugs		:
bogomips	: 4988.22
clflush size	: 64
cache_alignment	: 64
address sizes	: 42 bits physical, 48 bits virtual
power management:



Memory: 4k page, physical 4139540k(252800k free), swap 0k(0k free)

vm_info: OpenJDK Server VM (24.91-b01) for linux-x86 JRE (1.7.0_91-b02), built on Nov 19 2015 06:25:06 by "buildd" with gcc 4.9.2

time: Tue May  3 16:06:16 2016
elapsed time: 26 seconds

