#
# There is insufficient memory for the Java Runtime Environment to continue.
# Native memory allocation (malloc) failed to allocate 95420416 bytes for committing reserved memory.
# Possible reasons:
#   The system is out of physical RAM or swap space
#   In 32 bit mode, the process size limit was hit
# Possible solutions:
#   Reduce memory load on the system
#   Increase physical memory or swap space
#   Check if swap backing store is full
#   Use 64 bit Java on a 64 bit OS
#   Decrease Java heap size (-Xmx/-Xms)
#   Decrease number of Java threads
#   Decrease Java thread stack sizes (-Xss)
#   Set larger code cache with -XX:ReservedCodeCacheSize=
# This output file may be truncated or incomplete.
#
#  Out of Memory Error (os_linux.cpp:2827), pid=7045, tid=1739381568
#
# JRE version: OpenJDK Runtime Environment (7.0_91-b02) (build 1.7.0_91-b02)
# Java VM: OpenJDK Server VM (24.91-b01 mixed mode linux-x86 )
# Derivative: IcedTea 2.6.3
# Distribution: Ubuntu 15.04, package 7u91-2.6.3-0ubuntu0.15.04.1
# Failed to write core dump. Core dumps have been disabled. To enable core dumping, try "ulimit -c unlimited" before starting Java again
#

---------------  T H R E A D  ---------------

Current thread (0x67981400):  VMThread [stack: 0x67a4d000,0x67ace000] [id=7055]

Stack: [0x67a4d000,0x67ace000]
VM_Operation (0x669f1c4c): ParallelGCFailedAllocation, mode: safepoint, requested by thread 0x6704e800


---------------  P R O C E S S  ---------------

Java Threads: ( => current thread )
  0x6704f400 JavaThread "pool-2-thread-4" [_thread_blocked, id=7078, stack(0x66951000,0x669a2000)]
  0x6704e800 JavaThread "pool-2-thread-3" [_thread_blocked, id=7077, stack(0x669a2000,0x669f3000)]
  0x6704b000 JavaThread "pool-2-thread-2" [_thread_blocked, id=7074, stack(0x669f3000,0x66a44000)]
  0x67047400 JavaThread "pool-3-thread-1" [_thread_blocked, id=7073, stack(0x66a44000,0x66a95000)]
  0x67046400 JavaThread "pool-2-thread-1" [_thread_blocked, id=7072, stack(0x66a95000,0x66ae6000)]
  0x679ee800 JavaThread "Service Thread" daemon [_thread_blocked, id=7065, stack(0x67211000,0x67262000)]
  0x679ec800 JavaThread "C2 CompilerThread1" daemon [_thread_in_native, id=7064, stack(0x67262000,0x672e3000)]
  0x679eb400 JavaThread "C2 CompilerThread0" daemon [_thread_blocked, id=7061, stack(0x672e3000,0x67364000)]
  0x67998400 JavaThread "Signal Dispatcher" daemon [_thread_blocked, id=7059, stack(0x674af000,0x67500000)]
  0x67985400 JavaThread "Finalizer" daemon [_thread_blocked, id=7058, stack(0x6a62e000,0x6a67f000)]
  0x67983c00 JavaThread "Reference Handler" daemon [_thread_blocked, id=7057, stack(0x6a82e000,0x6a87f000)]
  0xb6208400 JavaThread "main" [_thread_blocked, id=7048, stack(0xb634e000,0xb639f000)]

Other Threads:
=>0x67981400 VMThread [stack: 0x67a4d000,0x67ace000] [id=7055]
  0x679f0800 WatcherThread [stack: 0x67190000,0x67211000] [id=7067]

VM state:at safepoint (normal execution)

VM Mutex/Monitor currently owned by a thread:  ([mutex/lock_event])
[0xb6205e10] Threads_lock - owner thread: 0x67981400
[0xb6206220] Heap_lock - owner thread: 0x6704e800

Heap
 PSYoungGen      total 69120K, used 2551K [0x9db40000, 0xa2140000, 0xb30c0000)
  eden space 66560K, 0% used [0x9db40000,0x9db40000,0xa1c40000)
  from space 2560K, 99% used [0xa1c40000,0xa1ebde20,0xa1ec0000)
  to   space 2560K, 0% used [0xa1ec0000,0xa1ec0000,0xa2140000)
 ParOldGen       total 43008K, used 24085K [0x730c0000, 0x75ac0000, 0x9db40000)
  object space 43008K, 56% used [0x730c0000,0x74845480,0x75ac0000)
 PSPermGen       total 16384K, used 4265K [0x6b0c0000, 0x6c0c0000, 0x730c0000)
  object space 16384K, 26% used [0x6b0c0000,0x6b4ea7c0,0x6c0c0000)

Card table byte_map: [0x6ae7f000,0x6b0c0000] byte_map_base: 0x6ab26a00

Polling page: 0xb76d5000

Code Cache  [0xb31b3000, 0xb33f3000, 0xb61b3000)
 total_blobs=376 nmethods=253 adapters=76 free_code_cache=48261Kb largest_free_block=49384192

Compilation events (10 events):
Event: 10.311 Thread 0x679eb400 nmethod 253 0xb3276708 code [0xb3276800, 0xb3276910]
Event: 10.311 Thread 0x679eb400  254             com.android.dx.rop.code.RegisterSpec::getNextReg (10 bytes)
Event: 10.313 Thread 0x679eb400 nmethod 254 0xb3274ac8 code [0xb3274bc0, 0xb3274c70]
Event: 10.313 Thread 0x679eb400  255             com.android.dx.rop.code.BasicBlockList$RegCountVisitor::processReg (19 bytes)
Event: 10.341 Thread 0x679eb400 nmethod 255 0xb32747c8 code [0xb32748c0, 0xb3274990]
Event: 10.341 Thread 0x679eb400  256             com.android.dx.ssa.PhiInsn::predBlocksForReg (73 bytes)
Event: 10.407 Thread 0x679eb400 nmethod 256 0xb32773c8 code [0xb3277520, 0xb3277984]
Event: 10.407 Thread 0x679eb400  257             com.android.dx.rop.code.LocalVariableExtractor::processBlock (327 bytes)
Event: 10.693 Thread 0x679eb400 nmethod 257 0xb3296088 code [0xb32963a0, 0xb329784c]
Event: 10.693 Thread 0x679eb400  258             com.android.dx.ssa.back.IdenticalBlockCombiner::process (323 bytes)

GC Heap History (9 events):
Event: 1.897 GC heap before
{Heap before GC invocations=1 (full 0):
 PSYoungGen      total 19200K, used 16640K [0x9db40000, 0x9f080000, 0xb30c0000)
  eden space 16640K, 100% used [0x9db40000,0x9eb80000,0x9eb80000)
  from space 2560K, 0% used [0x9ee00000,0x9ee00000,0x9f080000)
  to   space 2560K, 0% used [0x9eb80000,0x9eb80000,0x9ee00000)
 ParOldGen       total 43008K, used 0K [0x730c0000, 0x75ac0000, 0x9db40000)
  object space 43008K, 0% used [0x730c0000,0x730c0000,0x75ac0000)
 PSPermGen       total 16384K, used 3079K [0x6b0c0000, 0x6c0c0000, 0x730c0000)
  object space 16384K, 18% used [0x6b0c0000,0x6b3c1e78,0x6c0c0000)
Event: 1.963 GC heap after
Heap after GC invocations=1 (full 0):
 PSYoungGen      total 19200K, used 1304K [0x9db40000, 0xa00c0000, 0xb30c0000)
  eden space 16640K, 0% used [0x9db40000,0x9db40000,0x9eb80000)
  from space 2560K, 50% used [0x9eb80000,0x9ecc6148,0x9ee00000)
  to   space 2560K, 0% used [0x9fe40000,0x9fe40000,0xa00c0000)
 ParOldGen       total 43008K, used 0K [0x730c0000, 0x75ac0000, 0x9db40000)
  object space 43008K, 0% used [0x730c0000,0x730c0000,0x75ac0000)
 PSPermGen       total 16384K, used 3079K [0x6b0c0000, 0x6c0c0000, 0x730c0000)
  object space 16384K, 18% used [0x6b0c0000,0x6b3c1e78,0x6c0c0000)
}
Event: 3.556 GC heap before
{Heap before GC invocations=2 (full 0):
 PSYoungGen      total 19200K, used 17944K [0x9db40000, 0xa00c0000, 0xb30c0000)
  eden space 16640K, 100% used [0x9db40000,0x9eb80000,0x9eb80000)
  from space 2560K, 50% used [0x9eb80000,0x9ecc6148,0x9ee00000)
  to   space 2560K, 0% used [0x9fe40000,0x9fe40000,0xa00c0000)
 ParOldGen       total 43008K, used 0K [0x730c0000, 0x75ac0000, 0x9db40000)
  object space 43008K, 0% used [0x730c0000,0x730c0000,0x75ac0000)
 PSPermGen       total 16384K, used 4109K [0x6b0c0000, 0x6c0c0000, 0x730c0000)
  object space 16384K, 25% used [0x6b0c0000,0x6b4c34e8,0x6c0c0000)
Event: 3.585 GC heap after
Heap after GC invocations=2 (full 0):
 PSYoungGen      total 35840K, used 2545K [0x9db40000, 0xa00c0000, 0xb30c0000)
  eden space 33280K, 0% used [0x9db40000,0x9db40000,0x9fbc0000)
  from space 2560K, 99% used [0x9fe40000,0xa00bc638,0xa00c0000)
  to   space 2560K, 0% used [0x9fbc0000,0x9fbc0000,0x9fe40000)
 ParOldGen       total 43008K, used 1768K [0x730c0000, 0x75ac0000, 0x9db40000)
  object space 43008K, 4% used [0x730c0000,0x7327a3a8,0x75ac0000)
 PSPermGen       total 16384K, used 4109K [0x6b0c0000, 0x6c0c0000, 0x730c0000)
  object space 16384K, 25% used [0x6b0c0000,0x6b4c34e8,0x6c0c0000)
}
Event: 6.204 GC heap before
{Heap before GC invocations=3 (full 0):
 PSYoungGen      total 35840K, used 35825K [0x9db40000, 0xa00c0000, 0xb30c0000)
  eden space 33280K, 100% used [0x9db40000,0x9fbc0000,0x9fbc0000)
  from space 2560K, 99% used [0x9fe40000,0xa00bc638,0xa00c0000)
  to   space 2560K, 0% used [0x9fbc0000,0x9fbc0000,0x9fe40000)
 ParOldGen       total 43008K, used 1768K [0x730c0000, 0x75ac0000, 0x9db40000)
  object space 43008K, 4% used [0x730c0000,0x7327a3a8,0x75ac0000)
 PSPermGen       total 16384K, used 4214K [0x6b0c0000, 0x6c0c0000, 0x730c0000)
  object space 16384K, 25% used [0x6b0c0000,0x6b4ddae8,0x6c0c0000)
Event: 6.289 GC heap after
Heap after GC invocations=3 (full 0):
 PSYoungGen      total 35840K, used 2549K [0x9db40000, 0xa2140000, 0xb30c0000)
  eden space 33280K, 0% used [0x9db40000,0x9db40000,0x9fbc0000)
  from space 2560K, 99% used [0x9fbc0000,0x9fe3d448,0x9fe40000)
  to   space 2560K, 0% used [0xa1ec0000,0xa1ec0000,0xa2140000)
 ParOldGen       total 43008K, used 7157K [0x730c0000, 0x75ac0000, 0x9db40000)
  object space 43008K, 16% used [0x730c0000,0x737bd560,0x75ac0000)
 PSPermGen       total 16384K, used 4214K [0x6b0c0000, 0x6c0c0000, 0x730c0000)
  object space 16384K, 25% used [0x6b0c0000,0x6b4ddae8,0x6c0c0000)
}
Event: 8.372 GC heap before
{Heap before GC invocations=4 (full 0):
 PSYoungGen      total 35840K, used 35829K [0x9db40000, 0xa2140000, 0xb30c0000)
  eden space 33280K, 100% used [0x9db40000,0x9fbc0000,0x9fbc0000)
  from space 2560K, 99% used [0x9fbc0000,0x9fe3d448,0x9fe40000)
  to   space 2560K, 0% used [0xa1ec0000,0xa1ec0000,0xa2140000)
 ParOldGen       total 43008K, used 7157K [0x730c0000, 0x75ac0000, 0x9db40000)
  object space 43008K, 16% used [0x730c0000,0x737bd560,0x75ac0000)
 PSPermGen       total 16384K, used 4233K [0x6b0c0000, 0x6c0c0000, 0x730c0000)
  object space 16384K, 25% used [0x6b0c0000,0x6b4e2768,0x6c0c0000)
Event: 8.440 GC heap after
Heap after GC invocations=4 (full 0):
 PSYoungGen      total 69120K, used 2545K [0x9db40000, 0xa2140000, 0xb30c0000)
  eden space 66560K, 0% used [0x9db40000,0x9db40000,0xa1c40000)
  from space 2560K, 99% used [0xa1ec0000,0xa213c7b8,0xa2140000)
  to   space 2560K, 0% used [0xa1c40000,0xa1c40000,0xa1ec0000)
 ParOldGen       total 43008K, used 12620K [0x730c0000, 0x75ac0000, 0x9db40000)
  object space 43008K, 29% used [0x730c0000,0x73d13050,0x75ac0000)
 PSPermGen       total 16384K, used 4233K [0x6b0c0000, 0x6c0c0000, 0x730c0000)
  object space 16384K, 25% used [0x6b0c0000,0x6b4e2768,0x6c0c0000)
}
Event: 12.084 GC heap before
{Heap before GC invocations=5 (full 0):
 PSYoungGen      total 69120K, used 69105K [0x9db40000, 0xa2140000, 0xb30c0000)
  eden space 66560K, 100% used [0x9db40000,0xa1c40000,0xa1c40000)
  from space 2560K, 99% used [0xa1ec0000,0xa213c7b8,0xa2140000)
  to   space 2560K, 0% used [0xa1c40000,0xa1c40000,0xa1ec0000)
 ParOldGen       total 43008K, used 12621K [0x730c0000, 0x75ac0000, 0x9db40000)
  object space 43008K, 29% used [0x730c0000,0x73d13798,0x75ac0000)
 PSPermGen       total 16384K, used 4265K [0x6b0c0000, 0x6c0c0000, 0x730c0000)
  object space 16384K, 26% used [0x6b0c0000,0x6b4ea7c0,0x6c0c0000)

Deoptimization events (9 events):
Event: 1.662 Thread 0xb6208400 Uncommon trap: reason=unstable_if action=reinterpret pc=0xb3205ae4 method=java.lang.String.indexOf(II)I @ 49
Event: 1.662 Thread 0xb6208400 Uncommon trap: reason=unstable_if action=reinterpret pc=0xb31fcfb8 method=java.lang.String.indexOf(II)I @ 49
Event: 1.967 Thread 0x67046400 Uncommon trap: reason=unstable_if action=reinterpret pc=0xb31ff33c method=java.lang.String.compareTo(Ljava/lang/String;)I @ 38
Event: 2.929 Thread 0x6704f400 Uncommon trap: reason=unstable_if action=reinterpret pc=0xb3210cd0 method=com.android.dx.cf.code.Ropper.labelToResultIndex(I)I @ 34
Event: 3.033 Thread 0x6704e800 Uncommon trap: reason=null_check action=make_not_entrant pc=0xb32156c0 method=com.android.dx.rop.code.LocalItem.equals(Ljava/lang/Object;)Z @ 1
Event: 7.273 Thread 0x6704f400 Uncommon trap: reason=null_check action=make_not_entrant pc=0xb325bc5c method=com.android.dx.ssa.SsaRenamer.getLocalForNewReg(I)Lcom/android/dx/rop/code/LocalItem; @ 19
Event: 8.119 Thread 0x6704b000 Uncommon trap: reason=unstable_if action=reinterpret pc=0xb3223238 method=com.android.dx.rop.code.RegisterSpec.equals(ILcom/android/dx/rop/type/TypeBearer;Lcom/android/dx/rop/code/LocalItem;)Z @ 42
Event: 8.119 Thread 0x6704b000 Uncommon trap: reason=unstable_if action=reinterpret pc=0xb324ad94 method=com.android.dx.rop.code.RegisterSpecSet.localItemToSpec(Lcom/android/dx/rop/code/LocalItem;)Lcom/android/dx/rop/code/RegisterSpec; @ 35
Event: 9.903 Thread 0x6704e800 Uncommon trap: reason=unstable_if action=reinterpret pc=0xb323ab94 method=java.util.HashMap.put(Ljava/lang/Object;Ljava/lang/Object;)Ljava/lang/Object; @ 86

Internal exceptions (10 events):
Event: 2.447 Thread 0x6704b000 Threw 0x9dea6d68 at /build/openjdk-7-PdBaKN/openjdk-7-7u91-2.6.3/build/openjdk/hotspot/src/share/vm/prims/jvm.cpp:1322
Event: 2.467 Thread 0x67046400 Threw 0x9e20b3e0 at /build/openjdk-7-PdBaKN/openjdk-7-7u91-2.6.3/build/openjdk/hotspot/src/share/vm/prims/jvm.cpp:1322
Event: 2.927 Thread 0x6704f400 Threw 0x9e651468 at /build/openjdk-7-PdBaKN/openjdk-7-7u91-2.6.3/build/openjdk/hotspot/src/share/vm/prims/jvm.cpp:1322
Event: 3.033 Thread 0x6704e800 Implicit null exception at 0xb32153d7 to 0xb32156ad
Event: 4.233 Thread 0xb6208400 Threw 0x9e15c0e0 at /build/openjdk-7-PdBaKN/openjdk-7-7u91-2.6.3/build/openjdk/hotspot/src/share/vm/prims/jvm.cpp:1322
Event: 4.234 Thread 0xb6208400 Threw 0x9e15eb48 at /build/openjdk-7-PdBaKN/openjdk-7-7u91-2.6.3/build/openjdk/hotspot/src/share/vm/prims/jvm.cpp:1322
Event: 4.235 Thread 0xb6208400 Threw 0x9e16bc60 at /build/openjdk-7-PdBaKN/openjdk-7-7u91-2.6.3/build/openjdk/hotspot/src/share/vm/prims/jvm.cpp:1322
Event: 4.235 Thread 0xb6208400 Threw 0x9e16e9e8 at /build/openjdk-7-PdBaKN/openjdk-7-7u91-2.6.3/build/openjdk/hotspot/src/share/vm/prims/jvm.cpp:1322
Event: 7.206 Thread 0x67046400 Threw 0x9e87ecb8 at /build/openjdk-7-PdBaKN/openjdk-7-7u91-2.6.3/build/openjdk/hotspot/src/share/vm/prims/jvm.cpp:1322
Event: 7.273 Thread 0x6704f400 Implicit null exception at 0xb325a4e3 to 0xb325bc4d

Events (10 events):
Event: 8.119 Thread 0x6704b000 DEOPT PACKING pc=0xb324ad94 sp=0x66a42bb0
Event: 8.119 Thread 0x6704b000 DEOPT UNPACKING pc=0xb31dfbc8 sp=0x66a42b7c mode 2
Event: 8.363 Executing VM operation: ParallelGCFailedAllocation
Event: 8.440 Executing VM operation: ParallelGCFailedAllocation done
Event: 9.903 Thread 0x6704e800 Uncommon trap: trap_request=0xffffff75 fr.pc=0xb323ab94
Event: 9.903 Thread 0x6704e800 DEOPT PACKING pc=0xb323ab94 sp=0x669f1b60
Event: 9.903 Thread 0x6704e800 DEOPT UNPACKING pc=0xb31dfbc8 sp=0x669f1b50 mode 2
Event: 11.875 Executing VM operation: ParallelGCFailedAllocation
Event: 12.053 Executing VM operation: ParallelGCFailedAllocation done
Event: 12.074 Executing VM operation: ParallelGCFailedAllocation


Dynamic libraries:
08048000-08049000 r-xp 00000000 08:01 804961     /usr/lib/jvm/java-7-openjdk-i386/jre/bin/java
08049000-0804a000 r--p 00000000 08:01 804961     /usr/lib/jvm/java-7-openjdk-i386/jre/bin/java
0804a000-0804b000 rw-p 00001000 08:01 804961     /usr/lib/jvm/java-7-openjdk-i386/jre/bin/java
09ed4000-09f86000 rw-p 00000000 00:00 0          [heap]
65000000-650f9000 rw-p 00000000 00:00 0 
650f9000-65100000 ---p 00000000 00:00 0 
65200000-652fd000 rw-p 00000000 00:00 0 
652fd000-65300000 ---p 00000000 00:00 0 
65400000-654f9000 rw-p 00000000 00:00 0 
654f9000-65500000 ---p 00000000 00:00 0 
65500000-655e8000 rw-p 00000000 00:00 0 
655e8000-65600000 ---p 00000000 00:00 0 
65600000-656fd000 rw-p 00000000 00:00 0 
656fd000-65700000 ---p 00000000 00:00 0 
65700000-657f9000 rw-p 00000000 00:00 0 
657f9000-65800000 ---p 00000000 00:00 0 
65800000-658b3000 rw-p 00000000 00:00 0 
658b3000-65900000 ---p 00000000 00:00 0 
65900000-659fa000 rw-p 00000000 00:00 0 
659fa000-65a00000 ---p 00000000 00:00 0 
65a00000-65aff000 rw-p 00000000 00:00 0 
65aff000-65b00000 ---p 00000000 00:00 0 
65c00000-65cfa000 rw-p 00000000 00:00 0 
65cfa000-65d00000 ---p 00000000 00:00 0 
65e00000-65f00000 rw-p 00000000 00:00 0 
65f00000-66000000 rw-p 00000000 00:00 0 
66000000-660f7000 rw-p 00000000 00:00 0 
660f7000-66100000 ---p 00000000 00:00 0 
66100000-661f2000 rw-p 00000000 00:00 0 
661f2000-66200000 ---p 00000000 00:00 0 
66200000-662fc000 rw-p 00000000 00:00 0 
662fc000-66300000 ---p 00000000 00:00 0 
66400000-664ff000 rw-p 00000000 00:00 0 
664ff000-66500000 ---p 00000000 00:00 0 
66600000-666ff000 rw-p 00000000 00:00 0 
666ff000-66700000 ---p 00000000 00:00 0 
66800000-668f9000 rw-p 00000000 00:00 0 
668f9000-66900000 ---p 00000000 00:00 0 
66951000-66954000 ---p 00000000 00:00 0 
66954000-669a2000 rw-p 00000000 00:00 0          [stack:7078]
669a2000-669a5000 ---p 00000000 00:00 0 
669a5000-669f3000 rw-p 00000000 00:00 0          [stack:7077]
669f3000-669f6000 ---p 00000000 00:00 0 
669f6000-66a44000 rw-p 00000000 00:00 0          [stack:7074]
66a44000-66a47000 ---p 00000000 00:00 0 
66a47000-66a95000 rw-p 00000000 00:00 0          [stack:7073]
66a95000-66a98000 ---p 00000000 00:00 0 
66a98000-66ca7000 rw-p 00000000 00:00 0          [stack:7072]
66ca7000-66d17000 r-xp 00000000 08:01 394656     /lib/i386-linux-gnu/libpcre.so.3.13.1
66d17000-66d18000 r--p 0006f000 08:01 394656     /lib/i386-linux-gnu/libpcre.so.3.13.1
66d18000-66d19000 rw-p 00070000 08:01 394656     /lib/i386-linux-gnu/libpcre.so.3.13.1
66d19000-66e3f000 r-xp 00000000 08:01 394573     /lib/i386-linux-gnu/libglib-2.0.so.0.4400.0
66e3f000-66e40000 r--p 00125000 08:01 394573     /lib/i386-linux-gnu/libglib-2.0.so.0.4400.0
66e40000-66e41000 rw-p 00126000 08:01 394573     /lib/i386-linux-gnu/libglib-2.0.so.0.4400.0
66e41000-66ffa000 r-xp 00000000 08:01 137357     /usr/lib/i386-linux-gnu/libgio-2.0.so.0.4400.0
66ffa000-66ffd000 r--p 001b8000 08:01 137357     /usr/lib/i386-linux-gnu/libgio-2.0.so.0.4400.0
66ffd000-66fff000 rw-p 001bb000 08:01 137357     /usr/lib/i386-linux-gnu/libgio-2.0.so.0.4400.0
66fff000-67000000 rw-p 00000000 00:00 0 
67000000-67068000 rw-p 00000000 00:00 0 
67068000-67100000 ---p 00000000 00:00 0 
6711a000-6712e000 r-xp 00000000 08:01 394679     /lib/i386-linux-gnu/libresolv-2.21.so
6712e000-67130000 r--p 00013000 08:01 394679     /lib/i386-linux-gnu/libresolv-2.21.so
67130000-67131000 rw-p 00015000 08:01 394679     /lib/i386-linux-gnu/libresolv-2.21.so
67131000-67133000 rw-p 00000000 00:00 0 
67133000-6718e000 r-xp 00000000 08:01 137385     /usr/lib/i386-linux-gnu/libgobject-2.0.so.0.4400.0
6718e000-6718f000 r--p 0005b000 08:01 137385     /usr/lib/i386-linux-gnu/libgobject-2.0.so.0.4400.0
6718f000-67190000 rw-p 0005c000 08:01 137385     /usr/lib/i386-linux-gnu/libgobject-2.0.so.0.4400.0
67190000-67191000 ---p 00000000 00:00 0 
67191000-67211000 rw-p 00000000 00:00 0          [stack:7067]
67211000-67214000 ---p 00000000 00:00 0 
67214000-67262000 rw-p 00000000 00:00 0          [stack:7065]
67262000-67265000 ---p 00000000 00:00 0 
67265000-672e3000 rw-p 00000000 00:00 0          [stack:7064]
672e3000-672e6000 ---p 00000000 00:00 0 
672e6000-67364000 rw-p 00000000 00:00 0          [stack:7061]
67364000-674ab000 r-xp 00000000 08:01 136931     /usr/lib/i386-linux-gnu/libX11.so.6.3.0
674ab000-674ac000 r--p 00146000 08:01 136931     /usr/lib/i386-linux-gnu/libX11.so.6.3.0
674ac000-674ae000 rw-p 00147000 08:01 136931     /usr/lib/i386-linux-gnu/libX11.so.6.3.0
674ae000-674af000 rw-p 00000000 00:00 0 
674af000-674b2000 ---p 00000000 00:00 0 
674b2000-67500000 rw-p 00000000 00:00 0          [stack:7059]
67500000-67700000 r--p 00000000 08:01 143362     /usr/lib/locale/locale-archive
67700000-677ff000 rw-p 00000000 00:00 0 
677ff000-67800000 ---p 00000000 00:00 0 
67800000-67825000 rw-p 00000000 00:00 0 
67825000-67900000 ---p 00000000 00:00 0 
67900000-67a00000 rw-p 00000000 00:00 0 
67a0f000-67a33000 r-xp 00000000 08:01 394683     /lib/i386-linux-gnu/libselinux.so.1
67a33000-67a34000 r--p 00024000 08:01 394683     /lib/i386-linux-gnu/libselinux.so.1
67a34000-67a35000 rw-p 00025000 08:01 394683     /lib/i386-linux-gnu/libselinux.so.1
67a35000-67a36000 rw-p 00000000 00:00 0 
67a4d000-67a4e000 ---p 00000000 00:00 0 
67a4e000-67ace000 rw-p 00000000 00:00 0          [stack:7055]
67ace000-67c80000 r--s 01d2e000 08:01 804984     /usr/lib/jvm/java-7-openjdk-i386/jre/lib/rt.jar
67c80000-6a500000 rw-p 00000000 00:00 0 
6a500000-6a5e7000 rw-p 00000000 00:00 0 
6a5e7000-6a600000 ---p 00000000 00:00 0 
6a615000-6a62c000 r-xp 00000000 08:01 805027     /usr/lib/jvm/java-7-openjdk-i386/jre/lib/i386/libnet.so
6a62c000-6a62d000 r--p 00016000 08:01 805027     /usr/lib/jvm/java-7-openjdk-i386/jre/lib/i386/libnet.so
6a62d000-6a62e000 rw-p 00017000 08:01 805027     /usr/lib/jvm/java-7-openjdk-i386/jre/lib/i386/libnet.so
6a62e000-6a631000 ---p 00000000 00:00 0 
6a631000-6a67f000 rw-p 00000000 00:00 0          [stack:7058]
6a67f000-6a680000 ---p 00000000 00:00 0 
6a680000-6a700000 rw-p 00000000 00:00 0          [stack:7054]
6a700000-6a721000 rw-p 00000000 00:00 0 
6a721000-6a800000 ---p 00000000 00:00 0 
6a802000-6a809000 r-xp 00000000 08:01 137254     /usr/lib/i386-linux-gnu/libffi.so.6.0.4
6a809000-6a80b000 r--p 00006000 08:01 137254     /usr/lib/i386-linux-gnu/libffi.so.6.0.4
6a80b000-6a80c000 rw-p 00008000 08:01 137254     /usr/lib/i386-linux-gnu/libffi.so.6.0.4
6a80c000-6a82c000 r-xp 00000000 08:01 138125     /usr/lib/i386-linux-gnu/libxcb.so.1.1.0
6a82c000-6a82d000 r--p 0001f000 08:01 138125     /usr/lib/i386-linux-gnu/libxcb.so.1.1.0
6a82d000-6a82e000 rw-p 00020000 08:01 138125     /usr/lib/i386-linux-gnu/libxcb.so.1.1.0
6a82e000-6a831000 ---p 00000000 00:00 0 
6a831000-6a87f000 rw-p 00000000 00:00 0          [stack:7057]
6a87f000-6a880000 ---p 00000000 00:00 0 
6a880000-6a900000 rw-p 00000000 00:00 0          [stack:7053]
6a900000-6a921000 rw-p 00000000 00:00 0 
6a921000-6aa00000 ---p 00000000 00:00 0 
6aa06000-6aa16000 r-xp 00000000 08:01 804991     /usr/lib/jvm/java-7-openjdk-i386/jre/lib/i386/libnio.so
6aa16000-6aa17000 r--p 00010000 08:01 804991     /usr/lib/jvm/java-7-openjdk-i386/jre/lib/i386/libnio.so
6aa17000-6aa18000 rw-p 00011000 08:01 804991     /usr/lib/jvm/java-7-openjdk-i386/jre/lib/i386/libnio.so
6aa18000-6aa1d000 r-xp 00000000 08:01 136946     /usr/lib/i386-linux-gnu/libXdmcp.so.6.0.0
6aa1d000-6aa1e000 r--p 00004000 08:01 136946     /usr/lib/i386-linux-gnu/libXdmcp.so.6.0.0
6aa1e000-6aa1f000 rw-p 00005000 08:01 136946     /usr/lib/i386-linux-gnu/libXdmcp.so.6.0.0
6aa1f000-6aa36000 r--s 000a5000 08:01 946092     /home/student/test/HealthyBit/app/build/intermediates/exploded-aar/com.mbientlab/metawear/2.5.9/jars/classes.jar
6aa36000-6aa7f000 rw-p 00000000 00:00 0 
6aa7f000-6aa80000 ---p 00000000 00:00 0 
6aa80000-6ab00000 rw-p 00000000 00:00 0          [stack:7052]
6ab00000-6ab21000 rw-p 00000000 00:00 0 
6ab21000-6ac00000 ---p 00000000 00:00 0 
6ac00000-6ac03000 r-xp 00000000 08:01 137371     /usr/lib/i386-linux-gnu/libgmodule-2.0.so.0.4400.0
6ac03000-6ac04000 r--p 00002000 08:01 137371     /usr/lib/i386-linux-gnu/libgmodule-2.0.so.0.4400.0
6ac04000-6ac05000 rw-p 00003000 08:01 137371     /usr/lib/i386-linux-gnu/libgmodule-2.0.so.0.4400.0
6ac05000-6ac07000 r-xp 00000000 08:01 136935     /usr/lib/i386-linux-gnu/libXau.so.6.0.0
6ac07000-6ac08000 r--p 00001000 08:01 136935     /usr/lib/i386-linux-gnu/libXau.so.6.0.0
6ac08000-6ac09000 rw-p 00002000 08:01 136935     /usr/lib/i386-linux-gnu/libXau.so.6.0.0
6ac09000-6ac0b000 r-xp 00000000 08:01 141618     /usr/lib/jayatana/libjayatanaag.so
6ac0b000-6ac0c000 r--p 00001000 08:01 141618     /usr/lib/jayatana/libjayatanaag.so
6ac0c000-6ac0d000 rw-p 00002000 08:01 141618     /usr/lib/jayatana/libjayatanaag.so
6ac0d000-6ac68000 rw-p 00000000 00:00 0 
6ac68000-6ac69000 ---p 00000000 00:00 0 
6ac69000-6acf1000 rw-p 00000000 00:00 0          [stack:7051]
6acf1000-6ad29000 rw-p 00000000 00:00 0 
6ad29000-6ad3e000 rw-p 00000000 00:00 0 
6ad3e000-6ae7f000 rw-p 00000000 00:00 0 
6ae7f000-6ae87000 rw-p 00000000 00:00 0 
6ae87000-6aebf000 rw-p 00000000 00:00 0 
6aebf000-6aed4000 rw-p 00000000 00:00 0 
6aed4000-6b014000 rw-p 00000000 00:00 0 
6b014000-6b038000 rw-p 00000000 00:00 0 
6b038000-6b0bf000 rw-p 00000000 00:00 0 
6b0bf000-6c0c0000 rw-p 00000000 00:00 0 
6c0c0000-730c0000 rw-p 00000000 00:00 0 
730c0000-75ac0000 rw-p 00000000 00:00 0 
75ac0000-9db40000 rw-p 00000000 00:00 0 
9db40000-a2140000 rw-p 00000000 00:00 0 
a7b00000-a7b29000 rw-p 00000000 00:00 0 
a7b29000-a7c00000 ---p 00000000 00:00 0 
a7c40000-b30c0000 rw-p 00000000 00:00 0 
b30c2000-b30d1000 r--s 000df000 08:01 1062595    /home/student/Android/Sdk/build-tools/23.0.3/lib/dx.jar
b30d1000-b30d4000 r--s 0000f000 08:01 804977     /usr/lib/jvm/java-7-openjdk-i386/jre/lib/ext/icedtea-sound.jar
b30d4000-b30d8000 r--s 00085000 08:01 804976     /usr/lib/jvm/java-7-openjdk-i386/jre/lib/ext/localedata.jar
b30d8000-b30fc000 rw-p 00000000 00:00 0 
b30fc000-b31b3000 rw-p 00000000 00:00 0 
b31b3000-b33f3000 rwxp 00000000 00:00 0 
b33f3000-b61b3000 rw-p 00000000 00:00 0 
b61b3000-b61bf000 r-xp 00000000 08:01 394626     /lib/i386-linux-gnu/libnss_files-2.21.so
b61bf000-b61c0000 r--p 0000b000 08:01 394626     /lib/i386-linux-gnu/libnss_files-2.21.so
b61c0000-b61c1000 rw-p 0000c000 08:01 394626     /lib/i386-linux-gnu/libnss_files-2.21.so
b61c1000-b61cc000 r-xp 00000000 08:01 394636     /lib/i386-linux-gnu/libnss_nis-2.21.so
b61cc000-b61cd000 r--p 0000a000 08:01 394636     /lib/i386-linux-gnu/libnss_nis-2.21.so
b61cd000-b61ce000 rw-p 0000b000 08:01 394636     /lib/i386-linux-gnu/libnss_nis-2.21.so
b61ce000-b61e5000 r-xp 00000000 08:01 394620     /lib/i386-linux-gnu/libnsl-2.21.so
b61e5000-b61e6000 r--p 00016000 08:01 394620     /lib/i386-linux-gnu/libnsl-2.21.so
b61e6000-b61e7000 rw-p 00017000 08:01 394620     /lib/i386-linux-gnu/libnsl-2.21.so
b61e7000-b61e9000 rw-p 00000000 00:00 0 
b61ea000-b61ee000 r--s 00034000 08:01 804978     /usr/lib/jvm/java-7-openjdk-i386/jre/lib/ext/sunjce_provider.jar
b61ee000-b61f6000 r-xp 00000000 08:01 804995     /usr/lib/jvm/java-7-openjdk-i386/jre/lib/i386/libzip.so
b61f6000-b61f7000 r--p 00007000 08:01 804995     /usr/lib/jvm/java-7-openjdk-i386/jre/lib/i386/libzip.so
b61f7000-b61f8000 rw-p 00008000 08:01 804995     /usr/lib/jvm/java-7-openjdk-i386/jre/lib/i386/libzip.so
b61f8000-b6200000 rw-s 00000000 08:01 429829     /tmp/hsperfdata_student/7045
b6200000-b6300000 rw-p 00000000 00:00 0 
b6300000-b6301000 r--s 00000000 08:01 414147     /usr/share/java/jayatanaag.jar
b6301000-b6305000 r--s 0003c000 08:01 804979     /usr/lib/jvm/java-7-openjdk-i386/jre/lib/ext/sunpkcs11.jar
b6305000-b6307000 r--s 00012000 08:01 804975     /usr/lib/jvm/java-7-openjdk-i386/jre/lib/ext/zipfs.jar
b6307000-b630f000 r-xp 00000000 08:01 394622     /lib/i386-linux-gnu/libnss_compat-2.21.so
b630f000-b6310000 r--p 00007000 08:01 394622     /lib/i386-linux-gnu/libnss_compat-2.21.so
b6310000-b6311000 rw-p 00008000 08:01 394622     /lib/i386-linux-gnu/libnss_compat-2.21.so
b6311000-b631b000 r-xp 00000000 08:01 805017     /usr/lib/jvm/java-7-openjdk-i386/jre/lib/i386/libinstrument.so
b631b000-b631c000 r--p 00009000 08:01 805017     /usr/lib/jvm/java-7-openjdk-i386/jre/lib/i386/libinstrument.so
b631c000-b631d000 rw-p 0000a000 08:01 805017     /usr/lib/jvm/java-7-openjdk-i386/jre/lib/i386/libinstrument.so
b631d000-b6343000 r-xp 00000000 08:01 805003     /usr/lib/jvm/java-7-openjdk-i386/jre/lib/i386/libjava.so
b6343000-b6344000 r--p 00025000 08:01 805003     /usr/lib/jvm/java-7-openjdk-i386/jre/lib/i386/libjava.so
b6344000-b6345000 rw-p 00026000 08:01 805003     /usr/lib/jvm/java-7-openjdk-i386/jre/lib/i386/libjava.so
b6345000-b634c000 r-xp 00000000 08:01 394681     /lib/i386-linux-gnu/librt-2.21.so
b634c000-b634d000 r--p 00006000 08:01 394681     /lib/i386-linux-gnu/librt-2.21.so
b634d000-b634e000 rw-p 00007000 08:01 394681     /lib/i386-linux-gnu/librt-2.21.so
b634e000-b6351000 ---p 00000000 00:00 0 
b6351000-b639f000 rw-p 00000000 00:00 0          [stack:7048]
b639f000-b63bb000 r-xp 00000000 08:01 394569     /lib/i386-linux-gnu/libgcc_s.so.1
b63bb000-b63bc000 rw-p 0001b000 08:01 394569     /lib/i386-linux-gnu/libgcc_s.so.1
b63bc000-b6407000 r-xp 00000000 08:01 394599     /lib/i386-linux-gnu/libm-2.21.so
b6407000-b6408000 r--p 0004a000 08:01 394599     /lib/i386-linux-gnu/libm-2.21.so
b6408000-b6409000 rw-p 0004b000 08:01 394599     /lib/i386-linux-gnu/libm-2.21.so
b6409000-b64f2000 r-xp 00000000 08:01 137921     /usr/lib/i386-linux-gnu/libstdc++.so.6.0.20
b64f2000-b64f6000 r--p 000e9000 08:01 137921     /usr/lib/i386-linux-gnu/libstdc++.so.6.0.20
b64f6000-b64f7000 rw-p 000ed000 08:01 137921     /usr/lib/i386-linux-gnu/libstdc++.so.6.0.20
b64f7000-b64fe000 rw-p 00000000 00:00 0 
b64fe000-b7051000 r-xp 00000000 08:01 805013     /usr/lib/jvm/java-7-openjdk-i386/jre/lib/i386/server/libjvm.so
b7051000-b70a5000 r--p 00b52000 08:01 805013     /usr/lib/jvm/java-7-openjdk-i386/jre/lib/i386/server/libjvm.so
b70a5000-b70b9000 rw-p 00ba6000 08:01 805013     /usr/lib/jvm/java-7-openjdk-i386/jre/lib/i386/server/libjvm.so
b70b9000-b74d8000 rw-p 00000000 00:00 0 
b74d8000-b74f1000 r-xp 00000000 08:01 394714     /lib/i386-linux-gnu/libz.so.1.2.8
b74f1000-b74f2000 r--p 00019000 08:01 394714     /lib/i386-linux-gnu/libz.so.1.2.8
b74f2000-b74f3000 rw-p 0001a000 08:01 394714     /lib/i386-linux-gnu/libz.so.1.2.8
b74f3000-b750c000 r-xp 00000000 08:01 394673     /lib/i386-linux-gnu/libpthread-2.21.so
b750c000-b750d000 r--p 00018000 08:01 394673     /lib/i386-linux-gnu/libpthread-2.21.so
b750d000-b750e000 rw-p 00019000 08:01 394673     /lib/i386-linux-gnu/libpthread-2.21.so
b750e000-b7510000 rw-p 00000000 00:00 0 
b7510000-b7513000 r-xp 00000000 08:01 394557     /lib/i386-linux-gnu/libdl-2.21.so
b7513000-b7514000 r--p 00002000 08:01 394557     /lib/i386-linux-gnu/libdl-2.21.so
b7514000-b7515000 rw-p 00003000 08:01 394557     /lib/i386-linux-gnu/libdl-2.21.so
b7515000-b76c9000 r-xp 00000000 08:01 394540     /lib/i386-linux-gnu/libc-2.21.so
b76c9000-b76cc000 r--p 001b3000 08:01 394540     /lib/i386-linux-gnu/libc-2.21.so
b76cc000-b76ce000 rw-p 001b6000 08:01 394540     /lib/i386-linux-gnu/libc-2.21.so
b76ce000-b76d0000 rw-p 00000000 00:00 0 
b76d0000-b76d1000 r--s 00002000 08:01 804980     /usr/lib/jvm/java-7-openjdk-i386/jre/lib/ext/dnsns.jar
b76d1000-b76d3000 r--s 00006000 08:01 399091     /usr/share/java/java-atk-wrapper.jar
b76d3000-b76d4000 r--p 005e0000 08:01 143362     /usr/lib/locale/locale-archive
b76d4000-b76d5000 rw-p 00000000 00:00 0 
b76d5000-b76d6000 ---p 00000000 00:00 0 
b76d6000-b76e4000 r-xp 00000000 08:01 805022     /usr/lib/jvm/java-7-openjdk-i386/jre/lib/i386/libverify.so
b76e4000-b76e6000 r--p 0000d000 08:01 805022     /usr/lib/jvm/java-7-openjdk-i386/jre/lib/i386/libverify.so
b76e6000-b76e7000 rw-p 0000f000 08:01 805022     /usr/lib/jvm/java-7-openjdk-i386/jre/lib/i386/libverify.so
b76e7000-b76f3000 r-xp 00000000 08:01 805024     /usr/lib/jvm/java-7-openjdk-i386/jre/lib/i386/jli/libjli.so
b76f3000-b76f4000 r--p 0000b000 08:01 805024     /usr/lib/jvm/java-7-openjdk-i386/jre/lib/i386/jli/libjli.so
b76f4000-b76f5000 rw-p 0000c000 08:01 805024     /usr/lib/jvm/java-7-openjdk-i386/jre/lib/i386/jli/libjli.so
b76f5000-b76f8000 rw-p 00000000 00:00 0 
b76f8000-b76fa000 r--p 00000000 00:00 0          [vvar]
b76fa000-b76fb000 r-xp 00000000 00:00 0          [vdso]
b76fb000-b771d000 r-xp 00000000 08:01 394512     /lib/i386-linux-gnu/ld-2.21.so
b771d000-b771e000 r--p 00021000 08:01 394512     /lib/i386-linux-gnu/ld-2.21.so
b771e000-b771f000 rw-p 00022000 08:01 394512     /lib/i386-linux-gnu/ld-2.21.so
bfded000-bfdee000 rwxp 00000000 00:00 0 
bfe1f000-bfe41000 rw-p 00000000 00:00 0          [stack]

VM Arguments:
jvm_args: -javaagent:/usr/share/java/jayatanaag.jar -Djava.awt.headless=true -Xmx1024M -Dfile.encoding=UTF-8 -Duser.country=US -Duser.language=en -Duser.variant 
java_command: com.android.dx.command.Main --dex --num-threads=4 --multi-dex --output /home/student/test/HealthyBit/app/build/intermediates/transforms/dex/debug/folders/1000/10/com.mbientlab-metawear-2.5.9_3a90c87d0473f367b2fe51cd28f65a6fc5d3d92d /home/student/test/HealthyBit/app/build/intermediates/exploded-aar/com.mbientlab/metawear/2.5.9/jars/classes.jar
Launcher Type: SUN_STANDARD

Environment Variables:
JAVA_TOOL_OPTIONS=-javaagent:/usr/share/java/jayatanaag.jar 
PATH=/home/student/.linuxbrew/bin:/usr/local/sbin:/usr/local/bin:/usr/sbin:/usr/bin:/sbin:/bin:/usr/games:/usr/local/games:/etc/android-studio/bin/:/home/student/Android/Sdk/platform-tools:/home/student/Android/Sdk/tools
LD_LIBRARY_PATH=/etc/android-studio/bin:
SHELL=/bin/bash
DISPLAY=:0

Signal Handlers:
SIGSEGV: [libjvm.so+0x7f7d00], sa_mask[0]=0x7ffbfeff, sa_flags=0x10000004
SIGBUS: [libjvm.so+0x7f7d00], sa_mask[0]=0x7ffbfeff, sa_flags=0x10000004
SIGFPE: [libjvm.so+0x67a9d0], sa_mask[0]=0x7ffbfeff, sa_flags=0x10000004
SIGPIPE: [libjvm.so+0x67a9d0], sa_mask[0]=0x7ffbfeff, sa_flags=0x10000004
SIGXFSZ: [libjvm.so+0x67a9d0], sa_mask[0]=0x7ffbfeff, sa_flags=0x10000004
SIGILL: [libjvm.so+0x67a9d0], sa_mask[0]=0x7ffbfeff, sa_flags=0x10000004
SIGUSR1: SIG_DFL, sa_mask[0]=0x00000000, sa_flags=0x00000000
SIGUSR2: [libjvm.so+0x67a820], sa_mask[0]=0x00000004, sa_flags=0x10000004
SIGHUP: [libjvm.so+0x67aa80], sa_mask[0]=0x7ffbfeff, sa_flags=0x10000004
SIGINT: [libjvm.so+0x67aa80], sa_mask[0]=0x7ffbfeff, sa_flags=0x10000004
SIGTERM: [libjvm.so+0x67aa80], sa_mask[0]=0x7ffbfeff, sa_flags=0x10000004
SIGQUIT: [libjvm.so+0x67aa80], sa_mask[0]=0x7ffbfeff, sa_flags=0x10000004
SIGTRAP: SIG_DFL, sa_mask[0]=0x00000000, sa_flags=0x00000000


---------------  S Y S T E M  ---------------

OS:Ubuntu 15.04 (vivid)
uname:Linux 3.19.0-18-generic #18-Ubuntu SMP Tue May 19 18:30:59 UTC 2015 i686
libc:glibc 2.21 NPTL 2.21 
rlimit: STACK 8192k, CORE 0k, NPROC 32177, NOFILE 65536, AS infinity
load average:8.44 4.89 4.56

/proc/meminfo:
MemTotal:        4139540 kB
MemFree:          240792 kB
MemAvailable:     165116 kB
Buffers:            1472 kB
Cached:            52736 kB
SwapCached:            0 kB
Active:          3504016 kB
Inactive:          43956 kB
Active(anon):    3495320 kB
Inactive(anon):    37868 kB
Active(file):       8696 kB
Inactive(file):     6088 kB
Unevictable:          32 kB
Mlocked:              32 kB
HighTotal:       3280776 kB
HighFree:          51072 kB
LowTotal:         858764 kB
LowFree:          189720 kB
SwapTotal:             0 kB
SwapFree:              0 kB
Dirty:               892 kB
Writeback:             0 kB
AnonPages:       3494176 kB
Mapped:            36400 kB
Shmem:             39044 kB
Slab:              49124 kB
SReclaimable:      23184 kB
SUnreclaim:        25940 kB
KernelStack:        5448 kB
PageTables:        15100 kB
NFS_Unstable:          0 kB
Bounce:                0 kB
WritebackTmp:          0 kB
CommitLimit:     2069768 kB
Committed_AS:    6297640 kB
VmallocTotal:     122880 kB
VmallocUsed:       23416 kB
VmallocChunk:      49124 kB
AnonHugePages:   2648064 kB
CmaTotal:              0 kB
CmaFree:               0 kB
HugePages_Total:       0
HugePages_Free:        0
HugePages_Rsvd:        0
HugePages_Surp:        0
Hugepagesize:       2048 kB
DirectMap4k:       61432 kB
DirectMap2M:      851968 kB


CPU:total 4 (1 cores per cpu, 1 threads per core) family 6 model 58 stepping 9, cmov, cx8, fxsr, mmx, sse, sse2, sse3, ssse3, sse4.1, sse4.2, popcnt, avx, aes, erms, tsc, tscinvbit, tscinv

/proc/cpuinfo:
processor	: 0
vendor_id	: GenuineIntel
cpu family	: 6
model		: 58
model name	: Intel(R) Core(TM) i5-3210M CPU @ 2.50GHz
stepping	: 9
microcode	: 0x15
cpu MHz		: 2494.111
cache size	: 3072 KB
physical id	: 0
siblings	: 1
core id		: 0
cpu cores	: 1
apicid		: 0
initial apicid	: 0
fdiv_bug	: no
f00f_bug	: no
coma_bug	: no
fpu		: yes
fpu_exception	: yes
cpuid level	: 13
wp		: yes
flags		: fpu vme de pse tsc msr pae mce cx8 apic sep mtrr pge mca cmov pat pse36 clflush dts mmx fxsr sse sse2 ss nx rdtscp lm constant_tsc arch_perfmon pebs bts xtopology tsc_reliable nonstop_tsc aperfmperf pni pclmulqdq ssse3 cx16 pcid sse4_1 sse4_2 x2apic popcnt tsc_deadline_timer aes xsave avx f16c rdrand hypervisor lahf_lm ida arat epb pln pts dtherm fsgsbase tsc_adjust smep
bugs		:
bogomips	: 4988.22
clflush size	: 64
cache_alignment	: 64
address sizes	: 42 bits physical, 48 bits virtual
power management:

processor	: 1
vendor_id	: GenuineIntel
cpu family	: 6
model		: 58
model name	: Intel(R) Core(TM) i5-3210M CPU @ 2.50GHz
stepping	: 9
microcode	: 0x15
cpu MHz		: 2494.111
cache size	: 3072 KB
physical id	: 2
siblings	: 1
core id		: 0
cpu cores	: 1
apicid		: 2
initial apicid	: 2
fdiv_bug	: no
f00f_bug	: no
coma_bug	: no
fpu		: yes
fpu_exception	: yes
cpuid level	: 13
wp		: yes
flags		: fpu vme de pse tsc msr pae mce cx8 apic sep mtrr pge mca cmov pat pse36 clflush dts mmx fxsr sse sse2 ss nx rdtscp lm constant_tsc arch_perfmon pebs bts xtopology tsc_reliable nonstop_tsc aperfmperf pni pclmulqdq ssse3 cx16 pcid sse4_1 sse4_2 x2apic popcnt tsc_deadline_timer aes xsave avx f16c rdrand hypervisor lahf_lm ida arat epb pln pts dtherm fsgsbase tsc_adjust smep
bugs		:
bogomips	: 4988.22
clflush size	: 64
cache_alignment	: 64
address sizes	: 42 bits physical, 48 bits virtual
power management:

processor	: 2
vendor_id	: GenuineIntel
cpu family	: 6
model		: 58
model name	: Intel(R) Core(TM) i5-3210M CPU @ 2.50GHz
stepping	: 9
microcode	: 0x15
cpu MHz		: 2494.111
cache size	: 3072 KB
physical id	: 4
siblings	: 1
core id		: 0
cpu cores	: 1
apicid		: 4
initial apicid	: 4
fdiv_bug	: no
f00f_bug	: no
coma_bug	: no
fpu		: yes
fpu_exception	: yes
cpuid level	: 13
wp		: yes
flags		: fpu vme de pse tsc msr pae mce cx8 apic sep mtrr pge mca cmov pat pse36 clflush dts mmx fxsr sse sse2 ss nx rdtscp lm constant_tsc arch_perfmon pebs bts xtopology tsc_reliable nonstop_tsc aperfmperf pni pclmulqdq ssse3 cx16 pcid sse4_1 sse4_2 x2apic popcnt tsc_deadline_timer aes xsave avx f16c rdrand hypervisor lahf_lm ida arat epb pln pts dtherm fsgsbase tsc_adjust smep
bugs		:
bogomips	: 4988.22
clflush size	: 64
cache_alignment	: 64
address sizes	: 42 bits physical, 48 bits virtual
power management:

processor	: 3
vendor_id	: GenuineIntel
cpu family	: 6
model		: 58
model name	: Intel(R) Core(TM) i5-3210M CPU @ 2.50GHz
stepping	: 9
microcode	: 0x15
cpu MHz		: 2494.111
cache size	: 3072 KB
physical id	: 6
siblings	: 1
core id		: 0
cpu cores	: 1
apicid		: 6
initial apicid	: 6
fdiv_bug	: no
f00f_bug	: no
coma_bug	: no
fpu		: yes
fpu_exception	: yes
cpuid level	: 13
wp		: yes
flags		: fpu vme de pse tsc msr pae mce cx8 apic sep mtrr pge mca cmov pat pse36 clflush dts mmx fxsr sse sse2 ss nx rdtscp lm constant_tsc arch_perfmon pebs bts xtopology tsc_reliable nonstop_tsc aperfmperf pni pclmulqdq ssse3 cx16 pcid sse4_1 sse4_2 x2apic popcnt tsc_deadline_timer aes xsave avx f16c rdrand hypervisor lahf_lm ida arat epb pln pts dtherm fsgsbase tsc_adjust smep
bugs		:
bogomips	: 4988.22
clflush size	: 64
cache_alignment	: 64
address sizes	: 42 bits physical, 48 bits virtual
power management:



Memory: 4k page, physical 4139540k(240792k free), swap 0k(0k free)

vm_info: OpenJDK Server VM (24.91-b01) for linux-x86 JRE (1.7.0_91-b02), built on Nov 19 2015 06:25:06 by "buildd" with gcc 4.9.2

time: Tue May  3 16:15:09 2016
elapsed time: 12 seconds

