#
# There is insufficient memory for the Java Runtime Environment to continue.
# Native memory allocation (malloc) failed to allocate 91750400 bytes for committing reserved memory.
# Possible reasons:
#   The system is out of physical RAM or swap space
#   In 32 bit mode, the process size limit was hit
# Possible solutions:
#   Reduce memory load on the system
#   Increase physical memory or swap space
#   Check if swap backing store is full
#   Use 64 bit Java on a 64 bit OS
#   Decrease Java heap size (-Xmx/-Xms)
#   Decrease number of Java threads
#   Decrease Java thread stack sizes (-Xss)
#   Set larger code cache with -XX:ReservedCodeCacheSize=
# This output file may be truncated or incomplete.
#
#  Out of Memory Error (os_linux.cpp:2827), pid=9649, tid=1740430144
#
# JRE version: OpenJDK Runtime Environment (7.0_91-b02) (build 1.7.0_91-b02)
# Java VM: OpenJDK Server VM (24.91-b01 mixed mode linux-x86 )
# Derivative: IcedTea 2.6.3
# Distribution: Ubuntu 15.04, package 7u91-2.6.3-0ubuntu0.15.04.1
# Failed to write core dump. Core dumps have been disabled. To enable core dumping, try "ulimit -c unlimited" before starting Java again
#

---------------  T H R E A D  ---------------

Current thread (0x67a81400):  VMThread [stack: 0x67b4d000,0x67bce000] [id=9662]

Stack: [0x67b4d000,0x67bce000]
VM_Operation (0x66b87aa4): ParallelGCFailedAllocation, mode: safepoint, requested by thread 0x67159800


---------------  P R O C E S S  ---------------

Java Threads: ( => current thread )
  0x6715f000 JavaThread "pool-1-thread-4" [_thread_blocked, id=9693, stack(0x669f4000,0x66a45000)]
  0x6715e000 JavaThread "pool-1-thread-3" [_thread_blocked, id=9692, stack(0x66a45000,0x66a96000)]
  0x6715d400 JavaThread "pool-1-thread-2" [_thread_blocked, id=9691, stack(0x66a96000,0x66ae7000)]
  0x6715b800 JavaThread "pool-2-thread-1" [_thread_blocked, id=9690, stack(0x66ae7000,0x66b38000)]
  0x67159800 JavaThread "pool-1-thread-1" [_thread_blocked, id=9689, stack(0x66b38000,0x66b89000)]
  0x67aee400 JavaThread "Service Thread" daemon [_thread_blocked, id=9679, stack(0x672c0000,0x67311000)]
  0x67aec800 JavaThread "C2 CompilerThread1" daemon [_thread_in_native, id=9678, stack(0x67311000,0x67392000)]
  0x67aeb400 JavaThread "C2 CompilerThread0" daemon [_thread_in_native, id=9673, stack(0x67392000,0x67413000)]
  0x67a98400 JavaThread "Signal Dispatcher" daemon [_thread_blocked, id=9665, stack(0x6755e000,0x675af000)]
  0x67a85400 JavaThread "Finalizer" daemon [_thread_blocked, id=9664, stack(0x677af000,0x67800000)]
  0x67a83c00 JavaThread "Reference Handler" daemon [_thread_blocked, id=9663, stack(0x6a72e000,0x6a77f000)]
  0xb6208400 JavaThread "main" [_thread_blocked, id=9652, stack(0xb63ed000,0xb643e000)]

Other Threads:
=>0x67a81400 VMThread [stack: 0x67b4d000,0x67bce000] [id=9662]
  0x67af0800 WatcherThread [stack: 0x6723f000,0x672c0000] [id=9680]

VM state:at safepoint (normal execution)

VM Mutex/Monitor currently owned by a thread:  ([mutex/lock_event])
[0xb6205e00] Threads_lock - owner thread: 0x67a81400
[0xb6206210] Heap_lock - owner thread: 0x67159800

Heap
 PSYoungGen      total 69120K, used 2554K [0x9dbc0000, 0xa21c0000, 0xb3140000)
  eden space 66560K, 0% used [0x9dbc0000,0x9dbc0000,0xa1cc0000)
  from space 2560K, 99% used [0xa1cc0000,0xa1f3ea38,0xa1f40000)
  to   space 2560K, 0% used [0xa1f40000,0xa1f40000,0xa21c0000)
 ParOldGen       total 43008K, used 22913K [0x73140000, 0x75b40000, 0x9dbc0000)
  object space 43008K, 53% used [0x73140000,0x747a0528,0x75b40000)
 PSPermGen       total 16384K, used 4285K [0x6b140000, 0x6c140000, 0x73140000)
  object space 16384K, 26% used [0x6b140000,0x6b56f478,0x6c140000)

Card table byte_map: [0x6aeff000,0x6b140000] byte_map_base: 0x6aba6600

Polling page: 0xb7774000

Code Cache  [0xb3200000, 0xb3440000, 0xb6200000)
 total_blobs=407 nmethods=284 adapters=76 free_code_cache=48178Kb largest_free_block=49311552

Compilation events (10 events):
Event: 12.926 Thread 0x67aeb400 nmethod 283 0xb32cdec8 code [0xb32cdfe0, 0xb32ce390]
Event: 12.926 Thread 0x67aeb400  284             java.lang.String::getChars (62 bytes)
Event: 12.944 Thread 0x67aeb400 nmethod 284 0xb32f3c08 code [0xb32f3d00, 0xb32f3e50]
Event: 12.944 Thread 0x67aeb400  285             com.android.dx.ssa.back.SsaToRop::removePhiFunctions (83 bytes)
Event: 13.092 Thread 0x67aeb400 nmethod 285 0xb32f7808 code [0xb32f79a0, 0xb32f825c]
Event: 13.092 Thread 0x67aeb400  286             com.android.dx.util.LabeledList::set (45 bytes)
Event: 13.107 Thread 0x67aeb400 nmethod 286 0xb32f5948 code [0xb32f5a80, 0xb32f5c84]
Event: 13.107 Thread 0x67aeb400  287             com.android.dx.rop.code.RegisterSpec::make (7 bytes)
Event: 13.107 Thread 0x67aeb400 nmethod 287 0xb32f5f08 code [0xb32f6000, 0xb32f605c]
Event: 13.107 Thread 0x67aeb400  288   !         com.android.dx.cf.code.Ropper::processBlock (1101 bytes)

GC Heap History (9 events):
Event: 1.583 GC heap before
{Heap before GC invocations=1 (full 0):
 PSYoungGen      total 19200K, used 16640K [0x9dbc0000, 0x9f100000, 0xb3140000)
  eden space 16640K, 100% used [0x9dbc0000,0x9ec00000,0x9ec00000)
  from space 2560K, 0% used [0x9ee80000,0x9ee80000,0x9f100000)
  to   space 2560K, 0% used [0x9ec00000,0x9ec00000,0x9ee80000)
 ParOldGen       total 43008K, used 0K [0x73140000, 0x75b40000, 0x9dbc0000)
  object space 43008K, 0% used [0x73140000,0x73140000,0x75b40000)
 PSPermGen       total 16384K, used 3967K [0x6b140000, 0x6c140000, 0x73140000)
  object space 16384K, 24% used [0x6b140000,0x6b51ff28,0x6c140000)
Event: 1.602 GC heap after
Heap after GC invocations=1 (full 0):
 PSYoungGen      total 19200K, used 2556K [0x9dbc0000, 0xa0140000, 0xb3140000)
  eden space 16640K, 0% used [0x9dbc0000,0x9dbc0000,0x9ec00000)
  from space 2560K, 99% used [0x9ec00000,0x9ee7f370,0x9ee80000)
  to   space 2560K, 0% used [0x9fec0000,0x9fec0000,0xa0140000)
 ParOldGen       total 43008K, used 299K [0x73140000, 0x75b40000, 0x9dbc0000)
  object space 43008K, 0% used [0x73140000,0x7318ac48,0x75b40000)
 PSPermGen       total 16384K, used 3967K [0x6b140000, 0x6c140000, 0x73140000)
  object space 16384K, 24% used [0x6b140000,0x6b51ff28,0x6c140000)
}
Event: 3.527 GC heap before
{Heap before GC invocations=2 (full 0):
 PSYoungGen      total 19200K, used 19196K [0x9dbc0000, 0xa0140000, 0xb3140000)
  eden space 16640K, 100% used [0x9dbc0000,0x9ec00000,0x9ec00000)
  from space 2560K, 99% used [0x9ec00000,0x9ee7f370,0x9ee80000)
  to   space 2560K, 0% used [0x9fec0000,0x9fec0000,0xa0140000)
 ParOldGen       total 43008K, used 299K [0x73140000, 0x75b40000, 0x9dbc0000)
  object space 43008K, 0% used [0x73140000,0x7318ac48,0x75b40000)
 PSPermGen       total 16384K, used 4176K [0x6b140000, 0x6c140000, 0x73140000)
  object space 16384K, 25% used [0x6b140000,0x6b5542c8,0x6c140000)
Event: 3.568 GC heap after
Heap after GC invocations=2 (full 0):
 PSYoungGen      total 35840K, used 2557K [0x9dbc0000, 0xa0140000, 0xb3140000)
  eden space 33280K, 0% used [0x9dbc0000,0x9dbc0000,0x9fc40000)
  from space 2560K, 99% used [0x9fec0000,0xa013f480,0xa0140000)
  to   space 2560K, 0% used [0x9fc40000,0x9fc40000,0x9fec0000)
 ParOldGen       total 43008K, used 1923K [0x73140000, 0x75b40000, 0x9dbc0000)
  object space 43008K, 4% used [0x73140000,0x73320d08,0x75b40000)
 PSPermGen       total 16384K, used 4176K [0x6b140000, 0x6c140000, 0x73140000)
  object space 16384K, 25% used [0x6b140000,0x6b5542c8,0x6c140000)
}
Event: 6.348 GC heap before
{Heap before GC invocations=3 (full 0):
 PSYoungGen      total 35840K, used 35837K [0x9dbc0000, 0xa0140000, 0xb3140000)
  eden space 33280K, 100% used [0x9dbc0000,0x9fc40000,0x9fc40000)
  from space 2560K, 99% used [0x9fec0000,0xa013f480,0xa0140000)
  to   space 2560K, 0% used [0x9fc40000,0x9fc40000,0x9fec0000)
 ParOldGen       total 43008K, used 1923K [0x73140000, 0x75b40000, 0x9dbc0000)
  object space 43008K, 4% used [0x73140000,0x73320d08,0x75b40000)
 PSPermGen       total 16384K, used 4242K [0x6b140000, 0x6c140000, 0x73140000)
  object space 16384K, 25% used [0x6b140000,0x6b564830,0x6c140000)
Event: 6.420 GC heap after
Heap after GC invocations=3 (full 0):
 PSYoungGen      total 35840K, used 2544K [0x9dbc0000, 0xa21c0000, 0xb3140000)
  eden space 33280K, 0% used [0x9dbc0000,0x9dbc0000,0x9fc40000)
  from space 2560K, 99% used [0x9fc40000,0x9febc1b8,0x9fec0000)
  to   space 2560K, 0% used [0xa1f40000,0xa1f40000,0xa21c0000)
 ParOldGen       total 43008K, used 7544K [0x73140000, 0x75b40000, 0x9dbc0000)
  object space 43008K, 17% used [0x73140000,0x7389e220,0x75b40000)
 PSPermGen       total 16384K, used 4242K [0x6b140000, 0x6c140000, 0x73140000)
  object space 16384K, 25% used [0x6b140000,0x6b564830,0x6c140000)
}
Event: 9.111 GC heap before
{Heap before GC invocations=4 (full 0):
 PSYoungGen      total 35840K, used 35824K [0x9dbc0000, 0xa21c0000, 0xb3140000)
  eden space 33280K, 100% used [0x9dbc0000,0x9fc40000,0x9fc40000)
  from space 2560K, 99% used [0x9fc40000,0x9febc1b8,0x9fec0000)
  to   space 2560K, 0% used [0xa1f40000,0xa1f40000,0xa21c0000)
 ParOldGen       total 43008K, used 7544K [0x73140000, 0x75b40000, 0x9dbc0000)
  object space 43008K, 17% used [0x73140000,0x7389e220,0x75b40000)
 PSPermGen       total 16384K, used 4260K [0x6b140000, 0x6c140000, 0x73140000)
  object space 16384K, 26% used [0x6b140000,0x6b569278,0x6c140000)
Event: 9.201 GC heap after
Heap after GC invocations=4 (full 0):
 PSYoungGen      total 69120K, used 2552K [0x9dbc0000, 0xa21c0000, 0xb3140000)
  eden space 66560K, 0% used [0x9dbc0000,0x9dbc0000,0xa1cc0000)
  from space 2560K, 99% used [0xa1f40000,0xa21be020,0xa21c0000)
  to   space 2560K, 0% used [0xa1cc0000,0xa1cc0000,0xa1f40000)
 ParOldGen       total 43008K, used 12900K [0x73140000, 0x75b40000, 0x9dbc0000)
  object space 43008K, 29% used [0x73140000,0x73dd91c8,0x75b40000)
 PSPermGen       total 16384K, used 4260K [0x6b140000, 0x6c140000, 0x73140000)
  object space 16384K, 26% used [0x6b140000,0x6b569278,0x6c140000)
}
Event: 14.250 GC heap before
{Heap before GC invocations=5 (full 0):
 PSYoungGen      total 69120K, used 69112K [0x9dbc0000, 0xa21c0000, 0xb3140000)
  eden space 66560K, 100% used [0x9dbc0000,0xa1cc0000,0xa1cc0000)
  from space 2560K, 99% used [0xa1f40000,0xa21be020,0xa21c0000)
  to   space 2560K, 0% used [0xa1cc0000,0xa1cc0000,0xa1f40000)
 ParOldGen       total 43008K, used 12900K [0x73140000, 0x75b40000, 0x9dbc0000)
  object space 43008K, 29% used [0x73140000,0x73dd91c8,0x75b40000)
 PSPermGen       total 16384K, used 4285K [0x6b140000, 0x6c140000, 0x73140000)
  object space 16384K, 26% used [0x6b140000,0x6b56f478,0x6c140000)

Deoptimization events (10 events):
Event: 2.428 Thread 0xb6208400 Uncommon trap: reason=class_check action=maybe_recompile pc=0xb3259c20 method=com.android.dx.ssa.NormalSsaInsn.accept(Lcom/android/dx/ssa/SsaInsn$Visitor;)V @ 9
Event: 2.726 Thread 0x6715f000 Uncommon trap: reason=class_check action=maybe_recompile pc=0xb3259c20 method=com.android.dx.ssa.NormalSsaInsn.accept(Lcom/android/dx/ssa/SsaInsn$Visitor;)V @ 9
Event: 3.244 Thread 0x6715d400 Uncommon trap: reason=unstable_if action=reinterpret pc=0xb326d108 method=com.android.dx.rop.code.RegisterSpec.equals(ILcom/android/dx/rop/type/TypeBearer;Lcom/android/dx/rop/code/LocalItem;)Z @ 42
Event: 4.957 Thread 0xb6208400 Uncommon trap: reason=unstable_if action=reinterpret pc=0xb325eb14 method=com.android.dx.rop.cst.Constant.compareTo(Lcom/android/dx/rop/cst/Constant;)I @ 12
Event: 5.300 Thread 0x67159800 Uncommon trap: reason=null_check action=make_not_entrant pc=0xb328ec24 method=com.android.dx.ssa.SsaRenamer.getLocalForNewReg(I)Lcom/android/dx/rop/code/LocalItem; @ 19
Event: 5.463 Thread 0xb6208400 Uncommon trap: reason=null_check action=make_not_entrant pc=0xb329d420 method=com.android.dx.ssa.SsaRenamer.getLocalForNewReg(I)Lcom/android/dx/rop/code/LocalItem; @ 19
Event: 6.701 Thread 0x6715e000 Uncommon trap: reason=unstable_if action=reinterpret pc=0xb32aa464 method=com.android.dx.ssa.LocalVariableExtractor.processBlock(I)V @ 251
Event: 7.976 Thread 0x6715f000 Uncommon trap: reason=unstable_if action=reinterpret pc=0xb327f8ac method=com.android.dx.util.IntList.binarysearch(I)I @ 105
Event: 8.731 Thread 0xb6208400 Uncommon trap: reason=null_check action=make_not_entrant pc=0xb32bae50 method=com.android.dx.rop.type.Type.putIntern(Lcom/android/dx/rop/type/Type;)Lcom/android/dx/rop/type/Type; @ 18
Event: 9.033 Thread 0x6715f000 Uncommon trap: reason=unstable_if action=reinterpret pc=0xb32b6cfc method=com.android.dx.ssa.SsaMethod.updateOneDefinition(Lcom/android/dx/ssa/SsaInsn;Lcom/android/dx/rop/code/RegisterSpec;)V @ 4

Internal exceptions (10 events):
Event: 2.058 Thread 0x6715e000 Threw 0x9e03b728 at /build/openjdk-7-PdBaKN/openjdk-7-7u91-2.6.3/build/openjdk/hotspot/src/share/vm/prims/jvm.cpp:1322
Event: 2.467 Thread 0x6715d400 Threw 0x9e34fa60 at /build/openjdk-7-PdBaKN/openjdk-7-7u91-2.6.3/build/openjdk/hotspot/src/share/vm/prims/jvm.cpp:1322
Event: 2.530 Thread 0x6715e000 Threw 0x9e469fc0 at /build/openjdk-7-PdBaKN/openjdk-7-7u91-2.6.3/build/openjdk/hotspot/src/share/vm/prims/jvm.cpp:1322
Event: 4.332 Thread 0xb6208400 Threw 0x9e510048 at /build/openjdk-7-PdBaKN/openjdk-7-7u91-2.6.3/build/openjdk/hotspot/src/share/vm/prims/jvm.cpp:1322
Event: 5.290 Thread 0x67159800 Implicit null exception at 0xb328e1ef to 0xb328ec15
Event: 5.463 Thread 0xb6208400 Implicit null exception at 0xb329c4f4 to 0xb329d3f1
Event: 7.673 Thread 0x6715e000 Threw 0x9ea360c0 at /build/openjdk-7-PdBaKN/openjdk-7-7u91-2.6.3/build/openjdk/hotspot/src/share/vm/prims/jvm.cpp:1322
Event: 8.731 Thread 0xb6208400 Implicit null exception at 0xb32ba8da to 0xb32bae45
Event: 9.033 Thread 0x6715f000 Threw 0x9fb541b0 at /build/openjdk-7-PdBaKN/openjdk-7-7u91-2.6.3/build/openjdk/hotspot/src/share/vm/prims/jvm.cpp:1322
Event: 13.151 Thread 0xb6208400 Threw 0xa0bedea8 at /build/openjdk-7-PdBaKN/openjdk-7-7u91-2.6.3/build/openjdk/hotspot/src/share/vm/prims/jvm.cpp:1322

Events (10 events):
Event: 9.240 Executing VM operation: RevokeBias done
Event: 9.240 Executing VM operation: RevokeBias
Event: 9.240 Executing VM operation: RevokeBias done
Event: 9.240 Executing VM operation: RevokeBias
Event: 9.240 Executing VM operation: RevokeBias done
Event: 9.240 Executing VM operation: BulkRevokeBias
Event: 9.240 Executing VM operation: BulkRevokeBias done
Event: 13.151 loading class 0x67af56a0
Event: 13.151 loading class 0x67af56a0 done
Event: 14.239 Executing VM operation: ParallelGCFailedAllocation


Dynamic libraries:
08048000-08049000 r-xp 00000000 08:01 804961     /usr/lib/jvm/java-7-openjdk-i386/jre/bin/java
08049000-0804a000 r--p 00000000 08:01 804961     /usr/lib/jvm/java-7-openjdk-i386/jre/bin/java
0804a000-0804b000 rw-p 00001000 08:01 804961     /usr/lib/jvm/java-7-openjdk-i386/jre/bin/java
08b0c000-08b86000 rw-p 00000000 00:00 0          [heap]
65100000-6517b000 rw-p 00000000 00:00 0 
6517b000-65200000 ---p 00000000 00:00 0 
65300000-65367000 rw-p 00000000 00:00 0 
65367000-65400000 ---p 00000000 00:00 0 
65400000-654f8000 rw-p 00000000 00:00 0 
654f8000-65500000 ---p 00000000 00:00 0 
65500000-65600000 rw-p 00000000 00:00 0 
65670000-65700000 rw-p 00000000 00:00 0 
65700000-657f7000 rw-p 00000000 00:00 0 
657f7000-65800000 ---p 00000000 00:00 0 
65800000-658e2000 rw-p 00000000 00:00 0 
658e2000-65900000 ---p 00000000 00:00 0 
65900000-659fd000 rw-p 00000000 00:00 0 
659fd000-65a00000 ---p 00000000 00:00 0 
65a00000-65af7000 rw-p 00000000 00:00 0 
65af7000-65b00000 ---p 00000000 00:00 0 
65b00000-65c00000 rw-p 00000000 00:00 0 
65c00000-65ced000 rw-p 00000000 00:00 0 
65ced000-65d00000 ---p 00000000 00:00 0 
65d00000-65df9000 rw-p 00000000 00:00 0 
65df9000-65e00000 ---p 00000000 00:00 0 
65e00000-65efb000 rw-p 00000000 00:00 0 
65efb000-65f00000 ---p 00000000 00:00 0 
65f00000-66000000 rw-p 00000000 00:00 0 
66000000-660f9000 rw-p 00000000 00:00 0 
660f9000-66100000 ---p 00000000 00:00 0 
66100000-661fa000 rw-p 00000000 00:00 0 
661fa000-66200000 ---p 00000000 00:00 0 
66200000-66300000 rw-p 00000000 00:00 0 
66376000-66400000 rw-p 00000000 00:00 0 
66400000-664fb000 rw-p 00000000 00:00 0 
664fb000-66500000 ---p 00000000 00:00 0 
66500000-665c5000 rw-p 00000000 00:00 0 
665c5000-66600000 ---p 00000000 00:00 0 
66600000-666fd000 rw-p 00000000 00:00 0 
666fd000-66700000 ---p 00000000 00:00 0 
6677c000-66800000 rw-p 00000000 00:00 0 
66800000-668f8000 rw-p 00000000 00:00 0 
668f8000-66900000 ---p 00000000 00:00 0 
66915000-669f4000 rw-p 00000000 00:00 0 
669f4000-669f7000 ---p 00000000 00:00 0 
669f7000-66a45000 rw-p 00000000 00:00 0          [stack:9693]
66a45000-66a48000 ---p 00000000 00:00 0 
66a48000-66a96000 rw-p 00000000 00:00 0          [stack:9692]
66a96000-66a99000 ---p 00000000 00:00 0 
66a99000-66ae7000 rw-p 00000000 00:00 0          [stack:9691]
66ae7000-66aea000 ---p 00000000 00:00 0 
66aea000-66b38000 rw-p 00000000 00:00 0          [stack:9690]
66b38000-66b3b000 ---p 00000000 00:00 0 
66b3b000-66d4a000 rw-p 00000000 00:00 0          [stack:9689]
66d4a000-66dba000 r-xp 00000000 08:01 394656     /lib/i386-linux-gnu/libpcre.so.3.13.1
66dba000-66dbb000 r--p 0006f000 08:01 394656     /lib/i386-linux-gnu/libpcre.so.3.13.1
66dbb000-66dbc000 rw-p 00070000 08:01 394656     /lib/i386-linux-gnu/libpcre.so.3.13.1
66dbc000-66ee2000 r-xp 00000000 08:01 394573     /lib/i386-linux-gnu/libglib-2.0.so.0.4400.0
66ee2000-66ee3000 r--p 00125000 08:01 394573     /lib/i386-linux-gnu/libglib-2.0.so.0.4400.0
66ee3000-66ee4000 rw-p 00126000 08:01 394573     /lib/i386-linux-gnu/libglib-2.0.so.0.4400.0
66ee4000-66f3f000 r-xp 00000000 08:01 137385     /usr/lib/i386-linux-gnu/libgobject-2.0.so.0.4400.0
66f3f000-66f40000 r--p 0005b000 08:01 137385     /usr/lib/i386-linux-gnu/libgobject-2.0.so.0.4400.0
66f40000-66f41000 rw-p 0005c000 08:01 137385     /usr/lib/i386-linux-gnu/libgobject-2.0.so.0.4400.0
66f41000-670fa000 r-xp 00000000 08:01 137357     /usr/lib/i386-linux-gnu/libgio-2.0.so.0.4400.0
670fa000-670fd000 r--p 001b8000 08:01 137357     /usr/lib/i386-linux-gnu/libgio-2.0.so.0.4400.0
670fd000-670ff000 rw-p 001bb000 08:01 137357     /usr/lib/i386-linux-gnu/libgio-2.0.so.0.4400.0
670ff000-67100000 rw-p 00000000 00:00 0 
67100000-67178000 rw-p 00000000 00:00 0 
67178000-67200000 ---p 00000000 00:00 0 
67226000-6723a000 r-xp 00000000 08:01 394679     /lib/i386-linux-gnu/libresolv-2.21.so
6723a000-6723c000 r--p 00013000 08:01 394679     /lib/i386-linux-gnu/libresolv-2.21.so
6723c000-6723d000 rw-p 00015000 08:01 394679     /lib/i386-linux-gnu/libresolv-2.21.so
6723d000-6723f000 rw-p 00000000 00:00 0 
6723f000-67240000 ---p 00000000 00:00 0 
67240000-672c0000 rw-p 00000000 00:00 0          [stack:9680]
672c0000-672c3000 ---p 00000000 00:00 0 
672c3000-67311000 rw-p 00000000 00:00 0          [stack:9679]
67311000-67314000 ---p 00000000 00:00 0 
67314000-67392000 rw-p 00000000 00:00 0          [stack:9678]
67392000-67395000 ---p 00000000 00:00 0 
67395000-67413000 rw-p 00000000 00:00 0          [stack:9673]
67413000-6755a000 r-xp 00000000 08:01 136931     /usr/lib/i386-linux-gnu/libX11.so.6.3.0
6755a000-6755b000 r--p 00146000 08:01 136931     /usr/lib/i386-linux-gnu/libX11.so.6.3.0
6755b000-6755d000 rw-p 00147000 08:01 136931     /usr/lib/i386-linux-gnu/libX11.so.6.3.0
6755d000-6755e000 rw-p 00000000 00:00 0 
6755e000-67561000 ---p 00000000 00:00 0 
67561000-675af000 rw-p 00000000 00:00 0          [stack:9665]
675af000-677af000 r--p 00000000 08:01 143362     /usr/lib/locale/locale-archive
677af000-677b2000 ---p 00000000 00:00 0 
677b2000-67800000 rw-p 00000000 00:00 0          [stack:9664]
67800000-678fc000 rw-p 00000000 00:00 0 
678fc000-67900000 ---p 00000000 00:00 0 
67900000-6792d000 rw-p 00000000 00:00 0 
6792d000-67a00000 ---p 00000000 00:00 0 
67a00000-67b00000 rw-p 00000000 00:00 0 
67b0f000-67b33000 r-xp 00000000 08:01 394683     /lib/i386-linux-gnu/libselinux.so.1
67b33000-67b34000 r--p 00024000 08:01 394683     /lib/i386-linux-gnu/libselinux.so.1
67b34000-67b35000 rw-p 00025000 08:01 394683     /lib/i386-linux-gnu/libselinux.so.1
67b35000-67b36000 rw-p 00000000 00:00 0 
67b4d000-67b4e000 ---p 00000000 00:00 0 
67b4e000-67bce000 rw-p 00000000 00:00 0          [stack:9662]
67bce000-67d80000 r--s 01d2e000 08:01 804984     /usr/lib/jvm/java-7-openjdk-i386/jre/lib/rt.jar
67d80000-6a600000 rw-p 00000000 00:00 0 
6a600000-6a6fb000 rw-p 00000000 00:00 0 
6a6fb000-6a700000 ---p 00000000 00:00 0 
6a70c000-6a72c000 r-xp 00000000 08:01 138125     /usr/lib/i386-linux-gnu/libxcb.so.1.1.0
6a72c000-6a72d000 r--p 0001f000 08:01 138125     /usr/lib/i386-linux-gnu/libxcb.so.1.1.0
6a72d000-6a72e000 rw-p 00020000 08:01 138125     /usr/lib/i386-linux-gnu/libxcb.so.1.1.0
6a72e000-6a731000 ---p 00000000 00:00 0 
6a731000-6a77f000 rw-p 00000000 00:00 0          [stack:9663]
6a77f000-6a780000 ---p 00000000 00:00 0 
6a780000-6a800000 rw-p 00000000 00:00 0          [stack:9661]
6a800000-6a821000 rw-p 00000000 00:00 0 
6a821000-6a900000 ---p 00000000 00:00 0 
6a90b000-6a922000 r-xp 00000000 08:01 805027     /usr/lib/jvm/java-7-openjdk-i386/jre/lib/i386/libnet.so
6a922000-6a923000 r--p 00016000 08:01 805027     /usr/lib/jvm/java-7-openjdk-i386/jre/lib/i386/libnet.so
6a923000-6a924000 rw-p 00017000 08:01 805027     /usr/lib/jvm/java-7-openjdk-i386/jre/lib/i386/libnet.so
6a924000-6a934000 r-xp 00000000 08:01 804991     /usr/lib/jvm/java-7-openjdk-i386/jre/lib/i386/libnio.so
6a934000-6a935000 r--p 00010000 08:01 804991     /usr/lib/jvm/java-7-openjdk-i386/jre/lib/i386/libnio.so
6a935000-6a936000 rw-p 00011000 08:01 804991     /usr/lib/jvm/java-7-openjdk-i386/jre/lib/i386/libnio.so
6a936000-6a97f000 rw-p 00000000 00:00 0 
6a97f000-6a980000 ---p 00000000 00:00 0 
6a980000-6aa00000 rw-p 00000000 00:00 0          [stack:9660]
6aa00000-6aa21000 rw-p 00000000 00:00 0 
6aa21000-6ab00000 ---p 00000000 00:00 0 
6ab01000-6ab08000 r-xp 00000000 08:01 137254     /usr/lib/i386-linux-gnu/libffi.so.6.0.4
6ab08000-6ab0a000 r--p 00006000 08:01 137254     /usr/lib/i386-linux-gnu/libffi.so.6.0.4
6ab0a000-6ab0b000 rw-p 00008000 08:01 137254     /usr/lib/i386-linux-gnu/libffi.so.6.0.4
6ab0b000-6ab15000 r--s 0008b000 08:01 945552     /home/student/test/HealthyBit/app/build/intermediates/exploded-aar/com.android.support/appcompat-v7/23.3.0/jars/classes.jar
6ab15000-6ab24000 r--s 000df000 08:01 1062595    /home/student/Android/Sdk/build-tools/23.0.3/lib/dx.jar
6ab24000-6ab7f000 rw-p 00000000 00:00 0 
6ab7f000-6ab80000 ---p 00000000 00:00 0 
6ab80000-6ac00000 rw-p 00000000 00:00 0          [stack:9659]
6ac00000-6ac21000 rw-p 00000000 00:00 0 
6ac21000-6ad00000 ---p 00000000 00:00 0 
6ad01000-6ad04000 r-xp 00000000 08:01 137371     /usr/lib/i386-linux-gnu/libgmodule-2.0.so.0.4400.0
6ad04000-6ad05000 r--p 00002000 08:01 137371     /usr/lib/i386-linux-gnu/libgmodule-2.0.so.0.4400.0
6ad05000-6ad06000 rw-p 00003000 08:01 137371     /usr/lib/i386-linux-gnu/libgmodule-2.0.so.0.4400.0
6ad06000-6ad0b000 r-xp 00000000 08:01 136946     /usr/lib/i386-linux-gnu/libXdmcp.so.6.0.0
6ad0b000-6ad0c000 r--p 00004000 08:01 136946     /usr/lib/i386-linux-gnu/libXdmcp.so.6.0.0
6ad0c000-6ad0d000 rw-p 00005000 08:01 136946     /usr/lib/i386-linux-gnu/libXdmcp.so.6.0.0
6ad0d000-6ad28000 rw-p 00000000 00:00 0 
6ad28000-6ad29000 ---p 00000000 00:00 0 
6ad29000-6adbe000 rw-p 00000000 00:00 0          [stack:9658]
6adbe000-6aeff000 rw-p 00000000 00:00 0 
6aeff000-6af07000 rw-p 00000000 00:00 0 
6af07000-6af3f000 rw-p 00000000 00:00 0 
6af3f000-6af54000 rw-p 00000000 00:00 0 
6af54000-6b094000 rw-p 00000000 00:00 0 
6b094000-6b0b8000 rw-p 00000000 00:00 0 
6b0b8000-6b13f000 rw-p 00000000 00:00 0 
6b13f000-6c140000 rw-p 00000000 00:00 0 
6c140000-73140000 rw-p 00000000 00:00 0 
73140000-75b40000 rw-p 00000000 00:00 0 
75b40000-9dbc0000 rw-p 00000000 00:00 0 
9dbc0000-a21c0000 rw-p 00000000 00:00 0 
a7800000-a7940000 rw-p 00000000 00:00 0 
a7940000-b3140000 rw-p 00000000 00:00 0 
b3140000-b3149000 rw-p 00000000 00:00 0 
b3149000-b3200000 rw-p 00000000 00:00 0 
b3200000-b3440000 rwxp 00000000 00:00 0 
b3440000-b6300000 rw-p 00000000 00:00 0 
b6304000-b6306000 r-xp 00000000 08:01 136935     /usr/lib/i386-linux-gnu/libXau.so.6.0.0
b6306000-b6307000 r--p 00001000 08:01 136935     /usr/lib/i386-linux-gnu/libXau.so.6.0.0
b6307000-b6308000 rw-p 00002000 08:01 136935     /usr/lib/i386-linux-gnu/libXau.so.6.0.0
b6308000-b630a000 r-xp 00000000 08:01 141618     /usr/lib/jayatana/libjayatanaag.so
b630a000-b630b000 r--p 00001000 08:01 141618     /usr/lib/jayatana/libjayatanaag.so
b630b000-b630c000 rw-p 00002000 08:01 141618     /usr/lib/jayatana/libjayatanaag.so
b630c000-b630d000 r--s 00000000 08:01 414147     /usr/share/java/jayatanaag.jar
b630d000-b6311000 r--s 00085000 08:01 804976     /usr/lib/jvm/java-7-openjdk-i386/jre/lib/ext/localedata.jar
b6311000-b6315000 r--s 00034000 08:01 804978     /usr/lib/jvm/java-7-openjdk-i386/jre/lib/ext/sunjce_provider.jar
b6315000-b6319000 r--s 0003c000 08:01 804979     /usr/lib/jvm/java-7-openjdk-i386/jre/lib/ext/sunpkcs11.jar
b6319000-b6321000 rw-p 00000000 00:00 0 
b6321000-b6359000 rw-p 00000000 00:00 0 
b6359000-b6365000 r-xp 00000000 08:01 394626     /lib/i386-linux-gnu/libnss_files-2.21.so
b6365000-b6366000 r--p 0000b000 08:01 394626     /lib/i386-linux-gnu/libnss_files-2.21.so
b6366000-b6367000 rw-p 0000c000 08:01 394626     /lib/i386-linux-gnu/libnss_files-2.21.so
b6367000-b6372000 r-xp 00000000 08:01 394636     /lib/i386-linux-gnu/libnss_nis-2.21.so
b6372000-b6373000 r--p 0000a000 08:01 394636     /lib/i386-linux-gnu/libnss_nis-2.21.so
b6373000-b6374000 rw-p 0000b000 08:01 394636     /lib/i386-linux-gnu/libnss_nis-2.21.so
b6374000-b638b000 r-xp 00000000 08:01 394620     /lib/i386-linux-gnu/libnsl-2.21.so
b638b000-b638c000 r--p 00016000 08:01 394620     /lib/i386-linux-gnu/libnsl-2.21.so
b638c000-b638d000 rw-p 00017000 08:01 394620     /lib/i386-linux-gnu/libnsl-2.21.so
b638d000-b638f000 rw-p 00000000 00:00 0 
b638f000-b6397000 r-xp 00000000 08:01 394622     /lib/i386-linux-gnu/libnss_compat-2.21.so
b6397000-b6398000 r--p 00007000 08:01 394622     /lib/i386-linux-gnu/libnss_compat-2.21.so
b6398000-b6399000 rw-p 00008000 08:01 394622     /lib/i386-linux-gnu/libnss_compat-2.21.so
b6399000-b639c000 r--s 0000f000 08:01 804977     /usr/lib/jvm/java-7-openjdk-i386/jre/lib/ext/icedtea-sound.jar
b639c000-b639e000 r--s 00012000 08:01 804975     /usr/lib/jvm/java-7-openjdk-i386/jre/lib/ext/zipfs.jar
b639e000-b63a6000 r-xp 00000000 08:01 804995     /usr/lib/jvm/java-7-openjdk-i386/jre/lib/i386/libzip.so
b63a6000-b63a7000 r--p 00007000 08:01 804995     /usr/lib/jvm/java-7-openjdk-i386/jre/lib/i386/libzip.so
b63a7000-b63a8000 rw-p 00008000 08:01 804995     /usr/lib/jvm/java-7-openjdk-i386/jre/lib/i386/libzip.so
b63a8000-b63b0000 rw-s 00000000 08:01 429876     /tmp/hsperfdata_student/9649
b63b0000-b63ba000 r-xp 00000000 08:01 805017     /usr/lib/jvm/java-7-openjdk-i386/jre/lib/i386/libinstrument.so
b63ba000-b63bb000 r--p 00009000 08:01 805017     /usr/lib/jvm/java-7-openjdk-i386/jre/lib/i386/libinstrument.so
b63bb000-b63bc000 rw-p 0000a000 08:01 805017     /usr/lib/jvm/java-7-openjdk-i386/jre/lib/i386/libinstrument.so
b63bc000-b63e2000 r-xp 00000000 08:01 805003     /usr/lib/jvm/java-7-openjdk-i386/jre/lib/i386/libjava.so
b63e2000-b63e3000 r--p 00025000 08:01 805003     /usr/lib/jvm/java-7-openjdk-i386/jre/lib/i386/libjava.so
b63e3000-b63e4000 rw-p 00026000 08:01 805003     /usr/lib/jvm/java-7-openjdk-i386/jre/lib/i386/libjava.so
b63e4000-b63eb000 r-xp 00000000 08:01 394681     /lib/i386-linux-gnu/librt-2.21.so
b63eb000-b63ec000 r--p 00006000 08:01 394681     /lib/i386-linux-gnu/librt-2.21.so
b63ec000-b63ed000 rw-p 00007000 08:01 394681     /lib/i386-linux-gnu/librt-2.21.so
b63ed000-b63f0000 ---p 00000000 00:00 0 
b63f0000-b643e000 rw-p 00000000 00:00 0          [stack:9652]
b643e000-b645a000 r-xp 00000000 08:01 394569     /lib/i386-linux-gnu/libgcc_s.so.1
b645a000-b645b000 rw-p 0001b000 08:01 394569     /lib/i386-linux-gnu/libgcc_s.so.1
b645b000-b64a6000 r-xp 00000000 08:01 394599     /lib/i386-linux-gnu/libm-2.21.so
b64a6000-b64a7000 r--p 0004a000 08:01 394599     /lib/i386-linux-gnu/libm-2.21.so
b64a7000-b64a8000 rw-p 0004b000 08:01 394599     /lib/i386-linux-gnu/libm-2.21.so
b64a8000-b6591000 r-xp 00000000 08:01 137921     /usr/lib/i386-linux-gnu/libstdc++.so.6.0.20
b6591000-b6595000 r--p 000e9000 08:01 137921     /usr/lib/i386-linux-gnu/libstdc++.so.6.0.20
b6595000-b6596000 rw-p 000ed000 08:01 137921     /usr/lib/i386-linux-gnu/libstdc++.so.6.0.20
b6596000-b659d000 rw-p 00000000 00:00 0 
b659d000-b70f0000 r-xp 00000000 08:01 805013     /usr/lib/jvm/java-7-openjdk-i386/jre/lib/i386/server/libjvm.so
b70f0000-b7144000 r--p 00b52000 08:01 805013     /usr/lib/jvm/java-7-openjdk-i386/jre/lib/i386/server/libjvm.so
b7144000-b7158000 rw-p 00ba6000 08:01 805013     /usr/lib/jvm/java-7-openjdk-i386/jre/lib/i386/server/libjvm.so
b7158000-b7577000 rw-p 00000000 00:00 0 
b7577000-b7590000 r-xp 00000000 08:01 394714     /lib/i386-linux-gnu/libz.so.1.2.8
b7590000-b7591000 r--p 00019000 08:01 394714     /lib/i386-linux-gnu/libz.so.1.2.8
b7591000-b7592000 rw-p 0001a000 08:01 394714     /lib/i386-linux-gnu/libz.so.1.2.8
b7592000-b75ab000 r-xp 00000000 08:01 394673     /lib/i386-linux-gnu/libpthread-2.21.so
b75ab000-b75ac000 r--p 00018000 08:01 394673     /lib/i386-linux-gnu/libpthread-2.21.so
b75ac000-b75ad000 rw-p 00019000 08:01 394673     /lib/i386-linux-gnu/libpthread-2.21.so
b75ad000-b75af000 rw-p 00000000 00:00 0 
b75af000-b75b2000 r-xp 00000000 08:01 394557     /lib/i386-linux-gnu/libdl-2.21.so
b75b2000-b75b3000 r--p 00002000 08:01 394557     /lib/i386-linux-gnu/libdl-2.21.so
b75b3000-b75b4000 rw-p 00003000 08:01 394557     /lib/i386-linux-gnu/libdl-2.21.so
b75b4000-b7768000 r-xp 00000000 08:01 394540     /lib/i386-linux-gnu/libc-2.21.so
b7768000-b776b000 r--p 001b3000 08:01 394540     /lib/i386-linux-gnu/libc-2.21.so
b776b000-b776d000 rw-p 001b6000 08:01 394540     /lib/i386-linux-gnu/libc-2.21.so
b776d000-b776f000 rw-p 00000000 00:00 0 
b776f000-b7770000 r--s 00002000 08:01 804980     /usr/lib/jvm/java-7-openjdk-i386/jre/lib/ext/dnsns.jar
b7770000-b7772000 r--s 00006000 08:01 399091     /usr/share/java/java-atk-wrapper.jar
b7772000-b7773000 r--p 005e0000 08:01 143362     /usr/lib/locale/locale-archive
b7773000-b7774000 rw-p 00000000 00:00 0 
b7774000-b7775000 ---p 00000000 00:00 0 
b7775000-b7783000 r-xp 00000000 08:01 805022     /usr/lib/jvm/java-7-openjdk-i386/jre/lib/i386/libverify.so
b7783000-b7785000 r--p 0000d000 08:01 805022     /usr/lib/jvm/java-7-openjdk-i386/jre/lib/i386/libverify.so
b7785000-b7786000 rw-p 0000f000 08:01 805022     /usr/lib/jvm/java-7-openjdk-i386/jre/lib/i386/libverify.so
b7786000-b7792000 r-xp 00000000 08:01 805024     /usr/lib/jvm/java-7-openjdk-i386/jre/lib/i386/jli/libjli.so
b7792000-b7793000 r--p 0000b000 08:01 805024     /usr/lib/jvm/java-7-openjdk-i386/jre/lib/i386/jli/libjli.so
b7793000-b7794000 rw-p 0000c000 08:01 805024     /usr/lib/jvm/java-7-openjdk-i386/jre/lib/i386/jli/libjli.so
b7794000-b7797000 rw-p 00000000 00:00 0 
b7797000-b7799000 r--p 00000000 00:00 0          [vvar]
b7799000-b779a000 r-xp 00000000 00:00 0          [vdso]
b779a000-b77bc000 r-xp 00000000 08:01 394512     /lib/i386-linux-gnu/ld-2.21.so
b77bc000-b77bd000 r--p 00021000 08:01 394512     /lib/i386-linux-gnu/ld-2.21.so
b77bd000-b77be000 rw-p 00022000 08:01 394512     /lib/i386-linux-gnu/ld-2.21.so
bfadc000-bfadd000 rwxp 00000000 00:00 0 
bfb0e000-bfb30000 rw-p 00000000 00:00 0          [stack]

VM Arguments:
jvm_args: -javaagent:/usr/share/java/jayatanaag.jar -Djava.awt.headless=true -Xmx1024M -Dfile.encoding=UTF-8 -Duser.country=US -Duser.language=en -Duser.variant 
java_command: com.android.dx.command.Main --dex --num-threads=4 --output /home/student/test/HealthyBit/app/build/intermediates/pre-dexed/debug/com.android.support-appcompat-v7-23.3.0_7c37c6b50c58a873924f37753fdea7401922080f.jar /home/student/test/HealthyBit/app/build/intermediates/exploded-aar/com.android.support/appcompat-v7/23.3.0/jars/classes.jar
Launcher Type: SUN_STANDARD

Environment Variables:
JAVA_TOOL_OPTIONS=-javaagent:/usr/share/java/jayatanaag.jar 
PATH=/home/student/.linuxbrew/bin:/usr/local/sbin:/usr/local/bin:/usr/sbin:/usr/bin:/sbin:/bin:/usr/games:/usr/local/games:/etc/android-studio/bin/:/home/student/Android/Sdk/platform-tools:/home/student/Android/Sdk/tools
LD_LIBRARY_PATH=/etc/android-studio/bin:
SHELL=/bin/bash
DISPLAY=:0

Signal Handlers:
SIGSEGV: [libjvm.so+0x7f7d00], sa_mask[0]=0x7ffbfeff, sa_flags=0x10000004
SIGBUS: [libjvm.so+0x7f7d00], sa_mask[0]=0x7ffbfeff, sa_flags=0x10000004
SIGFPE: [libjvm.so+0x67a9d0], sa_mask[0]=0x7ffbfeff, sa_flags=0x10000004
SIGPIPE: [libjvm.so+0x67a9d0], sa_mask[0]=0x7ffbfeff, sa_flags=0x10000004
SIGXFSZ: [libjvm.so+0x67a9d0], sa_mask[0]=0x7ffbfeff, sa_flags=0x10000004
SIGILL: [libjvm.so+0x67a9d0], sa_mask[0]=0x7ffbfeff, sa_flags=0x10000004
SIGUSR1: SIG_DFL, sa_mask[0]=0x00000000, sa_flags=0x00000000
SIGUSR2: [libjvm.so+0x67a820], sa_mask[0]=0x00000004, sa_flags=0x10000004
SIGHUP: [libjvm.so+0x67aa80], sa_mask[0]=0x7ffbfeff, sa_flags=0x10000004
SIGINT: [libjvm.so+0x67aa80], sa_mask[0]=0x7ffbfeff, sa_flags=0x10000004
SIGTERM: [libjvm.so+0x67aa80], sa_mask[0]=0x7ffbfeff, sa_flags=0x10000004
SIGQUIT: [libjvm.so+0x67aa80], sa_mask[0]=0x7ffbfeff, sa_flags=0x10000004
SIGTRAP: SIG_DFL, sa_mask[0]=0x00000000, sa_flags=0x00000000


---------------  S Y S T E M  ---------------

OS:Ubuntu 15.04 (vivid)
uname:Linux 3.19.0-18-generic #18-Ubuntu SMP Tue May 19 18:30:59 UTC 2015 i686
libc:glibc 2.21 NPTL 2.21 
rlimit: STACK 8192k, CORE 0k, NPROC 32177, NOFILE 65536, AS infinity
load average:13.78 7.77 5.49

/proc/meminfo:
MemTotal:        4139540 kB
MemFree:          222188 kB
MemAvailable:     164052 kB
Buffers:            7768 kB
Cached:            80988 kB
SwapCached:            0 kB
Active:          3501668 kB
Inactive:          62220 kB
Active(anon):    3476904 kB
Inactive(anon):    37884 kB
Active(file):      24764 kB
Inactive(file):    24336 kB
Unevictable:          32 kB
Mlocked:              32 kB
HighTotal:       3280776 kB
HighFree:          44196 kB
LowTotal:         858764 kB
LowFree:          177992 kB
SwapTotal:             0 kB
SwapFree:              0 kB
Dirty:               136 kB
Writeback:             0 kB
AnonPages:       3475624 kB
Mapped:            63848 kB
Shmem:             39060 kB
Slab:              50492 kB
SReclaimable:      23944 kB
SUnreclaim:        26548 kB
KernelStack:        5496 kB
PageTables:        15164 kB
NFS_Unstable:          0 kB
Bounce:                0 kB
WritebackTmp:          0 kB
CommitLimit:     2069768 kB
Committed_AS:    6376044 kB
VmallocTotal:     122880 kB
VmallocUsed:       23416 kB
VmallocChunk:      49124 kB
AnonHugePages:   2646016 kB
CmaTotal:              0 kB
CmaFree:               0 kB
HugePages_Total:       0
HugePages_Free:        0
HugePages_Rsvd:        0
HugePages_Surp:        0
Hugepagesize:       2048 kB
DirectMap4k:       61432 kB
DirectMap2M:      851968 kB


CPU:total 4 (1 cores per cpu, 1 threads per core) family 6 model 58 stepping 9, cmov, cx8, fxsr, mmx, sse, sse2, sse3, ssse3, sse4.1, sse4.2, popcnt, avx, aes, erms, tsc, tscinvbit, tscinv

/proc/cpuinfo:
processor	: 0
vendor_id	: GenuineIntel
cpu family	: 6
model		: 58
model name	: Intel(R) Core(TM) i5-3210M CPU @ 2.50GHz
stepping	: 9
microcode	: 0x15
cpu MHz		: 2494.111
cache size	: 3072 KB
physical id	: 0
siblings	: 1
core id		: 0
cpu cores	: 1
apicid		: 0
initial apicid	: 0
fdiv_bug	: no
f00f_bug	: no
coma_bug	: no
fpu		: yes
fpu_exception	: yes
cpuid level	: 13
wp		: yes
flags		: fpu vme de pse tsc msr pae mce cx8 apic sep mtrr pge mca cmov pat pse36 clflush dts mmx fxsr sse sse2 ss nx rdtscp lm constant_tsc arch_perfmon pebs bts xtopology tsc_reliable nonstop_tsc aperfmperf pni pclmulqdq ssse3 cx16 pcid sse4_1 sse4_2 x2apic popcnt tsc_deadline_timer aes xsave avx f16c rdrand hypervisor lahf_lm ida arat epb pln pts dtherm fsgsbase tsc_adjust smep
bugs		:
bogomips	: 4988.22
clflush size	: 64
cache_alignment	: 64
address sizes	: 42 bits physical, 48 bits virtual
power management:

processor	: 1
vendor_id	: GenuineIntel
cpu family	: 6
model		: 58
model name	: Intel(R) Core(TM) i5-3210M CPU @ 2.50GHz
stepping	: 9
microcode	: 0x15
cpu MHz		: 2494.111
cache size	: 3072 KB
physical id	: 2
siblings	: 1
core id		: 0
cpu cores	: 1
apicid		: 2
initial apicid	: 2
fdiv_bug	: no
f00f_bug	: no
coma_bug	: no
fpu		: yes
fpu_exception	: yes
cpuid level	: 13
wp		: yes
flags		: fpu vme de pse tsc msr pae mce cx8 apic sep mtrr pge mca cmov pat pse36 clflush dts mmx fxsr sse sse2 ss nx rdtscp lm constant_tsc arch_perfmon pebs bts xtopology tsc_reliable nonstop_tsc aperfmperf pni pclmulqdq ssse3 cx16 pcid sse4_1 sse4_2 x2apic popcnt tsc_deadline_timer aes xsave avx f16c rdrand hypervisor lahf_lm ida arat epb pln pts dtherm fsgsbase tsc_adjust smep
bugs		:
bogomips	: 4988.22
clflush size	: 64
cache_alignment	: 64
address sizes	: 42 bits physical, 48 bits virtual
power management:

processor	: 2
vendor_id	: GenuineIntel
cpu family	: 6
model		: 58
model name	: Intel(R) Core(TM) i5-3210M CPU @ 2.50GHz
stepping	: 9
microcode	: 0x15
cpu MHz		: 2494.111
cache size	: 3072 KB
physical id	: 4
siblings	: 1
core id		: 0
cpu cores	: 1
apicid		: 4
initial apicid	: 4
fdiv_bug	: no
f00f_bug	: no
coma_bug	: no
fpu		: yes
fpu_exception	: yes
cpuid level	: 13
wp		: yes
flags		: fpu vme de pse tsc msr pae mce cx8 apic sep mtrr pge mca cmov pat pse36 clflush dts mmx fxsr sse sse2 ss nx rdtscp lm constant_tsc arch_perfmon pebs bts xtopology tsc_reliable nonstop_tsc aperfmperf pni pclmulqdq ssse3 cx16 pcid sse4_1 sse4_2 x2apic popcnt tsc_deadline_timer aes xsave avx f16c rdrand hypervisor lahf_lm ida arat epb pln pts dtherm fsgsbase tsc_adjust smep
bugs		:
bogomips	: 4988.22
clflush size	: 64
cache_alignment	: 64
address sizes	: 42 bits physical, 48 bits virtual
power management:

processor	: 3
vendor_id	: GenuineIntel
cpu family	: 6
model		: 58
model name	: Intel(R) Core(TM) i5-3210M CPU @ 2.50GHz
stepping	: 9
microcode	: 0x15
cpu MHz		: 2494.111
cache size	: 3072 KB
physical id	: 6
siblings	: 1
core id		: 0
cpu cores	: 1
apicid		: 6
initial apicid	: 6
fdiv_bug	: no
f00f_bug	: no
coma_bug	: no
fpu		: yes
fpu_exception	: yes
cpuid level	: 13
wp		: yes
flags		: fpu vme de pse tsc msr pae mce cx8 apic sep mtrr pge mca cmov pat pse36 clflush dts mmx fxsr sse sse2 ss nx rdtscp lm constant_tsc arch_perfmon pebs bts xtopology tsc_reliable nonstop_tsc aperfmperf pni pclmulqdq ssse3 cx16 pcid sse4_1 sse4_2 x2apic popcnt tsc_deadline_timer aes xsave avx f16c rdrand hypervisor lahf_lm ida arat epb pln pts dtherm fsgsbase tsc_adjust smep
bugs		:
bogomips	: 4988.22
clflush size	: 64
cache_alignment	: 64
address sizes	: 42 bits physical, 48 bits virtual
power management:



Memory: 4k page, physical 4139540k(222188k free), swap 0k(0k free)

vm_info: OpenJDK Server VM (24.91-b01) for linux-x86 JRE (1.7.0_91-b02), built on Nov 19 2015 06:25:06 by "buildd" with gcc 4.9.2

time: Tue May  3 16:33:48 2016
elapsed time: 14 seconds

