#
# There is insufficient memory for the Java Runtime Environment to continue.
# Native memory allocation (malloc) failed to allocate 92798976 bytes for committing reserved memory.
# Possible reasons:
#   The system is out of physical RAM or swap space
#   In 32 bit mode, the process size limit was hit
# Possible solutions:
#   Reduce memory load on the system
#   Increase physical memory or swap space
#   Check if swap backing store is full
#   Use 64 bit Java on a 64 bit OS
#   Decrease Java heap size (-Xmx/-Xms)
#   Decrease number of Java threads
#   Decrease Java thread stack sizes (-Xss)
#   Set larger code cache with -XX:ReservedCodeCacheSize=
# This output file may be truncated or incomplete.
#
#  Out of Memory Error (os_linux.cpp:2827), pid=8207, tid=1740430144
#
# JRE version: OpenJDK Runtime Environment (7.0_91-b02) (build 1.7.0_91-b02)
# Java VM: OpenJDK Server VM (24.91-b01 mixed mode linux-x86 )
# Derivative: IcedTea 2.6.3
# Distribution: Ubuntu 15.04, package 7u91-2.6.3-0ubuntu0.15.04.1
# Failed to write core dump. Core dumps have been disabled. To enable core dumping, try "ulimit -c unlimited" before starting Java again
#

---------------  T H R E A D  ---------------

Current thread (0x67a81400):  VMThread [stack: 0x67b4d000,0x67bce000] [id=8224]

Stack: [0x67b4d000,0x67bce000]
VM_Operation (0x66accb54): ParallelGCFailedAllocation, mode: safepoint, requested by thread 0x67144c00


---------------  P R O C E S S  ---------------

Java Threads: ( => current thread )
  0x67147400 JavaThread "pool-2-thread-4" [_thread_blocked, id=8253, stack(0x669db000,0x66a2c000)]
  0x67146000 JavaThread "pool-2-thread-3" [_thread_blocked, id=8251, stack(0x66a2c000,0x66a7d000)]
  0x67144c00 JavaThread "pool-2-thread-2" [_thread_blocked, id=8250, stack(0x66a7d000,0x66ace000)]
  0x67143800 JavaThread "pool-3-thread-1" [_thread_blocked, id=8249, stack(0x66ace000,0x66b1f000)]
  0x67141400 JavaThread "pool-2-thread-1" [_thread_blocked, id=8248, stack(0x66b1f000,0x66b70000)]
  0x67aee400 JavaThread "Service Thread" daemon [_thread_blocked, id=8235, stack(0x672c0000,0x67311000)]
  0x67aec800 JavaThread "C2 CompilerThread1" daemon [_thread_in_native, id=8234, stack(0x67311000,0x67392000)]
  0x67aeb400 JavaThread "C2 CompilerThread0" daemon [_thread_blocked, id=8233, stack(0x67392000,0x67413000)]
  0x67a98400 JavaThread "Signal Dispatcher" daemon [_thread_blocked, id=8228, stack(0x6755e000,0x675af000)]
  0x67a85800 JavaThread "Finalizer" daemon [_thread_blocked, id=8226, stack(0x677af000,0x67800000)]
  0x67a83c00 JavaThread "Reference Handler" daemon [_thread_blocked, id=8225, stack(0x6a72e000,0x6a77f000)]
  0xb6208400 JavaThread "main" [_thread_blocked, id=8209, stack(0xb639a000,0xb63eb000)]

Other Threads:
=>0x67a81400 VMThread [stack: 0x67b4d000,0x67bce000] [id=8224]
  0x67af0800 WatcherThread [stack: 0x6723f000,0x672c0000] [id=8236]

VM state:at safepoint (normal execution)

VM Mutex/Monitor currently owned by a thread:  ([mutex/lock_event])
[0xb6205e40] Threads_lock - owner thread: 0x67a81400
[0xb6206250] Heap_lock - owner thread: 0x67144c00

Heap
 PSYoungGen      total 69120K, used 2548K [0x9dbc0000, 0xa21c0000, 0xb3140000)
  eden space 66560K, 0% used [0x9dbc0000,0x9dbc0000,0xa1cc0000)
  from space 2560K, 99% used [0xa1cc0000,0xa1f3d3c0,0xa1f40000)
  to   space 2560K, 0% used [0xa1f40000,0xa1f40000,0xa21c0000)
 ParOldGen       total 43008K, used 22802K [0x73140000, 0x75b40000, 0x9dbc0000)
  object space 43008K, 53% used [0x73140000,0x74784be8,0x75b40000)
 PSPermGen       total 16384K, used 4287K [0x6b140000, 0x6c140000, 0x73140000)
  object space 16384K, 26% used [0x6b140000,0x6b56fd00,0x6c140000)

Card table byte_map: [0x6aeff000,0x6b140000] byte_map_base: 0x6aba6600

Polling page: 0xb7721000

Code Cache  [0xb3200000, 0xb3440000, 0xb6200000)
 total_blobs=396 nmethods=273 adapters=76 free_code_cache=48206Kb largest_free_block=49320832

Compilation events (10 events):
Event: 13.902 Thread 0x67aec800 nmethod 274 0xb32d8488 code [0xb32d8580, 0xb32d8730]
Event: 13.902 Thread 0x67aec800  275             java.lang.String::<init> (67 bytes)
Event: 13.906 Thread 0x67aec800 nmethod 275 0xb32d7f88 code [0xb32d80a0, 0xb32d8310]
Event: 13.906 Thread 0x67aec800  276             java.util.Collections$UnmodifiableCollection$1::next (10 bytes)
Event: 13.946 Thread 0x67aec800 nmethod 276 0xb328c5c8 code [0xb328c6e0, 0xb328c8f0]
Event: 13.946 Thread 0x67aec800  277             com.android.dx.cf.code.Frame::getStack (5 bytes)
Event: 13.946 Thread 0x67aec800 nmethod 277 0xb32cc788 code [0xb32cc860, 0xb32cc8b0]
Event: 13.946 Thread 0x67aec800  278             com.android.dx.util.FixedSizeList::hashCode (8 bytes)
Event: 13.955 Thread 0x67aec800 nmethod 278 0xb32dc348 code [0xb32dc440, 0xb32dc570]
Event: 13.955 Thread 0x67aec800  279   !         com.android.dx.cf.code.Ropper::processBlock (1101 bytes)

GC Heap History (9 events):
Event: 1.507 GC heap before
{Heap before GC invocations=1 (full 0):
 PSYoungGen      total 19200K, used 16524K [0x9dbc0000, 0x9f100000, 0xb3140000)
  eden space 16640K, 99% used [0x9dbc0000,0x9ebe31a8,0x9ec00000)
  from space 2560K, 0% used [0x9ee80000,0x9ee80000,0x9f100000)
  to   space 2560K, 0% used [0x9ec00000,0x9ec00000,0x9ee80000)
 ParOldGen       total 43008K, used 0K [0x73140000, 0x75b40000, 0x9dbc0000)
  object space 43008K, 0% used [0x73140000,0x73140000,0x75b40000)
 PSPermGen       total 16384K, used 3898K [0x6b140000, 0x6c140000, 0x73140000)
  object space 16384K, 23% used [0x6b140000,0x6b50e990,0x6c140000)
Event: 1.529 GC heap after
Heap after GC invocations=1 (full 0):
 PSYoungGen      total 19200K, used 2498K [0x9dbc0000, 0xa0140000, 0xb3140000)
  eden space 16640K, 0% used [0x9dbc0000,0x9dbc0000,0x9ec00000)
  from space 2560K, 97% used [0x9ec00000,0x9ee70848,0x9ee80000)
  to   space 2560K, 0% used [0x9fec0000,0x9fec0000,0xa0140000)
 ParOldGen       total 43008K, used 4K [0x73140000, 0x75b40000, 0x9dbc0000)
  object space 43008K, 0% used [0x73140000,0x73141000,0x75b40000)
 PSPermGen       total 16384K, used 3898K [0x6b140000, 0x6c140000, 0x73140000)
  object space 16384K, 23% used [0x6b140000,0x6b50e990,0x6c140000)
}
Event: 3.010 GC heap before
{Heap before GC invocations=2 (full 0):
 PSYoungGen      total 19200K, used 19138K [0x9dbc0000, 0xa0140000, 0xb3140000)
  eden space 16640K, 100% used [0x9dbc0000,0x9ec00000,0x9ec00000)
  from space 2560K, 97% used [0x9ec00000,0x9ee70848,0x9ee80000)
  to   space 2560K, 0% used [0x9fec0000,0x9fec0000,0xa0140000)
 ParOldGen       total 43008K, used 4K [0x73140000, 0x75b40000, 0x9dbc0000)
  object space 43008K, 0% used [0x73140000,0x73141000,0x75b40000)
 PSPermGen       total 16384K, used 4163K [0x6b140000, 0x6c140000, 0x73140000)
  object space 16384K, 25% used [0x6b140000,0x6b550e70,0x6c140000)
Event: 3.107 GC heap after
Heap after GC invocations=2 (full 0):
 PSYoungGen      total 35840K, used 2559K [0x9dbc0000, 0xa0140000, 0xb3140000)
  eden space 33280K, 0% used [0x9dbc0000,0x9dbc0000,0x9fc40000)
  from space 2560K, 99% used [0x9fec0000,0xa013fe90,0xa0140000)
  to   space 2560K, 0% used [0x9fc40000,0x9fc40000,0x9fec0000)
 ParOldGen       total 43008K, used 1404K [0x73140000, 0x75b40000, 0x9dbc0000)
  object space 43008K, 3% used [0x73140000,0x7329f040,0x75b40000)
 PSPermGen       total 16384K, used 4163K [0x6b140000, 0x6c140000, 0x73140000)
  object space 16384K, 25% used [0x6b140000,0x6b550e70,0x6c140000)
}
Event: 6.741 GC heap before
{Heap before GC invocations=3 (full 0):
 PSYoungGen      total 35840K, used 35839K [0x9dbc0000, 0xa0140000, 0xb3140000)
  eden space 33280K, 100% used [0x9dbc0000,0x9fc40000,0x9fc40000)
  from space 2560K, 99% used [0x9fec0000,0xa013fe90,0xa0140000)
  to   space 2560K, 0% used [0x9fc40000,0x9fc40000,0x9fec0000)
 ParOldGen       total 43008K, used 1404K [0x73140000, 0x75b40000, 0x9dbc0000)
  object space 43008K, 3% used [0x73140000,0x7329f040,0x75b40000)
 PSPermGen       total 16384K, used 4239K [0x6b140000, 0x6c140000, 0x73140000)
  object space 16384K, 25% used [0x6b140000,0x6b563fd8,0x6c140000)
Event: 6.898 GC heap after
Heap after GC invocations=3 (full 0):
 PSYoungGen      total 35840K, used 2548K [0x9dbc0000, 0xa21c0000, 0xb3140000)
  eden space 33280K, 0% used [0x9dbc0000,0x9dbc0000,0x9fc40000)
  from space 2560K, 99% used [0x9fc40000,0x9febd368,0x9fec0000)
  to   space 2560K, 0% used [0xa1f40000,0xa1f40000,0xa21c0000)
 ParOldGen       total 43008K, used 6952K [0x73140000, 0x75b40000, 0x9dbc0000)
  object space 43008K, 16% used [0x73140000,0x7380a2c0,0x75b40000)
 PSPermGen       total 16384K, used 4239K [0x6b140000, 0x6c140000, 0x73140000)
  object space 16384K, 25% used [0x6b140000,0x6b563fd8,0x6c140000)
}
Event: 9.899 GC heap before
{Heap before GC invocations=4 (full 0):
 PSYoungGen      total 35840K, used 35828K [0x9dbc0000, 0xa21c0000, 0xb3140000)
  eden space 33280K, 100% used [0x9dbc0000,0x9fc40000,0x9fc40000)
  from space 2560K, 99% used [0x9fc40000,0x9febd368,0x9fec0000)
  to   space 2560K, 0% used [0xa1f40000,0xa1f40000,0xa21c0000)
 ParOldGen       total 43008K, used 6952K [0x73140000, 0x75b40000, 0x9dbc0000)
  object space 43008K, 16% used [0x73140000,0x7380a2c0,0x75b40000)
 PSPermGen       total 16384K, used 4256K [0x6b140000, 0x6c140000, 0x73140000)
  object space 16384K, 25% used [0x6b140000,0x6b568320,0x6c140000)
Event: 10.064 GC heap after
Heap after GC invocations=4 (full 0):
 PSYoungGen      total 69120K, used 2554K [0x9dbc0000, 0xa21c0000, 0xb3140000)
  eden space 66560K, 0% used [0x9dbc0000,0x9dbc0000,0xa1cc0000)
  from space 2560K, 99% used [0xa1f40000,0xa21bea60,0xa21c0000)
  to   space 2560K, 0% used [0xa1cc0000,0xa1cc0000,0xa1f40000)
 ParOldGen       total 43008K, used 12267K [0x73140000, 0x75b40000, 0x9dbc0000)
  object space 43008K, 28% used [0x73140000,0x73d3afd0,0x75b40000)
 PSPermGen       total 16384K, used 4256K [0x6b140000, 0x6c140000, 0x73140000)
  object space 16384K, 25% used [0x6b140000,0x6b568320,0x6c140000)
}
Event: 15.598 GC heap before
{Heap before GC invocations=5 (full 0):
 PSYoungGen      total 69120K, used 69114K [0x9dbc0000, 0xa21c0000, 0xb3140000)
  eden space 66560K, 100% used [0x9dbc0000,0xa1cc0000,0xa1cc0000)
  from space 2560K, 99% used [0xa1f40000,0xa21bea60,0xa21c0000)
  to   space 2560K, 0% used [0xa1cc0000,0xa1cc0000,0xa1f40000)
 ParOldGen       total 43008K, used 12267K [0x73140000, 0x75b40000, 0x9dbc0000)
  object space 43008K, 28% used [0x73140000,0x73d3afd0,0x75b40000)
 PSPermGen       total 16384K, used 4287K [0x6b140000, 0x6c140000, 0x73140000)
  object space 16384K, 26% used [0x6b140000,0x6b56fd00,0x6c140000)

Deoptimization events (10 events):
Event: 2.028 Thread 0x67144c00 Uncommon trap: reason=class_check action=maybe_recompile pc=0xb325b8a0 method=com.android.dx.ssa.NormalSsaInsn.accept(Lcom/android/dx/ssa/SsaInsn$Visitor;)V @ 9
Event: 2.234 Thread 0xb6208400 Uncommon trap: reason=class_check action=maybe_recompile pc=0xb325b8a0 method=com.android.dx.ssa.NormalSsaInsn.accept(Lcom/android/dx/ssa/SsaInsn$Visitor;)V @ 9
Event: 2.235 Thread 0xb6208400 Uncommon trap: reason=class_check action=maybe_recompile pc=0xb325b8a0 method=com.android.dx.ssa.NormalSsaInsn.accept(Lcom/android/dx/ssa/SsaInsn$Visitor;)V @ 9
Event: 2.656 Thread 0x67144c00 Uncommon trap: reason=unstable_if action=reinterpret pc=0xb3267138 method=com.android.dx.rop.code.RegisterSpec.equals(ILcom/android/dx/rop/type/TypeBearer;Lcom/android/dx/rop/code/LocalItem;)Z @ 42
Event: 3.440 Thread 0x67147400 Uncommon trap: reason=null_check action=make_not_entrant pc=0xb3287160 method=com.android.dx.ssa.SsaRenamer.getLocalForNewReg(I)Lcom/android/dx/rop/code/LocalItem; @ 19
Event: 3.447 Thread 0xb6208400 Uncommon trap: reason=null_check action=make_not_entrant pc=0xb328c5c0 method=com.android.dx.ssa.SsaRenamer.getLocalForNewReg(I)Lcom/android/dx/rop/code/LocalItem; @ 19
Event: 5.957 Thread 0x67141400 Uncommon trap: reason=unstable_if action=reinterpret pc=0xb325f014 method=com.android.dx.rop.cst.Constant.compareTo(Lcom/android/dx/rop/cst/Constant;)I @ 12
Event: 7.026 Thread 0x67141400 Uncommon trap: reason=unstable_if action=reinterpret pc=0xb32b2424 method=com.android.dx.ssa.LocalVariableExtractor.processBlock(I)V @ 251
Event: 8.722 Thread 0x67144c00 Uncommon trap: reason=unstable_if action=reinterpret pc=0xb327062c method=com.android.dx.util.IntList.binarysearch(I)I @ 105
Event: 9.805 Thread 0xb6208400 Uncommon trap: reason=null_check action=make_not_entrant pc=0xb32cb150 method=com.android.dx.rop.type.Type.putIntern(Lcom/android/dx/rop/type/Type;)Lcom/android/dx/rop/type/Type; @ 18

Internal exceptions (10 events):
Event: 1.949 Thread 0x67141400 Implicit null exception at 0xb3263897 to 0xb3263b6d
Event: 2.222 Thread 0x67144c00 Threw 0x9e471990 at /build/openjdk-7-PdBaKN/openjdk-7-7u91-2.6.3/build/openjdk/hotspot/src/share/vm/prims/jvm.cpp:1322
Event: 2.382 Thread 0x67147400 Threw 0x9e592d80 at /build/openjdk-7-PdBaKN/openjdk-7-7u91-2.6.3/build/openjdk/hotspot/src/share/vm/prims/jvm.cpp:1322
Event: 3.440 Thread 0x67147400 Implicit null exception at 0xb3285cd3 to 0xb3287151
Event: 3.447 Thread 0xb6208400 Implicit null exception at 0xb328bbe8 to 0xb328c5a1
Event: 3.775 Thread 0xb6208400 Threw 0x9e45a468 at /build/openjdk-7-PdBaKN/openjdk-7-7u91-2.6.3/build/openjdk/hotspot/src/share/vm/prims/jvm.cpp:1322
Event: 8.453 Thread 0x67144c00 Threw 0x9eb181b0 at /build/openjdk-7-PdBaKN/openjdk-7-7u91-2.6.3/build/openjdk/hotspot/src/share/vm/prims/jvm.cpp:1322
Event: 8.881 Thread 0xb6208400 Threw 0x9f14b9a0 at /build/openjdk-7-PdBaKN/openjdk-7-7u91-2.6.3/build/openjdk/hotspot/src/share/vm/prims/jvm.cpp:1322
Event: 9.805 Thread 0xb6208400 Implicit null exception at 0xb32cabda to 0xb32cb145
Event: 15.278 Thread 0xb6208400 Threw 0xa1565690 at /build/openjdk-7-PdBaKN/openjdk-7-7u91-2.6.3/build/openjdk/hotspot/src/share/vm/prims/jvm.cpp:1322

Events (10 events):
Event: 10.142 Executing VM operation: RevokeBias done
Event: 10.142 Executing VM operation: RevokeBias
Event: 10.142 Executing VM operation: RevokeBias done
Event: 10.142 Executing VM operation: BulkRevokeBias
Event: 10.142 Executing VM operation: BulkRevokeBias done
Event: 13.626 Thread 0x67aec800 flushing nmethod 0xb32856c8
Event: 13.626 Thread 0x67aec800 flushing nmethod 0xb328b848
Event: 15.278 loading class 0x67af56f0
Event: 15.278 loading class 0x67af56f0 done
Event: 15.564 Executing VM operation: ParallelGCFailedAllocation


Dynamic libraries:
08048000-08049000 r-xp 00000000 08:01 804961     /usr/lib/jvm/java-7-openjdk-i386/jre/bin/java
08049000-0804a000 r--p 00000000 08:01 804961     /usr/lib/jvm/java-7-openjdk-i386/jre/bin/java
0804a000-0804b000 rw-p 00001000 08:01 804961     /usr/lib/jvm/java-7-openjdk-i386/jre/bin/java
0889a000-08944000 rw-p 00000000 00:00 0          [heap]
64e00000-64e96000 rw-p 00000000 00:00 0 
64e96000-64f00000 ---p 00000000 00:00 0 
64f00000-64faf000 rw-p 00000000 00:00 0 
64faf000-65000000 ---p 00000000 00:00 0 
65000000-650f0000 rw-p 00000000 00:00 0 
650f0000-65100000 ---p 00000000 00:00 0 
65200000-652d7000 rw-p 00000000 00:00 0 
652d7000-65300000 ---p 00000000 00:00 0 
65300000-653ef000 rw-p 00000000 00:00 0 
653ef000-65400000 ---p 00000000 00:00 0 
65400000-654e1000 rw-p 00000000 00:00 0 
654e1000-65500000 ---p 00000000 00:00 0 
65500000-655f9000 rw-p 00000000 00:00 0 
655f9000-65600000 ---p 00000000 00:00 0 
65600000-656b9000 rw-p 00000000 00:00 0 
656b9000-65700000 ---p 00000000 00:00 0 
65800000-658fe000 rw-p 00000000 00:00 0 
658fe000-65900000 ---p 00000000 00:00 0 
65900000-659ed000 rw-p 00000000 00:00 0 
659ed000-65a00000 ---p 00000000 00:00 0 
65a00000-65b00000 rw-p 00000000 00:00 0 
65c00000-65cf9000 rw-p 00000000 00:00 0 
65cf9000-65d00000 ---p 00000000 00:00 0 
65e00000-65ee1000 rw-p 00000000 00:00 0 
65ee1000-65f00000 ---p 00000000 00:00 0 
65f1f000-66000000 rw-p 00000000 00:00 0 
66000000-660d8000 rw-p 00000000 00:00 0 
660d8000-66100000 ---p 00000000 00:00 0 
66100000-661ff000 rw-p 00000000 00:00 0 
661ff000-66200000 ---p 00000000 00:00 0 
66200000-662ef000 rw-p 00000000 00:00 0 
662ef000-66300000 ---p 00000000 00:00 0 
66300000-663ee000 rw-p 00000000 00:00 0 
663ee000-66400000 ---p 00000000 00:00 0 
66400000-664e2000 rw-p 00000000 00:00 0 
664e2000-66500000 ---p 00000000 00:00 0 
66500000-66600000 rw-p 00000000 00:00 0 
66600000-666fb000 rw-p 00000000 00:00 0 
666fb000-66700000 ---p 00000000 00:00 0 
66700000-667de000 rw-p 00000000 00:00 0 
667de000-66800000 ---p 00000000 00:00 0 
66800000-668ff000 rw-p 00000000 00:00 0 
668ff000-66900000 ---p 00000000 00:00 0 
66957000-669db000 rw-p 00000000 00:00 0 
669db000-669de000 ---p 00000000 00:00 0 
669de000-66a2c000 rw-p 00000000 00:00 0          [stack:8253]
66a2c000-66a2f000 ---p 00000000 00:00 0 
66a2f000-66a7d000 rw-p 00000000 00:00 0          [stack:8251]
66a7d000-66a80000 ---p 00000000 00:00 0 
66a80000-66ace000 rw-p 00000000 00:00 0          [stack:8250]
66ace000-66ad1000 ---p 00000000 00:00 0 
66ad1000-66b1f000 rw-p 00000000 00:00 0          [stack:8249]
66b1f000-66b22000 ---p 00000000 00:00 0 
66b22000-66d31000 rw-p 00000000 00:00 0          [stack:8248]
66d31000-66da1000 r-xp 00000000 08:01 394656     /lib/i386-linux-gnu/libpcre.so.3.13.1
66da1000-66da2000 r--p 0006f000 08:01 394656     /lib/i386-linux-gnu/libpcre.so.3.13.1
66da2000-66da3000 rw-p 00070000 08:01 394656     /lib/i386-linux-gnu/libpcre.so.3.13.1
66da3000-66db7000 r-xp 00000000 08:01 394679     /lib/i386-linux-gnu/libresolv-2.21.so
66db7000-66db9000 r--p 00013000 08:01 394679     /lib/i386-linux-gnu/libresolv-2.21.so
66db9000-66dba000 rw-p 00015000 08:01 394679     /lib/i386-linux-gnu/libresolv-2.21.so
66dba000-66dbc000 rw-p 00000000 00:00 0 
66dbc000-66ee2000 r-xp 00000000 08:01 394573     /lib/i386-linux-gnu/libglib-2.0.so.0.4400.0
66ee2000-66ee3000 r--p 00125000 08:01 394573     /lib/i386-linux-gnu/libglib-2.0.so.0.4400.0
66ee3000-66ee4000 rw-p 00126000 08:01 394573     /lib/i386-linux-gnu/libglib-2.0.so.0.4400.0
66ee4000-66f3f000 r-xp 00000000 08:01 137385     /usr/lib/i386-linux-gnu/libgobject-2.0.so.0.4400.0
66f3f000-66f40000 r--p 0005b000 08:01 137385     /usr/lib/i386-linux-gnu/libgobject-2.0.so.0.4400.0
66f40000-66f41000 rw-p 0005c000 08:01 137385     /usr/lib/i386-linux-gnu/libgobject-2.0.so.0.4400.0
66f41000-670fa000 r-xp 00000000 08:01 137357     /usr/lib/i386-linux-gnu/libgio-2.0.so.0.4400.0
670fa000-670fd000 r--p 001b8000 08:01 137357     /usr/lib/i386-linux-gnu/libgio-2.0.so.0.4400.0
670fd000-670ff000 rw-p 001bb000 08:01 137357     /usr/lib/i386-linux-gnu/libgio-2.0.so.0.4400.0
670ff000-67100000 rw-p 00000000 00:00 0 
67100000-6717d000 rw-p 00000000 00:00 0 
6717d000-67200000 ---p 00000000 00:00 0 
67201000-67225000 r-xp 00000000 08:01 394683     /lib/i386-linux-gnu/libselinux.so.1
67225000-67226000 r--p 00024000 08:01 394683     /lib/i386-linux-gnu/libselinux.so.1
67226000-67227000 rw-p 00025000 08:01 394683     /lib/i386-linux-gnu/libselinux.so.1
67227000-67228000 rw-p 00000000 00:00 0 
6723f000-67240000 ---p 00000000 00:00 0 
67240000-672c0000 rw-p 00000000 00:00 0          [stack:8236]
672c0000-672c3000 ---p 00000000 00:00 0 
672c3000-67311000 rw-p 00000000 00:00 0          [stack:8235]
67311000-67314000 ---p 00000000 00:00 0 
67314000-67392000 rw-p 00000000 00:00 0          [stack:8234]
67392000-67395000 ---p 00000000 00:00 0 
67395000-67413000 rw-p 00000000 00:00 0          [stack:8233]
67413000-6755a000 r-xp 00000000 08:01 136931     /usr/lib/i386-linux-gnu/libX11.so.6.3.0
6755a000-6755b000 r--p 00146000 08:01 136931     /usr/lib/i386-linux-gnu/libX11.so.6.3.0
6755b000-6755d000 rw-p 00147000 08:01 136931     /usr/lib/i386-linux-gnu/libX11.so.6.3.0
6755d000-6755e000 rw-p 00000000 00:00 0 
6755e000-67561000 ---p 00000000 00:00 0 
67561000-675af000 rw-p 00000000 00:00 0          [stack:8228]
675af000-677af000 r--p 00000000 08:01 143362     /usr/lib/locale/locale-archive
677af000-677b2000 ---p 00000000 00:00 0 
677b2000-67800000 rw-p 00000000 00:00 0          [stack:8226]
67800000-678f1000 rw-p 00000000 00:00 0 
678f1000-67900000 ---p 00000000 00:00 0 
67900000-67936000 rw-p 00000000 00:00 0 
67936000-67a00000 ---p 00000000 00:00 0 
67a00000-67b00000 rw-p 00000000 00:00 0 
67b00000-67b17000 r-xp 00000000 08:01 805027     /usr/lib/jvm/java-7-openjdk-i386/jre/lib/i386/libnet.so
67b17000-67b18000 r--p 00016000 08:01 805027     /usr/lib/jvm/java-7-openjdk-i386/jre/lib/i386/libnet.so
67b18000-67b19000 rw-p 00017000 08:01 805027     /usr/lib/jvm/java-7-openjdk-i386/jre/lib/i386/libnet.so
67b19000-67b29000 r-xp 00000000 08:01 804991     /usr/lib/jvm/java-7-openjdk-i386/jre/lib/i386/libnio.so
67b29000-67b2a000 r--p 00010000 08:01 804991     /usr/lib/jvm/java-7-openjdk-i386/jre/lib/i386/libnio.so
67b2a000-67b2b000 rw-p 00011000 08:01 804991     /usr/lib/jvm/java-7-openjdk-i386/jre/lib/i386/libnio.so
67b2b000-67b4b000 r-xp 00000000 08:01 138125     /usr/lib/i386-linux-gnu/libxcb.so.1.1.0
67b4b000-67b4c000 r--p 0001f000 08:01 138125     /usr/lib/i386-linux-gnu/libxcb.so.1.1.0
67b4c000-67b4d000 rw-p 00020000 08:01 138125     /usr/lib/i386-linux-gnu/libxcb.so.1.1.0
67b4d000-67b4e000 ---p 00000000 00:00 0 
67b4e000-67bce000 rw-p 00000000 00:00 0          [stack:8224]
67bce000-67d80000 r--s 01d2e000 08:01 804984     /usr/lib/jvm/java-7-openjdk-i386/jre/lib/rt.jar
67d80000-6a600000 rw-p 00000000 00:00 0 
6a600000-6a6eb000 rw-p 00000000 00:00 0 
6a6eb000-6a700000 ---p 00000000 00:00 0 
6a710000-6a715000 r-xp 00000000 08:01 136946     /usr/lib/i386-linux-gnu/libXdmcp.so.6.0.0
6a715000-6a716000 r--p 00004000 08:01 136946     /usr/lib/i386-linux-gnu/libXdmcp.so.6.0.0
6a716000-6a717000 rw-p 00005000 08:01 136946     /usr/lib/i386-linux-gnu/libXdmcp.so.6.0.0
6a71a000-6a721000 r-xp 00000000 08:01 137254     /usr/lib/i386-linux-gnu/libffi.so.6.0.4
6a721000-6a723000 r--p 00006000 08:01 137254     /usr/lib/i386-linux-gnu/libffi.so.6.0.4
6a723000-6a724000 rw-p 00008000 08:01 137254     /usr/lib/i386-linux-gnu/libffi.so.6.0.4
6a724000-6a72e000 r--s 0008b000 08:01 945552     /home/student/test/HealthyBit/app/build/intermediates/exploded-aar/com.android.support/appcompat-v7/23.3.0/jars/classes.jar
6a72e000-6a731000 ---p 00000000 00:00 0 
6a731000-6a77f000 rw-p 00000000 00:00 0          [stack:8225]
6a77f000-6a780000 ---p 00000000 00:00 0 
6a780000-6a800000 rw-p 00000000 00:00 0          [stack:8217]
6a800000-6a821000 rw-p 00000000 00:00 0 
6a821000-6a900000 ---p 00000000 00:00 0 
6a900000-6a921000 rw-p 00000000 00:00 0 
6a921000-6aa00000 ---p 00000000 00:00 0 
6aa00000-6aa03000 r-xp 00000000 08:01 137371     /usr/lib/i386-linux-gnu/libgmodule-2.0.so.0.4400.0
6aa03000-6aa04000 r--p 00002000 08:01 137371     /usr/lib/i386-linux-gnu/libgmodule-2.0.so.0.4400.0
6aa04000-6aa05000 rw-p 00003000 08:01 137371     /usr/lib/i386-linux-gnu/libgmodule-2.0.so.0.4400.0
6aa05000-6aa07000 r-xp 00000000 08:01 136935     /usr/lib/i386-linux-gnu/libXau.so.6.0.0
6aa07000-6aa08000 r--p 00001000 08:01 136935     /usr/lib/i386-linux-gnu/libXau.so.6.0.0
6aa08000-6aa09000 rw-p 00002000 08:01 136935     /usr/lib/i386-linux-gnu/libXau.so.6.0.0
6aa09000-6aa0b000 r-xp 00000000 08:01 141618     /usr/lib/jayatana/libjayatanaag.so
6aa0b000-6aa0c000 r--p 00001000 08:01 141618     /usr/lib/jayatana/libjayatanaag.so
6aa0c000-6aa0d000 rw-p 00002000 08:01 141618     /usr/lib/jayatana/libjayatanaag.so
6aa0d000-6aa1c000 r--s 000df000 08:01 1062595    /home/student/Android/Sdk/build-tools/23.0.3/lib/dx.jar
6aa1c000-6aa20000 r--s 00085000 08:01 804976     /usr/lib/jvm/java-7-openjdk-i386/jre/lib/ext/localedata.jar
6aa20000-6aa24000 r--s 00034000 08:01 804978     /usr/lib/jvm/java-7-openjdk-i386/jre/lib/ext/sunjce_provider.jar
6aa24000-6aa7f000 rw-p 00000000 00:00 0 
6aa7f000-6aa80000 ---p 00000000 00:00 0 
6aa80000-6ab00000 rw-p 00000000 00:00 0          [stack:8216]
6ab00000-6ab2d000 rw-p 00000000 00:00 0 
6ab2d000-6ac00000 ---p 00000000 00:00 0 
6ac03000-6ac67000 rw-p 00000000 00:00 0 
6ac67000-6ac68000 ---p 00000000 00:00 0 
6ac68000-6ace8000 rw-p 00000000 00:00 0          [stack:8215]
6ace8000-6ace9000 ---p 00000000 00:00 0 
6ace9000-6ad71000 rw-p 00000000 00:00 0          [stack:8212]
6ad71000-6ada9000 rw-p 00000000 00:00 0 
6ada9000-6adbe000 rw-p 00000000 00:00 0 
6adbe000-6aeff000 rw-p 00000000 00:00 0 
6aeff000-6af07000 rw-p 00000000 00:00 0 
6af07000-6af3f000 rw-p 00000000 00:00 0 
6af3f000-6af54000 rw-p 00000000 00:00 0 
6af54000-6b094000 rw-p 00000000 00:00 0 
6b094000-6b0b8000 rw-p 00000000 00:00 0 
6b0b8000-6b13f000 rw-p 00000000 00:00 0 
6b13f000-6c140000 rw-p 00000000 00:00 0 
6c140000-73140000 rw-p 00000000 00:00 0 
73140000-75b40000 rw-p 00000000 00:00 0 
75b40000-9dbc0000 rw-p 00000000 00:00 0 
9dbc0000-a21c0000 rw-p 00000000 00:00 0 
a7a40000-b3140000 rw-p 00000000 00:00 0 
b3140000-b3149000 rw-p 00000000 00:00 0 
b3149000-b3200000 rw-p 00000000 00:00 0 
b3200000-b3440000 rwxp 00000000 00:00 0 
b3440000-b6300000 rw-p 00000000 00:00 0 
b6301000-b6302000 r--s 00000000 08:01 414147     /usr/share/java/jayatanaag.jar
b6302000-b6306000 r--s 0003c000 08:01 804979     /usr/lib/jvm/java-7-openjdk-i386/jre/lib/ext/sunpkcs11.jar
b6306000-b6312000 r-xp 00000000 08:01 394626     /lib/i386-linux-gnu/libnss_files-2.21.so
b6312000-b6313000 r--p 0000b000 08:01 394626     /lib/i386-linux-gnu/libnss_files-2.21.so
b6313000-b6314000 rw-p 0000c000 08:01 394626     /lib/i386-linux-gnu/libnss_files-2.21.so
b6314000-b631f000 r-xp 00000000 08:01 394636     /lib/i386-linux-gnu/libnss_nis-2.21.so
b631f000-b6320000 r--p 0000a000 08:01 394636     /lib/i386-linux-gnu/libnss_nis-2.21.so
b6320000-b6321000 rw-p 0000b000 08:01 394636     /lib/i386-linux-gnu/libnss_nis-2.21.so
b6321000-b6338000 r-xp 00000000 08:01 394620     /lib/i386-linux-gnu/libnsl-2.21.so
b6338000-b6339000 r--p 00016000 08:01 394620     /lib/i386-linux-gnu/libnsl-2.21.so
b6339000-b633a000 rw-p 00017000 08:01 394620     /lib/i386-linux-gnu/libnsl-2.21.so
b633a000-b633c000 rw-p 00000000 00:00 0 
b633c000-b6344000 r-xp 00000000 08:01 394622     /lib/i386-linux-gnu/libnss_compat-2.21.so
b6344000-b6345000 r--p 00007000 08:01 394622     /lib/i386-linux-gnu/libnss_compat-2.21.so
b6345000-b6346000 rw-p 00008000 08:01 394622     /lib/i386-linux-gnu/libnss_compat-2.21.so
b6346000-b6349000 r--s 0000f000 08:01 804977     /usr/lib/jvm/java-7-openjdk-i386/jre/lib/ext/icedtea-sound.jar
b6349000-b634b000 r--s 00012000 08:01 804975     /usr/lib/jvm/java-7-openjdk-i386/jre/lib/ext/zipfs.jar
b634b000-b6353000 r-xp 00000000 08:01 804995     /usr/lib/jvm/java-7-openjdk-i386/jre/lib/i386/libzip.so
b6353000-b6354000 r--p 00007000 08:01 804995     /usr/lib/jvm/java-7-openjdk-i386/jre/lib/i386/libzip.so
b6354000-b6355000 rw-p 00008000 08:01 804995     /usr/lib/jvm/java-7-openjdk-i386/jre/lib/i386/libzip.so
b6355000-b635d000 rw-s 00000000 08:01 429857     /tmp/hsperfdata_student/8207
b635d000-b6367000 r-xp 00000000 08:01 805017     /usr/lib/jvm/java-7-openjdk-i386/jre/lib/i386/libinstrument.so
b6367000-b6368000 r--p 00009000 08:01 805017     /usr/lib/jvm/java-7-openjdk-i386/jre/lib/i386/libinstrument.so
b6368000-b6369000 rw-p 0000a000 08:01 805017     /usr/lib/jvm/java-7-openjdk-i386/jre/lib/i386/libinstrument.so
b6369000-b638f000 r-xp 00000000 08:01 805003     /usr/lib/jvm/java-7-openjdk-i386/jre/lib/i386/libjava.so
b638f000-b6390000 r--p 00025000 08:01 805003     /usr/lib/jvm/java-7-openjdk-i386/jre/lib/i386/libjava.so
b6390000-b6391000 rw-p 00026000 08:01 805003     /usr/lib/jvm/java-7-openjdk-i386/jre/lib/i386/libjava.so
b6391000-b6398000 r-xp 00000000 08:01 394681     /lib/i386-linux-gnu/librt-2.21.so
b6398000-b6399000 r--p 00006000 08:01 394681     /lib/i386-linux-gnu/librt-2.21.so
b6399000-b639a000 rw-p 00007000 08:01 394681     /lib/i386-linux-gnu/librt-2.21.so
b639a000-b639d000 ---p 00000000 00:00 0 
b639d000-b63eb000 rw-p 00000000 00:00 0          [stack:8209]
b63eb000-b6407000 r-xp 00000000 08:01 394569     /lib/i386-linux-gnu/libgcc_s.so.1
b6407000-b6408000 rw-p 0001b000 08:01 394569     /lib/i386-linux-gnu/libgcc_s.so.1
b6408000-b6453000 r-xp 00000000 08:01 394599     /lib/i386-linux-gnu/libm-2.21.so
b6453000-b6454000 r--p 0004a000 08:01 394599     /lib/i386-linux-gnu/libm-2.21.so
b6454000-b6455000 rw-p 0004b000 08:01 394599     /lib/i386-linux-gnu/libm-2.21.so
b6455000-b653e000 r-xp 00000000 08:01 137921     /usr/lib/i386-linux-gnu/libstdc++.so.6.0.20
b653e000-b6542000 r--p 000e9000 08:01 137921     /usr/lib/i386-linux-gnu/libstdc++.so.6.0.20
b6542000-b6543000 rw-p 000ed000 08:01 137921     /usr/lib/i386-linux-gnu/libstdc++.so.6.0.20
b6543000-b654a000 rw-p 00000000 00:00 0 
b654a000-b709d000 r-xp 00000000 08:01 805013     /usr/lib/jvm/java-7-openjdk-i386/jre/lib/i386/server/libjvm.so
b709d000-b70f1000 r--p 00b52000 08:01 805013     /usr/lib/jvm/java-7-openjdk-i386/jre/lib/i386/server/libjvm.so
b70f1000-b7105000 rw-p 00ba6000 08:01 805013     /usr/lib/jvm/java-7-openjdk-i386/jre/lib/i386/server/libjvm.so
b7105000-b7524000 rw-p 00000000 00:00 0 
b7524000-b753d000 r-xp 00000000 08:01 394714     /lib/i386-linux-gnu/libz.so.1.2.8
b753d000-b753e000 r--p 00019000 08:01 394714     /lib/i386-linux-gnu/libz.so.1.2.8
b753e000-b753f000 rw-p 0001a000 08:01 394714     /lib/i386-linux-gnu/libz.so.1.2.8
b753f000-b7558000 r-xp 00000000 08:01 394673     /lib/i386-linux-gnu/libpthread-2.21.so
b7558000-b7559000 r--p 00018000 08:01 394673     /lib/i386-linux-gnu/libpthread-2.21.so
b7559000-b755a000 rw-p 00019000 08:01 394673     /lib/i386-linux-gnu/libpthread-2.21.so
b755a000-b755c000 rw-p 00000000 00:00 0 
b755c000-b755f000 r-xp 00000000 08:01 394557     /lib/i386-linux-gnu/libdl-2.21.so
b755f000-b7560000 r--p 00002000 08:01 394557     /lib/i386-linux-gnu/libdl-2.21.so
b7560000-b7561000 rw-p 00003000 08:01 394557     /lib/i386-linux-gnu/libdl-2.21.so
b7561000-b7715000 r-xp 00000000 08:01 394540     /lib/i386-linux-gnu/libc-2.21.so
b7715000-b7718000 r--p 001b3000 08:01 394540     /lib/i386-linux-gnu/libc-2.21.so
b7718000-b771a000 rw-p 001b6000 08:01 394540     /lib/i386-linux-gnu/libc-2.21.so
b771a000-b771c000 rw-p 00000000 00:00 0 
b771c000-b771d000 r--s 00002000 08:01 804980     /usr/lib/jvm/java-7-openjdk-i386/jre/lib/ext/dnsns.jar
b771d000-b771f000 r--s 00006000 08:01 399091     /usr/share/java/java-atk-wrapper.jar
b771f000-b7720000 r--p 005e0000 08:01 143362     /usr/lib/locale/locale-archive
b7720000-b7721000 rw-p 00000000 00:00 0 
b7721000-b7722000 ---p 00000000 00:00 0 
b7722000-b7730000 r-xp 00000000 08:01 805022     /usr/lib/jvm/java-7-openjdk-i386/jre/lib/i386/libverify.so
b7730000-b7732000 r--p 0000d000 08:01 805022     /usr/lib/jvm/java-7-openjdk-i386/jre/lib/i386/libverify.so
b7732000-b7733000 rw-p 0000f000 08:01 805022     /usr/lib/jvm/java-7-openjdk-i386/jre/lib/i386/libverify.so
b7733000-b773f000 r-xp 00000000 08:01 805024     /usr/lib/jvm/java-7-openjdk-i386/jre/lib/i386/jli/libjli.so
b773f000-b7740000 r--p 0000b000 08:01 805024     /usr/lib/jvm/java-7-openjdk-i386/jre/lib/i386/jli/libjli.so
b7740000-b7741000 rw-p 0000c000 08:01 805024     /usr/lib/jvm/java-7-openjdk-i386/jre/lib/i386/jli/libjli.so
b7741000-b7744000 rw-p 00000000 00:00 0 
b7744000-b7746000 r--p 00000000 00:00 0          [vvar]
b7746000-b7747000 r-xp 00000000 00:00 0          [vdso]
b7747000-b7769000 r-xp 00000000 08:01 394512     /lib/i386-linux-gnu/ld-2.21.so
b7769000-b776a000 r--p 00021000 08:01 394512     /lib/i386-linux-gnu/ld-2.21.so
b776a000-b776b000 rw-p 00022000 08:01 394512     /lib/i386-linux-gnu/ld-2.21.so
bfc17000-bfc18000 rwxp 00000000 00:00 0 
bfc49000-bfc6b000 rw-p 00000000 00:00 0          [stack]

VM Arguments:
jvm_args: -javaagent:/usr/share/java/jayatanaag.jar -Djava.awt.headless=true -Xmx1024M -Dfile.encoding=UTF-8 -Duser.country=US -Duser.language=en -Duser.variant 
java_command: com.android.dx.command.Main --dex --num-threads=4 --multi-dex --output /home/student/test/HealthyBit/app/build/intermediates/transforms/dex/debug/folders/1000/10/com.android.support-appcompat-v7-23.3.0_7c37c6b50c58a873924f37753fdea7401922080f /home/student/test/HealthyBit/app/build/intermediates/exploded-aar/com.android.support/appcompat-v7/23.3.0/jars/classes.jar
Launcher Type: SUN_STANDARD

Environment Variables:
JAVA_TOOL_OPTIONS=-javaagent:/usr/share/java/jayatanaag.jar 
PATH=/home/student/.linuxbrew/bin:/usr/local/sbin:/usr/local/bin:/usr/sbin:/usr/bin:/sbin:/bin:/usr/games:/usr/local/games:/etc/android-studio/bin/:/home/student/Android/Sdk/platform-tools:/home/student/Android/Sdk/tools
LD_LIBRARY_PATH=/etc/android-studio/bin:
SHELL=/bin/bash
DISPLAY=:0

Signal Handlers:
SIGSEGV: [libjvm.so+0x7f7d00], sa_mask[0]=0x7ffbfeff, sa_flags=0x10000004
SIGBUS: [libjvm.so+0x7f7d00], sa_mask[0]=0x7ffbfeff, sa_flags=0x10000004
SIGFPE: [libjvm.so+0x67a9d0], sa_mask[0]=0x7ffbfeff, sa_flags=0x10000004
SIGPIPE: [libjvm.so+0x67a9d0], sa_mask[0]=0x7ffbfeff, sa_flags=0x10000004
SIGXFSZ: [libjvm.so+0x67a9d0], sa_mask[0]=0x7ffbfeff, sa_flags=0x10000004
SIGILL: [libjvm.so+0x67a9d0], sa_mask[0]=0x7ffbfeff, sa_flags=0x10000004
SIGUSR1: SIG_DFL, sa_mask[0]=0x00000000, sa_flags=0x00000000
SIGUSR2: [libjvm.so+0x67a820], sa_mask[0]=0x00000004, sa_flags=0x10000004
SIGHUP: [libjvm.so+0x67aa80], sa_mask[0]=0x7ffbfeff, sa_flags=0x10000004
SIGINT: [libjvm.so+0x67aa80], sa_mask[0]=0x7ffbfeff, sa_flags=0x10000004
SIGTERM: [libjvm.so+0x67aa80], sa_mask[0]=0x7ffbfeff, sa_flags=0x10000004
SIGQUIT: [libjvm.so+0x67aa80], sa_mask[0]=0x7ffbfeff, sa_flags=0x10000004
SIGTRAP: SIG_DFL, sa_mask[0]=0x00000000, sa_flags=0x00000000


---------------  S Y S T E M  ---------------

OS:Ubuntu 15.04 (vivid)
uname:Linux 3.19.0-18-generic #18-Ubuntu SMP Tue May 19 18:30:59 UTC 2015 i686
libc:glibc 2.21 NPTL 2.21 
rlimit: STACK 8192k, CORE 0k, NPROC 32177, NOFILE 65536, AS infinity
load average:6.82 4.70 4.54

/proc/meminfo:
MemTotal:        4139540 kB
MemFree:          290648 kB
MemAvailable:     218896 kB
Buffers:            1632 kB
Cached:            58788 kB
SwapCached:            0 kB
Active:          3448188 kB
Inactive:          46568 kB
Active(anon):    3435656 kB
Inactive(anon):    37884 kB
Active(file):      12532 kB
Inactive(file):     8684 kB
Unevictable:          32 kB
Mlocked:              32 kB
HighTotal:       3280776 kB
HighFree:          88132 kB
LowTotal:         858764 kB
LowFree:          202516 kB
SwapTotal:             0 kB
SwapFree:              0 kB
Dirty:               648 kB
Writeback:             0 kB
AnonPages:       3434552 kB
Mapped:            40380 kB
Shmem:             39060 kB
Slab:              50720 kB
SReclaimable:      24600 kB
SUnreclaim:        26120 kB
KernelStack:        5592 kB
PageTables:        15040 kB
NFS_Unstable:          0 kB
Bounce:                0 kB
WritebackTmp:          0 kB
CommitLimit:     2069768 kB
Committed_AS:    6185360 kB
VmallocTotal:     122880 kB
VmallocUsed:       23416 kB
VmallocChunk:      49124 kB
AnonHugePages:   2584576 kB
CmaTotal:              0 kB
CmaFree:               0 kB
HugePages_Total:       0
HugePages_Free:        0
HugePages_Rsvd:        0
HugePages_Surp:        0
Hugepagesize:       2048 kB
DirectMap4k:       61432 kB
DirectMap2M:      851968 kB


CPU:total 4 (1 cores per cpu, 1 threads per core) family 6 model 58 stepping 9, cmov, cx8, fxsr, mmx, sse, sse2, sse3, ssse3, sse4.1, sse4.2, popcnt, avx, aes, erms, tsc, tscinvbit, tscinv

/proc/cpuinfo:
processor	: 0
vendor_id	: GenuineIntel
cpu family	: 6
model		: 58
model name	: Intel(R) Core(TM) i5-3210M CPU @ 2.50GHz
stepping	: 9
microcode	: 0x15
cpu MHz		: 2494.111
cache size	: 3072 KB
physical id	: 0
siblings	: 1
core id		: 0
cpu cores	: 1
apicid		: 0
initial apicid	: 0
fdiv_bug	: no
f00f_bug	: no
coma_bug	: no
fpu		: yes
fpu_exception	: yes
cpuid level	: 13
wp		: yes
flags		: fpu vme de pse tsc msr pae mce cx8 apic sep mtrr pge mca cmov pat pse36 clflush dts mmx fxsr sse sse2 ss nx rdtscp lm constant_tsc arch_perfmon pebs bts xtopology tsc_reliable nonstop_tsc aperfmperf pni pclmulqdq ssse3 cx16 pcid sse4_1 sse4_2 x2apic popcnt tsc_deadline_timer aes xsave avx f16c rdrand hypervisor lahf_lm ida arat epb pln pts dtherm fsgsbase tsc_adjust smep
bugs		:
bogomips	: 4988.22
clflush size	: 64
cache_alignment	: 64
address sizes	: 42 bits physical, 48 bits virtual
power management:

processor	: 1
vendor_id	: GenuineIntel
cpu family	: 6
model		: 58
model name	: Intel(R) Core(TM) i5-3210M CPU @ 2.50GHz
stepping	: 9
microcode	: 0x15
cpu MHz		: 2494.111
cache size	: 3072 KB
physical id	: 2
siblings	: 1
core id		: 0
cpu cores	: 1
apicid		: 2
initial apicid	: 2
fdiv_bug	: no
f00f_bug	: no
coma_bug	: no
fpu		: yes
fpu_exception	: yes
cpuid level	: 13
wp		: yes
flags		: fpu vme de pse tsc msr pae mce cx8 apic sep mtrr pge mca cmov pat pse36 clflush dts mmx fxsr sse sse2 ss nx rdtscp lm constant_tsc arch_perfmon pebs bts xtopology tsc_reliable nonstop_tsc aperfmperf pni pclmulqdq ssse3 cx16 pcid sse4_1 sse4_2 x2apic popcnt tsc_deadline_timer aes xsave avx f16c rdrand hypervisor lahf_lm ida arat epb pln pts dtherm fsgsbase tsc_adjust smep
bugs		:
bogomips	: 4988.22
clflush size	: 64
cache_alignment	: 64
address sizes	: 42 bits physical, 48 bits virtual
power management:

processor	: 2
vendor_id	: GenuineIntel
cpu family	: 6
model		: 58
model name	: Intel(R) Core(TM) i5-3210M CPU @ 2.50GHz
stepping	: 9
microcode	: 0x15
cpu MHz		: 2494.111
cache size	: 3072 KB
physical id	: 4
siblings	: 1
core id		: 0
cpu cores	: 1
apicid		: 4
initial apicid	: 4
fdiv_bug	: no
f00f_bug	: no
coma_bug	: no
fpu		: yes
fpu_exception	: yes
cpuid level	: 13
wp		: yes
flags		: fpu vme de pse tsc msr pae mce cx8 apic sep mtrr pge mca cmov pat pse36 clflush dts mmx fxsr sse sse2 ss nx rdtscp lm constant_tsc arch_perfmon pebs bts xtopology tsc_reliable nonstop_tsc aperfmperf pni pclmulqdq ssse3 cx16 pcid sse4_1 sse4_2 x2apic popcnt tsc_deadline_timer aes xsave avx f16c rdrand hypervisor lahf_lm ida arat epb pln pts dtherm fsgsbase tsc_adjust smep
bugs		:
bogomips	: 4988.22
clflush size	: 64
cache_alignment	: 64
address sizes	: 42 bits physical, 48 bits virtual
power management:

processor	: 3
vendor_id	: GenuineIntel
cpu family	: 6
model		: 58
model name	: Intel(R) Core(TM) i5-3210M CPU @ 2.50GHz
stepping	: 9
microcode	: 0x15
cpu MHz		: 2494.111
cache size	: 3072 KB
physical id	: 6
siblings	: 1
core id		: 0
cpu cores	: 1
apicid		: 6
initial apicid	: 6
fdiv_bug	: no
f00f_bug	: no
coma_bug	: no
fpu		: yes
fpu_exception	: yes
cpuid level	: 13
wp		: yes
flags		: fpu vme de pse tsc msr pae mce cx8 apic sep mtrr pge mca cmov pat pse36 clflush dts mmx fxsr sse sse2 ss nx rdtscp lm constant_tsc arch_perfmon pebs bts xtopology tsc_reliable nonstop_tsc aperfmperf pni pclmulqdq ssse3 cx16 pcid sse4_1 sse4_2 x2apic popcnt tsc_deadline_timer aes xsave avx f16c rdrand hypervisor lahf_lm ida arat epb pln pts dtherm fsgsbase tsc_adjust smep
bugs		:
bogomips	: 4988.22
clflush size	: 64
cache_alignment	: 64
address sizes	: 42 bits physical, 48 bits virtual
power management:



Memory: 4k page, physical 4139540k(291148k free), swap 0k(0k free)

vm_info: OpenJDK Server VM (24.91-b01) for linux-x86 JRE (1.7.0_91-b02), built on Nov 19 2015 06:25:06 by "buildd" with gcc 4.9.2

time: Tue May  3 16:21:45 2016
elapsed time: 15 seconds

