#
# There is insufficient memory for the Java Runtime Environment to continue.
# Native memory allocation (malloc) failed to allocate 46661632 bytes for committing reserved memory.
# Possible reasons:
#   The system is out of physical RAM or swap space
#   In 32 bit mode, the process size limit was hit
# Possible solutions:
#   Reduce memory load on the system
#   Increase physical memory or swap space
#   Check if swap backing store is full
#   Use 64 bit Java on a 64 bit OS
#   Decrease Java heap size (-Xmx/-Xms)
#   Decrease number of Java threads
#   Decrease Java thread stack sizes (-Xss)
#   Set larger code cache with -XX:ReservedCodeCacheSize=
# This output file may be truncated or incomplete.
#
#  Out of Memory Error (os_linux.cpp:2827), pid=6950, tid=1739381568
#
# JRE version: OpenJDK Runtime Environment (7.0_91-b02) (build 1.7.0_91-b02)
# Java VM: OpenJDK Server VM (24.91-b01 mixed mode linux-x86 )
# Derivative: IcedTea 2.6.3
# Distribution: Ubuntu 15.04, package 7u91-2.6.3-0ubuntu0.15.04.1
# Failed to write core dump. Core dumps have been disabled. To enable core dumping, try "ulimit -c unlimited" before starting Java again
#

---------------  T H R E A D  ---------------

Current thread (0x67981400):  VMThread [stack: 0x67a4d000,0x67ace000] [id=6963]

Stack: [0x67a4d000,0x67ace000]
VM_Operation (0x66863af4): ParallelGCFailedAllocation, mode: safepoint, requested by thread 0x67047000


---------------  P R O C E S S  ---------------

Java Threads: ( => current thread )
  0x67047000 JavaThread "pool-2-thread-4" [_thread_blocked, id=6991, stack(0x66814000,0x66865000)]
  0x67046000 JavaThread "pool-2-thread-3" [_thread_blocked, id=6988, stack(0x66865000,0x668b6000)]
  0x67044c00 JavaThread "pool-2-thread-2" [_thread_blocked, id=6986, stack(0x668b6000,0x66907000)]
  0x67043800 JavaThread "pool-3-thread-1" [_thread_blocked, id=6985, stack(0x66907000,0x66958000)]
  0x67041800 JavaThread "pool-2-thread-1" [_thread_blocked, id=6984, stack(0x66f3d000,0x66f8e000)]
  0x679ee400 JavaThread "Service Thread" daemon [_thread_blocked, id=6969, stack(0x67211000,0x67262000)]
  0x679ec800 JavaThread "C2 CompilerThread1" daemon [_thread_blocked, id=6968, stack(0x67262000,0x672e3000)]
  0x679eb400 JavaThread "C2 CompilerThread0" daemon [_thread_blocked, id=6967, stack(0x672e3000,0x67364000)]
  0x67998400 JavaThread "Signal Dispatcher" daemon [_thread_blocked, id=6966, stack(0x674af000,0x67500000)]
  0x67985800 JavaThread "Finalizer" daemon [_thread_blocked, id=6965, stack(0x6a62e000,0x6a67f000)]
  0x67983c00 JavaThread "Reference Handler" daemon [_thread_blocked, id=6964, stack(0x6a82e000,0x6a87f000)]
  0xb6208400 JavaThread "main" [_thread_blocked, id=6953, stack(0xb634f000,0xb63a0000)]

Other Threads:
=>0x67981400 VMThread [stack: 0x67a4d000,0x67ace000] [id=6963]
  0x679f0800 WatcherThread [stack: 0x67190000,0x67211000] [id=6970]

VM state:at safepoint (normal execution)

VM Mutex/Monitor currently owned by a thread:  ([mutex/lock_event])
[0xb6205e40] Threads_lock - owner thread: 0x67981400
[0xb6206250] Heap_lock - owner thread: 0x67047000

Heap
 PSYoungGen      total 76032K, used 11763K [0x9db40000, 0xa3340000, 0xb30c0000)
  eden space 64256K, 0% used [0x9db40000,0x9db40000,0xa1a00000)
  from space 11776K, 99% used [0xa1a00000,0xa257ceb8,0xa2580000)
  to   space 9472K, 0% used [0xa2580000,0xa2580000,0xa2ec0000)
 ParOldGen       total 43008K, used 23178K [0x730c0000, 0x75ac0000, 0x9db40000)
  object space 43008K, 53% used [0x730c0000,0x747628c0,0x75ac0000)
 PSPermGen       total 16384K, used 4298K [0x6b0c0000, 0x6c0c0000, 0x730c0000)
  object space 16384K, 26% used [0x6b0c0000,0x6b4f2918,0x6c0c0000)

Card table byte_map: [0x6ae7f000,0x6b0c0000] byte_map_base: 0x6ab26a00

Polling page: 0xb76d6000

Code Cache  [0xb31b3000, 0xb33f3000, 0xb61b3000)
 total_blobs=501 nmethods=377 adapters=76 free_code_cache=47750Kb largest_free_block=48865984

Compilation events (10 events):
Event: 19.353 Thread 0x679ec800 nmethod 383 0xb3267248 code [0xb3267320, 0xb3267370]
Event: 19.353 Thread 0x679ec800  384             com.android.dx.ssa.SsaRenamer$BlockRenamer::processResultReg (56 bytes)
Event: 19.486 Thread 0x679ec800 nmethod 384 0xb3316fc8 code [0xb3317180, 0xb3317bcc]
Event: 19.487 Thread 0x679ec800  385             java.util.Collections::unmodifiableList (27 bytes)
Event: 19.488 Thread 0x679ec800 nmethod 385 0xb3290f88 code [0xb3291080, 0xb3291150]
Event: 19.488 Thread 0x679ec800  386             java.util.Collections$UnmodifiableRandomAccessList::<init> (6 bytes)
Event: 19.489 Thread 0x679ec800 nmethod 386 0xb3291ac8 code [0xb3291bc0, 0xb3291c50]
Event: 19.489 Thread 0x679ec800  387             java.util.Collections$UnmodifiableList::<init> (11 bytes)
Event: 19.489 Thread 0x679ec800 nmethod 387 0xb32d6308 code [0xb32d6400, 0xb32d6490]
Event: 19.489 Thread 0x679ec800  388             com.android.dx.ssa.DeadCodeRemover::run (194 bytes)

GC Heap History (10 events):
Event: 7.783 GC heap after
Heap after GC invocations=4 (full 0):
 PSYoungGen      total 19200K, used 2550K [0x9db40000, 0xa00c0000, 0xb30c0000)
  eden space 16640K, 0% used [0x9db40000,0x9db40000,0x9eb80000)
  from space 2560K, 99% used [0x9ee00000,0x9f07da18,0x9f080000)
  to   space 2560K, 0% used [0x9eb80000,0x9eb80000,0x9ee00000)
 ParOldGen       total 43008K, used 7360K [0x730c0000, 0x75ac0000, 0x9db40000)
  object space 43008K, 17% used [0x730c0000,0x737f01c8,0x75ac0000)
 PSPermGen       total 16384K, used 4234K [0x6b0c0000, 0x6c0c0000, 0x730c0000)
  object space 16384K, 25% used [0x6b0c0000,0x6b4e2ac8,0x6c0c0000)
}
Event: 10.216 GC heap before
{Heap before GC invocations=5 (full 0):
 PSYoungGen      total 19200K, used 19190K [0x9db40000, 0xa00c0000, 0xb30c0000)
  eden space 16640K, 100% used [0x9db40000,0x9eb80000,0x9eb80000)
  from space 2560K, 99% used [0x9ee00000,0x9f07da18,0x9f080000)
  to   space 2560K, 0% used [0x9eb80000,0x9eb80000,0x9ee00000)
 ParOldGen       total 43008K, used 7360K [0x730c0000, 0x75ac0000, 0x9db40000)
  object space 43008K, 17% used [0x730c0000,0x737f01c8,0x75ac0000)
 PSPermGen       total 16384K, used 4245K [0x6b0c0000, 0x6c0c0000, 0x730c0000)
  object space 16384K, 25% used [0x6b0c0000,0x6b4e5400,0x6c0c0000)
Event: 10.273 GC heap after
Heap after GC invocations=5 (full 0):
 PSYoungGen      total 19200K, used 2548K [0x9db40000, 0xa0940000, 0xb30c0000)
  eden space 16640K, 0% used [0x9db40000,0x9db40000,0x9eb80000)
  from space 2560K, 99% used [0x9eb80000,0x9edfd128,0x9ee00000)
  to   space 6912K, 0% used [0xa0280000,0xa0280000,0xa0940000)
 ParOldGen       total 43008K, used 9948K [0x730c0000, 0x75ac0000, 0x9db40000)
  object space 43008K, 23% used [0x730c0000,0x73a77110,0x75ac0000)
 PSPermGen       total 16384K, used 4245K [0x6b0c0000, 0x6c0c0000, 0x730c0000)
  object space 16384K, 25% used [0x6b0c0000,0x6b4e5400,0x6c0c0000)
}
Event: 11.463 GC heap before
{Heap before GC invocations=6 (full 0):
 PSYoungGen      total 19200K, used 19188K [0x9db40000, 0xa0940000, 0xb30c0000)
  eden space 16640K, 100% used [0x9db40000,0x9eb80000,0x9eb80000)
  from space 2560K, 99% used [0x9eb80000,0x9edfd128,0x9ee00000)
  to   space 6912K, 0% used [0xa0280000,0xa0280000,0xa0940000)
 ParOldGen       total 43008K, used 9948K [0x730c0000, 0x75ac0000, 0x9db40000)
  object space 43008K, 23% used [0x730c0000,0x73a77110,0x75ac0000)
 PSPermGen       total 16384K, used 4261K [0x6b0c0000, 0x6c0c0000, 0x730c0000)
  object space 16384K, 26% used [0x6b0c0000,0x6b4e9490,0x6c0c0000)
Event: 11.508 GC heap after
Heap after GC invocations=6 (full 0):
 PSYoungGen      total 40192K, used 5518K [0x9db40000, 0xa0940000, 0xb30c0000)
  eden space 33280K, 0% used [0x9db40000,0x9db40000,0x9fbc0000)
  from space 6912K, 79% used [0xa0280000,0xa07e3940,0xa0940000)
  to   space 6912K, 0% used [0x9fbc0000,0x9fbc0000,0xa0280000)
 ParOldGen       total 43008K, used 9948K [0x730c0000, 0x75ac0000, 0x9db40000)
  object space 43008K, 23% used [0x730c0000,0x73a77110,0x75ac0000)
 PSPermGen       total 16384K, used 4261K [0x6b0c0000, 0x6c0c0000, 0x730c0000)
  object space 16384K, 26% used [0x6b0c0000,0x6b4e9490,0x6c0c0000)
}
Event: 14.378 GC heap before
{Heap before GC invocations=7 (full 0):
 PSYoungGen      total 40192K, used 38798K [0x9db40000, 0xa0940000, 0xb30c0000)
  eden space 33280K, 100% used [0x9db40000,0x9fbc0000,0x9fbc0000)
  from space 6912K, 79% used [0xa0280000,0xa07e3940,0xa0940000)
  to   space 6912K, 0% used [0x9fbc0000,0x9fbc0000,0xa0280000)
 ParOldGen       total 43008K, used 9948K [0x730c0000, 0x75ac0000, 0x9db40000)
  object space 43008K, 23% used [0x730c0000,0x73a77110,0x75ac0000)
 PSPermGen       total 16384K, used 4271K [0x6b0c0000, 0x6c0c0000, 0x730c0000)
  object space 16384K, 26% used [0x6b0c0000,0x6b4ebc10,0x6c0c0000)
Event: 14.533 GC heap after
Heap after GC invocations=7 (full 0):
 PSYoungGen      total 40192K, used 6898K [0x9db40000, 0xa2ec0000, 0xb30c0000)
  eden space 33280K, 0% used [0x9db40000,0x9db40000,0x9fbc0000)
  from space 6912K, 99% used [0x9fbc0000,0xa027c9d8,0xa0280000)
  to   space 9472K, 0% used [0xa2580000,0xa2580000,0xa2ec0000)
 ParOldGen       total 43008K, used 13357K [0x730c0000, 0x75ac0000, 0x9db40000)
  object space 43008K, 31% used [0x730c0000,0x73dcb698,0x75ac0000)
 PSPermGen       total 16384K, used 4271K [0x6b0c0000, 0x6c0c0000, 0x730c0000)
  object space 16384K, 26% used [0x6b0c0000,0x6b4ebc10,0x6c0c0000)
}
Event: 16.520 GC heap before
{Heap before GC invocations=8 (full 0):
 PSYoungGen      total 40192K, used 40178K [0x9db40000, 0xa2ec0000, 0xb30c0000)
  eden space 33280K, 100% used [0x9db40000,0x9fbc0000,0x9fbc0000)
  from space 6912K, 99% used [0x9fbc0000,0xa027c9d8,0xa0280000)
  to   space 9472K, 0% used [0xa2580000,0xa2580000,0xa2ec0000)
 ParOldGen       total 43008K, used 13357K [0x730c0000, 0x75ac0000, 0x9db40000)
  object space 43008K, 31% used [0x730c0000,0x73dcb698,0x75ac0000)
 PSPermGen       total 16384K, used 4289K [0x6b0c0000, 0x6c0c0000, 0x730c0000)
  object space 16384K, 26% used [0x6b0c0000,0x6b4f04a0,0x6c0c0000)
Event: 16.679 GC heap after
Heap after GC invocations=8 (full 0):
 PSYoungGen      total 73728K, used 9461K [0x9db40000, 0xa3340000, 0xb30c0000)
  eden space 64256K, 0% used [0x9db40000,0x9db40000,0xa1a00000)
  from space 9472K, 99% used [0xa2580000,0xa2ebd538,0xa2ec0000)
  to   space 11776K, 0% used [0xa1a00000,0xa1a00000,0xa2580000)
 ParOldGen       total 43008K, used 15347K [0x730c0000, 0x75ac0000, 0x9db40000)
  object space 43008K, 35% used [0x730c0000,0x73fbccd0,0x75ac0000)
 PSPermGen       total 16384K, used 4289K [0x6b0c0000, 0x6c0c0000, 0x730c0000)
  object space 16384K, 26% used [0x6b0c0000,0x6b4f04a0,0x6c0c0000)
}
Event: 20.219 GC heap before
{Heap before GC invocations=9 (full 0):
 PSYoungGen      total 73728K, used 73717K [0x9db40000, 0xa3340000, 0xb30c0000)
  eden space 64256K, 100% used [0x9db40000,0xa1a00000,0xa1a00000)
  from space 9472K, 99% used [0xa2580000,0xa2ebd538,0xa2ec0000)
  to   space 11776K, 0% used [0xa1a00000,0xa1a00000,0xa2580000)
 ParOldGen       total 43008K, used 15347K [0x730c0000, 0x75ac0000, 0x9db40000)
  object space 43008K, 35% used [0x730c0000,0x73fbccd0,0x75ac0000)
 PSPermGen       total 16384K, used 4298K [0x6b0c0000, 0x6c0c0000, 0x730c0000)
  object space 16384K, 26% used [0x6b0c0000,0x6b4f2918,0x6c0c0000)

Deoptimization events (10 events):
Event: 15.787 Thread 0x67044c00 Uncommon trap: reason=class_check action=maybe_recompile pc=0xb32be4b0 method=com.android.dx.ssa.SCCP.replaceConstants()V @ 182
Event: 15.980 Thread 0x67044c00 Uncommon trap: reason=class_check action=maybe_recompile pc=0xb32be4b0 method=com.android.dx.ssa.SCCP.replaceConstants()V @ 182
Event: 17.854 Thread 0x67044c00 Uncommon trap: reason=unstable_if action=reinterpret pc=0xb32dbe20 method=com.android.dx.rop.code.RegisterSpec.intersect(Lcom/android/dx/rop/code/RegisterSpec;Z)Lcom/android/dx/rop/code/RegisterSpec; @ 42
Event: 18.342 Thread 0x67041800 Uncommon trap: reason=bimorphic action=maybe_recompile pc=0xb32bdf88 method=com.android.dx.ssa.SCCP.simulatePhi(Lcom/android/dx/ssa/PhiInsn;)V @ 124
Event: 18.563 Thread 0x67047000 Uncommon trap: reason=unstable_if action=reinterpret pc=0xb32abb3c method=com.android.dx.ssa.SCCP.simulateStmt(Lcom/android/dx/ssa/SsaInsn;)V @ 59
Event: 18.583 Thread 0x67047000 Uncommon trap: reason=bimorphic action=maybe_recompile pc=0xb32be218 method=com.android.dx.ssa.SCCP.setLatticeValueTo(IILcom/android/dx/rop/cst/Constant;)Z @ 43
Event: 18.820 Thread 0x67047000 Uncommon trap: reason=bimorphic action=maybe_recompile pc=0xb32be218 method=com.android.dx.ssa.SCCP.setLatticeValueTo(IILcom/android/dx/rop/cst/Constant;)Z @ 43
Event: 19.113 Thread 0x67041800 Uncommon trap: reason=unstable_if action=reinterpret pc=0xb3256004 method=com.android.dx.ssa.MoveParamCombiner$1.visitNonMoveInsn(Lcom/android/dx/ssa/NormalSsaInsn;)V @ 27
Event: 19.620 Thread 0xb6208400 Uncommon trap: reason=bimorphic action=maybe_recompile pc=0xb32be218 method=com.android.dx.ssa.SCCP.setLatticeValueTo(IILcom/android/dx/rop/cst/Constant;)Z @ 43
Event: 19.888 Thread 0x67044c00 Uncommon trap: reason=bimorphic action=maybe_recompile pc=0xb32be218 method=com.android.dx.ssa.SCCP.setLatticeValueTo(IILcom/android/dx/rop/cst/Constant;)Z @ 43

Internal exceptions (10 events):
Event: 1.827 Thread 0xb6208400 Threw 0x9db93198 at /build/openjdk-7-PdBaKN/openjdk-7-7u91-2.6.3/build/openjdk/hotspot/src/share/vm/prims/jvm.cpp:1322
Event: 2.008 Thread 0x67046000 Threw 0x9df244b8 at /build/openjdk-7-PdBaKN/openjdk-7-7u91-2.6.3/build/openjdk/hotspot/src/share/vm/prims/jvm.cpp:1322
Event: 2.291 Thread 0x67047000 Threw 0x9e2d4578 at /build/openjdk-7-PdBaKN/openjdk-7-7u91-2.6.3/build/openjdk/hotspot/src/share/vm/prims/jvm.cpp:1322
Event: 2.472 Thread 0x67041800 Threw 0x9e3f58c0 at /build/openjdk-7-PdBaKN/openjdk-7-7u91-2.6.3/build/openjdk/hotspot/src/share/vm/prims/jvm.cpp:1322
Event: 6.376 Thread 0xb6208400 Implicit null exception at 0xb323ebda to 0xb323f145
Event: 6.557 Thread 0x67041800 Implicit null exception at 0xb324eefd to 0xb32505c1
Event: 6.987 Thread 0xb6208400 Threw 0x9e1d37e0 at /build/openjdk-7-PdBaKN/openjdk-7-7u91-2.6.3/build/openjdk/hotspot/src/share/vm/prims/jvm.cpp:1322
Event: 10.079 Thread 0x67044c00 Threw 0x9e98eba8 at /build/openjdk-7-PdBaKN/openjdk-7-7u91-2.6.3/build/openjdk/hotspot/src/share/vm/prims/jvm.cpp:1322
Event: 11.368 Thread 0x67044c00 Threw 0x9eb0fd88 at /build/openjdk-7-PdBaKN/openjdk-7-7u91-2.6.3/build/openjdk/hotspot/src/share/vm/prims/jvm.cpp:1322
Event: 16.244 Thread 0xb6208400 Threw 0x9f6fea28 at /build/openjdk-7-PdBaKN/openjdk-7-7u91-2.6.3/build/openjdk/hotspot/src/share/vm/prims/jvm.cpp:1322

Events (10 events):
Event: 19.113 Thread 0x67041800 Uncommon trap: trap_request=0xffffff75 fr.pc=0xb3256004
Event: 19.113 Thread 0x67041800 DEOPT PACKING pc=0xb3256004 sp=0x66f8cb90
Event: 19.113 Thread 0x67041800 DEOPT UNPACKING pc=0xb31dfbc8 sp=0x66f8cb44 mode 2
Event: 19.620 Thread 0xb6208400 Uncommon trap: trap_request=0xffffffc6 fr.pc=0xb32be218
Event: 19.620 Thread 0xb6208400 DEOPT PACKING pc=0xb32be218 sp=0xb639e850
Event: 19.620 Thread 0xb6208400 DEOPT UNPACKING pc=0xb31dfbc8 sp=0xb639e7c0 mode 2
Event: 19.888 Thread 0x67044c00 Uncommon trap: trap_request=0xffffffc6 fr.pc=0xb32be218
Event: 19.888 Thread 0x67044c00 DEOPT PACKING pc=0xb32be218 sp=0x66905bf0
Event: 19.888 Thread 0x67044c00 DEOPT UNPACKING pc=0xb31dfbc8 sp=0x66905b60 mode 2
Event: 20.166 Executing VM operation: ParallelGCFailedAllocation


Dynamic libraries:
08048000-08049000 r-xp 00000000 08:01 804961     /usr/lib/jvm/java-7-openjdk-i386/jre/bin/java
08049000-0804a000 r--p 00000000 08:01 804961     /usr/lib/jvm/java-7-openjdk-i386/jre/bin/java
0804a000-0804b000 rw-p 00001000 08:01 804961     /usr/lib/jvm/java-7-openjdk-i386/jre/bin/java
0824e000-0834e000 rw-p 00000000 00:00 0          [heap]
64c00000-64cff000 rw-p 00000000 00:00 0 
64cff000-64d00000 ---p 00000000 00:00 0 
64e00000-64ede000 rw-p 00000000 00:00 0 
64ede000-64f00000 ---p 00000000 00:00 0 
64f00000-64ffe000 rw-p 00000000 00:00 0 
64ffe000-65000000 ---p 00000000 00:00 0 
65000000-650fc000 rw-p 00000000 00:00 0 
650fc000-65100000 ---p 00000000 00:00 0 
65200000-652f3000 rw-p 00000000 00:00 0 
652f3000-65300000 ---p 00000000 00:00 0 
65300000-653e2000 rw-p 00000000 00:00 0 
653e2000-65400000 ---p 00000000 00:00 0 
65400000-654e9000 rw-p 00000000 00:00 0 
654e9000-65500000 ---p 00000000 00:00 0 
65600000-656fb000 rw-p 00000000 00:00 0 
656fb000-65700000 ---p 00000000 00:00 0 
65700000-657f5000 rw-p 00000000 00:00 0 
657f5000-65800000 ---p 00000000 00:00 0 
65800000-658aa000 rw-p 00000000 00:00 0 
658aa000-65900000 ---p 00000000 00:00 0 
65900000-659fa000 rw-p 00000000 00:00 0 
659fa000-65a00000 ---p 00000000 00:00 0 
65a00000-65af9000 rw-p 00000000 00:00 0 
65af9000-65b00000 ---p 00000000 00:00 0 
65b00000-65bd5000 rw-p 00000000 00:00 0 
65bd5000-65c00000 ---p 00000000 00:00 0 
65c00000-65d00000 rw-p 00000000 00:00 0 
65d00000-65df8000 rw-p 00000000 00:00 0 
65df8000-65e00000 ---p 00000000 00:00 0 
65f00000-65ffe000 rw-p 00000000 00:00 0 
65ffe000-66000000 ---p 00000000 00:00 0 
66000000-660fb000 rw-p 00000000 00:00 0 
660fb000-66100000 ---p 00000000 00:00 0 
66100000-66200000 rw-p 00000000 00:00 0 
66300000-66400000 rw-p 00000000 00:00 0 
66500000-665f4000 rw-p 00000000 00:00 0 
665f4000-66600000 ---p 00000000 00:00 0 
66600000-666f6000 rw-p 00000000 00:00 0 
666f6000-66700000 ---p 00000000 00:00 0 
66700000-667fd000 rw-p 00000000 00:00 0 
667fd000-66800000 ---p 00000000 00:00 0 
66814000-66817000 ---p 00000000 00:00 0 
66817000-66865000 rw-p 00000000 00:00 0          [stack:6991]
66865000-66868000 ---p 00000000 00:00 0 
66868000-668b6000 rw-p 00000000 00:00 0          [stack:6988]
668b6000-668b9000 ---p 00000000 00:00 0 
668b9000-66907000 rw-p 00000000 00:00 0          [stack:6986]
66907000-6690a000 ---p 00000000 00:00 0 
6690a000-66b19000 rw-p 00000000 00:00 0          [stack:6985]
66b19000-66c3f000 r-xp 00000000 08:01 394573     /lib/i386-linux-gnu/libglib-2.0.so.0.4400.0
66c3f000-66c40000 r--p 00125000 08:01 394573     /lib/i386-linux-gnu/libglib-2.0.so.0.4400.0
66c40000-66c41000 rw-p 00126000 08:01 394573     /lib/i386-linux-gnu/libglib-2.0.so.0.4400.0
66c41000-66dfa000 r-xp 00000000 08:01 137357     /usr/lib/i386-linux-gnu/libgio-2.0.so.0.4400.0
66dfa000-66dfd000 r--p 001b8000 08:01 137357     /usr/lib/i386-linux-gnu/libgio-2.0.so.0.4400.0
66dfd000-66dff000 rw-p 001bb000 08:01 137357     /usr/lib/i386-linux-gnu/libgio-2.0.so.0.4400.0
66dff000-66e00000 rw-p 00000000 00:00 0 
66e00000-66efe000 rw-p 00000000 00:00 0 
66efe000-66f00000 ---p 00000000 00:00 0 
66f3d000-66f40000 ---p 00000000 00:00 0 
66f40000-66f8e000 rw-p 00000000 00:00 0          [stack:6984]
66f8e000-66ffe000 r-xp 00000000 08:01 394656     /lib/i386-linux-gnu/libpcre.so.3.13.1
66ffe000-66fff000 r--p 0006f000 08:01 394656     /lib/i386-linux-gnu/libpcre.so.3.13.1
66fff000-67000000 rw-p 00070000 08:01 394656     /lib/i386-linux-gnu/libpcre.so.3.13.1
67000000-6707b000 rw-p 00000000 00:00 0 
6707b000-67100000 ---p 00000000 00:00 0 
67133000-6718e000 r-xp 00000000 08:01 137385     /usr/lib/i386-linux-gnu/libgobject-2.0.so.0.4400.0
6718e000-6718f000 r--p 0005b000 08:01 137385     /usr/lib/i386-linux-gnu/libgobject-2.0.so.0.4400.0
6718f000-67190000 rw-p 0005c000 08:01 137385     /usr/lib/i386-linux-gnu/libgobject-2.0.so.0.4400.0
67190000-67191000 ---p 00000000 00:00 0 
67191000-67211000 rw-p 00000000 00:00 0          [stack:6970]
67211000-67214000 ---p 00000000 00:00 0 
67214000-67262000 rw-p 00000000 00:00 0          [stack:6969]
67262000-67265000 ---p 00000000 00:00 0 
67265000-672e3000 rw-p 00000000 00:00 0          [stack:6968]
672e3000-672e6000 ---p 00000000 00:00 0 
672e6000-67364000 rw-p 00000000 00:00 0          [stack:6967]
67364000-674ab000 r-xp 00000000 08:01 136931     /usr/lib/i386-linux-gnu/libX11.so.6.3.0
674ab000-674ac000 r--p 00146000 08:01 136931     /usr/lib/i386-linux-gnu/libX11.so.6.3.0
674ac000-674ae000 rw-p 00147000 08:01 136931     /usr/lib/i386-linux-gnu/libX11.so.6.3.0
674ae000-674af000 rw-p 00000000 00:00 0 
674af000-674b2000 ---p 00000000 00:00 0 
674b2000-67500000 rw-p 00000000 00:00 0          [stack:6966]
67500000-67700000 r--p 00000000 08:01 143362     /usr/lib/locale/locale-archive
67700000-677fa000 rw-p 00000000 00:00 0 
677fa000-67800000 ---p 00000000 00:00 0 
67800000-67821000 rw-p 00000000 00:00 0 
67821000-67900000 ---p 00000000 00:00 0 
67900000-67a00000 rw-p 00000000 00:00 0 
67a0d000-67a21000 r-xp 00000000 08:01 394679     /lib/i386-linux-gnu/libresolv-2.21.so
67a21000-67a23000 r--p 00013000 08:01 394679     /lib/i386-linux-gnu/libresolv-2.21.so
67a23000-67a24000 rw-p 00015000 08:01 394679     /lib/i386-linux-gnu/libresolv-2.21.so
67a24000-67a26000 rw-p 00000000 00:00 0 
67a26000-67a4a000 r-xp 00000000 08:01 394683     /lib/i386-linux-gnu/libselinux.so.1
67a4a000-67a4b000 r--p 00024000 08:01 394683     /lib/i386-linux-gnu/libselinux.so.1
67a4b000-67a4c000 rw-p 00025000 08:01 394683     /lib/i386-linux-gnu/libselinux.so.1
67a4c000-67a4d000 rw-p 00000000 00:00 0 
67a4d000-67a4e000 ---p 00000000 00:00 0 
67a4e000-67ace000 rw-p 00000000 00:00 0          [stack:6963]
67ace000-67c80000 r--s 01d2e000 08:01 804984     /usr/lib/jvm/java-7-openjdk-i386/jre/lib/rt.jar
67c80000-6a500000 rw-p 00000000 00:00 0 
6a500000-6a600000 rw-p 00000000 00:00 0 
6a60d000-6a614000 r-xp 00000000 08:01 137254     /usr/lib/i386-linux-gnu/libffi.so.6.0.4
6a614000-6a616000 r--p 00006000 08:01 137254     /usr/lib/i386-linux-gnu/libffi.so.6.0.4
6a616000-6a617000 rw-p 00008000 08:01 137254     /usr/lib/i386-linux-gnu/libffi.so.6.0.4
6a62e000-6a631000 ---p 00000000 00:00 0 
6a631000-6a67f000 rw-p 00000000 00:00 0          [stack:6965]
6a67f000-6a680000 ---p 00000000 00:00 0 
6a680000-6a700000 rw-p 00000000 00:00 0          [stack:6962]
6a700000-6a721000 rw-p 00000000 00:00 0 
6a721000-6a800000 ---p 00000000 00:00 0 
6a807000-6a80a000 r-xp 00000000 08:01 137371     /usr/lib/i386-linux-gnu/libgmodule-2.0.so.0.4400.0
6a80a000-6a80b000 r--p 00002000 08:01 137371     /usr/lib/i386-linux-gnu/libgmodule-2.0.so.0.4400.0
6a80b000-6a80c000 rw-p 00003000 08:01 137371     /usr/lib/i386-linux-gnu/libgmodule-2.0.so.0.4400.0
6a80c000-6a82c000 r-xp 00000000 08:01 138125     /usr/lib/i386-linux-gnu/libxcb.so.1.1.0
6a82c000-6a82d000 r--p 0001f000 08:01 138125     /usr/lib/i386-linux-gnu/libxcb.so.1.1.0
6a82d000-6a82e000 rw-p 00020000 08:01 138125     /usr/lib/i386-linux-gnu/libxcb.so.1.1.0
6a82e000-6a831000 ---p 00000000 00:00 0 
6a831000-6a87f000 rw-p 00000000 00:00 0          [stack:6964]
6a87f000-6a880000 ---p 00000000 00:00 0 
6a880000-6a900000 rw-p 00000000 00:00 0          [stack:6961]
6a900000-6a921000 rw-p 00000000 00:00 0 
6a921000-6aa00000 ---p 00000000 00:00 0 
6aa01000-6aa18000 r-xp 00000000 08:01 805027     /usr/lib/jvm/java-7-openjdk-i386/jre/lib/i386/libnet.so
6aa18000-6aa19000 r--p 00016000 08:01 805027     /usr/lib/jvm/java-7-openjdk-i386/jre/lib/i386/libnet.so
6aa19000-6aa1a000 rw-p 00017000 08:01 805027     /usr/lib/jvm/java-7-openjdk-i386/jre/lib/i386/libnet.so
6aa1a000-6aa2a000 r-xp 00000000 08:01 804991     /usr/lib/jvm/java-7-openjdk-i386/jre/lib/i386/libnio.so
6aa2a000-6aa2b000 r--p 00010000 08:01 804991     /usr/lib/jvm/java-7-openjdk-i386/jre/lib/i386/libnio.so
6aa2b000-6aa2c000 rw-p 00011000 08:01 804991     /usr/lib/jvm/java-7-openjdk-i386/jre/lib/i386/libnio.so
6aa2c000-6aa36000 r--s 00087000 08:01 947385     /home/student/test/HealthyBit/app/build/intermediates/exploded-aar/com.android.support/appcompat-v7/23.1.0/jars/classes.jar
6aa36000-6aa7f000 rw-p 00000000 00:00 0 
6aa7f000-6aa80000 ---p 00000000 00:00 0 
6aa80000-6ab00000 rw-p 00000000 00:00 0          [stack:6960]
6ab00000-6ab23000 rw-p 00000000 00:00 0 
6ab23000-6ac00000 ---p 00000000 00:00 0 
6ac02000-6ac07000 r-xp 00000000 08:01 136946     /usr/lib/i386-linux-gnu/libXdmcp.so.6.0.0
6ac07000-6ac08000 r--p 00004000 08:01 136946     /usr/lib/i386-linux-gnu/libXdmcp.so.6.0.0
6ac08000-6ac09000 rw-p 00005000 08:01 136946     /usr/lib/i386-linux-gnu/libXdmcp.so.6.0.0
6ac09000-6ac0b000 r-xp 00000000 08:01 136935     /usr/lib/i386-linux-gnu/libXau.so.6.0.0
6ac0b000-6ac0c000 r--p 00001000 08:01 136935     /usr/lib/i386-linux-gnu/libXau.so.6.0.0
6ac0c000-6ac0d000 rw-p 00002000 08:01 136935     /usr/lib/i386-linux-gnu/libXau.so.6.0.0
6ac0d000-6ac68000 rw-p 00000000 00:00 0 
6ac68000-6ac69000 ---p 00000000 00:00 0 
6ac69000-6acf1000 rw-p 00000000 00:00 0          [stack:6955]
6acf1000-6ad29000 rw-p 00000000 00:00 0 
6ad29000-6ad3e000 rw-p 00000000 00:00 0 
6ad3e000-6ae7f000 rw-p 00000000 00:00 0 
6ae7f000-6ae87000 rw-p 00000000 00:00 0 
6ae87000-6aebf000 rw-p 00000000 00:00 0 
6aebf000-6aed4000 rw-p 00000000 00:00 0 
6aed4000-6b014000 rw-p 00000000 00:00 0 
6b014000-6b041000 rw-p 00000000 00:00 0 
6b041000-6b0bf000 rw-p 00000000 00:00 0 
6b0bf000-6c0c0000 rw-p 00000000 00:00 0 
6c0c0000-730c0000 rw-p 00000000 00:00 0 
730c0000-75ac0000 rw-p 00000000 00:00 0 
75ac0000-9db40000 rw-p 00000000 00:00 0 
9db40000-a3340000 rw-p 00000000 00:00 0 
a5fc0000-b30c0000 rw-p 00000000 00:00 0 
b30c0000-b30c2000 r-xp 00000000 08:01 141618     /usr/lib/jayatana/libjayatanaag.so
b30c2000-b30c3000 r--p 00001000 08:01 141618     /usr/lib/jayatana/libjayatanaag.so
b30c3000-b30c4000 rw-p 00002000 08:01 141618     /usr/lib/jayatana/libjayatanaag.so
b30c4000-b30c5000 r--s 00000000 08:01 414147     /usr/share/java/jayatanaag.jar
b30c5000-b30d4000 r--s 000df000 08:01 1062595    /home/student/Android/Sdk/build-tools/23.0.3/lib/dx.jar
b30d4000-b30d8000 r--s 00085000 08:01 804976     /usr/lib/jvm/java-7-openjdk-i386/jre/lib/ext/localedata.jar
b30d8000-b30fc000 rw-p 00000000 00:00 0 
b30fc000-b31b3000 rw-p 00000000 00:00 0 
b31b3000-b33f3000 rwxp 00000000 00:00 0 
b33f3000-b61b3000 rw-p 00000000 00:00 0 
b61b3000-b61bf000 r-xp 00000000 08:01 394626     /lib/i386-linux-gnu/libnss_files-2.21.so
b61bf000-b61c0000 r--p 0000b000 08:01 394626     /lib/i386-linux-gnu/libnss_files-2.21.so
b61c0000-b61c1000 rw-p 0000c000 08:01 394626     /lib/i386-linux-gnu/libnss_files-2.21.so
b61c1000-b61cc000 r-xp 00000000 08:01 394636     /lib/i386-linux-gnu/libnss_nis-2.21.so
b61cc000-b61cd000 r--p 0000a000 08:01 394636     /lib/i386-linux-gnu/libnss_nis-2.21.so
b61cd000-b61ce000 rw-p 0000b000 08:01 394636     /lib/i386-linux-gnu/libnss_nis-2.21.so
b61ce000-b61e5000 r-xp 00000000 08:01 394620     /lib/i386-linux-gnu/libnsl-2.21.so
b61e5000-b61e6000 r--p 00016000 08:01 394620     /lib/i386-linux-gnu/libnsl-2.21.so
b61e6000-b61e7000 rw-p 00017000 08:01 394620     /lib/i386-linux-gnu/libnsl-2.21.so
b61e7000-b61e9000 rw-p 00000000 00:00 0 
b61e9000-b61ec000 r--s 0000f000 08:01 804977     /usr/lib/jvm/java-7-openjdk-i386/jre/lib/ext/icedtea-sound.jar
b61ec000-b61f0000 r--s 00034000 08:01 804978     /usr/lib/jvm/java-7-openjdk-i386/jre/lib/ext/sunjce_provider.jar
b61f0000-b61f4000 r--s 0003c000 08:01 804979     /usr/lib/jvm/java-7-openjdk-i386/jre/lib/ext/sunpkcs11.jar
b61f4000-b61f6000 r--s 00012000 08:01 804975     /usr/lib/jvm/java-7-openjdk-i386/jre/lib/ext/zipfs.jar
b61f6000-b61fe000 r-xp 00000000 08:01 804995     /usr/lib/jvm/java-7-openjdk-i386/jre/lib/i386/libzip.so
b61fe000-b61ff000 r--p 00007000 08:01 804995     /usr/lib/jvm/java-7-openjdk-i386/jre/lib/i386/libzip.so
b61ff000-b6200000 rw-p 00008000 08:01 804995     /usr/lib/jvm/java-7-openjdk-i386/jre/lib/i386/libzip.so
b6200000-b6300000 rw-p 00000000 00:00 0 
b6300000-b6308000 rw-s 00000000 08:01 429838     /tmp/hsperfdata_student/6950
b6308000-b6310000 r-xp 00000000 08:01 394622     /lib/i386-linux-gnu/libnss_compat-2.21.so
b6310000-b6311000 r--p 00007000 08:01 394622     /lib/i386-linux-gnu/libnss_compat-2.21.so
b6311000-b6312000 rw-p 00008000 08:01 394622     /lib/i386-linux-gnu/libnss_compat-2.21.so
b6312000-b631c000 r-xp 00000000 08:01 805017     /usr/lib/jvm/java-7-openjdk-i386/jre/lib/i386/libinstrument.so
b631c000-b631d000 r--p 00009000 08:01 805017     /usr/lib/jvm/java-7-openjdk-i386/jre/lib/i386/libinstrument.so
b631d000-b631e000 rw-p 0000a000 08:01 805017     /usr/lib/jvm/java-7-openjdk-i386/jre/lib/i386/libinstrument.so
b631e000-b6344000 r-xp 00000000 08:01 805003     /usr/lib/jvm/java-7-openjdk-i386/jre/lib/i386/libjava.so
b6344000-b6345000 r--p 00025000 08:01 805003     /usr/lib/jvm/java-7-openjdk-i386/jre/lib/i386/libjava.so
b6345000-b6346000 rw-p 00026000 08:01 805003     /usr/lib/jvm/java-7-openjdk-i386/jre/lib/i386/libjava.so
b6346000-b634d000 r-xp 00000000 08:01 394681     /lib/i386-linux-gnu/librt-2.21.so
b634d000-b634e000 r--p 00006000 08:01 394681     /lib/i386-linux-gnu/librt-2.21.so
b634e000-b634f000 rw-p 00007000 08:01 394681     /lib/i386-linux-gnu/librt-2.21.so
b634f000-b6352000 ---p 00000000 00:00 0 
b6352000-b63a0000 rw-p 00000000 00:00 0          [stack:6953]
b63a0000-b63bc000 r-xp 00000000 08:01 394569     /lib/i386-linux-gnu/libgcc_s.so.1
b63bc000-b63bd000 rw-p 0001b000 08:01 394569     /lib/i386-linux-gnu/libgcc_s.so.1
b63bd000-b6408000 r-xp 00000000 08:01 394599     /lib/i386-linux-gnu/libm-2.21.so
b6408000-b6409000 r--p 0004a000 08:01 394599     /lib/i386-linux-gnu/libm-2.21.so
b6409000-b640a000 rw-p 0004b000 08:01 394599     /lib/i386-linux-gnu/libm-2.21.so
b640a000-b64f3000 r-xp 00000000 08:01 137921     /usr/lib/i386-linux-gnu/libstdc++.so.6.0.20
b64f3000-b64f7000 r--p 000e9000 08:01 137921     /usr/lib/i386-linux-gnu/libstdc++.so.6.0.20
b64f7000-b64f8000 rw-p 000ed000 08:01 137921     /usr/lib/i386-linux-gnu/libstdc++.so.6.0.20
b64f8000-b64ff000 rw-p 00000000 00:00 0 
b64ff000-b7052000 r-xp 00000000 08:01 805013     /usr/lib/jvm/java-7-openjdk-i386/jre/lib/i386/server/libjvm.so
b7052000-b70a6000 r--p 00b52000 08:01 805013     /usr/lib/jvm/java-7-openjdk-i386/jre/lib/i386/server/libjvm.so
b70a6000-b70ba000 rw-p 00ba6000 08:01 805013     /usr/lib/jvm/java-7-openjdk-i386/jre/lib/i386/server/libjvm.so
b70ba000-b74d9000 rw-p 00000000 00:00 0 
b74d9000-b74f2000 r-xp 00000000 08:01 394714     /lib/i386-linux-gnu/libz.so.1.2.8
b74f2000-b74f3000 r--p 00019000 08:01 394714     /lib/i386-linux-gnu/libz.so.1.2.8
b74f3000-b74f4000 rw-p 0001a000 08:01 394714     /lib/i386-linux-gnu/libz.so.1.2.8
b74f4000-b750d000 r-xp 00000000 08:01 394673     /lib/i386-linux-gnu/libpthread-2.21.so
b750d000-b750e000 r--p 00018000 08:01 394673     /lib/i386-linux-gnu/libpthread-2.21.so
b750e000-b750f000 rw-p 00019000 08:01 394673     /lib/i386-linux-gnu/libpthread-2.21.so
b750f000-b7511000 rw-p 00000000 00:00 0 
b7511000-b7514000 r-xp 00000000 08:01 394557     /lib/i386-linux-gnu/libdl-2.21.so
b7514000-b7515000 r--p 00002000 08:01 394557     /lib/i386-linux-gnu/libdl-2.21.so
b7515000-b7516000 rw-p 00003000 08:01 394557     /lib/i386-linux-gnu/libdl-2.21.so
b7516000-b76ca000 r-xp 00000000 08:01 394540     /lib/i386-linux-gnu/libc-2.21.so
b76ca000-b76cd000 r--p 001b3000 08:01 394540     /lib/i386-linux-gnu/libc-2.21.so
b76cd000-b76cf000 rw-p 001b6000 08:01 394540     /lib/i386-linux-gnu/libc-2.21.so
b76cf000-b76d1000 rw-p 00000000 00:00 0 
b76d1000-b76d2000 r--s 00002000 08:01 804980     /usr/lib/jvm/java-7-openjdk-i386/jre/lib/ext/dnsns.jar
b76d2000-b76d4000 r--s 00006000 08:01 399091     /usr/share/java/java-atk-wrapper.jar
b76d4000-b76d5000 r--p 005e0000 08:01 143362     /usr/lib/locale/locale-archive
b76d5000-b76d6000 rw-p 00000000 00:00 0 
b76d6000-b76d7000 ---p 00000000 00:00 0 
b76d7000-b76e5000 r-xp 00000000 08:01 805022     /usr/lib/jvm/java-7-openjdk-i386/jre/lib/i386/libverify.so
b76e5000-b76e7000 r--p 0000d000 08:01 805022     /usr/lib/jvm/java-7-openjdk-i386/jre/lib/i386/libverify.so
b76e7000-b76e8000 rw-p 0000f000 08:01 805022     /usr/lib/jvm/java-7-openjdk-i386/jre/lib/i386/libverify.so
b76e8000-b76f4000 r-xp 00000000 08:01 805024     /usr/lib/jvm/java-7-openjdk-i386/jre/lib/i386/jli/libjli.so
b76f4000-b76f5000 r--p 0000b000 08:01 805024     /usr/lib/jvm/java-7-openjdk-i386/jre/lib/i386/jli/libjli.so
b76f5000-b76f6000 rw-p 0000c000 08:01 805024     /usr/lib/jvm/java-7-openjdk-i386/jre/lib/i386/jli/libjli.so
b76f6000-b76f9000 rw-p 00000000 00:00 0 
b76f9000-b76fb000 r--p 00000000 00:00 0          [vvar]
b76fb000-b76fc000 r-xp 00000000 00:00 0          [vdso]
b76fc000-b771e000 r-xp 00000000 08:01 394512     /lib/i386-linux-gnu/ld-2.21.so
b771e000-b771f000 r--p 00021000 08:01 394512     /lib/i386-linux-gnu/ld-2.21.so
b771f000-b7720000 rw-p 00022000 08:01 394512     /lib/i386-linux-gnu/ld-2.21.so
bfcaa000-bfcab000 rwxp 00000000 00:00 0 
bfcdc000-bfcfe000 rw-p 00000000 00:00 0          [stack]

VM Arguments:
jvm_args: -javaagent:/usr/share/java/jayatanaag.jar -Djava.awt.headless=true -Xmx1024M -Dfile.encoding=UTF-8 -Duser.country=US -Duser.language=en -Duser.variant 
java_command: com.android.dx.command.Main --dex --num-threads=4 --multi-dex --output /home/student/test/HealthyBit/app/build/intermediates/transforms/dex/debug/folders/1000/10/com.android.support-appcompat-v7-23.1.0_09a75456cd08b1bc6e5d47c0896978a9923eda0f /home/student/test/HealthyBit/app/build/intermediates/exploded-aar/com.android.support/appcompat-v7/23.1.0/jars/classes.jar
Launcher Type: SUN_STANDARD

Environment Variables:
JAVA_TOOL_OPTIONS=-javaagent:/usr/share/java/jayatanaag.jar 
PATH=/home/student/.linuxbrew/bin:/usr/local/sbin:/usr/local/bin:/usr/sbin:/usr/bin:/sbin:/bin:/usr/games:/usr/local/games:/etc/android-studio/bin/:/home/student/Android/Sdk/platform-tools:/home/student/Android/Sdk/tools
LD_LIBRARY_PATH=/etc/android-studio/bin:
SHELL=/bin/bash
DISPLAY=:0

Signal Handlers:
SIGSEGV: [libjvm.so+0x7f7d00], sa_mask[0]=0x7ffbfeff, sa_flags=0x10000004
SIGBUS: [libjvm.so+0x7f7d00], sa_mask[0]=0x7ffbfeff, sa_flags=0x10000004
SIGFPE: [libjvm.so+0x67a9d0], sa_mask[0]=0x7ffbfeff, sa_flags=0x10000004
SIGPIPE: [libjvm.so+0x67a9d0], sa_mask[0]=0x7ffbfeff, sa_flags=0x10000004
SIGXFSZ: [libjvm.so+0x67a9d0], sa_mask[0]=0x7ffbfeff, sa_flags=0x10000004
SIGILL: [libjvm.so+0x67a9d0], sa_mask[0]=0x7ffbfeff, sa_flags=0x10000004
SIGUSR1: SIG_DFL, sa_mask[0]=0x00000000, sa_flags=0x00000000
SIGUSR2: [libjvm.so+0x67a820], sa_mask[0]=0x00000004, sa_flags=0x10000004
SIGHUP: [libjvm.so+0x67aa80], sa_mask[0]=0x7ffbfeff, sa_flags=0x10000004
SIGINT: [libjvm.so+0x67aa80], sa_mask[0]=0x7ffbfeff, sa_flags=0x10000004
SIGTERM: [libjvm.so+0x67aa80], sa_mask[0]=0x7ffbfeff, sa_flags=0x10000004
SIGQUIT: [libjvm.so+0x67aa80], sa_mask[0]=0x7ffbfeff, sa_flags=0x10000004
SIGTRAP: SIG_DFL, sa_mask[0]=0x00000000, sa_flags=0x00000000


---------------  S Y S T E M  ---------------

OS:Ubuntu 15.04 (vivid)
uname:Linux 3.19.0-18-generic #18-Ubuntu SMP Tue May 19 18:30:59 UTC 2015 i686
libc:glibc 2.21 NPTL 2.21 
rlimit: STACK 8192k, CORE 0k, NPROC 32177, NOFILE 65536, AS infinity
load average:6.89 4.43 4.41

/proc/meminfo:
MemTotal:        4139540 kB
MemFree:          235324 kB
MemAvailable:     165924 kB
Buffers:            4604 kB
Cached:            61488 kB
SwapCached:            0 kB
Active:          3502252 kB
Inactive:          50968 kB
Active(anon):    3488392 kB
Inactive(anon):    37868 kB
Active(file):      13860 kB
Inactive(file):    13100 kB
Unevictable:          32 kB
Mlocked:              32 kB
HighTotal:       3280776 kB
HighFree:          46048 kB
LowTotal:         858764 kB
LowFree:          189276 kB
SwapTotal:             0 kB
SwapFree:              0 kB
Dirty:               268 kB
Writeback:             0 kB
AnonPages:       3487272 kB
Mapped:            45144 kB
Shmem:             39044 kB
Slab:              49536 kB
SReclaimable:      23556 kB
SUnreclaim:        25980 kB
KernelStack:        5624 kB
PageTables:        15220 kB
NFS_Unstable:          0 kB
Bounce:                0 kB
WritebackTmp:          0 kB
CommitLimit:     2069768 kB
Committed_AS:    6398620 kB
VmallocTotal:     122880 kB
VmallocUsed:       23416 kB
VmallocChunk:      49124 kB
AnonHugePages:   2605056 kB
CmaTotal:              0 kB
CmaFree:               0 kB
HugePages_Total:       0
HugePages_Free:        0
HugePages_Rsvd:        0
HugePages_Surp:        0
Hugepagesize:       2048 kB
DirectMap4k:       61432 kB
DirectMap2M:      851968 kB


CPU:total 4 (1 cores per cpu, 1 threads per core) family 6 model 58 stepping 9, cmov, cx8, fxsr, mmx, sse, sse2, sse3, ssse3, sse4.1, sse4.2, popcnt, avx, aes, erms, tsc, tscinvbit, tscinv

/proc/cpuinfo:
processor	: 0
vendor_id	: GenuineIntel
cpu family	: 6
model		: 58
model name	: Intel(R) Core(TM) i5-3210M CPU @ 2.50GHz
stepping	: 9
microcode	: 0x15
cpu MHz		: 2494.111
cache size	: 3072 KB
physical id	: 0
siblings	: 1
core id		: 0
cpu cores	: 1
apicid		: 0
initial apicid	: 0
fdiv_bug	: no
f00f_bug	: no
coma_bug	: no
fpu		: yes
fpu_exception	: yes
cpuid level	: 13
wp		: yes
flags		: fpu vme de pse tsc msr pae mce cx8 apic sep mtrr pge mca cmov pat pse36 clflush dts mmx fxsr sse sse2 ss nx rdtscp lm constant_tsc arch_perfmon pebs bts xtopology tsc_reliable nonstop_tsc aperfmperf pni pclmulqdq ssse3 cx16 pcid sse4_1 sse4_2 x2apic popcnt tsc_deadline_timer aes xsave avx f16c rdrand hypervisor lahf_lm ida arat epb pln pts dtherm fsgsbase tsc_adjust smep
bugs		:
bogomips	: 4988.22
clflush size	: 64
cache_alignment	: 64
address sizes	: 42 bits physical, 48 bits virtual
power management:

processor	: 1
vendor_id	: GenuineIntel
cpu family	: 6
model		: 58
model name	: Intel(R) Core(TM) i5-3210M CPU @ 2.50GHz
stepping	: 9
microcode	: 0x15
cpu MHz		: 2494.111
cache size	: 3072 KB
physical id	: 2
siblings	: 1
core id		: 0
cpu cores	: 1
apicid		: 2
initial apicid	: 2
fdiv_bug	: no
f00f_bug	: no
coma_bug	: no
fpu		: yes
fpu_exception	: yes
cpuid level	: 13
wp		: yes
flags		: fpu vme de pse tsc msr pae mce cx8 apic sep mtrr pge mca cmov pat pse36 clflush dts mmx fxsr sse sse2 ss nx rdtscp lm constant_tsc arch_perfmon pebs bts xtopology tsc_reliable nonstop_tsc aperfmperf pni pclmulqdq ssse3 cx16 pcid sse4_1 sse4_2 x2apic popcnt tsc_deadline_timer aes xsave avx f16c rdrand hypervisor lahf_lm ida arat epb pln pts dtherm fsgsbase tsc_adjust smep
bugs		:
bogomips	: 4988.22
clflush size	: 64
cache_alignment	: 64
address sizes	: 42 bits physical, 48 bits virtual
power management:

processor	: 2
vendor_id	: GenuineIntel
cpu family	: 6
model		: 58
model name	: Intel(R) Core(TM) i5-3210M CPU @ 2.50GHz
stepping	: 9
microcode	: 0x15
cpu MHz		: 2494.111
cache size	: 3072 KB
physical id	: 4
siblings	: 1
core id		: 0
cpu cores	: 1
apicid		: 4
initial apicid	: 4
fdiv_bug	: no
f00f_bug	: no
coma_bug	: no
fpu		: yes
fpu_exception	: yes
cpuid level	: 13
wp		: yes
flags		: fpu vme de pse tsc msr pae mce cx8 apic sep mtrr pge mca cmov pat pse36 clflush dts mmx fxsr sse sse2 ss nx rdtscp lm constant_tsc arch_perfmon pebs bts xtopology tsc_reliable nonstop_tsc aperfmperf pni pclmulqdq ssse3 cx16 pcid sse4_1 sse4_2 x2apic popcnt tsc_deadline_timer aes xsave avx f16c rdrand hypervisor lahf_lm ida arat epb pln pts dtherm fsgsbase tsc_adjust smep
bugs		:
bogomips	: 4988.22
clflush size	: 64
cache_alignment	: 64
address sizes	: 42 bits physical, 48 bits virtual
power management:

processor	: 3
vendor_id	: GenuineIntel
cpu family	: 6
model		: 58
model name	: Intel(R) Core(TM) i5-3210M CPU @ 2.50GHz
stepping	: 9
microcode	: 0x15
cpu MHz		: 2494.111
cache size	: 3072 KB
physical id	: 6
siblings	: 1
core id		: 0
cpu cores	: 1
apicid		: 6
initial apicid	: 6
fdiv_bug	: no
f00f_bug	: no
coma_bug	: no
fpu		: yes
fpu_exception	: yes
cpuid level	: 13
wp		: yes
flags		: fpu vme de pse tsc msr pae mce cx8 apic sep mtrr pge mca cmov pat pse36 clflush dts mmx fxsr sse sse2 ss nx rdtscp lm constant_tsc arch_perfmon pebs bts xtopology tsc_reliable nonstop_tsc aperfmperf pni pclmulqdq ssse3 cx16 pcid sse4_1 sse4_2 x2apic popcnt tsc_deadline_timer aes xsave avx f16c rdrand hypervisor lahf_lm ida arat epb pln pts dtherm fsgsbase tsc_adjust smep
bugs		:
bogomips	: 4988.22
clflush size	: 64
cache_alignment	: 64
address sizes	: 42 bits physical, 48 bits virtual
power management:



Memory: 4k page, physical 4139540k(235324k free), swap 0k(0k free)

vm_info: OpenJDK Server VM (24.91-b01) for linux-x86 JRE (1.7.0_91-b02), built on Nov 19 2015 06:25:06 by "buildd" with gcc 4.9.2

time: Tue May  3 16:14:54 2016
elapsed time: 20 seconds

