#
# There is insufficient memory for the Java Runtime Environment to continue.
# Native memory allocation (malloc) failed to allocate 76546048 bytes for committing reserved memory.
# Possible reasons:
#   The system is out of physical RAM or swap space
#   In 32 bit mode, the process size limit was hit
# Possible solutions:
#   Reduce memory load on the system
#   Increase physical memory or swap space
#   Check if swap backing store is full
#   Use 64 bit Java on a 64 bit OS
#   Decrease Java heap size (-Xmx/-Xms)
#   Decrease number of Java threads
#   Decrease Java thread stack sizes (-Xss)
#   Set larger code cache with -XX:ReservedCodeCacheSize=
# This output file may be truncated or incomplete.
#
#  Out of Memory Error (os_linux.cpp:2827), pid=3153, tid=1740430144
#
# JRE version: OpenJDK Runtime Environment (7.0_91-b02) (build 1.7.0_91-b02)
# Java VM: OpenJDK Server VM (24.91-b01 mixed mode linux-x86 )
# Derivative: IcedTea 2.6.3
# Distribution: Ubuntu 15.04, package 7u91-2.6.3-0ubuntu0.15.04.1
# Failed to write core dump. Core dumps have been disabled. To enable core dumping, try "ulimit -c unlimited" before starting Java again
#

---------------  T H R E A D  ---------------

Current thread (0x67a81400):  VMThread [stack: 0x67b4d000,0x67bce000] [id=3162]

Stack: [0x67b4d000,0x67bce000]
VM_Operation (0x66963a94): ParallelGCFailedAllocation, mode: safepoint, requested by thread 0x67153800


---------------  P R O C E S S  ---------------

Java Threads: ( => current thread )
  0x67154800 JavaThread "pool-2-thread-4" [_thread_blocked, id=3174, stack(0x668c3000,0x66914000)]
  0x67153800 JavaThread "pool-2-thread-3" [_thread_blocked, id=3173, stack(0x66914000,0x66965000)]
  0x67152400 JavaThread "pool-2-thread-2" [_thread_blocked, id=3172, stack(0x66965000,0x669b6000)]
  0x67150000 JavaThread "pool-3-thread-1" [_thread_blocked, id=3171, stack(0x669b6000,0x66a07000)]
  0x6714f000 JavaThread "pool-2-thread-1" [_thread_blocked, id=3170, stack(0x66a07000,0x66a58000)]
  0x67aed800 JavaThread "Service Thread" daemon [_thread_blocked, id=3168, stack(0x67311000,0x67362000)]
  0x67aebc00 JavaThread "C2 CompilerThread1" daemon [_thread_blocked, id=3167, stack(0x67362000,0x673e3000)]
  0x67aea400 JavaThread "C2 CompilerThread0" daemon [_thread_blocked, id=3166, stack(0x673e3000,0x67464000)]
  0x67a97400 JavaThread "Signal Dispatcher" daemon [_thread_blocked, id=3165, stack(0x675af000,0x67600000)]
  0x67a85800 JavaThread "Finalizer" daemon [_thread_blocked, id=3164, stack(0x6a72e000,0x6a77f000)]
  0x67a83c00 JavaThread "Reference Handler" daemon [_thread_blocked, id=3163, stack(0x6a92e000,0x6a97f000)]
  0xb6308400 JavaThread "main" [_thread_blocked, id=3154, stack(0xb641a000,0xb646b000)]

Other Threads:
=>0x67a81400 VMThread [stack: 0x67b4d000,0x67bce000] [id=3162]
  0x67aef800 WatcherThread [stack: 0x67290000,0x67311000] [id=3169]

VM state:at safepoint (normal execution)

VM Mutex/Monitor currently owned by a thread:  ([mutex/lock_event])
[0xb6305908] ExpandHeap_lock - owner thread: 0x67a81400
[0xb6305e50] Threads_lock - owner thread: 0x67a81400
[0xb6306260] Heap_lock - owner thread: 0x67153800

Heap
 PSYoungGen      total 260096K, used 15549K [0x9dc40000, 0xb31c0000, 0xb31c0000)
  eden space 221696K, 0% used [0x9dc40000,0x9dc40000,0xab4c0000)
  from space 38400K, 40% used [0xab4c0000,0xac3ef5b8,0xada40000)
  to   space 54272K, 0% used [0xafcc0000,0xafcc0000,0xb31c0000)
 ParOldGen       total 130048K, used 129989K [0x731c0000, 0x7b0c0000, 0x9dc40000)
  object space 130048K, 99% used [0x731c0000,0x7b0b1798,0x7b0c0000)
 PSPermGen       total 16384K, used 4414K [0x6b1c0000, 0x6c1c0000, 0x731c0000)
  object space 16384K, 26% used [0x6b1c0000,0x6b60fac8,0x6c1c0000)

Card table byte_map: [0x6af7f000,0x6b1c0000] byte_map_base: 0x6ac26200

Polling page: 0xb77a1000

Code Cache  [0xb3281000, 0xb3641000, 0xb6281000)
 total_blobs=1216 nmethods=1093 adapters=76 free_code_cache=45390Kb largest_free_block=46421824

Compilation events (10 events):
Event: 13.692 Thread 0x67aea400 1118             com.android.dx.ssa.SsaMethod::setBackMode (16 bytes)
Event: 13.692 Thread 0x67aea400 nmethod 1118 0xb3606408 code [0xb36064e0, 0xb3606530]
Event: 13.696 Thread 0x67aebc00 1119             com.android.dx.cf.code.Simulator$SimVisitor::visitNoArgs (2108 bytes)
Event: 13.745 Thread 0x67aea400 1120             com.android.dx.rop.code.ThrowingInsn::accept (8 bytes)
Event: 13.745 Thread 0x67aea400 nmethod 1120 0xb36061c8 code [0xb36062c0, 0xb3606310]
Event: 13.766 Thread 0x67aea400 1121             java.util.concurrent.ThreadPoolExecutor::workerCountOf (5 bytes)
Event: 13.766 Thread 0x67aea400 nmethod 1121 0xb3367508 code [0xb33675e0, 0xb3367610]
Event: 13.767 Thread 0x67aea400 1122             com.android.dx.ssa.LiteralOpUpgrader::access$000 (6 bytes)
Event: 13.768 Thread 0x67aea400 nmethod 1122 0xb3606dc8 code [0xb3606ec0, 0xb3606f1c]
Event: 13.806 Thread 0x67aebc00 nmethod 1119 0xb3630b88 code [0xb3631a40, 0xb36352cc]

GC Heap History (10 events):
Event: 9.347 GC heap after
Heap after GC invocations=11 (full 1):
 PSYoungGen      total 187904K, used 18894K [0x9dc40000, 0xacd00000, 0xb31c0000)
  eden space 168960K, 0% used [0x9dc40000,0x9dc40000,0xa8140000)
  from space 18944K, 99% used [0xaba80000,0xaccf38b0,0xacd00000)
  to   space 30976K, 0% used [0xa9080000,0xa9080000,0xaaec0000)
 ParOldGen       total 76800K, used 43659K [0x731c0000, 0x77cc0000, 0x9dc40000)
  object space 76800K, 56% used [0x731c0000,0x75c62d40,0x77cc0000)
 PSPermGen       total 16384K, used 4374K [0x6b1c0000, 0x6c1c0000, 0x731c0000)
  object space 16384K, 26% used [0x6b1c0000,0x6b605a50,0x6c1c0000)
}
Event: 10.716 GC heap before
{Heap before GC invocations=12 (full 1):
 PSYoungGen      total 187904K, used 187854K [0x9dc40000, 0xacd00000, 0xb31c0000)
  eden space 168960K, 100% used [0x9dc40000,0xa8140000,0xa8140000)
  from space 18944K, 99% used [0xaba80000,0xaccf38b0,0xacd00000)
  to   space 30976K, 0% used [0xa9080000,0xa9080000,0xaaec0000)
 ParOldGen       total 76800K, used 43659K [0x731c0000, 0x77cc0000, 0x9dc40000)
  object space 76800K, 56% used [0x731c0000,0x75c62d40,0x77cc0000)
 PSPermGen       total 16384K, used 4385K [0x6b1c0000, 0x6c1c0000, 0x731c0000)
  object space 16384K, 26% used [0x6b1c0000,0x6b608490,0x6c1c0000)
Event: 10.800 GC heap after
Heap after GC invocations=12 (full 1):
 PSYoungGen      total 215552K, used 25502K [0x9dc40000, 0xaff40000, 0xb31c0000)
  eden space 184576K, 0% used [0x9dc40000,0x9dc40000,0xa9080000)
  from space 30976K, 82% used [0xa9080000,0xaa967ba0,0xaaec0000)
  to   space 34304K, 0% used [0xaddc0000,0xaddc0000,0xaff40000)
 ParOldGen       total 76800K, used 61968K [0x731c0000, 0x77cc0000, 0x9dc40000)
  object space 76800K, 80% used [0x731c0000,0x76e44268,0x77cc0000)
 PSPermGen       total 16384K, used 4385K [0x6b1c0000, 0x6c1c0000, 0x731c0000)
  object space 16384K, 26% used [0x6b1c0000,0x6b608490,0x6c1c0000)
}
Event: 10.800 GC heap before
{Heap before GC invocations=13 (full 2):
 PSYoungGen      total 215552K, used 25502K [0x9dc40000, 0xaff40000, 0xb31c0000)
  eden space 184576K, 0% used [0x9dc40000,0x9dc40000,0xa9080000)
  from space 30976K, 82% used [0xa9080000,0xaa967ba0,0xaaec0000)
  to   space 34304K, 0% used [0xaddc0000,0xaddc0000,0xaff40000)
 ParOldGen       total 76800K, used 61968K [0x731c0000, 0x77cc0000, 0x9dc40000)
  object space 76800K, 80% used [0x731c0000,0x76e44268,0x77cc0000)
 PSPermGen       total 16384K, used 4385K [0x6b1c0000, 0x6c1c0000, 0x731c0000)
  object space 16384K, 26% used [0x6b1c0000,0x6b608490,0x6c1c0000)
Event: 11.519 GC heap after
Heap after GC invocations=13 (full 2):
 PSYoungGen      total 215552K, used 7931K [0x9dc40000, 0xaff40000, 0xb31c0000)
  eden space 184576K, 0% used [0x9dc40000,0x9dc40000,0xa9080000)
  from space 30976K, 25% used [0xa9080000,0xa983ec70,0xaaec0000)
  to   space 34304K, 0% used [0xaddc0000,0xaddc0000,0xaff40000)
 ParOldGen       total 130048K, used 76693K [0x731c0000, 0x7b0c0000, 0x9dc40000)
  object space 130048K, 58% used [0x731c0000,0x77ca5698,0x7b0c0000)
 PSPermGen       total 16384K, used 4384K [0x6b1c0000, 0x6c1c0000, 0x731c0000)
  object space 16384K, 26% used [0x6b1c0000,0x6b608310,0x6c1c0000)
}
Event: 12.862 GC heap before
{Heap before GC invocations=14 (full 2):
 PSYoungGen      total 215552K, used 192507K [0x9dc40000, 0xaff40000, 0xb31c0000)
  eden space 184576K, 100% used [0x9dc40000,0xa9080000,0xa9080000)
  from space 30976K, 25% used [0xa9080000,0xa983ec70,0xaaec0000)
  to   space 34304K, 0% used [0xaddc0000,0xaddc0000,0xaff40000)
 ParOldGen       total 130048K, used 76693K [0x731c0000, 0x7b0c0000, 0x9dc40000)
  object space 130048K, 58% used [0x731c0000,0x77ca5698,0x7b0c0000)
 PSPermGen       total 16384K, used 4400K [0x6b1c0000, 0x6c1c0000, 0x731c0000)
  object space 16384K, 26% used [0x6b1c0000,0x6b60c1d8,0x6c1c0000)
Event: 12.966 GC heap after
Heap after GC invocations=14 (full 2):
 PSYoungGen      total 256000K, used 29804K [0x9dc40000, 0xaffc0000, 0xb31c0000)
  eden space 221696K, 0% used [0x9dc40000,0x9dc40000,0xab4c0000)
  from space 34304K, 86% used [0xaddc0000,0xafadb0a0,0xaff40000)
  to   space 38400K, 0% used [0xab4c0000,0xab4c0000,0xada40000)
 ParOldGen       total 130048K, used 83796K [0x731c0000, 0x7b0c0000, 0x9dc40000)
  object space 130048K, 64% used [0x731c0000,0x78395110,0x7b0c0000)
 PSPermGen       total 16384K, used 4400K [0x6b1c0000, 0x6c1c0000, 0x731c0000)
  object space 16384K, 26% used [0x6b1c0000,0x6b60c1d8,0x6c1c0000)
}
Event: 13.816 GC heap before
{Heap before GC invocations=15 (full 2):
 PSYoungGen      total 256000K, used 251500K [0x9dc40000, 0xaffc0000, 0xb31c0000)
  eden space 221696K, 100% used [0x9dc40000,0xab4c0000,0xab4c0000)
  from space 34304K, 86% used [0xaddc0000,0xafadb0a0,0xaff40000)
  to   space 38400K, 0% used [0xab4c0000,0xab4c0000,0xada40000)
 ParOldGen       total 130048K, used 83796K [0x731c0000, 0x7b0c0000, 0x9dc40000)
  object space 130048K, 64% used [0x731c0000,0x78395110,0x7b0c0000)
 PSPermGen       total 16384K, used 4415K [0x6b1c0000, 0x6c1c0000, 0x731c0000)
  object space 16384K, 26% used [0x6b1c0000,0x6b60fca8,0x6c1c0000)
Event: 13.930 GC heap after
Heap after GC invocations=15 (full 2):
 PSYoungGen      total 260096K, used 38399K [0x9dc40000, 0xb31c0000, 0xb31c0000)
  eden space 221696K, 0% used [0x9dc40000,0x9dc40000,0xab4c0000)
  from space 38400K, 99% used [0xab4c0000,0xada3ff00,0xada40000)
  to   space 54272K, 0% used [0xafcc0000,0xafcc0000,0xb31c0000)
 ParOldGen       total 130048K, used 108923K [0x731c0000, 0x7b0c0000, 0x9dc40000)
  object space 130048K, 83% used [0x731c0000,0x79c1ed00,0x7b0c0000)
 PSPermGen       total 16384K, used 4415K [0x6b1c0000, 0x6c1c0000, 0x731c0000)
  object space 16384K, 26% used [0x6b1c0000,0x6b60fca8,0x6c1c0000)
}
Event: 13.930 GC heap before
{Heap before GC invocations=16 (full 3):
 PSYoungGen      total 260096K, used 38399K [0x9dc40000, 0xb31c0000, 0xb31c0000)
  eden space 221696K, 0% used [0x9dc40000,0x9dc40000,0xab4c0000)
  from space 38400K, 99% used [0xab4c0000,0xada3ff00,0xada40000)
  to   space 54272K, 0% used [0xafcc0000,0xafcc0000,0xb31c0000)
 ParOldGen       total 130048K, used 108923K [0x731c0000, 0x7b0c0000, 0x9dc40000)
  object space 130048K, 83% used [0x731c0000,0x79c1ed00,0x7b0c0000)
 PSPermGen       total 16384K, used 4415K [0x6b1c0000, 0x6c1c0000, 0x731c0000)
  object space 16384K, 26% used [0x6b1c0000,0x6b60fca8,0x6c1c0000)

Deoptimization events (10 events):
Event: 12.466 Thread 0xb6308400 Uncommon trap: reason=bimorphic action=maybe_recompile pc=0xb33f3868 method=com.android.dx.ssa.LiteralOpUpgrader.tryReplacingWithConstant(Lcom/android/dx/ssa/NormalSsaInsn;)Z @ 62
Event: 12.466 Thread 0xb6308400 Uncommon trap: reason=unstable_if action=reinterpret pc=0xb344e15c method=com.android.dx.ssa.LiteralOpUpgrader$1.visitNonMoveInsn(Lcom/android/dx/ssa/NormalSsaInsn;)V @ 24
Event: 12.469 Thread 0xb6308400 Uncommon trap: reason=bimorphic action=maybe_recompile pc=0xb33f3868 method=com.android.dx.ssa.LiteralOpUpgrader.tryReplacingWithConstant(Lcom/android/dx/ssa/NormalSsaInsn;)Z @ 62
Event: 12.548 Thread 0x67154800 Uncommon trap: reason=unstable_if action=reinterpret pc=0xb32f1204 method=com.android.dx.ssa.MoveParamCombiner$1.visitNonMoveInsn(Lcom/android/dx/ssa/NormalSsaInsn;)V @ 27
Event: 13.365 Thread 0x67152400 Uncommon trap: reason=bimorphic action=maybe_recompile pc=0xb351b94c method=com.android.dx.rop.code.RegisterSpec.getFrameType()Lcom/android/dx/rop/type/TypeBearer; @ 4
Event: 13.695 Thread 0x67152400 Uncommon trap: reason=bimorphic action=maybe_recompile pc=0xb33f3868 method=com.android.dx.ssa.LiteralOpUpgrader.tryReplacingWithConstant(Lcom/android/dx/ssa/NormalSsaInsn;)Z @ 62
Event: 13.720 Thread 0x67152400 Uncommon trap: reason=class_check action=maybe_recompile pc=0xb3416ee0 method=com.android.dx.ssa.SCCP.replaceConstants()V @ 182
Event: 13.724 Thread 0x67152400 Uncommon trap: reason=class_check action=maybe_recompile pc=0xb3416ee0 method=com.android.dx.ssa.SCCP.replaceConstants()V @ 182
Event: 13.756 Thread 0x67154800 Uncommon trap: reason=bimorphic action=maybe_recompile pc=0xb33f3868 method=com.android.dx.ssa.LiteralOpUpgrader.tryReplacingWithConstant(Lcom/android/dx/ssa/NormalSsaInsn;)Z @ 62
Event: 13.772 Thread 0x67154800 Uncommon trap: reason=unstable_if action=reinterpret pc=0xb3613340 method=com.android.dx.dex.cf.CfTranslator.processMethods(Lcom/android/dx/cf/direct/DirectClassFile;Lcom/android/dx/dex/cf/CfOptions;Lcom/android/dx/dex/DexOptions;Lcom/android/dx/dex/file/

Internal exceptions (10 events):
Event: 2.763 Thread 0x67153800 Implicit null exception at 0xb333af75 to 0xb333b9e1
Event: 2.765 Thread 0x67153800 Implicit null exception at 0xb333fe59 to 0xb333ff55
Event: 2.766 Thread 0x67153800 Implicit null exception at 0xb3336231 to 0xb33363d5
Event: 3.054 Thread 0x6714f000 Threw 0x9fc7d2a0 at /build/openjdk-7-PdBaKN/openjdk-7-7u91-2.6.3/build/openjdk/hotspot/src/share/vm/prims/jvm.cpp:1322
Event: 3.859 Thread 0xb6308400 Threw 0x9feba418 at /build/openjdk-7-PdBaKN/openjdk-7-7u91-2.6.3/build/openjdk/hotspot/src/share/vm/prims/jvm.cpp:1322
Event: 4.717 Thread 0xb6308400 Threw 0x9e4a15a0 at /build/openjdk-7-PdBaKN/openjdk-7-7u91-2.6.3/build/openjdk/hotspot/src/share/vm/prims/jvm.cpp:1322
Event: 5.242 Thread 0x67153800 Threw 0xa0190fa0 at /build/openjdk-7-PdBaKN/openjdk-7-7u91-2.6.3/build/openjdk/hotspot/src/share/vm/prims/jvm.cpp:1322
Event: 9.164 Thread 0xb6308400 Threw 0xa25f7750 at /build/openjdk-7-PdBaKN/openjdk-7-7u91-2.6.3/build/openjdk/hotspot/src/share/vm/prims/jvm.cpp:1322
Event: 11.988 Thread 0x67152400 Implicit null exception at 0xb3575e70 to 0xb3578a19
Event: 13.024 Thread 0x67154800 Threw 0x9e8a1628 at /build/openjdk-7-PdBaKN/openjdk-7-7u91-2.6.3/build/openjdk/hotspot/src/share/vm/prims/jvm.cpp:1322

Events (10 events):
Event: 13.724 Thread 0x67152400 Uncommon trap: trap_request=0xffffffde fr.pc=0xb3416ee0
Event: 13.724 Thread 0x67152400 DEOPT PACKING pc=0xb3416ee0 sp=0x669b4bb0
Event: 13.724 Thread 0x67152400 DEOPT UNPACKING pc=0xb32adbc8 sp=0x669b4b7c mode 2
Event: 13.756 Thread 0x67154800 Uncommon trap: trap_request=0xffffffc6 fr.pc=0xb33f3868
Event: 13.756 Thread 0x67154800 DEOPT PACKING pc=0xb33f3868 sp=0x66912bb0
Event: 13.757 Thread 0x67154800 DEOPT UNPACKING pc=0xb32adbc8 sp=0x66912b60 mode 2
Event: 13.772 Thread 0x67154800 Uncommon trap: trap_request=0xffffff75 fr.pc=0xb3613340
Event: 13.772 Thread 0x67154800 DEOPT PACKING pc=0xb3613340 sp=0x66912cb0
Event: 13.772 Thread 0x67154800 DEOPT UNPACKING pc=0xb32adbc8 sp=0x66912cd0 mode 2
Event: 13.813 Executing VM operation: ParallelGCFailedAllocation


Dynamic libraries:
08048000-08049000 r-xp 00000000 08:01 804961     /usr/lib/jvm/java-7-openjdk-i386/jre/bin/java
08049000-0804a000 r--p 00000000 08:01 804961     /usr/lib/jvm/java-7-openjdk-i386/jre/bin/java
0804a000-0804b000 rw-p 00001000 08:01 804961     /usr/lib/jvm/java-7-openjdk-i386/jre/bin/java
092ad000-09393000 rw-p 00000000 00:00 0          [heap]
64600000-646de000 rw-p 00000000 00:00 0 
646de000-64700000 ---p 00000000 00:00 0 
64800000-64a00000 rw-p 00000000 00:00 0 
64a00000-64ad4000 rw-p 00000000 00:00 0 
64ad4000-64b00000 ---p 00000000 00:00 0 
64b00000-64c00000 rw-p 00000000 00:00 0 
64c00000-64d00000 rw-p 00000000 00:00 0 
64e00000-64ed6000 rw-p 00000000 00:00 0 
64ed6000-64f00000 ---p 00000000 00:00 0 
65000000-650fa000 rw-p 00000000 00:00 0 
650fa000-65100000 ---p 00000000 00:00 0 
65100000-65200000 rw-p 00000000 00:00 0 
65200000-652fb000 rw-p 00000000 00:00 0 
652fb000-65300000 ---p 00000000 00:00 0 
65300000-653f9000 rw-p 00000000 00:00 0 
653f9000-65400000 ---p 00000000 00:00 0 
65400000-654fd000 rw-p 00000000 00:00 0 
654fd000-65500000 ---p 00000000 00:00 0 
65600000-656f9000 rw-p 00000000 00:00 0 
656f9000-65700000 ---p 00000000 00:00 0 
65700000-657f1000 rw-p 00000000 00:00 0 
657f1000-65800000 ---p 00000000 00:00 0 
65800000-658f9000 rw-p 00000000 00:00 0 
658f9000-65900000 ---p 00000000 00:00 0 
65900000-659f9000 rw-p 00000000 00:00 0 
659f9000-65a00000 ---p 00000000 00:00 0 
65b00000-65bec000 rw-p 00000000 00:00 0 
65bec000-65c00000 ---p 00000000 00:00 0 
65c00000-65cff000 rw-p 00000000 00:00 0 
65cff000-65d00000 ---p 00000000 00:00 0 
65d00000-65de9000 rw-p 00000000 00:00 0 
65de9000-65e00000 ---p 00000000 00:00 0 
65f00000-65ffe000 rw-p 00000000 00:00 0 
65ffe000-66000000 ---p 00000000 00:00 0 
66000000-660fc000 rw-p 00000000 00:00 0 
660fc000-66100000 ---p 00000000 00:00 0 
66100000-661fb000 rw-p 00000000 00:00 0 
661fb000-66200000 ---p 00000000 00:00 0 
66200000-662fe000 rw-p 00000000 00:00 0 
662fe000-66300000 ---p 00000000 00:00 0 
66300000-663fa000 rw-p 00000000 00:00 0 
663fa000-66400000 ---p 00000000 00:00 0 
66500000-66600000 rw-p 00000000 00:00 0 
66700000-667f7000 rw-p 00000000 00:00 0 
667f7000-66800000 ---p 00000000 00:00 0 
668c3000-668c6000 ---p 00000000 00:00 0 
668c6000-66914000 rw-p 00000000 00:00 0          [stack:3174]
66914000-66917000 ---p 00000000 00:00 0 
66917000-66965000 rw-p 00000000 00:00 0          [stack:3173]
66965000-66968000 ---p 00000000 00:00 0 
66968000-669b6000 rw-p 00000000 00:00 0          [stack:3172]
669b6000-669b9000 ---p 00000000 00:00 0 
669b9000-66a07000 rw-p 00000000 00:00 0          [stack:3171]
66a07000-66a0a000 ---p 00000000 00:00 0 
66a0a000-66c19000 rw-p 00000000 00:00 0          [stack:3170]
66c19000-66d3f000 r-xp 00000000 08:01 394573     /lib/i386-linux-gnu/libglib-2.0.so.0.4400.0
66d3f000-66d40000 r--p 00125000 08:01 394573     /lib/i386-linux-gnu/libglib-2.0.so.0.4400.0
66d40000-66d41000 rw-p 00126000 08:01 394573     /lib/i386-linux-gnu/libglib-2.0.so.0.4400.0
66d41000-66efa000 r-xp 00000000 08:01 137357     /usr/lib/i386-linux-gnu/libgio-2.0.so.0.4400.0
66efa000-66efd000 r--p 001b8000 08:01 137357     /usr/lib/i386-linux-gnu/libgio-2.0.so.0.4400.0
66efd000-66eff000 rw-p 001bb000 08:01 137357     /usr/lib/i386-linux-gnu/libgio-2.0.so.0.4400.0
66eff000-66f00000 rw-p 00000000 00:00 0 
66f00000-66fff000 rw-p 00000000 00:00 0 
66fff000-67000000 ---p 00000000 00:00 0 
67031000-670a1000 r-xp 00000000 08:01 394656     /lib/i386-linux-gnu/libpcre.so.3.13.1
670a1000-670a2000 r--p 0006f000 08:01 394656     /lib/i386-linux-gnu/libpcre.so.3.13.1
670a2000-670a3000 rw-p 00070000 08:01 394656     /lib/i386-linux-gnu/libpcre.so.3.13.1
670a3000-670fe000 r-xp 00000000 08:01 137385     /usr/lib/i386-linux-gnu/libgobject-2.0.so.0.4400.0
670fe000-670ff000 r--p 0005b000 08:01 137385     /usr/lib/i386-linux-gnu/libgobject-2.0.so.0.4400.0
670ff000-67100000 rw-p 0005c000 08:01 137385     /usr/lib/i386-linux-gnu/libgobject-2.0.so.0.4400.0
67100000-671a9000 rw-p 00000000 00:00 0 
671a9000-67200000 ---p 00000000 00:00 0 
67229000-6723d000 r-xp 00000000 08:01 394679     /lib/i386-linux-gnu/libresolv-2.21.so
6723d000-6723f000 r--p 00013000 08:01 394679     /lib/i386-linux-gnu/libresolv-2.21.so
6723f000-67240000 rw-p 00015000 08:01 394679     /lib/i386-linux-gnu/libresolv-2.21.so
67240000-67242000 rw-p 00000000 00:00 0 
67242000-67290000 r--s 00366000 08:01 945545     /home/student/test/HealthyBit/app/build/intermediates/transforms/jarMerging/debug/jars/1/1f/combined.jar
67290000-67291000 ---p 00000000 00:00 0 
67291000-67311000 rw-p 00000000 00:00 0          [stack:3169]
67311000-67314000 ---p 00000000 00:00 0 
67314000-67362000 rw-p 00000000 00:00 0          [stack:3168]
67362000-67365000 ---p 00000000 00:00 0 
67365000-673e3000 rw-p 00000000 00:00 0          [stack:3167]
673e3000-673e6000 ---p 00000000 00:00 0 
673e6000-67464000 rw-p 00000000 00:00 0          [stack:3166]
67464000-675ab000 r-xp 00000000 08:01 136931     /usr/lib/i386-linux-gnu/libX11.so.6.3.0
675ab000-675ac000 r--p 00146000 08:01 136931     /usr/lib/i386-linux-gnu/libX11.so.6.3.0
675ac000-675ae000 rw-p 00147000 08:01 136931     /usr/lib/i386-linux-gnu/libX11.so.6.3.0
675ae000-675af000 rw-p 00000000 00:00 0 
675af000-675b2000 ---p 00000000 00:00 0 
675b2000-67600000 rw-p 00000000 00:00 0          [stack:3165]
67600000-67800000 r--p 00000000 08:01 143362     /usr/lib/locale/locale-archive
67800000-67900000 rw-p 00000000 00:00 0 
67900000-67928000 rw-p 00000000 00:00 0 
67928000-67a00000 ---p 00000000 00:00 0 
67a00000-67b00000 rw-p 00000000 00:00 0 
67b05000-67b0c000 r-xp 00000000 08:01 137254     /usr/lib/i386-linux-gnu/libffi.so.6.0.4
67b0c000-67b0e000 r--p 00006000 08:01 137254     /usr/lib/i386-linux-gnu/libffi.so.6.0.4
67b0e000-67b0f000 rw-p 00008000 08:01 137254     /usr/lib/i386-linux-gnu/libffi.so.6.0.4
67b0f000-67b33000 r-xp 00000000 08:01 394683     /lib/i386-linux-gnu/libselinux.so.1
67b33000-67b34000 r--p 00024000 08:01 394683     /lib/i386-linux-gnu/libselinux.so.1
67b34000-67b35000 rw-p 00025000 08:01 394683     /lib/i386-linux-gnu/libselinux.so.1
67b35000-67b36000 rw-p 00000000 00:00 0 
67b4d000-67b4e000 ---p 00000000 00:00 0 
67b4e000-67bce000 rw-p 00000000 00:00 0          [stack:3162]
67bce000-67d80000 r--s 01d2e000 08:01 804984     /usr/lib/jvm/java-7-openjdk-i386/jre/lib/rt.jar
67d80000-6a600000 rw-p 00000000 00:00 0 
6a600000-6a6f3000 rw-p 00000000 00:00 0 
6a6f3000-6a700000 ---p 00000000 00:00 0 
6a707000-6a70a000 r-xp 00000000 08:01 137371     /usr/lib/i386-linux-gnu/libgmodule-2.0.so.0.4400.0
6a70a000-6a70b000 r--p 00002000 08:01 137371     /usr/lib/i386-linux-gnu/libgmodule-2.0.so.0.4400.0
6a70b000-6a70c000 rw-p 00003000 08:01 137371     /usr/lib/i386-linux-gnu/libgmodule-2.0.so.0.4400.0
6a70c000-6a72c000 r-xp 00000000 08:01 138125     /usr/lib/i386-linux-gnu/libxcb.so.1.1.0
6a72c000-6a72d000 r--p 0001f000 08:01 138125     /usr/lib/i386-linux-gnu/libxcb.so.1.1.0
6a72d000-6a72e000 rw-p 00020000 08:01 138125     /usr/lib/i386-linux-gnu/libxcb.so.1.1.0
6a72e000-6a731000 ---p 00000000 00:00 0 
6a731000-6a77f000 rw-p 00000000 00:00 0          [stack:3164]
6a77f000-6a780000 ---p 00000000 00:00 0 
6a780000-6a800000 rw-p 00000000 00:00 0          [stack:3161]
6a800000-6a821000 rw-p 00000000 00:00 0 
6a821000-6a900000 ---p 00000000 00:00 0 
6a903000-6a91a000 r-xp 00000000 08:01 805027     /usr/lib/jvm/java-7-openjdk-i386/jre/lib/i386/libnet.so
6a91a000-6a91b000 r--p 00016000 08:01 805027     /usr/lib/jvm/java-7-openjdk-i386/jre/lib/i386/libnet.so
6a91b000-6a91c000 rw-p 00017000 08:01 805027     /usr/lib/jvm/java-7-openjdk-i386/jre/lib/i386/libnet.so
6a91c000-6a92c000 r-xp 00000000 08:01 804991     /usr/lib/jvm/java-7-openjdk-i386/jre/lib/i386/libnio.so
6a92c000-6a92d000 r--p 00010000 08:01 804991     /usr/lib/jvm/java-7-openjdk-i386/jre/lib/i386/libnio.so
6a92d000-6a92e000 rw-p 00011000 08:01 804991     /usr/lib/jvm/java-7-openjdk-i386/jre/lib/i386/libnio.so
6a92e000-6a931000 ---p 00000000 00:00 0 
6a931000-6a97f000 rw-p 00000000 00:00 0          [stack:3163]
6a97f000-6a980000 ---p 00000000 00:00 0 
6a980000-6aa00000 rw-p 00000000 00:00 0          [stack:3160]
6aa00000-6aa21000 rw-p 00000000 00:00 0 
6aa21000-6ab00000 ---p 00000000 00:00 0 
6ab02000-6ab07000 r-xp 00000000 08:01 136946     /usr/lib/i386-linux-gnu/libXdmcp.so.6.0.0
6ab07000-6ab08000 r--p 00004000 08:01 136946     /usr/lib/i386-linux-gnu/libXdmcp.so.6.0.0
6ab08000-6ab09000 rw-p 00005000 08:01 136946     /usr/lib/i386-linux-gnu/libXdmcp.so.6.0.0
6ab09000-6ab0b000 r-xp 00000000 08:01 136935     /usr/lib/i386-linux-gnu/libXau.so.6.0.0
6ab0b000-6ab0c000 r--p 00001000 08:01 136935     /usr/lib/i386-linux-gnu/libXau.so.6.0.0
6ab0c000-6ab0d000 rw-p 00002000 08:01 136935     /usr/lib/i386-linux-gnu/libXau.so.6.0.0
6ab0d000-6ab0f000 r-xp 00000000 08:01 141618     /usr/lib/jayatana/libjayatanaag.so
6ab0f000-6ab10000 r--p 00001000 08:01 141618     /usr/lib/jayatana/libjayatanaag.so
6ab10000-6ab11000 rw-p 00002000 08:01 141618     /usr/lib/jayatana/libjayatanaag.so
6ab11000-6ab20000 r--s 000df000 08:01 1062595    /home/student/Android/Sdk/build-tools/23.0.3/lib/dx.jar
6ab20000-6ab24000 r--s 00085000 08:01 804976     /usr/lib/jvm/java-7-openjdk-i386/jre/lib/ext/localedata.jar
6ab24000-6ab7f000 rw-p 00000000 00:00 0 
6ab7f000-6ab80000 ---p 00000000 00:00 0 
6ab80000-6ac00000 rw-p 00000000 00:00 0          [stack:3159]
6ac00000-6ac3c000 rw-p 00000000 00:00 0 
6ac3c000-6ad00000 ---p 00000000 00:00 0 
6ad00000-6ad04000 r--s 00034000 08:01 804978     /usr/lib/jvm/java-7-openjdk-i386/jre/lib/ext/sunjce_provider.jar
6ad04000-6ad68000 rw-p 00000000 00:00 0 
6ad68000-6ad69000 ---p 00000000 00:00 0 
6ad69000-6adf1000 rw-p 00000000 00:00 0          [stack:3158]
6adf1000-6ae29000 rw-p 00000000 00:00 0 
6ae29000-6ae69000 rw-p 00000000 00:00 0 
6ae69000-6af7f000 rw-p 00000000 00:00 0 
6af7f000-6af87000 rw-p 00000000 00:00 0 
6af87000-6afbf000 rw-p 00000000 00:00 0 
6afbf000-6afff000 rw-p 00000000 00:00 0 
6afff000-6b114000 rw-p 00000000 00:00 0 
6b114000-6b1bf000 rw-p 00000000 00:00 0 
6b1bf000-6c1c0000 rw-p 00000000 00:00 0 
6c1c0000-731c0000 rw-p 00000000 00:00 0 
731c0000-7b0c0000 rw-p 00000000 00:00 0 
7f9c0000-9dc40000 rw-p 00000000 00:00 0 
9dc40000-b31c0000 rw-p 00000000 00:00 0 
b31c1000-b31d0000 rw-p 00000000 00:00 0 
b31d0000-b3281000 rw-p 00000000 00:00 0 
b3281000-b3641000 rwxp 00000000 00:00 0 
b3641000-b6281000 rw-p 00000000 00:00 0 
b6281000-b628d000 r-xp 00000000 08:01 394626     /lib/i386-linux-gnu/libnss_files-2.21.so
b628d000-b628e000 r--p 0000b000 08:01 394626     /lib/i386-linux-gnu/libnss_files-2.21.so
b628e000-b628f000 rw-p 0000c000 08:01 394626     /lib/i386-linux-gnu/libnss_files-2.21.so
b628f000-b629a000 r-xp 00000000 08:01 394636     /lib/i386-linux-gnu/libnss_nis-2.21.so
b629a000-b629b000 r--p 0000a000 08:01 394636     /lib/i386-linux-gnu/libnss_nis-2.21.so
b629b000-b629c000 rw-p 0000b000 08:01 394636     /lib/i386-linux-gnu/libnss_nis-2.21.so
b629c000-b62b3000 r-xp 00000000 08:01 394620     /lib/i386-linux-gnu/libnsl-2.21.so
b62b3000-b62b4000 r--p 00016000 08:01 394620     /lib/i386-linux-gnu/libnsl-2.21.so
b62b4000-b62b5000 rw-p 00017000 08:01 394620     /lib/i386-linux-gnu/libnsl-2.21.so
b62b5000-b62b7000 rw-p 00000000 00:00 0 
b62b7000-b62bf000 r-xp 00000000 08:01 394622     /lib/i386-linux-gnu/libnss_compat-2.21.so
b62bf000-b62c0000 r--p 00007000 08:01 394622     /lib/i386-linux-gnu/libnss_compat-2.21.so
b62c0000-b62c1000 rw-p 00008000 08:01 394622     /lib/i386-linux-gnu/libnss_compat-2.21.so
b62c1000-b62c2000 r--s 00000000 08:01 414147     /usr/share/java/jayatanaag.jar
b62c2000-b62c6000 r--s 0003c000 08:01 804979     /usr/lib/jvm/java-7-openjdk-i386/jre/lib/ext/sunpkcs11.jar
b62c6000-b62ce000 r-xp 00000000 08:01 804995     /usr/lib/jvm/java-7-openjdk-i386/jre/lib/i386/libzip.so
b62ce000-b62cf000 r--p 00007000 08:01 804995     /usr/lib/jvm/java-7-openjdk-i386/jre/lib/i386/libzip.so
b62cf000-b62d0000 rw-p 00008000 08:01 804995     /usr/lib/jvm/java-7-openjdk-i386/jre/lib/i386/libzip.so
b62d0000-b62d8000 rw-s 00000000 08:01 429715     /tmp/hsperfdata_student/3153
b62d8000-b62fe000 r-xp 00000000 08:01 805003     /usr/lib/jvm/java-7-openjdk-i386/jre/lib/i386/libjava.so
b62fe000-b62ff000 r--p 00025000 08:01 805003     /usr/lib/jvm/java-7-openjdk-i386/jre/lib/i386/libjava.so
b62ff000-b6300000 rw-p 00026000 08:01 805003     /usr/lib/jvm/java-7-openjdk-i386/jre/lib/i386/libjava.so
b6300000-b6400000 rw-p 00000000 00:00 0 
b6400000-b6403000 r--s 0000f000 08:01 804977     /usr/lib/jvm/java-7-openjdk-i386/jre/lib/ext/icedtea-sound.jar
b6403000-b6405000 r--s 00012000 08:01 804975     /usr/lib/jvm/java-7-openjdk-i386/jre/lib/ext/zipfs.jar
b6405000-b640f000 r-xp 00000000 08:01 805017     /usr/lib/jvm/java-7-openjdk-i386/jre/lib/i386/libinstrument.so
b640f000-b6410000 r--p 00009000 08:01 805017     /usr/lib/jvm/java-7-openjdk-i386/jre/lib/i386/libinstrument.so
b6410000-b6411000 rw-p 0000a000 08:01 805017     /usr/lib/jvm/java-7-openjdk-i386/jre/lib/i386/libinstrument.so
b6411000-b6418000 r-xp 00000000 08:01 394681     /lib/i386-linux-gnu/librt-2.21.so
b6418000-b6419000 r--p 00006000 08:01 394681     /lib/i386-linux-gnu/librt-2.21.so
b6419000-b641a000 rw-p 00007000 08:01 394681     /lib/i386-linux-gnu/librt-2.21.so
b641a000-b641d000 ---p 00000000 00:00 0 
b641d000-b646b000 rw-p 00000000 00:00 0          [stack:3154]
b646b000-b6487000 r-xp 00000000 08:01 394569     /lib/i386-linux-gnu/libgcc_s.so.1
b6487000-b6488000 rw-p 0001b000 08:01 394569     /lib/i386-linux-gnu/libgcc_s.so.1
b6488000-b64d3000 r-xp 00000000 08:01 394599     /lib/i386-linux-gnu/libm-2.21.so
b64d3000-b64d4000 r--p 0004a000 08:01 394599     /lib/i386-linux-gnu/libm-2.21.so
b64d4000-b64d5000 rw-p 0004b000 08:01 394599     /lib/i386-linux-gnu/libm-2.21.so
b64d5000-b65be000 r-xp 00000000 08:01 137921     /usr/lib/i386-linux-gnu/libstdc++.so.6.0.20
b65be000-b65c2000 r--p 000e9000 08:01 137921     /usr/lib/i386-linux-gnu/libstdc++.so.6.0.20
b65c2000-b65c3000 rw-p 000ed000 08:01 137921     /usr/lib/i386-linux-gnu/libstdc++.so.6.0.20
b65c3000-b65ca000 rw-p 00000000 00:00 0 
b65ca000-b711d000 r-xp 00000000 08:01 805013     /usr/lib/jvm/java-7-openjdk-i386/jre/lib/i386/server/libjvm.so
b711d000-b7171000 r--p 00b52000 08:01 805013     /usr/lib/jvm/java-7-openjdk-i386/jre/lib/i386/server/libjvm.so
b7171000-b7185000 rw-p 00ba6000 08:01 805013     /usr/lib/jvm/java-7-openjdk-i386/jre/lib/i386/server/libjvm.so
b7185000-b75a4000 rw-p 00000000 00:00 0 
b75a4000-b75bd000 r-xp 00000000 08:01 394714     /lib/i386-linux-gnu/libz.so.1.2.8
b75bd000-b75be000 r--p 00019000 08:01 394714     /lib/i386-linux-gnu/libz.so.1.2.8
b75be000-b75bf000 rw-p 0001a000 08:01 394714     /lib/i386-linux-gnu/libz.so.1.2.8
b75bf000-b75d8000 r-xp 00000000 08:01 394673     /lib/i386-linux-gnu/libpthread-2.21.so
b75d8000-b75d9000 r--p 00018000 08:01 394673     /lib/i386-linux-gnu/libpthread-2.21.so
b75d9000-b75da000 rw-p 00019000 08:01 394673     /lib/i386-linux-gnu/libpthread-2.21.so
b75da000-b75dc000 rw-p 00000000 00:00 0 
b75dc000-b75df000 r-xp 00000000 08:01 394557     /lib/i386-linux-gnu/libdl-2.21.so
b75df000-b75e0000 r--p 00002000 08:01 394557     /lib/i386-linux-gnu/libdl-2.21.so
b75e0000-b75e1000 rw-p 00003000 08:01 394557     /lib/i386-linux-gnu/libdl-2.21.so
b75e1000-b7795000 r-xp 00000000 08:01 394540     /lib/i386-linux-gnu/libc-2.21.so
b7795000-b7798000 r--p 001b3000 08:01 394540     /lib/i386-linux-gnu/libc-2.21.so
b7798000-b779a000 rw-p 001b6000 08:01 394540     /lib/i386-linux-gnu/libc-2.21.so
b779a000-b779c000 rw-p 00000000 00:00 0 
b779c000-b779d000 r--s 00002000 08:01 804980     /usr/lib/jvm/java-7-openjdk-i386/jre/lib/ext/dnsns.jar
b779d000-b779f000 r--s 00006000 08:01 399091     /usr/share/java/java-atk-wrapper.jar
b779f000-b77a0000 r--p 005e0000 08:01 143362     /usr/lib/locale/locale-archive
b77a0000-b77a1000 rw-p 00000000 00:00 0 
b77a1000-b77a2000 ---p 00000000 00:00 0 
b77a2000-b77b0000 r-xp 00000000 08:01 805022     /usr/lib/jvm/java-7-openjdk-i386/jre/lib/i386/libverify.so
b77b0000-b77b2000 r--p 0000d000 08:01 805022     /usr/lib/jvm/java-7-openjdk-i386/jre/lib/i386/libverify.so
b77b2000-b77b3000 rw-p 0000f000 08:01 805022     /usr/lib/jvm/java-7-openjdk-i386/jre/lib/i386/libverify.so
b77b3000-b77bf000 r-xp 00000000 08:01 805024     /usr/lib/jvm/java-7-openjdk-i386/jre/lib/i386/jli/libjli.so
b77bf000-b77c0000 r--p 0000b000 08:01 805024     /usr/lib/jvm/java-7-openjdk-i386/jre/lib/i386/jli/libjli.so
b77c0000-b77c1000 rw-p 0000c000 08:01 805024     /usr/lib/jvm/java-7-openjdk-i386/jre/lib/i386/jli/libjli.so
b77c1000-b77c4000 rw-p 00000000 00:00 0 
b77c4000-b77c6000 r--p 00000000 00:00 0          [vvar]
b77c6000-b77c7000 r-xp 00000000 00:00 0          [vdso]
b77c7000-b77e9000 r-xp 00000000 08:01 394512     /lib/i386-linux-gnu/ld-2.21.so
b77e9000-b77ea000 r--p 00021000 08:01 394512     /lib/i386-linux-gnu/ld-2.21.so
b77ea000-b77eb000 rw-p 00022000 08:01 394512     /lib/i386-linux-gnu/ld-2.21.so
bff41000-bff42000 rwxp 00000000 00:00 0 
bff73000-bff95000 rw-p 00000000 00:00 0          [stack]

VM Arguments:
jvm_args: -javaagent:/usr/share/java/jayatanaag.jar -Djava.awt.headless=true -Xmx1024M -Dfile.encoding=UTF-8 -Duser.country=US -Duser.language=en -Duser.variant 
java_command: com.android.dx.command.Main --dex --num-threads=4 --multi-dex --main-dex-list /home/student/test/HealthyBit/app/build/intermediates/multi-dex/debug/maindexlist.txt --output /home/student/test/HealthyBit/app/build/intermediates/transforms/dex/debug/folders/1000/1f/main /home/student/test/HealthyBit/app/build/intermediates/transforms/jarMerging/debug/jars/1/1f/combined.jar
Launcher Type: SUN_STANDARD

Environment Variables:
JAVA_TOOL_OPTIONS=-javaagent:/usr/share/java/jayatanaag.jar 
PATH=/home/student/.linuxbrew/bin:/usr/local/sbin:/usr/local/bin:/usr/sbin:/usr/bin:/sbin:/bin:/usr/games:/usr/local/games:/etc/android-studio/bin/:/home/student/Android/Sdk/platform-tools:/home/student/Android/Sdk/tools
LD_LIBRARY_PATH=/etc/android-studio/bin:
SHELL=/bin/bash
DISPLAY=:0

Signal Handlers:
SIGSEGV: [libjvm.so+0x7f7d00], sa_mask[0]=0x7ffbfeff, sa_flags=0x10000004
SIGBUS: [libjvm.so+0x7f7d00], sa_mask[0]=0x7ffbfeff, sa_flags=0x10000004
SIGFPE: [libjvm.so+0x67a9d0], sa_mask[0]=0x7ffbfeff, sa_flags=0x10000004
SIGPIPE: [libjvm.so+0x67a9d0], sa_mask[0]=0x7ffbfeff, sa_flags=0x10000004
SIGXFSZ: [libjvm.so+0x67a9d0], sa_mask[0]=0x7ffbfeff, sa_flags=0x10000004
SIGILL: [libjvm.so+0x67a9d0], sa_mask[0]=0x7ffbfeff, sa_flags=0x10000004
SIGUSR1: SIG_DFL, sa_mask[0]=0x00000000, sa_flags=0x00000000
SIGUSR2: [libjvm.so+0x67a820], sa_mask[0]=0x00000004, sa_flags=0x10000004
SIGHUP: [libjvm.so+0x67aa80], sa_mask[0]=0x7ffbfeff, sa_flags=0x10000004
SIGINT: [libjvm.so+0x67aa80], sa_mask[0]=0x7ffbfeff, sa_flags=0x10000004
SIGTERM: [libjvm.so+0x67aa80], sa_mask[0]=0x7ffbfeff, sa_flags=0x10000004
SIGQUIT: [libjvm.so+0x67aa80], sa_mask[0]=0x7ffbfeff, sa_flags=0x10000004
SIGTRAP: SIG_DFL, sa_mask[0]=0x00000000, sa_flags=0x00000000


---------------  S Y S T E M  ---------------

OS:Ubuntu 15.04 (vivid)
uname:Linux 3.19.0-18-generic #18-Ubuntu SMP Tue May 19 18:30:59 UTC 2015 i686
libc:glibc 2.21 NPTL 2.21 
rlimit: STACK 8192k, CORE 0k, NPROC 32177, NOFILE 65536, AS infinity
load average:1.84 1.71 1.45

/proc/meminfo:
MemTotal:        4139540 kB
MemFree:          271500 kB
MemAvailable:     202600 kB
Buffers:            7440 kB
Cached:            59516 kB
SwapCached:            0 kB
Active:          3468544 kB
Inactive:          50796 kB
Active(anon):    3453544 kB
Inactive(anon):    37776 kB
Active(file):      15000 kB
Inactive(file):    13020 kB
Unevictable:          32 kB
Mlocked:              32 kB
HighTotal:       3280776 kB
HighFree:          81612 kB
LowTotal:         858764 kB
LowFree:          189888 kB
SwapTotal:             0 kB
SwapFree:              0 kB
Dirty:               144 kB
Writeback:             0 kB
AnonPages:       3452276 kB
Mapped:            42036 kB
Shmem:             38948 kB
Slab:              49144 kB
SReclaimable:      23496 kB
SUnreclaim:        25648 kB
KernelStack:        5064 kB
PageTables:        14712 kB
NFS_Unstable:          0 kB
Bounce:                0 kB
WritebackTmp:          0 kB
CommitLimit:     2069768 kB
Committed_AS:    6019392 kB
VmallocTotal:     122880 kB
VmallocUsed:       23416 kB
VmallocChunk:      49124 kB
AnonHugePages:   2578432 kB
CmaTotal:              0 kB
CmaFree:               0 kB
HugePages_Total:       0
HugePages_Free:        0
HugePages_Rsvd:        0
HugePages_Surp:        0
Hugepagesize:       2048 kB
DirectMap4k:       61432 kB
DirectMap2M:      851968 kB


CPU:total 4 (1 cores per cpu, 1 threads per core) family 6 model 58 stepping 9, cmov, cx8, fxsr, mmx, sse, sse2, sse3, ssse3, sse4.1, sse4.2, popcnt, avx, aes, erms, tsc, tscinvbit, tscinv

/proc/cpuinfo:
processor	: 0
vendor_id	: GenuineIntel
cpu family	: 6
model		: 58
model name	: Intel(R) Core(TM) i5-3210M CPU @ 2.50GHz
stepping	: 9
microcode	: 0x15
cpu MHz		: 2494.111
cache size	: 3072 KB
physical id	: 0
siblings	: 1
core id		: 0
cpu cores	: 1
apicid		: 0
initial apicid	: 0
fdiv_bug	: no
f00f_bug	: no
coma_bug	: no
fpu		: yes
fpu_exception	: yes
cpuid level	: 13
wp		: yes
flags		: fpu vme de pse tsc msr pae mce cx8 apic sep mtrr pge mca cmov pat pse36 clflush dts mmx fxsr sse sse2 ss nx rdtscp lm constant_tsc arch_perfmon pebs bts xtopology tsc_reliable nonstop_tsc aperfmperf pni pclmulqdq ssse3 cx16 pcid sse4_1 sse4_2 x2apic popcnt tsc_deadline_timer aes xsave avx f16c rdrand hypervisor lahf_lm ida arat epb pln pts dtherm fsgsbase tsc_adjust smep
bugs		:
bogomips	: 4988.22
clflush size	: 64
cache_alignment	: 64
address sizes	: 42 bits physical, 48 bits virtual
power management:

processor	: 1
vendor_id	: GenuineIntel
cpu family	: 6
model		: 58
model name	: Intel(R) Core(TM) i5-3210M CPU @ 2.50GHz
stepping	: 9
microcode	: 0x15
cpu MHz		: 2494.111
cache size	: 3072 KB
physical id	: 2
siblings	: 1
core id		: 0
cpu cores	: 1
apicid		: 2
initial apicid	: 2
fdiv_bug	: no
f00f_bug	: no
coma_bug	: no
fpu		: yes
fpu_exception	: yes
cpuid level	: 13
wp		: yes
flags		: fpu vme de pse tsc msr pae mce cx8 apic sep mtrr pge mca cmov pat pse36 clflush dts mmx fxsr sse sse2 ss nx rdtscp lm constant_tsc arch_perfmon pebs bts xtopology tsc_reliable nonstop_tsc aperfmperf pni pclmulqdq ssse3 cx16 pcid sse4_1 sse4_2 x2apic popcnt tsc_deadline_timer aes xsave avx f16c rdrand hypervisor lahf_lm ida arat epb pln pts dtherm fsgsbase tsc_adjust smep
bugs		:
bogomips	: 4988.22
clflush size	: 64
cache_alignment	: 64
address sizes	: 42 bits physical, 48 bits virtual
power management:

processor	: 2
vendor_id	: GenuineIntel
cpu family	: 6
model		: 58
model name	: Intel(R) Core(TM) i5-3210M CPU @ 2.50GHz
stepping	: 9
microcode	: 0x15
cpu MHz		: 2494.111
cache size	: 3072 KB
physical id	: 4
siblings	: 1
core id		: 0
cpu cores	: 1
apicid		: 4
initial apicid	: 4
fdiv_bug	: no
f00f_bug	: no
coma_bug	: no
fpu		: yes
fpu_exception	: yes
cpuid level	: 13
wp		: yes
flags		: fpu vme de pse tsc msr pae mce cx8 apic sep mtrr pge mca cmov pat pse36 clflush dts mmx fxsr sse sse2 ss nx rdtscp lm constant_tsc arch_perfmon pebs bts xtopology tsc_reliable nonstop_tsc aperfmperf pni pclmulqdq ssse3 cx16 pcid sse4_1 sse4_2 x2apic popcnt tsc_deadline_timer aes xsave avx f16c rdrand hypervisor lahf_lm ida arat epb pln pts dtherm fsgsbase tsc_adjust smep
bugs		:
bogomips	: 4988.22
clflush size	: 64
cache_alignment	: 64
address sizes	: 42 bits physical, 48 bits virtual
power management:

processor	: 3
vendor_id	: GenuineIntel
cpu family	: 6
model		: 58
model name	: Intel(R) Core(TM) i5-3210M CPU @ 2.50GHz
stepping	: 9
microcode	: 0x15
cpu MHz		: 2494.111
cache size	: 3072 KB
physical id	: 6
siblings	: 1
core id		: 0
cpu cores	: 1
apicid		: 6
initial apicid	: 6
fdiv_bug	: no
f00f_bug	: no
coma_bug	: no
fpu		: yes
fpu_exception	: yes
cpuid level	: 13
wp		: yes
flags		: fpu vme de pse tsc msr pae mce cx8 apic sep mtrr pge mca cmov pat pse36 clflush dts mmx fxsr sse sse2 ss nx rdtscp lm constant_tsc arch_perfmon pebs bts xtopology tsc_reliable nonstop_tsc aperfmperf pni pclmulqdq ssse3 cx16 pcid sse4_1 sse4_2 x2apic popcnt tsc_deadline_timer aes xsave avx f16c rdrand hypervisor lahf_lm ida arat epb pln pts dtherm fsgsbase tsc_adjust smep
bugs		:
bogomips	: 4988.22
clflush size	: 64
cache_alignment	: 64
address sizes	: 42 bits physical, 48 bits virtual
power management:



Memory: 4k page, physical 4139540k(271500k free), swap 0k(0k free)

vm_info: OpenJDK Server VM (24.91-b01) for linux-x86 JRE (1.7.0_91-b02), built on Nov 19 2015 06:25:06 by "buildd" with gcc 4.9.2

time: Tue May  3 15:42:06 2016
elapsed time: 14 seconds

