#
# There is insufficient memory for the Java Runtime Environment to continue.
# Native memory allocation (malloc) failed to allocate 68681728 bytes for committing reserved memory.
# Possible reasons:
#   The system is out of physical RAM or swap space
#   In 32 bit mode, the process size limit was hit
# Possible solutions:
#   Reduce memory load on the system
#   Increase physical memory or swap space
#   Check if swap backing store is full
#   Use 64 bit Java on a 64 bit OS
#   Decrease Java heap size (-Xmx/-Xms)
#   Decrease number of Java threads
#   Decrease Java thread stack sizes (-Xss)
#   Set larger code cache with -XX:ReservedCodeCacheSize=
# This output file may be truncated or incomplete.
#
#  Out of Memory Error (os_linux.cpp:2827), pid=3654, tid=1740430144
#
# JRE version: OpenJDK Runtime Environment (7.0_91-b02) (build 1.7.0_91-b02)
# Java VM: OpenJDK Server VM (24.91-b01 mixed mode linux-x86 )
# Derivative: IcedTea 2.6.3
# Distribution: Ubuntu 15.04, package 7u91-2.6.3-0ubuntu0.15.04.1
# Failed to write core dump. Core dumps have been disabled. To enable core dumping, try "ulimit -c unlimited" before starting Java again
#

---------------  T H R E A D  ---------------

Current thread (0x67a81400):  VMThread [stack: 0x67b4d000,0x67bce000] [id=3663]

Stack: [0x67b4d000,0x67bce000]
VM_Operation (0xb6434c0c): ParallelGCSystemGC, mode: safepoint, requested by thread 0xb6208400


---------------  P R O C E S S  ---------------

Java Threads: ( => current thread )
  0x6716c000 JavaThread "pool-2-thread-4" [_thread_blocked, id=3675, stack(0x668c3000,0x66914000)]
  0x6716b000 JavaThread "pool-2-thread-3" [_thread_blocked, id=3674, stack(0x66914000,0x66965000)]
  0x67168c00 JavaThread "pool-2-thread-2" [_thread_blocked, id=3673, stack(0x66965000,0x669b6000)]
  0x67167800 JavaThread "pool-3-thread-1" [_thread_blocked, id=3672, stack(0x669b6000,0x66a07000)]
  0x67166800 JavaThread "pool-2-thread-1" [_thread_blocked, id=3671, stack(0x66a07000,0x66a58000)]
  0x67aed800 JavaThread "Service Thread" daemon [_thread_blocked, id=3669, stack(0x672c0000,0x67311000)]
  0x67aebc00 JavaThread "C2 CompilerThread1" daemon [_thread_blocked, id=3668, stack(0x67311000,0x67392000)]
  0x67aea400 JavaThread "C2 CompilerThread0" daemon [_thread_blocked, id=3667, stack(0x67392000,0x67413000)]
  0x67a97400 JavaThread "Signal Dispatcher" daemon [_thread_blocked, id=3666, stack(0x6755e000,0x675af000)]
  0x67a85800 JavaThread "Finalizer" daemon [_thread_blocked, id=3665, stack(0x677af000,0x67800000)]
  0x67a83c00 JavaThread "Reference Handler" daemon [_thread_blocked, id=3664, stack(0x6a72e000,0x6a77f000)]
  0xb6208400 JavaThread "main" [_thread_blocked, id=3658, stack(0xb63e5000,0xb6436000)]

Other Threads:
=>0x67a81400 VMThread [stack: 0x67b4d000,0x67bce000] [id=3663]
  0x67aef800 WatcherThread [stack: 0x6723f000,0x672c0000] [id=3670]

VM state:at safepoint (normal execution)

VM Mutex/Monitor currently owned by a thread:  ([mutex/lock_event])
[0xb6205908] ExpandHeap_lock - owner thread: 0x67a81400
[0xb6205e50] Threads_lock - owner thread: 0x67a81400
[0xb6206260] Heap_lock - owner thread: 0xb6208400

Heap
 PSYoungGen      total 264704K, used 35280K [0x9dbc0000, 0xb3140000, 0xb3140000)
  eden space 223744K, 0% used [0x9dbc0000,0x9dbc0000,0xab640000)
  from space 40960K, 86% used [0xaeec0000,0xb11343f0,0xb16c0000)
  to   space 57856K, 0% used [0xab640000,0xab640000,0xaeec0000)
 ParOldGen       total 88320K, used 88164K [0x73140000, 0x78780000, 0x9dbc0000)
  object space 88320K, 99% used [0x73140000,0x787591a0,0x78780000)
 PSPermGen       total 16384K, used 4402K [0x6b140000, 0x6c140000, 0x73140000)
  object space 16384K, 26% used [0x6b140000,0x6b58c980,0x6c140000)

Card table byte_map: [0x6aeff000,0x6b140000] byte_map_base: 0x6aba6600

Polling page: 0xb776c000

Code Cache  [0xb3200000, 0xb3548000, 0xb6200000)
 total_blobs=1080 nmethods=957 adapters=76 free_code_cache=45859Kb largest_free_block=46916480

Compilation events (10 events):
Event: 11.941 Thread 0x67aea400  981             com.android.dx.cf.direct.DirectClassFile::getAttributes (9 bytes)
Event: 11.942 Thread 0x67aea400 nmethod 981 0xb3510108 code [0xb3510200, 0xb3510270]
Event: 11.942 Thread 0x67aea400  982             com.android.dx.cf.direct.StdAttributeFactory::code (613 bytes)
Event: 12.063 Thread 0x67aea400 nmethod 982 0xb353ac08 code [0xb353aea0, 0xb353cd70]
Event: 12.065 Thread 0x67aea400  983             com.android.dx.cf.code.Simulator$SimVisitor::checkReturnType (64 bytes)
Event: 12.066 Thread 0x67aea400 nmethod 983 0xb350fd48 code [0xb350fe40, 0xb350fefc]
Event: 12.067 Thread 0x67aea400  984             com.android.dx.dex.code.OutputCollector::appendSuffixToOutput (45 bytes)
Event: 12.095 Thread 0x67aea400 nmethod 984 0xb3511b88 code [0xb3511d00, 0xb35121b0]
Event: 12.095 Thread 0x67aea400  985             com.android.dx.ssa.back.RegisterAllocator::insertMoveBefore (240 bytes)
Event: 12.211 Thread 0x67aea400 nmethod 985 0xb353f548 code [0xb353f780, 0xb354074c]

GC Heap History (10 events):
Event: 7.521 GC heap after
Heap after GC invocations=7 (full 0):
 PSYoungGen      total 146688K, used 16886K [0x9dbc0000, 0xb0f40000, 0xb3140000)
  eden space 129792K, 0% used [0x9dbc0000,0x9dbc0000,0xa5a80000)
  from space 16896K, 99% used [0xa5a80000,0xa6afda98,0xa6b00000)
  to   space 27648K, 0% used [0xaf440000,0xaf440000,0xb0f40000)
 ParOldGen       total 43008K, used 31541K [0x73140000, 0x75b40000, 0x9dbc0000)
  object space 43008K, 73% used [0x73140000,0x7500d6b0,0x75b40000)
 PSPermGen       total 16384K, used 4364K [0x6b140000, 0x6c140000, 0x73140000)
  object space 16384K, 26% used [0x6b140000,0x6b583268,0x6c140000)
}
Event: 7.521 GC heap before
{Heap before GC invocations=8 (full 1):
 PSYoungGen      total 146688K, used 16886K [0x9dbc0000, 0xb0f40000, 0xb3140000)
  eden space 129792K, 0% used [0x9dbc0000,0x9dbc0000,0xa5a80000)
  from space 16896K, 99% used [0xa5a80000,0xa6afda98,0xa6b00000)
  to   space 27648K, 0% used [0xaf440000,0xaf440000,0xb0f40000)
 ParOldGen       total 43008K, used 31541K [0x73140000, 0x75b40000, 0x9dbc0000)
  object space 43008K, 73% used [0x73140000,0x7500d6b0,0x75b40000)
 PSPermGen       total 16384K, used 4364K [0x6b140000, 0x6c140000, 0x73140000)
  object space 16384K, 26% used [0x6b140000,0x6b583268,0x6c140000)
Event: 7.898 GC heap after
Heap after GC invocations=8 (full 1):
 PSYoungGen      total 146688K, used 2542K [0x9dbc0000, 0xb0f40000, 0xb3140000)
  eden space 129792K, 0% used [0x9dbc0000,0x9dbc0000,0xa5a80000)
  from space 16896K, 15% used [0xa5a80000,0xa5cfb870,0xa6b00000)
  to   space 27648K, 0% used [0xaf440000,0xaf440000,0xb0f40000)
 ParOldGen       total 83456K, used 42864K [0x73140000, 0x782c0000, 0x9dbc0000)
  object space 83456K, 51% used [0x73140000,0x75b1c1e0,0x782c0000)
 PSPermGen       total 16384K, used 4362K [0x6b140000, 0x6c140000, 0x73140000)
  object space 16384K, 26% used [0x6b140000,0x6b582838,0x6c140000)
}
Event: 8.996 GC heap before
{Heap before GC invocations=9 (full 1):
 PSYoungGen      total 146688K, used 132334K [0x9dbc0000, 0xb0f40000, 0xb3140000)
  eden space 129792K, 100% used [0x9dbc0000,0xa5a80000,0xa5a80000)
  from space 16896K, 15% used [0xa5a80000,0xa5cfb870,0xa6b00000)
  to   space 27648K, 0% used [0xaf440000,0xaf440000,0xb0f40000)
 ParOldGen       total 83456K, used 42864K [0x73140000, 0x782c0000, 0x9dbc0000)
  object space 83456K, 51% used [0x73140000,0x75b1c1e0,0x782c0000)
 PSPermGen       total 16384K, used 4375K [0x6b140000, 0x6c140000, 0x73140000)
  object space 16384K, 26% used [0x6b140000,0x6b585e20,0x6c140000)
Event: 9.041 GC heap after
Heap after GC invocations=9 (full 1):
 PSYoungGen      total 203520K, used 16992K [0x9dbc0000, 0xb0500000, 0xb3140000)
  eden space 186368K, 0% used [0x9dbc0000,0x9dbc0000,0xa91c0000)
  from space 17152K, 99% used [0xaf440000,0xb04d83c8,0xb0500000)
  to   space 28672K, 0% used [0xacd00000,0xacd00000,0xae900000)
 ParOldGen       total 83456K, used 42864K [0x73140000, 0x782c0000, 0x9dbc0000)
  object space 83456K, 51% used [0x73140000,0x75b1c1e0,0x782c0000)
 PSPermGen       total 16384K, used 4375K [0x6b140000, 0x6c140000, 0x73140000)
  object space 16384K, 26% used [0x6b140000,0x6b585e20,0x6c140000)
}
Event: 10.721 GC heap before
{Heap before GC invocations=10 (full 1):
 PSYoungGen      total 203520K, used 203360K [0x9dbc0000, 0xb0500000, 0xb3140000)
  eden space 186368K, 100% used [0x9dbc0000,0xa91c0000,0xa91c0000)
  from space 17152K, 99% used [0xaf440000,0xb04d83c8,0xb0500000)
  to   space 28672K, 0% used [0xacd00000,0xacd00000,0xae900000)
 ParOldGen       total 83456K, used 42864K [0x73140000, 0x782c0000, 0x9dbc0000)
  object space 83456K, 51% used [0x73140000,0x75b1c1e0,0x782c0000)
 PSPermGen       total 16384K, used 4392K [0x6b140000, 0x6c140000, 0x73140000)
  object space 16384K, 26% used [0x6b140000,0x6b58a080,0x6c140000)
Event: 10.845 GC heap after
Heap after GC invocations=10 (full 1):
 PSYoungGen      total 269312K, used 28666K [0x9dbc0000, 0xb16c0000, 0xb3140000)
  eden space 240640K, 0% used [0x9dbc0000,0x9dbc0000,0xac6c0000)
  from space 28672K, 99% used [0xacd00000,0xae8fe8f0,0xae900000)
  to   space 40960K, 0% used [0xaeec0000,0xaeec0000,0xb16c0000)
 ParOldGen       total 83456K, used 60804K [0x73140000, 0x782c0000, 0x9dbc0000)
  object space 83456K, 72% used [0x73140000,0x76ca1058,0x782c0000)
 PSPermGen       total 16384K, used 4392K [0x6b140000, 0x6c140000, 0x73140000)
  object space 16384K, 26% used [0x6b140000,0x6b58a080,0x6c140000)
}
Event: 12.227 GC heap before
{Heap before GC invocations=11 (full 1):
 PSYoungGen      total 269312K, used 269306K [0x9dbc0000, 0xb16c0000, 0xb3140000)
  eden space 240640K, 100% used [0x9dbc0000,0xac6c0000,0xac6c0000)
  from space 28672K, 99% used [0xacd00000,0xae8fe8f0,0xae900000)
  to   space 40960K, 0% used [0xaeec0000,0xaeec0000,0xb16c0000)
 ParOldGen       total 83456K, used 61434K [0x73140000, 0x782c0000, 0x9dbc0000)
  object space 83456K, 73% used [0x73140000,0x76d3eb98,0x782c0000)
 PSPermGen       total 16384K, used 4402K [0x6b140000, 0x6c140000, 0x73140000)
  object space 16384K, 26% used [0x6b140000,0x6b58cbc0,0x6c140000)
Event: 12.414 GC heap after
Heap after GC invocations=11 (full 1):
 PSYoungGen      total 264704K, used 40958K [0x9dbc0000, 0xb3140000, 0xb3140000)
  eden space 223744K, 0% used [0x9dbc0000,0x9dbc0000,0xab640000)
  from space 40960K, 99% used [0xaeec0000,0xb16bfbf8,0xb16c0000)
  to   space 57856K, 0% used [0xab640000,0xab640000,0xaeec0000)
 ParOldGen       total 88320K, used 87748K [0x73140000, 0x78780000, 0x9dbc0000)
  object space 88320K, 99% used [0x73140000,0x786f12b8,0x78780000)
 PSPermGen       total 16384K, used 4402K [0x6b140000, 0x6c140000, 0x73140000)
  object space 16384K, 26% used [0x6b140000,0x6b58cbc0,0x6c140000)
}
Event: 12.415 GC heap before
{Heap before GC invocations=12 (full 2):
 PSYoungGen      total 264704K, used 40958K [0x9dbc0000, 0xb3140000, 0xb3140000)
  eden space 223744K, 0% used [0x9dbc0000,0x9dbc0000,0xab640000)
  from space 40960K, 99% used [0xaeec0000,0xb16bfbf8,0xb16c0000)
  to   space 57856K, 0% used [0xab640000,0xab640000,0xaeec0000)
 ParOldGen       total 88320K, used 87748K [0x73140000, 0x78780000, 0x9dbc0000)
  object space 88320K, 99% used [0x73140000,0x786f12b8,0x78780000)
 PSPermGen       total 16384K, used 4402K [0x6b140000, 0x6c140000, 0x73140000)
  object space 16384K, 26% used [0x6b140000,0x6b58cbc0,0x6c140000)

Deoptimization events (10 events):
Event: 11.085 Thread 0x6716b000 Uncommon trap: reason=bimorphic action=maybe_recompile pc=0xb346bfe0 method=com.android.dx.cf.code.BytecodeArray.parseInstruction(ILcom/android/dx/cf/code/BytecodeArray$Visitor;)I @ 1357
Event: 11.100 Thread 0xb6208400 Uncommon trap: reason=bimorphic action=maybe_recompile pc=0xb338b300 method=com.android.dx.ssa.LiteralOpUpgrader.tryReplacingWithConstant(Lcom/android/dx/ssa/NormalSsaInsn;)Z @ 62
Event: 11.100 Thread 0xb6208400 Uncommon trap: reason=unstable_if action=reinterpret pc=0xb3497adc method=com.android.dx.ssa.LiteralOpUpgrader$1.visitNonMoveInsn(Lcom/android/dx/ssa/NormalSsaInsn;)V @ 24
Event: 11.104 Thread 0xb6208400 Uncommon trap: reason=bimorphic action=maybe_recompile pc=0xb338b300 method=com.android.dx.ssa.LiteralOpUpgrader.tryReplacingWithConstant(Lcom/android/dx/ssa/NormalSsaInsn;)Z @ 62
Event: 11.109 Thread 0x67166800 Uncommon trap: reason=unstable_if action=reinterpret pc=0xb337be44 method=com.android.dx.ssa.MoveParamCombiner$1.visitNonMoveInsn(Lcom/android/dx/ssa/NormalSsaInsn;)V @ 27
Event: 11.123 Thread 0x67166800 Uncommon trap: reason=class_check action=maybe_recompile pc=0xb348732c method=com.android.dx.cf.code.Ropper.processBlock(Lcom/android/dx/cf/code/ByteBlock;Lcom/android/dx/cf/code/Frame;[I)V @ 711
Event: 11.123 Thread 0x67166800 Uncommon trap: reason=class_check action=maybe_recompile pc=0xb348732c method=com.android.dx.cf.code.Ropper.processBlock(Lcom/android/dx/cf/code/ByteBlock;Lcom/android/dx/cf/code/Frame;[I)V @ 711
Event: 11.123 Thread 0x67166800 Uncommon trap: reason=class_check action=maybe_recompile pc=0xb348732c method=com.android.dx.cf.code.Ropper.processBlock(Lcom/android/dx/cf/code/ByteBlock;Lcom/android/dx/cf/code/Frame;[I)V @ 711
Event: 11.123 Thread 0x67166800 Uncommon trap: reason=class_check action=maybe_recompile pc=0xb348732c method=com.android.dx.cf.code.Ropper.processBlock(Lcom/android/dx/cf/code/ByteBlock;Lcom/android/dx/cf/code/Frame;[I)V @ 711
Event: 11.796 Thread 0x67168c00 Uncommon trap: reason=unstable_if action=reinterpret pc=0xb34a75d4 method=com.android.dx.ssa.back.FirstFitLocalCombiningAllocator.handleCheckCastResults()V @ 302

Internal exceptions (10 events):
Event: 4.182 Thread 0xb6208400 Threw 0x9e1ff880 at /build/openjdk-7-PdBaKN/openjdk-7-7u91-2.6.3/build/openjdk/hotspot/src/share/vm/prims/jvm.cpp:1322
Event: 4.898 Thread 0x6716b000 Implicit null exception at 0xb335d278 to 0xb3360821
Event: 4.960 Thread 0xb6208400 Threw 0xa07b6080 at /build/openjdk-7-PdBaKN/openjdk-7-7u91-2.6.3/build/openjdk/hotspot/src/share/vm/prims/jvm.cpp:1322
Event: 5.146 Thread 0x67168c00 Threw 0xa0f9b4b8 at /build/openjdk-7-PdBaKN/openjdk-7-7u91-2.6.3/build/openjdk/hotspot/src/share/vm/prims/jvm.cpp:1322
Event: 8.549 Thread 0xb6208400 Threw 0xa0305610 at /build/openjdk-7-PdBaKN/openjdk-7-7u91-2.6.3/build/openjdk/hotspot/src/share/vm/prims/jvm.cpp:1322
Event: 10.516 Thread 0x67166800 Implicit null exception at 0xb328b39e to 0xb328bce5
Event: 10.516 Thread 0x67166800 Implicit null exception at 0xb3431433 to 0xb343167d
Event: 10.570 Thread 0x67166800 Implicit null exception at 0xb3260aa1 to 0xb3260cc9
Event: 10.570 Thread 0x67166800 Implicit null exception at 0xb32c5259 to 0xb32c5355
Event: 11.732 Thread 0x6716c000 Threw 0xa68d5fb0 at /build/openjdk-7-PdBaKN/openjdk-7-7u91-2.6.3/build/openjdk/hotspot/src/share/vm/prims/jvm.cpp:1322

Events (10 events):
Event: 11.732 loading class 0x6ac15f88
Event: 11.732 loading class 0x6ac15f88 done
Event: 11.770 loading class 0x6ab59fa0
Event: 11.770 loading class 0x6ab59fa0 done
Event: 11.796 Thread 0x67168c00 Uncommon trap: trap_request=0xffffff75 fr.pc=0xb34a75d4
Event: 11.796 Thread 0x67168c00 DEOPT PACKING pc=0xb34a75d4 sp=0x669b4b50
Event: 11.796 Thread 0x67168c00 DEOPT UNPACKING pc=0xb322cbc8 sp=0x669b4b44 mode 2
Event: 12.211 Executing VM operation: ParallelGCFailedAllocation
Event: 12.213 Executing VM operation: ParallelGCFailedAllocation done
Event: 12.224 Executing VM operation: ParallelGCSystemGC


Dynamic libraries:
08048000-08049000 r-xp 00000000 08:01 804961     /usr/lib/jvm/java-7-openjdk-i386/jre/bin/java
08049000-0804a000 r--p 00000000 08:01 804961     /usr/lib/jvm/java-7-openjdk-i386/jre/bin/java
0804a000-0804b000 rw-p 00001000 08:01 804961     /usr/lib/jvm/java-7-openjdk-i386/jre/bin/java
0975d000-0980f000 rw-p 00000000 00:00 0          [heap]
64c00000-64cab000 rw-p 00000000 00:00 0 
64cab000-64d00000 ---p 00000000 00:00 0 
64d00000-64dff000 rw-p 00000000 00:00 0 
64dff000-64e00000 ---p 00000000 00:00 0 
65400000-654fe000 rw-p 00000000 00:00 0 
654fe000-65500000 ---p 00000000 00:00 0 
65600000-657f7000 rw-p 00000000 00:00 0 
657f7000-65800000 ---p 00000000 00:00 0 
65800000-658ee000 rw-p 00000000 00:00 0 
658ee000-65900000 ---p 00000000 00:00 0 
65900000-65a00000 rw-p 00000000 00:00 0 
65a00000-65b00000 rw-p 00000000 00:00 0 
65b00000-65bfb000 rw-p 00000000 00:00 0 
65bfb000-65c00000 ---p 00000000 00:00 0 
65c00000-65cfc000 rw-p 00000000 00:00 0 
65cfc000-65d00000 ---p 00000000 00:00 0 
65d00000-65dfd000 rw-p 00000000 00:00 0 
65dfd000-65e00000 ---p 00000000 00:00 0 
65e00000-65ee9000 rw-p 00000000 00:00 0 
65ee9000-65f00000 ---p 00000000 00:00 0 
65f00000-66000000 rw-p 00000000 00:00 0 
66000000-661f9000 rw-p 00000000 00:00 0 
661f9000-66200000 ---p 00000000 00:00 0 
66200000-662fb000 rw-p 00000000 00:00 0 
662fb000-66300000 ---p 00000000 00:00 0 
66300000-66400000 rw-p 00000000 00:00 0 
66400000-664fb000 rw-p 00000000 00:00 0 
664fb000-66500000 ---p 00000000 00:00 0 
66500000-665fb000 rw-p 00000000 00:00 0 
665fb000-66600000 ---p 00000000 00:00 0 
66700000-667f5000 rw-p 00000000 00:00 0 
667f5000-66800000 ---p 00000000 00:00 0 
668c3000-668c6000 ---p 00000000 00:00 0 
668c6000-66914000 rw-p 00000000 00:00 0          [stack:3675]
66914000-66917000 ---p 00000000 00:00 0 
66917000-66965000 rw-p 00000000 00:00 0          [stack:3674]
66965000-66968000 ---p 00000000 00:00 0 
66968000-669b6000 rw-p 00000000 00:00 0          [stack:3673]
669b6000-669b9000 ---p 00000000 00:00 0 
669b9000-66a07000 rw-p 00000000 00:00 0          [stack:3672]
66a07000-66a0a000 ---p 00000000 00:00 0 
66a0a000-66c19000 rw-p 00000000 00:00 0          [stack:3671]
66c19000-66d3f000 r-xp 00000000 08:01 394573     /lib/i386-linux-gnu/libglib-2.0.so.0.4400.0
66d3f000-66d40000 r--p 00125000 08:01 394573     /lib/i386-linux-gnu/libglib-2.0.so.0.4400.0
66d40000-66d41000 rw-p 00126000 08:01 394573     /lib/i386-linux-gnu/libglib-2.0.so.0.4400.0
66d41000-66efa000 r-xp 00000000 08:01 137357     /usr/lib/i386-linux-gnu/libgio-2.0.so.0.4400.0
66efa000-66efd000 r--p 001b8000 08:01 137357     /usr/lib/i386-linux-gnu/libgio-2.0.so.0.4400.0
66efd000-66eff000 rw-p 001bb000 08:01 137357     /usr/lib/i386-linux-gnu/libgio-2.0.so.0.4400.0
66eff000-66f00000 rw-p 00000000 00:00 0 
66f00000-66ff9000 rw-p 00000000 00:00 0 
66ff9000-67000000 ---p 00000000 00:00 0 
67018000-67088000 r-xp 00000000 08:01 394656     /lib/i386-linux-gnu/libpcre.so.3.13.1
67088000-67089000 r--p 0006f000 08:01 394656     /lib/i386-linux-gnu/libpcre.so.3.13.1
67089000-6708a000 rw-p 00070000 08:01 394656     /lib/i386-linux-gnu/libpcre.so.3.13.1
6708a000-6709e000 r-xp 00000000 08:01 394679     /lib/i386-linux-gnu/libresolv-2.21.so
6709e000-670a0000 r--p 00013000 08:01 394679     /lib/i386-linux-gnu/libresolv-2.21.so
670a0000-670a1000 rw-p 00015000 08:01 394679     /lib/i386-linux-gnu/libresolv-2.21.so
670a1000-670a3000 rw-p 00000000 00:00 0 
670a3000-670fe000 r-xp 00000000 08:01 137385     /usr/lib/i386-linux-gnu/libgobject-2.0.so.0.4400.0
670fe000-670ff000 r--p 0005b000 08:01 137385     /usr/lib/i386-linux-gnu/libgobject-2.0.so.0.4400.0
670ff000-67100000 rw-p 0005c000 08:01 137385     /usr/lib/i386-linux-gnu/libgobject-2.0.so.0.4400.0
67100000-67194000 rw-p 00000000 00:00 0 
67194000-67200000 ---p 00000000 00:00 0 
67218000-6723c000 r-xp 00000000 08:01 394683     /lib/i386-linux-gnu/libselinux.so.1
6723c000-6723d000 r--p 00024000 08:01 394683     /lib/i386-linux-gnu/libselinux.so.1
6723d000-6723e000 rw-p 00025000 08:01 394683     /lib/i386-linux-gnu/libselinux.so.1
6723e000-6723f000 rw-p 00000000 00:00 0 
6723f000-67240000 ---p 00000000 00:00 0 
67240000-672c0000 rw-p 00000000 00:00 0          [stack:3670]
672c0000-672c3000 ---p 00000000 00:00 0 
672c3000-67311000 rw-p 00000000 00:00 0          [stack:3669]
67311000-67314000 ---p 00000000 00:00 0 
67314000-67392000 rw-p 00000000 00:00 0          [stack:3668]
67392000-67395000 ---p 00000000 00:00 0 
67395000-67413000 rw-p 00000000 00:00 0          [stack:3667]
67413000-6755a000 r-xp 00000000 08:01 136931     /usr/lib/i386-linux-gnu/libX11.so.6.3.0
6755a000-6755b000 r--p 00146000 08:01 136931     /usr/lib/i386-linux-gnu/libX11.so.6.3.0
6755b000-6755d000 rw-p 00147000 08:01 136931     /usr/lib/i386-linux-gnu/libX11.so.6.3.0
6755d000-6755e000 rw-p 00000000 00:00 0 
6755e000-67561000 ---p 00000000 00:00 0 
67561000-675af000 rw-p 00000000 00:00 0          [stack:3666]
675af000-677af000 r--p 00000000 08:01 143362     /usr/lib/locale/locale-archive
677af000-677b2000 ---p 00000000 00:00 0 
677b2000-67800000 rw-p 00000000 00:00 0          [stack:3665]
67800000-678ed000 rw-p 00000000 00:00 0 
678ed000-67900000 ---p 00000000 00:00 0 
67900000-6792c000 rw-p 00000000 00:00 0 
6792c000-67a00000 ---p 00000000 00:00 0 
67a00000-67b00000 rw-p 00000000 00:00 0 
67b02000-67b4d000 r--s 00340000 08:01 945545     /home/student/test/HealthyBit/app/build/intermediates/transforms/jarMerging/debug/jars/1/1f/combined.jar
67b4d000-67b4e000 ---p 00000000 00:00 0 
67b4e000-67bce000 rw-p 00000000 00:00 0          [stack:3663]
67bce000-67d80000 r--s 01d2e000 08:01 804984     /usr/lib/jvm/java-7-openjdk-i386/jre/lib/rt.jar
67d80000-6a600000 rw-p 00000000 00:00 0 
6a600000-6a6fc000 rw-p 00000000 00:00 0 
6a6fc000-6a700000 ---p 00000000 00:00 0 
6a702000-6a709000 r-xp 00000000 08:01 137254     /usr/lib/i386-linux-gnu/libffi.so.6.0.4
6a709000-6a70b000 r--p 00006000 08:01 137254     /usr/lib/i386-linux-gnu/libffi.so.6.0.4
6a70b000-6a70c000 rw-p 00008000 08:01 137254     /usr/lib/i386-linux-gnu/libffi.so.6.0.4
6a70c000-6a72c000 r-xp 00000000 08:01 138125     /usr/lib/i386-linux-gnu/libxcb.so.1.1.0
6a72c000-6a72d000 r--p 0001f000 08:01 138125     /usr/lib/i386-linux-gnu/libxcb.so.1.1.0
6a72d000-6a72e000 rw-p 00020000 08:01 138125     /usr/lib/i386-linux-gnu/libxcb.so.1.1.0
6a72e000-6a731000 ---p 00000000 00:00 0 
6a731000-6a77f000 rw-p 00000000 00:00 0          [stack:3664]
6a77f000-6a780000 ---p 00000000 00:00 0 
6a780000-6a800000 rw-p 00000000 00:00 0          [stack:3662]
6a800000-6a821000 rw-p 00000000 00:00 0 
6a821000-6a900000 ---p 00000000 00:00 0 
6a901000-6a904000 r-xp 00000000 08:01 137371     /usr/lib/i386-linux-gnu/libgmodule-2.0.so.0.4400.0
6a904000-6a905000 r--p 00002000 08:01 137371     /usr/lib/i386-linux-gnu/libgmodule-2.0.so.0.4400.0
6a905000-6a906000 rw-p 00003000 08:01 137371     /usr/lib/i386-linux-gnu/libgmodule-2.0.so.0.4400.0
6a91d000-6a934000 r-xp 00000000 08:01 805027     /usr/lib/jvm/java-7-openjdk-i386/jre/lib/i386/libnet.so
6a934000-6a935000 r--p 00016000 08:01 805027     /usr/lib/jvm/java-7-openjdk-i386/jre/lib/i386/libnet.so
6a935000-6a936000 rw-p 00017000 08:01 805027     /usr/lib/jvm/java-7-openjdk-i386/jre/lib/i386/libnet.so
6a936000-6a97f000 rw-p 00000000 00:00 0 
6a97f000-6a980000 ---p 00000000 00:00 0 
6a980000-6aa00000 rw-p 00000000 00:00 0          [stack:3661]
6aa00000-6aa21000 rw-p 00000000 00:00 0 
6aa21000-6ab00000 ---p 00000000 00:00 0 
6ab03000-6ab13000 r-xp 00000000 08:01 804991     /usr/lib/jvm/java-7-openjdk-i386/jre/lib/i386/libnio.so
6ab13000-6ab14000 r--p 00010000 08:01 804991     /usr/lib/jvm/java-7-openjdk-i386/jre/lib/i386/libnio.so
6ab14000-6ab15000 rw-p 00011000 08:01 804991     /usr/lib/jvm/java-7-openjdk-i386/jre/lib/i386/libnio.so
6ab15000-6ab24000 r--s 000df000 08:01 1062595    /home/student/Android/Sdk/build-tools/23.0.3/lib/dx.jar
6ab24000-6ab7f000 rw-p 00000000 00:00 0 
6ab7f000-6ab80000 ---p 00000000 00:00 0 
6ab80000-6ac00000 rw-p 00000000 00:00 0          [stack:3660]
6ac00000-6ac33000 rw-p 00000000 00:00 0 
6ac33000-6ad00000 ---p 00000000 00:00 0 
6ad02000-6ad07000 r-xp 00000000 08:01 136946     /usr/lib/i386-linux-gnu/libXdmcp.so.6.0.0
6ad07000-6ad08000 r--p 00004000 08:01 136946     /usr/lib/i386-linux-gnu/libXdmcp.so.6.0.0
6ad08000-6ad09000 rw-p 00005000 08:01 136946     /usr/lib/i386-linux-gnu/libXdmcp.so.6.0.0
6ad09000-6ad0b000 r-xp 00000000 08:01 136935     /usr/lib/i386-linux-gnu/libXau.so.6.0.0
6ad0b000-6ad0c000 r--p 00001000 08:01 136935     /usr/lib/i386-linux-gnu/libXau.so.6.0.0
6ad0c000-6ad0d000 rw-p 00002000 08:01 136935     /usr/lib/i386-linux-gnu/libXau.so.6.0.0
6ad0d000-6ad28000 rw-p 00000000 00:00 0 
6ad28000-6ad29000 ---p 00000000 00:00 0 
6ad29000-6add5000 rw-p 00000000 00:00 0          [stack:3659]
6add5000-6aeff000 rw-p 00000000 00:00 0 
6aeff000-6af07000 rw-p 00000000 00:00 0 
6af07000-6af3f000 rw-p 00000000 00:00 0 
6af3f000-6af6b000 rw-p 00000000 00:00 0 
6af6b000-6b094000 rw-p 00000000 00:00 0 
6b094000-6b13f000 rw-p 00000000 00:00 0 
6b13f000-6c140000 rw-p 00000000 00:00 0 
6c140000-73140000 rw-p 00000000 00:00 0 
73140000-78780000 rw-p 00000000 00:00 0 
7c900000-9dbc0000 rw-p 00000000 00:00 0 
9dbc0000-b3140000 rw-p 00000000 00:00 0 
b3140000-b314e000 rw-p 00000000 00:00 0 
b314e000-b3200000 rw-p 00000000 00:00 0 
b3200000-b3548000 rwxp 00000000 00:00 0 
b3548000-b6300000 rw-p 00000000 00:00 0 
b6300000-b6302000 r-xp 00000000 08:01 141618     /usr/lib/jayatana/libjayatanaag.so
b6302000-b6303000 r--p 00001000 08:01 141618     /usr/lib/jayatana/libjayatanaag.so
b6303000-b6304000 rw-p 00002000 08:01 141618     /usr/lib/jayatana/libjayatanaag.so
b6304000-b6305000 r--s 00000000 08:01 414147     /usr/share/java/jayatanaag.jar
b6305000-b6309000 r--s 00085000 08:01 804976     /usr/lib/jvm/java-7-openjdk-i386/jre/lib/ext/localedata.jar
b6309000-b630d000 r--s 00034000 08:01 804978     /usr/lib/jvm/java-7-openjdk-i386/jre/lib/ext/sunjce_provider.jar
b630d000-b6311000 r--s 0003c000 08:01 804979     /usr/lib/jvm/java-7-openjdk-i386/jre/lib/ext/sunpkcs11.jar
b6311000-b6319000 rw-p 00000000 00:00 0 
b6319000-b6351000 rw-p 00000000 00:00 0 
b6351000-b635d000 r-xp 00000000 08:01 394626     /lib/i386-linux-gnu/libnss_files-2.21.so
b635d000-b635e000 r--p 0000b000 08:01 394626     /lib/i386-linux-gnu/libnss_files-2.21.so
b635e000-b635f000 rw-p 0000c000 08:01 394626     /lib/i386-linux-gnu/libnss_files-2.21.so
b635f000-b636a000 r-xp 00000000 08:01 394636     /lib/i386-linux-gnu/libnss_nis-2.21.so
b636a000-b636b000 r--p 0000a000 08:01 394636     /lib/i386-linux-gnu/libnss_nis-2.21.so
b636b000-b636c000 rw-p 0000b000 08:01 394636     /lib/i386-linux-gnu/libnss_nis-2.21.so
b636c000-b6383000 r-xp 00000000 08:01 394620     /lib/i386-linux-gnu/libnsl-2.21.so
b6383000-b6384000 r--p 00016000 08:01 394620     /lib/i386-linux-gnu/libnsl-2.21.so
b6384000-b6385000 rw-p 00017000 08:01 394620     /lib/i386-linux-gnu/libnsl-2.21.so
b6385000-b6387000 rw-p 00000000 00:00 0 
b6387000-b638f000 r-xp 00000000 08:01 394622     /lib/i386-linux-gnu/libnss_compat-2.21.so
b638f000-b6390000 r--p 00007000 08:01 394622     /lib/i386-linux-gnu/libnss_compat-2.21.so
b6390000-b6391000 rw-p 00008000 08:01 394622     /lib/i386-linux-gnu/libnss_compat-2.21.so
b6391000-b6394000 r--s 0000f000 08:01 804977     /usr/lib/jvm/java-7-openjdk-i386/jre/lib/ext/icedtea-sound.jar
b6394000-b6396000 r--s 00012000 08:01 804975     /usr/lib/jvm/java-7-openjdk-i386/jre/lib/ext/zipfs.jar
b6396000-b639e000 r-xp 00000000 08:01 804995     /usr/lib/jvm/java-7-openjdk-i386/jre/lib/i386/libzip.so
b639e000-b639f000 r--p 00007000 08:01 804995     /usr/lib/jvm/java-7-openjdk-i386/jre/lib/i386/libzip.so
b639f000-b63a0000 rw-p 00008000 08:01 804995     /usr/lib/jvm/java-7-openjdk-i386/jre/lib/i386/libzip.so
b63a0000-b63a8000 rw-s 00000000 08:01 429731     /tmp/hsperfdata_student/3654
b63a8000-b63b2000 r-xp 00000000 08:01 805017     /usr/lib/jvm/java-7-openjdk-i386/jre/lib/i386/libinstrument.so
b63b2000-b63b3000 r--p 00009000 08:01 805017     /usr/lib/jvm/java-7-openjdk-i386/jre/lib/i386/libinstrument.so
b63b3000-b63b4000 rw-p 0000a000 08:01 805017     /usr/lib/jvm/java-7-openjdk-i386/jre/lib/i386/libinstrument.so
b63b4000-b63da000 r-xp 00000000 08:01 805003     /usr/lib/jvm/java-7-openjdk-i386/jre/lib/i386/libjava.so
b63da000-b63db000 r--p 00025000 08:01 805003     /usr/lib/jvm/java-7-openjdk-i386/jre/lib/i386/libjava.so
b63db000-b63dc000 rw-p 00026000 08:01 805003     /usr/lib/jvm/java-7-openjdk-i386/jre/lib/i386/libjava.so
b63dc000-b63e3000 r-xp 00000000 08:01 394681     /lib/i386-linux-gnu/librt-2.21.so
b63e3000-b63e4000 r--p 00006000 08:01 394681     /lib/i386-linux-gnu/librt-2.21.so
b63e4000-b63e5000 rw-p 00007000 08:01 394681     /lib/i386-linux-gnu/librt-2.21.so
b63e5000-b63e8000 ---p 00000000 00:00 0 
b63e8000-b6436000 rw-p 00000000 00:00 0          [stack:3658]
b6436000-b6452000 r-xp 00000000 08:01 394569     /lib/i386-linux-gnu/libgcc_s.so.1
b6452000-b6453000 rw-p 0001b000 08:01 394569     /lib/i386-linux-gnu/libgcc_s.so.1
b6453000-b649e000 r-xp 00000000 08:01 394599     /lib/i386-linux-gnu/libm-2.21.so
b649e000-b649f000 r--p 0004a000 08:01 394599     /lib/i386-linux-gnu/libm-2.21.so
b649f000-b64a0000 rw-p 0004b000 08:01 394599     /lib/i386-linux-gnu/libm-2.21.so
b64a0000-b6589000 r-xp 00000000 08:01 137921     /usr/lib/i386-linux-gnu/libstdc++.so.6.0.20
b6589000-b658d000 r--p 000e9000 08:01 137921     /usr/lib/i386-linux-gnu/libstdc++.so.6.0.20
b658d000-b658e000 rw-p 000ed000 08:01 137921     /usr/lib/i386-linux-gnu/libstdc++.so.6.0.20
b658e000-b6595000 rw-p 00000000 00:00 0 
b6595000-b70e8000 r-xp 00000000 08:01 805013     /usr/lib/jvm/java-7-openjdk-i386/jre/lib/i386/server/libjvm.so
b70e8000-b713c000 r--p 00b52000 08:01 805013     /usr/lib/jvm/java-7-openjdk-i386/jre/lib/i386/server/libjvm.so
b713c000-b7150000 rw-p 00ba6000 08:01 805013     /usr/lib/jvm/java-7-openjdk-i386/jre/lib/i386/server/libjvm.so
b7150000-b756f000 rw-p 00000000 00:00 0 
b756f000-b7588000 r-xp 00000000 08:01 394714     /lib/i386-linux-gnu/libz.so.1.2.8
b7588000-b7589000 r--p 00019000 08:01 394714     /lib/i386-linux-gnu/libz.so.1.2.8
b7589000-b758a000 rw-p 0001a000 08:01 394714     /lib/i386-linux-gnu/libz.so.1.2.8
b758a000-b75a3000 r-xp 00000000 08:01 394673     /lib/i386-linux-gnu/libpthread-2.21.so
b75a3000-b75a4000 r--p 00018000 08:01 394673     /lib/i386-linux-gnu/libpthread-2.21.so
b75a4000-b75a5000 rw-p 00019000 08:01 394673     /lib/i386-linux-gnu/libpthread-2.21.so
b75a5000-b75a7000 rw-p 00000000 00:00 0 
b75a7000-b75aa000 r-xp 00000000 08:01 394557     /lib/i386-linux-gnu/libdl-2.21.so
b75aa000-b75ab000 r--p 00002000 08:01 394557     /lib/i386-linux-gnu/libdl-2.21.so
b75ab000-b75ac000 rw-p 00003000 08:01 394557     /lib/i386-linux-gnu/libdl-2.21.so
b75ac000-b7760000 r-xp 00000000 08:01 394540     /lib/i386-linux-gnu/libc-2.21.so
b7760000-b7763000 r--p 001b3000 08:01 394540     /lib/i386-linux-gnu/libc-2.21.so
b7763000-b7765000 rw-p 001b6000 08:01 394540     /lib/i386-linux-gnu/libc-2.21.so
b7765000-b7767000 rw-p 00000000 00:00 0 
b7767000-b7768000 r--s 00002000 08:01 804980     /usr/lib/jvm/java-7-openjdk-i386/jre/lib/ext/dnsns.jar
b7768000-b776a000 r--s 00006000 08:01 399091     /usr/share/java/java-atk-wrapper.jar
b776a000-b776b000 r--p 005e0000 08:01 143362     /usr/lib/locale/locale-archive
b776b000-b776c000 rw-p 00000000 00:00 0 
b776c000-b776d000 ---p 00000000 00:00 0 
b776d000-b777b000 r-xp 00000000 08:01 805022     /usr/lib/jvm/java-7-openjdk-i386/jre/lib/i386/libverify.so
b777b000-b777d000 r--p 0000d000 08:01 805022     /usr/lib/jvm/java-7-openjdk-i386/jre/lib/i386/libverify.so
b777d000-b777e000 rw-p 0000f000 08:01 805022     /usr/lib/jvm/java-7-openjdk-i386/jre/lib/i386/libverify.so
b777e000-b778a000 r-xp 00000000 08:01 805024     /usr/lib/jvm/java-7-openjdk-i386/jre/lib/i386/jli/libjli.so
b778a000-b778b000 r--p 0000b000 08:01 805024     /usr/lib/jvm/java-7-openjdk-i386/jre/lib/i386/jli/libjli.so
b778b000-b778c000 rw-p 0000c000 08:01 805024     /usr/lib/jvm/java-7-openjdk-i386/jre/lib/i386/jli/libjli.so
b778c000-b778f000 rw-p 00000000 00:00 0 
b778f000-b7791000 r--p 00000000 00:00 0          [vvar]
b7791000-b7792000 r-xp 00000000 00:00 0          [vdso]
b7792000-b77b4000 r-xp 00000000 08:01 394512     /lib/i386-linux-gnu/ld-2.21.so
b77b4000-b77b5000 r--p 00021000 08:01 394512     /lib/i386-linux-gnu/ld-2.21.so
b77b5000-b77b6000 rw-p 00022000 08:01 394512     /lib/i386-linux-gnu/ld-2.21.so
bfa35000-bfa36000 rwxp 00000000 00:00 0 
bfa67000-bfa89000 rw-p 00000000 00:00 0          [stack]

VM Arguments:
jvm_args: -javaagent:/usr/share/java/jayatanaag.jar -Djava.awt.headless=true -Xmx1024M -Dfile.encoding=UTF-8 -Duser.country=US -Duser.language=en -Duser.variant 
java_command: com.android.dx.command.Main --dex --num-threads=4 --multi-dex --main-dex-list /home/student/test/HealthyBit/app/build/intermediates/multi-dex/debug/maindexlist.txt --output /home/student/test/HealthyBit/app/build/intermediates/transforms/dex/debug/folders/1000/1f/main /home/student/test/HealthyBit/app/build/intermediates/transforms/jarMerging/debug/jars/1/1f/combined.jar
Launcher Type: SUN_STANDARD

Environment Variables:
JAVA_TOOL_OPTIONS=-javaagent:/usr/share/java/jayatanaag.jar 
PATH=/home/student/.linuxbrew/bin:/usr/local/sbin:/usr/local/bin:/usr/sbin:/usr/bin:/sbin:/bin:/usr/games:/usr/local/games:/etc/android-studio/bin/:/home/student/Android/Sdk/platform-tools:/home/student/Android/Sdk/tools
LD_LIBRARY_PATH=/etc/android-studio/bin:
SHELL=/bin/bash
DISPLAY=:0

Signal Handlers:
SIGSEGV: [libjvm.so+0x7f7d00], sa_mask[0]=0x7ffbfeff, sa_flags=0x10000004
SIGBUS: [libjvm.so+0x7f7d00], sa_mask[0]=0x7ffbfeff, sa_flags=0x10000004
SIGFPE: [libjvm.so+0x67a9d0], sa_mask[0]=0x7ffbfeff, sa_flags=0x10000004
SIGPIPE: [libjvm.so+0x67a9d0], sa_mask[0]=0x7ffbfeff, sa_flags=0x10000004
SIGXFSZ: [libjvm.so+0x67a9d0], sa_mask[0]=0x7ffbfeff, sa_flags=0x10000004
SIGILL: [libjvm.so+0x67a9d0], sa_mask[0]=0x7ffbfeff, sa_flags=0x10000004
SIGUSR1: SIG_DFL, sa_mask[0]=0x00000000, sa_flags=0x00000000
SIGUSR2: [libjvm.so+0x67a820], sa_mask[0]=0x00000004, sa_flags=0x10000004
SIGHUP: [libjvm.so+0x67aa80], sa_mask[0]=0x7ffbfeff, sa_flags=0x10000004
SIGINT: [libjvm.so+0x67aa80], sa_mask[0]=0x7ffbfeff, sa_flags=0x10000004
SIGTERM: [libjvm.so+0x67aa80], sa_mask[0]=0x7ffbfeff, sa_flags=0x10000004
SIGQUIT: [libjvm.so+0x67aa80], sa_mask[0]=0x7ffbfeff, sa_flags=0x10000004
SIGTRAP: SIG_DFL, sa_mask[0]=0x00000000, sa_flags=0x00000000


---------------  S Y S T E M  ---------------

OS:Ubuntu 15.04 (vivid)
uname:Linux 3.19.0-18-generic #18-Ubuntu SMP Tue May 19 18:30:59 UTC 2015 i686
libc:glibc 2.21 NPTL 2.21 
rlimit: STACK 8192k, CORE 0k, NPROC 32177, NOFILE 65536, AS infinity
load average:2.85 1.95 1.63

/proc/meminfo:
MemTotal:        4139540 kB
MemFree:          251252 kB
MemAvailable:     186824 kB
Buffers:           13492 kB
Cached:            63116 kB
SwapCached:            0 kB
Active:          3479912 kB
Inactive:          58160 kB
Active(anon):    3463204 kB
Inactive(anon):    37904 kB
Active(file):      16708 kB
Inactive(file):    20256 kB
Unevictable:          32 kB
Mlocked:              32 kB
HighTotal:       3280776 kB
HighFree:          61552 kB
LowTotal:         858764 kB
LowFree:          189700 kB
SwapTotal:             0 kB
SwapFree:              0 kB
Dirty:                16 kB
Writeback:             0 kB
AnonPages:       3462064 kB
Mapped:            42680 kB
Shmem:             39076 kB
Slab:              49224 kB
SReclaimable:      23492 kB
SUnreclaim:        25732 kB
KernelStack:        4912 kB
PageTables:        14768 kB
NFS_Unstable:          0 kB
Bounce:                0 kB
WritebackTmp:          0 kB
CommitLimit:     2069768 kB
Committed_AS:    6020192 kB
VmallocTotal:     122880 kB
VmallocUsed:       23416 kB
VmallocChunk:      49124 kB
AnonHugePages:   2627584 kB
CmaTotal:              0 kB
CmaFree:               0 kB
HugePages_Total:       0
HugePages_Free:        0
HugePages_Rsvd:        0
HugePages_Surp:        0
Hugepagesize:       2048 kB
DirectMap4k:       61432 kB
DirectMap2M:      851968 kB


CPU:total 4 (1 cores per cpu, 1 threads per core) family 6 model 58 stepping 9, cmov, cx8, fxsr, mmx, sse, sse2, sse3, ssse3, sse4.1, sse4.2, popcnt, avx, aes, erms, tsc, tscinvbit, tscinv

/proc/cpuinfo:
processor	: 0
vendor_id	: GenuineIntel
cpu family	: 6
model		: 58
model name	: Intel(R) Core(TM) i5-3210M CPU @ 2.50GHz
stepping	: 9
microcode	: 0x15
cpu MHz		: 2494.111
cache size	: 3072 KB
physical id	: 0
siblings	: 1
core id		: 0
cpu cores	: 1
apicid		: 0
initial apicid	: 0
fdiv_bug	: no
f00f_bug	: no
coma_bug	: no
fpu		: yes
fpu_exception	: yes
cpuid level	: 13
wp		: yes
flags		: fpu vme de pse tsc msr pae mce cx8 apic sep mtrr pge mca cmov pat pse36 clflush dts mmx fxsr sse sse2 ss nx rdtscp lm constant_tsc arch_perfmon pebs bts xtopology tsc_reliable nonstop_tsc aperfmperf pni pclmulqdq ssse3 cx16 pcid sse4_1 sse4_2 x2apic popcnt tsc_deadline_timer aes xsave avx f16c rdrand hypervisor lahf_lm ida arat epb pln pts dtherm fsgsbase tsc_adjust smep
bugs		:
bogomips	: 4988.22
clflush size	: 64
cache_alignment	: 64
address sizes	: 42 bits physical, 48 bits virtual
power management:

processor	: 1
vendor_id	: GenuineIntel
cpu family	: 6
model		: 58
model name	: Intel(R) Core(TM) i5-3210M CPU @ 2.50GHz
stepping	: 9
microcode	: 0x15
cpu MHz		: 2494.111
cache size	: 3072 KB
physical id	: 2
siblings	: 1
core id		: 0
cpu cores	: 1
apicid		: 2
initial apicid	: 2
fdiv_bug	: no
f00f_bug	: no
coma_bug	: no
fpu		: yes
fpu_exception	: yes
cpuid level	: 13
wp		: yes
flags		: fpu vme de pse tsc msr pae mce cx8 apic sep mtrr pge mca cmov pat pse36 clflush dts mmx fxsr sse sse2 ss nx rdtscp lm constant_tsc arch_perfmon pebs bts xtopology tsc_reliable nonstop_tsc aperfmperf pni pclmulqdq ssse3 cx16 pcid sse4_1 sse4_2 x2apic popcnt tsc_deadline_timer aes xsave avx f16c rdrand hypervisor lahf_lm ida arat epb pln pts dtherm fsgsbase tsc_adjust smep
bugs		:
bogomips	: 4988.22
clflush size	: 64
cache_alignment	: 64
address sizes	: 42 bits physical, 48 bits virtual
power management:

processor	: 2
vendor_id	: GenuineIntel
cpu family	: 6
model		: 58
model name	: Intel(R) Core(TM) i5-3210M CPU @ 2.50GHz
stepping	: 9
microcode	: 0x15
cpu MHz		: 2494.111
cache size	: 3072 KB
physical id	: 4
siblings	: 1
core id		: 0
cpu cores	: 1
apicid		: 4
initial apicid	: 4
fdiv_bug	: no
f00f_bug	: no
coma_bug	: no
fpu		: yes
fpu_exception	: yes
cpuid level	: 13
wp		: yes
flags		: fpu vme de pse tsc msr pae mce cx8 apic sep mtrr pge mca cmov pat pse36 clflush dts mmx fxsr sse sse2 ss nx rdtscp lm constant_tsc arch_perfmon pebs bts xtopology tsc_reliable nonstop_tsc aperfmperf pni pclmulqdq ssse3 cx16 pcid sse4_1 sse4_2 x2apic popcnt tsc_deadline_timer aes xsave avx f16c rdrand hypervisor lahf_lm ida arat epb pln pts dtherm fsgsbase tsc_adjust smep
bugs		:
bogomips	: 4988.22
clflush size	: 64
cache_alignment	: 64
address sizes	: 42 bits physical, 48 bits virtual
power management:

processor	: 3
vendor_id	: GenuineIntel
cpu family	: 6
model		: 58
model name	: Intel(R) Core(TM) i5-3210M CPU @ 2.50GHz
stepping	: 9
microcode	: 0x15
cpu MHz		: 2494.111
cache size	: 3072 KB
physical id	: 6
siblings	: 1
core id		: 0
cpu cores	: 1
apicid		: 6
initial apicid	: 6
fdiv_bug	: no
f00f_bug	: no
coma_bug	: no
fpu		: yes
fpu_exception	: yes
cpuid level	: 13
wp		: yes
flags		: fpu vme de pse tsc msr pae mce cx8 apic sep mtrr pge mca cmov pat pse36 clflush dts mmx fxsr sse sse2 ss nx rdtscp lm constant_tsc arch_perfmon pebs bts xtopology tsc_reliable nonstop_tsc aperfmperf pni pclmulqdq ssse3 cx16 pcid sse4_1 sse4_2 x2apic popcnt tsc_deadline_timer aes xsave avx f16c rdrand hypervisor lahf_lm ida arat epb pln pts dtherm fsgsbase tsc_adjust smep
bugs		:
bogomips	: 4988.22
clflush size	: 64
cache_alignment	: 64
address sizes	: 42 bits physical, 48 bits virtual
power management:



Memory: 4k page, physical 4139540k(250632k free), swap 0k(0k free)

vm_info: OpenJDK Server VM (24.91-b01) for linux-x86 JRE (1.7.0_91-b02), built on Nov 19 2015 06:25:06 by "buildd" with gcc 4.9.2

time: Tue May  3 15:50:17 2016
elapsed time: 13 seconds

