#
# There is insufficient memory for the Java Runtime Environment to continue.
# Native memory allocation (malloc) failed to allocate 76546048 bytes for committing reserved memory.
# Possible reasons:
#   The system is out of physical RAM or swap space
#   In 32 bit mode, the process size limit was hit
# Possible solutions:
#   Reduce memory load on the system
#   Increase physical memory or swap space
#   Check if swap backing store is full
#   Use 64 bit Java on a 64 bit OS
#   Decrease Java heap size (-Xmx/-Xms)
#   Decrease number of Java threads
#   Decrease Java thread stack sizes (-Xss)
#   Set larger code cache with -XX:ReservedCodeCacheSize=
# This output file may be truncated or incomplete.
#
#  Out of Memory Error (os_linux.cpp:2827), pid=7600, tid=1740430144
#
# JRE version: OpenJDK Runtime Environment (7.0_91-b02) (build 1.7.0_91-b02)
# Java VM: OpenJDK Server VM (24.91-b01 mixed mode linux-x86 )
# Derivative: IcedTea 2.6.3
# Distribution: Ubuntu 15.04, package 7u91-2.6.3-0ubuntu0.15.04.1
# Failed to write core dump. Core dumps have been disabled. To enable core dumping, try "ulimit -c unlimited" before starting Java again
#

---------------  T H R E A D  ---------------

Current thread (0x67a81400):  VMThread [stack: 0x67b4d000,0x67bce000] [id=7612]

Stack: [0x67b4d000,0x67bce000]
VM_Operation (0x669f1aa4): ParallelGCFailedAllocation, mode: safepoint, requested by thread 0x6704e400


---------------  P R O C E S S  ---------------

Java Threads: ( => current thread )
  0x6704e400 JavaThread "pool-2-thread-4" [_thread_blocked, id=7654, stack(0x669a2000,0x669f3000)]
  0x6704d000 JavaThread "pool-2-thread-3" [_thread_blocked, id=7653, stack(0x669f3000,0x66a44000)]
  0x6704c000 JavaThread "pool-2-thread-2" [_thread_blocked, id=7651, stack(0x66a44000,0x66a95000)]
  0x6704a800 JavaThread "pool-3-thread-1" [_thread_blocked, id=7649, stack(0x66a95000,0x66ae6000)]
  0x67048400 JavaThread "pool-2-thread-1" [_thread_blocked, id=7647, stack(0x6711a000,0x6716b000)]
  0x67aed800 JavaThread "Service Thread" daemon [_thread_blocked, id=7628, stack(0x67262000,0x672b3000)]
  0x67aeb800 JavaThread "C2 CompilerThread1" daemon [_thread_blocked, id=7627, stack(0x672b3000,0x67334000)]
  0x67aea400 JavaThread "C2 CompilerThread0" daemon [_thread_blocked, id=7626, stack(0x67334000,0x673b5000)]
  0x67a97400 JavaThread "Signal Dispatcher" daemon [_thread_blocked, id=7622, stack(0x6790d000,0x6795e000)]
  0x67a85800 JavaThread "Finalizer" daemon [_thread_blocked, id=7615, stack(0x6795e000,0x679af000)]
  0x67a83c00 JavaThread "Reference Handler" daemon [_thread_blocked, id=7613, stack(0x679af000,0x67a00000)]
  0xb6208400 JavaThread "main" [_thread_blocked, id=7605, stack(0xb638d000,0xb63de000)]

Other Threads:
=>0x67a81400 VMThread [stack: 0x67b4d000,0x67bce000] [id=7612]
  0x67aef800 WatcherThread [stack: 0x671e1000,0x67262000] [id=7629]

VM state:at safepoint (normal execution)

VM Mutex/Monitor currently owned by a thread:  ([mutex/lock_event])
[0xb6205e40] Threads_lock - owner thread: 0x67a81400
[0xb6206250] Heap_lock - owner thread: 0x6704e400

Heap
 PSYoungGen      total 75520K, used 9975K [0x9db80000, 0xa3000000, 0xb3100000)
  eden space 65536K, 0% used [0x9db80000,0x9db80000,0xa1b80000)
  from space 9984K, 99% used [0xa1b80000,0xa253dfc8,0xa2540000)
  to   space 8960K, 0% used [0xa2540000,0xa2540000,0xa2e00000)
 ParOldGen       total 43008K, used 19784K [0x73100000, 0x75b00000, 0x9db80000)
  object space 43008K, 46% used [0x73100000,0x744521c8,0x75b00000)
 PSPermGen       total 16384K, used 4296K [0x6b100000, 0x6c100000, 0x73100000)
  object space 16384K, 26% used [0x6b100000,0x6b532020,0x6c100000)

Card table byte_map: [0x6aebf000,0x6b100000] byte_map_base: 0x6ab66800

Polling page: 0xb7714000

Code Cache  [0xb31f2000, 0xb3432000, 0xb61f2000)
 total_blobs=400 nmethods=277 adapters=76 free_code_cache=48202Kb largest_free_block=49337088

Compilation events (10 events):
Event: 15.315 Thread 0x67aea400 nmethod 276 0xb32c52c8 code [0xb32c53c0, 0xb32c54f0]
Event: 15.316 Thread 0x67aea400  277             com.android.dx.ssa.back.SsaToRop::removePhiFunctions (83 bytes)
Event: 15.407 Thread 0x67aea400 nmethod 277 0xb32c7c48 code [0xb32c7de0, 0xb32c869c]
Event: 15.407 Thread 0x67aea400  278             java.lang.AbstractStringBuilder::append (48 bytes)
Event: 15.436 Thread 0x67aea400 nmethod 278 0xb32e2c48 code [0xb32e2d60, 0xb32e3110]
Event: 15.437 Thread 0x67aea400  279             java.lang.String::getChars (62 bytes)
Event: 15.499 Thread 0x67aea400 nmethod 279 0xb32e1048 code [0xb32e1140, 0xb32e1290]
Event: 15.499 Thread 0x67aea400  280             com.android.dx.util.LabeledList::set (45 bytes)
Event: 15.517 Thread 0x67aea400 nmethod 280 0xb32e2688 code [0xb32e27c0, 0xb32e29c4]
Event: 15.517 Thread 0x67aea400  281   !         com.android.dx.cf.code.Ropper::processBlock (1101 bytes)

GC Heap History (10 events):
Event: 3.624 GC heap after
Heap after GC invocations=2 (full 0):
 PSYoungGen      total 19200K, used 2558K [0x9db80000, 0x9f0c0000, 0xb3100000)
  eden space 16640K, 0% used [0x9db80000,0x9db80000,0x9ebc0000)
  from space 2560K, 99% used [0x9ee40000,0x9f0bfa38,0x9f0c0000)
  to   space 2560K, 0% used [0x9ebc0000,0x9ebc0000,0x9ee40000)
 ParOldGen       total 43008K, used 1404K [0x73100000, 0x75b00000, 0x9db80000)
  object space 43008K, 3% used [0x73100000,0x7325f338,0x75b00000)
 PSPermGen       total 16384K, used 4164K [0x6b100000, 0x6c100000, 0x73100000)
  object space 16384K, 25% used [0x6b100000,0x6b511128,0x6c100000)
}
Event: 4.940 GC heap before
{Heap before GC invocations=3 (full 0):
 PSYoungGen      total 19200K, used 19198K [0x9db80000, 0x9f0c0000, 0xb3100000)
  eden space 16640K, 100% used [0x9db80000,0x9ebc0000,0x9ebc0000)
  from space 2560K, 99% used [0x9ee40000,0x9f0bfa38,0x9f0c0000)
  to   space 2560K, 0% used [0x9ebc0000,0x9ebc0000,0x9ee40000)
 ParOldGen       total 43008K, used 1404K [0x73100000, 0x75b00000, 0x9db80000)
  object space 43008K, 3% used [0x73100000,0x7325f338,0x75b00000)
 PSPermGen       total 16384K, used 4214K [0x6b100000, 0x6c100000, 0x73100000)
  object space 16384K, 25% used [0x6b100000,0x6b51d838,0x6c100000)
Event: 4.980 GC heap after
Heap after GC invocations=3 (full 0):
 PSYoungGen      total 19200K, used 2557K [0x9db80000, 0xa0100000, 0xb3100000)
  eden space 16640K, 0% used [0x9db80000,0x9db80000,0x9ebc0000)
  from space 2560K, 99% used [0x9ebc0000,0x9ee3f6f0,0x9ee40000)
  to   space 2560K, 0% used [0x9fe80000,0x9fe80000,0xa0100000)
 ParOldGen       total 43008K, used 4633K [0x73100000, 0x75b00000, 0x9db80000)
  object space 43008K, 10% used [0x73100000,0x735867e0,0x75b00000)
 PSPermGen       total 16384K, used 4214K [0x6b100000, 0x6c100000, 0x73100000)
  object space 16384K, 25% used [0x6b100000,0x6b51d838,0x6c100000)
}
Event: 6.646 GC heap before
{Heap before GC invocations=4 (full 0):
 PSYoungGen      total 19200K, used 19197K [0x9db80000, 0xa0100000, 0xb3100000)
  eden space 16640K, 100% used [0x9db80000,0x9ebc0000,0x9ebc0000)
  from space 2560K, 99% used [0x9ebc0000,0x9ee3f6f0,0x9ee40000)
  to   space 2560K, 0% used [0x9fe80000,0x9fe80000,0xa0100000)
 ParOldGen       total 43008K, used 4633K [0x73100000, 0x75b00000, 0x9db80000)
  object space 43008K, 10% used [0x73100000,0x735867e0,0x75b00000)
 PSPermGen       total 16384K, used 4239K [0x6b100000, 0x6c100000, 0x73100000)
  object space 16384K, 25% used [0x6b100000,0x6b523ef0,0x6c100000)
Event: 6.744 GC heap after
Heap after GC invocations=4 (full 0):
 PSYoungGen      total 35840K, used 2548K [0x9db80000, 0xa0100000, 0xb3100000)
  eden space 33280K, 0% used [0x9db80000,0x9db80000,0x9fc00000)
  from space 2560K, 99% used [0x9fe80000,0xa00fd190,0xa0100000)
  to   space 2560K, 0% used [0x9fc00000,0x9fc00000,0x9fe80000)
 ParOldGen       total 43008K, used 7514K [0x73100000, 0x75b00000, 0x9db80000)
  object space 43008K, 17% used [0x73100000,0x73856b70,0x75b00000)
 PSPermGen       total 16384K, used 4239K [0x6b100000, 0x6c100000, 0x73100000)
  object space 16384K, 25% used [0x6b100000,0x6b523ef0,0x6c100000)
}
Event: 10.083 GC heap before
{Heap before GC invocations=5 (full 0):
 PSYoungGen      total 35840K, used 35828K [0x9db80000, 0xa0100000, 0xb3100000)
  eden space 33280K, 100% used [0x9db80000,0x9fc00000,0x9fc00000)
  from space 2560K, 99% used [0x9fe80000,0xa00fd190,0xa0100000)
  to   space 2560K, 0% used [0x9fc00000,0x9fc00000,0x9fe80000)
 ParOldGen       total 43008K, used 7514K [0x73100000, 0x75b00000, 0x9db80000)
  object space 43008K, 17% used [0x73100000,0x73856b70,0x75b00000)
 PSPermGen       total 16384K, used 4254K [0x6b100000, 0x6c100000, 0x73100000)
  object space 16384K, 25% used [0x6b100000,0x6b527b48,0x6c100000)
Event: 10.388 GC heap after
Heap after GC invocations=5 (full 0):
 PSYoungGen      total 35840K, used 2554K [0x9db80000, 0xa2e00000, 0xb3100000)
  eden space 33280K, 0% used [0x9db80000,0x9db80000,0x9fc00000)
  from space 2560K, 99% used [0x9fc00000,0x9fe7e8d8,0x9fe80000)
  to   space 8960K, 0% used [0xa2540000,0xa2540000,0xa2e00000)
 ParOldGen       total 43008K, used 12861K [0x73100000, 0x75b00000, 0x9db80000)
  object space 43008K, 29% used [0x73100000,0x73d8f760,0x75b00000)
 PSPermGen       total 16384K, used 4254K [0x6b100000, 0x6c100000, 0x73100000)
  object space 16384K, 25% used [0x6b100000,0x6b527b48,0x6c100000)
}
Event: 13.264 GC heap before
{Heap before GC invocations=6 (full 0):
 PSYoungGen      total 35840K, used 35834K [0x9db80000, 0xa2e00000, 0xb3100000)
  eden space 33280K, 100% used [0x9db80000,0x9fc00000,0x9fc00000)
  from space 2560K, 99% used [0x9fc00000,0x9fe7e8d8,0x9fe80000)
  to   space 8960K, 0% used [0xa2540000,0xa2540000,0xa2e00000)
 ParOldGen       total 43008K, used 12861K [0x73100000, 0x75b00000, 0x9db80000)
  object space 43008K, 29% used [0x73100000,0x73d8f760,0x75b00000)
 PSPermGen       total 16384K, used 4271K [0x6b100000, 0x6c100000, 0x73100000)
  object space 16384K, 26% used [0x6b100000,0x6b52bd58,0x6c100000)
Event: 13.410 GC heap after
Heap after GC invocations=6 (full 0):
 PSYoungGen      total 74496K, used 7876K [0x9db80000, 0xa3000000, 0xb3100000)
  eden space 65536K, 0% used [0x9db80000,0x9db80000,0xa1b80000)
  from space 8960K, 87% used [0xa2540000,0xa2cf1128,0xa2e00000)
  to   space 9984K, 0% used [0xa1b80000,0xa1b80000,0xa2540000)
 ParOldGen       total 43008K, used 12861K [0x73100000, 0x75b00000, 0x9db80000)
  object space 43008K, 29% used [0x73100000,0x73d8f760,0x75b00000)
 PSPermGen       total 16384K, used 4271K [0x6b100000, 0x6c100000, 0x73100000)
  object space 16384K, 26% used [0x6b100000,0x6b52bd58,0x6c100000)
}
Event: 18.133 GC heap before
{Heap before GC invocations=7 (full 0):
 PSYoungGen      total 74496K, used 73412K [0x9db80000, 0xa3000000, 0xb3100000)
  eden space 65536K, 100% used [0x9db80000,0xa1b80000,0xa1b80000)
  from space 8960K, 87% used [0xa2540000,0xa2cf1128,0xa2e00000)
  to   space 9984K, 0% used [0xa1b80000,0xa1b80000,0xa2540000)
 ParOldGen       total 43008K, used 12861K [0x73100000, 0x75b00000, 0x9db80000)
  object space 43008K, 29% used [0x73100000,0x73d8f760,0x75b00000)
 PSPermGen       total 16384K, used 4296K [0x6b100000, 0x6c100000, 0x73100000)
  object space 16384K, 26% used [0x6b100000,0x6b532020,0x6c100000)

Deoptimization events (10 events):
Event: 1.059 Thread 0xb6208400 Uncommon trap: reason=unstable_if action=reinterpret pc=0xb323afb8 method=java.lang.String.indexOf(II)I @ 49
Event: 1.442 Thread 0xb6208400 Uncommon trap: reason=unstable_if action=reinterpret pc=0xb323e7fc method=java.lang.String.compareTo(Ljava/lang/String;)I @ 38
Event: 1.700 Thread 0x6704c000 Uncommon trap: reason=unstable_if action=reinterpret pc=0xb32447e0 method=java.lang.String.compareTo(Ljava/lang/String;)I @ 38
Event: 2.711 Thread 0x67048400 Uncommon trap: reason=unstable_if action=reinterpret pc=0xb3250f8c method=com.android.dx.ssa.SsaRenamer$BlockRenamer.addMapping(ILcom/android/dx/rop/code/RegisterSpec;)V @ 120
Event: 3.331 Thread 0x67048400 Uncommon trap: reason=unstable_if action=reinterpret pc=0xb3254ac8 method=com.android.dx.rop.code.RegisterSpec.equals(ILcom/android/dx/rop/type/TypeBearer;Lcom/android/dx/rop/code/LocalItem;)Z @ 42
Event: 5.457 Thread 0xb6208400 Uncommon trap: reason=unstable_if action=reinterpret pc=0xb324e4d4 method=com.android.dx.rop.cst.Constant.compareTo(Lcom/android/dx/rop/cst/Constant;)I @ 12
Event: 7.096 Thread 0xb6208400 Uncommon trap: reason=unstable_if action=reinterpret pc=0xb3269bec method=com.android.dx.util.IntList.binarysearch(I)I @ 105
Event: 7.121 Thread 0x6704d000 Uncommon trap: reason=unstable_if action=reinterpret pc=0xb3285e78 method=com.android.dx.ssa.LocalVariableExtractor.processBlock(I)V @ 251
Event: 10.479 Thread 0xb6208400 Uncommon trap: reason=unstable_if action=reinterpret pc=0xb32a2180 method=com.android.dx.ssa.Dominators.run()V @ 346
Event: 11.950 Thread 0xb6208400 Uncommon trap: reason=null_check action=make_not_entrant pc=0xb32acc10 method=com.android.dx.rop.type.Type.putIntern(Lcom/android/dx/rop/type/Type;)Lcom/android/dx/rop/type/Type; @ 18

Internal exceptions (10 events):
Event: 2.185 Thread 0x67048400 Threw 0x9dd17ba8 at /build/openjdk-7-PdBaKN/openjdk-7-7u91-2.6.3/build/openjdk/hotspot/src/share/vm/prims/jvm.cpp:1322
Event: 2.243 Thread 0xb6208400 Threw 0x9dc84c00 at /build/openjdk-7-PdBaKN/openjdk-7-7u91-2.6.3/build/openjdk/hotspot/src/share/vm/prims/jvm.cpp:1322
Event: 2.460 Thread 0x6704d000 Threw 0x9df954e0 at /build/openjdk-7-PdBaKN/openjdk-7-7u91-2.6.3/build/openjdk/hotspot/src/share/vm/prims/jvm.cpp:1322
Event: 2.945 Thread 0x67048400 Threw 0x9e4649a0 at /build/openjdk-7-PdBaKN/openjdk-7-7u91-2.6.3/build/openjdk/hotspot/src/share/vm/prims/jvm.cpp:1322
Event: 2.989 Thread 0x6704e400 Threw 0x9e49e540 at /build/openjdk-7-PdBaKN/openjdk-7-7u91-2.6.3/build/openjdk/hotspot/src/share/vm/prims/jvm.cpp:1322
Event: 4.265 Thread 0xb6208400 Threw 0x9e4820e0 at /build/openjdk-7-PdBaKN/openjdk-7-7u91-2.6.3/build/openjdk/hotspot/src/share/vm/prims/jvm.cpp:1322
Event: 8.284 Thread 0x6704c000 Threw 0x9e9a5390 at /build/openjdk-7-PdBaKN/openjdk-7-7u91-2.6.3/build/openjdk/hotspot/src/share/vm/prims/jvm.cpp:1322
Event: 10.410 Thread 0x6704e400 Threw 0x9dc2ad40 at /build/openjdk-7-PdBaKN/openjdk-7-7u91-2.6.3/build/openjdk/hotspot/src/share/vm/prims/jvm.cpp:1322
Event: 11.950 Thread 0xb6208400 Implicit null exception at 0xb32ac69a to 0xb32acc05
Event: 15.272 Thread 0xb6208400 Threw 0x9f1e3f60 at /build/openjdk-7-PdBaKN/openjdk-7-7u91-2.6.3/build/openjdk/hotspot/src/share/vm/prims/jvm.cpp:1322

Events (10 events):
Event: 13.424 Executing VM operation: RevokeBias
Event: 13.430 Executing VM operation: RevokeBias done
Event: 13.432 Executing VM operation: RevokeBias
Event: 13.455 Executing VM operation: RevokeBias done
Event: 13.455 Executing VM operation: BulkRevokeBias
Event: 13.455 Executing VM operation: BulkRevokeBias done
Event: 14.311 Thread 0x67aea400 flushing nmethod 0xb3254688
Event: 15.272 loading class 0x67af4d88
Event: 15.272 loading class 0x67af4d88 done
Event: 18.086 Executing VM operation: ParallelGCFailedAllocation


Dynamic libraries:
08048000-08049000 r-xp 00000000 08:01 804961     /usr/lib/jvm/java-7-openjdk-i386/jre/bin/java
08049000-0804a000 r--p 00000000 08:01 804961     /usr/lib/jvm/java-7-openjdk-i386/jre/bin/java
0804a000-0804b000 rw-p 00001000 08:01 804961     /usr/lib/jvm/java-7-openjdk-i386/jre/bin/java
0917e000-091ea000 rw-p 00000000 00:00 0          [heap]
65000000-650c4000 rw-p 00000000 00:00 0 
650c4000-65100000 ---p 00000000 00:00 0 
65100000-651d3000 rw-p 00000000 00:00 0 
651d3000-65200000 ---p 00000000 00:00 0 
65200000-652f9000 rw-p 00000000 00:00 0 
652f9000-65300000 ---p 00000000 00:00 0 
65300000-653ed000 rw-p 00000000 00:00 0 
653ed000-65400000 ---p 00000000 00:00 0 
65400000-654fc000 rw-p 00000000 00:00 0 
654fc000-65500000 ---p 00000000 00:00 0 
65500000-655f9000 rw-p 00000000 00:00 0 
655f9000-65600000 ---p 00000000 00:00 0 
65600000-656fd000 rw-p 00000000 00:00 0 
656fd000-65700000 ---p 00000000 00:00 0 
65700000-657f1000 rw-p 00000000 00:00 0 
657f1000-65800000 ---p 00000000 00:00 0 
65800000-658fb000 rw-p 00000000 00:00 0 
658fb000-65900000 ---p 00000000 00:00 0 
65900000-659ea000 rw-p 00000000 00:00 0 
659ea000-65a00000 ---p 00000000 00:00 0 
65a00000-65afe000 rw-p 00000000 00:00 0 
65afe000-65b00000 ---p 00000000 00:00 0 
65b00000-65bf5000 rw-p 00000000 00:00 0 
65bf5000-65c00000 ---p 00000000 00:00 0 
65c00000-65c95000 rw-p 00000000 00:00 0 
65c95000-65d00000 ---p 00000000 00:00 0 
65d00000-65dc2000 rw-p 00000000 00:00 0 
65dc2000-65e00000 ---p 00000000 00:00 0 
65e00000-65efc000 rw-p 00000000 00:00 0 
65efc000-65f00000 ---p 00000000 00:00 0 
66000000-660f2000 rw-p 00000000 00:00 0 
660f2000-66100000 ---p 00000000 00:00 0 
66124000-66200000 rw-p 00000000 00:00 0 
66200000-662e7000 rw-p 00000000 00:00 0 
662e7000-66300000 ---p 00000000 00:00 0 
66300000-663f5000 rw-p 00000000 00:00 0 
663f5000-66400000 ---p 00000000 00:00 0 
66400000-664fd000 rw-p 00000000 00:00 0 
664fd000-66500000 ---p 00000000 00:00 0 
66500000-66600000 rw-p 00000000 00:00 0 
66600000-666fa000 rw-p 00000000 00:00 0 
666fa000-66700000 ---p 00000000 00:00 0 
66700000-667f8000 rw-p 00000000 00:00 0 
667f8000-66800000 ---p 00000000 00:00 0 
66800000-668ea000 rw-p 00000000 00:00 0 
668ea000-66900000 ---p 00000000 00:00 0 
6691b000-669a2000 rw-p 00000000 00:00 0 
669a2000-669a5000 ---p 00000000 00:00 0 
669a5000-669f3000 rw-p 00000000 00:00 0          [stack:7654]
669f3000-669f6000 ---p 00000000 00:00 0 
669f6000-66a44000 rw-p 00000000 00:00 0          [stack:7653]
66a44000-66a47000 ---p 00000000 00:00 0 
66a47000-66a95000 rw-p 00000000 00:00 0          [stack:7651]
66a95000-66a98000 ---p 00000000 00:00 0 
66a98000-66ca7000 rw-p 00000000 00:00 0          [stack:7649]
66ca7000-66d17000 r-xp 00000000 08:01 394656     /lib/i386-linux-gnu/libpcre.so.3.13.1
66d17000-66d18000 r--p 0006f000 08:01 394656     /lib/i386-linux-gnu/libpcre.so.3.13.1
66d18000-66d19000 rw-p 00070000 08:01 394656     /lib/i386-linux-gnu/libpcre.so.3.13.1
66d19000-66e3f000 r-xp 00000000 08:01 394573     /lib/i386-linux-gnu/libglib-2.0.so.0.4400.0
66e3f000-66e40000 r--p 00125000 08:01 394573     /lib/i386-linux-gnu/libglib-2.0.so.0.4400.0
66e40000-66e41000 rw-p 00126000 08:01 394573     /lib/i386-linux-gnu/libglib-2.0.so.0.4400.0
66e41000-66ffa000 r-xp 00000000 08:01 137357     /usr/lib/i386-linux-gnu/libgio-2.0.so.0.4400.0
66ffa000-66ffd000 r--p 001b8000 08:01 137357     /usr/lib/i386-linux-gnu/libgio-2.0.so.0.4400.0
66ffd000-66fff000 rw-p 001bb000 08:01 137357     /usr/lib/i386-linux-gnu/libgio-2.0.so.0.4400.0
66fff000-67000000 rw-p 00000000 00:00 0 
67000000-67078000 rw-p 00000000 00:00 0 
67078000-67100000 ---p 00000000 00:00 0 
6711a000-6711d000 ---p 00000000 00:00 0 
6711d000-6716b000 rw-p 00000000 00:00 0          [stack:7647]
6716b000-6717f000 r-xp 00000000 08:01 394679     /lib/i386-linux-gnu/libresolv-2.21.so
6717f000-67181000 r--p 00013000 08:01 394679     /lib/i386-linux-gnu/libresolv-2.21.so
67181000-67182000 rw-p 00015000 08:01 394679     /lib/i386-linux-gnu/libresolv-2.21.so
67182000-67184000 rw-p 00000000 00:00 0 
67184000-671df000 r-xp 00000000 08:01 137385     /usr/lib/i386-linux-gnu/libgobject-2.0.so.0.4400.0
671df000-671e0000 r--p 0005b000 08:01 137385     /usr/lib/i386-linux-gnu/libgobject-2.0.so.0.4400.0
671e0000-671e1000 rw-p 0005c000 08:01 137385     /usr/lib/i386-linux-gnu/libgobject-2.0.so.0.4400.0
671e1000-671e2000 ---p 00000000 00:00 0 
671e2000-67262000 rw-p 00000000 00:00 0          [stack:7629]
67262000-67265000 ---p 00000000 00:00 0 
67265000-672b3000 rw-p 00000000 00:00 0          [stack:7628]
672b3000-672b6000 ---p 00000000 00:00 0 
672b6000-67334000 rw-p 00000000 00:00 0          [stack:7627]
67334000-67337000 ---p 00000000 00:00 0 
67337000-673b5000 rw-p 00000000 00:00 0          [stack:7626]
673b5000-674fc000 r-xp 00000000 08:01 136931     /usr/lib/i386-linux-gnu/libX11.so.6.3.0
674fc000-674fd000 r--p 00146000 08:01 136931     /usr/lib/i386-linux-gnu/libX11.so.6.3.0
674fd000-674ff000 rw-p 00147000 08:01 136931     /usr/lib/i386-linux-gnu/libX11.so.6.3.0
674ff000-67500000 rw-p 00000000 00:00 0 
67500000-67700000 r--p 00000000 08:01 143362     /usr/lib/locale/locale-archive
67700000-67721000 rw-p 00000000 00:00 0 
67721000-67800000 ---p 00000000 00:00 0 
67800000-67900000 rw-p 00000000 00:00 0 
6790d000-67910000 ---p 00000000 00:00 0 
67910000-6795e000 rw-p 00000000 00:00 0          [stack:7622]
6795e000-67961000 ---p 00000000 00:00 0 
67961000-679af000 rw-p 00000000 00:00 0          [stack:7615]
679af000-679b2000 ---p 00000000 00:00 0 
679b2000-67a00000 rw-p 00000000 00:00 0          [stack:7613]
67a00000-67b00000 rw-p 00000000 00:00 0 
67b0f000-67b33000 r-xp 00000000 08:01 394683     /lib/i386-linux-gnu/libselinux.so.1
67b33000-67b34000 r--p 00024000 08:01 394683     /lib/i386-linux-gnu/libselinux.so.1
67b34000-67b35000 rw-p 00025000 08:01 394683     /lib/i386-linux-gnu/libselinux.so.1
67b35000-67b36000 rw-p 00000000 00:00 0 
67b4d000-67b4e000 ---p 00000000 00:00 0 
67b4e000-67bce000 rw-p 00000000 00:00 0          [stack:7612]
67bce000-67d80000 r--s 01d2e000 08:01 804984     /usr/lib/jvm/java-7-openjdk-i386/jre/lib/rt.jar
67d80000-6a600000 rw-p 00000000 00:00 0 
6a600000-6a6f5000 rw-p 00000000 00:00 0 
6a6f5000-6a700000 ---p 00000000 00:00 0 
6a701000-6a708000 r-xp 00000000 08:01 137254     /usr/lib/i386-linux-gnu/libffi.so.6.0.4
6a708000-6a70a000 r--p 00006000 08:01 137254     /usr/lib/i386-linux-gnu/libffi.so.6.0.4
6a70a000-6a70b000 rw-p 00008000 08:01 137254     /usr/lib/i386-linux-gnu/libffi.so.6.0.4
6a70b000-6a722000 r-xp 00000000 08:01 805027     /usr/lib/jvm/java-7-openjdk-i386/jre/lib/i386/libnet.so
6a722000-6a723000 r--p 00016000 08:01 805027     /usr/lib/jvm/java-7-openjdk-i386/jre/lib/i386/libnet.so
6a723000-6a724000 rw-p 00017000 08:01 805027     /usr/lib/jvm/java-7-openjdk-i386/jre/lib/i386/libnet.so
6a724000-6a734000 r-xp 00000000 08:01 804991     /usr/lib/jvm/java-7-openjdk-i386/jre/lib/i386/libnio.so
6a734000-6a735000 r--p 00010000 08:01 804991     /usr/lib/jvm/java-7-openjdk-i386/jre/lib/i386/libnio.so
6a735000-6a736000 rw-p 00011000 08:01 804991     /usr/lib/jvm/java-7-openjdk-i386/jre/lib/i386/libnio.so
6a736000-6a77f000 rw-p 00000000 00:00 0 
6a77f000-6a780000 ---p 00000000 00:00 0 
6a780000-6a800000 rw-p 00000000 00:00 0          [stack:7611]
6a800000-6a821000 rw-p 00000000 00:00 0 
6a821000-6a900000 ---p 00000000 00:00 0 
6a900000-6a921000 rw-p 00000000 00:00 0 
6a921000-6aa00000 ---p 00000000 00:00 0 
6aa02000-6aa22000 r-xp 00000000 08:01 138125     /usr/lib/i386-linux-gnu/libxcb.so.1.1.0
6aa22000-6aa23000 r--p 0001f000 08:01 138125     /usr/lib/i386-linux-gnu/libxcb.so.1.1.0
6aa23000-6aa24000 rw-p 00020000 08:01 138125     /usr/lib/i386-linux-gnu/libxcb.so.1.1.0
6aa24000-6aa7f000 rw-p 00000000 00:00 0 
6aa7f000-6aa80000 ---p 00000000 00:00 0 
6aa80000-6ab00000 rw-p 00000000 00:00 0          [stack:7610]
6ab00000-6ab46000 rw-p 00000000 00:00 0 
6ab46000-6ac00000 ---p 00000000 00:00 0 
6ac01000-6ac06000 r-xp 00000000 08:01 136946     /usr/lib/i386-linux-gnu/libXdmcp.so.6.0.0
6ac06000-6ac07000 r--p 00004000 08:01 136946     /usr/lib/i386-linux-gnu/libXdmcp.so.6.0.0
6ac07000-6ac08000 rw-p 00005000 08:01 136946     /usr/lib/i386-linux-gnu/libXdmcp.so.6.0.0
6ac08000-6ac0a000 r-xp 00000000 08:01 136935     /usr/lib/i386-linux-gnu/libXau.so.6.0.0
6ac0a000-6ac0b000 r--p 00001000 08:01 136935     /usr/lib/i386-linux-gnu/libXau.so.6.0.0
6ac0b000-6ac0c000 rw-p 00002000 08:01 136935     /usr/lib/i386-linux-gnu/libXau.so.6.0.0
6ac14000-6ac17000 r-xp 00000000 08:01 137371     /usr/lib/i386-linux-gnu/libgmodule-2.0.so.0.4400.0
6ac17000-6ac18000 r--p 00002000 08:01 137371     /usr/lib/i386-linux-gnu/libgmodule-2.0.so.0.4400.0
6ac18000-6ac19000 rw-p 00003000 08:01 137371     /usr/lib/i386-linux-gnu/libgmodule-2.0.so.0.4400.0
6ac19000-6ac23000 r--s 0008b000 08:01 945554     /home/student/test/HealthyBit/app/build/intermediates/exploded-aar/com.android.support/appcompat-v7/23.3.0/jars/classes.jar
6ac23000-6ac25000 r-xp 00000000 08:01 141618     /usr/lib/jayatana/libjayatanaag.so
6ac25000-6ac26000 r--p 00001000 08:01 141618     /usr/lib/jayatana/libjayatanaag.so
6ac26000-6ac27000 rw-p 00002000 08:01 141618     /usr/lib/jayatana/libjayatanaag.so
6ac27000-6ac28000 ---p 00000000 00:00 0 
6ac28000-6aca8000 rw-p 00000000 00:00 0          [stack:7609]
6aca8000-6aca9000 ---p 00000000 00:00 0 
6aca9000-6ad31000 rw-p 00000000 00:00 0          [stack:7607]
6ad31000-6ad69000 rw-p 00000000 00:00 0 
6ad69000-6ad7e000 rw-p 00000000 00:00 0 
6ad7e000-6aebf000 rw-p 00000000 00:00 0 
6aebf000-6aec7000 rw-p 00000000 00:00 0 
6aec7000-6aeff000 rw-p 00000000 00:00 0 
6aeff000-6af14000 rw-p 00000000 00:00 0 
6af14000-6b054000 rw-p 00000000 00:00 0 
6b054000-6b07f000 rw-p 00000000 00:00 0 
6b07f000-6b0ff000 rw-p 00000000 00:00 0 
6b0ff000-6c100000 rw-p 00000000 00:00 0 
6c100000-73100000 rw-p 00000000 00:00 0 
73100000-75b00000 rw-p 00000000 00:00 0 
75b00000-9db80000 rw-p 00000000 00:00 0 
9db80000-a3000000 rw-p 00000000 00:00 0 
a7900000-b3100000 rw-p 00000000 00:00 0 
b3100000-b310f000 r--s 000df000 08:01 1062595    /home/student/Android/Sdk/build-tools/23.0.3/lib/dx.jar
b310f000-b3113000 r--s 00085000 08:01 804976     /usr/lib/jvm/java-7-openjdk-i386/jre/lib/ext/localedata.jar
b3113000-b3117000 r--s 00034000 08:01 804978     /usr/lib/jvm/java-7-openjdk-i386/jre/lib/ext/sunjce_provider.jar
b3117000-b313b000 rw-p 00000000 00:00 0 
b313b000-b31f2000 rw-p 00000000 00:00 0 
b31f2000-b3432000 rwxp 00000000 00:00 0 
b3432000-b61f2000 rw-p 00000000 00:00 0 
b61f2000-b61fe000 r-xp 00000000 08:01 394626     /lib/i386-linux-gnu/libnss_files-2.21.so
b61fe000-b61ff000 r--p 0000b000 08:01 394626     /lib/i386-linux-gnu/libnss_files-2.21.so
b61ff000-b6200000 rw-p 0000c000 08:01 394626     /lib/i386-linux-gnu/libnss_files-2.21.so
b6200000-b6300000 rw-p 00000000 00:00 0 
b6302000-b6303000 r--s 00000000 08:01 414147     /usr/share/java/jayatanaag.jar
b6303000-b6307000 r--s 0003c000 08:01 804979     /usr/lib/jvm/java-7-openjdk-i386/jre/lib/ext/sunpkcs11.jar
b6307000-b6312000 r-xp 00000000 08:01 394636     /lib/i386-linux-gnu/libnss_nis-2.21.so
b6312000-b6313000 r--p 0000a000 08:01 394636     /lib/i386-linux-gnu/libnss_nis-2.21.so
b6313000-b6314000 rw-p 0000b000 08:01 394636     /lib/i386-linux-gnu/libnss_nis-2.21.so
b6314000-b632b000 r-xp 00000000 08:01 394620     /lib/i386-linux-gnu/libnsl-2.21.so
b632b000-b632c000 r--p 00016000 08:01 394620     /lib/i386-linux-gnu/libnsl-2.21.so
b632c000-b632d000 rw-p 00017000 08:01 394620     /lib/i386-linux-gnu/libnsl-2.21.so
b632d000-b632f000 rw-p 00000000 00:00 0 
b632f000-b6337000 r-xp 00000000 08:01 394622     /lib/i386-linux-gnu/libnss_compat-2.21.so
b6337000-b6338000 r--p 00007000 08:01 394622     /lib/i386-linux-gnu/libnss_compat-2.21.so
b6338000-b6339000 rw-p 00008000 08:01 394622     /lib/i386-linux-gnu/libnss_compat-2.21.so
b6339000-b633c000 r--s 0000f000 08:01 804977     /usr/lib/jvm/java-7-openjdk-i386/jre/lib/ext/icedtea-sound.jar
b633c000-b633e000 r--s 00012000 08:01 804975     /usr/lib/jvm/java-7-openjdk-i386/jre/lib/ext/zipfs.jar
b633e000-b6346000 r-xp 00000000 08:01 804995     /usr/lib/jvm/java-7-openjdk-i386/jre/lib/i386/libzip.so
b6346000-b6347000 r--p 00007000 08:01 804995     /usr/lib/jvm/java-7-openjdk-i386/jre/lib/i386/libzip.so
b6347000-b6348000 rw-p 00008000 08:01 804995     /usr/lib/jvm/java-7-openjdk-i386/jre/lib/i386/libzip.so
b6348000-b6350000 rw-s 00000000 08:01 429852     /tmp/hsperfdata_student/7600
b6350000-b635a000 r-xp 00000000 08:01 805017     /usr/lib/jvm/java-7-openjdk-i386/jre/lib/i386/libinstrument.so
b635a000-b635b000 r--p 00009000 08:01 805017     /usr/lib/jvm/java-7-openjdk-i386/jre/lib/i386/libinstrument.so
b635b000-b635c000 rw-p 0000a000 08:01 805017     /usr/lib/jvm/java-7-openjdk-i386/jre/lib/i386/libinstrument.so
b635c000-b6382000 r-xp 00000000 08:01 805003     /usr/lib/jvm/java-7-openjdk-i386/jre/lib/i386/libjava.so
b6382000-b6383000 r--p 00025000 08:01 805003     /usr/lib/jvm/java-7-openjdk-i386/jre/lib/i386/libjava.so
b6383000-b6384000 rw-p 00026000 08:01 805003     /usr/lib/jvm/java-7-openjdk-i386/jre/lib/i386/libjava.so
b6384000-b638b000 r-xp 00000000 08:01 394681     /lib/i386-linux-gnu/librt-2.21.so
b638b000-b638c000 r--p 00006000 08:01 394681     /lib/i386-linux-gnu/librt-2.21.so
b638c000-b638d000 rw-p 00007000 08:01 394681     /lib/i386-linux-gnu/librt-2.21.so
b638d000-b6390000 ---p 00000000 00:00 0 
b6390000-b63de000 rw-p 00000000 00:00 0          [stack:7605]
b63de000-b63fa000 r-xp 00000000 08:01 394569     /lib/i386-linux-gnu/libgcc_s.so.1
b63fa000-b63fb000 rw-p 0001b000 08:01 394569     /lib/i386-linux-gnu/libgcc_s.so.1
b63fb000-b6446000 r-xp 00000000 08:01 394599     /lib/i386-linux-gnu/libm-2.21.so
b6446000-b6447000 r--p 0004a000 08:01 394599     /lib/i386-linux-gnu/libm-2.21.so
b6447000-b6448000 rw-p 0004b000 08:01 394599     /lib/i386-linux-gnu/libm-2.21.so
b6448000-b6531000 r-xp 00000000 08:01 137921     /usr/lib/i386-linux-gnu/libstdc++.so.6.0.20
b6531000-b6535000 r--p 000e9000 08:01 137921     /usr/lib/i386-linux-gnu/libstdc++.so.6.0.20
b6535000-b6536000 rw-p 000ed000 08:01 137921     /usr/lib/i386-linux-gnu/libstdc++.so.6.0.20
b6536000-b653d000 rw-p 00000000 00:00 0 
b653d000-b7090000 r-xp 00000000 08:01 805013     /usr/lib/jvm/java-7-openjdk-i386/jre/lib/i386/server/libjvm.so
b7090000-b70e4000 r--p 00b52000 08:01 805013     /usr/lib/jvm/java-7-openjdk-i386/jre/lib/i386/server/libjvm.so
b70e4000-b70f8000 rw-p 00ba6000 08:01 805013     /usr/lib/jvm/java-7-openjdk-i386/jre/lib/i386/server/libjvm.so
b70f8000-b7517000 rw-p 00000000 00:00 0 
b7517000-b7530000 r-xp 00000000 08:01 394714     /lib/i386-linux-gnu/libz.so.1.2.8
b7530000-b7531000 r--p 00019000 08:01 394714     /lib/i386-linux-gnu/libz.so.1.2.8
b7531000-b7532000 rw-p 0001a000 08:01 394714     /lib/i386-linux-gnu/libz.so.1.2.8
b7532000-b754b000 r-xp 00000000 08:01 394673     /lib/i386-linux-gnu/libpthread-2.21.so
b754b000-b754c000 r--p 00018000 08:01 394673     /lib/i386-linux-gnu/libpthread-2.21.so
b754c000-b754d000 rw-p 00019000 08:01 394673     /lib/i386-linux-gnu/libpthread-2.21.so
b754d000-b754f000 rw-p 00000000 00:00 0 
b754f000-b7552000 r-xp 00000000 08:01 394557     /lib/i386-linux-gnu/libdl-2.21.so
b7552000-b7553000 r--p 00002000 08:01 394557     /lib/i386-linux-gnu/libdl-2.21.so
b7553000-b7554000 rw-p 00003000 08:01 394557     /lib/i386-linux-gnu/libdl-2.21.so
b7554000-b7708000 r-xp 00000000 08:01 394540     /lib/i386-linux-gnu/libc-2.21.so
b7708000-b770b000 r--p 001b3000 08:01 394540     /lib/i386-linux-gnu/libc-2.21.so
b770b000-b770d000 rw-p 001b6000 08:01 394540     /lib/i386-linux-gnu/libc-2.21.so
b770d000-b770f000 rw-p 00000000 00:00 0 
b770f000-b7710000 r--s 00002000 08:01 804980     /usr/lib/jvm/java-7-openjdk-i386/jre/lib/ext/dnsns.jar
b7710000-b7712000 r--s 00006000 08:01 399091     /usr/share/java/java-atk-wrapper.jar
b7712000-b7713000 r--p 005e0000 08:01 143362     /usr/lib/locale/locale-archive
b7713000-b7714000 rw-p 00000000 00:00 0 
b7714000-b7715000 ---p 00000000 00:00 0 
b7715000-b7723000 r-xp 00000000 08:01 805022     /usr/lib/jvm/java-7-openjdk-i386/jre/lib/i386/libverify.so
b7723000-b7725000 r--p 0000d000 08:01 805022     /usr/lib/jvm/java-7-openjdk-i386/jre/lib/i386/libverify.so
b7725000-b7726000 rw-p 0000f000 08:01 805022     /usr/lib/jvm/java-7-openjdk-i386/jre/lib/i386/libverify.so
b7726000-b7732000 r-xp 00000000 08:01 805024     /usr/lib/jvm/java-7-openjdk-i386/jre/lib/i386/jli/libjli.so
b7732000-b7733000 r--p 0000b000 08:01 805024     /usr/lib/jvm/java-7-openjdk-i386/jre/lib/i386/jli/libjli.so
b7733000-b7734000 rw-p 0000c000 08:01 805024     /usr/lib/jvm/java-7-openjdk-i386/jre/lib/i386/jli/libjli.so
b7734000-b7737000 rw-p 00000000 00:00 0 
b7737000-b7739000 r--p 00000000 00:00 0          [vvar]
b7739000-b773a000 r-xp 00000000 00:00 0          [vdso]
b773a000-b775c000 r-xp 00000000 08:01 394512     /lib/i386-linux-gnu/ld-2.21.so
b775c000-b775d000 r--p 00021000 08:01 394512     /lib/i386-linux-gnu/ld-2.21.so
b775d000-b775e000 rw-p 00022000 08:01 394512     /lib/i386-linux-gnu/ld-2.21.so
bfe8e000-bfe8f000 rwxp 00000000 00:00 0 
bfec0000-bfee2000 rw-p 00000000 00:00 0          [stack]

VM Arguments:
jvm_args: -javaagent:/usr/share/java/jayatanaag.jar -Djava.awt.headless=true -Xmx1024M -Dfile.encoding=UTF-8 -Duser.country=US -Duser.language=en -Duser.variant 
java_command: com.android.dx.command.Main --dex --num-threads=4 --multi-dex --output /home/student/test/HealthyBit/app/build/intermediates/transforms/dex/debug/folders/1000/10/com.android.support-appcompat-v7-23.3.0_7c37c6b50c58a873924f37753fdea7401922080f /home/student/test/HealthyBit/app/build/intermediates/exploded-aar/com.android.support/appcompat-v7/23.3.0/jars/classes.jar
Launcher Type: SUN_STANDARD

Environment Variables:
JAVA_TOOL_OPTIONS=-javaagent:/usr/share/java/jayatanaag.jar 
PATH=/home/student/.linuxbrew/bin:/usr/local/sbin:/usr/local/bin:/usr/sbin:/usr/bin:/sbin:/bin:/usr/games:/usr/local/games:/etc/android-studio/bin/:/home/student/Android/Sdk/platform-tools:/home/student/Android/Sdk/tools
LD_LIBRARY_PATH=/etc/android-studio/bin:
SHELL=/bin/bash
DISPLAY=:0

Signal Handlers:
SIGSEGV: [libjvm.so+0x7f7d00], sa_mask[0]=0x7ffbfeff, sa_flags=0x10000004
SIGBUS: [libjvm.so+0x7f7d00], sa_mask[0]=0x7ffbfeff, sa_flags=0x10000004
SIGFPE: [libjvm.so+0x67a9d0], sa_mask[0]=0x7ffbfeff, sa_flags=0x10000004
SIGPIPE: [libjvm.so+0x67a9d0], sa_mask[0]=0x7ffbfeff, sa_flags=0x10000004
SIGXFSZ: [libjvm.so+0x67a9d0], sa_mask[0]=0x7ffbfeff, sa_flags=0x10000004
SIGILL: [libjvm.so+0x67a9d0], sa_mask[0]=0x7ffbfeff, sa_flags=0x10000004
SIGUSR1: SIG_DFL, sa_mask[0]=0x00000000, sa_flags=0x00000000
SIGUSR2: [libjvm.so+0x67a820], sa_mask[0]=0x00000004, sa_flags=0x10000004
SIGHUP: [libjvm.so+0x67aa80], sa_mask[0]=0x7ffbfeff, sa_flags=0x10000004
SIGINT: [libjvm.so+0x67aa80], sa_mask[0]=0x7ffbfeff, sa_flags=0x10000004
SIGTERM: [libjvm.so+0x67aa80], sa_mask[0]=0x7ffbfeff, sa_flags=0x10000004
SIGQUIT: [libjvm.so+0x67aa80], sa_mask[0]=0x7ffbfeff, sa_flags=0x10000004
SIGTRAP: SIG_DFL, sa_mask[0]=0x00000000, sa_flags=0x00000000


---------------  S Y S T E M  ---------------

OS:Ubuntu 15.04 (vivid)
uname:Linux 3.19.0-18-generic #18-Ubuntu SMP Tue May 19 18:30:59 UTC 2015 i686
libc:glibc 2.21 NPTL 2.21 
rlimit: STACK 8192k, CORE 0k, NPROC 32177, NOFILE 65536, AS infinity
load average:7.84 4.97 4.59

/proc/meminfo:
MemTotal:        4139540 kB
MemFree:          210996 kB
MemAvailable:     134536 kB
Buffers:             944 kB
Cached:            51176 kB
SwapCached:            0 kB
Active:          3534408 kB
Inactive:          42404 kB
Active(anon):    3525920 kB
Inactive(anon):    37884 kB
Active(file):       8488 kB
Inactive(file):     4520 kB
Unevictable:          32 kB
Mlocked:              32 kB
HighTotal:       3280776 kB
HighFree:          34452 kB
LowTotal:         858764 kB
LowFree:          176544 kB
SwapTotal:             0 kB
SwapFree:              0 kB
Dirty:               144 kB
Writeback:             0 kB
AnonPages:       3524824 kB
Mapped:            35800 kB
Shmem:             39060 kB
Slab:              49468 kB
SReclaimable:      23388 kB
SUnreclaim:        26080 kB
KernelStack:        5616 kB
PageTables:        15248 kB
NFS_Unstable:          0 kB
Bounce:                0 kB
WritebackTmp:          0 kB
CommitLimit:     2069768 kB
Committed_AS:    6389356 kB
VmallocTotal:     122880 kB
VmallocUsed:       23416 kB
VmallocChunk:      49124 kB
AnonHugePages:   2643968 kB
CmaTotal:              0 kB
CmaFree:               0 kB
HugePages_Total:       0
HugePages_Free:        0
HugePages_Rsvd:        0
HugePages_Surp:        0
Hugepagesize:       2048 kB
DirectMap4k:       61432 kB
DirectMap2M:      851968 kB


CPU:total 4 (1 cores per cpu, 1 threads per core) family 6 model 58 stepping 9, cmov, cx8, fxsr, mmx, sse, sse2, sse3, ssse3, sse4.1, sse4.2, popcnt, avx, aes, erms, tsc, tscinvbit, tscinv

/proc/cpuinfo:
processor	: 0
vendor_id	: GenuineIntel
cpu family	: 6
model		: 58
model name	: Intel(R) Core(TM) i5-3210M CPU @ 2.50GHz
stepping	: 9
microcode	: 0x15
cpu MHz		: 2494.111
cache size	: 3072 KB
physical id	: 0
siblings	: 1
core id		: 0
cpu cores	: 1
apicid		: 0
initial apicid	: 0
fdiv_bug	: no
f00f_bug	: no
coma_bug	: no
fpu		: yes
fpu_exception	: yes
cpuid level	: 13
wp		: yes
flags		: fpu vme de pse tsc msr pae mce cx8 apic sep mtrr pge mca cmov pat pse36 clflush dts mmx fxsr sse sse2 ss nx rdtscp lm constant_tsc arch_perfmon pebs bts xtopology tsc_reliable nonstop_tsc aperfmperf pni pclmulqdq ssse3 cx16 pcid sse4_1 sse4_2 x2apic popcnt tsc_deadline_timer aes xsave avx f16c rdrand hypervisor lahf_lm ida arat epb pln pts dtherm fsgsbase tsc_adjust smep
bugs		:
bogomips	: 4988.22
clflush size	: 64
cache_alignment	: 64
address sizes	: 42 bits physical, 48 bits virtual
power management:

processor	: 1
vendor_id	: GenuineIntel
cpu family	: 6
model		: 58
model name	: Intel(R) Core(TM) i5-3210M CPU @ 2.50GHz
stepping	: 9
microcode	: 0x15
cpu MHz		: 2494.111
cache size	: 3072 KB
physical id	: 2
siblings	: 1
core id		: 0
cpu cores	: 1
apicid		: 2
initial apicid	: 2
fdiv_bug	: no
f00f_bug	: no
coma_bug	: no
fpu		: yes
fpu_exception	: yes
cpuid level	: 13
wp		: yes
flags		: fpu vme de pse tsc msr pae mce cx8 apic sep mtrr pge mca cmov pat pse36 clflush dts mmx fxsr sse sse2 ss nx rdtscp lm constant_tsc arch_perfmon pebs bts xtopology tsc_reliable nonstop_tsc aperfmperf pni pclmulqdq ssse3 cx16 pcid sse4_1 sse4_2 x2apic popcnt tsc_deadline_timer aes xsave avx f16c rdrand hypervisor lahf_lm ida arat epb pln pts dtherm fsgsbase tsc_adjust smep
bugs		:
bogomips	: 4988.22
clflush size	: 64
cache_alignment	: 64
address sizes	: 42 bits physical, 48 bits virtual
power management:

processor	: 2
vendor_id	: GenuineIntel
cpu family	: 6
model		: 58
model name	: Intel(R) Core(TM) i5-3210M CPU @ 2.50GHz
stepping	: 9
microcode	: 0x15
cpu MHz		: 2494.111
cache size	: 3072 KB
physical id	: 4
siblings	: 1
core id		: 0
cpu cores	: 1
apicid		: 4
initial apicid	: 4
fdiv_bug	: no
f00f_bug	: no
coma_bug	: no
fpu		: yes
fpu_exception	: yes
cpuid level	: 13
wp		: yes
flags		: fpu vme de pse tsc msr pae mce cx8 apic sep mtrr pge mca cmov pat pse36 clflush dts mmx fxsr sse sse2 ss nx rdtscp lm constant_tsc arch_perfmon pebs bts xtopology tsc_reliable nonstop_tsc aperfmperf pni pclmulqdq ssse3 cx16 pcid sse4_1 sse4_2 x2apic popcnt tsc_deadline_timer aes xsave avx f16c rdrand hypervisor lahf_lm ida arat epb pln pts dtherm fsgsbase tsc_adjust smep
bugs		:
bogomips	: 4988.22
clflush size	: 64
cache_alignment	: 64
address sizes	: 42 bits physical, 48 bits virtual
power management:

processor	: 3
vendor_id	: GenuineIntel
cpu family	: 6
model		: 58
model name	: Intel(R) Core(TM) i5-3210M CPU @ 2.50GHz
stepping	: 9
microcode	: 0x15
cpu MHz		: 2494.111
cache size	: 3072 KB
physical id	: 6
siblings	: 1
core id		: 0
cpu cores	: 1
apicid		: 6
initial apicid	: 6
fdiv_bug	: no
f00f_bug	: no
coma_bug	: no
fpu		: yes
fpu_exception	: yes
cpuid level	: 13
wp		: yes
flags		: fpu vme de pse tsc msr pae mce cx8 apic sep mtrr pge mca cmov pat pse36 clflush dts mmx fxsr sse sse2 ss nx rdtscp lm constant_tsc arch_perfmon pebs bts xtopology tsc_reliable nonstop_tsc aperfmperf pni pclmulqdq ssse3 cx16 pcid sse4_1 sse4_2 x2apic popcnt tsc_deadline_timer aes xsave avx f16c rdrand hypervisor lahf_lm ida arat epb pln pts dtherm fsgsbase tsc_adjust smep
bugs		:
bogomips	: 4988.22
clflush size	: 64
cache_alignment	: 64
address sizes	: 42 bits physical, 48 bits virtual
power management:



Memory: 4k page, physical 4139540k(211196k free), swap 0k(0k free)

vm_info: OpenJDK Server VM (24.91-b01) for linux-x86 JRE (1.7.0_91-b02), built on Nov 19 2015 06:25:06 by "buildd" with gcc 4.9.2

time: Tue May  3 16:17:54 2016
elapsed time: 18 seconds

