#
# There is insufficient memory for the Java Runtime Environment to continue.
# Native memory allocation (malloc) failed to allocate 48234496 bytes for committing reserved memory.
# Possible reasons:
#   The system is out of physical RAM or swap space
#   In 32 bit mode, the process size limit was hit
# Possible solutions:
#   Reduce memory load on the system
#   Increase physical memory or swap space
#   Check if swap backing store is full
#   Use 64 bit Java on a 64 bit OS
#   Decrease Java heap size (-Xmx/-Xms)
#   Decrease number of Java threads
#   Decrease Java thread stack sizes (-Xss)
#   Set larger code cache with -XX:ReservedCodeCacheSize=
# This output file may be truncated or incomplete.
#
#  Out of Memory Error (os_linux.cpp:2827), pid=6076, tid=1740430144
#
# JRE version: OpenJDK Runtime Environment (7.0_91-b02) (build 1.7.0_91-b02)
# Java VM: OpenJDK Server VM (24.91-b01 mixed mode linux-x86 )
# Derivative: IcedTea 2.6.3
# Distribution: Ubuntu 15.04, package 7u91-2.6.3-0ubuntu0.15.04.1
# Failed to write core dump. Core dumps have been disabled. To enable core dumping, try "ulimit -c unlimited" before starting Java again
#

---------------  T H R E A D  ---------------

Current thread (0x67a81400):  VMThread [stack: 0x67b4d000,0x67bce000] [id=6086]

Stack: [0x67b4d000,0x67bce000]
VM_Operation (0x668b4a94): ParallelGCFailedAllocation, mode: safepoint, requested by thread 0x67050000


---------------  P R O C E S S  ---------------

Java Threads: ( => current thread )
  0x67050c00 JavaThread "pool-2-thread-4" [_thread_blocked, id=6099, stack(0x66814000,0x66865000)]
  0x67050000 JavaThread "pool-2-thread-3" [_thread_blocked, id=6098, stack(0x66865000,0x668b6000)]
  0x6704e800 JavaThread "pool-2-thread-2" [_thread_blocked, id=6097, stack(0x668b6000,0x66907000)]
  0x6703f400 JavaThread "pool-3-thread-1" [_thread_blocked, id=6096, stack(0x66907000,0x66958000)]
  0x6703e400 JavaThread "pool-2-thread-1" [_thread_blocked, id=6095, stack(0x66f3d000,0x66f8e000)]
  0x67aee800 JavaThread "Service Thread" daemon [_thread_blocked, id=6093, stack(0x67262000,0x672b3000)]
  0x67aec800 JavaThread "C2 CompilerThread1" daemon [_thread_blocked, id=6092, stack(0x672b3000,0x67334000)]
  0x67aeb400 JavaThread "C2 CompilerThread0" daemon [_thread_in_native, id=6091, stack(0x67334000,0x673b5000)]
  0x67a98400 JavaThread "Signal Dispatcher" daemon [_thread_blocked, id=6089, stack(0x6790d000,0x6795e000)]
  0x67a85400 JavaThread "Finalizer" daemon [_thread_blocked, id=6088, stack(0x6795e000,0x679af000)]
  0x67a83c00 JavaThread "Reference Handler" daemon [_thread_blocked, id=6087, stack(0x679af000,0x67a00000)]
  0xb6208400 JavaThread "main" [_thread_blocked, id=6081, stack(0xb635e000,0xb63af000)]

Other Threads:
=>0x67a81400 VMThread [stack: 0x67b4d000,0x67bce000] [id=6086]
  0x67af0800 WatcherThread [stack: 0x671e1000,0x67262000] [id=6094]

VM state:at safepoint (normal execution)

VM Mutex/Monitor currently owned by a thread:  ([mutex/lock_event])
[0xb6205e10] Threads_lock - owner thread: 0x67a81400
[0xb6206220] Heap_lock - owner thread: 0x67050000

Heap
 PSYoungGen      total 35840K, used 2557K [0x9db80000, 0xa0100000, 0xb3100000)
  eden space 33280K, 0% used [0x9db80000,0x9db80000,0x9fc00000)
  from space 2560K, 99% used [0x9fc00000,0x9fe7f4c0,0x9fe80000)
  to   space 2560K, 0% used [0x9fe80000,0x9fe80000,0xa0100000)
 ParOldGen       total 43008K, used 12442K [0x73100000, 0x75b00000, 0x9db80000)
  object space 43008K, 28% used [0x73100000,0x73d268d0,0x75b00000)
 PSPermGen       total 16384K, used 4234K [0x6b100000, 0x6c100000, 0x73100000)
  object space 16384K, 25% used [0x6b100000,0x6b522aa8,0x6c100000)

Card table byte_map: [0x6aebf000,0x6b100000] byte_map_base: 0x6ab66800

Polling page: 0xb76e5000

Code Cache  [0xb31ca000, 0xb340a000, 0xb61ca000)
 total_blobs=328 nmethods=205 adapters=76 free_code_cache=48449Kb largest_free_block=49571584

Compilation events (10 events):
Event: 7.070 Thread 0x67aeb400 nmethod 202 0xb3261ec8 code [0xb3262040, 0xb32625bc]
Event: 7.070 Thread 0x67aeb400  203             com.android.dx.ssa.SsaMethod$2::addToUses (48 bytes)
Event: 7.181 Thread 0x67aeb400 nmethod 203 0xb3260b08 code [0xb3260c80, 0xb326151c]
Event: 7.181 Thread 0x67aeb400  204             java.util.ArrayList::remove (77 bytes)
Event: 7.273 Thread 0x67aeb400 nmethod 204 0xb3250408 code [0xb3250520, 0xb3250990]
Event: 7.273 Thread 0x67aeb400  205             com.android.dx.ssa.back.LivenessAnalyzer::run (231 bytes)
Event: 8.288 Thread 0x67aeb400 nmethod 205 0xb3272f88 code [0xb3273320, 0xb3275200]
Event: 8.288 Thread 0x67aeb400  206             com.android.dx.ssa.SCCP::simulateBranch (666 bytes)
Event: 10.144 Thread 0x67aec800 nmethod 186 0xb32789c8 code [0xb3278f20, 0xb327c214]
Event: 10.180 Thread 0x67aec800  207             com.android.dx.ssa.SCCP::run (298 bytes)

GC Heap History (9 events):
Event: 2.150 GC heap before
{Heap before GC invocations=1 (full 0):
 PSYoungGen      total 19200K, used 16640K [0x9db80000, 0x9f0c0000, 0xb3100000)
  eden space 16640K, 100% used [0x9db80000,0x9ebc0000,0x9ebc0000)
  from space 2560K, 0% used [0x9ee40000,0x9ee40000,0x9f0c0000)
  to   space 2560K, 0% used [0x9ebc0000,0x9ebc0000,0x9ee40000)
 ParOldGen       total 43008K, used 0K [0x73100000, 0x75b00000, 0x9db80000)
  object space 43008K, 0% used [0x73100000,0x73100000,0x75b00000)
 PSPermGen       total 16384K, used 3090K [0x6b100000, 0x6c100000, 0x73100000)
  object space 16384K, 18% used [0x6b100000,0x6b404830,0x6c100000)
Event: 2.159 GC heap after
Heap after GC invocations=1 (full 0):
 PSYoungGen      total 19200K, used 1299K [0x9db80000, 0x9f0c0000, 0xb3100000)
  eden space 16640K, 0% used [0x9db80000,0x9db80000,0x9ebc0000)
  from space 2560K, 50% used [0x9ebc0000,0x9ed04f08,0x9ee40000)
  to   space 2560K, 0% used [0x9ee40000,0x9ee40000,0x9f0c0000)
 ParOldGen       total 43008K, used 0K [0x73100000, 0x75b00000, 0x9db80000)
  object space 43008K, 0% used [0x73100000,0x73100000,0x75b00000)
 PSPermGen       total 16384K, used 3090K [0x6b100000, 0x6c100000, 0x73100000)
  object space 16384K, 18% used [0x6b100000,0x6b404830,0x6c100000)
}
Event: 3.887 GC heap before
{Heap before GC invocations=2 (full 0):
 PSYoungGen      total 19200K, used 17939K [0x9db80000, 0x9f0c0000, 0xb3100000)
  eden space 16640K, 100% used [0x9db80000,0x9ebc0000,0x9ebc0000)
  from space 2560K, 50% used [0x9ebc0000,0x9ed04f08,0x9ee40000)
  to   space 2560K, 0% used [0x9ee40000,0x9ee40000,0x9f0c0000)
 ParOldGen       total 43008K, used 0K [0x73100000, 0x75b00000, 0x9db80000)
  object space 43008K, 0% used [0x73100000,0x73100000,0x75b00000)
 PSPermGen       total 16384K, used 4107K [0x6b100000, 0x6c100000, 0x73100000)
  object space 16384K, 25% used [0x6b100000,0x6b502d18,0x6c100000)
Event: 3.915 GC heap after
Heap after GC invocations=2 (full 0):
 PSYoungGen      total 19200K, used 2553K [0x9db80000, 0xa0100000, 0xb3100000)
  eden space 16640K, 0% used [0x9db80000,0x9db80000,0x9ebc0000)
  from space 2560K, 99% used [0x9ee40000,0x9f0be618,0x9f0c0000)
  to   space 2560K, 0% used [0x9ebc0000,0x9ebc0000,0x9ee40000)
 ParOldGen       total 43008K, used 2005K [0x73100000, 0x75b00000, 0x9db80000)
  object space 43008K, 4% used [0x73100000,0x732f54f8,0x75b00000)
 PSPermGen       total 16384K, used 4107K [0x6b100000, 0x6c100000, 0x73100000)
  object space 16384K, 25% used [0x6b100000,0x6b502d18,0x6c100000)
}
Event: 5.946 GC heap before
{Heap before GC invocations=3 (full 0):
 PSYoungGen      total 19200K, used 19193K [0x9db80000, 0xa0100000, 0xb3100000)
  eden space 16640K, 100% used [0x9db80000,0x9ebc0000,0x9ebc0000)
  from space 2560K, 99% used [0x9ee40000,0x9f0be618,0x9f0c0000)
  to   space 2560K, 0% used [0x9ebc0000,0x9ebc0000,0x9ee40000)
 ParOldGen       total 43008K, used 2005K [0x73100000, 0x75b00000, 0x9db80000)
  object space 43008K, 4% used [0x73100000,0x732f54f8,0x75b00000)
 PSPermGen       total 16384K, used 4189K [0x6b100000, 0x6c100000, 0x73100000)
  object space 16384K, 25% used [0x6b100000,0x6b5175d0,0x6c100000)
Event: 5.976 GC heap after
Heap after GC invocations=3 (full 0):
 PSYoungGen      total 19200K, used 2558K [0x9db80000, 0xa0100000, 0xb3100000)
  eden space 16640K, 0% used [0x9db80000,0x9db80000,0x9ebc0000)
  from space 2560K, 99% used [0x9ebc0000,0x9ee3fb98,0x9ee40000)
  to   space 2560K, 0% used [0x9fe80000,0x9fe80000,0xa0100000)
 ParOldGen       total 43008K, used 3709K [0x73100000, 0x75b00000, 0x9db80000)
  object space 43008K, 8% used [0x73100000,0x7349f558,0x75b00000)
 PSPermGen       total 16384K, used 4189K [0x6b100000, 0x6c100000, 0x73100000)
  object space 16384K, 25% used [0x6b100000,0x6b5175d0,0x6c100000)
}
Event: 7.343 GC heap before
{Heap before GC invocations=4 (full 0):
 PSYoungGen      total 19200K, used 19198K [0x9db80000, 0xa0100000, 0xb3100000)
  eden space 16640K, 100% used [0x9db80000,0x9ebc0000,0x9ebc0000)
  from space 2560K, 99% used [0x9ebc0000,0x9ee3fb98,0x9ee40000)
  to   space 2560K, 0% used [0x9fe80000,0x9fe80000,0xa0100000)
 ParOldGen       total 43008K, used 3709K [0x73100000, 0x75b00000, 0x9db80000)
  object space 43008K, 8% used [0x73100000,0x7349f558,0x75b00000)
 PSPermGen       total 16384K, used 4214K [0x6b100000, 0x6c100000, 0x73100000)
  object space 16384K, 25% used [0x6b100000,0x6b51d870,0x6c100000)
Event: 7.376 GC heap after
Heap after GC invocations=4 (full 0):
 PSYoungGen      total 35840K, used 2549K [0x9db80000, 0xa0100000, 0xb3100000)
  eden space 33280K, 0% used [0x9db80000,0x9db80000,0x9fc00000)
  from space 2560K, 99% used [0x9fe80000,0xa00fd478,0xa0100000)
  to   space 2560K, 0% used [0x9fc00000,0x9fc00000,0x9fe80000)
 ParOldGen       total 43008K, used 7100K [0x73100000, 0x75b00000, 0x9db80000)
  object space 43008K, 16% used [0x73100000,0x737ef0d8,0x75b00000)
 PSPermGen       total 16384K, used 4214K [0x6b100000, 0x6c100000, 0x73100000)
  object space 16384K, 25% used [0x6b100000,0x6b51d870,0x6c100000)
}
Event: 10.269 GC heap before
{Heap before GC invocations=5 (full 0):
 PSYoungGen      total 35840K, used 35829K [0x9db80000, 0xa0100000, 0xb3100000)
  eden space 33280K, 100% used [0x9db80000,0x9fc00000,0x9fc00000)
  from space 2560K, 99% used [0x9fe80000,0xa00fd478,0xa0100000)
  to   space 2560K, 0% used [0x9fc00000,0x9fc00000,0x9fe80000)
 ParOldGen       total 43008K, used 7100K [0x73100000, 0x75b00000, 0x9db80000)
  object space 43008K, 16% used [0x73100000,0x737ef0d8,0x75b00000)
 PSPermGen       total 16384K, used 4234K [0x6b100000, 0x6c100000, 0x73100000)
  object space 16384K, 25% used [0x6b100000,0x6b522aa8,0x6c100000)

Deoptimization events (10 events):
Event: 2.166 Thread 0x6703e400 Uncommon trap: reason=unstable_if action=reinterpret pc=0xb321633c method=java.lang.String.compareTo(Ljava/lang/String;)I @ 38
Event: 2.870 Thread 0xb6208400 Uncommon trap: reason=unstable_if action=reinterpret pc=0xb3220b50 method=java.util.HashMap.getEntry(Ljava/lang/Object;)Ljava/util/HashMap$Entry; @ 71
Event: 3.018 Thread 0xb6208400 Uncommon trap: reason=unstable_if action=reinterpret pc=0xb32269d0 method=com.android.dx.cf.code.Ropper.labelToResultIndex(I)I @ 34
Event: 3.395 Thread 0xb6208400 Uncommon trap: reason=null_check action=make_not_entrant pc=0xb3228de4 method=com.android.dx.rop.code.LocalItem.equals(Ljava/lang/Object;)Z @ 1
Event: 5.725 Thread 0x67050c00 Uncommon trap: reason=class_check action=maybe_recompile pc=0xb324a88c method=java.util.HashMap.put(Ljava/lang/Object;Ljava/lang/Object;)Ljava/lang/Object; @ 83
Event: 7.013 Thread 0x67050c00 Uncommon trap: reason=class_check action=maybe_recompile pc=0xb324a88c method=java.util.HashMap.put(Ljava/lang/Object;Ljava/lang/Object;)Ljava/lang/Object; @ 83
Event: 7.915 Thread 0xb6208400 Uncommon trap: reason=null_check action=make_not_entrant pc=0xb32674f0 method=com.android.dx.ssa.SsaRenamer.getLocalForNewReg(I)Lcom/android/dx/rop/code/LocalItem; @ 19
Event: 8.310 Thread 0x67050000 Uncommon trap: reason=class_check action=maybe_recompile pc=0xb324a88c method=java.util.HashMap.put(Ljava/lang/Object;Ljava/lang/Object;)Ljava/lang/Object; @ 83
Event: 9.856 Thread 0x67050000 Uncommon trap: reason=unstable_if action=reinterpret pc=0xb3257b00 method=com.android.dx.rop.code.RegisterSpec.equals(ILcom/android/dx/rop/type/TypeBearer;Lcom/android/dx/rop/code/LocalItem;)Z @ 42
Event: 9.874 Thread 0x67050000 Uncommon trap: reason=unstable_if action=reinterpret pc=0xb323a0f4 method=com.android.dx.rop.code.RegisterSpec.equals(ILcom/android/dx/rop/type/TypeBearer;Lcom/android/dx/rop/code/LocalItem;)Z @ 42

Internal exceptions (10 events):
Event: 2.767 Thread 0x6704e800 Threw 0x9e062d20 at /build/openjdk-7-PdBaKN/openjdk-7-7u91-2.6.3/build/openjdk/hotspot/src/share/vm/prims/jvm.cpp:1322
Event: 2.881 Thread 0x67050c00 Threw 0x9e309e50 at /build/openjdk-7-PdBaKN/openjdk-7-7u91-2.6.3/build/openjdk/hotspot/src/share/vm/prims/jvm.cpp:1322
Event: 3.016 Thread 0xb6208400 Threw 0x9e4694c0 at /build/openjdk-7-PdBaKN/openjdk-7-7u91-2.6.3/build/openjdk/hotspot/src/share/vm/prims/jvm.cpp:1322
Event: 3.395 Thread 0xb6208400 Implicit null exception at 0xb3228bec to 0xb3228dc9
Event: 5.452 Thread 0xb6208400 Threw 0x9e5f44f8 at /build/openjdk-7-PdBaKN/openjdk-7-7u91-2.6.3/build/openjdk/hotspot/src/share/vm/prims/jvm.cpp:1322
Event: 5.453 Thread 0xb6208400 Threw 0x9e5f6f60 at /build/openjdk-7-PdBaKN/openjdk-7-7u91-2.6.3/build/openjdk/hotspot/src/share/vm/prims/jvm.cpp:1322
Event: 5.454 Thread 0xb6208400 Threw 0x9e692b18 at /build/openjdk-7-PdBaKN/openjdk-7-7u91-2.6.3/build/openjdk/hotspot/src/share/vm/prims/jvm.cpp:1322
Event: 5.454 Thread 0xb6208400 Threw 0x9e6958a0 at /build/openjdk-7-PdBaKN/openjdk-7-7u91-2.6.3/build/openjdk/hotspot/src/share/vm/prims/jvm.cpp:1322
Event: 7.915 Thread 0xb6208400 Implicit null exception at 0xb3265dc1 to 0xb32674e1
Event: 8.335 Thread 0x67050c00 Threw 0x9e9c5f90 at /build/openjdk-7-PdBaKN/openjdk-7-7u91-2.6.3/build/openjdk/hotspot/src/share/vm/prims/jvm.cpp:1322

Events (10 events):
Event: 8.319 loading class 0x6ab0f770
Event: 8.334 loading class 0x6ab0f770 done
Event: 9.848 Thread 0x67050000 Uncommon trap: trap_request=0xffffff75 fr.pc=0xb3257b00
Event: 9.856 Thread 0x67050000 DEOPT PACKING pc=0xb3257b00 sp=0x668b4bc0
Event: 9.874 Thread 0x67050000 DEOPT UNPACKING pc=0xb31f6bc8 sp=0x668b4b4c mode 2
Event: 9.874 Thread 0x67050000 Uncommon trap: trap_request=0xffffff75 fr.pc=0xb323a0f4
Event: 9.874 Thread 0x67050000 DEOPT PACKING pc=0xb323a0f4 sp=0x668b4b70
Event: 9.874 Thread 0x67050000 DEOPT UNPACKING pc=0xb31f6bc8 sp=0x668b4b44 mode 2
Event: 10.180 Thread 0x67aec800 flushing nmethod 0xb3220908
Event: 10.241 Executing VM operation: ParallelGCFailedAllocation


Dynamic libraries:
08048000-08049000 r-xp 00000000 08:01 804961     /usr/lib/jvm/java-7-openjdk-i386/jre/bin/java
08049000-0804a000 r--p 00000000 08:01 804961     /usr/lib/jvm/java-7-openjdk-i386/jre/bin/java
0804a000-0804b000 rw-p 00001000 08:01 804961     /usr/lib/jvm/java-7-openjdk-i386/jre/bin/java
09d96000-09db7000 rw-p 00000000 00:00 0          [heap]
65700000-65791000 rw-p 00000000 00:00 0 
65791000-65800000 ---p 00000000 00:00 0 
65800000-658ee000 rw-p 00000000 00:00 0 
658ee000-65900000 ---p 00000000 00:00 0 
65900000-659d0000 rw-p 00000000 00:00 0 
659d0000-65a00000 ---p 00000000 00:00 0 
65b00000-65bff000 rw-p 00000000 00:00 0 
65bff000-65c00000 ---p 00000000 00:00 0 
65c00000-65cfa000 rw-p 00000000 00:00 0 
65cfa000-65d00000 ---p 00000000 00:00 0 
65d00000-65e00000 rw-p 00000000 00:00 0 
65e00000-65eff000 rw-p 00000000 00:00 0 
65eff000-65f00000 ---p 00000000 00:00 0 
66000000-660f7000 rw-p 00000000 00:00 0 
660f7000-66100000 ---p 00000000 00:00 0 
66100000-661f8000 rw-p 00000000 00:00 0 
661f8000-66200000 ---p 00000000 00:00 0 
66300000-663f8000 rw-p 00000000 00:00 0 
663f8000-66400000 ---p 00000000 00:00 0 
66400000-664f3000 rw-p 00000000 00:00 0 
664f3000-66500000 ---p 00000000 00:00 0 
66500000-66600000 rw-p 00000000 00:00 0 
66600000-666f6000 rw-p 00000000 00:00 0 
666f6000-66700000 ---p 00000000 00:00 0 
66700000-66800000 rw-p 00000000 00:00 0 
66814000-66817000 ---p 00000000 00:00 0 
66817000-66865000 rw-p 00000000 00:00 0          [stack:6099]
66865000-66868000 ---p 00000000 00:00 0 
66868000-668b6000 rw-p 00000000 00:00 0          [stack:6098]
668b6000-668b9000 ---p 00000000 00:00 0 
668b9000-66907000 rw-p 00000000 00:00 0          [stack:6097]
66907000-6690a000 ---p 00000000 00:00 0 
6690a000-66b19000 rw-p 00000000 00:00 0          [stack:6096]
66b19000-66c3f000 r-xp 00000000 08:01 394573     /lib/i386-linux-gnu/libglib-2.0.so.0.4400.0
66c3f000-66c40000 r--p 00125000 08:01 394573     /lib/i386-linux-gnu/libglib-2.0.so.0.4400.0
66c40000-66c41000 rw-p 00126000 08:01 394573     /lib/i386-linux-gnu/libglib-2.0.so.0.4400.0
66c41000-66dfa000 r-xp 00000000 08:01 137357     /usr/lib/i386-linux-gnu/libgio-2.0.so.0.4400.0
66dfa000-66dfd000 r--p 001b8000 08:01 137357     /usr/lib/i386-linux-gnu/libgio-2.0.so.0.4400.0
66dfd000-66dff000 rw-p 001bb000 08:01 137357     /usr/lib/i386-linux-gnu/libgio-2.0.so.0.4400.0
66dff000-66e00000 rw-p 00000000 00:00 0 
66e00000-66eff000 rw-p 00000000 00:00 0 
66eff000-66f00000 ---p 00000000 00:00 0 
66f3d000-66f40000 ---p 00000000 00:00 0 
66f40000-66f8e000 rw-p 00000000 00:00 0          [stack:6095]
66f8e000-66ffe000 r-xp 00000000 08:01 394656     /lib/i386-linux-gnu/libpcre.so.3.13.1
66ffe000-66fff000 r--p 0006f000 08:01 394656     /lib/i386-linux-gnu/libpcre.so.3.13.1
66fff000-67000000 rw-p 00070000 08:01 394656     /lib/i386-linux-gnu/libpcre.so.3.13.1
67000000-67064000 rw-p 00000000 00:00 0 
67064000-67100000 ---p 00000000 00:00 0 
6712d000-67141000 r-xp 00000000 08:01 394679     /lib/i386-linux-gnu/libresolv-2.21.so
67141000-67143000 r--p 00013000 08:01 394679     /lib/i386-linux-gnu/libresolv-2.21.so
67143000-67144000 rw-p 00015000 08:01 394679     /lib/i386-linux-gnu/libresolv-2.21.so
67144000-67146000 rw-p 00000000 00:00 0 
67146000-6716a000 r-xp 00000000 08:01 394683     /lib/i386-linux-gnu/libselinux.so.1
6716a000-6716b000 r--p 00024000 08:01 394683     /lib/i386-linux-gnu/libselinux.so.1
6716b000-6716c000 rw-p 00025000 08:01 394683     /lib/i386-linux-gnu/libselinux.so.1
6716c000-6716d000 rw-p 00000000 00:00 0 
6716d000-671c8000 r-xp 00000000 08:01 137385     /usr/lib/i386-linux-gnu/libgobject-2.0.so.0.4400.0
671c8000-671c9000 r--p 0005b000 08:01 137385     /usr/lib/i386-linux-gnu/libgobject-2.0.so.0.4400.0
671c9000-671ca000 rw-p 0005c000 08:01 137385     /usr/lib/i386-linux-gnu/libgobject-2.0.so.0.4400.0
671e1000-671e2000 ---p 00000000 00:00 0 
671e2000-67262000 rw-p 00000000 00:00 0          [stack:6094]
67262000-67265000 ---p 00000000 00:00 0 
67265000-672b3000 rw-p 00000000 00:00 0          [stack:6093]
672b3000-672b6000 ---p 00000000 00:00 0 
672b6000-67334000 rw-p 00000000 00:00 0          [stack:6092]
67334000-67337000 ---p 00000000 00:00 0 
67337000-673b5000 rw-p 00000000 00:00 0          [stack:6091]
673b5000-674fc000 r-xp 00000000 08:01 136931     /usr/lib/i386-linux-gnu/libX11.so.6.3.0
674fc000-674fd000 r--p 00146000 08:01 136931     /usr/lib/i386-linux-gnu/libX11.so.6.3.0
674fd000-674ff000 rw-p 00147000 08:01 136931     /usr/lib/i386-linux-gnu/libX11.so.6.3.0
674ff000-67500000 rw-p 00000000 00:00 0 
67500000-67700000 r--p 00000000 08:01 143362     /usr/lib/locale/locale-archive
67700000-67721000 rw-p 00000000 00:00 0 
67721000-67800000 ---p 00000000 00:00 0 
67800000-678ff000 rw-p 00000000 00:00 0 
678ff000-67900000 ---p 00000000 00:00 0 
6790d000-67910000 ---p 00000000 00:00 0 
67910000-6795e000 rw-p 00000000 00:00 0          [stack:6089]
6795e000-67961000 ---p 00000000 00:00 0 
67961000-679af000 rw-p 00000000 00:00 0          [stack:6088]
679af000-679b2000 ---p 00000000 00:00 0 
679b2000-67a00000 rw-p 00000000 00:00 0          [stack:6087]
67a00000-67b00000 rw-p 00000000 00:00 0 
67b12000-67b29000 r-xp 00000000 08:01 805027     /usr/lib/jvm/java-7-openjdk-i386/jre/lib/i386/libnet.so
67b29000-67b2a000 r--p 00016000 08:01 805027     /usr/lib/jvm/java-7-openjdk-i386/jre/lib/i386/libnet.so
67b2a000-67b2b000 rw-p 00017000 08:01 805027     /usr/lib/jvm/java-7-openjdk-i386/jre/lib/i386/libnet.so
67b2b000-67b4b000 r-xp 00000000 08:01 138125     /usr/lib/i386-linux-gnu/libxcb.so.1.1.0
67b4b000-67b4c000 r--p 0001f000 08:01 138125     /usr/lib/i386-linux-gnu/libxcb.so.1.1.0
67b4c000-67b4d000 rw-p 00020000 08:01 138125     /usr/lib/i386-linux-gnu/libxcb.so.1.1.0
67b4d000-67b4e000 ---p 00000000 00:00 0 
67b4e000-67bce000 rw-p 00000000 00:00 0          [stack:6086]
67bce000-67d80000 r--s 01d2e000 08:01 804984     /usr/lib/jvm/java-7-openjdk-i386/jre/lib/rt.jar
67d80000-6a600000 rw-p 00000000 00:00 0 
6a600000-6a6f9000 rw-p 00000000 00:00 0 
6a6f9000-6a700000 ---p 00000000 00:00 0 
6a703000-6a70a000 r-xp 00000000 08:01 137254     /usr/lib/i386-linux-gnu/libffi.so.6.0.4
6a70a000-6a70c000 r--p 00006000 08:01 137254     /usr/lib/i386-linux-gnu/libffi.so.6.0.4
6a70c000-6a70d000 rw-p 00008000 08:01 137254     /usr/lib/i386-linux-gnu/libffi.so.6.0.4
6a70d000-6a71d000 r-xp 00000000 08:01 804991     /usr/lib/jvm/java-7-openjdk-i386/jre/lib/i386/libnio.so
6a71d000-6a71e000 r--p 00010000 08:01 804991     /usr/lib/jvm/java-7-openjdk-i386/jre/lib/i386/libnio.so
6a71e000-6a71f000 rw-p 00011000 08:01 804991     /usr/lib/jvm/java-7-openjdk-i386/jre/lib/i386/libnio.so
6a71f000-6a736000 r--s 000a5000 08:01 946092     /home/student/test/HealthyBit/app/build/intermediates/exploded-aar/com.mbientlab/metawear/2.5.9/jars/classes.jar
6a736000-6a77f000 rw-p 00000000 00:00 0 
6a77f000-6a780000 ---p 00000000 00:00 0 
6a780000-6a800000 rw-p 00000000 00:00 0          [stack:6085]
6a800000-6a821000 rw-p 00000000 00:00 0 
6a821000-6a900000 ---p 00000000 00:00 0 
6a900000-6a921000 rw-p 00000000 00:00 0 
6a921000-6aa00000 ---p 00000000 00:00 0 
6aa09000-6aa0c000 r-xp 00000000 08:01 137371     /usr/lib/i386-linux-gnu/libgmodule-2.0.so.0.4400.0
6aa0c000-6aa0d000 r--p 00002000 08:01 137371     /usr/lib/i386-linux-gnu/libgmodule-2.0.so.0.4400.0
6aa0d000-6aa0e000 rw-p 00003000 08:01 137371     /usr/lib/i386-linux-gnu/libgmodule-2.0.so.0.4400.0
6aa0e000-6aa13000 r-xp 00000000 08:01 136946     /usr/lib/i386-linux-gnu/libXdmcp.so.6.0.0
6aa13000-6aa14000 r--p 00004000 08:01 136946     /usr/lib/i386-linux-gnu/libXdmcp.so.6.0.0
6aa14000-6aa15000 rw-p 00005000 08:01 136946     /usr/lib/i386-linux-gnu/libXdmcp.so.6.0.0
6aa15000-6aa24000 r--s 000df000 08:01 1062595    /home/student/Android/Sdk/build-tools/23.0.3/lib/dx.jar
6aa24000-6aa7f000 rw-p 00000000 00:00 0 
6aa7f000-6aa80000 ---p 00000000 00:00 0 
6aa80000-6ab00000 rw-p 00000000 00:00 0          [stack:6084]
6ab00000-6ab25000 rw-p 00000000 00:00 0 
6ab25000-6ac00000 ---p 00000000 00:00 0 
6ac00000-6ac02000 r-xp 00000000 08:01 136935     /usr/lib/i386-linux-gnu/libXau.so.6.0.0
6ac02000-6ac03000 r--p 00001000 08:01 136935     /usr/lib/i386-linux-gnu/libXau.so.6.0.0
6ac03000-6ac04000 rw-p 00002000 08:01 136935     /usr/lib/i386-linux-gnu/libXau.so.6.0.0
6ac04000-6ac06000 r-xp 00000000 08:01 141618     /usr/lib/jayatana/libjayatanaag.so
6ac06000-6ac07000 r--p 00001000 08:01 141618     /usr/lib/jayatana/libjayatanaag.so
6ac07000-6ac08000 rw-p 00002000 08:01 141618     /usr/lib/jayatana/libjayatanaag.so
6ac08000-6ac0c000 r--s 00085000 08:01 804976     /usr/lib/jvm/java-7-openjdk-i386/jre/lib/ext/localedata.jar
6ac0c000-6ac27000 rw-p 00000000 00:00 0 
6ac27000-6ac28000 ---p 00000000 00:00 0 
6ac28000-6aca8000 rw-p 00000000 00:00 0          [stack:6083]
6aca8000-6aca9000 ---p 00000000 00:00 0 
6aca9000-6ad31000 rw-p 00000000 00:00 0          [stack:6082]
6ad31000-6ad69000 rw-p 00000000 00:00 0 
6ad69000-6ad7e000 rw-p 00000000 00:00 0 
6ad7e000-6aebf000 rw-p 00000000 00:00 0 
6aebf000-6aec7000 rw-p 00000000 00:00 0 
6aec7000-6aeff000 rw-p 00000000 00:00 0 
6aeff000-6af14000 rw-p 00000000 00:00 0 
6af14000-6b054000 rw-p 00000000 00:00 0 
6b054000-6b067000 rw-p 00000000 00:00 0 
6b067000-6b0ff000 rw-p 00000000 00:00 0 
6b0ff000-6c100000 rw-p 00000000 00:00 0 
6c100000-73100000 rw-p 00000000 00:00 0 
73100000-75b00000 rw-p 00000000 00:00 0 
75b00000-9db80000 rw-p 00000000 00:00 0 
9db80000-a0100000 rw-p 00000000 00:00 0 
a2d00000-a2d7f000 rw-p 00000000 00:00 0 
a2d7f000-a2e00000 ---p 00000000 00:00 0 
a2f00000-b3100000 rw-p 00000000 00:00 0 
b3101000-b3102000 r--s 00000000 08:01 414147     /usr/share/java/jayatanaag.jar
b3102000-b3106000 r--s 00034000 08:01 804978     /usr/lib/jvm/java-7-openjdk-i386/jre/lib/ext/sunjce_provider.jar
b3106000-b310a000 r--s 0003c000 08:01 804979     /usr/lib/jvm/java-7-openjdk-i386/jre/lib/ext/sunpkcs11.jar
b310a000-b3113000 rw-p 00000000 00:00 0 
b3113000-b31ca000 rw-p 00000000 00:00 0 
b31ca000-b340a000 rwxp 00000000 00:00 0 
b340a000-b61ca000 rw-p 00000000 00:00 0 
b61ca000-b61d6000 r-xp 00000000 08:01 394626     /lib/i386-linux-gnu/libnss_files-2.21.so
b61d6000-b61d7000 r--p 0000b000 08:01 394626     /lib/i386-linux-gnu/libnss_files-2.21.so
b61d7000-b61d8000 rw-p 0000c000 08:01 394626     /lib/i386-linux-gnu/libnss_files-2.21.so
b61d8000-b61e3000 r-xp 00000000 08:01 394636     /lib/i386-linux-gnu/libnss_nis-2.21.so
b61e3000-b61e4000 r--p 0000a000 08:01 394636     /lib/i386-linux-gnu/libnss_nis-2.21.so
b61e4000-b61e5000 rw-p 0000b000 08:01 394636     /lib/i386-linux-gnu/libnss_nis-2.21.so
b61e5000-b61fc000 r-xp 00000000 08:01 394620     /lib/i386-linux-gnu/libnsl-2.21.so
b61fc000-b61fd000 r--p 00016000 08:01 394620     /lib/i386-linux-gnu/libnsl-2.21.so
b61fd000-b61fe000 rw-p 00017000 08:01 394620     /lib/i386-linux-gnu/libnsl-2.21.so
b61fe000-b6200000 rw-p 00000000 00:00 0 
b6200000-b6300000 rw-p 00000000 00:00 0 
b6300000-b6308000 r-xp 00000000 08:01 394622     /lib/i386-linux-gnu/libnss_compat-2.21.so
b6308000-b6309000 r--p 00007000 08:01 394622     /lib/i386-linux-gnu/libnss_compat-2.21.so
b6309000-b630a000 rw-p 00008000 08:01 394622     /lib/i386-linux-gnu/libnss_compat-2.21.so
b630a000-b630d000 r--s 0000f000 08:01 804977     /usr/lib/jvm/java-7-openjdk-i386/jre/lib/ext/icedtea-sound.jar
b630d000-b630f000 r--s 00012000 08:01 804975     /usr/lib/jvm/java-7-openjdk-i386/jre/lib/ext/zipfs.jar
b630f000-b6317000 r-xp 00000000 08:01 804995     /usr/lib/jvm/java-7-openjdk-i386/jre/lib/i386/libzip.so
b6317000-b6318000 r--p 00007000 08:01 804995     /usr/lib/jvm/java-7-openjdk-i386/jre/lib/i386/libzip.so
b6318000-b6319000 rw-p 00008000 08:01 804995     /usr/lib/jvm/java-7-openjdk-i386/jre/lib/i386/libzip.so
b6319000-b6321000 rw-s 00000000 08:01 429811     /tmp/hsperfdata_student/6076
b6321000-b632b000 r-xp 00000000 08:01 805017     /usr/lib/jvm/java-7-openjdk-i386/jre/lib/i386/libinstrument.so
b632b000-b632c000 r--p 00009000 08:01 805017     /usr/lib/jvm/java-7-openjdk-i386/jre/lib/i386/libinstrument.so
b632c000-b632d000 rw-p 0000a000 08:01 805017     /usr/lib/jvm/java-7-openjdk-i386/jre/lib/i386/libinstrument.so
b632d000-b6353000 r-xp 00000000 08:01 805003     /usr/lib/jvm/java-7-openjdk-i386/jre/lib/i386/libjava.so
b6353000-b6354000 r--p 00025000 08:01 805003     /usr/lib/jvm/java-7-openjdk-i386/jre/lib/i386/libjava.so
b6354000-b6355000 rw-p 00026000 08:01 805003     /usr/lib/jvm/java-7-openjdk-i386/jre/lib/i386/libjava.so
b6355000-b635c000 r-xp 00000000 08:01 394681     /lib/i386-linux-gnu/librt-2.21.so
b635c000-b635d000 r--p 00006000 08:01 394681     /lib/i386-linux-gnu/librt-2.21.so
b635d000-b635e000 rw-p 00007000 08:01 394681     /lib/i386-linux-gnu/librt-2.21.so
b635e000-b6361000 ---p 00000000 00:00 0 
b6361000-b63af000 rw-p 00000000 00:00 0          [stack:6081]
b63af000-b63cb000 r-xp 00000000 08:01 394569     /lib/i386-linux-gnu/libgcc_s.so.1
b63cb000-b63cc000 rw-p 0001b000 08:01 394569     /lib/i386-linux-gnu/libgcc_s.so.1
b63cc000-b6417000 r-xp 00000000 08:01 394599     /lib/i386-linux-gnu/libm-2.21.so
b6417000-b6418000 r--p 0004a000 08:01 394599     /lib/i386-linux-gnu/libm-2.21.so
b6418000-b6419000 rw-p 0004b000 08:01 394599     /lib/i386-linux-gnu/libm-2.21.so
b6419000-b6502000 r-xp 00000000 08:01 137921     /usr/lib/i386-linux-gnu/libstdc++.so.6.0.20
b6502000-b6506000 r--p 000e9000 08:01 137921     /usr/lib/i386-linux-gnu/libstdc++.so.6.0.20
b6506000-b6507000 rw-p 000ed000 08:01 137921     /usr/lib/i386-linux-gnu/libstdc++.so.6.0.20
b6507000-b650e000 rw-p 00000000 00:00 0 
b650e000-b7061000 r-xp 00000000 08:01 805013     /usr/lib/jvm/java-7-openjdk-i386/jre/lib/i386/server/libjvm.so
b7061000-b70b5000 r--p 00b52000 08:01 805013     /usr/lib/jvm/java-7-openjdk-i386/jre/lib/i386/server/libjvm.so
b70b5000-b70c9000 rw-p 00ba6000 08:01 805013     /usr/lib/jvm/java-7-openjdk-i386/jre/lib/i386/server/libjvm.so
b70c9000-b74e8000 rw-p 00000000 00:00 0 
b74e8000-b7501000 r-xp 00000000 08:01 394714     /lib/i386-linux-gnu/libz.so.1.2.8
b7501000-b7502000 r--p 00019000 08:01 394714     /lib/i386-linux-gnu/libz.so.1.2.8
b7502000-b7503000 rw-p 0001a000 08:01 394714     /lib/i386-linux-gnu/libz.so.1.2.8
b7503000-b751c000 r-xp 00000000 08:01 394673     /lib/i386-linux-gnu/libpthread-2.21.so
b751c000-b751d000 r--p 00018000 08:01 394673     /lib/i386-linux-gnu/libpthread-2.21.so
b751d000-b751e000 rw-p 00019000 08:01 394673     /lib/i386-linux-gnu/libpthread-2.21.so
b751e000-b7520000 rw-p 00000000 00:00 0 
b7520000-b7523000 r-xp 00000000 08:01 394557     /lib/i386-linux-gnu/libdl-2.21.so
b7523000-b7524000 r--p 00002000 08:01 394557     /lib/i386-linux-gnu/libdl-2.21.so
b7524000-b7525000 rw-p 00003000 08:01 394557     /lib/i386-linux-gnu/libdl-2.21.so
b7525000-b76d9000 r-xp 00000000 08:01 394540     /lib/i386-linux-gnu/libc-2.21.so
b76d9000-b76dc000 r--p 001b3000 08:01 394540     /lib/i386-linux-gnu/libc-2.21.so
b76dc000-b76de000 rw-p 001b6000 08:01 394540     /lib/i386-linux-gnu/libc-2.21.so
b76de000-b76e0000 rw-p 00000000 00:00 0 
b76e0000-b76e1000 r--s 00002000 08:01 804980     /usr/lib/jvm/java-7-openjdk-i386/jre/lib/ext/dnsns.jar
b76e1000-b76e3000 r--s 00006000 08:01 399091     /usr/share/java/java-atk-wrapper.jar
b76e3000-b76e4000 r--p 005e0000 08:01 143362     /usr/lib/locale/locale-archive
b76e4000-b76e5000 rw-p 00000000 00:00 0 
b76e5000-b76e6000 ---p 00000000 00:00 0 
b76e6000-b76f4000 r-xp 00000000 08:01 805022     /usr/lib/jvm/java-7-openjdk-i386/jre/lib/i386/libverify.so
b76f4000-b76f6000 r--p 0000d000 08:01 805022     /usr/lib/jvm/java-7-openjdk-i386/jre/lib/i386/libverify.so
b76f6000-b76f7000 rw-p 0000f000 08:01 805022     /usr/lib/jvm/java-7-openjdk-i386/jre/lib/i386/libverify.so
b76f7000-b7703000 r-xp 00000000 08:01 805024     /usr/lib/jvm/java-7-openjdk-i386/jre/lib/i386/jli/libjli.so
b7703000-b7704000 r--p 0000b000 08:01 805024     /usr/lib/jvm/java-7-openjdk-i386/jre/lib/i386/jli/libjli.so
b7704000-b7705000 rw-p 0000c000 08:01 805024     /usr/lib/jvm/java-7-openjdk-i386/jre/lib/i386/jli/libjli.so
b7705000-b7708000 rw-p 00000000 00:00 0 
b7708000-b770a000 r--p 00000000 00:00 0          [vvar]
b770a000-b770b000 r-xp 00000000 00:00 0          [vdso]
b770b000-b772d000 r-xp 00000000 08:01 394512     /lib/i386-linux-gnu/ld-2.21.so
b772d000-b772e000 r--p 00021000 08:01 394512     /lib/i386-linux-gnu/ld-2.21.so
b772e000-b772f000 rw-p 00022000 08:01 394512     /lib/i386-linux-gnu/ld-2.21.so
bfe83000-bfe84000 rwxp 00000000 00:00 0 
bfeb5000-bfed7000 rw-p 00000000 00:00 0          [stack]

VM Arguments:
jvm_args: -javaagent:/usr/share/java/jayatanaag.jar -Djava.awt.headless=true -Xmx1024M -Dfile.encoding=UTF-8 -Duser.country=US -Duser.language=en -Duser.variant 
java_command: com.android.dx.command.Main --dex --num-threads=4 --multi-dex --output /home/student/test/HealthyBit/app/build/intermediates/transforms/dex/debug/folders/1000/10/com.mbientlab-metawear-2.5.9_3a90c87d0473f367b2fe51cd28f65a6fc5d3d92d /home/student/test/HealthyBit/app/build/intermediates/exploded-aar/com.mbientlab/metawear/2.5.9/jars/classes.jar
Launcher Type: SUN_STANDARD

Environment Variables:
JAVA_TOOL_OPTIONS=-javaagent:/usr/share/java/jayatanaag.jar 
PATH=/home/student/.linuxbrew/bin:/usr/local/sbin:/usr/local/bin:/usr/sbin:/usr/bin:/sbin:/bin:/usr/games:/usr/local/games:/etc/android-studio/bin/:/home/student/Android/Sdk/platform-tools:/home/student/Android/Sdk/tools
LD_LIBRARY_PATH=/etc/android-studio/bin:
SHELL=/bin/bash
DISPLAY=:0

Signal Handlers:
SIGSEGV: [libjvm.so+0x7f7d00], sa_mask[0]=0x7ffbfeff, sa_flags=0x10000004
SIGBUS: [libjvm.so+0x7f7d00], sa_mask[0]=0x7ffbfeff, sa_flags=0x10000004
SIGFPE: [libjvm.so+0x67a9d0], sa_mask[0]=0x7ffbfeff, sa_flags=0x10000004
SIGPIPE: [libjvm.so+0x67a9d0], sa_mask[0]=0x7ffbfeff, sa_flags=0x10000004
SIGXFSZ: [libjvm.so+0x67a9d0], sa_mask[0]=0x7ffbfeff, sa_flags=0x10000004
SIGILL: [libjvm.so+0x67a9d0], sa_mask[0]=0x7ffbfeff, sa_flags=0x10000004
SIGUSR1: SIG_DFL, sa_mask[0]=0x00000000, sa_flags=0x00000000
SIGUSR2: [libjvm.so+0x67a820], sa_mask[0]=0x00000004, sa_flags=0x10000004
SIGHUP: [libjvm.so+0x67aa80], sa_mask[0]=0x7ffbfeff, sa_flags=0x10000004
SIGINT: [libjvm.so+0x67aa80], sa_mask[0]=0x7ffbfeff, sa_flags=0x10000004
SIGTERM: [libjvm.so+0x67aa80], sa_mask[0]=0x7ffbfeff, sa_flags=0x10000004
SIGQUIT: [libjvm.so+0x67aa80], sa_mask[0]=0x7ffbfeff, sa_flags=0x10000004
SIGTRAP: SIG_DFL, sa_mask[0]=0x00000000, sa_flags=0x00000000


---------------  S Y S T E M  ---------------

OS:Ubuntu 15.04 (vivid)
uname:Linux 3.19.0-18-generic #18-Ubuntu SMP Tue May 19 18:30:59 UTC 2015 i686
libc:glibc 2.21 NPTL 2.21 
rlimit: STACK 8192k, CORE 0k, NPROC 32177, NOFILE 65536, AS infinity
load average:10.82 6.44 4.81

/proc/meminfo:
MemTotal:        4139540 kB
MemFree:          201952 kB
MemAvailable:     125248 kB
Buffers:             588 kB
Cached:            51404 kB
SwapCached:            0 kB
Active:          3547472 kB
Inactive:          41948 kB
Active(anon):    3539392 kB
Inactive(anon):    37620 kB
Active(file):       8080 kB
Inactive(file):     4328 kB
Unevictable:          32 kB
Mlocked:              32 kB
HighTotal:       3280776 kB
HighFree:          31512 kB
LowTotal:         858764 kB
LowFree:          170440 kB
SwapTotal:             0 kB
SwapFree:              0 kB
Dirty:                80 kB
Writeback:             0 kB
AnonPages:       3538128 kB
Mapped:            35116 kB
Shmem:             38796 kB
Slab:              49408 kB
SReclaimable:      23500 kB
SUnreclaim:        25908 kB
KernelStack:        5512 kB
PageTables:        15084 kB
NFS_Unstable:          0 kB
Bounce:                0 kB
WritebackTmp:          0 kB
CommitLimit:     2069768 kB
Committed_AS:    6337964 kB
VmallocTotal:     122880 kB
VmallocUsed:       23416 kB
VmallocChunk:      49124 kB
AnonHugePages:   2658304 kB
CmaTotal:              0 kB
CmaFree:               0 kB
HugePages_Total:       0
HugePages_Free:        0
HugePages_Rsvd:        0
HugePages_Surp:        0
Hugepagesize:       2048 kB
DirectMap4k:       61432 kB
DirectMap2M:      851968 kB


CPU:total 4 (1 cores per cpu, 1 threads per core) family 6 model 58 stepping 9, cmov, cx8, fxsr, mmx, sse, sse2, sse3, ssse3, sse4.1, sse4.2, popcnt, avx, aes, erms, tsc, tscinvbit, tscinv

/proc/cpuinfo:
processor	: 0
vendor_id	: GenuineIntel
cpu family	: 6
model		: 58
model name	: Intel(R) Core(TM) i5-3210M CPU @ 2.50GHz
stepping	: 9
microcode	: 0x15
cpu MHz		: 2494.111
cache size	: 3072 KB
physical id	: 0
siblings	: 1
core id		: 0
cpu cores	: 1
apicid		: 0
initial apicid	: 0
fdiv_bug	: no
f00f_bug	: no
coma_bug	: no
fpu		: yes
fpu_exception	: yes
cpuid level	: 13
wp		: yes
flags		: fpu vme de pse tsc msr pae mce cx8 apic sep mtrr pge mca cmov pat pse36 clflush dts mmx fxsr sse sse2 ss nx rdtscp lm constant_tsc arch_perfmon pebs bts xtopology tsc_reliable nonstop_tsc aperfmperf pni pclmulqdq ssse3 cx16 pcid sse4_1 sse4_2 x2apic popcnt tsc_deadline_timer aes xsave avx f16c rdrand hypervisor lahf_lm ida arat epb pln pts dtherm fsgsbase tsc_adjust smep
bugs		:
bogomips	: 4988.22
clflush size	: 64
cache_alignment	: 64
address sizes	: 42 bits physical, 48 bits virtual
power management:

processor	: 1
vendor_id	: GenuineIntel
cpu family	: 6
model		: 58
model name	: Intel(R) Core(TM) i5-3210M CPU @ 2.50GHz
stepping	: 9
microcode	: 0x15
cpu MHz		: 2494.111
cache size	: 3072 KB
physical id	: 2
siblings	: 1
core id		: 0
cpu cores	: 1
apicid		: 2
initial apicid	: 2
fdiv_bug	: no
f00f_bug	: no
coma_bug	: no
fpu		: yes
fpu_exception	: yes
cpuid level	: 13
wp		: yes
flags		: fpu vme de pse tsc msr pae mce cx8 apic sep mtrr pge mca cmov pat pse36 clflush dts mmx fxsr sse sse2 ss nx rdtscp lm constant_tsc arch_perfmon pebs bts xtopology tsc_reliable nonstop_tsc aperfmperf pni pclmulqdq ssse3 cx16 pcid sse4_1 sse4_2 x2apic popcnt tsc_deadline_timer aes xsave avx f16c rdrand hypervisor lahf_lm ida arat epb pln pts dtherm fsgsbase tsc_adjust smep
bugs		:
bogomips	: 4988.22
clflush size	: 64
cache_alignment	: 64
address sizes	: 42 bits physical, 48 bits virtual
power management:

processor	: 2
vendor_id	: GenuineIntel
cpu family	: 6
model		: 58
model name	: Intel(R) Core(TM) i5-3210M CPU @ 2.50GHz
stepping	: 9
microcode	: 0x15
cpu MHz		: 2494.111
cache size	: 3072 KB
physical id	: 4
siblings	: 1
core id		: 0
cpu cores	: 1
apicid		: 4
initial apicid	: 4
fdiv_bug	: no
f00f_bug	: no
coma_bug	: no
fpu		: yes
fpu_exception	: yes
cpuid level	: 13
wp		: yes
flags		: fpu vme de pse tsc msr pae mce cx8 apic sep mtrr pge mca cmov pat pse36 clflush dts mmx fxsr sse sse2 ss nx rdtscp lm constant_tsc arch_perfmon pebs bts xtopology tsc_reliable nonstop_tsc aperfmperf pni pclmulqdq ssse3 cx16 pcid sse4_1 sse4_2 x2apic popcnt tsc_deadline_timer aes xsave avx f16c rdrand hypervisor lahf_lm ida arat epb pln pts dtherm fsgsbase tsc_adjust smep
bugs		:
bogomips	: 4988.22
clflush size	: 64
cache_alignment	: 64
address sizes	: 42 bits physical, 48 bits virtual
power management:

processor	: 3
vendor_id	: GenuineIntel
cpu family	: 6
model		: 58
model name	: Intel(R) Core(TM) i5-3210M CPU @ 2.50GHz
stepping	: 9
microcode	: 0x15
cpu MHz		: 2494.111
cache size	: 3072 KB
physical id	: 6
siblings	: 1
core id		: 0
cpu cores	: 1
apicid		: 6
initial apicid	: 6
fdiv_bug	: no
f00f_bug	: no
coma_bug	: no
fpu		: yes
fpu_exception	: yes
cpuid level	: 13
wp		: yes
flags		: fpu vme de pse tsc msr pae mce cx8 apic sep mtrr pge mca cmov pat pse36 clflush dts mmx fxsr sse sse2 ss nx rdtscp lm constant_tsc arch_perfmon pebs bts xtopology tsc_reliable nonstop_tsc aperfmperf pni pclmulqdq ssse3 cx16 pcid sse4_1 sse4_2 x2apic popcnt tsc_deadline_timer aes xsave avx f16c rdrand hypervisor lahf_lm ida arat epb pln pts dtherm fsgsbase tsc_adjust smep
bugs		:
bogomips	: 4988.22
clflush size	: 64
cache_alignment	: 64
address sizes	: 42 bits physical, 48 bits virtual
power management:



Memory: 4k page, physical 4139540k(201704k free), swap 0k(0k free)

vm_info: OpenJDK Server VM (24.91-b01) for linux-x86 JRE (1.7.0_91-b02), built on Nov 19 2015 06:25:06 by "buildd" with gcc 4.9.2

time: Tue May  3 16:07:57 2016
elapsed time: 10 seconds

