#
# There is insufficient memory for the Java Runtime Environment to continue.
# Native memory allocation (malloc) failed to allocate 94896128 bytes for committing reserved memory.
# Possible reasons:
#   The system is out of physical RAM or swap space
#   In 32 bit mode, the process size limit was hit
# Possible solutions:
#   Reduce memory load on the system
#   Increase physical memory or swap space
#   Check if swap backing store is full
#   Use 64 bit Java on a 64 bit OS
#   Decrease Java heap size (-Xmx/-Xms)
#   Decrease number of Java threads
#   Decrease Java thread stack sizes (-Xss)
#   Set larger code cache with -XX:ReservedCodeCacheSize=
# This output file may be truncated or incomplete.
#
#  Out of Memory Error (os_linux.cpp:2827), pid=10122, tid=1739381568
#
# JRE version: OpenJDK Runtime Environment (7.0_91-b02) (build 1.7.0_91-b02)
# Java VM: OpenJDK Server VM (24.91-b01 mixed mode linux-x86 )
# Derivative: IcedTea 2.6.3
# Distribution: Ubuntu 15.04, package 7u91-2.6.3-0ubuntu0.15.04.1
# Failed to write core dump. Core dumps have been disabled. To enable core dumping, try "ulimit -c unlimited" before starting Java again
#

---------------  T H R E A D  ---------------

Current thread (0x67981400):  VMThread [stack: 0x67a4d000,0x67ace000] [id=10132]

Stack: [0x67a4d000,0x67ace000]
VM_Operation (0x66a428a4): ParallelGCFailedAllocation, mode: safepoint, requested by thread 0x67046000


---------------  P R O C E S S  ---------------

Java Threads: ( => current thread )
  0x67048400 JavaThread "pool-1-thread-4" [_thread_blocked, id=10187, stack(0x66951000,0x669a2000)]
  0x67047000 JavaThread "pool-1-thread-3" [_thread_blocked, id=10186, stack(0x669a2000,0x669f3000)]
  0x67046000 JavaThread "pool-1-thread-2" [_thread_blocked, id=10185, stack(0x669f3000,0x66a44000)]
  0x67042000 JavaThread "pool-2-thread-1" [_thread_blocked, id=10184, stack(0x66a44000,0x66a95000)]
  0x6703fc00 JavaThread "pool-1-thread-1" [_thread_blocked, id=10183, stack(0x66a95000,0x66ae6000)]
  0x679ee400 JavaThread "Service Thread" daemon [_thread_blocked, id=10160, stack(0x67211000,0x67262000)]
  0x679ec800 JavaThread "C2 CompilerThread1" daemon [_thread_blocked, id=10158, stack(0x67262000,0x672e3000)]
  0x679eb400 JavaThread "C2 CompilerThread0" daemon [_thread_blocked, id=10156, stack(0x672e3000,0x67364000)]
  0x67998400 JavaThread "Signal Dispatcher" daemon [_thread_blocked, id=10149, stack(0x674af000,0x67500000)]
  0x67985400 JavaThread "Finalizer" daemon [_thread_blocked, id=10135, stack(0x6a62e000,0x6a67f000)]
  0x67983c00 JavaThread "Reference Handler" daemon [_thread_blocked, id=10134, stack(0x6a82e000,0x6a87f000)]
  0xb6208400 JavaThread "main" [_thread_blocked, id=10124, stack(0xb6348000,0xb6399000)]

Other Threads:
=>0x67981400 VMThread [stack: 0x67a4d000,0x67ace000] [id=10132]
  0x679f0800 WatcherThread [stack: 0x67190000,0x67211000] [id=10162]

VM state:at safepoint (normal execution)

VM Mutex/Monitor currently owned by a thread:  ([mutex/lock_event])
[0xb6205e00] Threads_lock - owner thread: 0x67981400
[0xb6206210] Heap_lock - owner thread: 0x67046000
[0xb62066f0] MethodData_lock - owner thread: 0x67048400

Heap
 PSYoungGen      total 69120K, used 2544K [0x9db40000, 0xa2140000, 0xb30c0000)
  eden space 66560K, 0% used [0x9db40000,0x9db40000,0xa1c40000)
  from space 2560K, 99% used [0xa1c40000,0xa1ebc388,0xa1ec0000)
  to   space 2560K, 0% used [0xa1ec0000,0xa1ec0000,0xa2140000)
 ParOldGen       total 43008K, used 23124K [0x730c0000, 0x75ac0000, 0x9db40000)
  object space 43008K, 53% used [0x730c0000,0x74755088,0x75ac0000)
 PSPermGen       total 16384K, used 4279K [0x6b0c0000, 0x6c0c0000, 0x730c0000)
  object space 16384K, 26% used [0x6b0c0000,0x6b4ede68,0x6c0c0000)

Card table byte_map: [0x6ae7f000,0x6b0c0000] byte_map_base: 0x6ab26a00

Polling page: 0xb76cf000

Code Cache  [0xb31b3000, 0xb33f3000, 0xb61b3000)
 total_blobs=425 nmethods=300 adapters=76 free_code_cache=48001Kb largest_free_block=49130496

Compilation events (10 events):
Event: 16.320 Thread 0x679eb400 nmethod 304 0xb32cb148 code [0xb32cb480, 0xb32cd724]
Event: 16.320 Thread 0x679eb400  305             com.android.dx.ssa.SsaMethod::getUseListForRegister (18 bytes)
Event: 16.341 Thread 0x679eb400 nmethod 305 0xb329e7c8 code [0xb329e8c0, 0xb329e95c]
Event: 16.343 Thread 0x679eb400  306             com.android.dx.rop.code.CstInsn::<init> (31 bytes)
Event: 16.345 Thread 0x679eb400 nmethod 306 0xb32a2608 code [0xb32a2700, 0xb32a27f0]
Event: 16.345 Thread 0x679eb400  307             com.android.dx.rop.code.BasicBlockList$RegCountVisitor::visitPlainInsn (6 bytes)
Event: 16.499 Thread 0x679eb400 nmethod 307 0xb32a1d88 code [0xb32a1ea0, 0xb32a2110]
Event: 16.573 Thread 0x679eb400  308             com.android.dx.ssa.Dominators::eval (29 bytes)
Event: 17.242 Thread 0x679eb400 nmethod 308 0xb32b7a08 code [0xb32b7c60, 0xb32b8d60]
Event: 17.242 Thread 0x679eb400  309             com.android.dx.ssa.Dominators::compress (229 bytes)

GC Heap History (9 events):
Event: 1.298 GC heap before
{Heap before GC invocations=1 (full 0):
 PSYoungGen      total 19200K, used 16640K [0x9db40000, 0x9f080000, 0xb30c0000)
  eden space 16640K, 100% used [0x9db40000,0x9eb80000,0x9eb80000)
  from space 2560K, 0% used [0x9ee00000,0x9ee00000,0x9f080000)
  to   space 2560K, 0% used [0x9eb80000,0x9eb80000,0x9ee00000)
 ParOldGen       total 43008K, used 0K [0x730c0000, 0x75ac0000, 0x9db40000)
  object space 43008K, 0% used [0x730c0000,0x730c0000,0x75ac0000)
 PSPermGen       total 16384K, used 2984K [0x6b0c0000, 0x6c0c0000, 0x730c0000)
  object space 16384K, 18% used [0x6b0c0000,0x6b3aa140,0x6c0c0000)
Event: 1.324 GC heap after
Heap after GC invocations=1 (full 0):
 PSYoungGen      total 19200K, used 1104K [0x9db40000, 0xa00c0000, 0xb30c0000)
  eden space 16640K, 0% used [0x9db40000,0x9db40000,0x9eb80000)
  from space 2560K, 43% used [0x9eb80000,0x9ec94190,0x9ee00000)
  to   space 2560K, 0% used [0x9fe40000,0x9fe40000,0xa00c0000)
 ParOldGen       total 43008K, used 0K [0x730c0000, 0x75ac0000, 0x9db40000)
  object space 43008K, 0% used [0x730c0000,0x730c0000,0x75ac0000)
 PSPermGen       total 16384K, used 2984K [0x6b0c0000, 0x6c0c0000, 0x730c0000)
  object space 16384K, 18% used [0x6b0c0000,0x6b3aa140,0x6c0c0000)
}
Event: 2.402 GC heap before
{Heap before GC invocations=2 (full 0):
 PSYoungGen      total 19200K, used 17744K [0x9db40000, 0xa00c0000, 0xb30c0000)
  eden space 16640K, 100% used [0x9db40000,0x9eb80000,0x9eb80000)
  from space 2560K, 43% used [0x9eb80000,0x9ec94190,0x9ee00000)
  to   space 2560K, 0% used [0x9fe40000,0x9fe40000,0xa00c0000)
 ParOldGen       total 43008K, used 0K [0x730c0000, 0x75ac0000, 0x9db40000)
  object space 43008K, 0% used [0x730c0000,0x730c0000,0x75ac0000)
 PSPermGen       total 16384K, used 4122K [0x6b0c0000, 0x6c0c0000, 0x730c0000)
  object space 16384K, 25% used [0x6b0c0000,0x6b4c6888,0x6c0c0000)
Event: 2.423 GC heap after
Heap after GC invocations=2 (full 0):
 PSYoungGen      total 35840K, used 2557K [0x9db40000, 0xa00c0000, 0xb30c0000)
  eden space 33280K, 0% used [0x9db40000,0x9db40000,0x9fbc0000)
  from space 2560K, 99% used [0x9fe40000,0xa00bf758,0xa00c0000)
  to   space 2560K, 0% used [0x9fbc0000,0x9fbc0000,0x9fe40000)
 ParOldGen       total 43008K, used 1506K [0x730c0000, 0x75ac0000, 0x9db40000)
  object space 43008K, 3% used [0x730c0000,0x73238a10,0x75ac0000)
 PSPermGen       total 16384K, used 4122K [0x6b0c0000, 0x6c0c0000, 0x730c0000)
  object space 16384K, 25% used [0x6b0c0000,0x6b4c6888,0x6c0c0000)
}
Event: 5.383 GC heap before
{Heap before GC invocations=3 (full 0):
 PSYoungGen      total 35840K, used 35837K [0x9db40000, 0xa00c0000, 0xb30c0000)
  eden space 33280K, 100% used [0x9db40000,0x9fbc0000,0x9fbc0000)
  from space 2560K, 99% used [0x9fe40000,0xa00bf758,0xa00c0000)
  to   space 2560K, 0% used [0x9fbc0000,0x9fbc0000,0x9fe40000)
 ParOldGen       total 43008K, used 1506K [0x730c0000, 0x75ac0000, 0x9db40000)
  object space 43008K, 3% used [0x730c0000,0x73238a10,0x75ac0000)
 PSPermGen       total 16384K, used 4227K [0x6b0c0000, 0x6c0c0000, 0x730c0000)
  object space 16384K, 25% used [0x6b0c0000,0x6b4e0ca8,0x6c0c0000)
Event: 5.470 GC heap after
Heap after GC invocations=3 (full 0):
 PSYoungGen      total 35840K, used 2547K [0x9db40000, 0xa2140000, 0xb30c0000)
  eden space 33280K, 0% used [0x9db40000,0x9db40000,0x9fbc0000)
  from space 2560K, 99% used [0x9fbc0000,0x9fe3cc58,0x9fe40000)
  to   space 2560K, 0% used [0xa1ec0000,0xa1ec0000,0xa2140000)
 ParOldGen       total 43008K, used 7059K [0x730c0000, 0x75ac0000, 0x9db40000)
  object space 43008K, 16% used [0x730c0000,0x737a4d08,0x75ac0000)
 PSPermGen       total 16384K, used 4227K [0x6b0c0000, 0x6c0c0000, 0x730c0000)
  object space 16384K, 25% used [0x6b0c0000,0x6b4e0ca8,0x6c0c0000)
}
Event: 11.467 GC heap before
{Heap before GC invocations=4 (full 0):
 PSYoungGen      total 35840K, used 35827K [0x9db40000, 0xa2140000, 0xb30c0000)
  eden space 33280K, 100% used [0x9db40000,0x9fbc0000,0x9fbc0000)
  from space 2560K, 99% used [0x9fbc0000,0x9fe3cc58,0x9fe40000)
  to   space 2560K, 0% used [0xa1ec0000,0xa1ec0000,0xa2140000)
 ParOldGen       total 43008K, used 7059K [0x730c0000, 0x75ac0000, 0x9db40000)
  object space 43008K, 16% used [0x730c0000,0x737a4d08,0x75ac0000)
 PSPermGen       total 16384K, used 4250K [0x6b0c0000, 0x6c0c0000, 0x730c0000)
  object space 16384K, 25% used [0x6b0c0000,0x6b4e6b18,0x6c0c0000)
Event: 11.578 GC heap after
Heap after GC invocations=4 (full 0):
 PSYoungGen      total 69120K, used 2547K [0x9db40000, 0xa2140000, 0xb30c0000)
  eden space 66560K, 0% used [0x9db40000,0x9db40000,0xa1c40000)
  from space 2560K, 99% used [0xa1ec0000,0xa213cd78,0xa2140000)
  to   space 2560K, 0% used [0xa1c40000,0xa1c40000,0xa1ec0000)
 ParOldGen       total 43008K, used 11967K [0x730c0000, 0x75ac0000, 0x9db40000)
  object space 43008K, 27% used [0x730c0000,0x73c6fe08,0x75ac0000)
 PSPermGen       total 16384K, used 4250K [0x6b0c0000, 0x6c0c0000, 0x730c0000)
  object space 16384K, 25% used [0x6b0c0000,0x6b4e6b18,0x6c0c0000)
}
Event: 17.771 GC heap before
{Heap before GC invocations=5 (full 0):
 PSYoungGen      total 69120K, used 69107K [0x9db40000, 0xa2140000, 0xb30c0000)
  eden space 66560K, 100% used [0x9db40000,0xa1c40000,0xa1c40000)
  from space 2560K, 99% used [0xa1ec0000,0xa213cd78,0xa2140000)
  to   space 2560K, 0% used [0xa1c40000,0xa1c40000,0xa1ec0000)
 ParOldGen       total 43008K, used 11967K [0x730c0000, 0x75ac0000, 0x9db40000)
  object space 43008K, 27% used [0x730c0000,0x73c6fe08,0x75ac0000)
 PSPermGen       total 16384K, used 4279K [0x6b0c0000, 0x6c0c0000, 0x730c0000)
  object space 16384K, 26% used [0x6b0c0000,0x6b4ede68,0x6c0c0000)

Deoptimization events (10 events):
Event: 11.111 Thread 0x67046000 Uncommon trap: reason=unstable_if action=reinterpret pc=0xb3215fa4 method=com.android.dx.rop.code.RegisterSpecSet.put(Lcom/android/dx/rop/code/RegisterSpec;)V @ 77
Event: 11.214 Thread 0x67048400 Uncommon trap: reason=class_check action=maybe_recompile pc=0xb320da78 method=java.util.HashMap.put(Ljava/lang/Object;Ljava/lang/Object;)Ljava/lang/Object; @ 83
Event: 11.214 Thread 0x67048400 Uncommon trap: reason=class_check action=maybe_recompile pc=0xb320da78 method=java.util.HashMap.put(Ljava/lang/Object;Ljava/lang/Object;)Ljava/lang/Object; @ 83
Event: 11.214 Thread 0x67048400 Uncommon trap: reason=class_check action=maybe_recompile pc=0xb320da78 method=java.util.HashMap.put(Ljava/lang/Object;Ljava/lang/Object;)Ljava/lang/Object; @ 83
Event: 11.214 Thread 0x67048400 Uncommon trap: reason=class_check action=maybe_recompile pc=0xb320da78 method=java.util.HashMap.put(Ljava/lang/Object;Ljava/lang/Object;)Ljava/lang/Object; @ 83
Event: 11.613 Thread 0x67047000 Uncommon trap: reason=unstable_if action=reinterpret pc=0xb3279a70 method=com.android.dx.ssa.SCCP.simulateBranch(Lcom/android/dx/ssa/SsaInsn;)V @ 64
Event: 15.196 Thread 0x6703fc00 Uncommon trap: reason=null_check action=make_not_entrant pc=0xb32c2480 method=com.android.dx.cf.code.Ropper$CatchInfo.getSetup(Lcom/android/dx/rop/type/Type;)Lcom/android/dx/cf/code/Ropper$ExceptionHandlerSetup; @ 10
Event: 15.253 Thread 0xb6208400 Uncommon trap: reason=null_check action=make_not_entrant pc=0xb32a751c method=com.android.dx.ssa.SsaRenamer.getLocalForNewReg(I)Lcom/android/dx/rop/code/LocalItem; @ 19
Event: 17.038 Thread 0xb6208400 Uncommon trap: reason=unloaded action=reinterpret pc=0xb326e490 method=com.android.dx.cf.cst.ConstantPoolParser.parse0(ILjava/util/BitSet;)Lcom/android/dx/rop/cst/Constant; @ 220
Event: 17.153 Thread 0x67048400 Uncommon trap: reason=unstable_if action=reinterpret pc=0xb32b258c method=com.android.dx.ssa.SCCP.simulateStmt(Lcom/android/dx/ssa/SsaInsn;)V @ 53

Internal exceptions (10 events):
Event: 1.876 Thread 0xb6208400 Threw 0x9e484998 at /build/openjdk-7-PdBaKN/openjdk-7-7u91-2.6.3/build/openjdk/hotspot/src/share/vm/prims/jvm.cpp:1322
Event: 1.882 Thread 0xb6208400 Threw 0x9e487638 at /build/openjdk-7-PdBaKN/openjdk-7-7u91-2.6.3/build/openjdk/hotspot/src/share/vm/prims/jvm.cpp:1322
Event: 2.099 Thread 0xb6208400 Threw 0x9e7e9c98 at /build/openjdk-7-PdBaKN/openjdk-7-7u91-2.6.3/build/openjdk/hotspot/src/share/vm/prims/jvm.cpp:1322
Event: 2.960 Thread 0x67048400 Threw 0x9def03a8 at /build/openjdk-7-PdBaKN/openjdk-7-7u91-2.6.3/build/openjdk/hotspot/src/share/vm/prims/jvm.cpp:1322
Event: 10.983 Thread 0x67048400 Threw 0x9e2c0e68 at /build/openjdk-7-PdBaKN/openjdk-7-7u91-2.6.3/build/openjdk/hotspot/src/share/vm/prims/jvm.cpp:1322
Event: 11.010 Thread 0xb6208400 Implicit null exception at 0xb324ca62 to 0xb324cfe9
Event: 11.161 Thread 0xb6208400 Threw 0x9f7b5868 at /build/openjdk-7-PdBaKN/openjdk-7-7u91-2.6.3/build/openjdk/hotspot/src/share/vm/prims/jvm.cpp:1322
Event: 11.615 Thread 0x67047000 Threw 0x9dcabb00 at /build/openjdk-7-PdBaKN/openjdk-7-7u91-2.6.3/build/openjdk/hotspot/src/share/vm/prims/jvm.cpp:1322
Event: 15.196 Thread 0x6703fc00 Implicit null exception at 0xb32bf404 to 0xb32c2455
Event: 15.253 Thread 0xb6208400 Implicit null exception at 0xb32a5acb to 0xb32a74e5

Events (10 events):
Event: 15.253 Thread 0xb6208400 Uncommon trap: trap_request=0xfffffff4 fr.pc=0xb32a751c
Event: 15.253 Thread 0xb6208400 DEOPT PACKING pc=0xb32a751c sp=0xb6397840
Event: 15.253 Thread 0xb6208400 DEOPT UNPACKING pc=0xb31dfbc8 sp=0xb63976dc mode 2
Event: 16.994 Thread 0xb6208400 Uncommon trap: trap_request=0x000000d2 fr.pc=0xb326e490
Event: 17.038 Thread 0xb6208400 DEOPT PACKING pc=0xb326e490 sp=0xb6397ad0
Event: 17.041 Thread 0xb6208400 DEOPT UNPACKING pc=0xb31dfbc8 sp=0xb6397ad4 mode 2
Event: 17.153 Thread 0x67048400 Uncommon trap: trap_request=0xffffff75 fr.pc=0xb32b258c
Event: 17.153 Thread 0x67048400 DEOPT PACKING pc=0xb32b258c sp=0x669a0b90
Event: 17.172 Thread 0x67048400 DEOPT UNPACKING pc=0xb31dfbc8 sp=0x669a0b5c mode 2
Event: 17.728 Executing VM operation: ParallelGCFailedAllocation


Dynamic libraries:
08048000-08049000 r-xp 00000000 08:01 804961     /usr/lib/jvm/java-7-openjdk-i386/jre/bin/java
08049000-0804a000 r--p 00000000 08:01 804961     /usr/lib/jvm/java-7-openjdk-i386/jre/bin/java
0804a000-0804b000 rw-p 00001000 08:01 804961     /usr/lib/jvm/java-7-openjdk-i386/jre/bin/java
09af6000-09b8c000 rw-p 00000000 00:00 0          [heap]
64e00000-64ece000 rw-p 00000000 00:00 0 
64ece000-64f00000 ---p 00000000 00:00 0 
65000000-650fa000 rw-p 00000000 00:00 0 
650fa000-65100000 ---p 00000000 00:00 0 
65200000-652e1000 rw-p 00000000 00:00 0 
652e1000-65300000 ---p 00000000 00:00 0 
65300000-65400000 rw-p 00000000 00:00 0 
65400000-654f9000 rw-p 00000000 00:00 0 
654f9000-65500000 ---p 00000000 00:00 0 
65500000-655fb000 rw-p 00000000 00:00 0 
655fb000-65600000 ---p 00000000 00:00 0 
65600000-656fe000 rw-p 00000000 00:00 0 
656fe000-65700000 ---p 00000000 00:00 0 
65700000-657fb000 rw-p 00000000 00:00 0 
657fb000-65800000 ---p 00000000 00:00 0 
65800000-658ff000 rw-p 00000000 00:00 0 
658ff000-65900000 ---p 00000000 00:00 0 
65a00000-65afa000 rw-p 00000000 00:00 0 
65afa000-65b00000 ---p 00000000 00:00 0 
65b00000-65bfe000 rw-p 00000000 00:00 0 
65bfe000-65c00000 ---p 00000000 00:00 0 
65c00000-65dfc000 rw-p 00000000 00:00 0 
65dfc000-65e00000 ---p 00000000 00:00 0 
65e00000-65efb000 rw-p 00000000 00:00 0 
65efb000-65f00000 ---p 00000000 00:00 0 
66000000-660ed000 rw-p 00000000 00:00 0 
660ed000-66100000 ---p 00000000 00:00 0 
66100000-661fe000 rw-p 00000000 00:00 0 
661fe000-66200000 ---p 00000000 00:00 0 
66200000-662fd000 rw-p 00000000 00:00 0 
662fd000-66300000 ---p 00000000 00:00 0 
66400000-664fb000 rw-p 00000000 00:00 0 
664fb000-66500000 ---p 00000000 00:00 0 
66500000-665ea000 rw-p 00000000 00:00 0 
665ea000-66600000 ---p 00000000 00:00 0 
66600000-66700000 rw-p 00000000 00:00 0 
66704000-66800000 rw-p 00000000 00:00 0 
66800000-668d6000 rw-p 00000000 00:00 0 
668d6000-66900000 ---p 00000000 00:00 0 
66951000-66954000 ---p 00000000 00:00 0 
66954000-669a2000 rw-p 00000000 00:00 0          [stack:10187]
669a2000-669a5000 ---p 00000000 00:00 0 
669a5000-669f3000 rw-p 00000000 00:00 0          [stack:10186]
669f3000-669f6000 ---p 00000000 00:00 0 
669f6000-66a44000 rw-p 00000000 00:00 0          [stack:10185]
66a44000-66a47000 ---p 00000000 00:00 0 
66a47000-66a95000 rw-p 00000000 00:00 0          [stack:10184]
66a95000-66a98000 ---p 00000000 00:00 0 
66a98000-66ca7000 rw-p 00000000 00:00 0          [stack:10183]
66ca7000-66d17000 r-xp 00000000 08:01 394656     /lib/i386-linux-gnu/libpcre.so.3.13.1
66d17000-66d18000 r--p 0006f000 08:01 394656     /lib/i386-linux-gnu/libpcre.so.3.13.1
66d18000-66d19000 rw-p 00070000 08:01 394656     /lib/i386-linux-gnu/libpcre.so.3.13.1
66d19000-66e3f000 r-xp 00000000 08:01 394573     /lib/i386-linux-gnu/libglib-2.0.so.0.4400.0
66e3f000-66e40000 r--p 00125000 08:01 394573     /lib/i386-linux-gnu/libglib-2.0.so.0.4400.0
66e40000-66e41000 rw-p 00126000 08:01 394573     /lib/i386-linux-gnu/libglib-2.0.so.0.4400.0
66e41000-66ffa000 r-xp 00000000 08:01 137357     /usr/lib/i386-linux-gnu/libgio-2.0.so.0.4400.0
66ffa000-66ffd000 r--p 001b8000 08:01 137357     /usr/lib/i386-linux-gnu/libgio-2.0.so.0.4400.0
66ffd000-66fff000 rw-p 001bb000 08:01 137357     /usr/lib/i386-linux-gnu/libgio-2.0.so.0.4400.0
66fff000-67000000 rw-p 00000000 00:00 0 
67000000-6705c000 rw-p 00000000 00:00 0 
6705c000-67100000 ---p 00000000 00:00 0 
6711a000-6712e000 r-xp 00000000 08:01 394679     /lib/i386-linux-gnu/libresolv-2.21.so
6712e000-67130000 r--p 00013000 08:01 394679     /lib/i386-linux-gnu/libresolv-2.21.so
67130000-67131000 rw-p 00015000 08:01 394679     /lib/i386-linux-gnu/libresolv-2.21.so
67131000-67133000 rw-p 00000000 00:00 0 
67133000-6718e000 r-xp 00000000 08:01 137385     /usr/lib/i386-linux-gnu/libgobject-2.0.so.0.4400.0
6718e000-6718f000 r--p 0005b000 08:01 137385     /usr/lib/i386-linux-gnu/libgobject-2.0.so.0.4400.0
6718f000-67190000 rw-p 0005c000 08:01 137385     /usr/lib/i386-linux-gnu/libgobject-2.0.so.0.4400.0
67190000-67191000 ---p 00000000 00:00 0 
67191000-67211000 rw-p 00000000 00:00 0          [stack:10162]
67211000-67214000 ---p 00000000 00:00 0 
67214000-67262000 rw-p 00000000 00:00 0          [stack:10160]
67262000-67265000 ---p 00000000 00:00 0 
67265000-672e3000 rw-p 00000000 00:00 0          [stack:10158]
672e3000-672e6000 ---p 00000000 00:00 0 
672e6000-67364000 rw-p 00000000 00:00 0          [stack:10156]
67364000-674ab000 r-xp 00000000 08:01 136931     /usr/lib/i386-linux-gnu/libX11.so.6.3.0
674ab000-674ac000 r--p 00146000 08:01 136931     /usr/lib/i386-linux-gnu/libX11.so.6.3.0
674ac000-674ae000 rw-p 00147000 08:01 136931     /usr/lib/i386-linux-gnu/libX11.so.6.3.0
674ae000-674af000 rw-p 00000000 00:00 0 
674af000-674b2000 ---p 00000000 00:00 0 
674b2000-67500000 rw-p 00000000 00:00 0          [stack:10149]
67500000-67700000 r--p 00000000 08:01 143362     /usr/lib/locale/locale-archive
67700000-677fb000 rw-p 00000000 00:00 0 
677fb000-67800000 ---p 00000000 00:00 0 
67800000-67821000 rw-p 00000000 00:00 0 
67821000-67900000 ---p 00000000 00:00 0 
67900000-67a00000 rw-p 00000000 00:00 0 
67a0f000-67a33000 r-xp 00000000 08:01 394683     /lib/i386-linux-gnu/libselinux.so.1
67a33000-67a34000 r--p 00024000 08:01 394683     /lib/i386-linux-gnu/libselinux.so.1
67a34000-67a35000 rw-p 00025000 08:01 394683     /lib/i386-linux-gnu/libselinux.so.1
67a35000-67a36000 rw-p 00000000 00:00 0 
67a4d000-67a4e000 ---p 00000000 00:00 0 
67a4e000-67ace000 rw-p 00000000 00:00 0          [stack:10132]
67ace000-67c80000 r--s 01d2e000 08:01 804984     /usr/lib/jvm/java-7-openjdk-i386/jre/lib/rt.jar
67c80000-6a500000 rw-p 00000000 00:00 0 
6a500000-6a5f9000 rw-p 00000000 00:00 0 
6a5f9000-6a600000 ---p 00000000 00:00 0 
6a603000-6a61a000 r-xp 00000000 08:01 805027     /usr/lib/jvm/java-7-openjdk-i386/jre/lib/i386/libnet.so
6a61a000-6a61b000 r--p 00016000 08:01 805027     /usr/lib/jvm/java-7-openjdk-i386/jre/lib/i386/libnet.so
6a61b000-6a61c000 rw-p 00017000 08:01 805027     /usr/lib/jvm/java-7-openjdk-i386/jre/lib/i386/libnet.so
6a61c000-6a62c000 r-xp 00000000 08:01 804991     /usr/lib/jvm/java-7-openjdk-i386/jre/lib/i386/libnio.so
6a62c000-6a62d000 r--p 00010000 08:01 804991     /usr/lib/jvm/java-7-openjdk-i386/jre/lib/i386/libnio.so
6a62d000-6a62e000 rw-p 00011000 08:01 804991     /usr/lib/jvm/java-7-openjdk-i386/jre/lib/i386/libnio.so
6a62e000-6a631000 ---p 00000000 00:00 0 
6a631000-6a67f000 rw-p 00000000 00:00 0          [stack:10135]
6a67f000-6a680000 ---p 00000000 00:00 0 
6a680000-6a700000 rw-p 00000000 00:00 0          [stack:10131]
6a700000-6a721000 rw-p 00000000 00:00 0 
6a721000-6a800000 ---p 00000000 00:00 0 
6a80c000-6a82c000 r-xp 00000000 08:01 138125     /usr/lib/i386-linux-gnu/libxcb.so.1.1.0
6a82c000-6a82d000 r--p 0001f000 08:01 138125     /usr/lib/i386-linux-gnu/libxcb.so.1.1.0
6a82d000-6a82e000 rw-p 00020000 08:01 138125     /usr/lib/i386-linux-gnu/libxcb.so.1.1.0
6a82e000-6a831000 ---p 00000000 00:00 0 
6a831000-6a87f000 rw-p 00000000 00:00 0          [stack:10134]
6a87f000-6a880000 ---p 00000000 00:00 0 
6a880000-6a900000 rw-p 00000000 00:00 0          [stack:10130]
6a900000-6a921000 rw-p 00000000 00:00 0 
6a921000-6aa00000 ---p 00000000 00:00 0 
6aa07000-6aa0e000 r-xp 00000000 08:01 137254     /usr/lib/i386-linux-gnu/libffi.so.6.0.4
6aa0e000-6aa10000 r--p 00006000 08:01 137254     /usr/lib/i386-linux-gnu/libffi.so.6.0.4
6aa10000-6aa11000 rw-p 00008000 08:01 137254     /usr/lib/i386-linux-gnu/libffi.so.6.0.4
6aa11000-6aa27000 r--s 000f1000 08:01 946041     /home/student/test/HealthyBit/app/build/intermediates/exploded-aar/com.android.support/support-v4/23.3.0/jars/classes.jar
6aa27000-6aa36000 r--s 000df000 08:01 1062595    /home/student/Android/Sdk/build-tools/23.0.3/lib/dx.jar
6aa36000-6aa7f000 rw-p 00000000 00:00 0 
6aa7f000-6aa80000 ---p 00000000 00:00 0 
6aa80000-6ab00000 rw-p 00000000 00:00 0          [stack:10129]
6ab00000-6ab31000 rw-p 00000000 00:00 0 
6ab31000-6ac00000 ---p 00000000 00:00 0 
6ac01000-6ac04000 r-xp 00000000 08:01 137371     /usr/lib/i386-linux-gnu/libgmodule-2.0.so.0.4400.0
6ac04000-6ac05000 r--p 00002000 08:01 137371     /usr/lib/i386-linux-gnu/libgmodule-2.0.so.0.4400.0
6ac05000-6ac06000 rw-p 00003000 08:01 137371     /usr/lib/i386-linux-gnu/libgmodule-2.0.so.0.4400.0
6ac06000-6ac0b000 r-xp 00000000 08:01 136946     /usr/lib/i386-linux-gnu/libXdmcp.so.6.0.0
6ac0b000-6ac0c000 r--p 00004000 08:01 136946     /usr/lib/i386-linux-gnu/libXdmcp.so.6.0.0
6ac0c000-6ac0d000 rw-p 00005000 08:01 136946     /usr/lib/i386-linux-gnu/libXdmcp.so.6.0.0
6ac0d000-6ac68000 rw-p 00000000 00:00 0 
6ac68000-6ac69000 ---p 00000000 00:00 0 
6ac69000-6acf1000 rw-p 00000000 00:00 0          [stack:10126]
6acf1000-6ad29000 rw-p 00000000 00:00 0 
6ad29000-6ad3e000 rw-p 00000000 00:00 0 
6ad3e000-6ae7f000 rw-p 00000000 00:00 0 
6ae7f000-6ae87000 rw-p 00000000 00:00 0 
6ae87000-6aebf000 rw-p 00000000 00:00 0 
6aebf000-6aed4000 rw-p 00000000 00:00 0 
6aed4000-6b014000 rw-p 00000000 00:00 0 
6b014000-6b038000 rw-p 00000000 00:00 0 
6b038000-6b0bf000 rw-p 00000000 00:00 0 
6b0bf000-6c0c0000 rw-p 00000000 00:00 0 
6c0c0000-730c0000 rw-p 00000000 00:00 0 
730c0000-75ac0000 rw-p 00000000 00:00 0 
75ac0000-9db40000 rw-p 00000000 00:00 0 
9db40000-a2140000 rw-p 00000000 00:00 0 
a7bc0000-b30c0000 rw-p 00000000 00:00 0 
b30c4000-b30c6000 r-xp 00000000 08:01 136935     /usr/lib/i386-linux-gnu/libXau.so.6.0.0
b30c6000-b30c7000 r--p 00001000 08:01 136935     /usr/lib/i386-linux-gnu/libXau.so.6.0.0
b30c7000-b30c8000 rw-p 00002000 08:01 136935     /usr/lib/i386-linux-gnu/libXau.so.6.0.0
b30c8000-b30ca000 r-xp 00000000 08:01 141618     /usr/lib/jayatana/libjayatanaag.so
b30ca000-b30cb000 r--p 00001000 08:01 141618     /usr/lib/jayatana/libjayatanaag.so
b30cb000-b30cc000 rw-p 00002000 08:01 141618     /usr/lib/jayatana/libjayatanaag.so
b30cc000-b30d0000 r--s 00085000 08:01 804976     /usr/lib/jvm/java-7-openjdk-i386/jre/lib/ext/localedata.jar
b30d0000-b30d4000 r--s 00034000 08:01 804978     /usr/lib/jvm/java-7-openjdk-i386/jre/lib/ext/sunjce_provider.jar
b30d4000-b30d8000 r--s 0003c000 08:01 804979     /usr/lib/jvm/java-7-openjdk-i386/jre/lib/ext/sunpkcs11.jar
b30d8000-b30fc000 rw-p 00000000 00:00 0 
b30fc000-b31b3000 rw-p 00000000 00:00 0 
b31b3000-b33f3000 rwxp 00000000 00:00 0 
b33f3000-b61b3000 rw-p 00000000 00:00 0 
b61b3000-b61bf000 r-xp 00000000 08:01 394626     /lib/i386-linux-gnu/libnss_files-2.21.so
b61bf000-b61c0000 r--p 0000b000 08:01 394626     /lib/i386-linux-gnu/libnss_files-2.21.so
b61c0000-b61c1000 rw-p 0000c000 08:01 394626     /lib/i386-linux-gnu/libnss_files-2.21.so
b61c1000-b61cc000 r-xp 00000000 08:01 394636     /lib/i386-linux-gnu/libnss_nis-2.21.so
b61cc000-b61cd000 r--p 0000a000 08:01 394636     /lib/i386-linux-gnu/libnss_nis-2.21.so
b61cd000-b61ce000 rw-p 0000b000 08:01 394636     /lib/i386-linux-gnu/libnss_nis-2.21.so
b61ce000-b61e5000 r-xp 00000000 08:01 394620     /lib/i386-linux-gnu/libnsl-2.21.so
b61e5000-b61e6000 r--p 00016000 08:01 394620     /lib/i386-linux-gnu/libnsl-2.21.so
b61e6000-b61e7000 rw-p 00017000 08:01 394620     /lib/i386-linux-gnu/libnsl-2.21.so
b61e7000-b61e9000 rw-p 00000000 00:00 0 
b61e9000-b61ec000 r--s 0000f000 08:01 804977     /usr/lib/jvm/java-7-openjdk-i386/jre/lib/ext/icedtea-sound.jar
b61ec000-b61ee000 r--s 00012000 08:01 804975     /usr/lib/jvm/java-7-openjdk-i386/jre/lib/ext/zipfs.jar
b61ee000-b61f6000 r-xp 00000000 08:01 804995     /usr/lib/jvm/java-7-openjdk-i386/jre/lib/i386/libzip.so
b61f6000-b61f7000 r--p 00007000 08:01 804995     /usr/lib/jvm/java-7-openjdk-i386/jre/lib/i386/libzip.so
b61f7000-b61f8000 rw-p 00008000 08:01 804995     /usr/lib/jvm/java-7-openjdk-i386/jre/lib/i386/libzip.so
b61f8000-b6200000 rw-s 00000000 08:01 429885     /tmp/hsperfdata_student/10122
b6200000-b6300000 rw-p 00000000 00:00 0 
b6300000-b6301000 r--s 00000000 08:01 414147     /usr/share/java/jayatanaag.jar
b6301000-b6309000 r-xp 00000000 08:01 394622     /lib/i386-linux-gnu/libnss_compat-2.21.so
b6309000-b630a000 r--p 00007000 08:01 394622     /lib/i386-linux-gnu/libnss_compat-2.21.so
b630a000-b630b000 rw-p 00008000 08:01 394622     /lib/i386-linux-gnu/libnss_compat-2.21.so
b630b000-b6315000 r-xp 00000000 08:01 805017     /usr/lib/jvm/java-7-openjdk-i386/jre/lib/i386/libinstrument.so
b6315000-b6316000 r--p 00009000 08:01 805017     /usr/lib/jvm/java-7-openjdk-i386/jre/lib/i386/libinstrument.so
b6316000-b6317000 rw-p 0000a000 08:01 805017     /usr/lib/jvm/java-7-openjdk-i386/jre/lib/i386/libinstrument.so
b6317000-b633d000 r-xp 00000000 08:01 805003     /usr/lib/jvm/java-7-openjdk-i386/jre/lib/i386/libjava.so
b633d000-b633e000 r--p 00025000 08:01 805003     /usr/lib/jvm/java-7-openjdk-i386/jre/lib/i386/libjava.so
b633e000-b633f000 rw-p 00026000 08:01 805003     /usr/lib/jvm/java-7-openjdk-i386/jre/lib/i386/libjava.so
b633f000-b6346000 r-xp 00000000 08:01 394681     /lib/i386-linux-gnu/librt-2.21.so
b6346000-b6347000 r--p 00006000 08:01 394681     /lib/i386-linux-gnu/librt-2.21.so
b6347000-b6348000 rw-p 00007000 08:01 394681     /lib/i386-linux-gnu/librt-2.21.so
b6348000-b634b000 ---p 00000000 00:00 0 
b634b000-b6399000 rw-p 00000000 00:00 0          [stack:10124]
b6399000-b63b5000 r-xp 00000000 08:01 394569     /lib/i386-linux-gnu/libgcc_s.so.1
b63b5000-b63b6000 rw-p 0001b000 08:01 394569     /lib/i386-linux-gnu/libgcc_s.so.1
b63b6000-b6401000 r-xp 00000000 08:01 394599     /lib/i386-linux-gnu/libm-2.21.so
b6401000-b6402000 r--p 0004a000 08:01 394599     /lib/i386-linux-gnu/libm-2.21.so
b6402000-b6403000 rw-p 0004b000 08:01 394599     /lib/i386-linux-gnu/libm-2.21.so
b6403000-b64ec000 r-xp 00000000 08:01 137921     /usr/lib/i386-linux-gnu/libstdc++.so.6.0.20
b64ec000-b64f0000 r--p 000e9000 08:01 137921     /usr/lib/i386-linux-gnu/libstdc++.so.6.0.20
b64f0000-b64f1000 rw-p 000ed000 08:01 137921     /usr/lib/i386-linux-gnu/libstdc++.so.6.0.20
b64f1000-b64f8000 rw-p 00000000 00:00 0 
b64f8000-b704b000 r-xp 00000000 08:01 805013     /usr/lib/jvm/java-7-openjdk-i386/jre/lib/i386/server/libjvm.so
b704b000-b709f000 r--p 00b52000 08:01 805013     /usr/lib/jvm/java-7-openjdk-i386/jre/lib/i386/server/libjvm.so
b709f000-b70b3000 rw-p 00ba6000 08:01 805013     /usr/lib/jvm/java-7-openjdk-i386/jre/lib/i386/server/libjvm.so
b70b3000-b74d2000 rw-p 00000000 00:00 0 
b74d2000-b74eb000 r-xp 00000000 08:01 394714     /lib/i386-linux-gnu/libz.so.1.2.8
b74eb000-b74ec000 r--p 00019000 08:01 394714     /lib/i386-linux-gnu/libz.so.1.2.8
b74ec000-b74ed000 rw-p 0001a000 08:01 394714     /lib/i386-linux-gnu/libz.so.1.2.8
b74ed000-b7506000 r-xp 00000000 08:01 394673     /lib/i386-linux-gnu/libpthread-2.21.so
b7506000-b7507000 r--p 00018000 08:01 394673     /lib/i386-linux-gnu/libpthread-2.21.so
b7507000-b7508000 rw-p 00019000 08:01 394673     /lib/i386-linux-gnu/libpthread-2.21.so
b7508000-b750a000 rw-p 00000000 00:00 0 
b750a000-b750d000 r-xp 00000000 08:01 394557     /lib/i386-linux-gnu/libdl-2.21.so
b750d000-b750e000 r--p 00002000 08:01 394557     /lib/i386-linux-gnu/libdl-2.21.so
b750e000-b750f000 rw-p 00003000 08:01 394557     /lib/i386-linux-gnu/libdl-2.21.so
b750f000-b76c3000 r-xp 00000000 08:01 394540     /lib/i386-linux-gnu/libc-2.21.so
b76c3000-b76c6000 r--p 001b3000 08:01 394540     /lib/i386-linux-gnu/libc-2.21.so
b76c6000-b76c8000 rw-p 001b6000 08:01 394540     /lib/i386-linux-gnu/libc-2.21.so
b76c8000-b76ca000 rw-p 00000000 00:00 0 
b76ca000-b76cb000 r--s 00002000 08:01 804980     /usr/lib/jvm/java-7-openjdk-i386/jre/lib/ext/dnsns.jar
b76cb000-b76cd000 r--s 00006000 08:01 399091     /usr/share/java/java-atk-wrapper.jar
b76cd000-b76ce000 r--p 005e0000 08:01 143362     /usr/lib/locale/locale-archive
b76ce000-b76cf000 rw-p 00000000 00:00 0 
b76cf000-b76d0000 ---p 00000000 00:00 0 
b76d0000-b76de000 r-xp 00000000 08:01 805022     /usr/lib/jvm/java-7-openjdk-i386/jre/lib/i386/libverify.so
b76de000-b76e0000 r--p 0000d000 08:01 805022     /usr/lib/jvm/java-7-openjdk-i386/jre/lib/i386/libverify.so
b76e0000-b76e1000 rw-p 0000f000 08:01 805022     /usr/lib/jvm/java-7-openjdk-i386/jre/lib/i386/libverify.so
b76e1000-b76ed000 r-xp 00000000 08:01 805024     /usr/lib/jvm/java-7-openjdk-i386/jre/lib/i386/jli/libjli.so
b76ed000-b76ee000 r--p 0000b000 08:01 805024     /usr/lib/jvm/java-7-openjdk-i386/jre/lib/i386/jli/libjli.so
b76ee000-b76ef000 rw-p 0000c000 08:01 805024     /usr/lib/jvm/java-7-openjdk-i386/jre/lib/i386/jli/libjli.so
b76ef000-b76f2000 rw-p 00000000 00:00 0 
b76f2000-b76f4000 r--p 00000000 00:00 0          [vvar]
b76f4000-b76f5000 r-xp 00000000 00:00 0          [vdso]
b76f5000-b7717000 r-xp 00000000 08:01 394512     /lib/i386-linux-gnu/ld-2.21.so
b7717000-b7718000 r--p 00021000 08:01 394512     /lib/i386-linux-gnu/ld-2.21.so
b7718000-b7719000 rw-p 00022000 08:01 394512     /lib/i386-linux-gnu/ld-2.21.so
bfe71000-bfe72000 rwxp 00000000 00:00 0 
bfea3000-bfec5000 rw-p 00000000 00:00 0          [stack]

VM Arguments:
jvm_args: -javaagent:/usr/share/java/jayatanaag.jar -Djava.awt.headless=true -Xmx1024M -Dfile.encoding=UTF-8 -Duser.country=US -Duser.language=en -Duser.variant 
java_command: com.android.dx.command.Main --dex --num-threads=4 --output /home/student/test/HealthyBit/app/build/intermediates/pre-dexed/debug/com.android.support-support-v4-23.3.0_0837a8109973a35ab829fbb7c6c67d289902386a.jar /home/student/test/HealthyBit/app/build/intermediates/exploded-aar/com.android.support/support-v4/23.3.0/jars/classes.jar
Launcher Type: SUN_STANDARD

Environment Variables:
JAVA_TOOL_OPTIONS=-javaagent:/usr/share/java/jayatanaag.jar 
PATH=/home/student/.linuxbrew/bin:/usr/local/sbin:/usr/local/bin:/usr/sbin:/usr/bin:/sbin:/bin:/usr/games:/usr/local/games:/etc/android-studio/bin/:/home/student/Android/Sdk/platform-tools:/home/student/Android/Sdk/tools
LD_LIBRARY_PATH=/etc/android-studio/bin:
SHELL=/bin/bash
DISPLAY=:0

Signal Handlers:
SIGSEGV: [libjvm.so+0x7f7d00], sa_mask[0]=0x7ffbfeff, sa_flags=0x10000004
SIGBUS: [libjvm.so+0x7f7d00], sa_mask[0]=0x7ffbfeff, sa_flags=0x10000004
SIGFPE: [libjvm.so+0x67a9d0], sa_mask[0]=0x7ffbfeff, sa_flags=0x10000004
SIGPIPE: [libjvm.so+0x67a9d0], sa_mask[0]=0x7ffbfeff, sa_flags=0x10000004
SIGXFSZ: [libjvm.so+0x67a9d0], sa_mask[0]=0x7ffbfeff, sa_flags=0x10000004
SIGILL: [libjvm.so+0x67a9d0], sa_mask[0]=0x7ffbfeff, sa_flags=0x10000004
SIGUSR1: SIG_DFL, sa_mask[0]=0x00000000, sa_flags=0x00000000
SIGUSR2: [libjvm.so+0x67a820], sa_mask[0]=0x00000004, sa_flags=0x10000004
SIGHUP: [libjvm.so+0x67aa80], sa_mask[0]=0x7ffbfeff, sa_flags=0x10000004
SIGINT: [libjvm.so+0x67aa80], sa_mask[0]=0x7ffbfeff, sa_flags=0x10000004
SIGTERM: [libjvm.so+0x67aa80], sa_mask[0]=0x7ffbfeff, sa_flags=0x10000004
SIGQUIT: [libjvm.so+0x67aa80], sa_mask[0]=0x7ffbfeff, sa_flags=0x10000004
SIGTRAP: SIG_DFL, sa_mask[0]=0x00000000, sa_flags=0x00000000


---------------  S Y S T E M  ---------------

OS:Ubuntu 15.04 (vivid)
uname:Linux 3.19.0-18-generic #18-Ubuntu SMP Tue May 19 18:30:59 UTC 2015 i686
libc:glibc 2.21 NPTL 2.21 
rlimit: STACK 8192k, CORE 0k, NPROC 32177, NOFILE 65536, AS infinity
load average:6.92 4.57 4.99

/proc/meminfo:
MemTotal:        4139540 kB
MemFree:          213092 kB
MemAvailable:     136968 kB
Buffers:             796 kB
Cached:            52404 kB
SwapCached:            0 kB
Active:          3527092 kB
Inactive:          44180 kB
Active(anon):    3520296 kB
Inactive(anon):    37920 kB
Active(file):       6796 kB
Inactive(file):     6260 kB
Unevictable:          32 kB
Mlocked:              32 kB
HighTotal:       3280776 kB
HighFree:          41220 kB
LowTotal:         858764 kB
LowFree:          171872 kB
SwapTotal:             0 kB
SwapFree:              0 kB
Dirty:               268 kB
Writeback:             0 kB
AnonPages:       3519192 kB
Mapped:            34380 kB
Shmem:             39096 kB
Slab:              50560 kB
SReclaimable:      24016 kB
SUnreclaim:        26544 kB
KernelStack:        5488 kB
PageTables:        15224 kB
NFS_Unstable:          0 kB
Bounce:                0 kB
WritebackTmp:          0 kB
CommitLimit:     2069768 kB
Committed_AS:    6383260 kB
VmallocTotal:     122880 kB
VmallocUsed:       23416 kB
VmallocChunk:      49124 kB
AnonHugePages:   2639872 kB
CmaTotal:              0 kB
CmaFree:               0 kB
HugePages_Total:       0
HugePages_Free:        0
HugePages_Rsvd:        0
HugePages_Surp:        0
Hugepagesize:       2048 kB
DirectMap4k:       61432 kB
DirectMap2M:      851968 kB


CPU:total 4 (1 cores per cpu, 1 threads per core) family 6 model 58 stepping 9, cmov, cx8, fxsr, mmx, sse, sse2, sse3, ssse3, sse4.1, sse4.2, popcnt, avx, aes, erms, tsc, tscinvbit, tscinv

/proc/cpuinfo:
processor	: 0
vendor_id	: GenuineIntel
cpu family	: 6
model		: 58
model name	: Intel(R) Core(TM) i5-3210M CPU @ 2.50GHz
stepping	: 9
microcode	: 0x15
cpu MHz		: 2494.111
cache size	: 3072 KB
physical id	: 0
siblings	: 1
core id		: 0
cpu cores	: 1
apicid		: 0
initial apicid	: 0
fdiv_bug	: no
f00f_bug	: no
coma_bug	: no
fpu		: yes
fpu_exception	: yes
cpuid level	: 13
wp		: yes
flags		: fpu vme de pse tsc msr pae mce cx8 apic sep mtrr pge mca cmov pat pse36 clflush dts mmx fxsr sse sse2 ss nx rdtscp lm constant_tsc arch_perfmon pebs bts xtopology tsc_reliable nonstop_tsc aperfmperf pni pclmulqdq ssse3 cx16 pcid sse4_1 sse4_2 x2apic popcnt tsc_deadline_timer aes xsave avx f16c rdrand hypervisor lahf_lm ida arat epb pln pts dtherm fsgsbase tsc_adjust smep
bugs		:
bogomips	: 4988.22
clflush size	: 64
cache_alignment	: 64
address sizes	: 42 bits physical, 48 bits virtual
power management:

processor	: 1
vendor_id	: GenuineIntel
cpu family	: 6
model		: 58
model name	: Intel(R) Core(TM) i5-3210M CPU @ 2.50GHz
stepping	: 9
microcode	: 0x15
cpu MHz		: 2494.111
cache size	: 3072 KB
physical id	: 2
siblings	: 1
core id		: 0
cpu cores	: 1
apicid		: 2
initial apicid	: 2
fdiv_bug	: no
f00f_bug	: no
coma_bug	: no
fpu		: yes
fpu_exception	: yes
cpuid level	: 13
wp		: yes
flags		: fpu vme de pse tsc msr pae mce cx8 apic sep mtrr pge mca cmov pat pse36 clflush dts mmx fxsr sse sse2 ss nx rdtscp lm constant_tsc arch_perfmon pebs bts xtopology tsc_reliable nonstop_tsc aperfmperf pni pclmulqdq ssse3 cx16 pcid sse4_1 sse4_2 x2apic popcnt tsc_deadline_timer aes xsave avx f16c rdrand hypervisor lahf_lm ida arat epb pln pts dtherm fsgsbase tsc_adjust smep
bugs		:
bogomips	: 4988.22
clflush size	: 64
cache_alignment	: 64
address sizes	: 42 bits physical, 48 bits virtual
power management:

processor	: 2
vendor_id	: GenuineIntel
cpu family	: 6
model		: 58
model name	: Intel(R) Core(TM) i5-3210M CPU @ 2.50GHz
stepping	: 9
microcode	: 0x15
cpu MHz		: 2494.111
cache size	: 3072 KB
physical id	: 4
siblings	: 1
core id		: 0
cpu cores	: 1
apicid		: 4
initial apicid	: 4
fdiv_bug	: no
f00f_bug	: no
coma_bug	: no
fpu		: yes
fpu_exception	: yes
cpuid level	: 13
wp		: yes
flags		: fpu vme de pse tsc msr pae mce cx8 apic sep mtrr pge mca cmov pat pse36 clflush dts mmx fxsr sse sse2 ss nx rdtscp lm constant_tsc arch_perfmon pebs bts xtopology tsc_reliable nonstop_tsc aperfmperf pni pclmulqdq ssse3 cx16 pcid sse4_1 sse4_2 x2apic popcnt tsc_deadline_timer aes xsave avx f16c rdrand hypervisor lahf_lm ida arat epb pln pts dtherm fsgsbase tsc_adjust smep
bugs		:
bogomips	: 4988.22
clflush size	: 64
cache_alignment	: 64
address sizes	: 42 bits physical, 48 bits virtual
power management:

processor	: 3
vendor_id	: GenuineIntel
cpu family	: 6
model		: 58
model name	: Intel(R) Core(TM) i5-3210M CPU @ 2.50GHz
stepping	: 9
microcode	: 0x15
cpu MHz		: 2494.111
cache size	: 3072 KB
physical id	: 6
siblings	: 1
core id		: 0
cpu cores	: 1
apicid		: 6
initial apicid	: 6
fdiv_bug	: no
f00f_bug	: no
coma_bug	: no
fpu		: yes
fpu_exception	: yes
cpuid level	: 13
wp		: yes
flags		: fpu vme de pse tsc msr pae mce cx8 apic sep mtrr pge mca cmov pat pse36 clflush dts mmx fxsr sse sse2 ss nx rdtscp lm constant_tsc arch_perfmon pebs bts xtopology tsc_reliable nonstop_tsc aperfmperf pni pclmulqdq ssse3 cx16 pcid sse4_1 sse4_2 x2apic popcnt tsc_deadline_timer aes xsave avx f16c rdrand hypervisor lahf_lm ida arat epb pln pts dtherm fsgsbase tsc_adjust smep
bugs		:
bogomips	: 4988.22
clflush size	: 64
cache_alignment	: 64
address sizes	: 42 bits physical, 48 bits virtual
power management:



Memory: 4k page, physical 4139540k(212844k free), swap 0k(0k free)

vm_info: OpenJDK Server VM (24.91-b01) for linux-x86 JRE (1.7.0_91-b02), built on Nov 19 2015 06:25:06 by "buildd" with gcc 4.9.2

time: Tue May  3 16:42:02 2016
elapsed time: 18 seconds

