#
# There is insufficient memory for the Java Runtime Environment to continue.
# Native memory allocation (malloc) failed to allocate 77594624 bytes for committing reserved memory.
# Possible reasons:
#   The system is out of physical RAM or swap space
#   In 32 bit mode, the process size limit was hit
# Possible solutions:
#   Reduce memory load on the system
#   Increase physical memory or swap space
#   Check if swap backing store is full
#   Use 64 bit Java on a 64 bit OS
#   Decrease Java heap size (-Xmx/-Xms)
#   Decrease number of Java threads
#   Decrease Java thread stack sizes (-Xss)
#   Set larger code cache with -XX:ReservedCodeCacheSize=
# This output file may be truncated or incomplete.
#
#  Out of Memory Error (os_linux.cpp:2827), pid=4444, tid=1740430144
#
# JRE version: OpenJDK Runtime Environment (7.0_91-b02) (build 1.7.0_91-b02)
# Java VM: OpenJDK Server VM (24.91-b01 mixed mode linux-x86 )
# Derivative: IcedTea 2.6.3
# Distribution: Ubuntu 15.04, package 7u91-2.6.3-0ubuntu0.15.04.1
# Failed to write core dump. Core dumps have been disabled. To enable core dumping, try "ulimit -c unlimited" before starting Java again
#

---------------  T H R E A D  ---------------

Current thread (0x67a81400):  VMThread [stack: 0x67b4d000,0x67bce000] [id=4464]

Stack: [0x67b4d000,0x67bce000]
VM_Operation (0x668b4b30): ParallelGCFailedAllocation, mode: safepoint, requested by thread 0x67045c00


---------------  P R O C E S S  ---------------

Java Threads: ( => current thread )
  0x67045c00 JavaThread "pool-1-thread-4" [_thread_blocked, id=4507, stack(0x66865000,0x668b6000)]
  0x67044c00 JavaThread "pool-1-thread-3" [_thread_blocked, id=4506, stack(0x668b6000,0x66907000)]
  0x67043800 JavaThread "pool-1-thread-2" [_thread_blocked, id=4505, stack(0x66907000,0x66958000)]
  0x67041000 JavaThread "pool-2-thread-1" [_thread_blocked, id=4504, stack(0x66f3d000,0x66f8e000)]
  0x6703ec00 JavaThread "pool-1-thread-1" [_thread_blocked, id=4503, stack(0x6710c000,0x6715d000)]
  0x67aed800 JavaThread "Service Thread" daemon [_thread_blocked, id=4486, stack(0x67262000,0x672b3000)]
  0x67aeb800 JavaThread "C2 CompilerThread1" daemon [_thread_blocked, id=4485, stack(0x672b3000,0x67334000)]
  0x67aea400 JavaThread "C2 CompilerThread0" daemon [_thread_blocked, id=4484, stack(0x67334000,0x673b5000)]
  0x67a97400 JavaThread "Signal Dispatcher" daemon [_thread_blocked, id=4479, stack(0x6790d000,0x6795e000)]
  0x67a85400 JavaThread "Finalizer" daemon [_thread_blocked, id=4467, stack(0x6795e000,0x679af000)]
  0x67a83c00 JavaThread "Reference Handler" daemon [_thread_blocked, id=4466, stack(0x679af000,0x67a00000)]
  0xb6208400 JavaThread "main" [_thread_blocked, id=4446, stack(0xb6380000,0xb63d1000)]

Other Threads:
=>0x67a81400 VMThread [stack: 0x67b4d000,0x67bce000] [id=4464]
  0x67aef400 WatcherThread [stack: 0x671e1000,0x67262000] [id=4487]

VM state:at safepoint (normal execution)

VM Mutex/Monitor currently owned by a thread:  ([mutex/lock_event])
[0xb6205e00] Threads_lock - owner thread: 0x67a81400
[0xb6206210] Heap_lock - owner thread: 0x67045c00

Heap
 PSYoungGen      total 77312K, used 11760K [0x9db80000, 0xa3380000, 0xb3100000)
  eden space 65536K, 0% used [0x9db80000,0x9db80000,0xa1b80000)
  from space 11776K, 99% used [0xa1b80000,0xa26fc250,0xa2700000)
  to   space 10752K, 0% used [0xa2700000,0xa2700000,0xa3180000)
 ParOldGen       total 43008K, used 21648K [0x73100000, 0x75b00000, 0x9db80000)
  object space 43008K, 50% used [0x73100000,0x74624278,0x75b00000)
 PSPermGen       total 16384K, used 4298K [0x6b100000, 0x6c100000, 0x73100000)
  object space 16384K, 26% used [0x6b100000,0x6b532ba0,0x6c100000)

Card table byte_map: [0x6aebf000,0x6b100000] byte_map_base: 0x6ab66800

Polling page: 0xb7707000

Code Cache  [0xb31e5000, 0xb3425000, 0xb61e5000)
 total_blobs=421 nmethods=298 adapters=76 free_code_cache=48081Kb largest_free_block=49171584

Compilation events (10 events):
Event: 15.679 Thread 0x67aea400 nmethod 302 0xb32d9948 code [0xb32d9a40, 0xb32d9b30]
Event: 15.679 Thread 0x67aea400  303             com.android.dx.ssa.SsaRenamer$BlockRenamer::updateSuccessorPhis (64 bytes)
Event: 15.741 Thread 0x67aea400 nmethod 303 0xb32eafc8 code [0xb32eb120, 0xb32eb59c]
Event: 15.742 Thread 0x67aea400  304             com.android.dx.ssa.SsaMethod::getExitBlockIndex (5 bytes)
Event: 15.742 Thread 0x67aea400 nmethod 304 0xb32d97c8 code [0xb32d98a0, 0xb32d98f0]
Event: 15.742 Thread 0x67aea400  305             java.util.Collections$UnmodifiableCollection::iterator (9 bytes)
Event: 15.783 Thread 0x67aea400 nmethod 305 0xb32e90c8 code [0xb32e91e0, 0xb32e9410]
Event: 15.783 Thread 0x67aea400  306             java.util.Collections$UnmodifiableCollection$1::<init> (26 bytes)
Event: 15.802 Thread 0x67aea400 nmethod 306 0xb324b008 code [0xb324b120, 0xb324b310]
Event: 15.803 Thread 0x67aea400  307             com.android.dx.ssa.SsaConverter::edgeSplitSuccessors (98 bytes)

GC Heap History (10 events):
Event: 2.061 GC heap after
Heap after GC invocations=2 (full 0):
 PSYoungGen      total 19200K, used 2554K [0x9db80000, 0xa0100000, 0xb3100000)
  eden space 16640K, 0% used [0x9db80000,0x9db80000,0x9ebc0000)
  from space 2560K, 99% used [0x9ee40000,0x9f0bea00,0x9f0c0000)
  to   space 2560K, 0% used [0x9ebc0000,0x9ebc0000,0x9ee40000)
 ParOldGen       total 43008K, used 1702K [0x73100000, 0x75b00000, 0x9db80000)
  object space 43008K, 3% used [0x73100000,0x732a9b20,0x75b00000)
 PSPermGen       total 16384K, used 4126K [0x6b100000, 0x6c100000, 0x73100000)
  object space 16384K, 25% used [0x6b100000,0x6b507888,0x6c100000)
}
Event: 3.171 GC heap before
{Heap before GC invocations=3 (full 0):
 PSYoungGen      total 19200K, used 19194K [0x9db80000, 0xa0100000, 0xb3100000)
  eden space 16640K, 100% used [0x9db80000,0x9ebc0000,0x9ebc0000)
  from space 2560K, 99% used [0x9ee40000,0x9f0bea00,0x9f0c0000)
  to   space 2560K, 0% used [0x9ebc0000,0x9ebc0000,0x9ee40000)
 ParOldGen       total 43008K, used 1702K [0x73100000, 0x75b00000, 0x9db80000)
  object space 43008K, 3% used [0x73100000,0x732a9b20,0x75b00000)
 PSPermGen       total 16384K, used 4206K [0x6b100000, 0x6c100000, 0x73100000)
  object space 16384K, 25% used [0x6b100000,0x6b51b8d0,0x6c100000)
Event: 3.207 GC heap after
Heap after GC invocations=3 (full 0):
 PSYoungGen      total 19200K, used 2559K [0x9db80000, 0xa0100000, 0xb3100000)
  eden space 16640K, 0% used [0x9db80000,0x9db80000,0x9ebc0000)
  from space 2560K, 99% used [0x9ebc0000,0x9ee3fd30,0x9ee40000)
  to   space 2560K, 0% used [0x9fe80000,0x9fe80000,0xa0100000)
 ParOldGen       total 43008K, used 5097K [0x73100000, 0x75b00000, 0x9db80000)
  object space 43008K, 11% used [0x73100000,0x735fa580,0x75b00000)
 PSPermGen       total 16384K, used 4206K [0x6b100000, 0x6c100000, 0x73100000)
  object space 16384K, 25% used [0x6b100000,0x6b51b8d0,0x6c100000)
}
Event: 4.360 GC heap before
{Heap before GC invocations=4 (full 0):
 PSYoungGen      total 19200K, used 19199K [0x9db80000, 0xa0100000, 0xb3100000)
  eden space 16640K, 100% used [0x9db80000,0x9ebc0000,0x9ebc0000)
  from space 2560K, 99% used [0x9ebc0000,0x9ee3fd30,0x9ee40000)
  to   space 2560K, 0% used [0x9fe80000,0x9fe80000,0xa0100000)
 ParOldGen       total 43008K, used 5097K [0x73100000, 0x75b00000, 0x9db80000)
  object space 43008K, 11% used [0x73100000,0x735fa580,0x75b00000)
 PSPermGen       total 16384K, used 4236K [0x6b100000, 0x6c100000, 0x73100000)
  object space 16384K, 25% used [0x6b100000,0x6b523050,0x6c100000)
Event: 4.455 GC heap after
Heap after GC invocations=4 (full 0):
 PSYoungGen      total 35840K, used 2551K [0x9db80000, 0xa0100000, 0xb3100000)
  eden space 33280K, 0% used [0x9db80000,0x9db80000,0x9fc00000)
  from space 2560K, 99% used [0x9fe80000,0xa00fdd10,0xa0100000)
  to   space 2560K, 0% used [0x9fc00000,0x9fc00000,0x9fe80000)
 ParOldGen       total 43008K, used 8220K [0x73100000, 0x75b00000, 0x9db80000)
  object space 43008K, 19% used [0x73100000,0x739072f0,0x75b00000)
 PSPermGen       total 16384K, used 4236K [0x6b100000, 0x6c100000, 0x73100000)
  object space 16384K, 25% used [0x6b100000,0x6b523050,0x6c100000)
}
Event: 7.270 GC heap before
{Heap before GC invocations=5 (full 0):
 PSYoungGen      total 35840K, used 35831K [0x9db80000, 0xa0100000, 0xb3100000)
  eden space 33280K, 100% used [0x9db80000,0x9fc00000,0x9fc00000)
  from space 2560K, 99% used [0x9fe80000,0xa00fdd10,0xa0100000)
  to   space 2560K, 0% used [0x9fc00000,0x9fc00000,0x9fe80000)
 ParOldGen       total 43008K, used 8220K [0x73100000, 0x75b00000, 0x9db80000)
  object space 43008K, 19% used [0x73100000,0x739072f0,0x75b00000)
 PSPermGen       total 16384K, used 4257K [0x6b100000, 0x6c100000, 0x73100000)
  object space 16384K, 25% used [0x6b100000,0x6b528770,0x6c100000)
Event: 7.328 GC heap after
Heap after GC invocations=5 (full 0):
 PSYoungGen      total 35840K, used 2547K [0x9db80000, 0xa3180000, 0xb3100000)
  eden space 33280K, 0% used [0x9db80000,0x9db80000,0x9fc00000)
  from space 2560K, 99% used [0x9fc00000,0x9fe7ce30,0x9fe80000)
  to   space 10752K, 0% used [0xa2700000,0xa2700000,0xa3180000)
 ParOldGen       total 43008K, used 14761K [0x73100000, 0x75b00000, 0x9db80000)
  object space 43008K, 34% used [0x73100000,0x73f6a6d8,0x75b00000)
 PSPermGen       total 16384K, used 4257K [0x6b100000, 0x6c100000, 0x73100000)
  object space 16384K, 25% used [0x6b100000,0x6b528770,0x6c100000)
}
Event: 10.160 GC heap before
{Heap before GC invocations=6 (full 0):
 PSYoungGen      total 35840K, used 35827K [0x9db80000, 0xa3180000, 0xb3100000)
  eden space 33280K, 100% used [0x9db80000,0x9fc00000,0x9fc00000)
  from space 2560K, 99% used [0x9fc00000,0x9fe7ce30,0x9fe80000)
  to   space 10752K, 0% used [0xa2700000,0xa2700000,0xa3180000)
 ParOldGen       total 43008K, used 14761K [0x73100000, 0x75b00000, 0x9db80000)
  object space 43008K, 34% used [0x73100000,0x73f6a6d8,0x75b00000)
 PSPermGen       total 16384K, used 4269K [0x6b100000, 0x6c100000, 0x73100000)
  object space 16384K, 26% used [0x6b100000,0x6b52b6c0,0x6c100000)
Event: 10.275 GC heap after
Heap after GC invocations=6 (full 0):
 PSYoungGen      total 76288K, used 8473K [0x9db80000, 0xa3380000, 0xb3100000)
  eden space 65536K, 0% used [0x9db80000,0x9db80000,0xa1b80000)
  from space 10752K, 78% used [0xa2700000,0xa2f466a0,0xa3180000)
  to   space 11776K, 0% used [0xa1b80000,0xa1b80000,0xa2700000)
 ParOldGen       total 43008K, used 14761K [0x73100000, 0x75b00000, 0x9db80000)
  object space 43008K, 34% used [0x73100000,0x73f6a6d8,0x75b00000)
 PSPermGen       total 16384K, used 4269K [0x6b100000, 0x6c100000, 0x73100000)
  object space 16384K, 26% used [0x6b100000,0x6b52b6c0,0x6c100000)
}
Event: 15.959 GC heap before
{Heap before GC invocations=7 (full 0):
 PSYoungGen      total 76288K, used 74009K [0x9db80000, 0xa3380000, 0xb3100000)
  eden space 65536K, 100% used [0x9db80000,0xa1b80000,0xa1b80000)
  from space 10752K, 78% used [0xa2700000,0xa2f466a0,0xa3180000)
  to   space 11776K, 0% used [0xa1b80000,0xa1b80000,0xa2700000)
 ParOldGen       total 43008K, used 14761K [0x73100000, 0x75b00000, 0x9db80000)
  object space 43008K, 34% used [0x73100000,0x73f6a6d8,0x75b00000)
 PSPermGen       total 16384K, used 4298K [0x6b100000, 0x6c100000, 0x73100000)
  object space 16384K, 26% used [0x6b100000,0x6b532ba0,0x6c100000)

Deoptimization events (10 events):
Event: 3.425 Thread 0xb6208400 Uncommon trap: reason=unstable_if action=reinterpret pc=0xb32474d4 method=com.android.dx.rop.cst.Constant.compareTo(Lcom/android/dx/rop/cst/Constant;)I @ 12
Event: 3.840 Thread 0xb6208400 Uncommon trap: reason=unstable_if action=reinterpret pc=0xb32872c4 method=com.android.dx.ssa.SsaRenamer$BlockRenamer.process()V @ 90
Event: 4.883 Thread 0x67043800 Uncommon trap: reason=unstable_if action=reinterpret pc=0xb3293014 method=com.android.dx.ssa.LocalVariableExtractor.processBlock(I)V @ 251
Event: 5.011 Thread 0x67044c00 Uncommon trap: reason=unstable_if action=reinterpret pc=0xb324ea48 method=com.android.dx.rop.code.RegisterSpec.equals(ILcom/android/dx/rop/type/TypeBearer;Lcom/android/dx/rop/code/LocalItem;)Z @ 42
Event: 5.034 Thread 0xb6208400 Uncommon trap: reason=null_check action=make_not_entrant pc=0xb3290834 method=com.android.dx.rop.type.Type.putIntern(Lcom/android/dx/rop/type/Type;)Lcom/android/dx/rop/type/Type; @ 18
Event: 9.010 Thread 0x6703ec00 Uncommon trap: reason=unstable_if action=reinterpret pc=0xb328e43c method=com.android.dx.util.IntList.binarysearch(I)I @ 105
Event: 10.337 Thread 0x67043800 Uncommon trap: reason=unstable_if action=reinterpret pc=0xb32603ac method=com.android.dx.util.IntList.binarysearch(I)I @ 105
Event: 12.491 Thread 0xb6208400 Uncommon trap: reason=unloaded action=reinterpret pc=0xb32a680c method=com.android.dx.cf.cst.ConstantPoolParser.parse0(ILjava/util/BitSet;)Lcom/android/dx/rop/cst/Constant; @ 220
Event: 12.968 Thread 0x6703ec00 Uncommon trap: reason=null_check action=make_not_entrant pc=0xb32e0280 method=com.android.dx.cf.code.Ropper$CatchInfo.getSetup(Lcom/android/dx/rop/type/Type;)Lcom/android/dx/cf/code/Ropper$ExceptionHandlerSetup; @ 10
Event: 13.011 Thread 0x67043800 Uncommon trap: reason=unstable_if action=reinterpret pc=0xb32b1f18 method=com.android.dx.ssa.SCCP.simulateBranch(Lcom/android/dx/ssa/SsaInsn;)V @ 548

Internal exceptions (10 events):
Event: 1.215 Thread 0xb6208400 Threw 0x9e40b7c8 at /build/openjdk-7-PdBaKN/openjdk-7-7u91-2.6.3/build/openjdk/hotspot/src/share/vm/prims/jvm.cpp:1322
Event: 1.395 Thread 0x6703ec00 Threw 0x9e617fe8 at /build/openjdk-7-PdBaKN/openjdk-7-7u91-2.6.3/build/openjdk/hotspot/src/share/vm/prims/jvm.cpp:1322
Event: 1.526 Thread 0xb6208400 Threw 0x9e753b10 at /build/openjdk-7-PdBaKN/openjdk-7-7u91-2.6.3/build/openjdk/hotspot/src/share/vm/prims/jvm.cpp:1322
Event: 2.539 Thread 0x67045c00 Threw 0x9df23e88 at /build/openjdk-7-PdBaKN/openjdk-7-7u91-2.6.3/build/openjdk/hotspot/src/share/vm/prims/jvm.cpp:1322
Event: 4.068 Thread 0xb6208400 Threw 0x9e7209c8 at /build/openjdk-7-PdBaKN/openjdk-7-7u91-2.6.3/build/openjdk/hotspot/src/share/vm/prims/jvm.cpp:1322
Event: 4.252 Thread 0xb6208400 Threw 0x9e958430 at /build/openjdk-7-PdBaKN/openjdk-7-7u91-2.6.3/build/openjdk/hotspot/src/share/vm/prims/jvm.cpp:1322
Event: 5.034 Thread 0xb6208400 Implicit null exception at 0xb32902a2 to 0xb3290829
Event: 6.385 Thread 0x6703ec00 Threw 0x9f21b518 at /build/openjdk-7-PdBaKN/openjdk-7-7u91-2.6.3/build/openjdk/hotspot/src/share/vm/prims/jvm.cpp:1322
Event: 12.968 Thread 0x6703ec00 Implicit null exception at 0xb32dd1ec to 0xb32e0255
Event: 14.849 Thread 0xb6208400 Threw 0xa0bbd158 at /build/openjdk-7-PdBaKN/openjdk-7-7u91-2.6.3/build/openjdk/hotspot/src/share/vm/prims/jvm.cpp:1322

Events (10 events):
Event: 12.968 Thread 0x6703ec00 DEOPT UNPACKING pc=0xb3211bc8 sp=0x6715bbfc mode 2
Event: 13.011 Thread 0x67043800 Uncommon trap: trap_request=0xffffff75 fr.pc=0xb32b1f18
Event: 13.011 Thread 0x67043800 DEOPT PACKING pc=0xb32b1f18 sp=0x66956b00
Event: 13.011 Thread 0x67043800 DEOPT UNPACKING pc=0xb3211bc8 sp=0x66956afc mode 2
Event: 14.849 loading class 0x67af4c00
Event: 14.849 loading class 0x67af4c00 done
Event: 15.383 Thread 0x67aea400 flushing nmethod 0xb3247388
Event: 15.384 Thread 0x67aea400 flushing nmethod 0xb324aa88
Event: 15.742 Thread 0x67aea400 flushing nmethod 0xb3285208
Event: 15.943 Executing VM operation: ParallelGCFailedAllocation


Dynamic libraries:
08048000-08049000 r-xp 00000000 08:01 804961     /usr/lib/jvm/java-7-openjdk-i386/jre/bin/java
08049000-0804a000 r--p 00000000 08:01 804961     /usr/lib/jvm/java-7-openjdk-i386/jre/bin/java
0804a000-0804b000 rw-p 00001000 08:01 804961     /usr/lib/jvm/java-7-openjdk-i386/jre/bin/java
095ff000-09693000 rw-p 00000000 00:00 0          [heap]
64b00000-64b66000 rw-p 00000000 00:00 0 
64b66000-64c00000 ---p 00000000 00:00 0 
64d00000-64efe000 rw-p 00000000 00:00 0 
64efe000-64f00000 ---p 00000000 00:00 0 
64f00000-64fe6000 rw-p 00000000 00:00 0 
64fe6000-65000000 ---p 00000000 00:00 0 
65000000-650f3000 rw-p 00000000 00:00 0 
650f3000-65100000 ---p 00000000 00:00 0 
65100000-651f9000 rw-p 00000000 00:00 0 
651f9000-65200000 ---p 00000000 00:00 0 
65200000-652f5000 rw-p 00000000 00:00 0 
652f5000-65300000 ---p 00000000 00:00 0 
65300000-653f6000 rw-p 00000000 00:00 0 
653f6000-65400000 ---p 00000000 00:00 0 
65500000-655f9000 rw-p 00000000 00:00 0 
655f9000-65600000 ---p 00000000 00:00 0 
65700000-657fe000 rw-p 00000000 00:00 0 
657fe000-65800000 ---p 00000000 00:00 0 
65900000-659fa000 rw-p 00000000 00:00 0 
659fa000-65a00000 ---p 00000000 00:00 0 
65a00000-65b00000 rw-p 00000000 00:00 0 
65b00000-65bfd000 rw-p 00000000 00:00 0 
65bfd000-65c00000 ---p 00000000 00:00 0 
65d00000-65df0000 rw-p 00000000 00:00 0 
65df0000-65e00000 ---p 00000000 00:00 0 
65e00000-65ef1000 rw-p 00000000 00:00 0 
65ef1000-65f00000 ---p 00000000 00:00 0 
65f00000-65ffe000 rw-p 00000000 00:00 0 
65ffe000-66000000 ---p 00000000 00:00 0 
66100000-661fc000 rw-p 00000000 00:00 0 
661fc000-66200000 ---p 00000000 00:00 0 
66300000-663f8000 rw-p 00000000 00:00 0 
663f8000-66400000 ---p 00000000 00:00 0 
66400000-664fe000 rw-p 00000000 00:00 0 
664fe000-66500000 ---p 00000000 00:00 0 
66500000-665fb000 rw-p 00000000 00:00 0 
665fb000-66600000 ---p 00000000 00:00 0 
66700000-667fa000 rw-p 00000000 00:00 0 
667fa000-66800000 ---p 00000000 00:00 0 
66865000-66868000 ---p 00000000 00:00 0 
66868000-668b6000 rw-p 00000000 00:00 0          [stack:4507]
668b6000-668b9000 ---p 00000000 00:00 0 
668b9000-66907000 rw-p 00000000 00:00 0          [stack:4506]
66907000-6690a000 ---p 00000000 00:00 0 
6690a000-66b19000 rw-p 00000000 00:00 0          [stack:4505]
66b19000-66c3f000 r-xp 00000000 08:01 394573     /lib/i386-linux-gnu/libglib-2.0.so.0.4400.0
66c3f000-66c40000 r--p 00125000 08:01 394573     /lib/i386-linux-gnu/libglib-2.0.so.0.4400.0
66c40000-66c41000 rw-p 00126000 08:01 394573     /lib/i386-linux-gnu/libglib-2.0.so.0.4400.0
66c41000-66dfa000 r-xp 00000000 08:01 137357     /usr/lib/i386-linux-gnu/libgio-2.0.so.0.4400.0
66dfa000-66dfd000 r--p 001b8000 08:01 137357     /usr/lib/i386-linux-gnu/libgio-2.0.so.0.4400.0
66dfd000-66dff000 rw-p 001bb000 08:01 137357     /usr/lib/i386-linux-gnu/libgio-2.0.so.0.4400.0
66dff000-66e00000 rw-p 00000000 00:00 0 
66e00000-66efe000 rw-p 00000000 00:00 0 
66efe000-66f00000 ---p 00000000 00:00 0 
66f3d000-66f40000 ---p 00000000 00:00 0 
66f40000-66f8e000 rw-p 00000000 00:00 0          [stack:4504]
66f8e000-66ffe000 r-xp 00000000 08:01 394656     /lib/i386-linux-gnu/libpcre.so.3.13.1
66ffe000-66fff000 r--p 0006f000 08:01 394656     /lib/i386-linux-gnu/libpcre.so.3.13.1
66fff000-67000000 rw-p 00070000 08:01 394656     /lib/i386-linux-gnu/libpcre.so.3.13.1
67000000-67072000 rw-p 00000000 00:00 0 
67072000-67100000 ---p 00000000 00:00 0 
6710c000-6710f000 ---p 00000000 00:00 0 
6710f000-6715d000 rw-p 00000000 00:00 0          [stack:4503]
6715d000-67181000 r-xp 00000000 08:01 394683     /lib/i386-linux-gnu/libselinux.so.1
67181000-67182000 r--p 00024000 08:01 394683     /lib/i386-linux-gnu/libselinux.so.1
67182000-67183000 rw-p 00025000 08:01 394683     /lib/i386-linux-gnu/libselinux.so.1
67183000-67184000 rw-p 00000000 00:00 0 
67184000-671df000 r-xp 00000000 08:01 137385     /usr/lib/i386-linux-gnu/libgobject-2.0.so.0.4400.0
671df000-671e0000 r--p 0005b000 08:01 137385     /usr/lib/i386-linux-gnu/libgobject-2.0.so.0.4400.0
671e0000-671e1000 rw-p 0005c000 08:01 137385     /usr/lib/i386-linux-gnu/libgobject-2.0.so.0.4400.0
671e1000-671e2000 ---p 00000000 00:00 0 
671e2000-67262000 rw-p 00000000 00:00 0          [stack:4487]
67262000-67265000 ---p 00000000 00:00 0 
67265000-672b3000 rw-p 00000000 00:00 0          [stack:4486]
672b3000-672b6000 ---p 00000000 00:00 0 
672b6000-67334000 rw-p 00000000 00:00 0          [stack:4485]
67334000-67337000 ---p 00000000 00:00 0 
67337000-673b5000 rw-p 00000000 00:00 0          [stack:4484]
673b5000-674fc000 r-xp 00000000 08:01 136931     /usr/lib/i386-linux-gnu/libX11.so.6.3.0
674fc000-674fd000 r--p 00146000 08:01 136931     /usr/lib/i386-linux-gnu/libX11.so.6.3.0
674fd000-674ff000 rw-p 00147000 08:01 136931     /usr/lib/i386-linux-gnu/libX11.so.6.3.0
674ff000-67500000 rw-p 00000000 00:00 0 
67500000-67700000 r--p 00000000 08:01 143362     /usr/lib/locale/locale-archive
67700000-67721000 rw-p 00000000 00:00 0 
67721000-67800000 ---p 00000000 00:00 0 
67800000-678fd000 rw-p 00000000 00:00 0 
678fd000-67900000 ---p 00000000 00:00 0 
6790d000-67910000 ---p 00000000 00:00 0 
67910000-6795e000 rw-p 00000000 00:00 0          [stack:4479]
6795e000-67961000 ---p 00000000 00:00 0 
67961000-679af000 rw-p 00000000 00:00 0          [stack:4467]
679af000-679b2000 ---p 00000000 00:00 0 
679b2000-67a00000 rw-p 00000000 00:00 0          [stack:4466]
67a00000-67b00000 rw-p 00000000 00:00 0 
67b04000-67b18000 r-xp 00000000 08:01 394679     /lib/i386-linux-gnu/libresolv-2.21.so
67b18000-67b1a000 r--p 00013000 08:01 394679     /lib/i386-linux-gnu/libresolv-2.21.so
67b1a000-67b1b000 rw-p 00015000 08:01 394679     /lib/i386-linux-gnu/libresolv-2.21.so
67b1b000-67b1d000 rw-p 00000000 00:00 0 
67b34000-67b4b000 r-xp 00000000 08:01 805027     /usr/lib/jvm/java-7-openjdk-i386/jre/lib/i386/libnet.so
67b4b000-67b4c000 r--p 00016000 08:01 805027     /usr/lib/jvm/java-7-openjdk-i386/jre/lib/i386/libnet.so
67b4c000-67b4d000 rw-p 00017000 08:01 805027     /usr/lib/jvm/java-7-openjdk-i386/jre/lib/i386/libnet.so
67b4d000-67b4e000 ---p 00000000 00:00 0 
67b4e000-67bce000 rw-p 00000000 00:00 0          [stack:4464]
67bce000-67d80000 r--s 01d2e000 08:01 804984     /usr/lib/jvm/java-7-openjdk-i386/jre/lib/rt.jar
67d80000-6a600000 rw-p 00000000 00:00 0 
6a600000-6a6ff000 rw-p 00000000 00:00 0 
6a6ff000-6a700000 ---p 00000000 00:00 0 
6a702000-6a712000 r-xp 00000000 08:01 804991     /usr/lib/jvm/java-7-openjdk-i386/jre/lib/i386/libnio.so
6a712000-6a713000 r--p 00010000 08:01 804991     /usr/lib/jvm/java-7-openjdk-i386/jre/lib/i386/libnio.so
6a713000-6a714000 rw-p 00011000 08:01 804991     /usr/lib/jvm/java-7-openjdk-i386/jre/lib/i386/libnio.so
6a714000-6a734000 r-xp 00000000 08:01 138125     /usr/lib/i386-linux-gnu/libxcb.so.1.1.0
6a734000-6a735000 r--p 0001f000 08:01 138125     /usr/lib/i386-linux-gnu/libxcb.so.1.1.0
6a735000-6a736000 rw-p 00020000 08:01 138125     /usr/lib/i386-linux-gnu/libxcb.so.1.1.0
6a736000-6a77f000 rw-p 00000000 00:00 0 
6a77f000-6a780000 ---p 00000000 00:00 0 
6a780000-6a800000 rw-p 00000000 00:00 0          [stack:4454]
6a800000-6a821000 rw-p 00000000 00:00 0 
6a821000-6a900000 ---p 00000000 00:00 0 
6a900000-6a921000 rw-p 00000000 00:00 0 
6a921000-6aa00000 ---p 00000000 00:00 0 
6aa05000-6aa0c000 r-xp 00000000 08:01 137254     /usr/lib/i386-linux-gnu/libffi.so.6.0.4
6aa0c000-6aa0e000 r--p 00006000 08:01 137254     /usr/lib/i386-linux-gnu/libffi.so.6.0.4
6aa0e000-6aa0f000 rw-p 00008000 08:01 137254     /usr/lib/i386-linux-gnu/libffi.so.6.0.4
6aa0f000-6aa24000 r--s 000e5000 08:01 947900     /home/student/test/HealthyBit/app/build/intermediates/exploded-aar/com.android.support/support-v4/23.1.1/jars/classes.jar
6aa24000-6aa7f000 rw-p 00000000 00:00 0 
6aa7f000-6aa80000 ---p 00000000 00:00 0 
6aa80000-6ab00000 rw-p 00000000 00:00 0          [stack:4451]
6ab00000-6ab21000 rw-p 00000000 00:00 0 
6ab21000-6ac00000 ---p 00000000 00:00 0 
6ac04000-6ac07000 r-xp 00000000 08:01 137371     /usr/lib/i386-linux-gnu/libgmodule-2.0.so.0.4400.0
6ac07000-6ac08000 r--p 00002000 08:01 137371     /usr/lib/i386-linux-gnu/libgmodule-2.0.so.0.4400.0
6ac08000-6ac09000 rw-p 00003000 08:01 137371     /usr/lib/i386-linux-gnu/libgmodule-2.0.so.0.4400.0
6ac09000-6ac0e000 r-xp 00000000 08:01 136946     /usr/lib/i386-linux-gnu/libXdmcp.so.6.0.0
6ac0e000-6ac0f000 r--p 00004000 08:01 136946     /usr/lib/i386-linux-gnu/libXdmcp.so.6.0.0
6ac0f000-6ac10000 rw-p 00005000 08:01 136946     /usr/lib/i386-linux-gnu/libXdmcp.so.6.0.0
6ac10000-6ac12000 r-xp 00000000 08:01 136935     /usr/lib/i386-linux-gnu/libXau.so.6.0.0
6ac12000-6ac13000 r--p 00001000 08:01 136935     /usr/lib/i386-linux-gnu/libXau.so.6.0.0
6ac13000-6ac14000 rw-p 00002000 08:01 136935     /usr/lib/i386-linux-gnu/libXau.so.6.0.0
6ac14000-6ac16000 r-xp 00000000 08:01 141618     /usr/lib/jayatana/libjayatanaag.so
6ac16000-6ac17000 r--p 00001000 08:01 141618     /usr/lib/jayatana/libjayatanaag.so
6ac17000-6ac18000 rw-p 00002000 08:01 141618     /usr/lib/jayatana/libjayatanaag.so
6ac18000-6ac27000 r--s 000df000 08:01 1062595    /home/student/Android/Sdk/build-tools/23.0.3/lib/dx.jar
6ac27000-6ac28000 ---p 00000000 00:00 0 
6ac28000-6aca8000 rw-p 00000000 00:00 0          [stack:4448]
6aca8000-6aca9000 ---p 00000000 00:00 0 
6aca9000-6ad31000 rw-p 00000000 00:00 0          [stack:4447]
6ad31000-6ad69000 rw-p 00000000 00:00 0 
6ad69000-6ad7e000 rw-p 00000000 00:00 0 
6ad7e000-6aebf000 rw-p 00000000 00:00 0 
6aebf000-6aec7000 rw-p 00000000 00:00 0 
6aec7000-6aeff000 rw-p 00000000 00:00 0 
6aeff000-6af14000 rw-p 00000000 00:00 0 
6af14000-6b054000 rw-p 00000000 00:00 0 
6b054000-6b081000 rw-p 00000000 00:00 0 
6b081000-6b0ff000 rw-p 00000000 00:00 0 
6b0ff000-6c100000 rw-p 00000000 00:00 0 
6c100000-73100000 rw-p 00000000 00:00 0 
73100000-75b00000 rw-p 00000000 00:00 0 
75b00000-9db80000 rw-p 00000000 00:00 0 
9db80000-a3380000 rw-p 00000000 00:00 0 
a7d80000-b3100000 rw-p 00000000 00:00 0 
b3102000-b3106000 r--s 00085000 08:01 804976     /usr/lib/jvm/java-7-openjdk-i386/jre/lib/ext/localedata.jar
b3106000-b310a000 r--s 00034000 08:01 804978     /usr/lib/jvm/java-7-openjdk-i386/jre/lib/ext/sunjce_provider.jar
b310a000-b312e000 rw-p 00000000 00:00 0 
b312e000-b31e5000 rw-p 00000000 00:00 0 
b31e5000-b3425000 rwxp 00000000 00:00 0 
b3425000-b61e5000 rw-p 00000000 00:00 0 
b61e5000-b61f1000 r-xp 00000000 08:01 394626     /lib/i386-linux-gnu/libnss_files-2.21.so
b61f1000-b61f2000 r--p 0000b000 08:01 394626     /lib/i386-linux-gnu/libnss_files-2.21.so
b61f2000-b61f3000 rw-p 0000c000 08:01 394626     /lib/i386-linux-gnu/libnss_files-2.21.so
b61f3000-b61fe000 r-xp 00000000 08:01 394636     /lib/i386-linux-gnu/libnss_nis-2.21.so
b61fe000-b61ff000 r--p 0000a000 08:01 394636     /lib/i386-linux-gnu/libnss_nis-2.21.so
b61ff000-b6200000 rw-p 0000b000 08:01 394636     /lib/i386-linux-gnu/libnss_nis-2.21.so
b6200000-b6300000 rw-p 00000000 00:00 0 
b6302000-b6303000 r--s 00000000 08:01 414147     /usr/share/java/jayatanaag.jar
b6303000-b6307000 r--s 0003c000 08:01 804979     /usr/lib/jvm/java-7-openjdk-i386/jre/lib/ext/sunpkcs11.jar
b6307000-b631e000 r-xp 00000000 08:01 394620     /lib/i386-linux-gnu/libnsl-2.21.so
b631e000-b631f000 r--p 00016000 08:01 394620     /lib/i386-linux-gnu/libnsl-2.21.so
b631f000-b6320000 rw-p 00017000 08:01 394620     /lib/i386-linux-gnu/libnsl-2.21.so
b6320000-b6322000 rw-p 00000000 00:00 0 
b6322000-b632a000 r-xp 00000000 08:01 394622     /lib/i386-linux-gnu/libnss_compat-2.21.so
b632a000-b632b000 r--p 00007000 08:01 394622     /lib/i386-linux-gnu/libnss_compat-2.21.so
b632b000-b632c000 rw-p 00008000 08:01 394622     /lib/i386-linux-gnu/libnss_compat-2.21.so
b632c000-b632f000 r--s 0000f000 08:01 804977     /usr/lib/jvm/java-7-openjdk-i386/jre/lib/ext/icedtea-sound.jar
b632f000-b6331000 r--s 00012000 08:01 804975     /usr/lib/jvm/java-7-openjdk-i386/jre/lib/ext/zipfs.jar
b6331000-b6339000 r-xp 00000000 08:01 804995     /usr/lib/jvm/java-7-openjdk-i386/jre/lib/i386/libzip.so
b6339000-b633a000 r--p 00007000 08:01 804995     /usr/lib/jvm/java-7-openjdk-i386/jre/lib/i386/libzip.so
b633a000-b633b000 rw-p 00008000 08:01 804995     /usr/lib/jvm/java-7-openjdk-i386/jre/lib/i386/libzip.so
b633b000-b6343000 rw-s 00000000 08:01 429749     /tmp/hsperfdata_student/4444
b6343000-b634d000 r-xp 00000000 08:01 805017     /usr/lib/jvm/java-7-openjdk-i386/jre/lib/i386/libinstrument.so
b634d000-b634e000 r--p 00009000 08:01 805017     /usr/lib/jvm/java-7-openjdk-i386/jre/lib/i386/libinstrument.so
b634e000-b634f000 rw-p 0000a000 08:01 805017     /usr/lib/jvm/java-7-openjdk-i386/jre/lib/i386/libinstrument.so
b634f000-b6375000 r-xp 00000000 08:01 805003     /usr/lib/jvm/java-7-openjdk-i386/jre/lib/i386/libjava.so
b6375000-b6376000 r--p 00025000 08:01 805003     /usr/lib/jvm/java-7-openjdk-i386/jre/lib/i386/libjava.so
b6376000-b6377000 rw-p 00026000 08:01 805003     /usr/lib/jvm/java-7-openjdk-i386/jre/lib/i386/libjava.so
b6377000-b637e000 r-xp 00000000 08:01 394681     /lib/i386-linux-gnu/librt-2.21.so
b637e000-b637f000 r--p 00006000 08:01 394681     /lib/i386-linux-gnu/librt-2.21.so
b637f000-b6380000 rw-p 00007000 08:01 394681     /lib/i386-linux-gnu/librt-2.21.so
b6380000-b6383000 ---p 00000000 00:00 0 
b6383000-b63d1000 rw-p 00000000 00:00 0          [stack:4446]
b63d1000-b63ed000 r-xp 00000000 08:01 394569     /lib/i386-linux-gnu/libgcc_s.so.1
b63ed000-b63ee000 rw-p 0001b000 08:01 394569     /lib/i386-linux-gnu/libgcc_s.so.1
b63ee000-b6439000 r-xp 00000000 08:01 394599     /lib/i386-linux-gnu/libm-2.21.so
b6439000-b643a000 r--p 0004a000 08:01 394599     /lib/i386-linux-gnu/libm-2.21.so
b643a000-b643b000 rw-p 0004b000 08:01 394599     /lib/i386-linux-gnu/libm-2.21.so
b643b000-b6524000 r-xp 00000000 08:01 137921     /usr/lib/i386-linux-gnu/libstdc++.so.6.0.20
b6524000-b6528000 r--p 000e9000 08:01 137921     /usr/lib/i386-linux-gnu/libstdc++.so.6.0.20
b6528000-b6529000 rw-p 000ed000 08:01 137921     /usr/lib/i386-linux-gnu/libstdc++.so.6.0.20
b6529000-b6530000 rw-p 00000000 00:00 0 
b6530000-b7083000 r-xp 00000000 08:01 805013     /usr/lib/jvm/java-7-openjdk-i386/jre/lib/i386/server/libjvm.so
b7083000-b70d7000 r--p 00b52000 08:01 805013     /usr/lib/jvm/java-7-openjdk-i386/jre/lib/i386/server/libjvm.so
b70d7000-b70eb000 rw-p 00ba6000 08:01 805013     /usr/lib/jvm/java-7-openjdk-i386/jre/lib/i386/server/libjvm.so
b70eb000-b750a000 rw-p 00000000 00:00 0 
b750a000-b7523000 r-xp 00000000 08:01 394714     /lib/i386-linux-gnu/libz.so.1.2.8
b7523000-b7524000 r--p 00019000 08:01 394714     /lib/i386-linux-gnu/libz.so.1.2.8
b7524000-b7525000 rw-p 0001a000 08:01 394714     /lib/i386-linux-gnu/libz.so.1.2.8
b7525000-b753e000 r-xp 00000000 08:01 394673     /lib/i386-linux-gnu/libpthread-2.21.so
b753e000-b753f000 r--p 00018000 08:01 394673     /lib/i386-linux-gnu/libpthread-2.21.so
b753f000-b7540000 rw-p 00019000 08:01 394673     /lib/i386-linux-gnu/libpthread-2.21.so
b7540000-b7542000 rw-p 00000000 00:00 0 
b7542000-b7545000 r-xp 00000000 08:01 394557     /lib/i386-linux-gnu/libdl-2.21.so
b7545000-b7546000 r--p 00002000 08:01 394557     /lib/i386-linux-gnu/libdl-2.21.so
b7546000-b7547000 rw-p 00003000 08:01 394557     /lib/i386-linux-gnu/libdl-2.21.so
b7547000-b76fb000 r-xp 00000000 08:01 394540     /lib/i386-linux-gnu/libc-2.21.so
b76fb000-b76fe000 r--p 001b3000 08:01 394540     /lib/i386-linux-gnu/libc-2.21.so
b76fe000-b7700000 rw-p 001b6000 08:01 394540     /lib/i386-linux-gnu/libc-2.21.so
b7700000-b7702000 rw-p 00000000 00:00 0 
b7702000-b7703000 r--s 00002000 08:01 804980     /usr/lib/jvm/java-7-openjdk-i386/jre/lib/ext/dnsns.jar
b7703000-b7705000 r--s 00006000 08:01 399091     /usr/share/java/java-atk-wrapper.jar
b7705000-b7706000 r--p 005e0000 08:01 143362     /usr/lib/locale/locale-archive
b7706000-b7707000 rw-p 00000000 00:00 0 
b7707000-b7708000 ---p 00000000 00:00 0 
b7708000-b7716000 r-xp 00000000 08:01 805022     /usr/lib/jvm/java-7-openjdk-i386/jre/lib/i386/libverify.so
b7716000-b7718000 r--p 0000d000 08:01 805022     /usr/lib/jvm/java-7-openjdk-i386/jre/lib/i386/libverify.so
b7718000-b7719000 rw-p 0000f000 08:01 805022     /usr/lib/jvm/java-7-openjdk-i386/jre/lib/i386/libverify.so
b7719000-b7725000 r-xp 00000000 08:01 805024     /usr/lib/jvm/java-7-openjdk-i386/jre/lib/i386/jli/libjli.so
b7725000-b7726000 r--p 0000b000 08:01 805024     /usr/lib/jvm/java-7-openjdk-i386/jre/lib/i386/jli/libjli.so
b7726000-b7727000 rw-p 0000c000 08:01 805024     /usr/lib/jvm/java-7-openjdk-i386/jre/lib/i386/jli/libjli.so
b7727000-b772a000 rw-p 00000000 00:00 0 
b772a000-b772c000 r--p 00000000 00:00 0          [vvar]
b772c000-b772d000 r-xp 00000000 00:00 0          [vdso]
b772d000-b774f000 r-xp 00000000 08:01 394512     /lib/i386-linux-gnu/ld-2.21.so
b774f000-b7750000 r--p 00021000 08:01 394512     /lib/i386-linux-gnu/ld-2.21.so
b7750000-b7751000 rw-p 00022000 08:01 394512     /lib/i386-linux-gnu/ld-2.21.so
bf9fd000-bf9fe000 rwxp 00000000 00:00 0 
bfa2f000-bfa51000 rw-p 00000000 00:00 0          [stack]

VM Arguments:
jvm_args: -javaagent:/usr/share/java/jayatanaag.jar -Djava.awt.headless=true -Xmx1024M -Dfile.encoding=UTF-8 -Duser.country=US -Duser.language=en -Duser.variant 
java_command: com.android.dx.command.Main --dex --num-threads=4 --output /home/student/test/HealthyBit/app/build/intermediates/pre-dexed/debug/com.android.support-support-v4-23.1.1_30ce719122a5f019622bd4167c7cc6cd84f7fd07.jar /home/student/test/HealthyBit/app/build/intermediates/exploded-aar/com.android.support/support-v4/23.1.1/jars/classes.jar
Launcher Type: SUN_STANDARD

Environment Variables:
JAVA_TOOL_OPTIONS=-javaagent:/usr/share/java/jayatanaag.jar 
PATH=/home/student/.linuxbrew/bin:/usr/local/sbin:/usr/local/bin:/usr/sbin:/usr/bin:/sbin:/bin:/usr/games:/usr/local/games:/etc/android-studio/bin/:/home/student/Android/Sdk/platform-tools:/home/student/Android/Sdk/tools
LD_LIBRARY_PATH=/etc/android-studio/bin:
SHELL=/bin/bash
DISPLAY=:0

Signal Handlers:
SIGSEGV: [libjvm.so+0x7f7d00], sa_mask[0]=0x7ffbfeff, sa_flags=0x10000004
SIGBUS: [libjvm.so+0x7f7d00], sa_mask[0]=0x7ffbfeff, sa_flags=0x10000004
SIGFPE: [libjvm.so+0x67a9d0], sa_mask[0]=0x7ffbfeff, sa_flags=0x10000004
SIGPIPE: [libjvm.so+0x67a9d0], sa_mask[0]=0x7ffbfeff, sa_flags=0x10000004
SIGXFSZ: [libjvm.so+0x67a9d0], sa_mask[0]=0x7ffbfeff, sa_flags=0x10000004
SIGILL: [libjvm.so+0x67a9d0], sa_mask[0]=0x7ffbfeff, sa_flags=0x10000004
SIGUSR1: SIG_DFL, sa_mask[0]=0x00000000, sa_flags=0x00000000
SIGUSR2: [libjvm.so+0x67a820], sa_mask[0]=0x00000004, sa_flags=0x10000004
SIGHUP: [libjvm.so+0x67aa80], sa_mask[0]=0x7ffbfeff, sa_flags=0x10000004
SIGINT: [libjvm.so+0x67aa80], sa_mask[0]=0x7ffbfeff, sa_flags=0x10000004
SIGTERM: [libjvm.so+0x67aa80], sa_mask[0]=0x7ffbfeff, sa_flags=0x10000004
SIGQUIT: [libjvm.so+0x67aa80], sa_mask[0]=0x7ffbfeff, sa_flags=0x10000004
SIGTRAP: SIG_DFL, sa_mask[0]=0x00000000, sa_flags=0x00000000


---------------  S Y S T E M  ---------------

OS:Ubuntu 15.04 (vivid)
uname:Linux 3.19.0-18-generic #18-Ubuntu SMP Tue May 19 18:30:59 UTC 2015 i686
libc:glibc 2.21 NPTL 2.21 
rlimit: STACK 8192k, CORE 0k, NPROC 32177, NOFILE 65536, AS infinity
load average:9.07 6.17 3.46

/proc/meminfo:
MemTotal:        4139540 kB
MemFree:          268644 kB
MemAvailable:     206340 kB
Buffers:           11932 kB
Cached:            68696 kB
SwapCached:            0 kB
Active:          3465740 kB
Inactive:          58368 kB
Active(anon):    3445084 kB
Inactive(anon):    37620 kB
Active(file):      20656 kB
Inactive(file):    20748 kB
Unevictable:          32 kB
Mlocked:              32 kB
HighTotal:       3280776 kB
HighFree:          78832 kB
LowTotal:         858764 kB
LowFree:          189812 kB
SwapTotal:             0 kB
SwapFree:              0 kB
Dirty:               112 kB
Writeback:             0 kB
AnonPages:       3443992 kB
Mapped:            51588 kB
Shmem:             38796 kB
Slab:              49172 kB
SReclaimable:      23304 kB
SUnreclaim:        25868 kB
KernelStack:        5368 kB
PageTables:        14952 kB
NFS_Unstable:          0 kB
Bounce:                0 kB
WritebackTmp:          0 kB
CommitLimit:     2069768 kB
Committed_AS:    6305364 kB
VmallocTotal:     122880 kB
VmallocUsed:       23416 kB
VmallocChunk:      49124 kB
AnonHugePages:   2656256 kB
CmaTotal:              0 kB
CmaFree:               0 kB
HugePages_Total:       0
HugePages_Free:        0
HugePages_Rsvd:        0
HugePages_Surp:        0
Hugepagesize:       2048 kB
DirectMap4k:       61432 kB
DirectMap2M:      851968 kB


CPU:total 4 (1 cores per cpu, 1 threads per core) family 6 model 58 stepping 9, cmov, cx8, fxsr, mmx, sse, sse2, sse3, ssse3, sse4.1, sse4.2, popcnt, avx, aes, erms, tsc, tscinvbit, tscinv

/proc/cpuinfo:
processor	: 0
vendor_id	: GenuineIntel
cpu family	: 6
model		: 58
model name	: Intel(R) Core(TM) i5-3210M CPU @ 2.50GHz
stepping	: 9
microcode	: 0x15
cpu MHz		: 2494.111
cache size	: 3072 KB
physical id	: 0
siblings	: 1
core id		: 0
cpu cores	: 1
apicid		: 0
initial apicid	: 0
fdiv_bug	: no
f00f_bug	: no
coma_bug	: no
fpu		: yes
fpu_exception	: yes
cpuid level	: 13
wp		: yes
flags		: fpu vme de pse tsc msr pae mce cx8 apic sep mtrr pge mca cmov pat pse36 clflush dts mmx fxsr sse sse2 ss nx rdtscp lm constant_tsc arch_perfmon pebs bts xtopology tsc_reliable nonstop_tsc aperfmperf pni pclmulqdq ssse3 cx16 pcid sse4_1 sse4_2 x2apic popcnt tsc_deadline_timer aes xsave avx f16c rdrand hypervisor lahf_lm ida arat epb pln pts dtherm fsgsbase tsc_adjust smep
bugs		:
bogomips	: 4988.22
clflush size	: 64
cache_alignment	: 64
address sizes	: 42 bits physical, 48 bits virtual
power management:

processor	: 1
vendor_id	: GenuineIntel
cpu family	: 6
model		: 58
model name	: Intel(R) Core(TM) i5-3210M CPU @ 2.50GHz
stepping	: 9
microcode	: 0x15
cpu MHz		: 2494.111
cache size	: 3072 KB
physical id	: 2
siblings	: 1
core id		: 0
cpu cores	: 1
apicid		: 2
initial apicid	: 2
fdiv_bug	: no
f00f_bug	: no
coma_bug	: no
fpu		: yes
fpu_exception	: yes
cpuid level	: 13
wp		: yes
flags		: fpu vme de pse tsc msr pae mce cx8 apic sep mtrr pge mca cmov pat pse36 clflush dts mmx fxsr sse sse2 ss nx rdtscp lm constant_tsc arch_perfmon pebs bts xtopology tsc_reliable nonstop_tsc aperfmperf pni pclmulqdq ssse3 cx16 pcid sse4_1 sse4_2 x2apic popcnt tsc_deadline_timer aes xsave avx f16c rdrand hypervisor lahf_lm ida arat epb pln pts dtherm fsgsbase tsc_adjust smep
bugs		:
bogomips	: 4988.22
clflush size	: 64
cache_alignment	: 64
address sizes	: 42 bits physical, 48 bits virtual
power management:

processor	: 2
vendor_id	: GenuineIntel
cpu family	: 6
model		: 58
model name	: Intel(R) Core(TM) i5-3210M CPU @ 2.50GHz
stepping	: 9
microcode	: 0x15
cpu MHz		: 2494.111
cache size	: 3072 KB
physical id	: 4
siblings	: 1
core id		: 0
cpu cores	: 1
apicid		: 4
initial apicid	: 4
fdiv_bug	: no
f00f_bug	: no
coma_bug	: no
fpu		: yes
fpu_exception	: yes
cpuid level	: 13
wp		: yes
flags		: fpu vme de pse tsc msr pae mce cx8 apic sep mtrr pge mca cmov pat pse36 clflush dts mmx fxsr sse sse2 ss nx rdtscp lm constant_tsc arch_perfmon pebs bts xtopology tsc_reliable nonstop_tsc aperfmperf pni pclmulqdq ssse3 cx16 pcid sse4_1 sse4_2 x2apic popcnt tsc_deadline_timer aes xsave avx f16c rdrand hypervisor lahf_lm ida arat epb pln pts dtherm fsgsbase tsc_adjust smep
bugs		:
bogomips	: 4988.22
clflush size	: 64
cache_alignment	: 64
address sizes	: 42 bits physical, 48 bits virtual
power management:

processor	: 3
vendor_id	: GenuineIntel
cpu family	: 6
model		: 58
model name	: Intel(R) Core(TM) i5-3210M CPU @ 2.50GHz
stepping	: 9
microcode	: 0x15
cpu MHz		: 2494.111
cache size	: 3072 KB
physical id	: 6
siblings	: 1
core id		: 0
cpu cores	: 1
apicid		: 6
initial apicid	: 6
fdiv_bug	: no
f00f_bug	: no
coma_bug	: no
fpu		: yes
fpu_exception	: yes
cpuid level	: 13
wp		: yes
flags		: fpu vme de pse tsc msr pae mce cx8 apic sep mtrr pge mca cmov pat pse36 clflush dts mmx fxsr sse sse2 ss nx rdtscp lm constant_tsc arch_perfmon pebs bts xtopology tsc_reliable nonstop_tsc aperfmperf pni pclmulqdq ssse3 cx16 pcid sse4_1 sse4_2 x2apic popcnt tsc_deadline_timer aes xsave avx f16c rdrand hypervisor lahf_lm ida arat epb pln pts dtherm fsgsbase tsc_adjust smep
bugs		:
bogomips	: 4988.22
clflush size	: 64
cache_alignment	: 64
address sizes	: 42 bits physical, 48 bits virtual
power management:



Memory: 4k page, physical 4139540k(269436k free), swap 0k(0k free)

vm_info: OpenJDK Server VM (24.91-b01) for linux-x86 JRE (1.7.0_91-b02), built on Nov 19 2015 06:25:06 by "buildd" with gcc 4.9.2

time: Tue May  3 15:54:54 2016
elapsed time: 16 seconds

