#
# There is insufficient memory for the Java Runtime Environment to continue.
# Native memory allocation (malloc) failed to allocate 79691776 bytes for committing reserved memory.
# Possible reasons:
#   The system is out of physical RAM or swap space
#   In 32 bit mode, the process size limit was hit
# Possible solutions:
#   Reduce memory load on the system
#   Increase physical memory or swap space
#   Check if swap backing store is full
#   Use 64 bit Java on a 64 bit OS
#   Decrease Java heap size (-Xmx/-Xms)
#   Decrease number of Java threads
#   Decrease Java thread stack sizes (-Xss)
#   Set larger code cache with -XX:ReservedCodeCacheSize=
# This output file may be truncated or incomplete.
#
#  Out of Memory Error (os_linux.cpp:2827), pid=7264, tid=1740430144
#
# JRE version: OpenJDK Runtime Environment (7.0_91-b02) (build 1.7.0_91-b02)
# Java VM: OpenJDK Server VM (24.91-b01 mixed mode linux-x86 )
# Derivative: IcedTea 2.6.3
# Distribution: Ubuntu 15.04, package 7u91-2.6.3-0ubuntu0.15.04.1
# Failed to write core dump. Core dumps have been disabled. To enable core dumping, try "ulimit -c unlimited" before starting Java again
#

---------------  T H R E A D  ---------------

Current thread (0x67a81400):  VMThread [stack: 0x67b4d000,0x67bce000] [id=7274]

Stack: [0x67b4d000,0x67bce000]
VM_Operation (0x668b4aa4): ParallelGCFailedAllocation, mode: safepoint, requested by thread 0x6706a400


---------------  P R O C E S S  ---------------

Java Threads: ( => current thread )
  0x6706b400 JavaThread "pool-2-thread-4" [_thread_blocked, id=7286, stack(0x66814000,0x66865000)]
  0x6706a400 JavaThread "pool-2-thread-3" [_thread_blocked, id=7285, stack(0x66865000,0x668b6000)]
  0x67069000 JavaThread "pool-2-thread-2" [_thread_blocked, id=7284, stack(0x668b6000,0x66907000)]
  0x67066c00 JavaThread "pool-3-thread-1" [_thread_blocked, id=7283, stack(0x66907000,0x66958000)]
  0x67065c00 JavaThread "pool-2-thread-1" [_thread_blocked, id=7282, stack(0x66f24000,0x66f75000)]
  0x67aed800 JavaThread "Service Thread" daemon [_thread_blocked, id=7280, stack(0x67262000,0x672b3000)]
  0x67aebc00 JavaThread "C2 CompilerThread1" daemon [_thread_blocked, id=7279, stack(0x672b3000,0x67334000)]
  0x67aea400 JavaThread "C2 CompilerThread0" daemon [_thread_blocked, id=7278, stack(0x67334000,0x673b5000)]
  0x67a97400 JavaThread "Signal Dispatcher" daemon [_thread_blocked, id=7277, stack(0x6790d000,0x6795e000)]
  0x67a85800 JavaThread "Finalizer" daemon [_thread_blocked, id=7276, stack(0x6795e000,0x679af000)]
  0x67a83c00 JavaThread "Reference Handler" daemon [_thread_blocked, id=7275, stack(0x679af000,0x67a00000)]
  0xb6208400 JavaThread "main" [_thread_blocked, id=7269, stack(0xb6361000,0xb63b2000)]

Other Threads:
=>0x67a81400 VMThread [stack: 0x67b4d000,0x67bce000] [id=7274]
  0x67aef800 WatcherThread [stack: 0x671e1000,0x67262000] [id=7281]

VM state:at safepoint (normal execution)

VM Mutex/Monitor currently owned by a thread:  ([mutex/lock_event])
[0xb6205908] ExpandHeap_lock - owner thread: 0x67a81400
[0xb6205e50] Threads_lock - owner thread: 0x67a81400
[0xb6206260] Heap_lock - owner thread: 0x6706a400

Heap
 PSYoungGen      total 238080K, used 10910K [0x9db80000, 0xb3100000, 0xb3100000)
  eden space 222208K, 0% used [0x9db80000,0x9db80000,0xab480000)
  from space 15872K, 68% used [0xaea80000,0xaf527a40,0xafa00000)
  to   space 55296K, 0% used [0xab480000,0xab480000,0xaea80000)
 ParOldGen       total 105984K, used 105916K [0x73100000, 0x79880000, 0x9db80000)
  object space 105984K, 99% used [0x73100000,0x7986f268,0x79880000)
 PSPermGen       total 16384K, used 4402K [0x6b100000, 0x6c100000, 0x73100000)
  object space 16384K, 26% used [0x6b100000,0x6b54c948,0x6c100000)

Card table byte_map: [0x6aebf000,0x6b100000] byte_map_base: 0x6ab66800

Polling page: 0xb76e8000

Code Cache  [0xb31ca000, 0xb350a000, 0xb61ca000)
 total_blobs=1070 nmethods=947 adapters=76 free_code_cache=45909Kb largest_free_block=46956096

Compilation events (10 events):
Event: 10.784 Thread 0x67aebc00 nmethod 969 0xb330e708 code [0xb330e800, 0xb330e950]
Event: 10.784 Thread 0x67aebc00  970   !         com.android.dx.cf.code.RopperMachine::run (1550 bytes)
Event: 11.047 Thread 0x67aebc00 nmethod 970 0xb34f7d08 code [0xb34f83e0, 0xb34fb79c]
Event: 11.048 Thread 0x67aebc00  971             com.android.dx.rop.code.Insn::contentEquals (84 bytes)
Event: 11.058 Thread 0x67aebc00 nmethod 971 0xb3308c88 code [0xb3308dc0, 0xb3308fc4]
Event: 11.058 Thread 0x67aebc00  972             com.android.dx.ssa.MoveParamCombiner$1::visitNonMoveInsn (213 bytes)
Event: 11.073 Thread 0x67aebc00 nmethod 972 0xb3309c48 code [0xb3309e00, 0xb330a28c]
Event: 11.073 Thread 0x67aebc00  973             com.android.dx.rop.code.LocalItem::compareTo (9 bytes)
Event: 11.076 Thread 0x67aebc00 nmethod 973 0xb33095c8 code [0xb33096e0, 0xb3309990]
Event: 11.076 Thread 0x67aebc00  974   !         com.android.dx.cf.code.Ropper::processBlock (1101 bytes)

GC Heap History (10 events):
Event: 6.882 GC heap after
Heap after GC invocations=7 (full 0):
 PSYoungGen      total 147456K, used 16890K [0x9db80000, 0xb0f80000, 0xb3100000)
  eden space 130560K, 0% used [0x9db80000,0x9db80000,0xa5b00000)
  from space 16896K, 99% used [0xa5b00000,0xa6b7e958,0xa6b80000)
  to   space 27136K, 0% used [0xaf500000,0xaf500000,0xb0f80000)
 ParOldGen       total 43008K, used 32096K [0x73100000, 0x75b00000, 0x9db80000)
  object space 43008K, 74% used [0x73100000,0x750581f0,0x75b00000)
 PSPermGen       total 16384K, used 4362K [0x6b100000, 0x6c100000, 0x73100000)
  object space 16384K, 26% used [0x6b100000,0x6b5428e0,0x6c100000)
}
Event: 6.882 GC heap before
{Heap before GC invocations=8 (full 1):
 PSYoungGen      total 147456K, used 16890K [0x9db80000, 0xb0f80000, 0xb3100000)
  eden space 130560K, 0% used [0x9db80000,0x9db80000,0xa5b00000)
  from space 16896K, 99% used [0xa5b00000,0xa6b7e958,0xa6b80000)
  to   space 27136K, 0% used [0xaf500000,0xaf500000,0xb0f80000)
 ParOldGen       total 43008K, used 32096K [0x73100000, 0x75b00000, 0x9db80000)
  object space 43008K, 74% used [0x73100000,0x750581f0,0x75b00000)
 PSPermGen       total 16384K, used 4362K [0x6b100000, 0x6c100000, 0x73100000)
  object space 16384K, 26% used [0x6b100000,0x6b5428e0,0x6c100000)
Event: 7.329 GC heap after
Heap after GC invocations=8 (full 1):
 PSYoungGen      total 147456K, used 2801K [0x9db80000, 0xb0f80000, 0xb3100000)
  eden space 130560K, 0% used [0x9db80000,0x9db80000,0xa5b00000)
  from space 16896K, 16% used [0xa5b00000,0xa5dbc4f0,0xa6b80000)
  to   space 27136K, 0% used [0xaf500000,0xaf500000,0xb0f80000)
 ParOldGen       total 85504K, used 42898K [0x73100000, 0x78480000, 0x9db80000)
  object space 85504K, 50% used [0x73100000,0x75ae4848,0x78480000)
 PSPermGen       total 16384K, used 4359K [0x6b100000, 0x6c100000, 0x73100000)
  object space 16384K, 26% used [0x6b100000,0x6b541eb0,0x6c100000)
}
Event: 8.545 GC heap before
{Heap before GC invocations=9 (full 1):
 PSYoungGen      total 147456K, used 133361K [0x9db80000, 0xb0f80000, 0xb3100000)
  eden space 130560K, 100% used [0x9db80000,0xa5b00000,0xa5b00000)
  from space 16896K, 16% used [0xa5b00000,0xa5dbc4f0,0xa6b80000)
  to   space 27136K, 0% used [0xaf500000,0xaf500000,0xb0f80000)
 ParOldGen       total 85504K, used 42898K [0x73100000, 0x78480000, 0x9db80000)
  object space 85504K, 50% used [0x73100000,0x75ae4848,0x78480000)
 PSPermGen       total 16384K, used 4374K [0x6b100000, 0x6c100000, 0x73100000)
  object space 16384K, 26% used [0x6b100000,0x6b5458d0,0x6c100000)
Event: 8.609 GC heap after
Heap after GC invocations=9 (full 1):
 PSYoungGen      total 191232K, used 17481K [0x9db80000, 0xb0640000, 0xb3100000)
  eden space 173568K, 0% used [0x9db80000,0x9db80000,0xa8500000)
  from space 17664K, 98% used [0xaf500000,0xb06125a8,0xb0640000)
  to   space 28416K, 0% used [0xacec0000,0xacec0000,0xaea80000)
 ParOldGen       total 85504K, used 42902K [0x73100000, 0x78480000, 0x9db80000)
  object space 85504K, 50% used [0x73100000,0x75ae5848,0x78480000)
 PSPermGen       total 16384K, used 4374K [0x6b100000, 0x6c100000, 0x73100000)
  object space 16384K, 26% used [0x6b100000,0x6b5458d0,0x6c100000)
}
Event: 10.056 GC heap before
{Heap before GC invocations=10 (full 1):
 PSYoungGen      total 191232K, used 191049K [0x9db80000, 0xb0640000, 0xb3100000)
  eden space 173568K, 100% used [0x9db80000,0xa8500000,0xa8500000)
  from space 17664K, 98% used [0xaf500000,0xb06125a8,0xb0640000)
  to   space 28416K, 0% used [0xacec0000,0xacec0000,0xaea80000)
 ParOldGen       total 85504K, used 42902K [0x73100000, 0x78480000, 0x9db80000)
  object space 85504K, 50% used [0x73100000,0x75ae5848,0x78480000)
 PSPermGen       total 16384K, used 4390K [0x6b100000, 0x6c100000, 0x73100000)
  object space 16384K, 26% used [0x6b100000,0x6b5499c0,0x6c100000)
Event: 10.146 GC heap after
Heap after GC invocations=10 (full 1):
 PSYoungGen      total 241408K, used 28400K [0x9db80000, 0xafa00000, 0xb3100000)
  eden space 212992K, 0% used [0x9db80000,0x9db80000,0xaab80000)
  from space 28416K, 99% used [0xacec0000,0xaea7c298,0xaea80000)
  to   space 15872K, 0% used [0xaea80000,0xaea80000,0xafa00000)
 ParOldGen       total 85504K, used 59589K [0x73100000, 0x78480000, 0x9db80000)
  object space 85504K, 69% used [0x73100000,0x76b317f8,0x78480000)
 PSPermGen       total 16384K, used 4390K [0x6b100000, 0x6c100000, 0x73100000)
  object space 16384K, 26% used [0x6b100000,0x6b5499c0,0x6c100000)
}
Event: 11.382 GC heap before
{Heap before GC invocations=11 (full 1):
 PSYoungGen      total 241408K, used 241392K [0x9db80000, 0xafa00000, 0xb3100000)
  eden space 212992K, 100% used [0x9db80000,0xaab80000,0xaab80000)
  from space 28416K, 99% used [0xacec0000,0xaea7c298,0xaea80000)
  to   space 15872K, 0% used [0xaea80000,0xaea80000,0xafa00000)
 ParOldGen       total 85504K, used 59589K [0x73100000, 0x78480000, 0x9db80000)
  object space 85504K, 69% used [0x73100000,0x76b317f8,0x78480000)
 PSPermGen       total 16384K, used 4403K [0x6b100000, 0x6c100000, 0x73100000)
  object space 16384K, 26% used [0x6b100000,0x6b54cc08,0x6c100000)
Event: 11.577 GC heap after
Heap after GC invocations=11 (full 1):
 PSYoungGen      total 238080K, used 15857K [0x9db80000, 0xb3100000, 0xb3100000)
  eden space 222208K, 0% used [0x9db80000,0x9db80000,0xab480000)
  from space 15872K, 99% used [0xaea80000,0xaf9fc730,0xafa00000)
  to   space 55296K, 0% used [0xab480000,0xab480000,0xaea80000)
 ParOldGen       total 105984K, used 105805K [0x73100000, 0x79880000, 0x9db80000)
  object space 105984K, 99% used [0x73100000,0x798537d8,0x79880000)
 PSPermGen       total 16384K, used 4403K [0x6b100000, 0x6c100000, 0x73100000)
  object space 16384K, 26% used [0x6b100000,0x6b54cc08,0x6c100000)
}
Event: 11.577 GC heap before
{Heap before GC invocations=12 (full 2):
 PSYoungGen      total 238080K, used 15857K [0x9db80000, 0xb3100000, 0xb3100000)
  eden space 222208K, 0% used [0x9db80000,0x9db80000,0xab480000)
  from space 15872K, 99% used [0xaea80000,0xaf9fc730,0xafa00000)
  to   space 55296K, 0% used [0xab480000,0xab480000,0xaea80000)
 ParOldGen       total 105984K, used 105805K [0x73100000, 0x79880000, 0x9db80000)
  object space 105984K, 99% used [0x73100000,0x798537d8,0x79880000)
 PSPermGen       total 16384K, used 4403K [0x6b100000, 0x6c100000, 0x73100000)
  object space 16384K, 26% used [0x6b100000,0x6b54cc08,0x6c100000)

Deoptimization events (10 events):
Event: 10.259 Thread 0x67065c00 Uncommon trap: reason=unstable_if action=reinterpret pc=0xb34c262c method=com.android.dx.cf.code.RopperMachine.updateReturnOp(Lcom/android/dx/rop/code/Rop;Lcom/android/dx/rop/code/SourcePosition;)V @ 106
Event: 10.308 Thread 0x6706b400 Uncommon trap: reason=unstable_if action=reinterpret pc=0xb34cb4a8 method=com.android.dx.cf.code.Simulator$SimVisitor.visitNoArgs(IIILcom/android/dx/rop/type/Type;)V @ 1277
Event: 10.309 Thread 0x6706b400 Uncommon trap: reason=bimorphic action=maybe_recompile pc=0xb34806e0 method=com.android.dx.cf.code.BytecodeArray.parseInstruction(ILcom/android/dx/cf/code/BytecodeArray$Visitor;)I @ 1357
Event: 10.310 Thread 0x6706b400 Uncommon trap: reason=bimorphic action=maybe_recompile pc=0xb34806e0 method=com.android.dx.cf.code.BytecodeArray.parseInstruction(ILcom/android/dx/cf/code/BytecodeArray$Visitor;)I @ 1357
Event: 10.346 Thread 0x67069000 Uncommon trap: reason=unstable_if action=reinterpret pc=0xb32849ec method=com.android.dx.ssa.MoveParamCombiner$1.visitNonMoveInsn(Lcom/android/dx/ssa/NormalSsaInsn;)V @ 27
Event: 10.362 Thread 0x67069000 Uncommon trap: reason=unstable_if action=reinterpret pc=0xb34b3158 method=com.android.dx.cf.code.BasicBlocker.visitNoArgs(IIILcom/android/dx/rop/type/Type;)V @ 277
Event: 10.372 Thread 0x67069000 Uncommon trap: reason=bimorphic action=maybe_recompile pc=0xb334d8d8 method=com.android.dx.ssa.LiteralOpUpgrader.tryReplacingWithConstant(Lcom/android/dx/ssa/NormalSsaInsn;)Z @ 62
Event: 10.376 Thread 0x67069000 Uncommon trap: reason=bimorphic action=maybe_recompile pc=0xb334d8d8 method=com.android.dx.ssa.LiteralOpUpgrader.tryReplacingWithConstant(Lcom/android/dx/ssa/NormalSsaInsn;)Z @ 62
Event: 10.522 Thread 0x6706b400 Uncommon trap: reason=null_check action=make_not_entrant pc=0xb34d9f38 method=com.android.dx.cf.code.Ropper$CatchInfo.getSetup(Lcom/android/dx/rop/type/Type;)Lcom/android/dx/cf/code/Ropper$ExceptionHandlerSetup; @ 10
Event: 11.124 Thread 0xb6208400 Uncommon trap: reason=unstable_if action=reinterpret pc=0xb3479c64 method=com.android.dx.ssa.back.FirstFitLocalCombiningAllocator.handleCheckCastResults()V @ 302

Internal exceptions (10 events):
Event: 3.867 Thread 0xb6208400 Threw 0x9f8983b8 at /build/openjdk-7-PdBaKN/openjdk-7-7u91-2.6.3/build/openjdk/hotspot/src/share/vm/prims/jvm.cpp:1322
Event: 4.171 Thread 0x67065c00 Threw 0xa0502410 at /build/openjdk-7-PdBaKN/openjdk-7-7u91-2.6.3/build/openjdk/hotspot/src/share/vm/prims/jvm.cpp:1322
Event: 7.818 Thread 0xb6208400 Threw 0x9f5b5588 at /build/openjdk-7-PdBaKN/openjdk-7-7u91-2.6.3/build/openjdk/hotspot/src/share/vm/prims/jvm.cpp:1322
Event: 8.078 Thread 0x67065c00 Implicit null exception at 0xb33a9544 to 0xb33aa64d
Event: 9.932 Thread 0x6706a400 Implicit null exception at 0xb3344a47 to 0xb33454a1
Event: 9.932 Thread 0x6706a400 Implicit null exception at 0xb33f4271 to 0xb33f43f9
Event: 10.023 Thread 0x67069000 Implicit null exception at 0xb32a2a9f to 0xb32a2c05
Event: 10.023 Thread 0x67069000 Implicit null exception at 0xb3287499 to 0xb3287595
Event: 10.522 Thread 0x6706b400 Implicit null exception at 0xb34d70b4 to 0xb34d9ed9
Event: 11.094 Thread 0x6706a400 Threw 0xa6f81860 at /build/openjdk-7-PdBaKN/openjdk-7-7u91-2.6.3/build/openjdk/hotspot/src/share/vm/prims/jvm.cpp:1322

Events (10 events):
Event: 10.522 Thread 0x6706b400 DEOPT PACKING pc=0xb34d9f38 sp=0x66863be0
Event: 10.522 Thread 0x6706b400 DEOPT UNPACKING pc=0xb31f6bc8 sp=0x66863b8c mode 2
Event: 11.094 loading class 0x677069c0
Event: 11.094 loading class 0x677069c0 done
Event: 11.124 Thread 0xb6208400 Uncommon trap: trap_request=0xffffff75 fr.pc=0xb3479c64
Event: 11.124 Thread 0xb6208400 DEOPT PACKING pc=0xb3479c64 sp=0xb63b07c0
Event: 11.124 Thread 0xb6208400 DEOPT UNPACKING pc=0xb31f6bc8 sp=0xb63b07a4 mode 2
Event: 11.146 loading class 0x6aa59fa0
Event: 11.146 loading class 0x6aa59fa0 done
Event: 11.381 Executing VM operation: ParallelGCFailedAllocation


Dynamic libraries:
08048000-08049000 r-xp 00000000 08:01 804961     /usr/lib/jvm/java-7-openjdk-i386/jre/bin/java
08049000-0804a000 r--p 00000000 08:01 804961     /usr/lib/jvm/java-7-openjdk-i386/jre/bin/java
0804a000-0804b000 rw-p 00001000 08:01 804961     /usr/lib/jvm/java-7-openjdk-i386/jre/bin/java
0988c000-09a03000 rw-p 00000000 00:00 0          [heap]
64500000-645fe000 rw-p 00000000 00:00 0 
645fe000-64600000 ---p 00000000 00:00 0 
64600000-64651000 rw-p 00000000 00:00 0 
64651000-64700000 ---p 00000000 00:00 0 
64700000-64790000 rw-p 00000000 00:00 0 
64790000-64800000 ---p 00000000 00:00 0 
64b00000-64c8e000 rw-p 00000000 00:00 0 
64c8e000-64d00000 ---p 00000000 00:00 0 
64d00000-64e00000 rw-p 00000000 00:00 0 
64f00000-65000000 rw-p 00000000 00:00 0 
65100000-651fe000 rw-p 00000000 00:00 0 
651fe000-65200000 ---p 00000000 00:00 0 
65200000-652fd000 rw-p 00000000 00:00 0 
652fd000-65300000 ---p 00000000 00:00 0 
65300000-653fc000 rw-p 00000000 00:00 0 
653fc000-65400000 ---p 00000000 00:00 0 
65500000-655fd000 rw-p 00000000 00:00 0 
655fd000-65600000 ---p 00000000 00:00 0 
65600000-65700000 rw-p 00000000 00:00 0 
65700000-657f9000 rw-p 00000000 00:00 0 
657f9000-65800000 ---p 00000000 00:00 0 
65900000-659eb000 rw-p 00000000 00:00 0 
659eb000-65a00000 ---p 00000000 00:00 0 
65a00000-65ae9000 rw-p 00000000 00:00 0 
65ae9000-65b00000 ---p 00000000 00:00 0 
65b00000-65cff000 rw-p 00000000 00:00 0 
65cff000-65d00000 ---p 00000000 00:00 0 
65d00000-65df9000 rw-p 00000000 00:00 0 
65df9000-65e00000 ---p 00000000 00:00 0 
65f00000-65fa5000 rw-p 00000000 00:00 0 
65fa5000-66000000 ---p 00000000 00:00 0 
66000000-660e5000 rw-p 00000000 00:00 0 
660e5000-66100000 ---p 00000000 00:00 0 
66100000-661f5000 rw-p 00000000 00:00 0 
661f5000-66200000 ---p 00000000 00:00 0 
66227000-66300000 rw-p 00000000 00:00 0 
66300000-663fe000 rw-p 00000000 00:00 0 
663fe000-66400000 ---p 00000000 00:00 0 
66400000-664fe000 rw-p 00000000 00:00 0 
664fe000-66500000 ---p 00000000 00:00 0 
66500000-665f5000 rw-p 00000000 00:00 0 
665f5000-66600000 ---p 00000000 00:00 0 
66600000-66700000 rw-p 00000000 00:00 0 
66700000-667fe000 rw-p 00000000 00:00 0 
667fe000-66800000 ---p 00000000 00:00 0 
66814000-66817000 ---p 00000000 00:00 0 
66817000-66865000 rw-p 00000000 00:00 0          [stack:7286]
66865000-66868000 ---p 00000000 00:00 0 
66868000-668b6000 rw-p 00000000 00:00 0          [stack:7285]
668b6000-668b9000 ---p 00000000 00:00 0 
668b9000-66907000 rw-p 00000000 00:00 0          [stack:7284]
66907000-6690a000 ---p 00000000 00:00 0 
6690a000-66b19000 rw-p 00000000 00:00 0          [stack:7283]
66b19000-66c3f000 r-xp 00000000 08:01 394573     /lib/i386-linux-gnu/libglib-2.0.so.0.4400.0
66c3f000-66c40000 r--p 00125000 08:01 394573     /lib/i386-linux-gnu/libglib-2.0.so.0.4400.0
66c40000-66c41000 rw-p 00126000 08:01 394573     /lib/i386-linux-gnu/libglib-2.0.so.0.4400.0
66c41000-66dfa000 r-xp 00000000 08:01 137357     /usr/lib/i386-linux-gnu/libgio-2.0.so.0.4400.0
66dfa000-66dfd000 r--p 001b8000 08:01 137357     /usr/lib/i386-linux-gnu/libgio-2.0.so.0.4400.0
66dfd000-66dff000 rw-p 001bb000 08:01 137357     /usr/lib/i386-linux-gnu/libgio-2.0.so.0.4400.0
66dff000-66e00000 rw-p 00000000 00:00 0 
66e00000-66eff000 rw-p 00000000 00:00 0 
66eff000-66f00000 ---p 00000000 00:00 0 
66f24000-66f27000 ---p 00000000 00:00 0 
66f27000-66f75000 rw-p 00000000 00:00 0          [stack:7282]
66f75000-66fe5000 r-xp 00000000 08:01 394656     /lib/i386-linux-gnu/libpcre.so.3.13.1
66fe5000-66fe6000 r--p 0006f000 08:01 394656     /lib/i386-linux-gnu/libpcre.so.3.13.1
66fe6000-66fe7000 rw-p 00070000 08:01 394656     /lib/i386-linux-gnu/libpcre.so.3.13.1
66fe7000-66ffb000 r-xp 00000000 08:01 394679     /lib/i386-linux-gnu/libresolv-2.21.so
66ffb000-66ffd000 r--p 00013000 08:01 394679     /lib/i386-linux-gnu/libresolv-2.21.so
66ffd000-66ffe000 rw-p 00015000 08:01 394679     /lib/i386-linux-gnu/libresolv-2.21.so
66ffe000-67000000 rw-p 00000000 00:00 0 
67000000-670a1000 rw-p 00000000 00:00 0 
670a1000-67100000 ---p 00000000 00:00 0 
67116000-6713a000 r-xp 00000000 08:01 394683     /lib/i386-linux-gnu/libselinux.so.1
6713a000-6713b000 r--p 00024000 08:01 394683     /lib/i386-linux-gnu/libselinux.so.1
6713b000-6713c000 rw-p 00025000 08:01 394683     /lib/i386-linux-gnu/libselinux.so.1
6713c000-6713d000 rw-p 00000000 00:00 0 
6713d000-67198000 r-xp 00000000 08:01 137385     /usr/lib/i386-linux-gnu/libgobject-2.0.so.0.4400.0
67198000-67199000 r--p 0005b000 08:01 137385     /usr/lib/i386-linux-gnu/libgobject-2.0.so.0.4400.0
67199000-6719a000 rw-p 0005c000 08:01 137385     /usr/lib/i386-linux-gnu/libgobject-2.0.so.0.4400.0
6719a000-671e1000 r--s 002fa000 08:01 945545     /home/student/test/HealthyBit/app/build/intermediates/transforms/jarMerging/debug/jars/1/1f/combined.jar
671e1000-671e2000 ---p 00000000 00:00 0 
671e2000-67262000 rw-p 00000000 00:00 0          [stack:7281]
67262000-67265000 ---p 00000000 00:00 0 
67265000-672b3000 rw-p 00000000 00:00 0          [stack:7280]
672b3000-672b6000 ---p 00000000 00:00 0 
672b6000-67334000 rw-p 00000000 00:00 0          [stack:7279]
67334000-67337000 ---p 00000000 00:00 0 
67337000-673b5000 rw-p 00000000 00:00 0          [stack:7278]
673b5000-674fc000 r-xp 00000000 08:01 136931     /usr/lib/i386-linux-gnu/libX11.so.6.3.0
674fc000-674fd000 r--p 00146000 08:01 136931     /usr/lib/i386-linux-gnu/libX11.so.6.3.0
674fd000-674ff000 rw-p 00147000 08:01 136931     /usr/lib/i386-linux-gnu/libX11.so.6.3.0
674ff000-67500000 rw-p 00000000 00:00 0 
67500000-67700000 r--p 00000000 08:01 143362     /usr/lib/locale/locale-archive
67700000-67721000 rw-p 00000000 00:00 0 
67721000-67800000 ---p 00000000 00:00 0 
67800000-678f2000 rw-p 00000000 00:00 0 
678f2000-67900000 ---p 00000000 00:00 0 
6790d000-67910000 ---p 00000000 00:00 0 
67910000-6795e000 rw-p 00000000 00:00 0          [stack:7277]
6795e000-67961000 ---p 00000000 00:00 0 
67961000-679af000 rw-p 00000000 00:00 0          [stack:7276]
679af000-679b2000 ---p 00000000 00:00 0 
679b2000-67a00000 rw-p 00000000 00:00 0          [stack:7275]
67a00000-67b00000 rw-p 00000000 00:00 0 
67b2b000-67b4b000 r-xp 00000000 08:01 138125     /usr/lib/i386-linux-gnu/libxcb.so.1.1.0
67b4b000-67b4c000 r--p 0001f000 08:01 138125     /usr/lib/i386-linux-gnu/libxcb.so.1.1.0
67b4c000-67b4d000 rw-p 00020000 08:01 138125     /usr/lib/i386-linux-gnu/libxcb.so.1.1.0
67b4d000-67b4e000 ---p 00000000 00:00 0 
67b4e000-67bce000 rw-p 00000000 00:00 0          [stack:7274]
67bce000-67d80000 r--s 01d2e000 08:01 804984     /usr/lib/jvm/java-7-openjdk-i386/jre/lib/rt.jar
67d80000-6a600000 rw-p 00000000 00:00 0 
6a600000-6a6fb000 rw-p 00000000 00:00 0 
6a6fb000-6a700000 ---p 00000000 00:00 0 
6a701000-6a708000 r-xp 00000000 08:01 137254     /usr/lib/i386-linux-gnu/libffi.so.6.0.4
6a708000-6a70a000 r--p 00006000 08:01 137254     /usr/lib/i386-linux-gnu/libffi.so.6.0.4
6a70a000-6a70b000 rw-p 00008000 08:01 137254     /usr/lib/i386-linux-gnu/libffi.so.6.0.4
6a70b000-6a722000 r-xp 00000000 08:01 805027     /usr/lib/jvm/java-7-openjdk-i386/jre/lib/i386/libnet.so
6a722000-6a723000 r--p 00016000 08:01 805027     /usr/lib/jvm/java-7-openjdk-i386/jre/lib/i386/libnet.so
6a723000-6a724000 rw-p 00017000 08:01 805027     /usr/lib/jvm/java-7-openjdk-i386/jre/lib/i386/libnet.so
6a724000-6a734000 r-xp 00000000 08:01 804991     /usr/lib/jvm/java-7-openjdk-i386/jre/lib/i386/libnio.so
6a734000-6a735000 r--p 00010000 08:01 804991     /usr/lib/jvm/java-7-openjdk-i386/jre/lib/i386/libnio.so
6a735000-6a736000 rw-p 00011000 08:01 804991     /usr/lib/jvm/java-7-openjdk-i386/jre/lib/i386/libnio.so
6a736000-6a77f000 rw-p 00000000 00:00 0 
6a77f000-6a780000 ---p 00000000 00:00 0 
6a780000-6a800000 rw-p 00000000 00:00 0          [stack:7273]
6a800000-6a821000 rw-p 00000000 00:00 0 
6a821000-6a900000 ---p 00000000 00:00 0 
6a900000-6a921000 rw-p 00000000 00:00 0 
6a921000-6aa00000 ---p 00000000 00:00 0 
6aa09000-6aa0c000 r-xp 00000000 08:01 137371     /usr/lib/i386-linux-gnu/libgmodule-2.0.so.0.4400.0
6aa0c000-6aa0d000 r--p 00002000 08:01 137371     /usr/lib/i386-linux-gnu/libgmodule-2.0.so.0.4400.0
6aa0d000-6aa0e000 rw-p 00003000 08:01 137371     /usr/lib/i386-linux-gnu/libgmodule-2.0.so.0.4400.0
6aa0e000-6aa13000 r-xp 00000000 08:01 136946     /usr/lib/i386-linux-gnu/libXdmcp.so.6.0.0
6aa13000-6aa14000 r--p 00004000 08:01 136946     /usr/lib/i386-linux-gnu/libXdmcp.so.6.0.0
6aa14000-6aa15000 rw-p 00005000 08:01 136946     /usr/lib/i386-linux-gnu/libXdmcp.so.6.0.0
6aa15000-6aa24000 r--s 000df000 08:01 1062595    /home/student/Android/Sdk/build-tools/23.0.3/lib/dx.jar
6aa24000-6aa7f000 rw-p 00000000 00:00 0 
6aa7f000-6aa80000 ---p 00000000 00:00 0 
6aa80000-6ab00000 rw-p 00000000 00:00 0          [stack:7272]
6ab00000-6ab24000 rw-p 00000000 00:00 0 
6ab24000-6ac00000 ---p 00000000 00:00 0 
6ac00000-6ac02000 r-xp 00000000 08:01 136935     /usr/lib/i386-linux-gnu/libXau.so.6.0.0
6ac02000-6ac03000 r--p 00001000 08:01 136935     /usr/lib/i386-linux-gnu/libXau.so.6.0.0
6ac03000-6ac04000 rw-p 00002000 08:01 136935     /usr/lib/i386-linux-gnu/libXau.so.6.0.0
6ac04000-6ac06000 r-xp 00000000 08:01 141618     /usr/lib/jayatana/libjayatanaag.so
6ac06000-6ac07000 r--p 00001000 08:01 141618     /usr/lib/jayatana/libjayatanaag.so
6ac07000-6ac08000 rw-p 00002000 08:01 141618     /usr/lib/jayatana/libjayatanaag.so
6ac08000-6ac0c000 r--s 00085000 08:01 804976     /usr/lib/jvm/java-7-openjdk-i386/jre/lib/ext/localedata.jar
6ac0c000-6ac27000 rw-p 00000000 00:00 0 
6ac27000-6ac28000 ---p 00000000 00:00 0 
6ac28000-6aca8000 rw-p 00000000 00:00 0          [stack:7271]
6aca8000-6aca9000 ---p 00000000 00:00 0 
6aca9000-6ad31000 rw-p 00000000 00:00 0          [stack:7270]
6ad31000-6ad69000 rw-p 00000000 00:00 0 
6ad69000-6ad9d000 rw-p 00000000 00:00 0 
6ad9d000-6aebf000 rw-p 00000000 00:00 0 
6aebf000-6aec7000 rw-p 00000000 00:00 0 
6aec7000-6aeff000 rw-p 00000000 00:00 0 
6aeff000-6af33000 rw-p 00000000 00:00 0 
6af33000-6b054000 rw-p 00000000 00:00 0 
6b054000-6b0ff000 rw-p 00000000 00:00 0 
6b0ff000-6c100000 rw-p 00000000 00:00 0 
6c100000-73100000 rw-p 00000000 00:00 0 
73100000-79880000 rw-p 00000000 00:00 0 
7e480000-9db80000 rw-p 00000000 00:00 0 
9db80000-b3100000 rw-p 00000000 00:00 0 
b3102000-b3106000 r--s 00034000 08:01 804978     /usr/lib/jvm/java-7-openjdk-i386/jre/lib/ext/sunjce_provider.jar
b3106000-b310a000 r--s 0003c000 08:01 804979     /usr/lib/jvm/java-7-openjdk-i386/jre/lib/ext/sunpkcs11.jar
b310a000-b3117000 rw-p 00000000 00:00 0 
b3117000-b31ca000 rw-p 00000000 00:00 0 
b31ca000-b350a000 rwxp 00000000 00:00 0 
b350a000-b61ca000 rw-p 00000000 00:00 0 
b61ca000-b61d6000 r-xp 00000000 08:01 394626     /lib/i386-linux-gnu/libnss_files-2.21.so
b61d6000-b61d7000 r--p 0000b000 08:01 394626     /lib/i386-linux-gnu/libnss_files-2.21.so
b61d7000-b61d8000 rw-p 0000c000 08:01 394626     /lib/i386-linux-gnu/libnss_files-2.21.so
b61d8000-b61e3000 r-xp 00000000 08:01 394636     /lib/i386-linux-gnu/libnss_nis-2.21.so
b61e3000-b61e4000 r--p 0000a000 08:01 394636     /lib/i386-linux-gnu/libnss_nis-2.21.so
b61e4000-b61e5000 rw-p 0000b000 08:01 394636     /lib/i386-linux-gnu/libnss_nis-2.21.so
b61e5000-b61fc000 r-xp 00000000 08:01 394620     /lib/i386-linux-gnu/libnsl-2.21.so
b61fc000-b61fd000 r--p 00016000 08:01 394620     /lib/i386-linux-gnu/libnsl-2.21.so
b61fd000-b61fe000 rw-p 00017000 08:01 394620     /lib/i386-linux-gnu/libnsl-2.21.so
b61fe000-b6200000 rw-p 00000000 00:00 0 
b6200000-b6300000 rw-p 00000000 00:00 0 
b6302000-b6303000 r--s 00000000 08:01 414147     /usr/share/java/jayatanaag.jar
b6303000-b630b000 r-xp 00000000 08:01 394622     /lib/i386-linux-gnu/libnss_compat-2.21.so
b630b000-b630c000 r--p 00007000 08:01 394622     /lib/i386-linux-gnu/libnss_compat-2.21.so
b630c000-b630d000 rw-p 00008000 08:01 394622     /lib/i386-linux-gnu/libnss_compat-2.21.so
b630d000-b6310000 r--s 0000f000 08:01 804977     /usr/lib/jvm/java-7-openjdk-i386/jre/lib/ext/icedtea-sound.jar
b6310000-b6312000 r--s 00012000 08:01 804975     /usr/lib/jvm/java-7-openjdk-i386/jre/lib/ext/zipfs.jar
b6312000-b631a000 r-xp 00000000 08:01 804995     /usr/lib/jvm/java-7-openjdk-i386/jre/lib/i386/libzip.so
b631a000-b631b000 r--p 00007000 08:01 804995     /usr/lib/jvm/java-7-openjdk-i386/jre/lib/i386/libzip.so
b631b000-b631c000 rw-p 00008000 08:01 804995     /usr/lib/jvm/java-7-openjdk-i386/jre/lib/i386/libzip.so
b631c000-b6324000 rw-s 00000000 08:01 429845     /tmp/hsperfdata_student/7264
b6324000-b632e000 r-xp 00000000 08:01 805017     /usr/lib/jvm/java-7-openjdk-i386/jre/lib/i386/libinstrument.so
b632e000-b632f000 r--p 00009000 08:01 805017     /usr/lib/jvm/java-7-openjdk-i386/jre/lib/i386/libinstrument.so
b632f000-b6330000 rw-p 0000a000 08:01 805017     /usr/lib/jvm/java-7-openjdk-i386/jre/lib/i386/libinstrument.so
b6330000-b6356000 r-xp 00000000 08:01 805003     /usr/lib/jvm/java-7-openjdk-i386/jre/lib/i386/libjava.so
b6356000-b6357000 r--p 00025000 08:01 805003     /usr/lib/jvm/java-7-openjdk-i386/jre/lib/i386/libjava.so
b6357000-b6358000 rw-p 00026000 08:01 805003     /usr/lib/jvm/java-7-openjdk-i386/jre/lib/i386/libjava.so
b6358000-b635f000 r-xp 00000000 08:01 394681     /lib/i386-linux-gnu/librt-2.21.so
b635f000-b6360000 r--p 00006000 08:01 394681     /lib/i386-linux-gnu/librt-2.21.so
b6360000-b6361000 rw-p 00007000 08:01 394681     /lib/i386-linux-gnu/librt-2.21.so
b6361000-b6364000 ---p 00000000 00:00 0 
b6364000-b63b2000 rw-p 00000000 00:00 0          [stack:7269]
b63b2000-b63ce000 r-xp 00000000 08:01 394569     /lib/i386-linux-gnu/libgcc_s.so.1
b63ce000-b63cf000 rw-p 0001b000 08:01 394569     /lib/i386-linux-gnu/libgcc_s.so.1
b63cf000-b641a000 r-xp 00000000 08:01 394599     /lib/i386-linux-gnu/libm-2.21.so
b641a000-b641b000 r--p 0004a000 08:01 394599     /lib/i386-linux-gnu/libm-2.21.so
b641b000-b641c000 rw-p 0004b000 08:01 394599     /lib/i386-linux-gnu/libm-2.21.so
b641c000-b6505000 r-xp 00000000 08:01 137921     /usr/lib/i386-linux-gnu/libstdc++.so.6.0.20
b6505000-b6509000 r--p 000e9000 08:01 137921     /usr/lib/i386-linux-gnu/libstdc++.so.6.0.20
b6509000-b650a000 rw-p 000ed000 08:01 137921     /usr/lib/i386-linux-gnu/libstdc++.so.6.0.20
b650a000-b6511000 rw-p 00000000 00:00 0 
b6511000-b7064000 r-xp 00000000 08:01 805013     /usr/lib/jvm/java-7-openjdk-i386/jre/lib/i386/server/libjvm.so
b7064000-b70b8000 r--p 00b52000 08:01 805013     /usr/lib/jvm/java-7-openjdk-i386/jre/lib/i386/server/libjvm.so
b70b8000-b70cc000 rw-p 00ba6000 08:01 805013     /usr/lib/jvm/java-7-openjdk-i386/jre/lib/i386/server/libjvm.so
b70cc000-b74eb000 rw-p 00000000 00:00 0 
b74eb000-b7504000 r-xp 00000000 08:01 394714     /lib/i386-linux-gnu/libz.so.1.2.8
b7504000-b7505000 r--p 00019000 08:01 394714     /lib/i386-linux-gnu/libz.so.1.2.8
b7505000-b7506000 rw-p 0001a000 08:01 394714     /lib/i386-linux-gnu/libz.so.1.2.8
b7506000-b751f000 r-xp 00000000 08:01 394673     /lib/i386-linux-gnu/libpthread-2.21.so
b751f000-b7520000 r--p 00018000 08:01 394673     /lib/i386-linux-gnu/libpthread-2.21.so
b7520000-b7521000 rw-p 00019000 08:01 394673     /lib/i386-linux-gnu/libpthread-2.21.so
b7521000-b7523000 rw-p 00000000 00:00 0 
b7523000-b7526000 r-xp 00000000 08:01 394557     /lib/i386-linux-gnu/libdl-2.21.so
b7526000-b7527000 r--p 00002000 08:01 394557     /lib/i386-linux-gnu/libdl-2.21.so
b7527000-b7528000 rw-p 00003000 08:01 394557     /lib/i386-linux-gnu/libdl-2.21.so
b7528000-b76dc000 r-xp 00000000 08:01 394540     /lib/i386-linux-gnu/libc-2.21.so
b76dc000-b76df000 r--p 001b3000 08:01 394540     /lib/i386-linux-gnu/libc-2.21.so
b76df000-b76e1000 rw-p 001b6000 08:01 394540     /lib/i386-linux-gnu/libc-2.21.so
b76e1000-b76e3000 rw-p 00000000 00:00 0 
b76e3000-b76e4000 r--s 00002000 08:01 804980     /usr/lib/jvm/java-7-openjdk-i386/jre/lib/ext/dnsns.jar
b76e4000-b76e6000 r--s 00006000 08:01 399091     /usr/share/java/java-atk-wrapper.jar
b76e6000-b76e7000 r--p 005e0000 08:01 143362     /usr/lib/locale/locale-archive
b76e7000-b76e8000 rw-p 00000000 00:00 0 
b76e8000-b76e9000 ---p 00000000 00:00 0 
b76e9000-b76f7000 r-xp 00000000 08:01 805022     /usr/lib/jvm/java-7-openjdk-i386/jre/lib/i386/libverify.so
b76f7000-b76f9000 r--p 0000d000 08:01 805022     /usr/lib/jvm/java-7-openjdk-i386/jre/lib/i386/libverify.so
b76f9000-b76fa000 rw-p 0000f000 08:01 805022     /usr/lib/jvm/java-7-openjdk-i386/jre/lib/i386/libverify.so
b76fa000-b7706000 r-xp 00000000 08:01 805024     /usr/lib/jvm/java-7-openjdk-i386/jre/lib/i386/jli/libjli.so
b7706000-b7707000 r--p 0000b000 08:01 805024     /usr/lib/jvm/java-7-openjdk-i386/jre/lib/i386/jli/libjli.so
b7707000-b7708000 rw-p 0000c000 08:01 805024     /usr/lib/jvm/java-7-openjdk-i386/jre/lib/i386/jli/libjli.so
b7708000-b770b000 rw-p 00000000 00:00 0 
b770b000-b770d000 r--p 00000000 00:00 0          [vvar]
b770d000-b770e000 r-xp 00000000 00:00 0          [vdso]
b770e000-b7730000 r-xp 00000000 08:01 394512     /lib/i386-linux-gnu/ld-2.21.so
b7730000-b7731000 r--p 00021000 08:01 394512     /lib/i386-linux-gnu/ld-2.21.so
b7731000-b7732000 rw-p 00022000 08:01 394512     /lib/i386-linux-gnu/ld-2.21.so
bfb64000-bfb65000 rwxp 00000000 00:00 0 
bfb96000-bfbb8000 rw-p 00000000 00:00 0          [stack]

VM Arguments:
jvm_args: -javaagent:/usr/share/java/jayatanaag.jar -Djava.awt.headless=true -Xmx1024M -Dfile.encoding=UTF-8 -Duser.country=US -Duser.language=en -Duser.variant 
java_command: com.android.dx.command.Main --dex --num-threads=4 --multi-dex --main-dex-list /home/student/test/HealthyBit/app/build/intermediates/multi-dex/debug/maindexlist.txt --output /home/student/test/HealthyBit/app/build/intermediates/transforms/dex/debug/folders/1000/1f/main /home/student/test/HealthyBit/app/build/intermediates/transforms/jarMerging/debug/jars/1/1f/combined.jar
Launcher Type: SUN_STANDARD

Environment Variables:
JAVA_TOOL_OPTIONS=-javaagent:/usr/share/java/jayatanaag.jar 
PATH=/home/student/.linuxbrew/bin:/usr/local/sbin:/usr/local/bin:/usr/sbin:/usr/bin:/sbin:/bin:/usr/games:/usr/local/games:/etc/android-studio/bin/:/home/student/Android/Sdk/platform-tools:/home/student/Android/Sdk/tools
LD_LIBRARY_PATH=/etc/android-studio/bin:
SHELL=/bin/bash
DISPLAY=:0

Signal Handlers:
SIGSEGV: [libjvm.so+0x7f7d00], sa_mask[0]=0x7ffbfeff, sa_flags=0x10000004
SIGBUS: [libjvm.so+0x7f7d00], sa_mask[0]=0x7ffbfeff, sa_flags=0x10000004
SIGFPE: [libjvm.so+0x67a9d0], sa_mask[0]=0x7ffbfeff, sa_flags=0x10000004
SIGPIPE: [libjvm.so+0x67a9d0], sa_mask[0]=0x7ffbfeff, sa_flags=0x10000004
SIGXFSZ: [libjvm.so+0x67a9d0], sa_mask[0]=0x7ffbfeff, sa_flags=0x10000004
SIGILL: [libjvm.so+0x67a9d0], sa_mask[0]=0x7ffbfeff, sa_flags=0x10000004
SIGUSR1: SIG_DFL, sa_mask[0]=0x00000000, sa_flags=0x00000000
SIGUSR2: [libjvm.so+0x67a820], sa_mask[0]=0x00000004, sa_flags=0x10000004
SIGHUP: [libjvm.so+0x67aa80], sa_mask[0]=0x7ffbfeff, sa_flags=0x10000004
SIGINT: [libjvm.so+0x67aa80], sa_mask[0]=0x7ffbfeff, sa_flags=0x10000004
SIGTERM: [libjvm.so+0x67aa80], sa_mask[0]=0x7ffbfeff, sa_flags=0x10000004
SIGQUIT: [libjvm.so+0x67aa80], sa_mask[0]=0x7ffbfeff, sa_flags=0x10000004
SIGTRAP: SIG_DFL, sa_mask[0]=0x00000000, sa_flags=0x00000000


---------------  S Y S T E M  ---------------

OS:Ubuntu 15.04 (vivid)
uname:Linux 3.19.0-18-generic #18-Ubuntu SMP Tue May 19 18:30:59 UTC 2015 i686
libc:glibc 2.21 NPTL 2.21 
rlimit: STACK 8192k, CORE 0k, NPROC 32177, NOFILE 65536, AS infinity
load average:5.49 4.67 4.51

/proc/meminfo:
MemTotal:        4139540 kB
MemFree:          268772 kB
MemAvailable:     206984 kB
Buffers:           12796 kB
Cached:            68532 kB
SwapCached:            0 kB
Active:          3461128 kB
Inactive:          59316 kB
Active(anon):    3440712 kB
Inactive(anon):    37868 kB
Active(file):      20416 kB
Inactive(file):    21448 kB
Unevictable:          32 kB
Mlocked:              32 kB
HighTotal:       3280776 kB
HighFree:          78324 kB
LowTotal:         858764 kB
LowFree:          190448 kB
SwapTotal:             0 kB
SwapFree:              0 kB
Dirty:              1704 kB
Writeback:             0 kB
AnonPages:       3439872 kB
Mapped:            42064 kB
Shmem:             39044 kB
Slab:              49960 kB
SReclaimable:      23876 kB
SUnreclaim:        26084 kB
KernelStack:        5096 kB
PageTables:        14612 kB
NFS_Unstable:          0 kB
Bounce:                0 kB
WritebackTmp:          0 kB
CommitLimit:     2069768 kB
Committed_AS:    6032908 kB
VmallocTotal:     122880 kB
VmallocUsed:       23416 kB
VmallocChunk:      49124 kB
AnonHugePages:   2648064 kB
CmaTotal:              0 kB
CmaFree:               0 kB
HugePages_Total:       0
HugePages_Free:        0
HugePages_Rsvd:        0
HugePages_Surp:        0
Hugepagesize:       2048 kB
DirectMap4k:       61432 kB
DirectMap2M:      851968 kB


CPU:total 4 (1 cores per cpu, 1 threads per core) family 6 model 58 stepping 9, cmov, cx8, fxsr, mmx, sse, sse2, sse3, ssse3, sse4.1, sse4.2, popcnt, avx, aes, erms, tsc, tscinvbit, tscinv

/proc/cpuinfo:
processor	: 0
vendor_id	: GenuineIntel
cpu family	: 6
model		: 58
model name	: Intel(R) Core(TM) i5-3210M CPU @ 2.50GHz
stepping	: 9
microcode	: 0x15
cpu MHz		: 2494.111
cache size	: 3072 KB
physical id	: 0
siblings	: 1
core id		: 0
cpu cores	: 1
apicid		: 0
initial apicid	: 0
fdiv_bug	: no
f00f_bug	: no
coma_bug	: no
fpu		: yes
fpu_exception	: yes
cpuid level	: 13
wp		: yes
flags		: fpu vme de pse tsc msr pae mce cx8 apic sep mtrr pge mca cmov pat pse36 clflush dts mmx fxsr sse sse2 ss nx rdtscp lm constant_tsc arch_perfmon pebs bts xtopology tsc_reliable nonstop_tsc aperfmperf pni pclmulqdq ssse3 cx16 pcid sse4_1 sse4_2 x2apic popcnt tsc_deadline_timer aes xsave avx f16c rdrand hypervisor lahf_lm ida arat epb pln pts dtherm fsgsbase tsc_adjust smep
bugs		:
bogomips	: 4988.22
clflush size	: 64
cache_alignment	: 64
address sizes	: 42 bits physical, 48 bits virtual
power management:

processor	: 1
vendor_id	: GenuineIntel
cpu family	: 6
model		: 58
model name	: Intel(R) Core(TM) i5-3210M CPU @ 2.50GHz
stepping	: 9
microcode	: 0x15
cpu MHz		: 2494.111
cache size	: 3072 KB
physical id	: 2
siblings	: 1
core id		: 0
cpu cores	: 1
apicid		: 2
initial apicid	: 2
fdiv_bug	: no
f00f_bug	: no
coma_bug	: no
fpu		: yes
fpu_exception	: yes
cpuid level	: 13
wp		: yes
flags		: fpu vme de pse tsc msr pae mce cx8 apic sep mtrr pge mca cmov pat pse36 clflush dts mmx fxsr sse sse2 ss nx rdtscp lm constant_tsc arch_perfmon pebs bts xtopology tsc_reliable nonstop_tsc aperfmperf pni pclmulqdq ssse3 cx16 pcid sse4_1 sse4_2 x2apic popcnt tsc_deadline_timer aes xsave avx f16c rdrand hypervisor lahf_lm ida arat epb pln pts dtherm fsgsbase tsc_adjust smep
bugs		:
bogomips	: 4988.22
clflush size	: 64
cache_alignment	: 64
address sizes	: 42 bits physical, 48 bits virtual
power management:

processor	: 2
vendor_id	: GenuineIntel
cpu family	: 6
model		: 58
model name	: Intel(R) Core(TM) i5-3210M CPU @ 2.50GHz
stepping	: 9
microcode	: 0x15
cpu MHz		: 2494.111
cache size	: 3072 KB
physical id	: 4
siblings	: 1
core id		: 0
cpu cores	: 1
apicid		: 4
initial apicid	: 4
fdiv_bug	: no
f00f_bug	: no
coma_bug	: no
fpu		: yes
fpu_exception	: yes
cpuid level	: 13
wp		: yes
flags		: fpu vme de pse tsc msr pae mce cx8 apic sep mtrr pge mca cmov pat pse36 clflush dts mmx fxsr sse sse2 ss nx rdtscp lm constant_tsc arch_perfmon pebs bts xtopology tsc_reliable nonstop_tsc aperfmperf pni pclmulqdq ssse3 cx16 pcid sse4_1 sse4_2 x2apic popcnt tsc_deadline_timer aes xsave avx f16c rdrand hypervisor lahf_lm ida arat epb pln pts dtherm fsgsbase tsc_adjust smep
bugs		:
bogomips	: 4988.22
clflush size	: 64
cache_alignment	: 64
address sizes	: 42 bits physical, 48 bits virtual
power management:

processor	: 3
vendor_id	: GenuineIntel
cpu family	: 6
model		: 58
model name	: Intel(R) Core(TM) i5-3210M CPU @ 2.50GHz
stepping	: 9
microcode	: 0x15
cpu MHz		: 2494.111
cache size	: 3072 KB
physical id	: 6
siblings	: 1
core id		: 0
cpu cores	: 1
apicid		: 6
initial apicid	: 6
fdiv_bug	: no
f00f_bug	: no
coma_bug	: no
fpu		: yes
fpu_exception	: yes
cpuid level	: 13
wp		: yes
flags		: fpu vme de pse tsc msr pae mce cx8 apic sep mtrr pge mca cmov pat pse36 clflush dts mmx fxsr sse sse2 ss nx rdtscp lm constant_tsc arch_perfmon pebs bts xtopology tsc_reliable nonstop_tsc aperfmperf pni pclmulqdq ssse3 cx16 pcid sse4_1 sse4_2 x2apic popcnt tsc_deadline_timer aes xsave avx f16c rdrand hypervisor lahf_lm ida arat epb pln pts dtherm fsgsbase tsc_adjust smep
bugs		:
bogomips	: 4988.22
clflush size	: 64
cache_alignment	: 64
address sizes	: 42 bits physical, 48 bits virtual
power management:



Memory: 4k page, physical 4139540k(268772k free), swap 0k(0k free)

vm_info: OpenJDK Server VM (24.91-b01) for linux-x86 JRE (1.7.0_91-b02), built on Nov 19 2015 06:25:06 by "buildd" with gcc 4.9.2

time: Tue May  3 16:16:09 2016
elapsed time: 12 seconds

