#
# There is insufficient memory for the Java Runtime Environment to continue.
# Native memory allocation (malloc) failed to allocate 46661632 bytes for committing reserved memory.
# Possible reasons:
#   The system is out of physical RAM or swap space
#   In 32 bit mode, the process size limit was hit
# Possible solutions:
#   Reduce memory load on the system
#   Increase physical memory or swap space
#   Check if swap backing store is full
#   Use 64 bit Java on a 64 bit OS
#   Decrease Java heap size (-Xmx/-Xms)
#   Decrease number of Java threads
#   Decrease Java thread stack sizes (-Xss)
#   Set larger code cache with -XX:ReservedCodeCacheSize=
# This output file may be truncated or incomplete.
#
#  Out of Memory Error (os_linux.cpp:2827), pid=5318, tid=1740430144
#
# JRE version: OpenJDK Runtime Environment (7.0_91-b02) (build 1.7.0_91-b02)
# Java VM: OpenJDK Server VM (24.91-b01 mixed mode linux-x86 )
# Derivative: IcedTea 2.6.3
# Distribution: Ubuntu 15.04, package 7u91-2.6.3-0ubuntu0.15.04.1
# Failed to write core dump. Core dumps have been disabled. To enable core dumping, try "ulimit -c unlimited" before starting Java again
#

---------------  T H R E A D  ---------------

Current thread (0x67a81400):  VMThread [stack: 0x67b4d000,0x67bce000] [id=5328]

Stack: [0x67b4d000,0x67bce000]
VM_Operation (0x668b4af8): ParallelGCFailedAllocation, mode: safepoint, requested by thread 0x67044800


---------------  P R O C E S S  ---------------

Java Threads: ( => current thread )
  0x67044800 JavaThread "pool-2-thread-4" [_thread_blocked, id=5340, stack(0x66865000,0x668b6000)]
  0x67043800 JavaThread "pool-2-thread-3" [_thread_blocked, id=5339, stack(0x668b6000,0x66907000)]
  0x67041400 JavaThread "pool-2-thread-2" [_thread_blocked, id=5338, stack(0x66907000,0x66958000)]
  0x67040000 JavaThread "pool-3-thread-1" [_thread_blocked, id=5337, stack(0x66f3d000,0x66f8e000)]
  0x6703e000 JavaThread "pool-2-thread-1" [_thread_blocked, id=5336, stack(0x6711a000,0x6716b000)]
  0x67aee800 JavaThread "Service Thread" daemon [_thread_blocked, id=5334, stack(0x67262000,0x672b3000)]
  0x67aec800 JavaThread "C2 CompilerThread1" daemon [_thread_blocked, id=5333, stack(0x672b3000,0x67334000)]
  0x67aeb400 JavaThread "C2 CompilerThread0" daemon [_thread_blocked, id=5332, stack(0x67334000,0x673b5000)]
  0x67a98400 JavaThread "Signal Dispatcher" daemon [_thread_blocked, id=5331, stack(0x6790d000,0x6795e000)]
  0x67a85400 JavaThread "Finalizer" daemon [_thread_blocked, id=5330, stack(0x6795e000,0x679af000)]
  0x67a83c00 JavaThread "Reference Handler" daemon [_thread_blocked, id=5329, stack(0x679af000,0x67a00000)]
  0xb6208400 JavaThread "main" [_thread_blocked, id=5322, stack(0xb638f000,0xb63e0000)]

Other Threads:
=>0x67a81400 VMThread [stack: 0x67b4d000,0x67bce000] [id=5328]
  0x67af0800 WatcherThread [stack: 0x671e1000,0x67262000] [id=5335]

VM state:at safepoint (normal execution)

VM Mutex/Monitor currently owned by a thread:  ([mutex/lock_event])
[0xb6205e30] Threads_lock - owner thread: 0x67a81400
[0xb6206240] Heap_lock - owner thread: 0x67044800

Heap
 PSYoungGen      total 35840K, used 2548K [0x9db80000, 0xa0100000, 0xb3100000)
  eden space 33280K, 0% used [0x9db80000,0x9db80000,0x9fc00000)
  from space 2560K, 99% used [0x9fc00000,0x9fe7d3f8,0x9fe80000)
  to   space 2560K, 0% used [0x9fe80000,0x9fe80000,0xa0100000)
 ParOldGen       total 43008K, used 12090K [0x73100000, 0x75b00000, 0x9db80000)
  object space 43008K, 28% used [0x73100000,0x73ccea20,0x75b00000)
 PSPermGen       total 16384K, used 4260K [0x6b100000, 0x6c100000, 0x73100000)
  object space 16384K, 26% used [0x6b100000,0x6b529148,0x6c100000)

Card table byte_map: [0x6aebf000,0x6b100000] byte_map_base: 0x6ab66800

Polling page: 0xb7716000

Code Cache  [0xb31f2000, 0xb3432000, 0xb61f2000)
 total_blobs=340 nmethods=217 adapters=76 free_code_cache=48457Kb largest_free_block=49583360

Compilation events (10 events):
Event: 7.824 Thread 0x67aeb400 nmethod 213 0xb32750c8 code [0xb3275220, 0xb3275744]
Event: 7.824 Thread 0x67aeb400  214             java.util.Arrays::copyOf (13 bytes)
Event: 7.826 Thread 0x67aeb400 nmethod 214 0xb32953c8 code [0xb32954c0, 0xb3295630]
Event: 7.826 Thread 0x67aeb400  215             java.util.Arrays::copyOf (47 bytes)
Event: 7.846 Thread 0x67aeb400 nmethod 215 0xb3294fc8 code [0xb32950c0, 0xb3295230]
Event: 7.846 Thread 0x67aeb400  216             com.android.dx.dex.code.DalvInsn::<init> (67 bytes)
Event: 7.847 Thread 0x67aeb400 nmethod 216 0xb3293a08 code [0xb3293b00, 0xb3293bd0]
Event: 7.847 Thread 0x67aeb400  217             com.android.dx.rop.code.PlainInsn::accept (8 bytes)
Event: 7.864 Thread 0x67aeb400 nmethod 217 0xb3274f08 code [0xb3275000, 0xb3275050]
Event: 7.864 Thread 0x67aeb400  218             com.android.dx.ssa.SCCP::run (298 bytes)

GC Heap History (9 events):
Event: 2.304 GC heap before
{Heap before GC invocations=1 (full 0):
 PSYoungGen      total 19200K, used 16481K [0x9db80000, 0x9f0c0000, 0xb3100000)
  eden space 16640K, 99% used [0x9db80000,0x9eb986c0,0x9ebc0000)
  from space 2560K, 0% used [0x9ee40000,0x9ee40000,0x9f0c0000)
  to   space 2560K, 0% used [0x9ebc0000,0x9ebc0000,0x9ee40000)
 ParOldGen       total 43008K, used 0K [0x73100000, 0x75b00000, 0x9db80000)
  object space 43008K, 0% used [0x73100000,0x73100000,0x75b00000)
 PSPermGen       total 16384K, used 3884K [0x6b100000, 0x6c100000, 0x73100000)
  object space 16384K, 23% used [0x6b100000,0x6b4cb328,0x6c100000)
Event: 2.310 GC heap after
Heap after GC invocations=1 (full 0):
 PSYoungGen      total 19200K, used 2414K [0x9db80000, 0x9f0c0000, 0xb3100000)
  eden space 16640K, 0% used [0x9db80000,0x9db80000,0x9ebc0000)
  from space 2560K, 94% used [0x9ebc0000,0x9ee1ba30,0x9ee40000)
  to   space 2560K, 0% used [0x9ee40000,0x9ee40000,0x9f0c0000)
 ParOldGen       total 43008K, used 0K [0x73100000, 0x75b00000, 0x9db80000)
  object space 43008K, 0% used [0x73100000,0x73100000,0x75b00000)
 PSPermGen       total 16384K, used 3884K [0x6b100000, 0x6c100000, 0x73100000)
  object space 16384K, 23% used [0x6b100000,0x6b4cb328,0x6c100000)
}
Event: 3.929 GC heap before
{Heap before GC invocations=2 (full 0):
 PSYoungGen      total 19200K, used 19054K [0x9db80000, 0x9f0c0000, 0xb3100000)
  eden space 16640K, 100% used [0x9db80000,0x9ebc0000,0x9ebc0000)
  from space 2560K, 94% used [0x9ebc0000,0x9ee1ba30,0x9ee40000)
  to   space 2560K, 0% used [0x9ee40000,0x9ee40000,0x9f0c0000)
 ParOldGen       total 43008K, used 0K [0x73100000, 0x75b00000, 0x9db80000)
  object space 43008K, 0% used [0x73100000,0x73100000,0x75b00000)
 PSPermGen       total 16384K, used 4132K [0x6b100000, 0x6c100000, 0x73100000)
  object space 16384K, 25% used [0x6b100000,0x6b5090b8,0x6c100000)
Event: 3.956 GC heap after
Heap after GC invocations=2 (full 0):
 PSYoungGen      total 19200K, used 2559K [0x9db80000, 0x9f0c0000, 0xb3100000)
  eden space 16640K, 0% used [0x9db80000,0x9db80000,0x9ebc0000)
  from space 2560K, 99% used [0x9ee40000,0x9f0bff80,0x9f0c0000)
  to   space 2560K, 0% used [0x9ebc0000,0x9ebc0000,0x9ee40000)
 ParOldGen       total 43008K, used 1333K [0x73100000, 0x75b00000, 0x9db80000)
  object space 43008K, 3% used [0x73100000,0x7324d540,0x75b00000)
 PSPermGen       total 16384K, used 4132K [0x6b100000, 0x6c100000, 0x73100000)
  object space 16384K, 25% used [0x6b100000,0x6b5090b8,0x6c100000)
}
Event: 5.554 GC heap before
{Heap before GC invocations=3 (full 0):
 PSYoungGen      total 19200K, used 19199K [0x9db80000, 0x9f0c0000, 0xb3100000)
  eden space 16640K, 100% used [0x9db80000,0x9ebc0000,0x9ebc0000)
  from space 2560K, 99% used [0x9ee40000,0x9f0bff80,0x9f0c0000)
  to   space 2560K, 0% used [0x9ebc0000,0x9ebc0000,0x9ee40000)
 ParOldGen       total 43008K, used 1333K [0x73100000, 0x75b00000, 0x9db80000)
  object space 43008K, 3% used [0x73100000,0x7324d540,0x75b00000)
 PSPermGen       total 16384K, used 4207K [0x6b100000, 0x6c100000, 0x73100000)
  object space 16384K, 25% used [0x6b100000,0x6b51bd80,0x6c100000)
Event: 5.650 GC heap after
Heap after GC invocations=3 (full 0):
 PSYoungGen      total 19200K, used 2558K [0x9db80000, 0xa0100000, 0xb3100000)
  eden space 16640K, 0% used [0x9db80000,0x9db80000,0x9ebc0000)
  from space 2560K, 99% used [0x9ebc0000,0x9ee3fa10,0x9ee40000)
  to   space 2560K, 0% used [0x9fe80000,0x9fe80000,0xa0100000)
 ParOldGen       total 43008K, used 3760K [0x73100000, 0x75b00000, 0x9db80000)
  object space 43008K, 8% used [0x73100000,0x734ac1e0,0x75b00000)
 PSPermGen       total 16384K, used 4207K [0x6b100000, 0x6c100000, 0x73100000)
  object space 16384K, 25% used [0x6b100000,0x6b51bd80,0x6c100000)
}
Event: 6.991 GC heap before
{Heap before GC invocations=4 (full 0):
 PSYoungGen      total 19200K, used 19198K [0x9db80000, 0xa0100000, 0xb3100000)
  eden space 16640K, 100% used [0x9db80000,0x9ebc0000,0x9ebc0000)
  from space 2560K, 99% used [0x9ebc0000,0x9ee3fa10,0x9ee40000)
  to   space 2560K, 0% used [0x9fe80000,0x9fe80000,0xa0100000)
 ParOldGen       total 43008K, used 3760K [0x73100000, 0x75b00000, 0x9db80000)
  object space 43008K, 8% used [0x73100000,0x734ac1e0,0x75b00000)
 PSPermGen       total 16384K, used 4228K [0x6b100000, 0x6c100000, 0x73100000)
  object space 16384K, 25% used [0x6b100000,0x6b5213e8,0x6c100000)
Event: 7.034 GC heap after
Heap after GC invocations=4 (full 0):
 PSYoungGen      total 35840K, used 2550K [0x9db80000, 0xa0100000, 0xb3100000)
  eden space 33280K, 0% used [0x9db80000,0x9db80000,0x9fc00000)
  from space 2560K, 99% used [0x9fe80000,0xa00fda00,0xa0100000)
  to   space 2560K, 0% used [0x9fc00000,0x9fc00000,0x9fe80000)
 ParOldGen       total 43008K, used 6641K [0x73100000, 0x75b00000, 0x9db80000)
  object space 43008K, 15% used [0x73100000,0x7377c660,0x75b00000)
 PSPermGen       total 16384K, used 4228K [0x6b100000, 0x6c100000, 0x73100000)
  object space 16384K, 25% used [0x6b100000,0x6b5213e8,0x6c100000)
}
Event: 9.916 GC heap before
{Heap before GC invocations=5 (full 0):
 PSYoungGen      total 35840K, used 35830K [0x9db80000, 0xa0100000, 0xb3100000)
  eden space 33280K, 100% used [0x9db80000,0x9fc00000,0x9fc00000)
  from space 2560K, 99% used [0x9fe80000,0xa00fda00,0xa0100000)
  to   space 2560K, 0% used [0x9fc00000,0x9fc00000,0x9fe80000)
 ParOldGen       total 43008K, used 6641K [0x73100000, 0x75b00000, 0x9db80000)
  object space 43008K, 15% used [0x73100000,0x7377c660,0x75b00000)
 PSPermGen       total 16384K, used 4260K [0x6b100000, 0x6c100000, 0x73100000)
  object space 16384K, 26% used [0x6b100000,0x6b529148,0x6c100000)

Deoptimization events (7 events):
Event: 1.398 Thread 0xb6208400 Uncommon trap: reason=unstable_if action=reinterpret pc=0xb3241964 method=java.lang.String.indexOf(II)I @ 49
Event: 1.398 Thread 0xb6208400 Uncommon trap: reason=unstable_if action=reinterpret pc=0xb323bfb8 method=java.lang.String.indexOf(II)I @ 49
Event: 2.610 Thread 0x6703e000 Uncommon trap: reason=unstable_if action=reinterpret pc=0xb324a8c8 method=java.util.BitSet.nextSetBit(I)I @ 87
Event: 3.989 Thread 0x67044800 Uncommon trap: reason=null_check action=make_not_entrant pc=0xb3263e90 method=com.android.dx.rop.type.Type.equals(Ljava/lang/Object;)Z @ 8
Event: 5.661 Thread 0x67043800 Uncommon trap: reason=unstable_if action=reinterpret pc=0xb327da90 method=com.android.dx.rop.code.RegisterSpecSet.put(Lcom/android/dx/rop/code/RegisterSpec;)V @ 77
Event: 6.802 Thread 0x67041400 Uncommon trap: reason=class_check action=maybe_recompile pc=0xb32727bc method=java.util.HashMap.put(Ljava/lang/Object;Ljava/lang/Object;)Ljava/lang/Object; @ 83
Event: 7.498 Thread 0x67041400 Uncommon trap: reason=null_check action=make_not_entrant pc=0xb3284f34 method=com.android.dx.ssa.SsaRenamer.getLocalForNewReg(I)Lcom/android/dx/rop/code/LocalItem; @ 19

Internal exceptions (10 events):
Event: 4.665 Thread 0xb6208400 Threw 0x9e2957d0 at /build/openjdk-7-PdBaKN/openjdk-7-7u91-2.6.3/build/openjdk/hotspot/src/share/vm/prims/jvm.cpp:1322
Event: 4.666 Thread 0xb6208400 Threw 0x9e29cee0 at /build/openjdk-7-PdBaKN/openjdk-7-7u91-2.6.3/build/openjdk/hotspot/src/share/vm/prims/jvm.cpp:1322
Event: 4.667 Thread 0xb6208400 Threw 0x9e2a4240 at /build/openjdk-7-PdBaKN/openjdk-7-7u91-2.6.3/build/openjdk/hotspot/src/share/vm/prims/jvm.cpp:1322
Event: 4.696 Thread 0xb6208400 Threw 0x9e2b6320 at /build/openjdk-7-PdBaKN/openjdk-7-7u91-2.6.3/build/openjdk/hotspot/src/share/vm/prims/jvm.cpp:1322
Event: 6.661 Thread 0x67041400 Threw 0x9e7188f8 at /build/openjdk-7-PdBaKN/openjdk-7-7u91-2.6.3/build/openjdk/hotspot/src/share/vm/prims/jvm.cpp:1322
Event: 7.464 Thread 0xb6208400 Threw 0x9e0cc708 at /build/openjdk-7-PdBaKN/openjdk-7-7u91-2.6.3/build/openjdk/hotspot/src/share/vm/prims/jvm.cpp:1322
Event: 7.465 Thread 0xb6208400 Threw 0x9e0cf4f0 at /build/openjdk-7-PdBaKN/openjdk-7-7u91-2.6.3/build/openjdk/hotspot/src/share/vm/prims/jvm.cpp:1322
Event: 7.486 Thread 0x67043800 Threw 0x9e1871f8 at /build/openjdk-7-PdBaKN/openjdk-7-7u91-2.6.3/build/openjdk/hotspot/src/share/vm/prims/jvm.cpp:1322
Event: 7.498 Thread 0x67041400 Implicit null exception at 0xb3283a33 to 0xb3284f25
Event: 7.534 Thread 0x67041400 Threw 0x9e14fed0 at /build/openjdk-7-PdBaKN/openjdk-7-7u91-2.6.3/build/openjdk/hotspot/src/share/vm/prims/jvm.cpp:1322

Events (10 events):
Event: 7.465 loading class 0x67060d20
Event: 7.465 loading class 0x67060d20 done
Event: 7.486 loading class 0x67862c08
Event: 7.486 loading class 0x67862c08 done
Event: 7.498 Thread 0x67041400 Uncommon trap: trap_request=0xfffffff4 fr.pc=0xb3284f34
Event: 7.498 Thread 0x67041400 DEOPT PACKING pc=0xb3284f34 sp=0x66956b90
Event: 7.498 Thread 0x67041400 DEOPT UNPACKING pc=0xb321ebc8 sp=0x66956a74 mode 2
Event: 7.534 loading class 0x67871278
Event: 7.534 loading class 0x67871278 done
Event: 9.883 Executing VM operation: ParallelGCFailedAllocation


Dynamic libraries:
08048000-08049000 r-xp 00000000 08:01 804961     /usr/lib/jvm/java-7-openjdk-i386/jre/bin/java
08049000-0804a000 r--p 00000000 08:01 804961     /usr/lib/jvm/java-7-openjdk-i386/jre/bin/java
0804a000-0804b000 rw-p 00001000 08:01 804961     /usr/lib/jvm/java-7-openjdk-i386/jre/bin/java
0857d000-08638000 rw-p 00000000 00:00 0          [heap]
65000000-650e3000 rw-p 00000000 00:00 0 
650e3000-65100000 ---p 00000000 00:00 0 
65200000-652ee000 rw-p 00000000 00:00 0 
652ee000-65300000 ---p 00000000 00:00 0 
65300000-653f1000 rw-p 00000000 00:00 0 
653f1000-65400000 ---p 00000000 00:00 0 
65400000-654f9000 rw-p 00000000 00:00 0 
654f9000-65500000 ---p 00000000 00:00 0 
65600000-656fa000 rw-p 00000000 00:00 0 
656fa000-65700000 ---p 00000000 00:00 0 
65700000-657fb000 rw-p 00000000 00:00 0 
657fb000-65800000 ---p 00000000 00:00 0 
65800000-658f9000 rw-p 00000000 00:00 0 
658f9000-65900000 ---p 00000000 00:00 0 
65900000-65a00000 rw-p 00000000 00:00 0 
65a00000-65af9000 rw-p 00000000 00:00 0 
65af9000-65b00000 ---p 00000000 00:00 0 
65b00000-65bcc000 rw-p 00000000 00:00 0 
65bcc000-65c00000 ---p 00000000 00:00 0 
65c00000-65cf1000 rw-p 00000000 00:00 0 
65cf1000-65d00000 ---p 00000000 00:00 0 
65d00000-65df6000 rw-p 00000000 00:00 0 
65df6000-65e00000 ---p 00000000 00:00 0 
65e00000-65f00000 rw-p 00000000 00:00 0 
66000000-660e5000 rw-p 00000000 00:00 0 
660e5000-66100000 ---p 00000000 00:00 0 
66200000-662f9000 rw-p 00000000 00:00 0 
662f9000-66300000 ---p 00000000 00:00 0 
66400000-664fc000 rw-p 00000000 00:00 0 
664fc000-66500000 ---p 00000000 00:00 0 
66500000-665eb000 rw-p 00000000 00:00 0 
665eb000-66600000 ---p 00000000 00:00 0 
66600000-666e2000 rw-p 00000000 00:00 0 
666e2000-66700000 ---p 00000000 00:00 0 
66700000-667fe000 rw-p 00000000 00:00 0 
667fe000-66800000 ---p 00000000 00:00 0 
66865000-66868000 ---p 00000000 00:00 0 
66868000-668b6000 rw-p 00000000 00:00 0          [stack:5340]
668b6000-668b9000 ---p 00000000 00:00 0 
668b9000-66907000 rw-p 00000000 00:00 0          [stack:5339]
66907000-6690a000 ---p 00000000 00:00 0 
6690a000-66b19000 rw-p 00000000 00:00 0          [stack:5338]
66b19000-66c3f000 r-xp 00000000 08:01 394573     /lib/i386-linux-gnu/libglib-2.0.so.0.4400.0
66c3f000-66c40000 r--p 00125000 08:01 394573     /lib/i386-linux-gnu/libglib-2.0.so.0.4400.0
66c40000-66c41000 rw-p 00126000 08:01 394573     /lib/i386-linux-gnu/libglib-2.0.so.0.4400.0
66c41000-66dfa000 r-xp 00000000 08:01 137357     /usr/lib/i386-linux-gnu/libgio-2.0.so.0.4400.0
66dfa000-66dfd000 r--p 001b8000 08:01 137357     /usr/lib/i386-linux-gnu/libgio-2.0.so.0.4400.0
66dfd000-66dff000 rw-p 001bb000 08:01 137357     /usr/lib/i386-linux-gnu/libgio-2.0.so.0.4400.0
66dff000-66e00000 rw-p 00000000 00:00 0 
66e00000-66efd000 rw-p 00000000 00:00 0 
66efd000-66f00000 ---p 00000000 00:00 0 
66f3d000-66f40000 ---p 00000000 00:00 0 
66f40000-66f8e000 rw-p 00000000 00:00 0          [stack:5337]
66f8e000-66ffe000 r-xp 00000000 08:01 394656     /lib/i386-linux-gnu/libpcre.so.3.13.1
66ffe000-66fff000 r--p 0006f000 08:01 394656     /lib/i386-linux-gnu/libpcre.so.3.13.1
66fff000-67000000 rw-p 00070000 08:01 394656     /lib/i386-linux-gnu/libpcre.so.3.13.1
67000000-67066000 rw-p 00000000 00:00 0 
67066000-67100000 ---p 00000000 00:00 0 
6711a000-6711d000 ---p 00000000 00:00 0 
6711d000-6716b000 rw-p 00000000 00:00 0          [stack:5336]
6716b000-6717f000 r-xp 00000000 08:01 394679     /lib/i386-linux-gnu/libresolv-2.21.so
6717f000-67181000 r--p 00013000 08:01 394679     /lib/i386-linux-gnu/libresolv-2.21.so
67181000-67182000 rw-p 00015000 08:01 394679     /lib/i386-linux-gnu/libresolv-2.21.so
67182000-67184000 rw-p 00000000 00:00 0 
67184000-671df000 r-xp 00000000 08:01 137385     /usr/lib/i386-linux-gnu/libgobject-2.0.so.0.4400.0
671df000-671e0000 r--p 0005b000 08:01 137385     /usr/lib/i386-linux-gnu/libgobject-2.0.so.0.4400.0
671e0000-671e1000 rw-p 0005c000 08:01 137385     /usr/lib/i386-linux-gnu/libgobject-2.0.so.0.4400.0
671e1000-671e2000 ---p 00000000 00:00 0 
671e2000-67262000 rw-p 00000000 00:00 0          [stack:5335]
67262000-67265000 ---p 00000000 00:00 0 
67265000-672b3000 rw-p 00000000 00:00 0          [stack:5334]
672b3000-672b6000 ---p 00000000 00:00 0 
672b6000-67334000 rw-p 00000000 00:00 0          [stack:5333]
67334000-67337000 ---p 00000000 00:00 0 
67337000-673b5000 rw-p 00000000 00:00 0          [stack:5332]
673b5000-674fc000 r-xp 00000000 08:01 136931     /usr/lib/i386-linux-gnu/libX11.so.6.3.0
674fc000-674fd000 r--p 00146000 08:01 136931     /usr/lib/i386-linux-gnu/libX11.so.6.3.0
674fd000-674ff000 rw-p 00147000 08:01 136931     /usr/lib/i386-linux-gnu/libX11.so.6.3.0
674ff000-67500000 rw-p 00000000 00:00 0 
67500000-67700000 r--p 00000000 08:01 143362     /usr/lib/locale/locale-archive
67700000-67721000 rw-p 00000000 00:00 0 
67721000-67800000 ---p 00000000 00:00 0 
67800000-678eb000 rw-p 00000000 00:00 0 
678eb000-67900000 ---p 00000000 00:00 0 
6790d000-67910000 ---p 00000000 00:00 0 
67910000-6795e000 rw-p 00000000 00:00 0          [stack:5331]
6795e000-67961000 ---p 00000000 00:00 0 
67961000-679af000 rw-p 00000000 00:00 0          [stack:5330]
679af000-679b2000 ---p 00000000 00:00 0 
679b2000-67a00000 rw-p 00000000 00:00 0          [stack:5329]
67a00000-67b00000 rw-p 00000000 00:00 0 
67b0f000-67b33000 r-xp 00000000 08:01 394683     /lib/i386-linux-gnu/libselinux.so.1
67b33000-67b34000 r--p 00024000 08:01 394683     /lib/i386-linux-gnu/libselinux.so.1
67b34000-67b35000 rw-p 00025000 08:01 394683     /lib/i386-linux-gnu/libselinux.so.1
67b35000-67b36000 rw-p 00000000 00:00 0 
67b4d000-67b4e000 ---p 00000000 00:00 0 
67b4e000-67bce000 rw-p 00000000 00:00 0          [stack:5328]
67bce000-67d80000 r--s 01d2e000 08:01 804984     /usr/lib/jvm/java-7-openjdk-i386/jre/lib/rt.jar
67d80000-6a600000 rw-p 00000000 00:00 0 
6a600000-6a6f9000 rw-p 00000000 00:00 0 
6a6f9000-6a700000 ---p 00000000 00:00 0 
6a701000-6a708000 r-xp 00000000 08:01 137254     /usr/lib/i386-linux-gnu/libffi.so.6.0.4
6a708000-6a70a000 r--p 00006000 08:01 137254     /usr/lib/i386-linux-gnu/libffi.so.6.0.4
6a70a000-6a70b000 rw-p 00008000 08:01 137254     /usr/lib/i386-linux-gnu/libffi.so.6.0.4
6a70b000-6a722000 r-xp 00000000 08:01 805027     /usr/lib/jvm/java-7-openjdk-i386/jre/lib/i386/libnet.so
6a722000-6a723000 r--p 00016000 08:01 805027     /usr/lib/jvm/java-7-openjdk-i386/jre/lib/i386/libnet.so
6a723000-6a724000 rw-p 00017000 08:01 805027     /usr/lib/jvm/java-7-openjdk-i386/jre/lib/i386/libnet.so
6a724000-6a734000 r-xp 00000000 08:01 804991     /usr/lib/jvm/java-7-openjdk-i386/jre/lib/i386/libnio.so
6a734000-6a735000 r--p 00010000 08:01 804991     /usr/lib/jvm/java-7-openjdk-i386/jre/lib/i386/libnio.so
6a735000-6a736000 rw-p 00011000 08:01 804991     /usr/lib/jvm/java-7-openjdk-i386/jre/lib/i386/libnio.so
6a736000-6a77f000 rw-p 00000000 00:00 0 
6a77f000-6a780000 ---p 00000000 00:00 0 
6a780000-6a800000 rw-p 00000000 00:00 0          [stack:5327]
6a800000-6a821000 rw-p 00000000 00:00 0 
6a821000-6a900000 ---p 00000000 00:00 0 
6a900000-6a921000 rw-p 00000000 00:00 0 
6a921000-6aa00000 ---p 00000000 00:00 0 
6aa02000-6aa22000 r-xp 00000000 08:01 138125     /usr/lib/i386-linux-gnu/libxcb.so.1.1.0
6aa22000-6aa23000 r--p 0001f000 08:01 138125     /usr/lib/i386-linux-gnu/libxcb.so.1.1.0
6aa23000-6aa24000 rw-p 00020000 08:01 138125     /usr/lib/i386-linux-gnu/libxcb.so.1.1.0
6aa24000-6aa7f000 rw-p 00000000 00:00 0 
6aa7f000-6aa80000 ---p 00000000 00:00 0 
6aa80000-6ab00000 rw-p 00000000 00:00 0          [stack:5326]
6ab00000-6ab26000 rw-p 00000000 00:00 0 
6ab26000-6ac00000 ---p 00000000 00:00 0 
6ac05000-6ac0a000 r-xp 00000000 08:01 136946     /usr/lib/i386-linux-gnu/libXdmcp.so.6.0.0
6ac0a000-6ac0b000 r--p 00004000 08:01 136946     /usr/lib/i386-linux-gnu/libXdmcp.so.6.0.0
6ac0b000-6ac0c000 rw-p 00005000 08:01 136946     /usr/lib/i386-linux-gnu/libXdmcp.so.6.0.0
6ac0c000-6ac0e000 r-xp 00000000 08:01 136935     /usr/lib/i386-linux-gnu/libXau.so.6.0.0
6ac0e000-6ac0f000 r--p 00001000 08:01 136935     /usr/lib/i386-linux-gnu/libXau.so.6.0.0
6ac0f000-6ac10000 rw-p 00002000 08:01 136935     /usr/lib/i386-linux-gnu/libXau.so.6.0.0
6ac18000-6ac1b000 r-xp 00000000 08:01 137371     /usr/lib/i386-linux-gnu/libgmodule-2.0.so.0.4400.0
6ac1b000-6ac1c000 r--p 00002000 08:01 137371     /usr/lib/i386-linux-gnu/libgmodule-2.0.so.0.4400.0
6ac1c000-6ac1d000 rw-p 00003000 08:01 137371     /usr/lib/i386-linux-gnu/libgmodule-2.0.so.0.4400.0
6ac1d000-6ac27000 r--s 00041000 08:01 947901     /home/student/test/HealthyBit/app/build/intermediates/exploded-aar/com.android.support/support-v4/23.1.1/jars/libs/internal_impl-23.1.1.jar
6ac27000-6ac28000 ---p 00000000 00:00 0 
6ac28000-6aca8000 rw-p 00000000 00:00 0          [stack:5324]
6aca8000-6aca9000 ---p 00000000 00:00 0 
6aca9000-6ad31000 rw-p 00000000 00:00 0          [stack:5323]
6ad31000-6ad69000 rw-p 00000000 00:00 0 
6ad69000-6ad7e000 rw-p 00000000 00:00 0 
6ad7e000-6aebf000 rw-p 00000000 00:00 0 
6aebf000-6aec7000 rw-p 00000000 00:00 0 
6aec7000-6aeff000 rw-p 00000000 00:00 0 
6aeff000-6af14000 rw-p 00000000 00:00 0 
6af14000-6b054000 rw-p 00000000 00:00 0 
6b054000-6b067000 rw-p 00000000 00:00 0 
6b067000-6b0ff000 rw-p 00000000 00:00 0 
6b0ff000-6c100000 rw-p 00000000 00:00 0 
6c100000-73100000 rw-p 00000000 00:00 0 
73100000-75b00000 rw-p 00000000 00:00 0 
75b00000-9db80000 rw-p 00000000 00:00 0 
9db80000-a0100000 rw-p 00000000 00:00 0 
a2d80000-b3100000 rw-p 00000000 00:00 0 
b3100000-b3102000 r-xp 00000000 08:01 141618     /usr/lib/jayatana/libjayatanaag.so
b3102000-b3103000 r--p 00001000 08:01 141618     /usr/lib/jayatana/libjayatanaag.so
b3103000-b3104000 rw-p 00002000 08:01 141618     /usr/lib/jayatana/libjayatanaag.so
b3104000-b3113000 r--s 000df000 08:01 1062595    /home/student/Android/Sdk/build-tools/23.0.3/lib/dx.jar
b3113000-b3117000 r--s 00085000 08:01 804976     /usr/lib/jvm/java-7-openjdk-i386/jre/lib/ext/localedata.jar
b3117000-b313b000 rw-p 00000000 00:00 0 
b313b000-b31f2000 rw-p 00000000 00:00 0 
b31f2000-b3432000 rwxp 00000000 00:00 0 
b3432000-b61f2000 rw-p 00000000 00:00 0 
b61f2000-b61fe000 r-xp 00000000 08:01 394626     /lib/i386-linux-gnu/libnss_files-2.21.so
b61fe000-b61ff000 r--p 0000b000 08:01 394626     /lib/i386-linux-gnu/libnss_files-2.21.so
b61ff000-b6200000 rw-p 0000c000 08:01 394626     /lib/i386-linux-gnu/libnss_files-2.21.so
b6200000-b6300000 rw-p 00000000 00:00 0 
b6300000-b6301000 r--s 00000000 08:01 414147     /usr/share/java/jayatanaag.jar
b6301000-b6305000 r--s 00034000 08:01 804978     /usr/lib/jvm/java-7-openjdk-i386/jre/lib/ext/sunjce_provider.jar
b6305000-b6309000 r--s 0003c000 08:01 804979     /usr/lib/jvm/java-7-openjdk-i386/jre/lib/ext/sunpkcs11.jar
b6309000-b6314000 r-xp 00000000 08:01 394636     /lib/i386-linux-gnu/libnss_nis-2.21.so
b6314000-b6315000 r--p 0000a000 08:01 394636     /lib/i386-linux-gnu/libnss_nis-2.21.so
b6315000-b6316000 rw-p 0000b000 08:01 394636     /lib/i386-linux-gnu/libnss_nis-2.21.so
b6316000-b632d000 r-xp 00000000 08:01 394620     /lib/i386-linux-gnu/libnsl-2.21.so
b632d000-b632e000 r--p 00016000 08:01 394620     /lib/i386-linux-gnu/libnsl-2.21.so
b632e000-b632f000 rw-p 00017000 08:01 394620     /lib/i386-linux-gnu/libnsl-2.21.so
b632f000-b6331000 rw-p 00000000 00:00 0 
b6331000-b6339000 r-xp 00000000 08:01 394622     /lib/i386-linux-gnu/libnss_compat-2.21.so
b6339000-b633a000 r--p 00007000 08:01 394622     /lib/i386-linux-gnu/libnss_compat-2.21.so
b633a000-b633b000 rw-p 00008000 08:01 394622     /lib/i386-linux-gnu/libnss_compat-2.21.so
b633b000-b633e000 r--s 0000f000 08:01 804977     /usr/lib/jvm/java-7-openjdk-i386/jre/lib/ext/icedtea-sound.jar
b633e000-b6340000 r--s 00012000 08:01 804975     /usr/lib/jvm/java-7-openjdk-i386/jre/lib/ext/zipfs.jar
b6340000-b6348000 r-xp 00000000 08:01 804995     /usr/lib/jvm/java-7-openjdk-i386/jre/lib/i386/libzip.so
b6348000-b6349000 r--p 00007000 08:01 804995     /usr/lib/jvm/java-7-openjdk-i386/jre/lib/i386/libzip.so
b6349000-b634a000 rw-p 00008000 08:01 804995     /usr/lib/jvm/java-7-openjdk-i386/jre/lib/i386/libzip.so
b634a000-b6352000 rw-s 00000000 08:01 429785     /tmp/hsperfdata_student/5318
b6352000-b635c000 r-xp 00000000 08:01 805017     /usr/lib/jvm/java-7-openjdk-i386/jre/lib/i386/libinstrument.so
b635c000-b635d000 r--p 00009000 08:01 805017     /usr/lib/jvm/java-7-openjdk-i386/jre/lib/i386/libinstrument.so
b635d000-b635e000 rw-p 0000a000 08:01 805017     /usr/lib/jvm/java-7-openjdk-i386/jre/lib/i386/libinstrument.so
b635e000-b6384000 r-xp 00000000 08:01 805003     /usr/lib/jvm/java-7-openjdk-i386/jre/lib/i386/libjava.so
b6384000-b6385000 r--p 00025000 08:01 805003     /usr/lib/jvm/java-7-openjdk-i386/jre/lib/i386/libjava.so
b6385000-b6386000 rw-p 00026000 08:01 805003     /usr/lib/jvm/java-7-openjdk-i386/jre/lib/i386/libjava.so
b6386000-b638d000 r-xp 00000000 08:01 394681     /lib/i386-linux-gnu/librt-2.21.so
b638d000-b638e000 r--p 00006000 08:01 394681     /lib/i386-linux-gnu/librt-2.21.so
b638e000-b638f000 rw-p 00007000 08:01 394681     /lib/i386-linux-gnu/librt-2.21.so
b638f000-b6392000 ---p 00000000 00:00 0 
b6392000-b63e0000 rw-p 00000000 00:00 0          [stack:5322]
b63e0000-b63fc000 r-xp 00000000 08:01 394569     /lib/i386-linux-gnu/libgcc_s.so.1
b63fc000-b63fd000 rw-p 0001b000 08:01 394569     /lib/i386-linux-gnu/libgcc_s.so.1
b63fd000-b6448000 r-xp 00000000 08:01 394599     /lib/i386-linux-gnu/libm-2.21.so
b6448000-b6449000 r--p 0004a000 08:01 394599     /lib/i386-linux-gnu/libm-2.21.so
b6449000-b644a000 rw-p 0004b000 08:01 394599     /lib/i386-linux-gnu/libm-2.21.so
b644a000-b6533000 r-xp 00000000 08:01 137921     /usr/lib/i386-linux-gnu/libstdc++.so.6.0.20
b6533000-b6537000 r--p 000e9000 08:01 137921     /usr/lib/i386-linux-gnu/libstdc++.so.6.0.20
b6537000-b6538000 rw-p 000ed000 08:01 137921     /usr/lib/i386-linux-gnu/libstdc++.so.6.0.20
b6538000-b653f000 rw-p 00000000 00:00 0 
b653f000-b7092000 r-xp 00000000 08:01 805013     /usr/lib/jvm/java-7-openjdk-i386/jre/lib/i386/server/libjvm.so
b7092000-b70e6000 r--p 00b52000 08:01 805013     /usr/lib/jvm/java-7-openjdk-i386/jre/lib/i386/server/libjvm.so
b70e6000-b70fa000 rw-p 00ba6000 08:01 805013     /usr/lib/jvm/java-7-openjdk-i386/jre/lib/i386/server/libjvm.so
b70fa000-b7519000 rw-p 00000000 00:00 0 
b7519000-b7532000 r-xp 00000000 08:01 394714     /lib/i386-linux-gnu/libz.so.1.2.8
b7532000-b7533000 r--p 00019000 08:01 394714     /lib/i386-linux-gnu/libz.so.1.2.8
b7533000-b7534000 rw-p 0001a000 08:01 394714     /lib/i386-linux-gnu/libz.so.1.2.8
b7534000-b754d000 r-xp 00000000 08:01 394673     /lib/i386-linux-gnu/libpthread-2.21.so
b754d000-b754e000 r--p 00018000 08:01 394673     /lib/i386-linux-gnu/libpthread-2.21.so
b754e000-b754f000 rw-p 00019000 08:01 394673     /lib/i386-linux-gnu/libpthread-2.21.so
b754f000-b7551000 rw-p 00000000 00:00 0 
b7551000-b7554000 r-xp 00000000 08:01 394557     /lib/i386-linux-gnu/libdl-2.21.so
b7554000-b7555000 r--p 00002000 08:01 394557     /lib/i386-linux-gnu/libdl-2.21.so
b7555000-b7556000 rw-p 00003000 08:01 394557     /lib/i386-linux-gnu/libdl-2.21.so
b7556000-b770a000 r-xp 00000000 08:01 394540     /lib/i386-linux-gnu/libc-2.21.so
b770a000-b770d000 r--p 001b3000 08:01 394540     /lib/i386-linux-gnu/libc-2.21.so
b770d000-b770f000 rw-p 001b6000 08:01 394540     /lib/i386-linux-gnu/libc-2.21.so
b770f000-b7711000 rw-p 00000000 00:00 0 
b7711000-b7712000 r--s 00002000 08:01 804980     /usr/lib/jvm/java-7-openjdk-i386/jre/lib/ext/dnsns.jar
b7712000-b7714000 r--s 00006000 08:01 399091     /usr/share/java/java-atk-wrapper.jar
b7714000-b7715000 r--p 005e0000 08:01 143362     /usr/lib/locale/locale-archive
b7715000-b7716000 rw-p 00000000 00:00 0 
b7716000-b7717000 ---p 00000000 00:00 0 
b7717000-b7725000 r-xp 00000000 08:01 805022     /usr/lib/jvm/java-7-openjdk-i386/jre/lib/i386/libverify.so
b7725000-b7727000 r--p 0000d000 08:01 805022     /usr/lib/jvm/java-7-openjdk-i386/jre/lib/i386/libverify.so
b7727000-b7728000 rw-p 0000f000 08:01 805022     /usr/lib/jvm/java-7-openjdk-i386/jre/lib/i386/libverify.so
b7728000-b7734000 r-xp 00000000 08:01 805024     /usr/lib/jvm/java-7-openjdk-i386/jre/lib/i386/jli/libjli.so
b7734000-b7735000 r--p 0000b000 08:01 805024     /usr/lib/jvm/java-7-openjdk-i386/jre/lib/i386/jli/libjli.so
b7735000-b7736000 rw-p 0000c000 08:01 805024     /usr/lib/jvm/java-7-openjdk-i386/jre/lib/i386/jli/libjli.so
b7736000-b7739000 rw-p 00000000 00:00 0 
b7739000-b773b000 r--p 00000000 00:00 0          [vvar]
b773b000-b773c000 r-xp 00000000 00:00 0          [vdso]
b773c000-b775e000 r-xp 00000000 08:01 394512     /lib/i386-linux-gnu/ld-2.21.so
b775e000-b775f000 r--p 00021000 08:01 394512     /lib/i386-linux-gnu/ld-2.21.so
b775f000-b7760000 rw-p 00022000 08:01 394512     /lib/i386-linux-gnu/ld-2.21.so
bf922000-bf923000 rwxp 00000000 00:00 0 
bf954000-bf976000 rw-p 00000000 00:00 0          [stack]

VM Arguments:
jvm_args: -javaagent:/usr/share/java/jayatanaag.jar -Djava.awt.headless=true -Xmx1024M -Dfile.encoding=UTF-8 -Duser.country=US -Duser.language=en -Duser.variant 
java_command: com.android.dx.command.Main --dex --num-threads=4 --multi-dex --output /home/student/test/HealthyBit/app/build/intermediates/transforms/dex/debug/folders/1000/10/internal_impl-23.1.1_1899e6981e376ba48de31df990a093bc96496334 /home/student/test/HealthyBit/app/build/intermediates/exploded-aar/com.android.support/support-v4/23.1.1/jars/libs/internal_impl-23.1.1.jar
Launcher Type: SUN_STANDARD

Environment Variables:
JAVA_TOOL_OPTIONS=-javaagent:/usr/share/java/jayatanaag.jar 
PATH=/home/student/.linuxbrew/bin:/usr/local/sbin:/usr/local/bin:/usr/sbin:/usr/bin:/sbin:/bin:/usr/games:/usr/local/games:/etc/android-studio/bin/:/home/student/Android/Sdk/platform-tools:/home/student/Android/Sdk/tools
LD_LIBRARY_PATH=/etc/android-studio/bin:
SHELL=/bin/bash
DISPLAY=:0

Signal Handlers:
SIGSEGV: [libjvm.so+0x7f7d00], sa_mask[0]=0x7ffbfeff, sa_flags=0x10000004
SIGBUS: [libjvm.so+0x7f7d00], sa_mask[0]=0x7ffbfeff, sa_flags=0x10000004
SIGFPE: [libjvm.so+0x67a9d0], sa_mask[0]=0x7ffbfeff, sa_flags=0x10000004
SIGPIPE: [libjvm.so+0x67a9d0], sa_mask[0]=0x7ffbfeff, sa_flags=0x10000004
SIGXFSZ: [libjvm.so+0x67a9d0], sa_mask[0]=0x7ffbfeff, sa_flags=0x10000004
SIGILL: [libjvm.so+0x67a9d0], sa_mask[0]=0x7ffbfeff, sa_flags=0x10000004
SIGUSR1: SIG_DFL, sa_mask[0]=0x00000000, sa_flags=0x00000000
SIGUSR2: [libjvm.so+0x67a820], sa_mask[0]=0x00000004, sa_flags=0x10000004
SIGHUP: [libjvm.so+0x67aa80], sa_mask[0]=0x7ffbfeff, sa_flags=0x10000004
SIGINT: [libjvm.so+0x67aa80], sa_mask[0]=0x7ffbfeff, sa_flags=0x10000004
SIGTERM: [libjvm.so+0x67aa80], sa_mask[0]=0x7ffbfeff, sa_flags=0x10000004
SIGQUIT: [libjvm.so+0x67aa80], sa_mask[0]=0x7ffbfeff, sa_flags=0x10000004
SIGTRAP: SIG_DFL, sa_mask[0]=0x00000000, sa_flags=0x00000000


---------------  S Y S T E M  ---------------

OS:Ubuntu 15.04 (vivid)
uname:Linux 3.19.0-18-generic #18-Ubuntu SMP Tue May 19 18:30:59 UTC 2015 i686
libc:glibc 2.21 NPTL 2.21 
rlimit: STACK 8192k, CORE 0k, NPROC 32177, NOFILE 65536, AS infinity
load average:12.72 6.70 4.53

/proc/meminfo:
MemTotal:        4139540 kB
MemFree:          259036 kB
MemAvailable:     182948 kB
Buffers:             884 kB
Cached:            52612 kB
SwapCached:            0 kB
Active:          3489196 kB
Inactive:          43728 kB
Active(anon):    3481456 kB
Inactive(anon):    37620 kB
Active(file):       7740 kB
Inactive(file):     6108 kB
Unevictable:          32 kB
Mlocked:              32 kB
HighTotal:       3280776 kB
HighFree:          70028 kB
LowTotal:         858764 kB
LowFree:          189008 kB
SwapTotal:             0 kB
SwapFree:              0 kB
Dirty:               808 kB
Writeback:             0 kB
AnonPages:       3480220 kB
Mapped:            35588 kB
Shmem:             38796 kB
Slab:              49040 kB
SReclaimable:      23292 kB
SUnreclaim:        25748 kB
KernelStack:        5328 kB
PageTables:        15012 kB
NFS_Unstable:          0 kB
Bounce:                0 kB
WritebackTmp:          0 kB
CommitLimit:     2069768 kB
Committed_AS:    6330636 kB
VmallocTotal:     122880 kB
VmallocUsed:       23416 kB
VmallocChunk:      49124 kB
AnonHugePages:   2652160 kB
CmaTotal:              0 kB
CmaFree:               0 kB
HugePages_Total:       0
HugePages_Free:        0
HugePages_Rsvd:        0
HugePages_Surp:        0
Hugepagesize:       2048 kB
DirectMap4k:       61432 kB
DirectMap2M:      851968 kB


CPU:total 4 (1 cores per cpu, 1 threads per core) family 6 model 58 stepping 9, cmov, cx8, fxsr, mmx, sse, sse2, sse3, ssse3, sse4.1, sse4.2, popcnt, avx, aes, erms, tsc, tscinvbit, tscinv

/proc/cpuinfo:
processor	: 0
vendor_id	: GenuineIntel
cpu family	: 6
model		: 58
model name	: Intel(R) Core(TM) i5-3210M CPU @ 2.50GHz
stepping	: 9
microcode	: 0x15
cpu MHz		: 2494.111
cache size	: 3072 KB
physical id	: 0
siblings	: 1
core id		: 0
cpu cores	: 1
apicid		: 0
initial apicid	: 0
fdiv_bug	: no
f00f_bug	: no
coma_bug	: no
fpu		: yes
fpu_exception	: yes
cpuid level	: 13
wp		: yes
flags		: fpu vme de pse tsc msr pae mce cx8 apic sep mtrr pge mca cmov pat pse36 clflush dts mmx fxsr sse sse2 ss nx rdtscp lm constant_tsc arch_perfmon pebs bts xtopology tsc_reliable nonstop_tsc aperfmperf pni pclmulqdq ssse3 cx16 pcid sse4_1 sse4_2 x2apic popcnt tsc_deadline_timer aes xsave avx f16c rdrand hypervisor lahf_lm ida arat epb pln pts dtherm fsgsbase tsc_adjust smep
bugs		:
bogomips	: 4988.22
clflush size	: 64
cache_alignment	: 64
address sizes	: 42 bits physical, 48 bits virtual
power management:

processor	: 1
vendor_id	: GenuineIntel
cpu family	: 6
model		: 58
model name	: Intel(R) Core(TM) i5-3210M CPU @ 2.50GHz
stepping	: 9
microcode	: 0x15
cpu MHz		: 2494.111
cache size	: 3072 KB
physical id	: 2
siblings	: 1
core id		: 0
cpu cores	: 1
apicid		: 2
initial apicid	: 2
fdiv_bug	: no
f00f_bug	: no
coma_bug	: no
fpu		: yes
fpu_exception	: yes
cpuid level	: 13
wp		: yes
flags		: fpu vme de pse tsc msr pae mce cx8 apic sep mtrr pge mca cmov pat pse36 clflush dts mmx fxsr sse sse2 ss nx rdtscp lm constant_tsc arch_perfmon pebs bts xtopology tsc_reliable nonstop_tsc aperfmperf pni pclmulqdq ssse3 cx16 pcid sse4_1 sse4_2 x2apic popcnt tsc_deadline_timer aes xsave avx f16c rdrand hypervisor lahf_lm ida arat epb pln pts dtherm fsgsbase tsc_adjust smep
bugs		:
bogomips	: 4988.22
clflush size	: 64
cache_alignment	: 64
address sizes	: 42 bits physical, 48 bits virtual
power management:

processor	: 2
vendor_id	: GenuineIntel
cpu family	: 6
model		: 58
model name	: Intel(R) Core(TM) i5-3210M CPU @ 2.50GHz
stepping	: 9
microcode	: 0x15
cpu MHz		: 2494.111
cache size	: 3072 KB
physical id	: 4
siblings	: 1
core id		: 0
cpu cores	: 1
apicid		: 4
initial apicid	: 4
fdiv_bug	: no
f00f_bug	: no
coma_bug	: no
fpu		: yes
fpu_exception	: yes
cpuid level	: 13
wp		: yes
flags		: fpu vme de pse tsc msr pae mce cx8 apic sep mtrr pge mca cmov pat pse36 clflush dts mmx fxsr sse sse2 ss nx rdtscp lm constant_tsc arch_perfmon pebs bts xtopology tsc_reliable nonstop_tsc aperfmperf pni pclmulqdq ssse3 cx16 pcid sse4_1 sse4_2 x2apic popcnt tsc_deadline_timer aes xsave avx f16c rdrand hypervisor lahf_lm ida arat epb pln pts dtherm fsgsbase tsc_adjust smep
bugs		:
bogomips	: 4988.22
clflush size	: 64
cache_alignment	: 64
address sizes	: 42 bits physical, 48 bits virtual
power management:

processor	: 3
vendor_id	: GenuineIntel
cpu family	: 6
model		: 58
model name	: Intel(R) Core(TM) i5-3210M CPU @ 2.50GHz
stepping	: 9
microcode	: 0x15
cpu MHz		: 2494.111
cache size	: 3072 KB
physical id	: 6
siblings	: 1
core id		: 0
cpu cores	: 1
apicid		: 6
initial apicid	: 6
fdiv_bug	: no
f00f_bug	: no
coma_bug	: no
fpu		: yes
fpu_exception	: yes
cpuid level	: 13
wp		: yes
flags		: fpu vme de pse tsc msr pae mce cx8 apic sep mtrr pge mca cmov pat pse36 clflush dts mmx fxsr sse sse2 ss nx rdtscp lm constant_tsc arch_perfmon pebs bts xtopology tsc_reliable nonstop_tsc aperfmperf pni pclmulqdq ssse3 cx16 pcid sse4_1 sse4_2 x2apic popcnt tsc_deadline_timer aes xsave avx f16c rdrand hypervisor lahf_lm ida arat epb pln pts dtherm fsgsbase tsc_adjust smep
bugs		:
bogomips	: 4988.22
clflush size	: 64
cache_alignment	: 64
address sizes	: 42 bits physical, 48 bits virtual
power management:



Memory: 4k page, physical 4139540k(259036k free), swap 0k(0k free)

vm_info: OpenJDK Server VM (24.91-b01) for linux-x86 JRE (1.7.0_91-b02), built on Nov 19 2015 06:25:06 by "buildd" with gcc 4.9.2

time: Tue May  3 16:02:50 2016
elapsed time: 10 seconds

