#
# There is insufficient memory for the Java Runtime Environment to continue.
# Native memory allocation (malloc) failed to allocate 12288 bytes for committing reserved memory.
# Possible reasons:
#   The system is out of physical RAM or swap space
#   In 32 bit mode, the process size limit was hit
# Possible solutions:
#   Reduce memory load on the system
#   Increase physical memory or swap space
#   Check if swap backing store is full
#   Use 64 bit Java on a 64 bit OS
#   Decrease Java heap size (-Xmx/-Xms)
#   Decrease number of Java threads
#   Decrease Java thread stack sizes (-Xss)
#   Set larger code cache with -XX:ReservedCodeCacheSize=
# This output file may be truncated or incomplete.
#
#  Out of Memory Error (os_linux.cpp:2827), pid=6021, tid=1723038528
#
# JRE version: OpenJDK Runtime Environment (7.0_91-b02) (build 1.7.0_91-b02)
# Java VM: OpenJDK Server VM (24.91-b01 mixed mode linux-x86 )
# Derivative: IcedTea 2.6.3
# Distribution: Ubuntu 15.04, package 7u91-2.6.3-0ubuntu0.15.04.1
# Failed to write core dump. Core dumps have been disabled. To enable core dumping, try "ulimit -c unlimited" before starting Java again
#

---------------  T H R E A D  ---------------

Current thread (0x67147000):  JavaThread "pool-1-thread-1" [_thread_new, id=6104, stack(0x66ae7000,0x66b38000)]

Stack: [0x66ae7000,0x66b38000]

---------------  P R O C E S S  ---------------

Java Threads: ( => current thread )
=>0x67147000 JavaThread "pool-1-thread-1" [_thread_new, id=6104, stack(0x66ae7000,0x66b38000)]
  0x67aee800 JavaThread "Service Thread" daemon [_thread_blocked, id=6050, stack(0x672c0000,0x67311000)]
  0x67aec800 JavaThread "C2 CompilerThread1" daemon [_thread_in_native, id=6049, stack(0x67311000,0x67392000)]
  0x67aeb400 JavaThread "C2 CompilerThread0" daemon [_thread_in_native, id=6048, stack(0x67392000,0x67413000)]
  0x67a98400 JavaThread "Signal Dispatcher" daemon [_thread_blocked, id=6040, stack(0x6755e000,0x675af000)]
  0x67a85800 JavaThread "Finalizer" daemon [_thread_blocked, id=6039, stack(0x677af000,0x67800000)]
  0x67a83c00 JavaThread "Reference Handler" daemon [_thread_blocked, id=6038, stack(0x6a72e000,0x6a77f000)]
  0xb6308400 JavaThread "main" [_thread_blocked, id=6025, stack(0xb640d000,0xb645e000)]

Other Threads:
  0x67a81400 VMThread [stack: 0x67b4d000,0x67bce000] [id=6036]
  0x67af0800 WatcherThread [stack: 0x6723f000,0x672c0000] [id=6051]

VM state:not at safepoint (normal execution)

VM Mutex/Monitor currently owned by a thread: None

Heap
 PSYoungGen      total 144384K, used 73029K [0x9dc00000, 0xa7f00000, 0xb3180000)
  eden space 130304K, 45% used [0x9dc00000,0xa15c3248,0xa5b40000)
  from space 14080K, 98% used [0xa6bc0000,0xa794e2f8,0xa7980000)
  to   space 16896K, 0% used [0xa5b40000,0xa5b40000,0xa6bc0000)
 ParOldGen       total 43008K, used 22798K [0x73180000, 0x75b80000, 0x9dc00000)
  object space 43008K, 53% used [0x73180000,0x747c3b10,0x75b80000)
 PSPermGen       total 16384K, used 4319K [0x6b180000, 0x6c180000, 0x73180000)
  object space 16384K, 26% used [0x6b180000,0x6b5b7d10,0x6c180000)

Card table byte_map: [0x6af3f000,0x6b180000] byte_map_base: 0x6abe6400

Polling page: 0xb7794000

Code Cache  [0xb3275000, 0xb34b5000, 0xb6275000)
 total_blobs=532 nmethods=409 adapters=76 free_code_cache=47477Kb largest_free_block=48565440

Compilation events (10 events):
Event: 22.836 Thread 0x67aeb400 nmethod 412 0xb33f8708 code [0xb33f87e0, 0xb33f8830]
Event: 22.836 Thread 0x67aeb400  413             com.android.dx.ssa.RegisterMapper::<init> (5 bytes)
Event: 22.837 Thread 0x67aeb400 nmethod 413 0xb3406608 code [0xb34066e0, 0xb3406730]
Event: 22.837 Thread 0x67aeb400  414             com.android.dx.cf.direct.DirectClassFile::getBytes (5 bytes)
Event: 22.877 Thread 0x67aeb400 nmethod 414 0xb3406488 code [0xb3406560, 0xb34065b0]
Event: 22.877 Thread 0x67aeb400  416             com.android.dx.ssa.back.FirstFitLocalCombiningAllocator::handleNormalUnassociated (99 bytes)
Event: 23.439 Thread 0x67aec800 nmethod 396 0xb340da48 code [0xb340de80, 0xb3410cc0]
Event: 23.439 Thread 0x67aec800  417             com.android.dx.ssa.SsaMethod::makeExitBlock (134 bytes)
Event: 23.798 Thread 0x67aec800 nmethod 417 0xb340b088 code [0xb340b2a0, 0xb340c424]
Event: 23.798 Thread 0x67aec800  418             com.android.dx.ssa.back.SsaToRop::convertBasicBlocks (151 bytes)

GC Heap History (10 events):
Event: 4.077 GC heap before
{Heap before GC invocations=2 (full 0):
 PSYoungGen      total 19200K, used 19195K [0x9dc00000, 0xa0180000, 0xb3180000)
  eden space 16640K, 100% used [0x9dc00000,0x9ec40000,0x9ec40000)
  from space 2560K, 99% used [0x9ec40000,0x9eebef50,0x9eec0000)
  to   space 2560K, 0% used [0x9ff00000,0x9ff00000,0xa0180000)
 ParOldGen       total 43008K, used 268K [0x73180000, 0x75b80000, 0x9dc00000)
  object space 43008K, 0% used [0x73180000,0x731c3090,0x75b80000)
 PSPermGen       total 16384K, used 4159K [0x6b180000, 0x6c180000, 0x73180000)
  object space 16384K, 25% used [0x6b180000,0x6b58fef8,0x6c180000)
Event: 4.132 GC heap after
Heap after GC invocations=2 (full 0):
 PSYoungGen      total 35840K, used 2549K [0x9dc00000, 0xa0180000, 0xb3180000)
  eden space 33280K, 0% used [0x9dc00000,0x9dc00000,0x9fc80000)
  from space 2560K, 99% used [0x9ff00000,0xa017d7b8,0xa0180000)
  to   space 2560K, 0% used [0x9fc80000,0x9fc80000,0x9ff00000)
 ParOldGen       total 43008K, used 1810K [0x73180000, 0x75b80000, 0x9dc00000)
  object space 43008K, 4% used [0x73180000,0x73344948,0x75b80000)
 PSPermGen       total 16384K, used 4159K [0x6b180000, 0x6c180000, 0x73180000)
  object space 16384K, 25% used [0x6b180000,0x6b58fef8,0x6c180000)
}
Event: 7.341 GC heap before
{Heap before GC invocations=3 (full 0):
 PSYoungGen      total 35840K, used 35829K [0x9dc00000, 0xa0180000, 0xb3180000)
  eden space 33280K, 100% used [0x9dc00000,0x9fc80000,0x9fc80000)
  from space 2560K, 99% used [0x9ff00000,0xa017d7b8,0xa0180000)
  to   space 2560K, 0% used [0x9fc80000,0x9fc80000,0x9ff00000)
 ParOldGen       total 43008K, used 1810K [0x73180000, 0x75b80000, 0x9dc00000)
  object space 43008K, 4% used [0x73180000,0x73344948,0x75b80000)
 PSPermGen       total 16384K, used 4236K [0x6b180000, 0x6c180000, 0x73180000)
  object space 16384K, 25% used [0x6b180000,0x6b5a33d8,0x6c180000)
Event: 7.437 GC heap after
Heap after GC invocations=3 (full 0):
 PSYoungGen      total 35840K, used 2547K [0x9dc00000, 0xa2200000, 0xb3180000)
  eden space 33280K, 0% used [0x9dc00000,0x9dc00000,0x9fc80000)
  from space 2560K, 99% used [0x9fc80000,0x9fefcd80,0x9ff00000)
  to   space 2560K, 0% used [0xa1f80000,0xa1f80000,0xa2200000)
 ParOldGen       total 43008K, used 7128K [0x73180000, 0x75b80000, 0x9dc00000)
  object space 43008K, 16% used [0x73180000,0x73876210,0x75b80000)
 PSPermGen       total 16384K, used 4236K [0x6b180000, 0x6c180000, 0x73180000)
  object space 16384K, 25% used [0x6b180000,0x6b5a33d8,0x6c180000)
}
Event: 10.361 GC heap before
{Heap before GC invocations=4 (full 0):
 PSYoungGen      total 35840K, used 35827K [0x9dc00000, 0xa2200000, 0xb3180000)
  eden space 33280K, 100% used [0x9dc00000,0x9fc80000,0x9fc80000)
  from space 2560K, 99% used [0x9fc80000,0x9fefcd80,0x9ff00000)
  to   space 2560K, 0% used [0xa1f80000,0xa1f80000,0xa2200000)
 ParOldGen       total 43008K, used 7128K [0x73180000, 0x75b80000, 0x9dc00000)
  object space 43008K, 16% used [0x73180000,0x73876210,0x75b80000)
 PSPermGen       total 16384K, used 4260K [0x6b180000, 0x6c180000, 0x73180000)
  object space 16384K, 26% used [0x6b180000,0x6b5a9010,0x6c180000)
Event: 10.529 GC heap after
Heap after GC invocations=4 (full 0):
 PSYoungGen      total 69120K, used 2554K [0x9dc00000, 0xa2200000, 0xb3180000)
  eden space 66560K, 0% used [0x9dc00000,0x9dc00000,0xa1d00000)
  from space 2560K, 99% used [0xa1f80000,0xa21fe950,0xa2200000)
  to   space 2560K, 0% used [0xa1d00000,0xa1d00000,0xa1f80000)
 ParOldGen       total 43008K, used 12643K [0x73180000, 0x75b80000, 0x9dc00000)
  object space 43008K, 29% used [0x73180000,0x73dd8fb8,0x75b80000)
 PSPermGen       total 16384K, used 4260K [0x6b180000, 0x6c180000, 0x73180000)
  object space 16384K, 26% used [0x6b180000,0x6b5a9010,0x6c180000)
}
Event: 15.231 GC heap before
{Heap before GC invocations=5 (full 0):
 PSYoungGen      total 69120K, used 69114K [0x9dc00000, 0xa2200000, 0xb3180000)
  eden space 66560K, 100% used [0x9dc00000,0xa1d00000,0xa1d00000)
  from space 2560K, 99% used [0xa1f80000,0xa21fe950,0xa2200000)
  to   space 2560K, 0% used [0xa1d00000,0xa1d00000,0xa1f80000)
 ParOldGen       total 43008K, used 12643K [0x73180000, 0x75b80000, 0x9dc00000)
  object space 43008K, 29% used [0x73180000,0x73dd8fb8,0x75b80000)
 PSPermGen       total 16384K, used 4286K [0x6b180000, 0x6c180000, 0x73180000)
  object space 16384K, 26% used [0x6b180000,0x6b5af808,0x6c180000)
Event: 15.331 GC heap after
Heap after GC invocations=5 (full 0):
 PSYoungGen      total 69120K, used 2555K [0x9dc00000, 0xa7980000, 0xb3180000)
  eden space 66560K, 0% used [0x9dc00000,0x9dc00000,0xa1d00000)
  from space 2560K, 99% used [0xa1d00000,0xa1f7eda8,0xa1f80000)
  to   space 14080K, 0% used [0xa6bc0000,0xa6bc0000,0xa7980000)
 ParOldGen       total 43008K, used 22798K [0x73180000, 0x75b80000, 0x9dc00000)
  object space 43008K, 53% used [0x73180000,0x747c3b10,0x75b80000)
 PSPermGen       total 16384K, used 4286K [0x6b180000, 0x6c180000, 0x73180000)
  object space 16384K, 26% used [0x6b180000,0x6b5af808,0x6c180000)
}
Event: 19.113 GC heap before
{Heap before GC invocations=6 (full 0):
 PSYoungGen      total 69120K, used 69115K [0x9dc00000, 0xa7980000, 0xb3180000)
  eden space 66560K, 100% used [0x9dc00000,0xa1d00000,0xa1d00000)
  from space 2560K, 99% used [0xa1d00000,0xa1f7eda8,0xa1f80000)
  to   space 14080K, 0% used [0xa6bc0000,0xa6bc0000,0xa7980000)
 ParOldGen       total 43008K, used 22798K [0x73180000, 0x75b80000, 0x9dc00000)
  object space 43008K, 53% used [0x73180000,0x747c3b10,0x75b80000)
 PSPermGen       total 16384K, used 4299K [0x6b180000, 0x6c180000, 0x73180000)
  object space 16384K, 26% used [0x6b180000,0x6b5b2f80,0x6c180000)
Event: 19.337 GC heap after
Heap after GC invocations=6 (full 0):
 PSYoungGen      total 144384K, used 13880K [0x9dc00000, 0xa7f00000, 0xb3180000)
  eden space 130304K, 0% used [0x9dc00000,0x9dc00000,0xa5b40000)
  from space 14080K, 98% used [0xa6bc0000,0xa794e2f8,0xa7980000)
  to   space 16896K, 0% used [0xa5b40000,0xa5b40000,0xa6bc0000)
 ParOldGen       total 43008K, used 22798K [0x73180000, 0x75b80000, 0x9dc00000)
  object space 43008K, 53% used [0x73180000,0x747c3b10,0x75b80000)
 PSPermGen       total 16384K, used 4299K [0x6b180000, 0x6c180000, 0x73180000)
  object space 16384K, 26% used [0x6b180000,0x6b5b2f80,0x6c180000)
}

Deoptimization events (10 events):
Event: 2.963 Thread 0xb6308400 Uncommon trap: reason=class_check action=maybe_recompile pc=0xb32cc120 method=com.android.dx.ssa.NormalSsaInsn.accept(Lcom/android/dx/ssa/SsaInsn$Visitor;)V @ 9
Event: 3.236 Thread 0xb6308400 Uncommon trap: reason=class_check action=maybe_recompile pc=0xb32cc120 method=com.android.dx.ssa.NormalSsaInsn.accept(Lcom/android/dx/ssa/SsaInsn$Visitor;)V @ 9
Event: 4.242 Thread 0x67146000 Uncommon trap: reason=null_check action=make_not_entrant pc=0xb32fa8e8 method=com.android.dx.ssa.SsaRenamer.getLocalForNewReg(I)Lcom/android/dx/rop/code/LocalItem; @ 19
Event: 4.520 Thread 0x67146000 Uncommon trap: reason=null_check action=make_not_entrant pc=0xb32fdcbc method=com.android.dx.ssa.SsaRenamer.getLocalForNewReg(I)Lcom/android/dx/rop/code/LocalItem; @ 19
Event: 6.141 Thread 0x67144800 Uncommon trap: reason=unstable_if action=reinterpret pc=0xb32d1ed4 method=com.android.dx.rop.cst.Constant.compareTo(Lcom/android/dx/rop/cst/Constant;)I @ 12
Event: 6.794 Thread 0x67144800 Uncommon trap: reason=unstable_if action=reinterpret pc=0xb33295c8 method=com.android.dx.ssa.LocalVariableExtractor.processBlock(I)V @ 251
Event: 7.318 Thread 0xb6308400 Uncommon trap: reason=null_check action=make_not_entrant pc=0xb3311e50 method=com.android.dx.rop.type.Type.putIntern(Lcom/android/dx/rop/type/Type;)Lcom/android/dx/rop/type/Type; @ 18
Event: 9.383 Thread 0x67141400 Uncommon trap: reason=unstable_if action=reinterpret pc=0xb32e79ac method=com.android.dx.util.IntList.binarysearch(I)I @ 105
Event: 16.417 Thread 0x67146000 Uncommon trap: reason=unstable_if action=reinterpret pc=0xb337ed70 method=com.android.dx.cf.code.Ropper.isSynchronized()Z @ 12
Event: 19.663 Thread 0x67146000 Uncommon trap: reason=unstable_if action=reinterpret pc=0xb33442ac method=com.android.dx.ssa.SCCP.simulateBranch(Lcom/android/dx/ssa/SsaInsn;)V @ 548

Internal exceptions (10 events):
Event: 3.133 Thread 0x67141400 Threw 0x9e39cdf0 at /build/openjdk-7-PdBaKN/openjdk-7-7u91-2.6.3/build/openjdk/hotspot/src/share/vm/prims/jvm.cpp:1322
Event: 3.501 Thread 0x67144800 Threw 0x9e527038 at /build/openjdk-7-PdBaKN/openjdk-7-7u91-2.6.3/build/openjdk/hotspot/src/share/vm/prims/jvm.cpp:1322
Event: 4.242 Thread 0x67146000 Implicit null exception at 0xb32f9fc3 to 0xb32fa8d9
Event: 4.520 Thread 0x67146000 Implicit null exception at 0xb32fd3fc to 0xb32fdc9d
Event: 4.683 Thread 0xb6308400 Threw 0x9e293980 at /build/openjdk-7-PdBaKN/openjdk-7-7u91-2.6.3/build/openjdk/hotspot/src/share/vm/prims/jvm.cpp:1322
Event: 7.318 Thread 0xb6308400 Implicit null exception at 0xb33118da to 0xb3311e45
Event: 9.321 Thread 0xb6308400 Threw 0x9edf1218 at /build/openjdk-7-PdBaKN/openjdk-7-7u91-2.6.3/build/openjdk/hotspot/src/share/vm/prims/jvm.cpp:1322
Event: 11.870 Thread 0x67147000 Threw 0x9edbd3e8 at /build/openjdk-7-PdBaKN/openjdk-7-7u91-2.6.3/build/openjdk/hotspot/src/share/vm/prims/jvm.cpp:1322
Event: 14.860 Thread 0xb6308400 Threw 0xa13fffb0 at /build/openjdk-7-PdBaKN/openjdk-7-7u91-2.6.3/build/openjdk/hotspot/src/share/vm/prims/jvm.cpp:1322
Event: 23.473 Thread 0xb6308400 Threw 0xa07176c8 at /build/openjdk-7-PdBaKN/openjdk-7-7u91-2.6.3/build/openjdk/hotspot/src/share/vm/prims/jvm.cpp:1322

Events (10 events):
Event: 21.635 loading class 0x6ab59e48
Event: 21.669 loading class 0x6ab59e48 done
Event: 21.683 Thread 0x67146000 Thread exited: 0x67146000
Event: 21.698 Thread 0x67141400 Thread exited: 0x67141400
Event: 21.719 Thread 0x67144800 Thread exited: 0x67144800
Event: 23.447 Thread 0x67147000 Thread exited: 0x67147000
Event: 23.472 Thread 0x67143800 Thread exited: 0x67143800
Event: 23.473 loading class 0x67afde00
Event: 23.473 loading class 0x67afde00 done
Event: 23.735 Thread 0x67147000 Thread added: 0x67147000


Dynamic libraries:
08048000-08049000 r-xp 00000000 08:01 804961     /usr/lib/jvm/java-7-openjdk-i386/jre/bin/java
08049000-0804a000 r--p 00000000 08:01 804961     /usr/lib/jvm/java-7-openjdk-i386/jre/bin/java
0804a000-0804b000 rw-p 00001000 08:01 804961     /usr/lib/jvm/java-7-openjdk-i386/jre/bin/java
08ee9000-08f90000 rw-p 00000000 00:00 0          [heap]
64d00000-64ecb000 rw-p 00000000 00:00 0 
64ecb000-64f00000 ---p 00000000 00:00 0 
64f00000-64f29000 rw-p 00000000 00:00 0 
64f29000-65000000 ---p 00000000 00:00 0 
65100000-651f7000 rw-p 00000000 00:00 0 
651f7000-65200000 ---p 00000000 00:00 0 
65300000-653f9000 rw-p 00000000 00:00 0 
653f9000-65400000 ---p 00000000 00:00 0 
65400000-65500000 rw-p 00000000 00:00 0 
65500000-655f7000 rw-p 00000000 00:00 0 
655f7000-65600000 ---p 00000000 00:00 0 
65700000-657f9000 rw-p 00000000 00:00 0 
657f9000-65800000 ---p 00000000 00:00 0 
65900000-659e1000 rw-p 00000000 00:00 0 
659e1000-65a00000 ---p 00000000 00:00 0 
65a00000-65af9000 rw-p 00000000 00:00 0 
65af9000-65b00000 ---p 00000000 00:00 0 
65b00000-65cfe000 rw-p 00000000 00:00 0 
65cfe000-65d00000 ---p 00000000 00:00 0 
65d00000-65dfd000 rw-p 00000000 00:00 0 
65dfd000-65e00000 ---p 00000000 00:00 0 
65f00000-65ffe000 rw-p 00000000 00:00 0 
65ffe000-66000000 ---p 00000000 00:00 0 
66100000-661f9000 rw-p 00000000 00:00 0 
661f9000-66200000 ---p 00000000 00:00 0 
66200000-662fc000 rw-p 00000000 00:00 0 
662fc000-66300000 ---p 00000000 00:00 0 
66300000-663fb000 rw-p 00000000 00:00 0 
663fb000-66400000 ---p 00000000 00:00 0 
66400000-664f9000 rw-p 00000000 00:00 0 
664f9000-66500000 ---p 00000000 00:00 0 
66600000-666fa000 rw-p 00000000 00:00 0 
666fa000-66700000 ---p 00000000 00:00 0 
66700000-667f9000 rw-p 00000000 00:00 0 
667f9000-66800000 ---p 00000000 00:00 0 
66800000-668f5000 rw-p 00000000 00:00 0 
668f5000-66900000 ---p 00000000 00:00 0 
669f4000-669f7000 ---p 00000000 00:00 0 
669f7000-66a45000 rw-p 00000000 00:00 0 
66a45000-66a48000 ---p 00000000 00:00 0 
66a48000-66a96000 rw-p 00000000 00:00 0 
66a96000-66a99000 ---p 00000000 00:00 0 
66a99000-66ae7000 rw-p 00000000 00:00 0 
66aea000-66b38000 rw-p 00000000 00:00 0          [stack:6104]
66b38000-66b3b000 ---p 00000000 00:00 0 
66b3b000-66d4a000 rw-p 00000000 00:00 0 
66d4a000-66dba000 r-xp 00000000 08:01 394656     /lib/i386-linux-gnu/libpcre.so.3.13.1
66dba000-66dbb000 r--p 0006f000 08:01 394656     /lib/i386-linux-gnu/libpcre.so.3.13.1
66dbb000-66dbc000 rw-p 00070000 08:01 394656     /lib/i386-linux-gnu/libpcre.so.3.13.1
66dbc000-66ee2000 r-xp 00000000 08:01 394573     /lib/i386-linux-gnu/libglib-2.0.so.0.4400.0
66ee2000-66ee3000 r--p 00125000 08:01 394573     /lib/i386-linux-gnu/libglib-2.0.so.0.4400.0
66ee3000-66ee4000 rw-p 00126000 08:01 394573     /lib/i386-linux-gnu/libglib-2.0.so.0.4400.0
66ee4000-66f3f000 r-xp 00000000 08:01 137385     /usr/lib/i386-linux-gnu/libgobject-2.0.so.0.4400.0
66f3f000-66f40000 r--p 0005b000 08:01 137385     /usr/lib/i386-linux-gnu/libgobject-2.0.so.0.4400.0
66f40000-66f41000 rw-p 0005c000 08:01 137385     /usr/lib/i386-linux-gnu/libgobject-2.0.so.0.4400.0
66f41000-670fa000 r-xp 00000000 08:01 137357     /usr/lib/i386-linux-gnu/libgio-2.0.so.0.4400.0
670fa000-670fd000 r--p 001b8000 08:01 137357     /usr/lib/i386-linux-gnu/libgio-2.0.so.0.4400.0
670fd000-670ff000 rw-p 001bb000 08:01 137357     /usr/lib/i386-linux-gnu/libgio-2.0.so.0.4400.0
670ff000-67100000 rw-p 00000000 00:00 0 
67100000-67164000 rw-p 00000000 00:00 0 
67164000-67200000 ---p 00000000 00:00 0 
6723f000-67240000 ---p 00000000 00:00 0 
67240000-672c0000 rw-p 00000000 00:00 0          [stack:6051]
672c0000-672c3000 ---p 00000000 00:00 0 
672c3000-67311000 rw-p 00000000 00:00 0          [stack:6050]
67311000-67314000 ---p 00000000 00:00 0 
67314000-67392000 rw-p 00000000 00:00 0          [stack:6049]
67392000-67395000 ---p 00000000 00:00 0 
67395000-67413000 rw-p 00000000 00:00 0          [stack:6048]
67413000-6755a000 r-xp 00000000 08:01 136931     /usr/lib/i386-linux-gnu/libX11.so.6.3.0
6755a000-6755b000 r--p 00146000 08:01 136931     /usr/lib/i386-linux-gnu/libX11.so.6.3.0
6755b000-6755d000 rw-p 00147000 08:01 136931     /usr/lib/i386-linux-gnu/libX11.so.6.3.0
6755d000-6755e000 rw-p 00000000 00:00 0 
6755e000-67561000 ---p 00000000 00:00 0 
67561000-675af000 rw-p 00000000 00:00 0          [stack:6040]
675af000-677af000 r--p 00000000 08:01 143362     /usr/lib/locale/locale-archive
677af000-677b2000 ---p 00000000 00:00 0 
677b2000-67800000 rw-p 00000000 00:00 0          [stack:6039]
67800000-678ef000 rw-p 00000000 00:00 0 
678ef000-67900000 ---p 00000000 00:00 0 
67900000-67921000 rw-p 00000000 00:00 0 
67921000-67a00000 ---p 00000000 00:00 0 
67a00000-67b00000 rw-p 00000000 00:00 0 
67b0d000-67b21000 r-xp 00000000 08:01 394679     /lib/i386-linux-gnu/libresolv-2.21.so
67b21000-67b23000 r--p 00013000 08:01 394679     /lib/i386-linux-gnu/libresolv-2.21.so
67b23000-67b24000 rw-p 00015000 08:01 394679     /lib/i386-linux-gnu/libresolv-2.21.so
67b24000-67b26000 rw-p 00000000 00:00 0 
67b26000-67b4a000 r-xp 00000000 08:01 394683     /lib/i386-linux-gnu/libselinux.so.1
67b4a000-67b4b000 r--p 00024000 08:01 394683     /lib/i386-linux-gnu/libselinux.so.1
67b4b000-67b4c000 rw-p 00025000 08:01 394683     /lib/i386-linux-gnu/libselinux.so.1
67b4c000-67b4d000 rw-p 00000000 00:00 0 
67b4d000-67b4e000 ---p 00000000 00:00 0 
67b4e000-67bce000 rw-p 00000000 00:00 0          [stack:6036]
67bce000-67d80000 r--s 01d2e000 08:01 804984     /usr/lib/jvm/java-7-openjdk-i386/jre/lib/rt.jar
67d80000-6a600000 rw-p 00000000 00:00 0 
6a600000-6a700000 rw-p 00000000 00:00 0 
6a72e000-6a731000 ---p 00000000 00:00 0 
6a731000-6a77f000 rw-p 00000000 00:00 0          [stack:6038]
6a77f000-6a780000 ---p 00000000 00:00 0 
6a780000-6a800000 rw-p 00000000 00:00 0          [stack:6035]
6a800000-6a821000 rw-p 00000000 00:00 0 
6a821000-6a900000 ---p 00000000 00:00 0 
6a901000-6a908000 r-xp 00000000 08:01 137254     /usr/lib/i386-linux-gnu/libffi.so.6.0.4
6a908000-6a90a000 r--p 00006000 08:01 137254     /usr/lib/i386-linux-gnu/libffi.so.6.0.4
6a90a000-6a90b000 rw-p 00008000 08:01 137254     /usr/lib/i386-linux-gnu/libffi.so.6.0.4
6a90b000-6a922000 r-xp 00000000 08:01 805027     /usr/lib/jvm/java-7-openjdk-i386/jre/lib/i386/libnet.so
6a922000-6a923000 r--p 00016000 08:01 805027     /usr/lib/jvm/java-7-openjdk-i386/jre/lib/i386/libnet.so
6a923000-6a924000 rw-p 00017000 08:01 805027     /usr/lib/jvm/java-7-openjdk-i386/jre/lib/i386/libnet.so
6a924000-6a934000 r-xp 00000000 08:01 804991     /usr/lib/jvm/java-7-openjdk-i386/jre/lib/i386/libnio.so
6a934000-6a935000 r--p 00010000 08:01 804991     /usr/lib/jvm/java-7-openjdk-i386/jre/lib/i386/libnio.so
6a935000-6a936000 rw-p 00011000 08:01 804991     /usr/lib/jvm/java-7-openjdk-i386/jre/lib/i386/libnio.so
6a936000-6a97f000 rw-p 00000000 00:00 0 
6a97f000-6a980000 ---p 00000000 00:00 0 
6a980000-6aa00000 rw-p 00000000 00:00 0          [stack:6033]
6aa00000-6aa21000 rw-p 00000000 00:00 0 
6aa21000-6ab00000 ---p 00000000 00:00 0 
6ab02000-6ab22000 r-xp 00000000 08:01 138125     /usr/lib/i386-linux-gnu/libxcb.so.1.1.0
6ab22000-6ab23000 r--p 0001f000 08:01 138125     /usr/lib/i386-linux-gnu/libxcb.so.1.1.0
6ab23000-6ab24000 rw-p 00020000 08:01 138125     /usr/lib/i386-linux-gnu/libxcb.so.1.1.0
6ab24000-6ab7f000 rw-p 00000000 00:00 0 
6ab7f000-6ab80000 ---p 00000000 00:00 0 
6ab80000-6ac00000 rw-p 00000000 00:00 0          [stack:6030]
6ac00000-6ac2d000 rw-p 00000000 00:00 0 
6ac2d000-6ad00000 ---p 00000000 00:00 0 
6ad02000-6ad07000 r-xp 00000000 08:01 136946     /usr/lib/i386-linux-gnu/libXdmcp.so.6.0.0
6ad07000-6ad08000 r--p 00004000 08:01 136946     /usr/lib/i386-linux-gnu/libXdmcp.so.6.0.0
6ad08000-6ad09000 rw-p 00005000 08:01 136946     /usr/lib/i386-linux-gnu/libXdmcp.so.6.0.0
6ad09000-6ad0b000 r-xp 00000000 08:01 136935     /usr/lib/i386-linux-gnu/libXau.so.6.0.0
6ad0b000-6ad0c000 r--p 00001000 08:01 136935     /usr/lib/i386-linux-gnu/libXau.so.6.0.0
6ad0c000-6ad0d000 rw-p 00002000 08:01 136935     /usr/lib/i386-linux-gnu/libXau.so.6.0.0
6ad16000-6ad19000 r-xp 00000000 08:01 137371     /usr/lib/i386-linux-gnu/libgmodule-2.0.so.0.4400.0
6ad19000-6ad1a000 r--p 00002000 08:01 137371     /usr/lib/i386-linux-gnu/libgmodule-2.0.so.0.4400.0
6ad1a000-6ad1b000 rw-p 00003000 08:01 137371     /usr/lib/i386-linux-gnu/libgmodule-2.0.so.0.4400.0
6ad24000-6ad26000 r-xp 00000000 08:01 141618     /usr/lib/jayatana/libjayatanaag.so
6ad26000-6ad27000 r--p 00001000 08:01 141618     /usr/lib/jayatana/libjayatanaag.so
6ad27000-6ad28000 rw-p 00002000 08:01 141618     /usr/lib/jayatana/libjayatanaag.so
6ad28000-6ad29000 ---p 00000000 00:00 0 
6ad29000-6adb1000 rw-p 00000000 00:00 0          [stack:6028]
6adb1000-6ade9000 rw-p 00000000 00:00 0 
6ade9000-6adfe000 rw-p 00000000 00:00 0 
6adfe000-6af3f000 rw-p 00000000 00:00 0 
6af3f000-6af47000 rw-p 00000000 00:00 0 
6af47000-6af7f000 rw-p 00000000 00:00 0 
6af7f000-6af94000 rw-p 00000000 00:00 0 
6af94000-6b0d4000 rw-p 00000000 00:00 0 
6b0d4000-6b126000 rw-p 00000000 00:00 0 
6b126000-6b17f000 rw-p 00000000 00:00 0 
6b17f000-6c180000 rw-p 00000000 00:00 0 
6c180000-73180000 rw-p 00000000 00:00 0 
73180000-75b80000 rw-p 00000000 00:00 0 
75b80000-9dc00000 rw-p 00000000 00:00 0 
9dc00000-a7f00000 rw-p 00000000 00:00 0 
a7f00000-b3180000 rw-p 00000000 00:00 0 
b3180000-b318f000 r--s 000df000 08:01 1062595    /home/student/Android/Sdk/build-tools/23.0.3/lib/dx.jar
b318f000-b3192000 r--s 0000f000 08:01 804977     /usr/lib/jvm/java-7-openjdk-i386/jre/lib/ext/icedtea-sound.jar
b3192000-b3196000 r--s 00085000 08:01 804976     /usr/lib/jvm/java-7-openjdk-i386/jre/lib/ext/localedata.jar
b3196000-b319a000 r--s 00034000 08:01 804978     /usr/lib/jvm/java-7-openjdk-i386/jre/lib/ext/sunjce_provider.jar
b319a000-b31be000 rw-p 00000000 00:00 0 
b31be000-b3275000 rw-p 00000000 00:00 0 
b3275000-b34b5000 rwxp 00000000 00:00 0 
b34b5000-b6275000 rw-p 00000000 00:00 0 
b6275000-b6281000 r-xp 00000000 08:01 394626     /lib/i386-linux-gnu/libnss_files-2.21.so
b6281000-b6282000 r--p 0000b000 08:01 394626     /lib/i386-linux-gnu/libnss_files-2.21.so
b6282000-b6283000 rw-p 0000c000 08:01 394626     /lib/i386-linux-gnu/libnss_files-2.21.so
b6283000-b628e000 r-xp 00000000 08:01 394636     /lib/i386-linux-gnu/libnss_nis-2.21.so
b628e000-b628f000 r--p 0000a000 08:01 394636     /lib/i386-linux-gnu/libnss_nis-2.21.so
b628f000-b6290000 rw-p 0000b000 08:01 394636     /lib/i386-linux-gnu/libnss_nis-2.21.so
b6290000-b62a7000 r-xp 00000000 08:01 394620     /lib/i386-linux-gnu/libnsl-2.21.so
b62a7000-b62a8000 r--p 00016000 08:01 394620     /lib/i386-linux-gnu/libnsl-2.21.so
b62a8000-b62a9000 rw-p 00017000 08:01 394620     /lib/i386-linux-gnu/libnsl-2.21.so
b62a9000-b62ab000 rw-p 00000000 00:00 0 
b62ab000-b62b3000 r-xp 00000000 08:01 394622     /lib/i386-linux-gnu/libnss_compat-2.21.so
b62b3000-b62b4000 r--p 00007000 08:01 394622     /lib/i386-linux-gnu/libnss_compat-2.21.so
b62b4000-b62b5000 rw-p 00008000 08:01 394622     /lib/i386-linux-gnu/libnss_compat-2.21.so
b62b6000-b62ba000 r--s 0003c000 08:01 804979     /usr/lib/jvm/java-7-openjdk-i386/jre/lib/ext/sunpkcs11.jar
b62ba000-b62c2000 r-xp 00000000 08:01 804995     /usr/lib/jvm/java-7-openjdk-i386/jre/lib/i386/libzip.so
b62c2000-b62c3000 r--p 00007000 08:01 804995     /usr/lib/jvm/java-7-openjdk-i386/jre/lib/i386/libzip.so
b62c3000-b62c4000 rw-p 00008000 08:01 804995     /usr/lib/jvm/java-7-openjdk-i386/jre/lib/i386/libzip.so
b62c4000-b62cc000 rw-s 00000000 08:01 429817     /tmp/hsperfdata_student/6021
b62cc000-b62d6000 r-xp 00000000 08:01 805017     /usr/lib/jvm/java-7-openjdk-i386/jre/lib/i386/libinstrument.so
b62d6000-b62d7000 r--p 00009000 08:01 805017     /usr/lib/jvm/java-7-openjdk-i386/jre/lib/i386/libinstrument.so
b62d7000-b62d8000 rw-p 0000a000 08:01 805017     /usr/lib/jvm/java-7-openjdk-i386/jre/lib/i386/libinstrument.so
b62d8000-b62fe000 r-xp 00000000 08:01 805003     /usr/lib/jvm/java-7-openjdk-i386/jre/lib/i386/libjava.so
b62fe000-b62ff000 r--p 00025000 08:01 805003     /usr/lib/jvm/java-7-openjdk-i386/jre/lib/i386/libjava.so
b62ff000-b6300000 rw-p 00026000 08:01 805003     /usr/lib/jvm/java-7-openjdk-i386/jre/lib/i386/libjava.so
b6300000-b6400000 rw-p 00000000 00:00 0 
b6401000-b6402000 r--s 00000000 08:01 414147     /usr/share/java/jayatanaag.jar
b6402000-b6404000 r--s 00012000 08:01 804975     /usr/lib/jvm/java-7-openjdk-i386/jre/lib/ext/zipfs.jar
b6404000-b640b000 r-xp 00000000 08:01 394681     /lib/i386-linux-gnu/librt-2.21.so
b640b000-b640c000 r--p 00006000 08:01 394681     /lib/i386-linux-gnu/librt-2.21.so
b640c000-b640d000 rw-p 00007000 08:01 394681     /lib/i386-linux-gnu/librt-2.21.so
b640d000-b6410000 ---p 00000000 00:00 0 
b6410000-b645e000 rw-p 00000000 00:00 0          [stack:6025]
b645e000-b647a000 r-xp 00000000 08:01 394569     /lib/i386-linux-gnu/libgcc_s.so.1
b647a000-b647b000 rw-p 0001b000 08:01 394569     /lib/i386-linux-gnu/libgcc_s.so.1
b647b000-b64c6000 r-xp 00000000 08:01 394599     /lib/i386-linux-gnu/libm-2.21.so
b64c6000-b64c7000 r--p 0004a000 08:01 394599     /lib/i386-linux-gnu/libm-2.21.so
b64c7000-b64c8000 rw-p 0004b000 08:01 394599     /lib/i386-linux-gnu/libm-2.21.so
b64c8000-b65b1000 r-xp 00000000 08:01 137921     /usr/lib/i386-linux-gnu/libstdc++.so.6.0.20
b65b1000-b65b5000 r--p 000e9000 08:01 137921     /usr/lib/i386-linux-gnu/libstdc++.so.6.0.20
b65b5000-b65b6000 rw-p 000ed000 08:01 137921     /usr/lib/i386-linux-gnu/libstdc++.so.6.0.20
b65b6000-b65bd000 rw-p 00000000 00:00 0 
b65bd000-b7110000 r-xp 00000000 08:01 805013     /usr/lib/jvm/java-7-openjdk-i386/jre/lib/i386/server/libjvm.so
b7110000-b7164000 r--p 00b52000 08:01 805013     /usr/lib/jvm/java-7-openjdk-i386/jre/lib/i386/server/libjvm.so
b7164000-b7178000 rw-p 00ba6000 08:01 805013     /usr/lib/jvm/java-7-openjdk-i386/jre/lib/i386/server/libjvm.so
b7178000-b7597000 rw-p 00000000 00:00 0 
b7597000-b75b0000 r-xp 00000000 08:01 394714     /lib/i386-linux-gnu/libz.so.1.2.8
b75b0000-b75b1000 r--p 00019000 08:01 394714     /lib/i386-linux-gnu/libz.so.1.2.8
b75b1000-b75b2000 rw-p 0001a000 08:01 394714     /lib/i386-linux-gnu/libz.so.1.2.8
b75b2000-b75cb000 r-xp 00000000 08:01 394673     /lib/i386-linux-gnu/libpthread-2.21.so
b75cb000-b75cc000 r--p 00018000 08:01 394673     /lib/i386-linux-gnu/libpthread-2.21.so
b75cc000-b75cd000 rw-p 00019000 08:01 394673     /lib/i386-linux-gnu/libpthread-2.21.so
b75cd000-b75cf000 rw-p 00000000 00:00 0 
b75cf000-b75d2000 r-xp 00000000 08:01 394557     /lib/i386-linux-gnu/libdl-2.21.so
b75d2000-b75d3000 r--p 00002000 08:01 394557     /lib/i386-linux-gnu/libdl-2.21.so
b75d3000-b75d4000 rw-p 00003000 08:01 394557     /lib/i386-linux-gnu/libdl-2.21.so
b75d4000-b7788000 r-xp 00000000 08:01 394540     /lib/i386-linux-gnu/libc-2.21.so
b7788000-b778b000 r--p 001b3000 08:01 394540     /lib/i386-linux-gnu/libc-2.21.so
b778b000-b778d000 rw-p 001b6000 08:01 394540     /lib/i386-linux-gnu/libc-2.21.so
b778d000-b778f000 rw-p 00000000 00:00 0 
b778f000-b7790000 r--s 00002000 08:01 804980     /usr/lib/jvm/java-7-openjdk-i386/jre/lib/ext/dnsns.jar
b7790000-b7792000 r--s 00006000 08:01 399091     /usr/share/java/java-atk-wrapper.jar
b7792000-b7793000 r--p 005e0000 08:01 143362     /usr/lib/locale/locale-archive
b7793000-b7794000 rw-p 00000000 00:00 0 
b7794000-b7795000 r--p 00000000 00:00 0 
b7795000-b77a3000 r-xp 00000000 08:01 805022     /usr/lib/jvm/java-7-openjdk-i386/jre/lib/i386/libverify.so
b77a3000-b77a5000 r--p 0000d000 08:01 805022     /usr/lib/jvm/java-7-openjdk-i386/jre/lib/i386/libverify.so
b77a5000-b77a6000 rw-p 0000f000 08:01 805022     /usr/lib/jvm/java-7-openjdk-i386/jre/lib/i386/libverify.so
b77a6000-b77b2000 r-xp 00000000 08:01 805024     /usr/lib/jvm/java-7-openjdk-i386/jre/lib/i386/jli/libjli.so
b77b2000-b77b3000 r--p 0000b000 08:01 805024     /usr/lib/jvm/java-7-openjdk-i386/jre/lib/i386/jli/libjli.so
b77b3000-b77b4000 rw-p 0000c000 08:01 805024     /usr/lib/jvm/java-7-openjdk-i386/jre/lib/i386/jli/libjli.so
b77b4000-b77b7000 rw-p 00000000 00:00 0 
b77b7000-b77b9000 r--p 00000000 00:00 0          [vvar]
b77b9000-b77ba000 r-xp 00000000 00:00 0          [vdso]
b77ba000-b77dc000 r-xp 00000000 08:01 394512     /lib/i386-linux-gnu/ld-2.21.so
b77dc000-b77dd000 r--p 00021000 08:01 394512     /lib/i386-linux-gnu/ld-2.21.so
b77dd000-b77de000 rw-p 00022000 08:01 394512     /lib/i386-linux-gnu/ld-2.21.so
bfa0b000-bfa0c000 rwxp 00000000 00:00 0 
bfa3d000-bfa5f000 rw-p 00000000 00:00 0          [stack]

VM Arguments:
jvm_args: -javaagent:/usr/share/java/jayatanaag.jar -Djava.awt.headless=true -Xmx1024M -Dfile.encoding=UTF-8 -Duser.country=US -Duser.language=en -Duser.variant 
java_command: com.android.dx.command.Main --dex --num-threads=4 --multi-dex --output /home/student/test/HealthyBit/app/build/intermediates/transforms/dex/debug/folders/1000/10/com.android.support-appcompat-v7-23.1.1_2f2a7f5301a70263165a6eb0965c80720cc53247 /home/student/test/HealthyBit/app/build/intermediates/exploded-aar/com.android.support/appcompat-v7/23.1.1/jars/classes.jar
Launcher Type: SUN_STANDARD

Environment Variables:
JAVA_TOOL_OPTIONS=-javaagent:/usr/share/java/jayatanaag.jar 
PATH=/home/student/.linuxbrew/bin:/usr/local/sbin:/usr/local/bin:/usr/sbin:/usr/bin:/sbin:/bin:/usr/games:/usr/local/games:/etc/android-studio/bin/:/home/student/Android/Sdk/platform-tools:/home/student/Android/Sdk/tools
LD_LIBRARY_PATH=/etc/android-studio/bin:
SHELL=/bin/bash
DISPLAY=:0

Signal Handlers:
SIGSEGV: [libjvm.so+0x7f7d00], sa_mask[0]=0x7ffbfeff, sa_flags=0x10000004
SIGBUS: [libjvm.so+0x7f7d00], sa_mask[0]=0x7ffbfeff, sa_flags=0x10000004
SIGFPE: [libjvm.so+0x67a9d0], sa_mask[0]=0x7ffbfeff, sa_flags=0x10000004
SIGPIPE: [libjvm.so+0x67a9d0], sa_mask[0]=0x7ffbfeff, sa_flags=0x10000004
SIGXFSZ: [libjvm.so+0x67a9d0], sa_mask[0]=0x7ffbfeff, sa_flags=0x10000004
SIGILL: [libjvm.so+0x67a9d0], sa_mask[0]=0x7ffbfeff, sa_flags=0x10000004
SIGUSR1: SIG_DFL, sa_mask[0]=0x00000000, sa_flags=0x00000000
SIGUSR2: [libjvm.so+0x67a820], sa_mask[0]=0x00000004, sa_flags=0x10000004
SIGHUP: [libjvm.so+0x67aa80], sa_mask[0]=0x7ffbfeff, sa_flags=0x10000004
SIGINT: [libjvm.so+0x67aa80], sa_mask[0]=0x7ffbfeff, sa_flags=0x10000004
SIGTERM: [libjvm.so+0x67aa80], sa_mask[0]=0x7ffbfeff, sa_flags=0x10000004
SIGQUIT: [libjvm.so+0x67aa80], sa_mask[0]=0x7ffbfeff, sa_flags=0x10000004
SIGTRAP: SIG_DFL, sa_mask[0]=0x00000000, sa_flags=0x00000000


---------------  S Y S T E M  ---------------

OS:Ubuntu 15.04 (vivid)
uname:Linux 3.19.0-18-generic #18-Ubuntu SMP Tue May 19 18:30:59 UTC 2015 i686
libc:glibc 2.21 NPTL 2.21 
rlimit: STACK 8192k, CORE 0k, NPROC 32177, NOFILE 65536, AS infinity
load average:10.82 6.44 4.81

/proc/meminfo:
MemTotal:        4139540 kB
MemFree:          201952 kB
MemAvailable:     125248 kB
Buffers:             588 kB
Cached:            51404 kB
SwapCached:            0 kB
Active:          3547472 kB
Inactive:          41948 kB
Active(anon):    3539392 kB
Inactive(anon):    37620 kB
Active(file):       8080 kB
Inactive(file):     4328 kB
Unevictable:          32 kB
Mlocked:              32 kB
HighTotal:       3280776 kB
HighFree:          31512 kB
LowTotal:         858764 kB
LowFree:          170440 kB
SwapTotal:             0 kB
SwapFree:              0 kB
Dirty:                80 kB
Writeback:             0 kB
AnonPages:       3538128 kB
Mapped:            35116 kB
Shmem:             38796 kB
Slab:              49408 kB
SReclaimable:      23500 kB
SUnreclaim:        25908 kB
KernelStack:        5512 kB
PageTables:        15084 kB
NFS_Unstable:          0 kB
Bounce:                0 kB
WritebackTmp:          0 kB
CommitLimit:     2069768 kB
Committed_AS:    6337964 kB
VmallocTotal:     122880 kB
VmallocUsed:       23416 kB
VmallocChunk:      49124 kB
AnonHugePages:   2658304 kB
CmaTotal:              0 kB
CmaFree:               0 kB
HugePages_Total:       0
HugePages_Free:        0
HugePages_Rsvd:        0
HugePages_Surp:        0
Hugepagesize:       2048 kB
DirectMap4k:       61432 kB
DirectMap2M:      851968 kB


CPU:total 4 (1 cores per cpu, 1 threads per core) family 6 model 58 stepping 9, cmov, cx8, fxsr, mmx, sse, sse2, sse3, ssse3, sse4.1, sse4.2, popcnt, avx, aes, erms, tsc, tscinvbit, tscinv

/proc/cpuinfo:
processor	: 0
vendor_id	: GenuineIntel
cpu family	: 6
model		: 58
model name	: Intel(R) Core(TM) i5-3210M CPU @ 2.50GHz
stepping	: 9
microcode	: 0x15
cpu MHz		: 2494.111
cache size	: 3072 KB
physical id	: 0
siblings	: 1
core id		: 0
cpu cores	: 1
apicid		: 0
initial apicid	: 0
fdiv_bug	: no
f00f_bug	: no
coma_bug	: no
fpu		: yes
fpu_exception	: yes
cpuid level	: 13
wp		: yes
flags		: fpu vme de pse tsc msr pae mce cx8 apic sep mtrr pge mca cmov pat pse36 clflush dts mmx fxsr sse sse2 ss nx rdtscp lm constant_tsc arch_perfmon pebs bts xtopology tsc_reliable nonstop_tsc aperfmperf pni pclmulqdq ssse3 cx16 pcid sse4_1 sse4_2 x2apic popcnt tsc_deadline_timer aes xsave avx f16c rdrand hypervisor lahf_lm ida arat epb pln pts dtherm fsgsbase tsc_adjust smep
bugs		:
bogomips	: 4988.22
clflush size	: 64
cache_alignment	: 64
address sizes	: 42 bits physical, 48 bits virtual
power management:

processor	: 1
vendor_id	: GenuineIntel
cpu family	: 6
model		: 58
model name	: Intel(R) Core(TM) i5-3210M CPU @ 2.50GHz
stepping	: 9
microcode	: 0x15
cpu MHz		: 2494.111
cache size	: 3072 KB
physical id	: 2
siblings	: 1
core id		: 0
cpu cores	: 1
apicid		: 2
initial apicid	: 2
fdiv_bug	: no
f00f_bug	: no
coma_bug	: no
fpu		: yes
fpu_exception	: yes
cpuid level	: 13
wp		: yes
flags		: fpu vme de pse tsc msr pae mce cx8 apic sep mtrr pge mca cmov pat pse36 clflush dts mmx fxsr sse sse2 ss nx rdtscp lm constant_tsc arch_perfmon pebs bts xtopology tsc_reliable nonstop_tsc aperfmperf pni pclmulqdq ssse3 cx16 pcid sse4_1 sse4_2 x2apic popcnt tsc_deadline_timer aes xsave avx f16c rdrand hypervisor lahf_lm ida arat epb pln pts dtherm fsgsbase tsc_adjust smep
bugs		:
bogomips	: 4988.22
clflush size	: 64
cache_alignment	: 64
address sizes	: 42 bits physical, 48 bits virtual
power management:

processor	: 2
vendor_id	: GenuineIntel
cpu family	: 6
model		: 58
model name	: Intel(R) Core(TM) i5-3210M CPU @ 2.50GHz
stepping	: 9
microcode	: 0x15
cpu MHz		: 2494.111
cache size	: 3072 KB
physical id	: 4
siblings	: 1
core id		: 0
cpu cores	: 1
apicid		: 4
initial apicid	: 4
fdiv_bug	: no
f00f_bug	: no
coma_bug	: no
fpu		: yes
fpu_exception	: yes
cpuid level	: 13
wp		: yes
flags		: fpu vme de pse tsc msr pae mce cx8 apic sep mtrr pge mca cmov pat pse36 clflush dts mmx fxsr sse sse2 ss nx rdtscp lm constant_tsc arch_perfmon pebs bts xtopology tsc_reliable nonstop_tsc aperfmperf pni pclmulqdq ssse3 cx16 pcid sse4_1 sse4_2 x2apic popcnt tsc_deadline_timer aes xsave avx f16c rdrand hypervisor lahf_lm ida arat epb pln pts dtherm fsgsbase tsc_adjust smep
bugs		:
bogomips	: 4988.22
clflush size	: 64
cache_alignment	: 64
address sizes	: 42 bits physical, 48 bits virtual
power management:

processor	: 3
vendor_id	: GenuineIntel
cpu family	: 6
model		: 58
model name	: Intel(R) Core(TM) i5-3210M CPU @ 2.50GHz
stepping	: 9
microcode	: 0x15
cpu MHz		: 2494.111
cache size	: 3072 KB
physical id	: 6
siblings	: 1
core id		: 0
cpu cores	: 1
apicid		: 6
initial apicid	: 6
fdiv_bug	: no
f00f_bug	: no
coma_bug	: no
fpu		: yes
fpu_exception	: yes
cpuid level	: 13
wp		: yes
flags		: fpu vme de pse tsc msr pae mce cx8 apic sep mtrr pge mca cmov pat pse36 clflush dts mmx fxsr sse sse2 ss nx rdtscp lm constant_tsc arch_perfmon pebs bts xtopology tsc_reliable nonstop_tsc aperfmperf pni pclmulqdq ssse3 cx16 pcid sse4_1 sse4_2 x2apic popcnt tsc_deadline_timer aes xsave avx f16c rdrand hypervisor lahf_lm ida arat epb pln pts dtherm fsgsbase tsc_adjust smep
bugs		:
bogomips	: 4988.22
clflush size	: 64
cache_alignment	: 64
address sizes	: 42 bits physical, 48 bits virtual
power management:



Memory: 4k page, physical 4139540k(201704k free), swap 0k(0k free)

vm_info: OpenJDK Server VM (24.91-b01) for linux-x86 JRE (1.7.0_91-b02), built on Nov 19 2015 06:25:06 by "buildd" with gcc 4.9.2

time: Tue May  3 16:07:57 2016
elapsed time: 24 seconds

