#
# There is insufficient memory for the Java Runtime Environment to continue.
# Native memory allocation (malloc) failed to allocate 78118912 bytes for committing reserved memory.
# Possible reasons:
#   The system is out of physical RAM or swap space
#   In 32 bit mode, the process size limit was hit
# Possible solutions:
#   Reduce memory load on the system
#   Increase physical memory or swap space
#   Check if swap backing store is full
#   Use 64 bit Java on a 64 bit OS
#   Decrease Java heap size (-Xmx/-Xms)
#   Decrease number of Java threads
#   Decrease Java thread stack sizes (-Xss)
#   Set larger code cache with -XX:ReservedCodeCacheSize=
# This output file may be truncated or incomplete.
#
#  Out of Memory Error (os_linux.cpp:2827), pid=5116, tid=1740430144
#
# JRE version: OpenJDK Runtime Environment (7.0_91-b02) (build 1.7.0_91-b02)
# Java VM: OpenJDK Server VM (24.91-b01 mixed mode linux-x86 )
# Derivative: IcedTea 2.6.3
# Distribution: Ubuntu 15.04, package 7u91-2.6.3-0ubuntu0.15.04.1
# Failed to write core dump. Core dumps have been disabled. To enable core dumping, try "ulimit -c unlimited" before starting Java again
#

---------------  T H R E A D  ---------------

Current thread (0x67a81400):  VMThread [stack: 0x67b4d000,0x67bce000] [id=5140]

Stack: [0x67b4d000,0x67bce000]
VM_Operation (0x66a56ab4): ParallelGCFailedAllocation, mode: safepoint, requested by thread 0x6714ec00


---------------  P R O C E S S  ---------------

Java Threads: ( => current thread )
  0x6715f800 JavaThread "pool-2-thread-4" [_thread_blocked, id=5180, stack(0x668c3000,0x66914000)]
  0x6715e800 JavaThread "pool-2-thread-3" [_thread_blocked, id=5179, stack(0x66914000,0x66965000)]
  0x6715d800 JavaThread "pool-2-thread-2" [_thread_blocked, id=5178, stack(0x66965000,0x669b6000)]
  0x6715ac00 JavaThread "pool-3-thread-1" [_thread_blocked, id=5177, stack(0x669b6000,0x66a07000)]
  0x6714ec00 JavaThread "pool-2-thread-1" [_thread_blocked, id=5176, stack(0x66a07000,0x66a58000)]
  0x67aed800 JavaThread "Service Thread" daemon [_thread_blocked, id=5151, stack(0x672c0000,0x67311000)]
  0x67aeb800 JavaThread "C2 CompilerThread1" daemon [_thread_blocked, id=5150, stack(0x67311000,0x67392000)]
  0x67aea400 JavaThread "C2 CompilerThread0" daemon [_thread_blocked, id=5149, stack(0x67392000,0x67413000)]
  0x67a97400 JavaThread "Signal Dispatcher" daemon [_thread_blocked, id=5146, stack(0x6755e000,0x675af000)]
  0x67a85400 JavaThread "Finalizer" daemon [_thread_blocked, id=5142, stack(0x677af000,0x67800000)]
  0x67a83c00 JavaThread "Reference Handler" daemon [_thread_blocked, id=5141, stack(0x6a72e000,0x6a77f000)]
  0xb6308400 JavaThread "main" [_thread_blocked, id=5132, stack(0xb6402000,0xb6453000)]

Other Threads:
=>0x67a81400 VMThread [stack: 0x67b4d000,0x67bce000] [id=5140]
  0x67aef800 WatcherThread [stack: 0x6723f000,0x672c0000] [id=5152]

VM state:at safepoint (normal execution)

VM Mutex/Monitor currently owned by a thread:  ([mutex/lock_event])
[0xb6305e30] Threads_lock - owner thread: 0x67a81400
[0xb6306240] Heap_lock - owner thread: 0x6714ec00

Heap
 PSYoungGen      total 76032K, used 10742K [0x9dc00000, 0xa3200000, 0xb3180000)
  eden space 65280K, 0% used [0x9dc00000,0x9dc00000,0xa1bc0000)
  from space 10752K, 99% used [0xa1bc0000,0xa263d868,0xa2640000)
  to   space 9472K, 0% used [0xa2640000,0xa2640000,0xa2f80000)
 ParOldGen       total 43008K, used 21058K [0x73180000, 0x75b80000, 0x9dc00000)
  object space 43008K, 48% used [0x73180000,0x74610ab8,0x75b80000)
 PSPermGen       total 16384K, used 4296K [0x6b180000, 0x6c180000, 0x73180000)
  object space 16384K, 26% used [0x6b180000,0x6b5b2130,0x6c180000)

Card table byte_map: [0x6af3f000,0x6b180000] byte_map_base: 0x6abe6400

Polling page: 0xb7789000

Code Cache  [0xb326c000, 0xb34ac000, 0xb626c000)
 total_blobs=426 nmethods=303 adapters=76 free_code_cache=47942Kb largest_free_block=49021184

Compilation events (10 events):
Event: 19.789 Thread 0x67aeb800 nmethod 239 0xb3394948 code [0xb3395420, 0xb339c128]
Event: 19.796 Thread 0x67aeb800  307             com.android.dx.cf.code.ByteOps::opInfo (6 bytes)
Event: 19.796 Thread 0x67aeb800 nmethod 307 0xb3362588 code [0xb3362680, 0xb33626d0]
Event: 19.796 Thread 0x67aeb800  308             com.android.dx.rop.code.BasicBlockList$RegCountVisitor::visitPlainInsn (6 bytes)
Event: 19.817 Thread 0x67aeb800 nmethod 308 0xb32fe048 code [0xb32fe160, 0xb32fe3d0]
Event: 19.817 Thread 0x67aeb800  309             java.util.TreeMap::put (247 bytes)
Event: 19.906 Thread 0x67aeb800 nmethod 309 0xb3300bc8 code [0xb3300d40, 0xb33014f0]
Event: 19.906 Thread 0x67aeb800  310             com.android.dx.cf.iface.StdAttributeList::findFirst (44 bytes)
Event: 19.926 Thread 0x67aeb800 nmethod 310 0xb33005c8 code [0xb33006e0, 0xb3300930]
Event: 19.926 Thread 0x67aeb800  311             com.android.dx.ssa.Dominators::eval (29 bytes)

GC Heap History (10 events):
Event: 2.375 GC heap after
Heap after GC invocations=2 (full 0):
 PSYoungGen      total 19200K, used 2556K [0x9dc00000, 0xa0180000, 0xb3180000)
  eden space 16640K, 0% used [0x9dc00000,0x9dc00000,0x9ec40000)
  from space 2560K, 99% used [0x9eec0000,0x9f13f160,0x9f140000)
  to   space 2560K, 0% used [0x9ec40000,0x9ec40000,0x9eec0000)
 ParOldGen       total 43008K, used 2027K [0x73180000, 0x75b80000, 0x9dc00000)
  object space 43008K, 4% used [0x73180000,0x7337ad90,0x75b80000)
 PSPermGen       total 16384K, used 4122K [0x6b180000, 0x6c180000, 0x73180000)
  object space 16384K, 25% used [0x6b180000,0x6b586920,0x6c180000)
}
Event: 3.652 GC heap before
{Heap before GC invocations=3 (full 0):
 PSYoungGen      total 19200K, used 19196K [0x9dc00000, 0xa0180000, 0xb3180000)
  eden space 16640K, 100% used [0x9dc00000,0x9ec40000,0x9ec40000)
  from space 2560K, 99% used [0x9eec0000,0x9f13f160,0x9f140000)
  to   space 2560K, 0% used [0x9ec40000,0x9ec40000,0x9eec0000)
 ParOldGen       total 43008K, used 2027K [0x73180000, 0x75b80000, 0x9dc00000)
  object space 43008K, 4% used [0x73180000,0x7337ad90,0x75b80000)
 PSPermGen       total 16384K, used 4203K [0x6b180000, 0x6c180000, 0x73180000)
  object space 16384K, 25% used [0x6b180000,0x6b59ac00,0x6c180000)
Event: 3.673 GC heap after
Heap after GC invocations=3 (full 0):
 PSYoungGen      total 19200K, used 2558K [0x9dc00000, 0xa0180000, 0xb3180000)
  eden space 16640K, 0% used [0x9dc00000,0x9dc00000,0x9ec40000)
  from space 2560K, 99% used [0x9ec40000,0x9eebf910,0x9eec0000)
  to   space 2560K, 0% used [0x9ff00000,0x9ff00000,0xa0180000)
 ParOldGen       total 43008K, used 4781K [0x73180000, 0x75b80000, 0x9dc00000)
  object space 43008K, 11% used [0x73180000,0x7362b6c8,0x75b80000)
 PSPermGen       total 16384K, used 4203K [0x6b180000, 0x6c180000, 0x73180000)
  object space 16384K, 25% used [0x6b180000,0x6b59ac00,0x6c180000)
}
Event: 4.876 GC heap before
{Heap before GC invocations=4 (full 0):
 PSYoungGen      total 19200K, used 19198K [0x9dc00000, 0xa0180000, 0xb3180000)
  eden space 16640K, 100% used [0x9dc00000,0x9ec40000,0x9ec40000)
  from space 2560K, 99% used [0x9ec40000,0x9eebf910,0x9eec0000)
  to   space 2560K, 0% used [0x9ff00000,0x9ff00000,0xa0180000)
 ParOldGen       total 43008K, used 4781K [0x73180000, 0x75b80000, 0x9dc00000)
  object space 43008K, 11% used [0x73180000,0x7362b6c8,0x75b80000)
 PSPermGen       total 16384K, used 4228K [0x6b180000, 0x6c180000, 0x73180000)
  object space 16384K, 25% used [0x6b180000,0x6b5a11e0,0x6c180000)
Event: 4.930 GC heap after
Heap after GC invocations=4 (full 0):
 PSYoungGen      total 35840K, used 2550K [0x9dc00000, 0xa0180000, 0xb3180000)
  eden space 33280K, 0% used [0x9dc00000,0x9dc00000,0x9fc80000)
  from space 2560K, 99% used [0x9ff00000,0xa017d900,0xa0180000)
  to   space 2560K, 0% used [0x9fc80000,0x9fc80000,0x9ff00000)
 ParOldGen       total 43008K, used 7956K [0x73180000, 0x75b80000, 0x9dc00000)
  object space 43008K, 18% used [0x73180000,0x739451f8,0x75b80000)
 PSPermGen       total 16384K, used 4228K [0x6b180000, 0x6c180000, 0x73180000)
  object space 16384K, 25% used [0x6b180000,0x6b5a11e0,0x6c180000)
}
Event: 11.950 GC heap before
{Heap before GC invocations=5 (full 0):
 PSYoungGen      total 35840K, used 35830K [0x9dc00000, 0xa0180000, 0xb3180000)
  eden space 33280K, 100% used [0x9dc00000,0x9fc80000,0x9fc80000)
  from space 2560K, 99% used [0x9ff00000,0xa017d900,0xa0180000)
  to   space 2560K, 0% used [0x9fc80000,0x9fc80000,0x9ff00000)
 ParOldGen       total 43008K, used 7956K [0x73180000, 0x75b80000, 0x9dc00000)
  object space 43008K, 18% used [0x73180000,0x739451f8,0x75b80000)
 PSPermGen       total 16384K, used 4252K [0x6b180000, 0x6c180000, 0x73180000)
  object space 16384K, 25% used [0x6b180000,0x6b5a7110,0x6c180000)
Event: 12.018 GC heap after
Heap after GC invocations=5 (full 0):
 PSYoungGen      total 35840K, used 2545K [0x9dc00000, 0xa2f80000, 0xb3180000)
  eden space 33280K, 0% used [0x9dc00000,0x9dc00000,0x9fc80000)
  from space 2560K, 99% used [0x9fc80000,0x9fefc5f8,0x9ff00000)
  to   space 9472K, 0% used [0xa2640000,0xa2640000,0xa2f80000)
 ParOldGen       total 43008K, used 12996K [0x73180000, 0x75b80000, 0x9dc00000)
  object space 43008K, 30% used [0x73180000,0x73e313f8,0x75b80000)
 PSPermGen       total 16384K, used 4252K [0x6b180000, 0x6c180000, 0x73180000)
  object space 16384K, 25% used [0x6b180000,0x6b5a7110,0x6c180000)
}
Event: 15.021 GC heap before
{Heap before GC invocations=6 (full 0):
 PSYoungGen      total 35840K, used 35825K [0x9dc00000, 0xa2f80000, 0xb3180000)
  eden space 33280K, 100% used [0x9dc00000,0x9fc80000,0x9fc80000)
  from space 2560K, 99% used [0x9fc80000,0x9fefc5f8,0x9ff00000)
  to   space 9472K, 0% used [0xa2640000,0xa2640000,0xa2f80000)
 ParOldGen       total 43008K, used 12996K [0x73180000, 0x75b80000, 0x9dc00000)
  object space 43008K, 30% used [0x73180000,0x73e313f8,0x75b80000)
 PSPermGen       total 16384K, used 4266K [0x6b180000, 0x6c180000, 0x73180000)
  object space 16384K, 26% used [0x6b180000,0x6b5aaae0,0x6c180000)
Event: 15.130 GC heap after
Heap after GC invocations=6 (full 0):
 PSYoungGen      total 74752K, used 8408K [0x9dc00000, 0xa3200000, 0xb3180000)
  eden space 65280K, 0% used [0x9dc00000,0x9dc00000,0xa1bc0000)
  from space 9472K, 88% used [0xa2640000,0xa2e761b8,0xa2f80000)
  to   space 10752K, 0% used [0xa1bc0000,0xa1bc0000,0xa2640000)
 ParOldGen       total 43008K, used 12996K [0x73180000, 0x75b80000, 0x9dc00000)
  object space 43008K, 30% used [0x73180000,0x73e313f8,0x75b80000)
 PSPermGen       total 16384K, used 4266K [0x6b180000, 0x6c180000, 0x73180000)
  object space 16384K, 26% used [0x6b180000,0x6b5aaae0,0x6c180000)
}
Event: 19.954 GC heap before
{Heap before GC invocations=7 (full 0):
 PSYoungGen      total 74752K, used 73688K [0x9dc00000, 0xa3200000, 0xb3180000)
  eden space 65280K, 100% used [0x9dc00000,0xa1bc0000,0xa1bc0000)
  from space 9472K, 88% used [0xa2640000,0xa2e761b8,0xa2f80000)
  to   space 10752K, 0% used [0xa1bc0000,0xa1bc0000,0xa2640000)
 ParOldGen       total 43008K, used 12996K [0x73180000, 0x75b80000, 0x9dc00000)
  object space 43008K, 30% used [0x73180000,0x73e313f8,0x75b80000)
 PSPermGen       total 16384K, used 4296K [0x6b180000, 0x6c180000, 0x73180000)
  object space 16384K, 26% used [0x6b180000,0x6b5b2130,0x6c180000)

Deoptimization events (10 events):
Event: 11.221 Thread 0xb6308400 Uncommon trap: reason=null_check action=make_not_entrant pc=0xb32f3438 method=com.android.dx.rop.type.Type.putIntern(Lcom/android/dx/rop/type/Type;)Lcom/android/dx/rop/type/Type; @ 18
Event: 11.352 Thread 0x6715e800 Uncommon trap: reason=unstable_if action=reinterpret pc=0xb32cfaa4 method=com.android.dx.rop.code.RegisterSpecSet.put(Lcom/android/dx/rop/code/RegisterSpec;)V @ 77
Event: 11.421 Thread 0x6715e800 Uncommon trap: reason=unstable_if action=reinterpret pc=0xb333f358 method=com.android.dx.rop.code.RegisterSpecSet.put(Lcom/android/dx/rop/code/RegisterSpec;)V @ 77
Event: 11.509 Thread 0x6715d800 Uncommon trap: reason=class_check action=maybe_recompile pc=0xb32f1f58 method=java.util.HashMap.put(Ljava/lang/Object;Ljava/lang/Object;)Ljava/lang/Object; @ 83
Event: 11.509 Thread 0x6715d800 Uncommon trap: reason=class_check action=maybe_recompile pc=0xb32f1f58 method=java.util.HashMap.put(Ljava/lang/Object;Ljava/lang/Object;)Ljava/lang/Object; @ 83
Event: 11.510 Thread 0x6715d800 Uncommon trap: reason=class_check action=maybe_recompile pc=0xb32f1f58 method=java.util.HashMap.put(Ljava/lang/Object;Ljava/lang/Object;)Ljava/lang/Object; @ 83
Event: 11.510 Thread 0x6715d800 Uncommon trap: reason=class_check action=maybe_recompile pc=0xb32f1f58 method=java.util.HashMap.put(Ljava/lang/Object;Ljava/lang/Object;)Ljava/lang/Object; @ 83
Event: 11.863 Thread 0x6714ec00 Uncommon trap: reason=unstable_if action=reinterpret pc=0xb3322888 method=com.android.dx.ssa.SCCP.simulateBranch(Lcom/android/dx/ssa/SsaInsn;)V @ 64
Event: 11.865 Thread 0x6714ec00 Uncommon trap: reason=unstable_if action=reinterpret pc=0xb331c1bc method=com.android.dx.ssa.SsaMethod.updateOneDefinition(Lcom/android/dx/ssa/SsaInsn;Lcom/android/dx/rop/code/RegisterSpec;)V @ 4
Event: 15.148 Thread 0xb6308400 Uncommon trap: reason=null_check action=make_not_entrant pc=0xb3369380 method=com.android.dx.cf.code.Ropper$CatchInfo.getSetup(Lcom/android/dx/rop/type/Type;)Lcom/android/dx/cf/code/Ropper$ExceptionHandlerSetup; @ 10

Internal exceptions (10 events):
Event: 1.383 Thread 0x6714ec00 Threw 0x9e3f6798 at /build/openjdk-7-PdBaKN/openjdk-7-7u91-2.6.3/build/openjdk/hotspot/src/share/vm/prims/jvm.cpp:1322
Event: 1.789 Thread 0x6715f800 Threw 0x9e635178 at /build/openjdk-7-PdBaKN/openjdk-7-7u91-2.6.3/build/openjdk/hotspot/src/share/vm/prims/jvm.cpp:1322
Event: 1.952 Thread 0x6715d800 Threw 0x9e91a410 at /build/openjdk-7-PdBaKN/openjdk-7-7u91-2.6.3/build/openjdk/hotspot/src/share/vm/prims/jvm.cpp:1322
Event: 2.482 Thread 0x6715e800 Threw 0x9dd1ad30 at /build/openjdk-7-PdBaKN/openjdk-7-7u91-2.6.3/build/openjdk/hotspot/src/share/vm/prims/jvm.cpp:1322
Event: 11.221 Thread 0xb6308400 Implicit null exception at 0xb32f2ea2 to 0xb32f342d
Event: 11.315 Thread 0x6715e800 Threw 0x9f4dc8a8 at /build/openjdk-7-PdBaKN/openjdk-7-7u91-2.6.3/build/openjdk/hotspot/src/share/vm/prims/jvm.cpp:1322
Event: 11.354 Thread 0xb6308400 Threw 0x9f457278 at /build/openjdk-7-PdBaKN/openjdk-7-7u91-2.6.3/build/openjdk/hotspot/src/share/vm/prims/jvm.cpp:1322
Event: 11.864 Thread 0x6714ec00 Threw 0x9fb320c8 at /build/openjdk-7-PdBaKN/openjdk-7-7u91-2.6.3/build/openjdk/hotspot/src/share/vm/prims/jvm.cpp:1322
Event: 15.148 Thread 0xb6308400 Implicit null exception at 0xb3366304 to 0xb3369355
Event: 19.090 Thread 0xb6308400 Threw 0xa0ad6260 at /build/openjdk-7-PdBaKN/openjdk-7-7u91-2.6.3/build/openjdk/hotspot/src/share/vm/prims/jvm.cpp:1322

Events (10 events):
Event: 15.147 Executing VM operation: BulkRevokeBias done
Event: 15.148 Thread 0xb6308400 Uncommon trap: trap_request=0xfffffff4 fr.pc=0xb3369380
Event: 15.148 Thread 0xb6308400 DEOPT PACKING pc=0xb3369380 sp=0xb6451890
Event: 15.148 Thread 0xb6308400 DEOPT UNPACKING pc=0xb3298bc8 sp=0xb645185c mode 2
Event: 18.068 Thread 0x67aea400 flushing nmethod 0xb32fe048
Event: 18.068 Thread 0x67aea400 flushing nmethod 0xb330c688
Event: 19.090 loading class 0x67af4c90
Event: 19.090 loading class 0x67af4c90 done
Event: 19.796 Thread 0x67aeb800 flushing nmethod 0xb32dbbc8
Event: 19.939 Executing VM operation: ParallelGCFailedAllocation


Dynamic libraries:
08048000-08049000 r-xp 00000000 08:01 804961     /usr/lib/jvm/java-7-openjdk-i386/jre/bin/java
08049000-0804a000 r--p 00000000 08:01 804961     /usr/lib/jvm/java-7-openjdk-i386/jre/bin/java
0804a000-0804b000 rw-p 00001000 08:01 804961     /usr/lib/jvm/java-7-openjdk-i386/jre/bin/java
08594000-08660000 rw-p 00000000 00:00 0          [heap]
64c00000-64cff000 rw-p 00000000 00:00 0 
64cff000-64d00000 ---p 00000000 00:00 0 
64e00000-64ef7000 rw-p 00000000 00:00 0 
64ef7000-64f00000 ---p 00000000 00:00 0 
65000000-650da000 rw-p 00000000 00:00 0 
650da000-65100000 ---p 00000000 00:00 0 
65100000-651fa000 rw-p 00000000 00:00 0 
651fa000-65200000 ---p 00000000 00:00 0 
65200000-652f3000 rw-p 00000000 00:00 0 
652f3000-65300000 ---p 00000000 00:00 0 
65300000-653ea000 rw-p 00000000 00:00 0 
653ea000-65400000 ---p 00000000 00:00 0 
65400000-654f9000 rw-p 00000000 00:00 0 
654f9000-65500000 ---p 00000000 00:00 0 
65600000-65700000 rw-p 00000000 00:00 0 
65800000-658fa000 rw-p 00000000 00:00 0 
658fa000-65900000 ---p 00000000 00:00 0 
65900000-659ff000 rw-p 00000000 00:00 0 
659ff000-65a00000 ---p 00000000 00:00 0 
65a00000-65afc000 rw-p 00000000 00:00 0 
65afc000-65b00000 ---p 00000000 00:00 0 
65c00000-65cf9000 rw-p 00000000 00:00 0 
65cf9000-65d00000 ---p 00000000 00:00 0 
65d00000-65e00000 rw-p 00000000 00:00 0 
65e00000-65ef9000 rw-p 00000000 00:00 0 
65ef9000-65f00000 ---p 00000000 00:00 0 
65f00000-65ff1000 rw-p 00000000 00:00 0 
65ff1000-66000000 ---p 00000000 00:00 0 
66000000-660f1000 rw-p 00000000 00:00 0 
660f1000-66100000 ---p 00000000 00:00 0 
66100000-661fd000 rw-p 00000000 00:00 0 
661fd000-66200000 ---p 00000000 00:00 0 
66200000-662e6000 rw-p 00000000 00:00 0 
662e6000-66300000 ---p 00000000 00:00 0 
66300000-663fb000 rw-p 00000000 00:00 0 
663fb000-66400000 ---p 00000000 00:00 0 
66500000-665df000 rw-p 00000000 00:00 0 
665df000-66600000 ---p 00000000 00:00 0 
66700000-667f8000 rw-p 00000000 00:00 0 
667f8000-66800000 ---p 00000000 00:00 0 
668c3000-668c6000 ---p 00000000 00:00 0 
668c6000-66914000 rw-p 00000000 00:00 0          [stack:5180]
66914000-66917000 ---p 00000000 00:00 0 
66917000-66965000 rw-p 00000000 00:00 0          [stack:5179]
66965000-66968000 ---p 00000000 00:00 0 
66968000-669b6000 rw-p 00000000 00:00 0          [stack:5178]
669b6000-669b9000 ---p 00000000 00:00 0 
669b9000-66a07000 rw-p 00000000 00:00 0          [stack:5177]
66a07000-66a0a000 ---p 00000000 00:00 0 
66a0a000-66c19000 rw-p 00000000 00:00 0          [stack:5176]
66c19000-66d3f000 r-xp 00000000 08:01 394573     /lib/i386-linux-gnu/libglib-2.0.so.0.4400.0
66d3f000-66d40000 r--p 00125000 08:01 394573     /lib/i386-linux-gnu/libglib-2.0.so.0.4400.0
66d40000-66d41000 rw-p 00126000 08:01 394573     /lib/i386-linux-gnu/libglib-2.0.so.0.4400.0
66d41000-66efa000 r-xp 00000000 08:01 137357     /usr/lib/i386-linux-gnu/libgio-2.0.so.0.4400.0
66efa000-66efd000 r--p 001b8000 08:01 137357     /usr/lib/i386-linux-gnu/libgio-2.0.so.0.4400.0
66efd000-66eff000 rw-p 001bb000 08:01 137357     /usr/lib/i386-linux-gnu/libgio-2.0.so.0.4400.0
66eff000-66f00000 rw-p 00000000 00:00 0 
66f00000-66ff6000 rw-p 00000000 00:00 0 
66ff6000-67000000 ---p 00000000 00:00 0 
67031000-670a1000 r-xp 00000000 08:01 394656     /lib/i386-linux-gnu/libpcre.so.3.13.1
670a1000-670a2000 r--p 0006f000 08:01 394656     /lib/i386-linux-gnu/libpcre.so.3.13.1
670a2000-670a3000 rw-p 00070000 08:01 394656     /lib/i386-linux-gnu/libpcre.so.3.13.1
670a3000-670fe000 r-xp 00000000 08:01 137385     /usr/lib/i386-linux-gnu/libgobject-2.0.so.0.4400.0
670fe000-670ff000 r--p 0005b000 08:01 137385     /usr/lib/i386-linux-gnu/libgobject-2.0.so.0.4400.0
670ff000-67100000 rw-p 0005c000 08:01 137385     /usr/lib/i386-linux-gnu/libgobject-2.0.so.0.4400.0
67100000-6718e000 rw-p 00000000 00:00 0 
6718e000-67200000 ---p 00000000 00:00 0 
6723f000-67240000 ---p 00000000 00:00 0 
67240000-672c0000 rw-p 00000000 00:00 0          [stack:5152]
672c0000-672c3000 ---p 00000000 00:00 0 
672c3000-67311000 rw-p 00000000 00:00 0          [stack:5151]
67311000-67314000 ---p 00000000 00:00 0 
67314000-67392000 rw-p 00000000 00:00 0          [stack:5150]
67392000-67395000 ---p 00000000 00:00 0 
67395000-67413000 rw-p 00000000 00:00 0          [stack:5149]
67413000-6755a000 r-xp 00000000 08:01 136931     /usr/lib/i386-linux-gnu/libX11.so.6.3.0
6755a000-6755b000 r--p 00146000 08:01 136931     /usr/lib/i386-linux-gnu/libX11.so.6.3.0
6755b000-6755d000 rw-p 00147000 08:01 136931     /usr/lib/i386-linux-gnu/libX11.so.6.3.0
6755d000-6755e000 rw-p 00000000 00:00 0 
6755e000-67561000 ---p 00000000 00:00 0 
67561000-675af000 rw-p 00000000 00:00 0          [stack:5146]
675af000-677af000 r--p 00000000 08:01 143362     /usr/lib/locale/locale-archive
677af000-677b2000 ---p 00000000 00:00 0 
677b2000-67800000 rw-p 00000000 00:00 0          [stack:5142]
67800000-678ff000 rw-p 00000000 00:00 0 
678ff000-67900000 ---p 00000000 00:00 0 
67900000-67921000 rw-p 00000000 00:00 0 
67921000-67a00000 ---p 00000000 00:00 0 
67a00000-67b00000 rw-p 00000000 00:00 0 
67b0d000-67b21000 r-xp 00000000 08:01 394679     /lib/i386-linux-gnu/libresolv-2.21.so
67b21000-67b23000 r--p 00013000 08:01 394679     /lib/i386-linux-gnu/libresolv-2.21.so
67b23000-67b24000 rw-p 00015000 08:01 394679     /lib/i386-linux-gnu/libresolv-2.21.so
67b24000-67b26000 rw-p 00000000 00:00 0 
67b26000-67b4a000 r-xp 00000000 08:01 394683     /lib/i386-linux-gnu/libselinux.so.1
67b4a000-67b4b000 r--p 00024000 08:01 394683     /lib/i386-linux-gnu/libselinux.so.1
67b4b000-67b4c000 rw-p 00025000 08:01 394683     /lib/i386-linux-gnu/libselinux.so.1
67b4c000-67b4d000 rw-p 00000000 00:00 0 
67b4d000-67b4e000 ---p 00000000 00:00 0 
67b4e000-67bce000 rw-p 00000000 00:00 0          [stack:5140]
67bce000-67d80000 r--s 01d2e000 08:01 804984     /usr/lib/jvm/java-7-openjdk-i386/jre/lib/rt.jar
67d80000-6a600000 rw-p 00000000 00:00 0 
6a600000-6a6f9000 rw-p 00000000 00:00 0 
6a6f9000-6a700000 ---p 00000000 00:00 0 
6a708000-6a70f000 r-xp 00000000 08:01 137254     /usr/lib/i386-linux-gnu/libffi.so.6.0.4
6a70f000-6a711000 r--p 00006000 08:01 137254     /usr/lib/i386-linux-gnu/libffi.so.6.0.4
6a711000-6a712000 rw-p 00008000 08:01 137254     /usr/lib/i386-linux-gnu/libffi.so.6.0.4
6a712000-6a715000 r-xp 00000000 08:01 137371     /usr/lib/i386-linux-gnu/libgmodule-2.0.so.0.4400.0
6a715000-6a716000 r--p 00002000 08:01 137371     /usr/lib/i386-linux-gnu/libgmodule-2.0.so.0.4400.0
6a716000-6a717000 rw-p 00003000 08:01 137371     /usr/lib/i386-linux-gnu/libgmodule-2.0.so.0.4400.0
6a72e000-6a731000 ---p 00000000 00:00 0 
6a731000-6a77f000 rw-p 00000000 00:00 0          [stack:5141]
6a77f000-6a780000 ---p 00000000 00:00 0 
6a780000-6a800000 rw-p 00000000 00:00 0          [stack:5139]
6a800000-6a821000 rw-p 00000000 00:00 0 
6a821000-6a900000 ---p 00000000 00:00 0 
6a900000-6a917000 r-xp 00000000 08:01 805027     /usr/lib/jvm/java-7-openjdk-i386/jre/lib/i386/libnet.so
6a917000-6a918000 r--p 00016000 08:01 805027     /usr/lib/jvm/java-7-openjdk-i386/jre/lib/i386/libnet.so
6a918000-6a919000 rw-p 00017000 08:01 805027     /usr/lib/jvm/java-7-openjdk-i386/jre/lib/i386/libnet.so
6a919000-6a929000 r-xp 00000000 08:01 804991     /usr/lib/jvm/java-7-openjdk-i386/jre/lib/i386/libnio.so
6a929000-6a92a000 r--p 00010000 08:01 804991     /usr/lib/jvm/java-7-openjdk-i386/jre/lib/i386/libnio.so
6a92a000-6a92b000 rw-p 00011000 08:01 804991     /usr/lib/jvm/java-7-openjdk-i386/jre/lib/i386/libnio.so
6a92b000-6a930000 r-xp 00000000 08:01 136946     /usr/lib/i386-linux-gnu/libXdmcp.so.6.0.0
6a930000-6a931000 r--p 00004000 08:01 136946     /usr/lib/i386-linux-gnu/libXdmcp.so.6.0.0
6a931000-6a932000 rw-p 00005000 08:01 136946     /usr/lib/i386-linux-gnu/libXdmcp.so.6.0.0
6a932000-6a934000 r-xp 00000000 08:01 136935     /usr/lib/i386-linux-gnu/libXau.so.6.0.0
6a934000-6a935000 r--p 00001000 08:01 136935     /usr/lib/i386-linux-gnu/libXau.so.6.0.0
6a935000-6a936000 rw-p 00002000 08:01 136935     /usr/lib/i386-linux-gnu/libXau.so.6.0.0
6a936000-6a97f000 rw-p 00000000 00:00 0 
6a97f000-6a980000 ---p 00000000 00:00 0 
6a980000-6aa00000 rw-p 00000000 00:00 0          [stack:5138]
6aa00000-6aa21000 rw-p 00000000 00:00 0 
6aa21000-6ab00000 ---p 00000000 00:00 0 
6ab02000-6ab22000 r-xp 00000000 08:01 138125     /usr/lib/i386-linux-gnu/libxcb.so.1.1.0
6ab22000-6ab23000 r--p 0001f000 08:01 138125     /usr/lib/i386-linux-gnu/libxcb.so.1.1.0
6ab23000-6ab24000 rw-p 00020000 08:01 138125     /usr/lib/i386-linux-gnu/libxcb.so.1.1.0
6ab24000-6ab7f000 rw-p 00000000 00:00 0 
6ab7f000-6ab80000 ---p 00000000 00:00 0 
6ab80000-6ac00000 rw-p 00000000 00:00 0          [stack:5137]
6ac00000-6ac27000 rw-p 00000000 00:00 0 
6ac27000-6ad00000 ---p 00000000 00:00 0 
6ad04000-6ad19000 r--s 000e5000 08:01 947900     /home/student/test/HealthyBit/app/build/intermediates/exploded-aar/com.android.support/support-v4/23.1.1/jars/classes.jar
6ad19000-6ad28000 r--s 000df000 08:01 1062595    /home/student/Android/Sdk/build-tools/23.0.3/lib/dx.jar
6ad28000-6ad29000 ---p 00000000 00:00 0 
6ad29000-6adb1000 rw-p 00000000 00:00 0          [stack:5135]
6adb1000-6ade9000 rw-p 00000000 00:00 0 
6ade9000-6adfe000 rw-p 00000000 00:00 0 
6adfe000-6af3f000 rw-p 00000000 00:00 0 
6af3f000-6af47000 rw-p 00000000 00:00 0 
6af47000-6af7f000 rw-p 00000000 00:00 0 
6af7f000-6af94000 rw-p 00000000 00:00 0 
6af94000-6b0d4000 rw-p 00000000 00:00 0 
6b0d4000-6b100000 rw-p 00000000 00:00 0 
6b100000-6b17f000 rw-p 00000000 00:00 0 
6b17f000-6c180000 rw-p 00000000 00:00 0 
6c180000-73180000 rw-p 00000000 00:00 0 
73180000-75b80000 rw-p 00000000 00:00 0 
75b80000-9dc00000 rw-p 00000000 00:00 0 
9dc00000-a3200000 rw-p 00000000 00:00 0 
a7c80000-b3180000 rw-p 00000000 00:00 0 
b3182000-b3184000 r-xp 00000000 08:01 141618     /usr/lib/jayatana/libjayatanaag.so
b3184000-b3185000 r--p 00001000 08:01 141618     /usr/lib/jayatana/libjayatanaag.so
b3185000-b3186000 rw-p 00002000 08:01 141618     /usr/lib/jayatana/libjayatanaag.so
b3186000-b3189000 r--s 0000f000 08:01 804977     /usr/lib/jvm/java-7-openjdk-i386/jre/lib/ext/icedtea-sound.jar
b3189000-b318d000 r--s 00085000 08:01 804976     /usr/lib/jvm/java-7-openjdk-i386/jre/lib/ext/localedata.jar
b318d000-b3191000 r--s 00034000 08:01 804978     /usr/lib/jvm/java-7-openjdk-i386/jre/lib/ext/sunjce_provider.jar
b3191000-b31b5000 rw-p 00000000 00:00 0 
b31b5000-b326c000 rw-p 00000000 00:00 0 
b326c000-b34ac000 rwxp 00000000 00:00 0 
b34ac000-b626c000 rw-p 00000000 00:00 0 
b626c000-b6278000 r-xp 00000000 08:01 394626     /lib/i386-linux-gnu/libnss_files-2.21.so
b6278000-b6279000 r--p 0000b000 08:01 394626     /lib/i386-linux-gnu/libnss_files-2.21.so
b6279000-b627a000 rw-p 0000c000 08:01 394626     /lib/i386-linux-gnu/libnss_files-2.21.so
b627a000-b6285000 r-xp 00000000 08:01 394636     /lib/i386-linux-gnu/libnss_nis-2.21.so
b6285000-b6286000 r--p 0000a000 08:01 394636     /lib/i386-linux-gnu/libnss_nis-2.21.so
b6286000-b6287000 rw-p 0000b000 08:01 394636     /lib/i386-linux-gnu/libnss_nis-2.21.so
b6287000-b629e000 r-xp 00000000 08:01 394620     /lib/i386-linux-gnu/libnsl-2.21.so
b629e000-b629f000 r--p 00016000 08:01 394620     /lib/i386-linux-gnu/libnsl-2.21.so
b629f000-b62a0000 rw-p 00017000 08:01 394620     /lib/i386-linux-gnu/libnsl-2.21.so
b62a0000-b62a2000 rw-p 00000000 00:00 0 
b62a2000-b62aa000 r-xp 00000000 08:01 394622     /lib/i386-linux-gnu/libnss_compat-2.21.so
b62aa000-b62ab000 r--p 00007000 08:01 394622     /lib/i386-linux-gnu/libnss_compat-2.21.so
b62ab000-b62ac000 rw-p 00008000 08:01 394622     /lib/i386-linux-gnu/libnss_compat-2.21.so
b62ac000-b62ad000 r--s 00000000 08:01 414147     /usr/share/java/jayatanaag.jar
b62ad000-b62b1000 r--s 0003c000 08:01 804979     /usr/lib/jvm/java-7-openjdk-i386/jre/lib/ext/sunpkcs11.jar
b62b1000-b62b9000 r-xp 00000000 08:01 804995     /usr/lib/jvm/java-7-openjdk-i386/jre/lib/i386/libzip.so
b62b9000-b62ba000 r--p 00007000 08:01 804995     /usr/lib/jvm/java-7-openjdk-i386/jre/lib/i386/libzip.so
b62ba000-b62bb000 rw-p 00008000 08:01 804995     /usr/lib/jvm/java-7-openjdk-i386/jre/lib/i386/libzip.so
b62bb000-b62c3000 rw-s 00000000 08:01 429788     /tmp/hsperfdata_student/5116
b62c3000-b62cd000 r-xp 00000000 08:01 805017     /usr/lib/jvm/java-7-openjdk-i386/jre/lib/i386/libinstrument.so
b62cd000-b62ce000 r--p 00009000 08:01 805017     /usr/lib/jvm/java-7-openjdk-i386/jre/lib/i386/libinstrument.so
b62ce000-b62cf000 rw-p 0000a000 08:01 805017     /usr/lib/jvm/java-7-openjdk-i386/jre/lib/i386/libinstrument.so
b62cf000-b62f5000 r-xp 00000000 08:01 805003     /usr/lib/jvm/java-7-openjdk-i386/jre/lib/i386/libjava.so
b62f5000-b62f6000 r--p 00025000 08:01 805003     /usr/lib/jvm/java-7-openjdk-i386/jre/lib/i386/libjava.so
b62f6000-b62f7000 rw-p 00026000 08:01 805003     /usr/lib/jvm/java-7-openjdk-i386/jre/lib/i386/libjava.so
b62f7000-b62fe000 r-xp 00000000 08:01 394681     /lib/i386-linux-gnu/librt-2.21.so
b62fe000-b62ff000 r--p 00006000 08:01 394681     /lib/i386-linux-gnu/librt-2.21.so
b62ff000-b6300000 rw-p 00007000 08:01 394681     /lib/i386-linux-gnu/librt-2.21.so
b6300000-b6400000 rw-p 00000000 00:00 0 
b6400000-b6402000 r--s 00012000 08:01 804975     /usr/lib/jvm/java-7-openjdk-i386/jre/lib/ext/zipfs.jar
b6402000-b6405000 ---p 00000000 00:00 0 
b6405000-b6453000 rw-p 00000000 00:00 0          [stack:5132]
b6453000-b646f000 r-xp 00000000 08:01 394569     /lib/i386-linux-gnu/libgcc_s.so.1
b646f000-b6470000 rw-p 0001b000 08:01 394569     /lib/i386-linux-gnu/libgcc_s.so.1
b6470000-b64bb000 r-xp 00000000 08:01 394599     /lib/i386-linux-gnu/libm-2.21.so
b64bb000-b64bc000 r--p 0004a000 08:01 394599     /lib/i386-linux-gnu/libm-2.21.so
b64bc000-b64bd000 rw-p 0004b000 08:01 394599     /lib/i386-linux-gnu/libm-2.21.so
b64bd000-b65a6000 r-xp 00000000 08:01 137921     /usr/lib/i386-linux-gnu/libstdc++.so.6.0.20
b65a6000-b65aa000 r--p 000e9000 08:01 137921     /usr/lib/i386-linux-gnu/libstdc++.so.6.0.20
b65aa000-b65ab000 rw-p 000ed000 08:01 137921     /usr/lib/i386-linux-gnu/libstdc++.so.6.0.20
b65ab000-b65b2000 rw-p 00000000 00:00 0 
b65b2000-b7105000 r-xp 00000000 08:01 805013     /usr/lib/jvm/java-7-openjdk-i386/jre/lib/i386/server/libjvm.so
b7105000-b7159000 r--p 00b52000 08:01 805013     /usr/lib/jvm/java-7-openjdk-i386/jre/lib/i386/server/libjvm.so
b7159000-b716d000 rw-p 00ba6000 08:01 805013     /usr/lib/jvm/java-7-openjdk-i386/jre/lib/i386/server/libjvm.so
b716d000-b758c000 rw-p 00000000 00:00 0 
b758c000-b75a5000 r-xp 00000000 08:01 394714     /lib/i386-linux-gnu/libz.so.1.2.8
b75a5000-b75a6000 r--p 00019000 08:01 394714     /lib/i386-linux-gnu/libz.so.1.2.8
b75a6000-b75a7000 rw-p 0001a000 08:01 394714     /lib/i386-linux-gnu/libz.so.1.2.8
b75a7000-b75c0000 r-xp 00000000 08:01 394673     /lib/i386-linux-gnu/libpthread-2.21.so
b75c0000-b75c1000 r--p 00018000 08:01 394673     /lib/i386-linux-gnu/libpthread-2.21.so
b75c1000-b75c2000 rw-p 00019000 08:01 394673     /lib/i386-linux-gnu/libpthread-2.21.so
b75c2000-b75c4000 rw-p 00000000 00:00 0 
b75c4000-b75c7000 r-xp 00000000 08:01 394557     /lib/i386-linux-gnu/libdl-2.21.so
b75c7000-b75c8000 r--p 00002000 08:01 394557     /lib/i386-linux-gnu/libdl-2.21.so
b75c8000-b75c9000 rw-p 00003000 08:01 394557     /lib/i386-linux-gnu/libdl-2.21.so
b75c9000-b777d000 r-xp 00000000 08:01 394540     /lib/i386-linux-gnu/libc-2.21.so
b777d000-b7780000 r--p 001b3000 08:01 394540     /lib/i386-linux-gnu/libc-2.21.so
b7780000-b7782000 rw-p 001b6000 08:01 394540     /lib/i386-linux-gnu/libc-2.21.so
b7782000-b7784000 rw-p 00000000 00:00 0 
b7784000-b7785000 r--s 00002000 08:01 804980     /usr/lib/jvm/java-7-openjdk-i386/jre/lib/ext/dnsns.jar
b7785000-b7787000 r--s 00006000 08:01 399091     /usr/share/java/java-atk-wrapper.jar
b7787000-b7788000 r--p 005e0000 08:01 143362     /usr/lib/locale/locale-archive
b7788000-b7789000 rw-p 00000000 00:00 0 
b7789000-b778a000 ---p 00000000 00:00 0 
b778a000-b7798000 r-xp 00000000 08:01 805022     /usr/lib/jvm/java-7-openjdk-i386/jre/lib/i386/libverify.so
b7798000-b779a000 r--p 0000d000 08:01 805022     /usr/lib/jvm/java-7-openjdk-i386/jre/lib/i386/libverify.so
b779a000-b779b000 rw-p 0000f000 08:01 805022     /usr/lib/jvm/java-7-openjdk-i386/jre/lib/i386/libverify.so
b779b000-b77a7000 r-xp 00000000 08:01 805024     /usr/lib/jvm/java-7-openjdk-i386/jre/lib/i386/jli/libjli.so
b77a7000-b77a8000 r--p 0000b000 08:01 805024     /usr/lib/jvm/java-7-openjdk-i386/jre/lib/i386/jli/libjli.so
b77a8000-b77a9000 rw-p 0000c000 08:01 805024     /usr/lib/jvm/java-7-openjdk-i386/jre/lib/i386/jli/libjli.so
b77a9000-b77ac000 rw-p 00000000 00:00 0 
b77ac000-b77ae000 r--p 00000000 00:00 0          [vvar]
b77ae000-b77af000 r-xp 00000000 00:00 0          [vdso]
b77af000-b77d1000 r-xp 00000000 08:01 394512     /lib/i386-linux-gnu/ld-2.21.so
b77d1000-b77d2000 r--p 00021000 08:01 394512     /lib/i386-linux-gnu/ld-2.21.so
b77d2000-b77d3000 rw-p 00022000 08:01 394512     /lib/i386-linux-gnu/ld-2.21.so
bf8ed000-bf8ee000 rwxp 00000000 00:00 0 
bf91f000-bf941000 rw-p 00000000 00:00 0          [stack]

VM Arguments:
jvm_args: -javaagent:/usr/share/java/jayatanaag.jar -Djava.awt.headless=true -Xmx1024M -Dfile.encoding=UTF-8 -Duser.country=US -Duser.language=en -Duser.variant 
java_command: com.android.dx.command.Main --dex --num-threads=4 --multi-dex --output /home/student/test/HealthyBit/app/build/intermediates/transforms/dex/debug/folders/1000/10/com.android.support-support-v4-23.1.1_30ce719122a5f019622bd4167c7cc6cd84f7fd07 /home/student/test/HealthyBit/app/build/intermediates/exploded-aar/com.android.support/support-v4/23.1.1/jars/classes.jar
Launcher Type: SUN_STANDARD

Environment Variables:
JAVA_TOOL_OPTIONS=-javaagent:/usr/share/java/jayatanaag.jar 
PATH=/home/student/.linuxbrew/bin:/usr/local/sbin:/usr/local/bin:/usr/sbin:/usr/bin:/sbin:/bin:/usr/games:/usr/local/games:/etc/android-studio/bin/:/home/student/Android/Sdk/platform-tools:/home/student/Android/Sdk/tools
LD_LIBRARY_PATH=/etc/android-studio/bin:
SHELL=/bin/bash
DISPLAY=:0

Signal Handlers:
SIGSEGV: [libjvm.so+0x7f7d00], sa_mask[0]=0x7ffbfeff, sa_flags=0x10000004
SIGBUS: [libjvm.so+0x7f7d00], sa_mask[0]=0x7ffbfeff, sa_flags=0x10000004
SIGFPE: [libjvm.so+0x67a9d0], sa_mask[0]=0x7ffbfeff, sa_flags=0x10000004
SIGPIPE: [libjvm.so+0x67a9d0], sa_mask[0]=0x7ffbfeff, sa_flags=0x10000004
SIGXFSZ: [libjvm.so+0x67a9d0], sa_mask[0]=0x7ffbfeff, sa_flags=0x10000004
SIGILL: [libjvm.so+0x67a9d0], sa_mask[0]=0x7ffbfeff, sa_flags=0x10000004
SIGUSR1: SIG_DFL, sa_mask[0]=0x00000000, sa_flags=0x00000000
SIGUSR2: [libjvm.so+0x67a820], sa_mask[0]=0x00000004, sa_flags=0x10000004
SIGHUP: [libjvm.so+0x67aa80], sa_mask[0]=0x7ffbfeff, sa_flags=0x10000004
SIGINT: [libjvm.so+0x67aa80], sa_mask[0]=0x7ffbfeff, sa_flags=0x10000004
SIGTERM: [libjvm.so+0x67aa80], sa_mask[0]=0x7ffbfeff, sa_flags=0x10000004
SIGQUIT: [libjvm.so+0x67aa80], sa_mask[0]=0x7ffbfeff, sa_flags=0x10000004
SIGTRAP: SIG_DFL, sa_mask[0]=0x00000000, sa_flags=0x00000000


---------------  S Y S T E M  ---------------

OS:Ubuntu 15.04 (vivid)
uname:Linux 3.19.0-18-generic #18-Ubuntu SMP Tue May 19 18:30:59 UTC 2015 i686
libc:glibc 2.21 NPTL 2.21 
rlimit: STACK 8192k, CORE 0k, NPROC 32177, NOFILE 65536, AS infinity
load average:8.29 5.42 4.07

/proc/meminfo:
MemTotal:        4139540 kB
MemFree:          218804 kB
MemAvailable:     179248 kB
Buffers:           21524 kB
Cached:           103992 kB
SwapCached:            0 kB
Active:          3495188 kB
Inactive:          78672 kB
Active(anon):    3449612 kB
Inactive(anon):    37620 kB
Active(file):      45576 kB
Inactive(file):    41052 kB
Unevictable:          32 kB
Mlocked:              32 kB
HighTotal:       3280776 kB
HighFree:          46768 kB
LowTotal:         858764 kB
LowFree:          172036 kB
SwapTotal:             0 kB
SwapFree:              0 kB
Dirty:               644 kB
Writeback:             0 kB
AnonPages:       3448552 kB
Mapped:            83304 kB
Shmem:             38796 kB
Slab:              49388 kB
SReclaimable:      23576 kB
SUnreclaim:        25812 kB
KernelStack:        5376 kB
PageTables:        14924 kB
NFS_Unstable:          0 kB
Bounce:                0 kB
WritebackTmp:          0 kB
CommitLimit:     2069768 kB
Committed_AS:    6302808 kB
VmallocTotal:     122880 kB
VmallocUsed:       23416 kB
VmallocChunk:      49124 kB
AnonHugePages:   2656256 kB
CmaTotal:              0 kB
CmaFree:               0 kB
HugePages_Total:       0
HugePages_Free:        0
HugePages_Rsvd:        0
HugePages_Surp:        0
Hugepagesize:       2048 kB
DirectMap4k:       61432 kB
DirectMap2M:      851968 kB


CPU:total 4 (1 cores per cpu, 1 threads per core) family 6 model 58 stepping 9, cmov, cx8, fxsr, mmx, sse, sse2, sse3, ssse3, sse4.1, sse4.2, popcnt, avx, aes, erms, tsc, tscinvbit, tscinv

/proc/cpuinfo:
processor	: 0
vendor_id	: GenuineIntel
cpu family	: 6
model		: 58
model name	: Intel(R) Core(TM) i5-3210M CPU @ 2.50GHz
stepping	: 9
microcode	: 0x15
cpu MHz		: 2494.111
cache size	: 3072 KB
physical id	: 0
siblings	: 1
core id		: 0
cpu cores	: 1
apicid		: 0
initial apicid	: 0
fdiv_bug	: no
f00f_bug	: no
coma_bug	: no
fpu		: yes
fpu_exception	: yes
cpuid level	: 13
wp		: yes
flags		: fpu vme de pse tsc msr pae mce cx8 apic sep mtrr pge mca cmov pat pse36 clflush dts mmx fxsr sse sse2 ss nx rdtscp lm constant_tsc arch_perfmon pebs bts xtopology tsc_reliable nonstop_tsc aperfmperf pni pclmulqdq ssse3 cx16 pcid sse4_1 sse4_2 x2apic popcnt tsc_deadline_timer aes xsave avx f16c rdrand hypervisor lahf_lm ida arat epb pln pts dtherm fsgsbase tsc_adjust smep
bugs		:
bogomips	: 4988.22
clflush size	: 64
cache_alignment	: 64
address sizes	: 42 bits physical, 48 bits virtual
power management:

processor	: 1
vendor_id	: GenuineIntel
cpu family	: 6
model		: 58
model name	: Intel(R) Core(TM) i5-3210M CPU @ 2.50GHz
stepping	: 9
microcode	: 0x15
cpu MHz		: 2494.111
cache size	: 3072 KB
physical id	: 2
siblings	: 1
core id		: 0
cpu cores	: 1
apicid		: 2
initial apicid	: 2
fdiv_bug	: no
f00f_bug	: no
coma_bug	: no
fpu		: yes
fpu_exception	: yes
cpuid level	: 13
wp		: yes
flags		: fpu vme de pse tsc msr pae mce cx8 apic sep mtrr pge mca cmov pat pse36 clflush dts mmx fxsr sse sse2 ss nx rdtscp lm constant_tsc arch_perfmon pebs bts xtopology tsc_reliable nonstop_tsc aperfmperf pni pclmulqdq ssse3 cx16 pcid sse4_1 sse4_2 x2apic popcnt tsc_deadline_timer aes xsave avx f16c rdrand hypervisor lahf_lm ida arat epb pln pts dtherm fsgsbase tsc_adjust smep
bugs		:
bogomips	: 4988.22
clflush size	: 64
cache_alignment	: 64
address sizes	: 42 bits physical, 48 bits virtual
power management:

processor	: 2
vendor_id	: GenuineIntel
cpu family	: 6
model		: 58
model name	: Intel(R) Core(TM) i5-3210M CPU @ 2.50GHz
stepping	: 9
microcode	: 0x15
cpu MHz		: 2494.111
cache size	: 3072 KB
physical id	: 4
siblings	: 1
core id		: 0
cpu cores	: 1
apicid		: 4
initial apicid	: 4
fdiv_bug	: no
f00f_bug	: no
coma_bug	: no
fpu		: yes
fpu_exception	: yes
cpuid level	: 13
wp		: yes
flags		: fpu vme de pse tsc msr pae mce cx8 apic sep mtrr pge mca cmov pat pse36 clflush dts mmx fxsr sse sse2 ss nx rdtscp lm constant_tsc arch_perfmon pebs bts xtopology tsc_reliable nonstop_tsc aperfmperf pni pclmulqdq ssse3 cx16 pcid sse4_1 sse4_2 x2apic popcnt tsc_deadline_timer aes xsave avx f16c rdrand hypervisor lahf_lm ida arat epb pln pts dtherm fsgsbase tsc_adjust smep
bugs		:
bogomips	: 4988.22
clflush size	: 64
cache_alignment	: 64
address sizes	: 42 bits physical, 48 bits virtual
power management:

processor	: 3
vendor_id	: GenuineIntel
cpu family	: 6
model		: 58
model name	: Intel(R) Core(TM) i5-3210M CPU @ 2.50GHz
stepping	: 9
microcode	: 0x15
cpu MHz		: 2494.111
cache size	: 3072 KB
physical id	: 6
siblings	: 1
core id		: 0
cpu cores	: 1
apicid		: 6
initial apicid	: 6
fdiv_bug	: no
f00f_bug	: no
coma_bug	: no
fpu		: yes
fpu_exception	: yes
cpuid level	: 13
wp		: yes
flags		: fpu vme de pse tsc msr pae mce cx8 apic sep mtrr pge mca cmov pat pse36 clflush dts mmx fxsr sse sse2 ss nx rdtscp lm constant_tsc arch_perfmon pebs bts xtopology tsc_reliable nonstop_tsc aperfmperf pni pclmulqdq ssse3 cx16 pcid sse4_1 sse4_2 x2apic popcnt tsc_deadline_timer aes xsave avx f16c rdrand hypervisor lahf_lm ida arat epb pln pts dtherm fsgsbase tsc_adjust smep
bugs		:
bogomips	: 4988.22
clflush size	: 64
cache_alignment	: 64
address sizes	: 42 bits physical, 48 bits virtual
power management:



Memory: 4k page, physical 4139540k(218804k free), swap 0k(0k free)

vm_info: OpenJDK Server VM (24.91-b01) for linux-x86 JRE (1.7.0_91-b02), built on Nov 19 2015 06:25:06 by "buildd" with gcc 4.9.2

time: Tue May  3 16:02:26 2016
elapsed time: 20 seconds

