#
# There is insufficient memory for the Java Runtime Environment to continue.
# Native memory allocation (malloc) failed to allocate 89128960 bytes for committing reserved memory.
# Possible reasons:
#   The system is out of physical RAM or swap space
#   In 32 bit mode, the process size limit was hit
# Possible solutions:
#   Reduce memory load on the system
#   Increase physical memory or swap space
#   Check if swap backing store is full
#   Use 64 bit Java on a 64 bit OS
#   Decrease Java heap size (-Xmx/-Xms)
#   Decrease number of Java threads
#   Decrease Java thread stack sizes (-Xss)
#   Set larger code cache with -XX:ReservedCodeCacheSize=
# This output file may be truncated or incomplete.
#
#  Out of Memory Error (os_linux.cpp:2827), pid=5693, tid=1740430144
#
# JRE version: OpenJDK Runtime Environment (7.0_91-b02) (build 1.7.0_91-b02)
# Java VM: OpenJDK Server VM (24.91-b01 mixed mode linux-x86 )
# Derivative: IcedTea 2.6.3
# Distribution: Ubuntu 15.04, package 7u91-2.6.3-0ubuntu0.15.04.1
# Failed to write core dump. Core dumps have been disabled. To enable core dumping, try "ulimit -c unlimited" before starting Java again
#

---------------  T H R E A D  ---------------

Current thread (0x67a81400):  VMThread [stack: 0x67b4d000,0x67bce000] [id=5706]

Stack: [0x67b4d000,0x67bce000]
VM_Operation (0x66a94c54): ParallelGCFailedAllocation, mode: safepoint, requested by thread 0x6714f400


---------------  P R O C E S S  ---------------

Java Threads: ( => current thread )
  0x67150c00 JavaThread "pool-2-thread-4" [_thread_blocked, id=5726, stack(0x669f4000,0x66a45000)]
  0x6714f400 JavaThread "pool-2-thread-3" [_thread_blocked, id=5724, stack(0x66a45000,0x66a96000)]
  0x6714e400 JavaThread "pool-2-thread-2" [_thread_blocked, id=5723, stack(0x66a96000,0x66ae7000)]
  0x6713f800 JavaThread "pool-3-thread-1" [_thread_blocked, id=5722, stack(0x66ae7000,0x66b38000)]
  0x6713d000 JavaThread "pool-2-thread-1" [_thread_blocked, id=5721, stack(0x66b38000,0x66b89000)]
  0x67aee400 JavaThread "Service Thread" daemon [_thread_blocked, id=5716, stack(0x672c0000,0x67311000)]
  0x67aecc00 JavaThread "C2 CompilerThread1" daemon [_thread_blocked, id=5713, stack(0x67311000,0x67392000)]
  0x67aeb400 JavaThread "C2 CompilerThread0" daemon [_thread_blocked, id=5712, stack(0x67392000,0x67413000)]
  0x67a98400 JavaThread "Signal Dispatcher" daemon [_thread_blocked, id=5710, stack(0x6755e000,0x675af000)]
  0x67a85800 JavaThread "Finalizer" daemon [_thread_blocked, id=5708, stack(0x677af000,0x67800000)]
  0x67a83c00 JavaThread "Reference Handler" daemon [_thread_blocked, id=5707, stack(0x6a72e000,0x6a77f000)]
  0xb6208400 JavaThread "main" [_thread_blocked, id=5696, stack(0xb63c0000,0xb6411000)]

Other Threads:
=>0x67a81400 VMThread [stack: 0x67b4d000,0x67bce000] [id=5706]
  0x67af0800 WatcherThread [stack: 0x6723f000,0x672c0000] [id=5717]

VM state:at safepoint (normal execution)

VM Mutex/Monitor currently owned by a thread:  ([mutex/lock_event])
[0xb6205e60] Threads_lock - owner thread: 0x67a81400
[0xb6206270] Heap_lock - owner thread: 0x6714f400

Heap
 PSYoungGen      total 69120K, used 2548K [0x9dbc0000, 0xa21c0000, 0xb3140000)
  eden space 66560K, 0% used [0x9dbc0000,0x9dbc0000,0xa1cc0000)
  from space 2560K, 99% used [0xa1cc0000,0xa1f3d278,0xa1f40000)
  to   space 2560K, 0% used [0xa1f40000,0xa1f40000,0xa21c0000)
 ParOldGen       total 43008K, used 22288K [0x73140000, 0x75b40000, 0x9dbc0000)
  object space 43008K, 51% used [0x73140000,0x74704250,0x75b40000)
 PSPermGen       total 16384K, used 4262K [0x6b140000, 0x6c140000, 0x73140000)
  object space 16384K, 26% used [0x6b140000,0x6b569b68,0x6c140000)

Card table byte_map: [0x6aeff000,0x6b140000] byte_map_base: 0x6aba6600

Polling page: 0xb7747000

Code Cache  [0xb3200000, 0xb3440000, 0xb6200000)
 total_blobs=397 nmethods=274 adapters=76 free_code_cache=48212Kb largest_free_block=49317120

Compilation events (10 events):
Event: 13.624 Thread 0x67aecc00 nmethod 274 0xb32ba388 code [0xb32ba460, 0xb32ba4b0]
Event: 13.624 Thread 0x67aecc00  275             java.util.HashMap::<init> (9 bytes)
Event: 13.660 Thread 0x67aecc00 nmethod 275 0xb32ba148 code [0xb32ba240, 0xb32ba2f0]
Event: 13.660 Thread 0x67aecc00  276             com.android.dx.ssa.back.InterferenceGraph::ensureCapacity (42 bytes)
Event: 13.681 Thread 0x67aecc00 nmethod 276 0xb32c85c8 code [0xb32c8700, 0xb32c89d0]
Event: 13.682 Thread 0x67aecc00  277             com.android.dx.ssa.SCCP::simulateBlock (54 bytes)
Event: 14.402 Thread 0x67aecc00 nmethod 277 0xb32f0408 code [0xb32f07a0, 0xb32f2158]
Event: 14.402 Thread 0x67aecc00  278             com.android.dx.ssa.SsaBasicBlock::forEachPhiInsn (54 bytes)
Event: 14.505 Thread 0x67aecc00 nmethod 278 0xb32c8e88 code [0xb32c9060, 0xb32c9718]
Event: 14.505 Thread 0x67aecc00  279   !         com.android.dx.cf.code.BytecodeArray::parseInstruction (2764 bytes)

GC Heap History (9 events):
Event: 2.447 GC heap before
{Heap before GC invocations=1 (full 0):
 PSYoungGen      total 19200K, used 16640K [0x9dbc0000, 0x9f100000, 0xb3140000)
  eden space 16640K, 100% used [0x9dbc0000,0x9ec00000,0x9ec00000)
  from space 2560K, 0% used [0x9ee80000,0x9ee80000,0x9f100000)
  to   space 2560K, 0% used [0x9ec00000,0x9ec00000,0x9ee80000)
 ParOldGen       total 43008K, used 0K [0x73140000, 0x75b40000, 0x9dbc0000)
  object space 43008K, 0% used [0x73140000,0x73140000,0x75b40000)
 PSPermGen       total 16384K, used 4023K [0x6b140000, 0x6c140000, 0x73140000)
  object space 16384K, 24% used [0x6b140000,0x6b52dfb8,0x6c140000)
Event: 2.496 GC heap after
Heap after GC invocations=1 (full 0):
 PSYoungGen      total 19200K, used 2548K [0x9dbc0000, 0xa0140000, 0xb3140000)
  eden space 16640K, 0% used [0x9dbc0000,0x9dbc0000,0x9ec00000)
  from space 2560K, 99% used [0x9ec00000,0x9ee7d0d8,0x9ee80000)
  to   space 2560K, 0% used [0x9fec0000,0x9fec0000,0xa0140000)
 ParOldGen       total 43008K, used 947K [0x73140000, 0x75b40000, 0x9dbc0000)
  object space 43008K, 2% used [0x73140000,0x7322cd80,0x75b40000)
 PSPermGen       total 16384K, used 4023K [0x6b140000, 0x6c140000, 0x73140000)
  object space 16384K, 24% used [0x6b140000,0x6b52dfb8,0x6c140000)
}
Event: 4.012 GC heap before
{Heap before GC invocations=2 (full 0):
 PSYoungGen      total 19200K, used 19188K [0x9dbc0000, 0xa0140000, 0xb3140000)
  eden space 16640K, 100% used [0x9dbc0000,0x9ec00000,0x9ec00000)
  from space 2560K, 99% used [0x9ec00000,0x9ee7d0d8,0x9ee80000)
  to   space 2560K, 0% used [0x9fec0000,0x9fec0000,0xa0140000)
 ParOldGen       total 43008K, used 947K [0x73140000, 0x75b40000, 0x9dbc0000)
  object space 43008K, 2% used [0x73140000,0x7322cd80,0x75b40000)
 PSPermGen       total 16384K, used 4145K [0x6b140000, 0x6c140000, 0x73140000)
  object space 16384K, 25% used [0x6b140000,0x6b54c578,0x6c140000)
Event: 4.049 GC heap after
Heap after GC invocations=2 (full 0):
 PSYoungGen      total 35840K, used 2548K [0x9dbc0000, 0xa0140000, 0xb3140000)
  eden space 33280K, 0% used [0x9dbc0000,0x9dbc0000,0x9fc40000)
  from space 2560K, 99% used [0x9fec0000,0xa013d308,0xa0140000)
  to   space 2560K, 0% used [0x9fc40000,0x9fc40000,0x9fec0000)
 ParOldGen       total 43008K, used 3024K [0x73140000, 0x75b40000, 0x9dbc0000)
  object space 43008K, 7% used [0x73140000,0x734343a0,0x75b40000)
 PSPermGen       total 16384K, used 4145K [0x6b140000, 0x6c140000, 0x73140000)
  object space 16384K, 25% used [0x6b140000,0x6b54c578,0x6c140000)
}
Event: 7.053 GC heap before
{Heap before GC invocations=3 (full 0):
 PSYoungGen      total 35840K, used 35828K [0x9dbc0000, 0xa0140000, 0xb3140000)
  eden space 33280K, 100% used [0x9dbc0000,0x9fc40000,0x9fc40000)
  from space 2560K, 99% used [0x9fec0000,0xa013d308,0xa0140000)
  to   space 2560K, 0% used [0x9fc40000,0x9fc40000,0x9fec0000)
 ParOldGen       total 43008K, used 3024K [0x73140000, 0x75b40000, 0x9dbc0000)
  object space 43008K, 7% used [0x73140000,0x734343a0,0x75b40000)
 PSPermGen       total 16384K, used 4215K [0x6b140000, 0x6c140000, 0x73140000)
  object space 16384K, 25% used [0x6b140000,0x6b55df18,0x6c140000)
Event: 7.093 GC heap after
Heap after GC invocations=3 (full 0):
 PSYoungGen      total 35840K, used 2550K [0x9dbc0000, 0xa21c0000, 0xb3140000)
  eden space 33280K, 0% used [0x9dbc0000,0x9dbc0000,0x9fc40000)
  from space 2560K, 99% used [0x9fc40000,0x9febdba8,0x9fec0000)
  to   space 2560K, 0% used [0xa1f40000,0xa1f40000,0xa21c0000)
 ParOldGen       total 43008K, used 7612K [0x73140000, 0x75b40000, 0x9dbc0000)
  object space 43008K, 17% used [0x73140000,0x738af228,0x75b40000)
 PSPermGen       total 16384K, used 4215K [0x6b140000, 0x6c140000, 0x73140000)
  object space 16384K, 25% used [0x6b140000,0x6b55df18,0x6c140000)
}
Event: 10.280 GC heap before
{Heap before GC invocations=4 (full 0):
 PSYoungGen      total 35840K, used 35830K [0x9dbc0000, 0xa21c0000, 0xb3140000)
  eden space 33280K, 100% used [0x9dbc0000,0x9fc40000,0x9fc40000)
  from space 2560K, 99% used [0x9fc40000,0x9febdba8,0x9fec0000)
  to   space 2560K, 0% used [0xa1f40000,0xa1f40000,0xa21c0000)
 ParOldGen       total 43008K, used 7612K [0x73140000, 0x75b40000, 0x9dbc0000)
  object space 43008K, 17% used [0x73140000,0x738af228,0x75b40000)
 PSPermGen       total 16384K, used 4236K [0x6b140000, 0x6c140000, 0x73140000)
  object space 16384K, 25% used [0x6b140000,0x6b5631f8,0x6c140000)
Event: 10.364 GC heap after
Heap after GC invocations=4 (full 0):
 PSYoungGen      total 69120K, used 2544K [0x9dbc0000, 0xa21c0000, 0xb3140000)
  eden space 66560K, 0% used [0x9dbc0000,0x9dbc0000,0xa1cc0000)
  from space 2560K, 99% used [0xa1f40000,0xa21bc1c8,0xa21c0000)
  to   space 2560K, 0% used [0xa1cc0000,0xa1cc0000,0xa1f40000)
 ParOldGen       total 43008K, used 13320K [0x73140000, 0x75b40000, 0x9dbc0000)
  object space 43008K, 30% used [0x73140000,0x73e420c0,0x75b40000)
 PSPermGen       total 16384K, used 4236K [0x6b140000, 0x6c140000, 0x73140000)
  object space 16384K, 25% used [0x6b140000,0x6b5631f8,0x6c140000)
}
Event: 16.241 GC heap before
{Heap before GC invocations=5 (full 0):
 PSYoungGen      total 69120K, used 69104K [0x9dbc0000, 0xa21c0000, 0xb3140000)
  eden space 66560K, 100% used [0x9dbc0000,0xa1cc0000,0xa1cc0000)
  from space 2560K, 99% used [0xa1f40000,0xa21bc1c8,0xa21c0000)
  to   space 2560K, 0% used [0xa1cc0000,0xa1cc0000,0xa1f40000)
 ParOldGen       total 43008K, used 13320K [0x73140000, 0x75b40000, 0x9dbc0000)
  object space 43008K, 30% used [0x73140000,0x73e420c0,0x75b40000)
 PSPermGen       total 16384K, used 4262K [0x6b140000, 0x6c140000, 0x73140000)
  object space 16384K, 26% used [0x6b140000,0x6b569b68,0x6c140000)

Deoptimization events (10 events):
Event: 5.416 Thread 0x6713d000 Uncommon trap: reason=null_check action=make_not_entrant pc=0xb3279b90 method=com.android.dx.rop.type.Type.equals(Ljava/lang/Object;)Z @ 8
Event: 5.905 Thread 0xb6208400 Uncommon trap: reason=null_check action=make_not_entrant pc=0xb328e634 method=com.android.dx.rop.type.Type.putIntern(Lcom/android/dx/rop/type/Type;)Lcom/android/dx/rop/type/Type; @ 18
Event: 6.060 Thread 0x6714e400 Uncommon trap: reason=null_check action=make_not_entrant pc=0xb32a2b18 method=com.android.dx.ssa.SsaRenamer.getLocalForNewReg(I)Lcom/android/dx/rop/code/LocalItem; @ 19
Event: 9.043 Thread 0xb6208400 Uncommon trap: reason=unstable_if action=reinterpret pc=0xb32acd30 method=com.android.dx.ssa.LocalVariableExtractor.processBlock(I)V @ 77
Event: 11.024 Thread 0x67150c00 Uncommon trap: reason=unstable_if action=reinterpret pc=0xb329ebbc method=com.android.dx.ssa.SsaMethod.updateOneDefinition(Lcom/android/dx/ssa/SsaInsn;Lcom/android/dx/rop/code/RegisterSpec;)V @ 4
Event: 12.344 Thread 0x67150c00 Uncommon trap: reason=unstable_if action=reinterpret pc=0xb32cbc50 method=com.android.dx.rop.code.LocalVariableInfo.mergeStarts(ILcom/android/dx/rop/code/RegisterSpecSet;)Z @ 31
Event: 15.287 Thread 0x6714e400 Uncommon trap: reason=class_check action=maybe_recompile pc=0xb32e81dc method=com.android.dx.cf.code.Ropper.processBlock(Lcom/android/dx/cf/code/ByteBlock;Lcom/android/dx/cf/code/Frame;[I)V @ 777
Event: 15.552 Thread 0x6714e400 Uncommon trap: reason=class_check action=maybe_recompile pc=0xb32e81dc method=com.android.dx.cf.code.Ropper.processBlock(Lcom/android/dx/cf/code/ByteBlock;Lcom/android/dx/cf/code/Frame;[I)V @ 777
Event: 15.747 Thread 0x67150c00 Uncommon trap: reason=class_check action=maybe_recompile pc=0xb32e81dc method=com.android.dx.cf.code.Ropper.processBlock(Lcom/android/dx/cf/code/ByteBlock;Lcom/android/dx/cf/code/Frame;[I)V @ 777
Event: 15.804 Thread 0x6714e400 Uncommon trap: reason=class_check action=maybe_recompile pc=0xb32e81dc method=com.android.dx.cf.code.Ropper.processBlock(Lcom/android/dx/cf/code/ByteBlock;Lcom/android/dx/cf/code/Frame;[I)V @ 777

Internal exceptions (10 events):
Event: 2.730 Thread 0xb6208400 Threw 0x9dd48a90 at /build/openjdk-7-PdBaKN/openjdk-7-7u91-2.6.3/build/openjdk/hotspot/src/share/vm/prims/jvm.cpp:1322
Event: 2.910 Thread 0xb6208400 Threw 0x9de9aa38 at /build/openjdk-7-PdBaKN/openjdk-7-7u91-2.6.3/build/openjdk/hotspot/src/share/vm/prims/jvm.cpp:1322
Event: 3.783 Thread 0x6714e400 Threw 0x9e933ba8 at /build/openjdk-7-PdBaKN/openjdk-7-7u91-2.6.3/build/openjdk/hotspot/src/share/vm/prims/jvm.cpp:1322
Event: 5.416 Thread 0x6713d000 Implicit null exception at 0xb3279aab to 0xb3279b82
Event: 5.905 Thread 0xb6208400 Implicit null exception at 0xb328e0a2 to 0xb328e629
Event: 6.060 Thread 0x6714e400 Implicit null exception at 0xb32a15f7 to 0xb32a2b09
Event: 8.922 Thread 0x6714e400 Threw 0x9eebf168 at /build/openjdk-7-PdBaKN/openjdk-7-7u91-2.6.3/build/openjdk/hotspot/src/share/vm/prims/jvm.cpp:1322
Event: 11.008 Thread 0x67150c00 Threw 0x9e199458 at /build/openjdk-7-PdBaKN/openjdk-7-7u91-2.6.3/build/openjdk/hotspot/src/share/vm/prims/jvm.cpp:1322
Event: 16.070 Thread 0xb6208400 Threw 0xa1ad3d20 at /build/openjdk-7-PdBaKN/openjdk-7-7u91-2.6.3/build/openjdk/hotspot/src/share/vm/prims/jvm.cpp:1322
Event: 16.070 Thread 0xb6208400 Threw 0xa1ad6c68 at /build/openjdk-7-PdBaKN/openjdk-7-7u91-2.6.3/build/openjdk/hotspot/src/share/vm/prims/jvm.cpp:1322

Events (10 events):
Event: 15.747 Thread 0x67150c00 DEOPT PACKING pc=0xb32e81dc sp=0x66a43c40
Event: 15.747 Thread 0x67150c00 DEOPT UNPACKING pc=0xb322cbc8 sp=0x66a43c34 mode 2
Event: 15.804 Thread 0x6714e400 Uncommon trap: trap_request=0xffffffde fr.pc=0xb32e81dc
Event: 15.804 Thread 0x6714e400 DEOPT PACKING pc=0xb32e81dc sp=0x66ae5c40
Event: 15.804 Thread 0x6714e400 DEOPT UNPACKING pc=0xb322cbc8 sp=0x66ae5c34 mode 2
Event: 16.070 loading class 0x67afbaf8
Event: 16.070 loading class 0x67afbaf8 done
Event: 16.070 loading class 0x67afbfe8
Event: 16.070 loading class 0x67afbfe8 done
Event: 16.207 Executing VM operation: ParallelGCFailedAllocation


Dynamic libraries:
08048000-08049000 r-xp 00000000 08:01 804961     /usr/lib/jvm/java-7-openjdk-i386/jre/bin/java
08049000-0804a000 r--p 00000000 08:01 804961     /usr/lib/jvm/java-7-openjdk-i386/jre/bin/java
0804a000-0804b000 rw-p 00001000 08:01 804961     /usr/lib/jvm/java-7-openjdk-i386/jre/bin/java
08b5d000-08c55000 rw-p 00000000 00:00 0          [heap]
65000000-650ab000 rw-p 00000000 00:00 0 
650ab000-65100000 ---p 00000000 00:00 0 
65100000-651a3000 rw-p 00000000 00:00 0 
651a3000-65200000 ---p 00000000 00:00 0 
65200000-652ff000 rw-p 00000000 00:00 0 
652ff000-65300000 ---p 00000000 00:00 0 
65300000-653e9000 rw-p 00000000 00:00 0 
653e9000-65400000 ---p 00000000 00:00 0 
65400000-654bc000 rw-p 00000000 00:00 0 
654bc000-65500000 ---p 00000000 00:00 0 
65500000-65600000 rw-p 00000000 00:00 0 
65600000-656e5000 rw-p 00000000 00:00 0 
656e5000-65700000 ---p 00000000 00:00 0 
65700000-657fb000 rw-p 00000000 00:00 0 
657fb000-65800000 ---p 00000000 00:00 0 
65800000-658fc000 rw-p 00000000 00:00 0 
658fc000-65900000 ---p 00000000 00:00 0 
65900000-65a00000 rw-p 00000000 00:00 0 
65a00000-65af3000 rw-p 00000000 00:00 0 
65af3000-65b00000 ---p 00000000 00:00 0 
65b72000-65c00000 rw-p 00000000 00:00 0 
65c00000-65cf9000 rw-p 00000000 00:00 0 
65cf9000-65d00000 ---p 00000000 00:00 0 
65d00000-65dee000 rw-p 00000000 00:00 0 
65dee000-65e00000 ---p 00000000 00:00 0 
65e00000-65ef9000 rw-p 00000000 00:00 0 
65ef9000-65f00000 ---p 00000000 00:00 0 
65f00000-65ff9000 rw-p 00000000 00:00 0 
65ff9000-66000000 ---p 00000000 00:00 0 
66000000-660fc000 rw-p 00000000 00:00 0 
660fc000-66100000 ---p 00000000 00:00 0 
66100000-661fe000 rw-p 00000000 00:00 0 
661fe000-66200000 ---p 00000000 00:00 0 
66200000-662fe000 rw-p 00000000 00:00 0 
662fe000-66300000 ---p 00000000 00:00 0 
66300000-663ec000 rw-p 00000000 00:00 0 
663ec000-66400000 ---p 00000000 00:00 0 
66400000-664fb000 rw-p 00000000 00:00 0 
664fb000-66500000 ---p 00000000 00:00 0 
66500000-665fb000 rw-p 00000000 00:00 0 
665fb000-66600000 ---p 00000000 00:00 0 
66600000-666ec000 rw-p 00000000 00:00 0 
666ec000-66700000 ---p 00000000 00:00 0 
66700000-667fd000 rw-p 00000000 00:00 0 
667fd000-66800000 ---p 00000000 00:00 0 
66800000-668fa000 rw-p 00000000 00:00 0 
668fa000-66900000 ---p 00000000 00:00 0 
6690f000-669f4000 rw-p 00000000 00:00 0 
669f4000-669f7000 ---p 00000000 00:00 0 
669f7000-66a45000 rw-p 00000000 00:00 0          [stack:5726]
66a45000-66a48000 ---p 00000000 00:00 0 
66a48000-66a96000 rw-p 00000000 00:00 0          [stack:5724]
66a96000-66a99000 ---p 00000000 00:00 0 
66a99000-66ae7000 rw-p 00000000 00:00 0          [stack:5723]
66ae7000-66aea000 ---p 00000000 00:00 0 
66aea000-66b38000 rw-p 00000000 00:00 0          [stack:5722]
66b38000-66b3b000 ---p 00000000 00:00 0 
66b3b000-66d4a000 rw-p 00000000 00:00 0          [stack:5721]
66d4a000-66dba000 r-xp 00000000 08:01 394656     /lib/i386-linux-gnu/libpcre.so.3.13.1
66dba000-66dbb000 r--p 0006f000 08:01 394656     /lib/i386-linux-gnu/libpcre.so.3.13.1
66dbb000-66dbc000 rw-p 00070000 08:01 394656     /lib/i386-linux-gnu/libpcre.so.3.13.1
66dbc000-66ee2000 r-xp 00000000 08:01 394573     /lib/i386-linux-gnu/libglib-2.0.so.0.4400.0
66ee2000-66ee3000 r--p 00125000 08:01 394573     /lib/i386-linux-gnu/libglib-2.0.so.0.4400.0
66ee3000-66ee4000 rw-p 00126000 08:01 394573     /lib/i386-linux-gnu/libglib-2.0.so.0.4400.0
66ee4000-66f3f000 r-xp 00000000 08:01 137385     /usr/lib/i386-linux-gnu/libgobject-2.0.so.0.4400.0
66f3f000-66f40000 r--p 0005b000 08:01 137385     /usr/lib/i386-linux-gnu/libgobject-2.0.so.0.4400.0
66f40000-66f41000 rw-p 0005c000 08:01 137385     /usr/lib/i386-linux-gnu/libgobject-2.0.so.0.4400.0
66f41000-670fa000 r-xp 00000000 08:01 137357     /usr/lib/i386-linux-gnu/libgio-2.0.so.0.4400.0
670fa000-670fd000 r--p 001b8000 08:01 137357     /usr/lib/i386-linux-gnu/libgio-2.0.so.0.4400.0
670fd000-670ff000 rw-p 001bb000 08:01 137357     /usr/lib/i386-linux-gnu/libgio-2.0.so.0.4400.0
670ff000-67100000 rw-p 00000000 00:00 0 
67100000-6716f000 rw-p 00000000 00:00 0 
6716f000-67200000 ---p 00000000 00:00 0 
67218000-6723c000 r-xp 00000000 08:01 394683     /lib/i386-linux-gnu/libselinux.so.1
6723c000-6723d000 r--p 00024000 08:01 394683     /lib/i386-linux-gnu/libselinux.so.1
6723d000-6723e000 rw-p 00025000 08:01 394683     /lib/i386-linux-gnu/libselinux.so.1
6723e000-6723f000 rw-p 00000000 00:00 0 
6723f000-67240000 ---p 00000000 00:00 0 
67240000-672c0000 rw-p 00000000 00:00 0          [stack:5717]
672c0000-672c3000 ---p 00000000 00:00 0 
672c3000-67311000 rw-p 00000000 00:00 0          [stack:5716]
67311000-67314000 ---p 00000000 00:00 0 
67314000-67392000 rw-p 00000000 00:00 0          [stack:5713]
67392000-67395000 ---p 00000000 00:00 0 
67395000-67413000 rw-p 00000000 00:00 0          [stack:5712]
67413000-6755a000 r-xp 00000000 08:01 136931     /usr/lib/i386-linux-gnu/libX11.so.6.3.0
6755a000-6755b000 r--p 00146000 08:01 136931     /usr/lib/i386-linux-gnu/libX11.so.6.3.0
6755b000-6755d000 rw-p 00147000 08:01 136931     /usr/lib/i386-linux-gnu/libX11.so.6.3.0
6755d000-6755e000 rw-p 00000000 00:00 0 
6755e000-67561000 ---p 00000000 00:00 0 
67561000-675af000 rw-p 00000000 00:00 0          [stack:5710]
675af000-677af000 r--p 00000000 08:01 143362     /usr/lib/locale/locale-archive
677af000-677b2000 ---p 00000000 00:00 0 
677b2000-67800000 rw-p 00000000 00:00 0          [stack:5708]
67800000-678ff000 rw-p 00000000 00:00 0 
678ff000-67900000 ---p 00000000 00:00 0 
67900000-67921000 rw-p 00000000 00:00 0 
67921000-67a00000 ---p 00000000 00:00 0 
67a00000-67b00000 rw-p 00000000 00:00 0 
67b04000-67b18000 r-xp 00000000 08:01 394679     /lib/i386-linux-gnu/libresolv-2.21.so
67b18000-67b1a000 r--p 00013000 08:01 394679     /lib/i386-linux-gnu/libresolv-2.21.so
67b1a000-67b1b000 rw-p 00015000 08:01 394679     /lib/i386-linux-gnu/libresolv-2.21.so
67b1b000-67b1d000 rw-p 00000000 00:00 0 
67b34000-67b4b000 r-xp 00000000 08:01 805027     /usr/lib/jvm/java-7-openjdk-i386/jre/lib/i386/libnet.so
67b4b000-67b4c000 r--p 00016000 08:01 805027     /usr/lib/jvm/java-7-openjdk-i386/jre/lib/i386/libnet.so
67b4c000-67b4d000 rw-p 00017000 08:01 805027     /usr/lib/jvm/java-7-openjdk-i386/jre/lib/i386/libnet.so
67b4d000-67b4e000 ---p 00000000 00:00 0 
67b4e000-67bce000 rw-p 00000000 00:00 0          [stack:5706]
67bce000-67d80000 r--s 01d2e000 08:01 804984     /usr/lib/jvm/java-7-openjdk-i386/jre/lib/rt.jar
67d80000-6a600000 rw-p 00000000 00:00 0 
6a600000-6a700000 rw-p 00000000 00:00 0 
6a70c000-6a72c000 r-xp 00000000 08:01 138125     /usr/lib/i386-linux-gnu/libxcb.so.1.1.0
6a72c000-6a72d000 r--p 0001f000 08:01 138125     /usr/lib/i386-linux-gnu/libxcb.so.1.1.0
6a72d000-6a72e000 rw-p 00020000 08:01 138125     /usr/lib/i386-linux-gnu/libxcb.so.1.1.0
6a72e000-6a731000 ---p 00000000 00:00 0 
6a731000-6a77f000 rw-p 00000000 00:00 0          [stack:5707]
6a77f000-6a780000 ---p 00000000 00:00 0 
6a780000-6a800000 rw-p 00000000 00:00 0          [stack:5705]
6a800000-6a821000 rw-p 00000000 00:00 0 
6a821000-6a900000 ---p 00000000 00:00 0 
6a900000-6a921000 rw-p 00000000 00:00 0 
6a921000-6aa00000 ---p 00000000 00:00 0 
6aa00000-6aa07000 r-xp 00000000 08:01 137254     /usr/lib/i386-linux-gnu/libffi.so.6.0.4
6aa07000-6aa09000 r--p 00006000 08:01 137254     /usr/lib/i386-linux-gnu/libffi.so.6.0.4
6aa09000-6aa0a000 rw-p 00008000 08:01 137254     /usr/lib/i386-linux-gnu/libffi.so.6.0.4
6aa0a000-6aa0d000 r-xp 00000000 08:01 137371     /usr/lib/i386-linux-gnu/libgmodule-2.0.so.0.4400.0
6aa0d000-6aa0e000 r--p 00002000 08:01 137371     /usr/lib/i386-linux-gnu/libgmodule-2.0.so.0.4400.0
6aa0e000-6aa0f000 rw-p 00003000 08:01 137371     /usr/lib/i386-linux-gnu/libgmodule-2.0.so.0.4400.0
6aa0f000-6aa1f000 r-xp 00000000 08:01 804991     /usr/lib/jvm/java-7-openjdk-i386/jre/lib/i386/libnio.so
6aa1f000-6aa20000 r--p 00010000 08:01 804991     /usr/lib/jvm/java-7-openjdk-i386/jre/lib/i386/libnio.so
6aa20000-6aa21000 rw-p 00011000 08:01 804991     /usr/lib/jvm/java-7-openjdk-i386/jre/lib/i386/libnio.so
6aa21000-6aa27000 r--s 00043000 08:01 429022     /home/student/.gradle/caches/modules-2/files-2.1/com.github.PhilJay/MPAndroidChart/v2.1.3/a3bd5f9dd0a98914faee607d51e22ae172cad4a/MPAndroidChart-v2.1.3.jar
6aa27000-6aa36000 r--s 000df000 08:01 1062595    /home/student/Android/Sdk/build-tools/23.0.3/lib/dx.jar
6aa36000-6aa7f000 rw-p 00000000 00:00 0 
6aa7f000-6aa80000 ---p 00000000 00:00 0 
6aa80000-6ab00000 rw-p 00000000 00:00 0          [stack:5704]
6ab00000-6ab25000 rw-p 00000000 00:00 0 
6ab25000-6ac00000 ---p 00000000 00:00 0 
6ac01000-6ac06000 r-xp 00000000 08:01 136946     /usr/lib/i386-linux-gnu/libXdmcp.so.6.0.0
6ac06000-6ac07000 r--p 00004000 08:01 136946     /usr/lib/i386-linux-gnu/libXdmcp.so.6.0.0
6ac07000-6ac08000 rw-p 00005000 08:01 136946     /usr/lib/i386-linux-gnu/libXdmcp.so.6.0.0
6ac08000-6ac0a000 r-xp 00000000 08:01 136935     /usr/lib/i386-linux-gnu/libXau.so.6.0.0
6ac0a000-6ac0b000 r--p 00001000 08:01 136935     /usr/lib/i386-linux-gnu/libXau.so.6.0.0
6ac0b000-6ac0c000 rw-p 00002000 08:01 136935     /usr/lib/i386-linux-gnu/libXau.so.6.0.0
6ac0c000-6ac67000 rw-p 00000000 00:00 0 
6ac67000-6ac68000 ---p 00000000 00:00 0 
6ac68000-6ace8000 rw-p 00000000 00:00 0          [stack:5703]
6ace8000-6ace9000 ---p 00000000 00:00 0 
6ace9000-6ad71000 rw-p 00000000 00:00 0          [stack:5702]
6ad71000-6ada9000 rw-p 00000000 00:00 0 
6ada9000-6adbe000 rw-p 00000000 00:00 0 
6adbe000-6aeff000 rw-p 00000000 00:00 0 
6aeff000-6af07000 rw-p 00000000 00:00 0 
6af07000-6af3f000 rw-p 00000000 00:00 0 
6af3f000-6af54000 rw-p 00000000 00:00 0 
6af54000-6b094000 rw-p 00000000 00:00 0 
6b094000-6b0b8000 rw-p 00000000 00:00 0 
6b0b8000-6b13f000 rw-p 00000000 00:00 0 
6b13f000-6c140000 rw-p 00000000 00:00 0 
6c140000-73140000 rw-p 00000000 00:00 0 
73140000-75b40000 rw-p 00000000 00:00 0 
75b40000-9dbc0000 rw-p 00000000 00:00 0 
9dbc0000-a21c0000 rw-p 00000000 00:00 0 
a76c0000-b3140000 rw-p 00000000 00:00 0 
b3140000-b3149000 rw-p 00000000 00:00 0 
b3149000-b3200000 rw-p 00000000 00:00 0 
b3200000-b3440000 rwxp 00000000 00:00 0 
b3440000-b6300000 rw-p 00000000 00:00 0 
b6300000-b6302000 r-xp 00000000 08:01 141618     /usr/lib/jayatana/libjayatanaag.so
b6302000-b6303000 r--p 00001000 08:01 141618     /usr/lib/jayatana/libjayatanaag.so
b6303000-b6304000 rw-p 00002000 08:01 141618     /usr/lib/jayatana/libjayatanaag.so
b6304000-b6305000 r--s 00000000 08:01 414147     /usr/share/java/jayatanaag.jar
b6305000-b6309000 r--s 00085000 08:01 804976     /usr/lib/jvm/java-7-openjdk-i386/jre/lib/ext/localedata.jar
b6309000-b630d000 r--s 00034000 08:01 804978     /usr/lib/jvm/java-7-openjdk-i386/jre/lib/ext/sunjce_provider.jar
b630d000-b6311000 r--s 0003c000 08:01 804979     /usr/lib/jvm/java-7-openjdk-i386/jre/lib/ext/sunpkcs11.jar
b6311000-b632c000 rw-p 00000000 00:00 0 
b632c000-b6338000 r-xp 00000000 08:01 394626     /lib/i386-linux-gnu/libnss_files-2.21.so
b6338000-b6339000 r--p 0000b000 08:01 394626     /lib/i386-linux-gnu/libnss_files-2.21.so
b6339000-b633a000 rw-p 0000c000 08:01 394626     /lib/i386-linux-gnu/libnss_files-2.21.so
b633a000-b6345000 r-xp 00000000 08:01 394636     /lib/i386-linux-gnu/libnss_nis-2.21.so
b6345000-b6346000 r--p 0000a000 08:01 394636     /lib/i386-linux-gnu/libnss_nis-2.21.so
b6346000-b6347000 rw-p 0000b000 08:01 394636     /lib/i386-linux-gnu/libnss_nis-2.21.so
b6347000-b635e000 r-xp 00000000 08:01 394620     /lib/i386-linux-gnu/libnsl-2.21.so
b635e000-b635f000 r--p 00016000 08:01 394620     /lib/i386-linux-gnu/libnsl-2.21.so
b635f000-b6360000 rw-p 00017000 08:01 394620     /lib/i386-linux-gnu/libnsl-2.21.so
b6360000-b6362000 rw-p 00000000 00:00 0 
b6362000-b636a000 r-xp 00000000 08:01 394622     /lib/i386-linux-gnu/libnss_compat-2.21.so
b636a000-b636b000 r--p 00007000 08:01 394622     /lib/i386-linux-gnu/libnss_compat-2.21.so
b636b000-b636c000 rw-p 00008000 08:01 394622     /lib/i386-linux-gnu/libnss_compat-2.21.so
b636c000-b636f000 r--s 0000f000 08:01 804977     /usr/lib/jvm/java-7-openjdk-i386/jre/lib/ext/icedtea-sound.jar
b636f000-b6371000 r--s 00012000 08:01 804975     /usr/lib/jvm/java-7-openjdk-i386/jre/lib/ext/zipfs.jar
b6371000-b6379000 r-xp 00000000 08:01 804995     /usr/lib/jvm/java-7-openjdk-i386/jre/lib/i386/libzip.so
b6379000-b637a000 r--p 00007000 08:01 804995     /usr/lib/jvm/java-7-openjdk-i386/jre/lib/i386/libzip.so
b637a000-b637b000 rw-p 00008000 08:01 804995     /usr/lib/jvm/java-7-openjdk-i386/jre/lib/i386/libzip.so
b637b000-b6383000 rw-s 00000000 08:01 429809     /tmp/hsperfdata_student/5693
b6383000-b638d000 r-xp 00000000 08:01 805017     /usr/lib/jvm/java-7-openjdk-i386/jre/lib/i386/libinstrument.so
b638d000-b638e000 r--p 00009000 08:01 805017     /usr/lib/jvm/java-7-openjdk-i386/jre/lib/i386/libinstrument.so
b638e000-b638f000 rw-p 0000a000 08:01 805017     /usr/lib/jvm/java-7-openjdk-i386/jre/lib/i386/libinstrument.so
b638f000-b63b5000 r-xp 00000000 08:01 805003     /usr/lib/jvm/java-7-openjdk-i386/jre/lib/i386/libjava.so
b63b5000-b63b6000 r--p 00025000 08:01 805003     /usr/lib/jvm/java-7-openjdk-i386/jre/lib/i386/libjava.so
b63b6000-b63b7000 rw-p 00026000 08:01 805003     /usr/lib/jvm/java-7-openjdk-i386/jre/lib/i386/libjava.so
b63b7000-b63be000 r-xp 00000000 08:01 394681     /lib/i386-linux-gnu/librt-2.21.so
b63be000-b63bf000 r--p 00006000 08:01 394681     /lib/i386-linux-gnu/librt-2.21.so
b63bf000-b63c0000 rw-p 00007000 08:01 394681     /lib/i386-linux-gnu/librt-2.21.so
b63c0000-b63c3000 ---p 00000000 00:00 0 
b63c3000-b6411000 rw-p 00000000 00:00 0          [stack:5696]
b6411000-b642d000 r-xp 00000000 08:01 394569     /lib/i386-linux-gnu/libgcc_s.so.1
b642d000-b642e000 rw-p 0001b000 08:01 394569     /lib/i386-linux-gnu/libgcc_s.so.1
b642e000-b6479000 r-xp 00000000 08:01 394599     /lib/i386-linux-gnu/libm-2.21.so
b6479000-b647a000 r--p 0004a000 08:01 394599     /lib/i386-linux-gnu/libm-2.21.so
b647a000-b647b000 rw-p 0004b000 08:01 394599     /lib/i386-linux-gnu/libm-2.21.so
b647b000-b6564000 r-xp 00000000 08:01 137921     /usr/lib/i386-linux-gnu/libstdc++.so.6.0.20
b6564000-b6568000 r--p 000e9000 08:01 137921     /usr/lib/i386-linux-gnu/libstdc++.so.6.0.20
b6568000-b6569000 rw-p 000ed000 08:01 137921     /usr/lib/i386-linux-gnu/libstdc++.so.6.0.20
b6569000-b6570000 rw-p 00000000 00:00 0 
b6570000-b70c3000 r-xp 00000000 08:01 805013     /usr/lib/jvm/java-7-openjdk-i386/jre/lib/i386/server/libjvm.so
b70c3000-b7117000 r--p 00b52000 08:01 805013     /usr/lib/jvm/java-7-openjdk-i386/jre/lib/i386/server/libjvm.so
b7117000-b712b000 rw-p 00ba6000 08:01 805013     /usr/lib/jvm/java-7-openjdk-i386/jre/lib/i386/server/libjvm.so
b712b000-b754a000 rw-p 00000000 00:00 0 
b754a000-b7563000 r-xp 00000000 08:01 394714     /lib/i386-linux-gnu/libz.so.1.2.8
b7563000-b7564000 r--p 00019000 08:01 394714     /lib/i386-linux-gnu/libz.so.1.2.8
b7564000-b7565000 rw-p 0001a000 08:01 394714     /lib/i386-linux-gnu/libz.so.1.2.8
b7565000-b757e000 r-xp 00000000 08:01 394673     /lib/i386-linux-gnu/libpthread-2.21.so
b757e000-b757f000 r--p 00018000 08:01 394673     /lib/i386-linux-gnu/libpthread-2.21.so
b757f000-b7580000 rw-p 00019000 08:01 394673     /lib/i386-linux-gnu/libpthread-2.21.so
b7580000-b7582000 rw-p 00000000 00:00 0 
b7582000-b7585000 r-xp 00000000 08:01 394557     /lib/i386-linux-gnu/libdl-2.21.so
b7585000-b7586000 r--p 00002000 08:01 394557     /lib/i386-linux-gnu/libdl-2.21.so
b7586000-b7587000 rw-p 00003000 08:01 394557     /lib/i386-linux-gnu/libdl-2.21.so
b7587000-b773b000 r-xp 00000000 08:01 394540     /lib/i386-linux-gnu/libc-2.21.so
b773b000-b773e000 r--p 001b3000 08:01 394540     /lib/i386-linux-gnu/libc-2.21.so
b773e000-b7740000 rw-p 001b6000 08:01 394540     /lib/i386-linux-gnu/libc-2.21.so
b7740000-b7742000 rw-p 00000000 00:00 0 
b7742000-b7743000 r--s 00002000 08:01 804980     /usr/lib/jvm/java-7-openjdk-i386/jre/lib/ext/dnsns.jar
b7743000-b7745000 r--s 00006000 08:01 399091     /usr/share/java/java-atk-wrapper.jar
b7745000-b7746000 r--p 005e0000 08:01 143362     /usr/lib/locale/locale-archive
b7746000-b7747000 rw-p 00000000 00:00 0 
b7747000-b7748000 ---p 00000000 00:00 0 
b7748000-b7756000 r-xp 00000000 08:01 805022     /usr/lib/jvm/java-7-openjdk-i386/jre/lib/i386/libverify.so
b7756000-b7758000 r--p 0000d000 08:01 805022     /usr/lib/jvm/java-7-openjdk-i386/jre/lib/i386/libverify.so
b7758000-b7759000 rw-p 0000f000 08:01 805022     /usr/lib/jvm/java-7-openjdk-i386/jre/lib/i386/libverify.so
b7759000-b7765000 r-xp 00000000 08:01 805024     /usr/lib/jvm/java-7-openjdk-i386/jre/lib/i386/jli/libjli.so
b7765000-b7766000 r--p 0000b000 08:01 805024     /usr/lib/jvm/java-7-openjdk-i386/jre/lib/i386/jli/libjli.so
b7766000-b7767000 rw-p 0000c000 08:01 805024     /usr/lib/jvm/java-7-openjdk-i386/jre/lib/i386/jli/libjli.so
b7767000-b776a000 rw-p 00000000 00:00 0 
b776a000-b776c000 r--p 00000000 00:00 0          [vvar]
b776c000-b776d000 r-xp 00000000 00:00 0          [vdso]
b776d000-b778f000 r-xp 00000000 08:01 394512     /lib/i386-linux-gnu/ld-2.21.so
b778f000-b7790000 r--p 00021000 08:01 394512     /lib/i386-linux-gnu/ld-2.21.so
b7790000-b7791000 rw-p 00022000 08:01 394512     /lib/i386-linux-gnu/ld-2.21.so
bfe6b000-bfe6c000 rwxp 00000000 00:00 0 
bfe9d000-bfebf000 rw-p 00000000 00:00 0          [stack]

VM Arguments:
jvm_args: -javaagent:/usr/share/java/jayatanaag.jar -Djava.awt.headless=true -Xmx1024M -Dfile.encoding=UTF-8 -Duser.country=US -Duser.language=en -Duser.variant 
java_command: com.android.dx.command.Main --dex --num-threads=4 --multi-dex --output /home/student/test/HealthyBit/app/build/intermediates/transforms/dex/debug/folders/1000/10/MPAndroidChart-v2.1.3_81d7d5322d299fb927d5447788e4fdfe4550fe3c /home/student/.gradle/caches/modules-2/files-2.1/com.github.PhilJay/MPAndroidChart/v2.1.3/a3bd5f9dd0a98914faee607d51e22ae172cad4a/MPAndroidChart-v2.1.3.jar
Launcher Type: SUN_STANDARD

Environment Variables:
JAVA_TOOL_OPTIONS=-javaagent:/usr/share/java/jayatanaag.jar 
PATH=/home/student/.linuxbrew/bin:/usr/local/sbin:/usr/local/bin:/usr/sbin:/usr/bin:/sbin:/bin:/usr/games:/usr/local/games:/etc/android-studio/bin/:/home/student/Android/Sdk/platform-tools:/home/student/Android/Sdk/tools
LD_LIBRARY_PATH=/etc/android-studio/bin:
SHELL=/bin/bash
DISPLAY=:0

Signal Handlers:
SIGSEGV: [libjvm.so+0x7f7d00], sa_mask[0]=0x7ffbfeff, sa_flags=0x10000004
SIGBUS: [libjvm.so+0x7f7d00], sa_mask[0]=0x7ffbfeff, sa_flags=0x10000004
SIGFPE: [libjvm.so+0x67a9d0], sa_mask[0]=0x7ffbfeff, sa_flags=0x10000004
SIGPIPE: [libjvm.so+0x67a9d0], sa_mask[0]=0x7ffbfeff, sa_flags=0x10000004
SIGXFSZ: [libjvm.so+0x67a9d0], sa_mask[0]=0x7ffbfeff, sa_flags=0x10000004
SIGILL: [libjvm.so+0x67a9d0], sa_mask[0]=0x7ffbfeff, sa_flags=0x10000004
SIGUSR1: SIG_DFL, sa_mask[0]=0x00000000, sa_flags=0x00000000
SIGUSR2: [libjvm.so+0x67a820], sa_mask[0]=0x00000004, sa_flags=0x10000004
SIGHUP: [libjvm.so+0x67aa80], sa_mask[0]=0x7ffbfeff, sa_flags=0x10000004
SIGINT: [libjvm.so+0x67aa80], sa_mask[0]=0x7ffbfeff, sa_flags=0x10000004
SIGTERM: [libjvm.so+0x67aa80], sa_mask[0]=0x7ffbfeff, sa_flags=0x10000004
SIGQUIT: [libjvm.so+0x67aa80], sa_mask[0]=0x7ffbfeff, sa_flags=0x10000004
SIGTRAP: SIG_DFL, sa_mask[0]=0x00000000, sa_flags=0x00000000


---------------  S Y S T E M  ---------------

OS:Ubuntu 15.04 (vivid)
uname:Linux 3.19.0-18-generic #18-Ubuntu SMP Tue May 19 18:30:59 UTC 2015 i686
libc:glibc 2.21 NPTL 2.21 
rlimit: STACK 8192k, CORE 0k, NPROC 32177, NOFILE 65536, AS infinity
load average:6.53 5.32 4.34

/proc/meminfo:
MemTotal:        4139540 kB
MemFree:          234364 kB
MemAvailable:     186208 kB
Buffers:           13864 kB
Cached:            94384 kB
SwapCached:            0 kB
Active:          3497756 kB
Inactive:          61132 kB
Active(anon):    3451924 kB
Inactive(anon):    37620 kB
Active(file):      45832 kB
Inactive(file):    23512 kB
Unevictable:          32 kB
Mlocked:              32 kB
HighTotal:       3280776 kB
HighFree:          57756 kB
LowTotal:         858764 kB
LowFree:          176608 kB
SwapTotal:             0 kB
SwapFree:              0 kB
Dirty:               216 kB
Writeback:             0 kB
AnonPages:       3450632 kB
Mapped:            73076 kB
Shmem:             38796 kB
Slab:              49592 kB
SReclaimable:      23664 kB
SUnreclaim:        25928 kB
KernelStack:        5464 kB
PageTables:        14928 kB
NFS_Unstable:          0 kB
Bounce:                0 kB
WritebackTmp:          0 kB
CommitLimit:     2069768 kB
Committed_AS:    6286116 kB
VmallocTotal:     122880 kB
VmallocUsed:       23416 kB
VmallocChunk:      49124 kB
AnonHugePages:   2650112 kB
CmaTotal:              0 kB
CmaFree:               0 kB
HugePages_Total:       0
HugePages_Free:        0
HugePages_Rsvd:        0
HugePages_Surp:        0
Hugepagesize:       2048 kB
DirectMap4k:       61432 kB
DirectMap2M:      851968 kB


CPU:total 4 (1 cores per cpu, 1 threads per core) family 6 model 58 stepping 9, cmov, cx8, fxsr, mmx, sse, sse2, sse3, ssse3, sse4.1, sse4.2, popcnt, avx, aes, erms, tsc, tscinvbit, tscinv

/proc/cpuinfo:
processor	: 0
vendor_id	: GenuineIntel
cpu family	: 6
model		: 58
model name	: Intel(R) Core(TM) i5-3210M CPU @ 2.50GHz
stepping	: 9
microcode	: 0x15
cpu MHz		: 2494.111
cache size	: 3072 KB
physical id	: 0
siblings	: 1
core id		: 0
cpu cores	: 1
apicid		: 0
initial apicid	: 0
fdiv_bug	: no
f00f_bug	: no
coma_bug	: no
fpu		: yes
fpu_exception	: yes
cpuid level	: 13
wp		: yes
flags		: fpu vme de pse tsc msr pae mce cx8 apic sep mtrr pge mca cmov pat pse36 clflush dts mmx fxsr sse sse2 ss nx rdtscp lm constant_tsc arch_perfmon pebs bts xtopology tsc_reliable nonstop_tsc aperfmperf pni pclmulqdq ssse3 cx16 pcid sse4_1 sse4_2 x2apic popcnt tsc_deadline_timer aes xsave avx f16c rdrand hypervisor lahf_lm ida arat epb pln pts dtherm fsgsbase tsc_adjust smep
bugs		:
bogomips	: 4988.22
clflush size	: 64
cache_alignment	: 64
address sizes	: 42 bits physical, 48 bits virtual
power management:

processor	: 1
vendor_id	: GenuineIntel
cpu family	: 6
model		: 58
model name	: Intel(R) Core(TM) i5-3210M CPU @ 2.50GHz
stepping	: 9
microcode	: 0x15
cpu MHz		: 2494.111
cache size	: 3072 KB
physical id	: 2
siblings	: 1
core id		: 0
cpu cores	: 1
apicid		: 2
initial apicid	: 2
fdiv_bug	: no
f00f_bug	: no
coma_bug	: no
fpu		: yes
fpu_exception	: yes
cpuid level	: 13
wp		: yes
flags		: fpu vme de pse tsc msr pae mce cx8 apic sep mtrr pge mca cmov pat pse36 clflush dts mmx fxsr sse sse2 ss nx rdtscp lm constant_tsc arch_perfmon pebs bts xtopology tsc_reliable nonstop_tsc aperfmperf pni pclmulqdq ssse3 cx16 pcid sse4_1 sse4_2 x2apic popcnt tsc_deadline_timer aes xsave avx f16c rdrand hypervisor lahf_lm ida arat epb pln pts dtherm fsgsbase tsc_adjust smep
bugs		:
bogomips	: 4988.22
clflush size	: 64
cache_alignment	: 64
address sizes	: 42 bits physical, 48 bits virtual
power management:

processor	: 2
vendor_id	: GenuineIntel
cpu family	: 6
model		: 58
model name	: Intel(R) Core(TM) i5-3210M CPU @ 2.50GHz
stepping	: 9
microcode	: 0x15
cpu MHz		: 2494.111
cache size	: 3072 KB
physical id	: 4
siblings	: 1
core id		: 0
cpu cores	: 1
apicid		: 4
initial apicid	: 4
fdiv_bug	: no
f00f_bug	: no
coma_bug	: no
fpu		: yes
fpu_exception	: yes
cpuid level	: 13
wp		: yes
flags		: fpu vme de pse tsc msr pae mce cx8 apic sep mtrr pge mca cmov pat pse36 clflush dts mmx fxsr sse sse2 ss nx rdtscp lm constant_tsc arch_perfmon pebs bts xtopology tsc_reliable nonstop_tsc aperfmperf pni pclmulqdq ssse3 cx16 pcid sse4_1 sse4_2 x2apic popcnt tsc_deadline_timer aes xsave avx f16c rdrand hypervisor lahf_lm ida arat epb pln pts dtherm fsgsbase tsc_adjust smep
bugs		:
bogomips	: 4988.22
clflush size	: 64
cache_alignment	: 64
address sizes	: 42 bits physical, 48 bits virtual
power management:

processor	: 3
vendor_id	: GenuineIntel
cpu family	: 6
model		: 58
model name	: Intel(R) Core(TM) i5-3210M CPU @ 2.50GHz
stepping	: 9
microcode	: 0x15
cpu MHz		: 2494.111
cache size	: 3072 KB
physical id	: 6
siblings	: 1
core id		: 0
cpu cores	: 1
apicid		: 6
initial apicid	: 6
fdiv_bug	: no
f00f_bug	: no
coma_bug	: no
fpu		: yes
fpu_exception	: yes
cpuid level	: 13
wp		: yes
flags		: fpu vme de pse tsc msr pae mce cx8 apic sep mtrr pge mca cmov pat pse36 clflush dts mmx fxsr sse sse2 ss nx rdtscp lm constant_tsc arch_perfmon pebs bts xtopology tsc_reliable nonstop_tsc aperfmperf pni pclmulqdq ssse3 cx16 pcid sse4_1 sse4_2 x2apic popcnt tsc_deadline_timer aes xsave avx f16c rdrand hypervisor lahf_lm ida arat epb pln pts dtherm fsgsbase tsc_adjust smep
bugs		:
bogomips	: 4988.22
clflush size	: 64
cache_alignment	: 64
address sizes	: 42 bits physical, 48 bits virtual
power management:



Memory: 4k page, physical 4139540k(234364k free), swap 0k(0k free)

vm_info: OpenJDK Server VM (24.91-b01) for linux-x86 JRE (1.7.0_91-b02), built on Nov 19 2015 06:25:06 by "buildd" with gcc 4.9.2

time: Tue May  3 16:06:08 2016
elapsed time: 16 seconds

