#
# There is insufficient memory for the Java Runtime Environment to continue.
# Native memory allocation (malloc) failed to allocate 92012544 bytes for committing reserved memory.
# Possible reasons:
#   The system is out of physical RAM or swap space
#   In 32 bit mode, the process size limit was hit
# Possible solutions:
#   Reduce memory load on the system
#   Increase physical memory or swap space
#   Check if swap backing store is full
#   Use 64 bit Java on a 64 bit OS
#   Decrease Java heap size (-Xmx/-Xms)
#   Decrease number of Java threads
#   Decrease Java thread stack sizes (-Xss)
#   Set larger code cache with -XX:ReservedCodeCacheSize=
# This output file may be truncated or incomplete.
#
#  Out of Memory Error (os_linux.cpp:2827), pid=8568, tid=1740430144
#
# JRE version: OpenJDK Runtime Environment (7.0_91-b02) (build 1.7.0_91-b02)
# Java VM: OpenJDK Server VM (24.91-b01 mixed mode linux-x86 )
# Derivative: IcedTea 2.6.3
# Distribution: Ubuntu 15.04, package 7u91-2.6.3-0ubuntu0.15.04.1
# Failed to write core dump. Core dumps have been disabled. To enable core dumping, try "ulimit -c unlimited" before starting Java again
#

---------------  T H R E A D  ---------------

Current thread (0x67a81400):  VMThread [stack: 0x67b4d000,0x67bce000] [id=8578]

Stack: [0x67b4d000,0x67bce000]
VM_Operation (0x66a42a64): ParallelGCFailedAllocation, mode: safepoint, requested by thread 0x67054c00


---------------  P R O C E S S  ---------------

Java Threads: ( => current thread )
  0x67057800 JavaThread "pool-2-thread-4" [_thread_blocked, id=8624, stack(0x66951000,0x669a2000)]
  0x67056000 JavaThread "pool-2-thread-3" [_thread_blocked, id=8623, stack(0x669a2000,0x669f3000)]
  0x67054c00 JavaThread "pool-2-thread-2" [_thread_blocked, id=8622, stack(0x669f3000,0x66a44000)]
  0x67052000 JavaThread "pool-3-thread-1" [_thread_blocked, id=8621, stack(0x66a44000,0x66a95000)]
  0x6704fc00 JavaThread "pool-2-thread-1" [_thread_blocked, id=8620, stack(0x66a95000,0x66ae6000)]
  0x67aee800 JavaThread "Service Thread" daemon [_thread_blocked, id=8586, stack(0x67262000,0x672b3000)]
  0x67aec800 JavaThread "C2 CompilerThread1" daemon [_thread_blocked, id=8584, stack(0x672b3000,0x67334000)]
  0x67aeb400 JavaThread "C2 CompilerThread0" daemon [_thread_blocked, id=8583, stack(0x67334000,0x673b5000)]
  0x67a98400 JavaThread "Signal Dispatcher" daemon [_thread_blocked, id=8582, stack(0x6790d000,0x6795e000)]
  0x67a85400 JavaThread "Finalizer" daemon [_thread_blocked, id=8580, stack(0x6795e000,0x679af000)]
  0x67a83c00 JavaThread "Reference Handler" daemon [_thread_blocked, id=8579, stack(0x679af000,0x67a00000)]
  0xb6208400 JavaThread "main" [_thread_blocked, id=8572, stack(0xb636a000,0xb63bb000)]

Other Threads:
=>0x67a81400 VMThread [stack: 0x67b4d000,0x67bce000] [id=8578]
  0x67af0800 WatcherThread [stack: 0x671e1000,0x67262000] [id=8588]

VM state:at safepoint (normal execution)

VM Mutex/Monitor currently owned by a thread:  ([mutex/lock_event])
[0xb6205e30] Threads_lock - owner thread: 0x67a81400
[0xb6206240] Heap_lock - owner thread: 0x67054c00

Heap
 PSYoungGen      total 147456K, used 21241K [0x9db80000, 0xa8500000, 0xb3100000)
  eden space 126208K, 0% used [0x9db80000,0x9db80000,0xa56c0000)
  from space 21248K, 99% used [0xa56c0000,0xa6b7e7b0,0xa6b80000)
  to   space 16384K, 0% used [0xa6b80000,0xa6b80000,0xa7b80000)
 ParOldGen       total 43008K, used 38780K [0x73100000, 0x75b00000, 0x9db80000)
  object space 43008K, 90% used [0x73100000,0x756df220,0x75b00000)
 PSPermGen       total 16384K, used 4352K [0x6b100000, 0x6c100000, 0x73100000)
  object space 16384K, 26% used [0x6b100000,0x6b5403f8,0x6c100000)

Card table byte_map: [0x6aebf000,0x6b100000] byte_map_base: 0x6ab66800

Polling page: 0xb76f1000

Code Cache  [0xb31ca000, 0xb340a000, 0xb61ca000)
 total_blobs=542 nmethods=419 adapters=76 free_code_cache=47457Kb largest_free_block=48566912

Compilation events (10 events):
Event: 27.431 Thread 0x67aeb400 nmethod 429 0xb3353408 code [0xb3353500, 0xb33535d0]
Event: 27.431 Thread 0x67aeb400  430             java.util.Collections$UnmodifiableRandomAccessList::<init> (6 bytes)
Event: 27.452 Thread 0x67aeb400 nmethod 430 0xb3367588 code [0xb3367680, 0xb3367710]
Event: 27.453 Thread 0x67aeb400  431             java.util.Collections$UnmodifiableList::<init> (11 bytes)
Event: 27.454 Thread 0x67aeb400 nmethod 431 0xb327eec8 code [0xb327efc0, 0xb327f050]
Event: 27.454 Thread 0x67aeb400  432             com.android.dx.ssa.back.InterferenceGraph::ensureCapacity (42 bytes)
Event: 27.480 Thread 0x67aeb400 nmethod 432 0xb3366048 code [0xb33661a0, 0xb33665b8]
Event: 27.480 Thread 0x67aeb400  433             com.android.dx.ssa.back.InterferenceGraph::add (46 bytes)
Event: 27.562 Thread 0x67aeb400 nmethod 433 0xb3367908 code [0xb3367ac0, 0xb3368438]
Event: 27.562 Thread 0x67aeb400  434             com.android.dx.ssa.SsaBasicBlock::getPhiInsns (13 bytes)

GC Heap History (10 events):
Event: 5.956 GC heap after
Heap after GC invocations=4 (full 0):
 PSYoungGen      total 35840K, used 2551K [0x9db80000, 0xa0100000, 0xb3100000)
  eden space 33280K, 0% used [0x9db80000,0x9db80000,0x9fc00000)
  from space 2560K, 99% used [0x9fe80000,0xa00fdfb8,0xa0100000)
  to   space 2560K, 0% used [0x9fc00000,0x9fc00000,0x9fe80000)
 ParOldGen       total 43008K, used 7352K [0x73100000, 0x75b00000, 0x9db80000)
  object space 43008K, 17% used [0x73100000,0x7382e000,0x75b00000)
 PSPermGen       total 16384K, used 4229K [0x6b100000, 0x6c100000, 0x73100000)
  object space 16384K, 25% used [0x6b100000,0x6b521698,0x6c100000)
}
Event: 9.936 GC heap before
{Heap before GC invocations=5 (full 0):
 PSYoungGen      total 35840K, used 35831K [0x9db80000, 0xa0100000, 0xb3100000)
  eden space 33280K, 100% used [0x9db80000,0x9fc00000,0x9fc00000)
  from space 2560K, 99% used [0x9fe80000,0xa00fdfb8,0xa0100000)
  to   space 2560K, 0% used [0x9fc00000,0x9fc00000,0x9fe80000)
 ParOldGen       total 43008K, used 7352K [0x73100000, 0x75b00000, 0x9db80000)
  object space 43008K, 17% used [0x73100000,0x7382e000,0x75b00000)
 PSPermGen       total 16384K, used 4255K [0x6b100000, 0x6c100000, 0x73100000)
  object space 16384K, 25% used [0x6b100000,0x6b527f30,0x6c100000)
Event: 10.028 GC heap after
Heap after GC invocations=5 (full 0):
 PSYoungGen      total 35840K, used 2546K [0x9db80000, 0xa2f00000, 0xb3100000)
  eden space 33280K, 0% used [0x9db80000,0x9db80000,0x9fc00000)
  from space 2560K, 99% used [0x9fc00000,0x9fe7c980,0x9fe80000)
  to   space 9472K, 0% used [0xa25c0000,0xa25c0000,0xa2f00000)
 ParOldGen       total 43008K, used 12403K [0x73100000, 0x75b00000, 0x9db80000)
  object space 43008K, 28% used [0x73100000,0x73d1cfe8,0x75b00000)
 PSPermGen       total 16384K, used 4255K [0x6b100000, 0x6c100000, 0x73100000)
  object space 16384K, 25% used [0x6b100000,0x6b527f30,0x6c100000)
}
Event: 13.093 GC heap before
{Heap before GC invocations=6 (full 0):
 PSYoungGen      total 35840K, used 35826K [0x9db80000, 0xa2f00000, 0xb3100000)
  eden space 33280K, 100% used [0x9db80000,0x9fc00000,0x9fc00000)
  from space 2560K, 99% used [0x9fc00000,0x9fe7c980,0x9fe80000)
  to   space 9472K, 0% used [0xa25c0000,0xa25c0000,0xa2f00000)
 ParOldGen       total 43008K, used 12403K [0x73100000, 0x75b00000, 0x9db80000)
  object space 43008K, 28% used [0x73100000,0x73d1cfe8,0x75b00000)
 PSPermGen       total 16384K, used 4267K [0x6b100000, 0x6c100000, 0x73100000)
  object space 16384K, 26% used [0x6b100000,0x6b52ac88,0x6c100000)
Event: 13.270 GC heap after
Heap after GC invocations=6 (full 0):
 PSYoungGen      total 75008K, used 8103K [0x9db80000, 0xa3100000, 0xb3100000)
  eden space 65536K, 0% used [0x9db80000,0x9db80000,0xa1b80000)
  from space 9472K, 85% used [0xa25c0000,0xa2da9cf0,0xa2f00000)
  to   space 10496K, 0% used [0xa1b80000,0xa1b80000,0xa25c0000)
 ParOldGen       total 43008K, used 12403K [0x73100000, 0x75b00000, 0x9db80000)
  object space 43008K, 28% used [0x73100000,0x73d1cfe8,0x75b00000)
 PSPermGen       total 16384K, used 4267K [0x6b100000, 0x6c100000, 0x73100000)
  object space 16384K, 26% used [0x6b100000,0x6b52ac88,0x6c100000)
}
Event: 18.227 GC heap before
{Heap before GC invocations=7 (full 0):
 PSYoungGen      total 75008K, used 73639K [0x9db80000, 0xa3100000, 0xb3100000)
  eden space 65536K, 100% used [0x9db80000,0xa1b80000,0xa1b80000)
  from space 9472K, 85% used [0xa25c0000,0xa2da9cf0,0xa2f00000)
  to   space 10496K, 0% used [0xa1b80000,0xa1b80000,0xa25c0000)
 ParOldGen       total 43008K, used 12403K [0x73100000, 0x75b00000, 0x9db80000)
  object space 43008K, 28% used [0x73100000,0x73d1cfe8,0x75b00000)
 PSPermGen       total 16384K, used 4296K [0x6b100000, 0x6c100000, 0x73100000)
  object space 16384K, 26% used [0x6b100000,0x6b532330,0x6c100000)
Event: 18.353 GC heap after
Heap after GC invocations=7 (full 0):
 PSYoungGen      total 76032K, used 10489K [0x9db80000, 0xa7b80000, 0xb3100000)
  eden space 65536K, 0% used [0x9db80000,0x9db80000,0xa1b80000)
  from space 10496K, 99% used [0xa1b80000,0xa25be5c0,0xa25c0000)
  to   space 16384K, 0% used [0xa6b80000,0xa6b80000,0xa7b80000)
 ParOldGen       total 43008K, used 20327K [0x73100000, 0x75b00000, 0x9db80000)
  object space 43008K, 47% used [0x73100000,0x744d9da0,0x75b00000)
 PSPermGen       total 16384K, used 4296K [0x6b100000, 0x6c100000, 0x73100000)
  object space 16384K, 26% used [0x6b100000,0x6b532330,0x6c100000)
}
Event: 21.125 GC heap before
{Heap before GC invocations=8 (full 0):
 PSYoungGen      total 76032K, used 76025K [0x9db80000, 0xa7b80000, 0xb3100000)
  eden space 65536K, 100% used [0x9db80000,0xa1b80000,0xa1b80000)
  from space 10496K, 99% used [0xa1b80000,0xa25be5c0,0xa25c0000)
  to   space 16384K, 0% used [0xa6b80000,0xa6b80000,0xa7b80000)
 ParOldGen       total 43008K, used 20327K [0x73100000, 0x75b00000, 0x9db80000)
  object space 43008K, 47% used [0x73100000,0x744d9da0,0x75b00000)
 PSPermGen       total 16384K, used 4314K [0x6b100000, 0x6c100000, 0x73100000)
  object space 16384K, 26% used [0x6b100000,0x6b536a68,0x6c100000)
Event: 21.414 GC heap after
Heap after GC invocations=8 (full 0):
 PSYoungGen      total 142592K, used 16383K [0x9db80000, 0xa8500000, 0xb3100000)
  eden space 126208K, 0% used [0x9db80000,0x9db80000,0xa56c0000)
  from space 16384K, 99% used [0xa6b80000,0xa7b7fc28,0xa7b80000)
  to   space 21248K, 0% used [0xa56c0000,0xa56c0000,0xa6b80000)
 ParOldGen       total 43008K, used 24815K [0x73100000, 0x75b00000, 0x9db80000)
  object space 43008K, 57% used [0x73100000,0x7493bfc8,0x75b00000)
 PSPermGen       total 16384K, used 4314K [0x6b100000, 0x6c100000, 0x73100000)
  object space 16384K, 26% used [0x6b100000,0x6b536a68,0x6c100000)
}
Event: 27.586 GC heap before
{Heap before GC invocations=9 (full 0):
 PSYoungGen      total 142592K, used 142591K [0x9db80000, 0xa8500000, 0xb3100000)
  eden space 126208K, 100% used [0x9db80000,0xa56c0000,0xa56c0000)
  from space 16384K, 99% used [0xa6b80000,0xa7b7fc28,0xa7b80000)
  to   space 21248K, 0% used [0xa56c0000,0xa56c0000,0xa6b80000)
 ParOldGen       total 43008K, used 24815K [0x73100000, 0x75b00000, 0x9db80000)
  object space 43008K, 57% used [0x73100000,0x7493bfc8,0x75b00000)
 PSPermGen       total 16384K, used 4352K [0x6b100000, 0x6c100000, 0x73100000)
  object space 16384K, 26% used [0x6b100000,0x6b5403f8,0x6c100000)

Deoptimization events (10 events):
Event: 7.035 Thread 0x67057800 Uncommon trap: reason=class_check action=maybe_recompile pc=0xb325cf78 method=java.util.HashMap.put(Ljava/lang/Object;Ljava/lang/Object;)Ljava/lang/Object; @ 83
Event: 7.035 Thread 0x67057800 Uncommon trap: reason=class_check action=maybe_recompile pc=0xb325cf78 method=java.util.HashMap.put(Ljava/lang/Object;Ljava/lang/Object;)Ljava/lang/Object; @ 83
Event: 15.453 Thread 0x67054c00 Uncommon trap: reason=unstable_if action=reinterpret pc=0xb328119c method=com.android.dx.ssa.SCCP.simulateBranch(Lcom/android/dx/ssa/SsaInsn;)V @ 64
Event: 16.295 Thread 0xb6208400 Uncommon trap: reason=null_check action=make_not_entrant pc=0xb32c5c1c method=com.android.dx.cf.code.Ropper$CatchInfo.getSetup(Lcom/android/dx/rop/type/Type;)Lcom/android/dx/cf/code/Ropper$ExceptionHandlerSetup; @ 10
Event: 21.073 Thread 0x67057800 Uncommon trap: reason=unstable_if action=reinterpret pc=0xb3290910 method=com.android.dx.ssa.Dominators.run()V @ 346
Event: 25.991 Thread 0xb6208400 Uncommon trap: reason=bimorphic action=maybe_recompile pc=0xb333ad40 method=com.android.dx.cf.code.BytecodeArray.parseInstruction(ILcom/android/dx/cf/code/BytecodeArray$Visitor;)I @ 1161
Event: 25.991 Thread 0xb6208400 Uncommon trap: reason=bimorphic action=maybe_recompile pc=0xb333c0b4 method=com.android.dx.cf.code.BytecodeArray.parseInstruction(ILcom/android/dx/cf/code/BytecodeArray$Visitor;)I @ 1035
Event: 25.991 Thread 0xb6208400 Uncommon trap: reason=bimorphic action=maybe_recompile pc=0xb333c3a4 method=com.android.dx.cf.code.BytecodeArray.parseInstruction(ILcom/android/dx/cf/code/BytecodeArray$Visitor;)I @ 971
Event: 25.991 Thread 0xb6208400 Uncommon trap: reason=bimorphic action=maybe_recompile pc=0xb333c304 method=com.android.dx.cf.code.BytecodeArray.parseInstruction(ILcom/android/dx/cf/code/BytecodeArray$Visitor;)I @ 987
Event: 25.991 Thread 0xb6208400 Uncommon trap: reason=bimorphic action=maybe_recompile pc=0xb333ad40 method=com.android.dx.cf.code.BytecodeArray.parseInstruction(ILcom/android/dx/cf/code/BytecodeArray$Visitor;)I @ 1161

Internal exceptions (10 events):
Event: 1.804 Thread 0x67054c00 Threw 0x9e5fab18 at /build/openjdk-7-PdBaKN/openjdk-7-7u91-2.6.3/build/openjdk/hotspot/src/share/vm/prims/jvm.cpp:1322
Event: 1.992 Thread 0xb6208400 Threw 0x9e7e4500 at /build/openjdk-7-PdBaKN/openjdk-7-7u91-2.6.3/build/openjdk/hotspot/src/share/vm/prims/jvm.cpp:1322
Event: 2.594 Thread 0x67054c00 Threw 0x9dd10da8 at /build/openjdk-7-PdBaKN/openjdk-7-7u91-2.6.3/build/openjdk/hotspot/src/share/vm/prims/jvm.cpp:1322
Event: 4.125 Thread 0xb6208400 Implicit null exception at 0xb324cde2 to 0xb324d36d
Event: 6.387 Thread 0x67057800 Implicit null exception at 0xb326e077 to 0xb326f5f1
Event: 6.747 Thread 0xb6208400 Threw 0x9e1c1fc8 at /build/openjdk-7-PdBaKN/openjdk-7-7u91-2.6.3/build/openjdk/hotspot/src/share/vm/prims/jvm.cpp:1322
Event: 6.921 Thread 0xb6208400 Threw 0x9e308da8 at /build/openjdk-7-PdBaKN/openjdk-7-7u91-2.6.3/build/openjdk/hotspot/src/share/vm/prims/jvm.cpp:1322
Event: 8.527 Thread 0x67057800 Threw 0x9f0fa7b8 at /build/openjdk-7-PdBaKN/openjdk-7-7u91-2.6.3/build/openjdk/hotspot/src/share/vm/prims/jvm.cpp:1322
Event: 16.295 Thread 0xb6208400 Implicit null exception at 0xb32c2b80 to 0xb32c5bf1
Event: 17.280 Thread 0xb6208400 Threw 0xa0f73ed8 at /build/openjdk-7-PdBaKN/openjdk-7-7u91-2.6.3/build/openjdk/hotspot/src/share/vm/prims/jvm.cpp:1322

Events (10 events):
Event: 25.991 Thread 0xb6208400 Uncommon trap: trap_request=0xffffffc6 fr.pc=0xb333c3a4
Event: 25.991 Thread 0xb6208400 DEOPT PACKING pc=0xb333c3a4 sp=0xb63b9720
Event: 25.991 Thread 0xb6208400 DEOPT UNPACKING pc=0xb31f6bc8 sp=0xb63b9724 mode 2
Event: 25.991 Thread 0xb6208400 Uncommon trap: trap_request=0xffffffc6 fr.pc=0xb333c304
Event: 25.991 Thread 0xb6208400 DEOPT PACKING pc=0xb333c304 sp=0xb63b9720
Event: 25.991 Thread 0xb6208400 DEOPT UNPACKING pc=0xb31f6bc8 sp=0xb63b9724 mode 2
Event: 25.991 Thread 0xb6208400 Uncommon trap: trap_request=0xffffffc6 fr.pc=0xb333ad40
Event: 25.991 Thread 0xb6208400 DEOPT PACKING pc=0xb333ad40 sp=0xb63b9720
Event: 25.991 Thread 0xb6208400 DEOPT UNPACKING pc=0xb31f6bc8 sp=0xb63b9724 mode 2
Event: 27.582 Executing VM operation: ParallelGCFailedAllocation


Dynamic libraries:
08048000-08049000 r-xp 00000000 08:01 804961     /usr/lib/jvm/java-7-openjdk-i386/jre/bin/java
08049000-0804a000 r--p 00000000 08:01 804961     /usr/lib/jvm/java-7-openjdk-i386/jre/bin/java
0804a000-0804b000 rw-p 00001000 08:01 804961     /usr/lib/jvm/java-7-openjdk-i386/jre/bin/java
09d94000-09e8a000 rw-p 00000000 00:00 0          [heap]
64500000-64592000 rw-p 00000000 00:00 0 
64592000-64600000 ---p 00000000 00:00 0 
64800000-6489a000 rw-p 00000000 00:00 0 
6489a000-64900000 ---p 00000000 00:00 0 
64900000-64a00000 rw-p 00000000 00:00 0 
64a00000-64ae8000 rw-p 00000000 00:00 0 
64ae8000-64b00000 ---p 00000000 00:00 0 
64b00000-64bfc000 rw-p 00000000 00:00 0 
64bfc000-64c00000 ---p 00000000 00:00 0 
64c00000-64cff000 rw-p 00000000 00:00 0 
64cff000-64d00000 ---p 00000000 00:00 0 
64d00000-64dd8000 rw-p 00000000 00:00 0 
64dd8000-64e00000 ---p 00000000 00:00 0 
64e00000-64ef9000 rw-p 00000000 00:00 0 
64ef9000-64f00000 ---p 00000000 00:00 0 
64f00000-64ffe000 rw-p 00000000 00:00 0 
64ffe000-65000000 ---p 00000000 00:00 0 
65000000-650db000 rw-p 00000000 00:00 0 
650db000-65100000 ---p 00000000 00:00 0 
65200000-652d4000 rw-p 00000000 00:00 0 
652d4000-65300000 ---p 00000000 00:00 0 
65400000-654e8000 rw-p 00000000 00:00 0 
654e8000-65500000 ---p 00000000 00:00 0 
65600000-656f1000 rw-p 00000000 00:00 0 
656f1000-65700000 ---p 00000000 00:00 0 
65700000-657f0000 rw-p 00000000 00:00 0 
657f0000-65800000 ---p 00000000 00:00 0 
65800000-658fa000 rw-p 00000000 00:00 0 
658fa000-65900000 ---p 00000000 00:00 0 
65a00000-65b00000 rw-p 00000000 00:00 0 
65c00000-65cfe000 rw-p 00000000 00:00 0 
65cfe000-65d00000 ---p 00000000 00:00 0 
65d00000-65e00000 rw-p 00000000 00:00 0 
65e00000-65efd000 rw-p 00000000 00:00 0 
65efd000-65f00000 ---p 00000000 00:00 0 
65f00000-65ff4000 rw-p 00000000 00:00 0 
65ff4000-66000000 ---p 00000000 00:00 0 
66000000-660fb000 rw-p 00000000 00:00 0 
660fb000-66100000 ---p 00000000 00:00 0 
66100000-661e7000 rw-p 00000000 00:00 0 
661e7000-66200000 ---p 00000000 00:00 0 
66200000-662ff000 rw-p 00000000 00:00 0 
662ff000-66300000 ---p 00000000 00:00 0 
66400000-664fc000 rw-p 00000000 00:00 0 
664fc000-66500000 ---p 00000000 00:00 0 
66600000-666f0000 rw-p 00000000 00:00 0 
666f0000-66700000 ---p 00000000 00:00 0 
66700000-667fc000 rw-p 00000000 00:00 0 
667fc000-66800000 ---p 00000000 00:00 0 
66800000-668fe000 rw-p 00000000 00:00 0 
668fe000-66900000 ---p 00000000 00:00 0 
66951000-66954000 ---p 00000000 00:00 0 
66954000-669a2000 rw-p 00000000 00:00 0          [stack:8624]
669a2000-669a5000 ---p 00000000 00:00 0 
669a5000-669f3000 rw-p 00000000 00:00 0          [stack:8623]
669f3000-669f6000 ---p 00000000 00:00 0 
669f6000-66a44000 rw-p 00000000 00:00 0          [stack:8622]
66a44000-66a47000 ---p 00000000 00:00 0 
66a47000-66a95000 rw-p 00000000 00:00 0          [stack:8621]
66a95000-66a98000 ---p 00000000 00:00 0 
66a98000-66ca7000 rw-p 00000000 00:00 0          [stack:8620]
66ca7000-66d17000 r-xp 00000000 08:01 394656     /lib/i386-linux-gnu/libpcre.so.3.13.1
66d17000-66d18000 r--p 0006f000 08:01 394656     /lib/i386-linux-gnu/libpcre.so.3.13.1
66d18000-66d19000 rw-p 00070000 08:01 394656     /lib/i386-linux-gnu/libpcre.so.3.13.1
66d19000-66e3f000 r-xp 00000000 08:01 394573     /lib/i386-linux-gnu/libglib-2.0.so.0.4400.0
66e3f000-66e40000 r--p 00125000 08:01 394573     /lib/i386-linux-gnu/libglib-2.0.so.0.4400.0
66e40000-66e41000 rw-p 00126000 08:01 394573     /lib/i386-linux-gnu/libglib-2.0.so.0.4400.0
66e41000-66ffa000 r-xp 00000000 08:01 137357     /usr/lib/i386-linux-gnu/libgio-2.0.so.0.4400.0
66ffa000-66ffd000 r--p 001b8000 08:01 137357     /usr/lib/i386-linux-gnu/libgio-2.0.so.0.4400.0
66ffd000-66fff000 rw-p 001bb000 08:01 137357     /usr/lib/i386-linux-gnu/libgio-2.0.so.0.4400.0
66fff000-67000000 rw-p 00000000 00:00 0 
67000000-67075000 rw-p 00000000 00:00 0 
67075000-67100000 ---p 00000000 00:00 0 
67144000-67158000 r-xp 00000000 08:01 394679     /lib/i386-linux-gnu/libresolv-2.21.so
67158000-6715a000 r--p 00013000 08:01 394679     /lib/i386-linux-gnu/libresolv-2.21.so
6715a000-6715b000 rw-p 00015000 08:01 394679     /lib/i386-linux-gnu/libresolv-2.21.so
6715b000-6715d000 rw-p 00000000 00:00 0 
6715d000-67181000 r-xp 00000000 08:01 394683     /lib/i386-linux-gnu/libselinux.so.1
67181000-67182000 r--p 00024000 08:01 394683     /lib/i386-linux-gnu/libselinux.so.1
67182000-67183000 rw-p 00025000 08:01 394683     /lib/i386-linux-gnu/libselinux.so.1
67183000-67184000 rw-p 00000000 00:00 0 
67184000-671df000 r-xp 00000000 08:01 137385     /usr/lib/i386-linux-gnu/libgobject-2.0.so.0.4400.0
671df000-671e0000 r--p 0005b000 08:01 137385     /usr/lib/i386-linux-gnu/libgobject-2.0.so.0.4400.0
671e0000-671e1000 rw-p 0005c000 08:01 137385     /usr/lib/i386-linux-gnu/libgobject-2.0.so.0.4400.0
671e1000-671e2000 ---p 00000000 00:00 0 
671e2000-67262000 rw-p 00000000 00:00 0          [stack:8588]
67262000-67265000 ---p 00000000 00:00 0 
67265000-672b3000 rw-p 00000000 00:00 0          [stack:8586]
672b3000-672b6000 ---p 00000000 00:00 0 
672b6000-67334000 rw-p 00000000 00:00 0          [stack:8584]
67334000-67337000 ---p 00000000 00:00 0 
67337000-673b5000 rw-p 00000000 00:00 0          [stack:8583]
673b5000-674fc000 r-xp 00000000 08:01 136931     /usr/lib/i386-linux-gnu/libX11.so.6.3.0
674fc000-674fd000 r--p 00146000 08:01 136931     /usr/lib/i386-linux-gnu/libX11.so.6.3.0
674fd000-674ff000 rw-p 00147000 08:01 136931     /usr/lib/i386-linux-gnu/libX11.so.6.3.0
674ff000-67500000 rw-p 00000000 00:00 0 
67500000-67700000 r--p 00000000 08:01 143362     /usr/lib/locale/locale-archive
67700000-67721000 rw-p 00000000 00:00 0 
67721000-67800000 ---p 00000000 00:00 0 
67800000-678fd000 rw-p 00000000 00:00 0 
678fd000-67900000 ---p 00000000 00:00 0 
6790d000-67910000 ---p 00000000 00:00 0 
67910000-6795e000 rw-p 00000000 00:00 0          [stack:8582]
6795e000-67961000 ---p 00000000 00:00 0 
67961000-679af000 rw-p 00000000 00:00 0          [stack:8580]
679af000-679b2000 ---p 00000000 00:00 0 
679b2000-67a00000 rw-p 00000000 00:00 0          [stack:8579]
67a00000-67b00000 rw-p 00000000 00:00 0 
67b0a000-67b11000 r-xp 00000000 08:01 137254     /usr/lib/i386-linux-gnu/libffi.so.6.0.4
67b11000-67b13000 r--p 00006000 08:01 137254     /usr/lib/i386-linux-gnu/libffi.so.6.0.4
67b13000-67b14000 rw-p 00008000 08:01 137254     /usr/lib/i386-linux-gnu/libffi.so.6.0.4
67b2b000-67b4b000 r-xp 00000000 08:01 138125     /usr/lib/i386-linux-gnu/libxcb.so.1.1.0
67b4b000-67b4c000 r--p 0001f000 08:01 138125     /usr/lib/i386-linux-gnu/libxcb.so.1.1.0
67b4c000-67b4d000 rw-p 00020000 08:01 138125     /usr/lib/i386-linux-gnu/libxcb.so.1.1.0
67b4d000-67b4e000 ---p 00000000 00:00 0 
67b4e000-67bce000 rw-p 00000000 00:00 0          [stack:8578]
67bce000-67d80000 r--s 01d2e000 08:01 804984     /usr/lib/jvm/java-7-openjdk-i386/jre/lib/rt.jar
67d80000-6a600000 rw-p 00000000 00:00 0 
6a600000-6a6ff000 rw-p 00000000 00:00 0 
6a6ff000-6a700000 ---p 00000000 00:00 0 
6a707000-6a71e000 r-xp 00000000 08:01 805027     /usr/lib/jvm/java-7-openjdk-i386/jre/lib/i386/libnet.so
6a71e000-6a71f000 r--p 00016000 08:01 805027     /usr/lib/jvm/java-7-openjdk-i386/jre/lib/i386/libnet.so
6a71f000-6a720000 rw-p 00017000 08:01 805027     /usr/lib/jvm/java-7-openjdk-i386/jre/lib/i386/libnet.so
6a720000-6a736000 r--s 000f1000 08:01 946041     /home/student/test/HealthyBit/app/build/intermediates/exploded-aar/com.android.support/support-v4/23.3.0/jars/classes.jar
6a736000-6a77f000 rw-p 00000000 00:00 0 
6a77f000-6a780000 ---p 00000000 00:00 0 
6a780000-6a800000 rw-p 00000000 00:00 0          [stack:8577]
6a800000-6a821000 rw-p 00000000 00:00 0 
6a821000-6a900000 ---p 00000000 00:00 0 
6a900000-6a921000 rw-p 00000000 00:00 0 
6a921000-6aa00000 ---p 00000000 00:00 0 
6aa03000-6aa13000 r-xp 00000000 08:01 804991     /usr/lib/jvm/java-7-openjdk-i386/jre/lib/i386/libnio.so
6aa13000-6aa14000 r--p 00010000 08:01 804991     /usr/lib/jvm/java-7-openjdk-i386/jre/lib/i386/libnio.so
6aa14000-6aa15000 rw-p 00011000 08:01 804991     /usr/lib/jvm/java-7-openjdk-i386/jre/lib/i386/libnio.so
6aa15000-6aa24000 r--s 000df000 08:01 1062595    /home/student/Android/Sdk/build-tools/23.0.3/lib/dx.jar
6aa24000-6aa7f000 rw-p 00000000 00:00 0 
6aa7f000-6aa80000 ---p 00000000 00:00 0 
6aa80000-6ab00000 rw-p 00000000 00:00 0          [stack:8576]
6ab00000-6ab25000 rw-p 00000000 00:00 0 
6ab25000-6ac00000 ---p 00000000 00:00 0 
6ac00000-6ac03000 r-xp 00000000 08:01 137371     /usr/lib/i386-linux-gnu/libgmodule-2.0.so.0.4400.0
6ac03000-6ac04000 r--p 00002000 08:01 137371     /usr/lib/i386-linux-gnu/libgmodule-2.0.so.0.4400.0
6ac04000-6ac05000 rw-p 00003000 08:01 137371     /usr/lib/i386-linux-gnu/libgmodule-2.0.so.0.4400.0
6ac05000-6ac0a000 r-xp 00000000 08:01 136946     /usr/lib/i386-linux-gnu/libXdmcp.so.6.0.0
6ac0a000-6ac0b000 r--p 00004000 08:01 136946     /usr/lib/i386-linux-gnu/libXdmcp.so.6.0.0
6ac0b000-6ac0c000 rw-p 00005000 08:01 136946     /usr/lib/i386-linux-gnu/libXdmcp.so.6.0.0
6ac0c000-6ac27000 rw-p 00000000 00:00 0 
6ac27000-6ac28000 ---p 00000000 00:00 0 
6ac28000-6aca8000 rw-p 00000000 00:00 0          [stack:8575]
6aca8000-6aca9000 ---p 00000000 00:00 0 
6aca9000-6ad31000 rw-p 00000000 00:00 0          [stack:8574]
6ad31000-6ad69000 rw-p 00000000 00:00 0 
6ad69000-6ad7e000 rw-p 00000000 00:00 0 
6ad7e000-6aebf000 rw-p 00000000 00:00 0 
6aebf000-6aec7000 rw-p 00000000 00:00 0 
6aec7000-6aeff000 rw-p 00000000 00:00 0 
6aeff000-6af14000 rw-p 00000000 00:00 0 
6af14000-6b054000 rw-p 00000000 00:00 0 
6b054000-6b0a9000 rw-p 00000000 00:00 0 
6b0a9000-6b0ff000 rw-p 00000000 00:00 0 
6b0ff000-6c100000 rw-p 00000000 00:00 0 
6c100000-73100000 rw-p 00000000 00:00 0 
73100000-75b00000 rw-p 00000000 00:00 0 
75b00000-9db80000 rw-p 00000000 00:00 0 
9db80000-a8500000 rw-p 00000000 00:00 0 
adcc0000-b3100000 rw-p 00000000 00:00 0 
b3101000-b3103000 r-xp 00000000 08:01 136935     /usr/lib/i386-linux-gnu/libXau.so.6.0.0
b3103000-b3104000 r--p 00001000 08:01 136935     /usr/lib/i386-linux-gnu/libXau.so.6.0.0
b3104000-b3105000 rw-p 00002000 08:01 136935     /usr/lib/i386-linux-gnu/libXau.so.6.0.0
b3105000-b3107000 r-xp 00000000 08:01 141618     /usr/lib/jayatana/libjayatanaag.so
b3107000-b3108000 r--p 00001000 08:01 141618     /usr/lib/jayatana/libjayatanaag.so
b3108000-b3109000 rw-p 00002000 08:01 141618     /usr/lib/jayatana/libjayatanaag.so
b3109000-b310a000 r--s 00000000 08:01 414147     /usr/share/java/jayatanaag.jar
b310a000-b3113000 rw-p 00000000 00:00 0 
b3113000-b31ca000 rw-p 00000000 00:00 0 
b31ca000-b340a000 rwxp 00000000 00:00 0 
b340a000-b61ca000 rw-p 00000000 00:00 0 
b61ca000-b61d6000 r-xp 00000000 08:01 394626     /lib/i386-linux-gnu/libnss_files-2.21.so
b61d6000-b61d7000 r--p 0000b000 08:01 394626     /lib/i386-linux-gnu/libnss_files-2.21.so
b61d7000-b61d8000 rw-p 0000c000 08:01 394626     /lib/i386-linux-gnu/libnss_files-2.21.so
b61d8000-b61e3000 r-xp 00000000 08:01 394636     /lib/i386-linux-gnu/libnss_nis-2.21.so
b61e3000-b61e4000 r--p 0000a000 08:01 394636     /lib/i386-linux-gnu/libnss_nis-2.21.so
b61e4000-b61e5000 rw-p 0000b000 08:01 394636     /lib/i386-linux-gnu/libnss_nis-2.21.so
b61e5000-b61fc000 r-xp 00000000 08:01 394620     /lib/i386-linux-gnu/libnsl-2.21.so
b61fc000-b61fd000 r--p 00016000 08:01 394620     /lib/i386-linux-gnu/libnsl-2.21.so
b61fd000-b61fe000 rw-p 00017000 08:01 394620     /lib/i386-linux-gnu/libnsl-2.21.so
b61fe000-b6200000 rw-p 00000000 00:00 0 
b6200000-b6300000 rw-p 00000000 00:00 0 
b6300000-b6304000 r--s 00085000 08:01 804976     /usr/lib/jvm/java-7-openjdk-i386/jre/lib/ext/localedata.jar
b6304000-b6308000 r--s 00034000 08:01 804978     /usr/lib/jvm/java-7-openjdk-i386/jre/lib/ext/sunjce_provider.jar
b6308000-b630c000 r--s 0003c000 08:01 804979     /usr/lib/jvm/java-7-openjdk-i386/jre/lib/ext/sunpkcs11.jar
b630c000-b6314000 r-xp 00000000 08:01 394622     /lib/i386-linux-gnu/libnss_compat-2.21.so
b6314000-b6315000 r--p 00007000 08:01 394622     /lib/i386-linux-gnu/libnss_compat-2.21.so
b6315000-b6316000 rw-p 00008000 08:01 394622     /lib/i386-linux-gnu/libnss_compat-2.21.so
b6316000-b6319000 r--s 0000f000 08:01 804977     /usr/lib/jvm/java-7-openjdk-i386/jre/lib/ext/icedtea-sound.jar
b6319000-b631b000 r--s 00012000 08:01 804975     /usr/lib/jvm/java-7-openjdk-i386/jre/lib/ext/zipfs.jar
b631b000-b6323000 r-xp 00000000 08:01 804995     /usr/lib/jvm/java-7-openjdk-i386/jre/lib/i386/libzip.so
b6323000-b6324000 r--p 00007000 08:01 804995     /usr/lib/jvm/java-7-openjdk-i386/jre/lib/i386/libzip.so
b6324000-b6325000 rw-p 00008000 08:01 804995     /usr/lib/jvm/java-7-openjdk-i386/jre/lib/i386/libzip.so
b6325000-b632d000 rw-s 00000000 08:01 429859     /tmp/hsperfdata_student/8568
b632d000-b6337000 r-xp 00000000 08:01 805017     /usr/lib/jvm/java-7-openjdk-i386/jre/lib/i386/libinstrument.so
b6337000-b6338000 r--p 00009000 08:01 805017     /usr/lib/jvm/java-7-openjdk-i386/jre/lib/i386/libinstrument.so
b6338000-b6339000 rw-p 0000a000 08:01 805017     /usr/lib/jvm/java-7-openjdk-i386/jre/lib/i386/libinstrument.so
b6339000-b635f000 r-xp 00000000 08:01 805003     /usr/lib/jvm/java-7-openjdk-i386/jre/lib/i386/libjava.so
b635f000-b6360000 r--p 00025000 08:01 805003     /usr/lib/jvm/java-7-openjdk-i386/jre/lib/i386/libjava.so
b6360000-b6361000 rw-p 00026000 08:01 805003     /usr/lib/jvm/java-7-openjdk-i386/jre/lib/i386/libjava.so
b6361000-b6368000 r-xp 00000000 08:01 394681     /lib/i386-linux-gnu/librt-2.21.so
b6368000-b6369000 r--p 00006000 08:01 394681     /lib/i386-linux-gnu/librt-2.21.so
b6369000-b636a000 rw-p 00007000 08:01 394681     /lib/i386-linux-gnu/librt-2.21.so
b636a000-b636d000 ---p 00000000 00:00 0 
b636d000-b63bb000 rw-p 00000000 00:00 0          [stack:8572]
b63bb000-b63d7000 r-xp 00000000 08:01 394569     /lib/i386-linux-gnu/libgcc_s.so.1
b63d7000-b63d8000 rw-p 0001b000 08:01 394569     /lib/i386-linux-gnu/libgcc_s.so.1
b63d8000-b6423000 r-xp 00000000 08:01 394599     /lib/i386-linux-gnu/libm-2.21.so
b6423000-b6424000 r--p 0004a000 08:01 394599     /lib/i386-linux-gnu/libm-2.21.so
b6424000-b6425000 rw-p 0004b000 08:01 394599     /lib/i386-linux-gnu/libm-2.21.so
b6425000-b650e000 r-xp 00000000 08:01 137921     /usr/lib/i386-linux-gnu/libstdc++.so.6.0.20
b650e000-b6512000 r--p 000e9000 08:01 137921     /usr/lib/i386-linux-gnu/libstdc++.so.6.0.20
b6512000-b6513000 rw-p 000ed000 08:01 137921     /usr/lib/i386-linux-gnu/libstdc++.so.6.0.20
b6513000-b651a000 rw-p 00000000 00:00 0 
b651a000-b706d000 r-xp 00000000 08:01 805013     /usr/lib/jvm/java-7-openjdk-i386/jre/lib/i386/server/libjvm.so
b706d000-b70c1000 r--p 00b52000 08:01 805013     /usr/lib/jvm/java-7-openjdk-i386/jre/lib/i386/server/libjvm.so
b70c1000-b70d5000 rw-p 00ba6000 08:01 805013     /usr/lib/jvm/java-7-openjdk-i386/jre/lib/i386/server/libjvm.so
b70d5000-b74f4000 rw-p 00000000 00:00 0 
b74f4000-b750d000 r-xp 00000000 08:01 394714     /lib/i386-linux-gnu/libz.so.1.2.8
b750d000-b750e000 r--p 00019000 08:01 394714     /lib/i386-linux-gnu/libz.so.1.2.8
b750e000-b750f000 rw-p 0001a000 08:01 394714     /lib/i386-linux-gnu/libz.so.1.2.8
b750f000-b7528000 r-xp 00000000 08:01 394673     /lib/i386-linux-gnu/libpthread-2.21.so
b7528000-b7529000 r--p 00018000 08:01 394673     /lib/i386-linux-gnu/libpthread-2.21.so
b7529000-b752a000 rw-p 00019000 08:01 394673     /lib/i386-linux-gnu/libpthread-2.21.so
b752a000-b752c000 rw-p 00000000 00:00 0 
b752c000-b752f000 r-xp 00000000 08:01 394557     /lib/i386-linux-gnu/libdl-2.21.so
b752f000-b7530000 r--p 00002000 08:01 394557     /lib/i386-linux-gnu/libdl-2.21.so
b7530000-b7531000 rw-p 00003000 08:01 394557     /lib/i386-linux-gnu/libdl-2.21.so
b7531000-b76e5000 r-xp 00000000 08:01 394540     /lib/i386-linux-gnu/libc-2.21.so
b76e5000-b76e8000 r--p 001b3000 08:01 394540     /lib/i386-linux-gnu/libc-2.21.so
b76e8000-b76ea000 rw-p 001b6000 08:01 394540     /lib/i386-linux-gnu/libc-2.21.so
b76ea000-b76ec000 rw-p 00000000 00:00 0 
b76ec000-b76ed000 r--s 00002000 08:01 804980     /usr/lib/jvm/java-7-openjdk-i386/jre/lib/ext/dnsns.jar
b76ed000-b76ef000 r--s 00006000 08:01 399091     /usr/share/java/java-atk-wrapper.jar
b76ef000-b76f0000 r--p 005e0000 08:01 143362     /usr/lib/locale/locale-archive
b76f0000-b76f1000 rw-p 00000000 00:00 0 
b76f1000-b76f2000 ---p 00000000 00:00 0 
b76f2000-b7700000 r-xp 00000000 08:01 805022     /usr/lib/jvm/java-7-openjdk-i386/jre/lib/i386/libverify.so
b7700000-b7702000 r--p 0000d000 08:01 805022     /usr/lib/jvm/java-7-openjdk-i386/jre/lib/i386/libverify.so
b7702000-b7703000 rw-p 0000f000 08:01 805022     /usr/lib/jvm/java-7-openjdk-i386/jre/lib/i386/libverify.so
b7703000-b770f000 r-xp 00000000 08:01 805024     /usr/lib/jvm/java-7-openjdk-i386/jre/lib/i386/jli/libjli.so
b770f000-b7710000 r--p 0000b000 08:01 805024     /usr/lib/jvm/java-7-openjdk-i386/jre/lib/i386/jli/libjli.so
b7710000-b7711000 rw-p 0000c000 08:01 805024     /usr/lib/jvm/java-7-openjdk-i386/jre/lib/i386/jli/libjli.so
b7711000-b7714000 rw-p 00000000 00:00 0 
b7714000-b7716000 r--p 00000000 00:00 0          [vvar]
b7716000-b7717000 r-xp 00000000 00:00 0          [vdso]
b7717000-b7739000 r-xp 00000000 08:01 394512     /lib/i386-linux-gnu/ld-2.21.so
b7739000-b773a000 r--p 00021000 08:01 394512     /lib/i386-linux-gnu/ld-2.21.so
b773a000-b773b000 rw-p 00022000 08:01 394512     /lib/i386-linux-gnu/ld-2.21.so
bff87000-bff88000 rwxp 00000000 00:00 0 
bffb9000-bffdb000 rw-p 00000000 00:00 0          [stack]

VM Arguments:
jvm_args: -javaagent:/usr/share/java/jayatanaag.jar -Djava.awt.headless=true -Xmx1024M -Dfile.encoding=UTF-8 -Duser.country=US -Duser.language=en -Duser.variant 
java_command: com.android.dx.command.Main --dex --num-threads=4 --multi-dex --output /home/student/test/HealthyBit/app/build/intermediates/transforms/dex/debug/folders/1000/10/com.android.support-support-v4-23.3.0_0837a8109973a35ab829fbb7c6c67d289902386a /home/student/test/HealthyBit/app/build/intermediates/exploded-aar/com.android.support/support-v4/23.3.0/jars/classes.jar
Launcher Type: SUN_STANDARD

Environment Variables:
JAVA_TOOL_OPTIONS=-javaagent:/usr/share/java/jayatanaag.jar 
PATH=/home/student/.linuxbrew/bin:/usr/local/sbin:/usr/local/bin:/usr/sbin:/usr/bin:/sbin:/bin:/usr/games:/usr/local/games:/etc/android-studio/bin/:/home/student/Android/Sdk/platform-tools:/home/student/Android/Sdk/tools
LD_LIBRARY_PATH=/etc/android-studio/bin:
SHELL=/bin/bash
DISPLAY=:0

Signal Handlers:
SIGSEGV: [libjvm.so+0x7f7d00], sa_mask[0]=0x7ffbfeff, sa_flags=0x10000004
SIGBUS: [libjvm.so+0x7f7d00], sa_mask[0]=0x7ffbfeff, sa_flags=0x10000004
SIGFPE: [libjvm.so+0x67a9d0], sa_mask[0]=0x7ffbfeff, sa_flags=0x10000004
SIGPIPE: [libjvm.so+0x67a9d0], sa_mask[0]=0x7ffbfeff, sa_flags=0x10000004
SIGXFSZ: [libjvm.so+0x67a9d0], sa_mask[0]=0x7ffbfeff, sa_flags=0x10000004
SIGILL: [libjvm.so+0x67a9d0], sa_mask[0]=0x7ffbfeff, sa_flags=0x10000004
SIGUSR1: SIG_DFL, sa_mask[0]=0x00000000, sa_flags=0x00000000
SIGUSR2: [libjvm.so+0x67a820], sa_mask[0]=0x00000004, sa_flags=0x10000004
SIGHUP: [libjvm.so+0x67aa80], sa_mask[0]=0x7ffbfeff, sa_flags=0x10000004
SIGINT: [libjvm.so+0x67aa80], sa_mask[0]=0x7ffbfeff, sa_flags=0x10000004
SIGTERM: [libjvm.so+0x67aa80], sa_mask[0]=0x7ffbfeff, sa_flags=0x10000004
SIGQUIT: [libjvm.so+0x67aa80], sa_mask[0]=0x7ffbfeff, sa_flags=0x10000004
SIGTRAP: SIG_DFL, sa_mask[0]=0x00000000, sa_flags=0x00000000


---------------  S Y S T E M  ---------------

OS:Ubuntu 15.04 (vivid)
uname:Linux 3.19.0-18-generic #18-Ubuntu SMP Tue May 19 18:30:59 UTC 2015 i686
libc:glibc 2.21 NPTL 2.21 
rlimit: STACK 8192k, CORE 0k, NPROC 32177, NOFILE 65536, AS infinity
load average:9.01 4.31 4.28

/proc/meminfo:
MemTotal:        4139540 kB
MemFree:          241644 kB
MemAvailable:     178904 kB
Buffers:            6360 kB
Cached:            72600 kB
SwapCached:            0 kB
Active:          3487876 kB
Inactive:          57460 kB
Active(anon):    3467768 kB
Inactive(anon):    37884 kB
Active(file):      20108 kB
Inactive(file):    19576 kB
Unevictable:          32 kB
Mlocked:              32 kB
HighTotal:       3280776 kB
HighFree:          66000 kB
LowTotal:         858764 kB
LowFree:          175644 kB
SwapTotal:             0 kB
SwapFree:              0 kB
Dirty:              2096 kB
Writeback:             0 kB
AnonPages:       3466540 kB
Mapped:            49976 kB
Shmem:             39060 kB
Slab:              50300 kB
SReclaimable:      24148 kB
SUnreclaim:        26152 kB
KernelStack:        5480 kB
PageTables:        14908 kB
NFS_Unstable:          0 kB
Bounce:                0 kB
WritebackTmp:          0 kB
CommitLimit:     2069768 kB
Committed_AS:    6242648 kB
VmallocTotal:     122880 kB
VmallocUsed:       23416 kB
VmallocChunk:      49124 kB
AnonHugePages:   2637824 kB
CmaTotal:              0 kB
CmaFree:               0 kB
HugePages_Total:       0
HugePages_Free:        0
HugePages_Rsvd:        0
HugePages_Surp:        0
Hugepagesize:       2048 kB
DirectMap4k:       61432 kB
DirectMap2M:      851968 kB


CPU:total 4 (1 cores per cpu, 1 threads per core) family 6 model 58 stepping 9, cmov, cx8, fxsr, mmx, sse, sse2, sse3, ssse3, sse4.1, sse4.2, popcnt, avx, aes, erms, tsc, tscinvbit, tscinv

/proc/cpuinfo:
processor	: 0
vendor_id	: GenuineIntel
cpu family	: 6
model		: 58
model name	: Intel(R) Core(TM) i5-3210M CPU @ 2.50GHz
stepping	: 9
microcode	: 0x15
cpu MHz		: 2494.111
cache size	: 3072 KB
physical id	: 0
siblings	: 1
core id		: 0
cpu cores	: 1
apicid		: 0
initial apicid	: 0
fdiv_bug	: no
f00f_bug	: no
coma_bug	: no
fpu		: yes
fpu_exception	: yes
cpuid level	: 13
wp		: yes
flags		: fpu vme de pse tsc msr pae mce cx8 apic sep mtrr pge mca cmov pat pse36 clflush dts mmx fxsr sse sse2 ss nx rdtscp lm constant_tsc arch_perfmon pebs bts xtopology tsc_reliable nonstop_tsc aperfmperf pni pclmulqdq ssse3 cx16 pcid sse4_1 sse4_2 x2apic popcnt tsc_deadline_timer aes xsave avx f16c rdrand hypervisor lahf_lm ida arat epb pln pts dtherm fsgsbase tsc_adjust smep
bugs		:
bogomips	: 4988.22
clflush size	: 64
cache_alignment	: 64
address sizes	: 42 bits physical, 48 bits virtual
power management:

processor	: 1
vendor_id	: GenuineIntel
cpu family	: 6
model		: 58
model name	: Intel(R) Core(TM) i5-3210M CPU @ 2.50GHz
stepping	: 9
microcode	: 0x15
cpu MHz		: 2494.111
cache size	: 3072 KB
physical id	: 2
siblings	: 1
core id		: 0
cpu cores	: 1
apicid		: 2
initial apicid	: 2
fdiv_bug	: no
f00f_bug	: no
coma_bug	: no
fpu		: yes
fpu_exception	: yes
cpuid level	: 13
wp		: yes
flags		: fpu vme de pse tsc msr pae mce cx8 apic sep mtrr pge mca cmov pat pse36 clflush dts mmx fxsr sse sse2 ss nx rdtscp lm constant_tsc arch_perfmon pebs bts xtopology tsc_reliable nonstop_tsc aperfmperf pni pclmulqdq ssse3 cx16 pcid sse4_1 sse4_2 x2apic popcnt tsc_deadline_timer aes xsave avx f16c rdrand hypervisor lahf_lm ida arat epb pln pts dtherm fsgsbase tsc_adjust smep
bugs		:
bogomips	: 4988.22
clflush size	: 64
cache_alignment	: 64
address sizes	: 42 bits physical, 48 bits virtual
power management:

processor	: 2
vendor_id	: GenuineIntel
cpu family	: 6
model		: 58
model name	: Intel(R) Core(TM) i5-3210M CPU @ 2.50GHz
stepping	: 9
microcode	: 0x15
cpu MHz		: 2494.111
cache size	: 3072 KB
physical id	: 4
siblings	: 1
core id		: 0
cpu cores	: 1
apicid		: 4
initial apicid	: 4
fdiv_bug	: no
f00f_bug	: no
coma_bug	: no
fpu		: yes
fpu_exception	: yes
cpuid level	: 13
wp		: yes
flags		: fpu vme de pse tsc msr pae mce cx8 apic sep mtrr pge mca cmov pat pse36 clflush dts mmx fxsr sse sse2 ss nx rdtscp lm constant_tsc arch_perfmon pebs bts xtopology tsc_reliable nonstop_tsc aperfmperf pni pclmulqdq ssse3 cx16 pcid sse4_1 sse4_2 x2apic popcnt tsc_deadline_timer aes xsave avx f16c rdrand hypervisor lahf_lm ida arat epb pln pts dtherm fsgsbase tsc_adjust smep
bugs		:
bogomips	: 4988.22
clflush size	: 64
cache_alignment	: 64
address sizes	: 42 bits physical, 48 bits virtual
power management:

processor	: 3
vendor_id	: GenuineIntel
cpu family	: 6
model		: 58
model name	: Intel(R) Core(TM) i5-3210M CPU @ 2.50GHz
stepping	: 9
microcode	: 0x15
cpu MHz		: 2494.111
cache size	: 3072 KB
physical id	: 6
siblings	: 1
core id		: 0
cpu cores	: 1
apicid		: 6
initial apicid	: 6
fdiv_bug	: no
f00f_bug	: no
coma_bug	: no
fpu		: yes
fpu_exception	: yes
cpuid level	: 13
wp		: yes
flags		: fpu vme de pse tsc msr pae mce cx8 apic sep mtrr pge mca cmov pat pse36 clflush dts mmx fxsr sse sse2 ss nx rdtscp lm constant_tsc arch_perfmon pebs bts xtopology tsc_reliable nonstop_tsc aperfmperf pni pclmulqdq ssse3 cx16 pcid sse4_1 sse4_2 x2apic popcnt tsc_deadline_timer aes xsave avx f16c rdrand hypervisor lahf_lm ida arat epb pln pts dtherm fsgsbase tsc_adjust smep
bugs		:
bogomips	: 4988.22
clflush size	: 64
cache_alignment	: 64
address sizes	: 42 bits physical, 48 bits virtual
power management:



Memory: 4k page, physical 4139540k(244868k free), swap 0k(0k free)

vm_info: OpenJDK Server VM (24.91-b01) for linux-x86 JRE (1.7.0_91-b02), built on Nov 19 2015 06:25:06 by "buildd" with gcc 4.9.2

time: Tue May  3 16:27:31 2016
elapsed time: 27 seconds

