#
# There is insufficient memory for the Java Runtime Environment to continue.
# Native memory allocation (malloc) failed to allocate 357848 bytes for Chunk::new
# Possible reasons:
#   The system is out of physical RAM or swap space
#   In 32 bit mode, the process size limit was hit
# Possible solutions:
#   Reduce memory load on the system
#   Increase physical memory or swap space
#   Check if swap backing store is full
#   Use 64 bit Java on a 64 bit OS
#   Decrease Java heap size (-Xmx/-Xms)
#   Decrease number of Java threads
#   Decrease Java thread stack sizes (-Xss)
#   Set larger code cache with -XX:ReservedCodeCacheSize=
# This output file may be truncated or incomplete.
#
#  Out of Memory Error (allocation.cpp:326), pid=8254, tid=1732324160
#
# JRE version: OpenJDK Runtime Environment (7.0_91-b02) (build 1.7.0_91-b02)
# Java VM: OpenJDK Server VM (24.91-b01 mixed mode linux-x86 )
# Derivative: IcedTea 2.6.3
# Distribution: Ubuntu 15.04, package 7u91-2.6.3-0ubuntu0.15.04.1
# Failed to write core dump. Core dumps have been disabled. To enable core dumping, try "ulimit -c unlimited" before starting Java again
#

---------------  T H R E A D  ---------------

Current thread (0x67aeb400):  JavaThread "C2 CompilerThread0" daemon [_thread_in_native, id=8268, stack(0x67392000,0x67413000)]

Stack: [0x67392000,0x67413000]

Current CompileTask:
C2:  14595  286   !         com.android.dx.cf.code.Ropper::processBlock (1101 bytes)


---------------  P R O C E S S  ---------------

Java Threads: ( => current thread )
  0x6713d000 JavaThread "pool-1-thread-1" [_thread_new, id=8279, stack(0x66ae7000,0x66b38000)]
  0x67aee800 JavaThread "Service Thread" daemon [_thread_blocked, id=8270, stack(0x672c0000,0x67311000)]
  0x67aec800 JavaThread "C2 CompilerThread1" daemon [_thread_in_native, id=8269, stack(0x67311000,0x67392000)]
=>0x67aeb400 JavaThread "C2 CompilerThread0" daemon [_thread_in_native, id=8268, stack(0x67392000,0x67413000)]
  0x67a98400 JavaThread "Signal Dispatcher" daemon [_thread_blocked, id=8267, stack(0x6755e000,0x675af000)]
  0x67a85400 JavaThread "Finalizer" daemon [_thread_blocked, id=8266, stack(0x677af000,0x67800000)]
  0x67a83c00 JavaThread "Reference Handler" daemon [_thread_blocked, id=8265, stack(0x6a72e000,0x6a77f000)]
  0xb6308400 JavaThread "main" [_thread_blocked, id=8257, stack(0xb6413000,0xb6464000)]

Other Threads:
  0x67a81400 VMThread [stack: 0x67b4d000,0x67bce000] [id=8264]
  0x67af0800 WatcherThread [stack: 0x6723f000,0x672c0000] [id=8271]

VM state:not at safepoint (normal execution)

VM Mutex/Monitor currently owned by a thread: None

Heap
 PSYoungGen      total 69120K, used 31388K [0x9dc00000, 0xa2200000, 0xb3180000)
  eden space 66560K, 43% used [0x9dc00000,0x9f82acb0,0xa1d00000)
  from space 2560K, 99% used [0xa1f80000,0xa21fc6b8,0xa2200000)
  to   space 2560K, 0% used [0xa1d00000,0xa1d00000,0xa1f80000)
 ParOldGen       total 43008K, used 13080K [0x73180000, 0x75b80000, 0x9dc00000)
  object space 43008K, 30% used [0x73180000,0x73e46378,0x75b80000)
 PSPermGen       total 16384K, used 4273K [0x6b180000, 0x6c180000, 0x73180000)
  object space 16384K, 26% used [0x6b180000,0x6b5ac5f8,0x6c180000)

Card table byte_map: [0x6af3f000,0x6b180000] byte_map_base: 0x6abe6400

Polling page: 0xb779a000

Code Cache  [0xb327f000, 0xb34bf000, 0xb627f000)
 total_blobs=405 nmethods=282 adapters=76 free_code_cache=48225Kb largest_free_block=49360768

Compilation events (10 events):
Event: 13.543 Thread 0x67aeb400 nmethod 281 0xb334dbc8 code [0xb334dcc0, 0xb334de30]
Event: 13.543 Thread 0x67aeb400  282             com.android.dx.util.BitIntSet$1::hasNext (13 bytes)
Event: 13.543 Thread 0x67aeb400 nmethod 282 0xb334da48 code [0xb334db20, 0xb334db70]
Event: 13.543 Thread 0x67aeb400  283             java.util.Collections$UnmodifiableCollection$1::<init> (26 bytes)
Event: 13.575 Thread 0x67aeb400 nmethod 283 0xb334d508 code [0xb334d620, 0xb334d810]
Event: 13.575 Thread 0x67aeb400  284             java.util.Collections$UnmodifiableCollection::iterator (9 bytes)
Event: 13.580 Thread 0x67aeb400 nmethod 284 0xb3356908 code [0xb3356a20, 0xb3356c50]
Event: 13.581 Thread 0x67aeb400  285             com.android.dx.util.FixedSizeList::hashCode (8 bytes)
Event: 13.616 Thread 0x67aeb400 nmethod 285 0xb3356588 code [0xb3356680, 0xb33567b0]
Event: 13.616 Thread 0x67aeb400  286   !         com.android.dx.cf.code.Ropper::processBlock (1101 bytes)

GC Heap History (8 events):
Event: 3.063 GC heap before
{Heap before GC invocations=1 (full 0):
 PSYoungGen      total 19200K, used 16640K [0x9dc00000, 0x9f140000, 0xb3180000)
  eden space 16640K, 100% used [0x9dc00000,0x9ec40000,0x9ec40000)
  from space 2560K, 0% used [0x9eec0000,0x9eec0000,0x9f140000)
  to   space 2560K, 0% used [0x9ec40000,0x9ec40000,0x9eec0000)
 ParOldGen       total 43008K, used 0K [0x73180000, 0x75b80000, 0x9dc00000)
  object space 43008K, 0% used [0x73180000,0x73180000,0x75b80000)
 PSPermGen       total 16384K, used 4003K [0x6b180000, 0x6c180000, 0x73180000)
  object space 16384K, 24% used [0x6b180000,0x6b568d98,0x6c180000)
Event: 3.114 GC heap after
Heap after GC invocations=1 (full 0):
 PSYoungGen      total 19200K, used 2545K [0x9dc00000, 0xa0180000, 0xb3180000)
  eden space 16640K, 0% used [0x9dc00000,0x9dc00000,0x9ec40000)
  from space 2560K, 99% used [0x9ec40000,0x9eebc710,0x9eec0000)
  to   space 2560K, 0% used [0x9ff00000,0x9ff00000,0xa0180000)
 ParOldGen       total 43008K, used 763K [0x73180000, 0x75b80000, 0x9dc00000)
  object space 43008K, 1% used [0x73180000,0x7323ee30,0x75b80000)
 PSPermGen       total 16384K, used 4003K [0x6b180000, 0x6c180000, 0x73180000)
  object space 16384K, 24% used [0x6b180000,0x6b568d98,0x6c180000)
}
Event: 4.821 GC heap before
{Heap before GC invocations=2 (full 0):
 PSYoungGen      total 19200K, used 19185K [0x9dc00000, 0xa0180000, 0xb3180000)
  eden space 16640K, 100% used [0x9dc00000,0x9ec40000,0x9ec40000)
  from space 2560K, 99% used [0x9ec40000,0x9eebc710,0x9eec0000)
  to   space 2560K, 0% used [0x9ff00000,0x9ff00000,0xa0180000)
 ParOldGen       total 43008K, used 763K [0x73180000, 0x75b80000, 0x9dc00000)
  object space 43008K, 1% used [0x73180000,0x7323ee30,0x75b80000)
 PSPermGen       total 16384K, used 4181K [0x6b180000, 0x6c180000, 0x73180000)
  object space 16384K, 25% used [0x6b180000,0x6b595488,0x6c180000)
Event: 4.844 GC heap after
Heap after GC invocations=2 (full 0):
 PSYoungGen      total 35840K, used 2558K [0x9dc00000, 0xa0180000, 0xb3180000)
  eden space 33280K, 0% used [0x9dc00000,0x9dc00000,0x9fc80000)
  from space 2560K, 99% used [0x9ff00000,0xa017f828,0xa0180000)
  to   space 2560K, 0% used [0x9fc80000,0x9fc80000,0x9ff00000)
 ParOldGen       total 43008K, used 2481K [0x73180000, 0x75b80000, 0x9dc00000)
  object space 43008K, 5% used [0x73180000,0x733ec720,0x75b80000)
 PSPermGen       total 16384K, used 4181K [0x6b180000, 0x6c180000, 0x73180000)
  object space 16384K, 25% used [0x6b180000,0x6b595488,0x6c180000)
}
Event: 8.035 GC heap before
{Heap before GC invocations=3 (full 0):
 PSYoungGen      total 35840K, used 35838K [0x9dc00000, 0xa0180000, 0xb3180000)
  eden space 33280K, 100% used [0x9dc00000,0x9fc80000,0x9fc80000)
  from space 2560K, 99% used [0x9ff00000,0xa017f828,0xa0180000)
  to   space 2560K, 0% used [0x9fc80000,0x9fc80000,0x9ff00000)
 ParOldGen       total 43008K, used 2481K [0x73180000, 0x75b80000, 0x9dc00000)
  object space 43008K, 5% used [0x73180000,0x733ec720,0x75b80000)
 PSPermGen       total 16384K, used 4238K [0x6b180000, 0x6c180000, 0x73180000)
  object space 16384K, 25% used [0x6b180000,0x6b5a3b08,0x6c180000)
Event: 8.244 GC heap after
Heap after GC invocations=3 (full 0):
 PSYoungGen      total 35840K, used 2554K [0x9dc00000, 0xa2200000, 0xb3180000)
  eden space 33280K, 0% used [0x9dc00000,0x9dc00000,0x9fc80000)
  from space 2560K, 99% used [0x9fc80000,0x9fefeae0,0x9ff00000)
  to   space 2560K, 0% used [0xa1f80000,0xa1f80000,0xa2200000)
 ParOldGen       total 43008K, used 7862K [0x73180000, 0x75b80000, 0x9dc00000)
  object space 43008K, 18% used [0x73180000,0x7392d9a8,0x75b80000)
 PSPermGen       total 16384K, used 4238K [0x6b180000, 0x6c180000, 0x73180000)
  object space 16384K, 25% used [0x6b180000,0x6b5a3b08,0x6c180000)
}
Event: 11.089 GC heap before
{Heap before GC invocations=4 (full 0):
 PSYoungGen      total 35840K, used 35834K [0x9dc00000, 0xa2200000, 0xb3180000)
  eden space 33280K, 100% used [0x9dc00000,0x9fc80000,0x9fc80000)
  from space 2560K, 99% used [0x9fc80000,0x9fefeae0,0x9ff00000)
  to   space 2560K, 0% used [0xa1f80000,0xa1f80000,0xa2200000)
 ParOldGen       total 43008K, used 7862K [0x73180000, 0x75b80000, 0x9dc00000)
  object space 43008K, 18% used [0x73180000,0x7392d9a8,0x75b80000)
 PSPermGen       total 16384K, used 4255K [0x6b180000, 0x6c180000, 0x73180000)
  object space 16384K, 25% used [0x6b180000,0x6b5a7ee0,0x6c180000)
Event: 11.228 GC heap after
Heap after GC invocations=4 (full 0):
 PSYoungGen      total 69120K, used 2545K [0x9dc00000, 0xa2200000, 0xb3180000)
  eden space 66560K, 0% used [0x9dc00000,0x9dc00000,0xa1d00000)
  from space 2560K, 99% used [0xa1f80000,0xa21fc6b8,0xa2200000)
  to   space 2560K, 0% used [0xa1d00000,0xa1d00000,0xa1f80000)
 ParOldGen       total 43008K, used 13080K [0x73180000, 0x75b80000, 0x9dc00000)
  object space 43008K, 30% used [0x73180000,0x73e46378,0x75b80000)
 PSPermGen       total 16384K, used 4255K [0x6b180000, 0x6c180000, 0x73180000)
  object space 16384K, 25% used [0x6b180000,0x6b5a7ee0,0x6c180000)
}

Deoptimization events (10 events):
Event: 5.114 Thread 0xb6308400 Uncommon trap: reason=unstable_if action=reinterpret pc=0xb32f0f54 method=com.android.dx.rop.cst.Constant.compareTo(Lcom/android/dx/rop/cst/Constant;)I @ 12
Event: 5.874 Thread 0x67145400 Uncommon trap: reason=unstable_if action=reinterpret pc=0xb32e05d0 method=com.android.dx.cf.code.Ropper.labelToResultIndex(I)I @ 34
Event: 6.118 Thread 0x67146400 Uncommon trap: reason=unstable_if action=reinterpret pc=0xb32ea78c method=com.android.dx.rop.code.RegisterSpec.equals(ILcom/android/dx/rop/type/TypeBearer;Lcom/android/dx/rop/code/LocalItem;)Z @ 42
Event: 7.553 Thread 0xb6308400 Uncommon trap: reason=null_check action=make_not_entrant pc=0xb332ab44 method=com.android.dx.rop.type.Type.putIntern(Lcom/android/dx/rop/type/Type;)Lcom/android/dx/rop/type/Type; @ 18
Event: 8.918 Thread 0x6713d000 Uncommon trap: reason=unstable_if action=reinterpret pc=0xb332f410 method=com.android.dx.rop.code.RegisterSpec.intersect(Lcom/android/dx/rop/code/RegisterSpec;Z)Lcom/android/dx/rop/code/RegisterSpec; @ 8
Event: 8.948 Thread 0x67145400 Uncommon trap: reason=null_check action=make_not_entrant pc=0xb3324a50 method=com.android.dx.ssa.SsaRenamer.getLocalForNewReg(I)Lcom/android/dx/rop/code/LocalItem; @ 19
Event: 11.392 Thread 0xb6308400 Uncommon trap: reason=unstable_if action=reinterpret pc=0xb3334c24 method=com.android.dx.rop.code.LocalItem.compareHandlesNulls(Lcom/android/dx/rop/cst/CstString;Lcom/android/dx/rop/cst/CstString;)I @ 14
Event: 11.394 Thread 0xb6308400 Uncommon trap: reason=unstable_if action=reinterpret pc=0xb332e25c method=com.android.dx.rop.code.LocalItem.compareHandlesNulls(Lcom/android/dx/rop/cst/CstString;Lcom/android/dx/rop/cst/CstString;)I @ 14
Event: 11.411 Thread 0xb6308400 Uncommon trap: reason=unstable_if action=reinterpret pc=0xb33061e8 method=com.android.dx.rop.code.LocalItem.compareHandlesNulls(Lcom/android/dx/rop/cst/CstString;Lcom/android/dx/rop/cst/CstString;)I @ 14
Event: 11.447 Thread 0xb6308400 Uncommon trap: reason=unstable_if action=reinterpret pc=0xb330c4d4 method=com.android.dx.rop.code.LocalItem.compareHandlesNulls(Lcom/android/dx/rop/cst/CstString;Lcom/android/dx/rop/cst/CstString;)I @ 14

Internal exceptions (10 events):
Event: 5.873 Thread 0x67145400 Threw 0x9e78f530 at /build/openjdk-7-PdBaKN/openjdk-7-7u91-2.6.3/build/openjdk/hotspot/src/share/vm/prims/jvm.cpp:1322
Event: 7.553 Thread 0xb6308400 Implicit null exception at 0xb332a5a6 to 0xb332ab39
Event: 8.948 Thread 0x67145400 Implicit null exception at 0xb3323635 to 0xb3324a41
Event: 9.849 Thread 0x67145400 Threw 0x9edf1638 at /build/openjdk-7-PdBaKN/openjdk-7-7u91-2.6.3/build/openjdk/hotspot/src/share/vm/prims/jvm.cpp:1322
Event: 10.507 Thread 0xb6308400 Threw 0x9f53aa90 at /build/openjdk-7-PdBaKN/openjdk-7-7u91-2.6.3/build/openjdk/hotspot/src/share/vm/prims/jvm.cpp:1322
Event: 11.392 Thread 0xb6308400 Implicit null exception at 0xb3334a71 to 0xb3334c15
Event: 11.394 Thread 0xb6308400 Implicit null exception at 0xb332e021 to 0xb332e249
Event: 11.411 Thread 0xb6308400 Implicit null exception at 0xb33060d9 to 0xb33061d5
Event: 11.447 Thread 0xb6308400 Implicit null exception at 0xb330c34a to 0xb330c4c1
Event: 14.473 Thread 0xb6308400 Threw 0x9f1d48d8 at /build/openjdk-7-PdBaKN/openjdk-7-7u91-2.6.3/build/openjdk/hotspot/src/share/vm/prims/jvm.cpp:1322

Events (10 events):
Event: 13.660 loading class 0x6ab59e48
Event: 13.673 loading class 0x6ab59e48 done
Event: 13.733 Thread 0x67146400 Thread exited: 0x67146400
Event: 13.743 Thread 0x67145400 Thread exited: 0x67145400
Event: 13.765 Thread 0x67143400 Thread exited: 0x67143400
Event: 14.470 Thread 0x6713d000 Thread exited: 0x6713d000
Event: 14.471 Thread 0x6713f400 Thread exited: 0x6713f400
Event: 14.473 loading class 0x67afdde0
Event: 14.473 loading class 0x67afdde0 done
Event: 14.508 Thread 0x6713d000 Thread added: 0x6713d000


Dynamic libraries:
08048000-08049000 r-xp 00000000 08:01 804961     /usr/lib/jvm/java-7-openjdk-i386/jre/bin/java
08049000-0804a000 r--p 00000000 08:01 804961     /usr/lib/jvm/java-7-openjdk-i386/jre/bin/java
0804a000-0804b000 rw-p 00001000 08:01 804961     /usr/lib/jvm/java-7-openjdk-i386/jre/bin/java
082eb000-0830c000 rw-p 00000000 00:00 0          [heap]
65200000-652ca000 rw-p 00000000 00:00 0 
652ca000-65300000 ---p 00000000 00:00 0 
65400000-654df000 rw-p 00000000 00:00 0 
654df000-65500000 ---p 00000000 00:00 0 
65500000-655f2000 rw-p 00000000 00:00 0 
655f2000-65600000 ---p 00000000 00:00 0 
65600000-656dc000 rw-p 00000000 00:00 0 
656dc000-65700000 ---p 00000000 00:00 0 
65800000-658ff000 rw-p 00000000 00:00 0 
658ff000-65900000 ---p 00000000 00:00 0 
65900000-659f2000 rw-p 00000000 00:00 0 
659f2000-65a00000 ---p 00000000 00:00 0 
65a00000-65adb000 rw-p 00000000 00:00 0 
65adb000-65b00000 ---p 00000000 00:00 0 
65b00000-65bfc000 rw-p 00000000 00:00 0 
65bfc000-65c00000 ---p 00000000 00:00 0 
65c00000-65cf3000 rw-p 00000000 00:00 0 
65cf3000-65d00000 ---p 00000000 00:00 0 
65d00000-65dfb000 rw-p 00000000 00:00 0 
65dfb000-65e00000 ---p 00000000 00:00 0 
65e00000-65eff000 rw-p 00000000 00:00 0 
65eff000-65f00000 ---p 00000000 00:00 0 
65f00000-65ffa000 rw-p 00000000 00:00 0 
65ffa000-66000000 ---p 00000000 00:00 0 
66000000-660fc000 rw-p 00000000 00:00 0 
660fc000-66100000 ---p 00000000 00:00 0 
66100000-661ff000 rw-p 00000000 00:00 0 
661ff000-66200000 ---p 00000000 00:00 0 
66200000-662fe000 rw-p 00000000 00:00 0 
662fe000-66300000 ---p 00000000 00:00 0 
66300000-66400000 rw-p 00000000 00:00 0 
66400000-664f0000 rw-p 00000000 00:00 0 
664f0000-66500000 ---p 00000000 00:00 0 
6657b000-66600000 rw-p 00000000 00:00 0 
66600000-666f2000 rw-p 00000000 00:00 0 
666f2000-66700000 ---p 00000000 00:00 0 
66700000-667fb000 rw-p 00000000 00:00 0 
667fb000-66800000 ---p 00000000 00:00 0 
66800000-668fe000 rw-p 00000000 00:00 0 
668fe000-66900000 ---p 00000000 00:00 0 
66915000-669f4000 rw-p 00000000 00:00 0 
669f4000-669f7000 ---p 00000000 00:00 0 
669f7000-66a45000 rw-p 00000000 00:00 0 
66a45000-66a48000 ---p 00000000 00:00 0 
66a48000-66a96000 rw-p 00000000 00:00 0 
66a96000-66a99000 ---p 00000000 00:00 0 
66a99000-66ae7000 rw-p 00000000 00:00 0 
66aea000-66b38000 rw-p 00000000 00:00 0          [stack:8279]
66b38000-66b3b000 ---p 00000000 00:00 0 
66b3b000-66d4a000 rw-p 00000000 00:00 0 
66d4a000-66dba000 r-xp 00000000 08:01 394656     /lib/i386-linux-gnu/libpcre.so.3.13.1
66dba000-66dbb000 r--p 0006f000 08:01 394656     /lib/i386-linux-gnu/libpcre.so.3.13.1
66dbb000-66dbc000 rw-p 00070000 08:01 394656     /lib/i386-linux-gnu/libpcre.so.3.13.1
66dbc000-66ee2000 r-xp 00000000 08:01 394573     /lib/i386-linux-gnu/libglib-2.0.so.0.4400.0
66ee2000-66ee3000 r--p 00125000 08:01 394573     /lib/i386-linux-gnu/libglib-2.0.so.0.4400.0
66ee3000-66ee4000 rw-p 00126000 08:01 394573     /lib/i386-linux-gnu/libglib-2.0.so.0.4400.0
66ee4000-66f3f000 r-xp 00000000 08:01 137385     /usr/lib/i386-linux-gnu/libgobject-2.0.so.0.4400.0
66f3f000-66f40000 r--p 0005b000 08:01 137385     /usr/lib/i386-linux-gnu/libgobject-2.0.so.0.4400.0
66f40000-66f41000 rw-p 0005c000 08:01 137385     /usr/lib/i386-linux-gnu/libgobject-2.0.so.0.4400.0
66f41000-670fa000 r-xp 00000000 08:01 137357     /usr/lib/i386-linux-gnu/libgio-2.0.so.0.4400.0
670fa000-670fd000 r--p 001b8000 08:01 137357     /usr/lib/i386-linux-gnu/libgio-2.0.so.0.4400.0
670fd000-670ff000 rw-p 001bb000 08:01 137357     /usr/lib/i386-linux-gnu/libgio-2.0.so.0.4400.0
670ff000-67100000 rw-p 00000000 00:00 0 
67100000-67161000 rw-p 00000000 00:00 0 
67161000-67200000 ---p 00000000 00:00 0 
6723f000-67240000 ---p 00000000 00:00 0 
67240000-672c0000 rw-p 00000000 00:00 0          [stack:8271]
672c0000-672c3000 ---p 00000000 00:00 0 
672c3000-67311000 rw-p 00000000 00:00 0          [stack:8270]
67311000-67314000 ---p 00000000 00:00 0 
67314000-67392000 rw-p 00000000 00:00 0          [stack:8269]
67392000-67395000 ---p 00000000 00:00 0 
67395000-67413000 rw-p 00000000 00:00 0          [stack:8268]
67413000-6755a000 r-xp 00000000 08:01 136931     /usr/lib/i386-linux-gnu/libX11.so.6.3.0
6755a000-6755b000 r--p 00146000 08:01 136931     /usr/lib/i386-linux-gnu/libX11.so.6.3.0
6755b000-6755d000 rw-p 00147000 08:01 136931     /usr/lib/i386-linux-gnu/libX11.so.6.3.0
6755d000-6755e000 rw-p 00000000 00:00 0 
6755e000-67561000 ---p 00000000 00:00 0 
67561000-675af000 rw-p 00000000 00:00 0          [stack:8267]
675af000-677af000 r--p 00000000 08:01 143362     /usr/lib/locale/locale-archive
677af000-677b2000 ---p 00000000 00:00 0 
677b2000-67800000 rw-p 00000000 00:00 0          [stack:8266]
67800000-678ee000 rw-p 00000000 00:00 0 
678ee000-67900000 ---p 00000000 00:00 0 
67900000-67921000 rw-p 00000000 00:00 0 
67921000-67a00000 ---p 00000000 00:00 0 
67a00000-67b00000 rw-p 00000000 00:00 0 
67b0d000-67b21000 r-xp 00000000 08:01 394679     /lib/i386-linux-gnu/libresolv-2.21.so
67b21000-67b23000 r--p 00013000 08:01 394679     /lib/i386-linux-gnu/libresolv-2.21.so
67b23000-67b24000 rw-p 00015000 08:01 394679     /lib/i386-linux-gnu/libresolv-2.21.so
67b24000-67b26000 rw-p 00000000 00:00 0 
67b26000-67b4a000 r-xp 00000000 08:01 394683     /lib/i386-linux-gnu/libselinux.so.1
67b4a000-67b4b000 r--p 00024000 08:01 394683     /lib/i386-linux-gnu/libselinux.so.1
67b4b000-67b4c000 rw-p 00025000 08:01 394683     /lib/i386-linux-gnu/libselinux.so.1
67b4c000-67b4d000 rw-p 00000000 00:00 0 
67b4d000-67b4e000 ---p 00000000 00:00 0 
67b4e000-67bce000 rw-p 00000000 00:00 0          [stack:8264]
67bce000-67d80000 r--s 01d2e000 08:01 804984     /usr/lib/jvm/java-7-openjdk-i386/jre/lib/rt.jar
67d80000-6a600000 rw-p 00000000 00:00 0 
6a600000-6a6e6000 rw-p 00000000 00:00 0 
6a6e6000-6a700000 ---p 00000000 00:00 0 
6a72e000-6a731000 ---p 00000000 00:00 0 
6a731000-6a77f000 rw-p 00000000 00:00 0          [stack:8265]
6a77f000-6a780000 ---p 00000000 00:00 0 
6a780000-6a800000 rw-p 00000000 00:00 0          [stack:8263]
6a800000-6a821000 rw-p 00000000 00:00 0 
6a821000-6a900000 ---p 00000000 00:00 0 
6a90b000-6a922000 r-xp 00000000 08:01 805027     /usr/lib/jvm/java-7-openjdk-i386/jre/lib/i386/libnet.so
6a922000-6a923000 r--p 00016000 08:01 805027     /usr/lib/jvm/java-7-openjdk-i386/jre/lib/i386/libnet.so
6a923000-6a924000 rw-p 00017000 08:01 805027     /usr/lib/jvm/java-7-openjdk-i386/jre/lib/i386/libnet.so
6a924000-6a934000 r-xp 00000000 08:01 804991     /usr/lib/jvm/java-7-openjdk-i386/jre/lib/i386/libnio.so
6a934000-6a935000 r--p 00010000 08:01 804991     /usr/lib/jvm/java-7-openjdk-i386/jre/lib/i386/libnio.so
6a935000-6a936000 rw-p 00011000 08:01 804991     /usr/lib/jvm/java-7-openjdk-i386/jre/lib/i386/libnio.so
6a936000-6a97f000 rw-p 00000000 00:00 0 
6a97f000-6a980000 ---p 00000000 00:00 0 
6a980000-6aa00000 rw-p 00000000 00:00 0          [stack:8262]
6aa00000-6aa21000 rw-p 00000000 00:00 0 
6aa21000-6ab00000 ---p 00000000 00:00 0 
6ab02000-6ab22000 r-xp 00000000 08:01 138125     /usr/lib/i386-linux-gnu/libxcb.so.1.1.0
6ab22000-6ab23000 r--p 0001f000 08:01 138125     /usr/lib/i386-linux-gnu/libxcb.so.1.1.0
6ab23000-6ab24000 rw-p 00020000 08:01 138125     /usr/lib/i386-linux-gnu/libxcb.so.1.1.0
6ab24000-6ab7f000 rw-p 00000000 00:00 0 
6ab7f000-6ab80000 ---p 00000000 00:00 0 
6ab80000-6ac00000 rw-p 00000000 00:00 0          [stack:8261]
6ac00000-6ac24000 rw-p 00000000 00:00 0 
6ac24000-6ad00000 ---p 00000000 00:00 0 
6ad0a000-6ad0f000 r-xp 00000000 08:01 136946     /usr/lib/i386-linux-gnu/libXdmcp.so.6.0.0
6ad0f000-6ad10000 r--p 00004000 08:01 136946     /usr/lib/i386-linux-gnu/libXdmcp.so.6.0.0
6ad10000-6ad11000 rw-p 00005000 08:01 136946     /usr/lib/i386-linux-gnu/libXdmcp.so.6.0.0
6ad13000-6ad1a000 r-xp 00000000 08:01 137254     /usr/lib/i386-linux-gnu/libffi.so.6.0.4
6ad1a000-6ad1c000 r--p 00006000 08:01 137254     /usr/lib/i386-linux-gnu/libffi.so.6.0.4
6ad1c000-6ad1d000 rw-p 00008000 08:01 137254     /usr/lib/i386-linux-gnu/libffi.so.6.0.4
6ad1d000-6ad20000 r-xp 00000000 08:01 137371     /usr/lib/i386-linux-gnu/libgmodule-2.0.so.0.4400.0
6ad20000-6ad21000 r--p 00002000 08:01 137371     /usr/lib/i386-linux-gnu/libgmodule-2.0.so.0.4400.0
6ad21000-6ad22000 rw-p 00003000 08:01 137371     /usr/lib/i386-linux-gnu/libgmodule-2.0.so.0.4400.0
6ad28000-6ad29000 ---p 00000000 00:00 0 
6ad29000-6adb1000 rw-p 00000000 00:00 0          [stack:8259]
6adb1000-6ade9000 rw-p 00000000 00:00 0 
6ade9000-6adfe000 rw-p 00000000 00:00 0 
6adfe000-6af3f000 rw-p 00000000 00:00 0 
6af3f000-6af47000 rw-p 00000000 00:00 0 
6af47000-6af7f000 rw-p 00000000 00:00 0 
6af7f000-6af94000 rw-p 00000000 00:00 0 
6af94000-6b0d4000 rw-p 00000000 00:00 0 
6b0d4000-6b0f8000 rw-p 00000000 00:00 0 
6b0f8000-6b17f000 rw-p 00000000 00:00 0 
6b17f000-6c180000 rw-p 00000000 00:00 0 
6c180000-73180000 rw-p 00000000 00:00 0 
73180000-75b80000 rw-p 00000000 00:00 0 
75b80000-9dc00000 rw-p 00000000 00:00 0 
9dc00000-a2200000 rw-p 00000000 00:00 0 
a2200000-b3180000 rw-p 00000000 00:00 0 
b3180000-b3182000 r-xp 00000000 08:01 136935     /usr/lib/i386-linux-gnu/libXau.so.6.0.0
b3182000-b3183000 r--p 00001000 08:01 136935     /usr/lib/i386-linux-gnu/libXau.so.6.0.0
b3183000-b3184000 rw-p 00002000 08:01 136935     /usr/lib/i386-linux-gnu/libXau.so.6.0.0
b3184000-b3186000 r-xp 00000000 08:01 141618     /usr/lib/jayatana/libjayatanaag.so
b3186000-b3187000 r--p 00001000 08:01 141618     /usr/lib/jayatana/libjayatanaag.so
b3187000-b3188000 rw-p 00002000 08:01 141618     /usr/lib/jayatana/libjayatanaag.so
b3188000-b3189000 r--s 00000000 08:01 414147     /usr/share/java/jayatanaag.jar
b3189000-b3198000 r--s 000df000 08:01 1062595    /home/student/Android/Sdk/build-tools/23.0.3/lib/dx.jar
b3198000-b319c000 r--s 00085000 08:01 804976     /usr/lib/jvm/java-7-openjdk-i386/jre/lib/ext/localedata.jar
b319c000-b31a0000 r--s 00034000 08:01 804978     /usr/lib/jvm/java-7-openjdk-i386/jre/lib/ext/sunjce_provider.jar
b31a0000-b31a4000 r--s 0003c000 08:01 804979     /usr/lib/jvm/java-7-openjdk-i386/jre/lib/ext/sunpkcs11.jar
b31a4000-b31c8000 rw-p 00000000 00:00 0 
b31c8000-b327f000 rw-p 00000000 00:00 0 
b327f000-b34bf000 rwxp 00000000 00:00 0 
b34bf000-b627f000 rw-p 00000000 00:00 0 
b627f000-b628b000 r-xp 00000000 08:01 394626     /lib/i386-linux-gnu/libnss_files-2.21.so
b628b000-b628c000 r--p 0000b000 08:01 394626     /lib/i386-linux-gnu/libnss_files-2.21.so
b628c000-b628d000 rw-p 0000c000 08:01 394626     /lib/i386-linux-gnu/libnss_files-2.21.so
b628d000-b6298000 r-xp 00000000 08:01 394636     /lib/i386-linux-gnu/libnss_nis-2.21.so
b6298000-b6299000 r--p 0000a000 08:01 394636     /lib/i386-linux-gnu/libnss_nis-2.21.so
b6299000-b629a000 rw-p 0000b000 08:01 394636     /lib/i386-linux-gnu/libnss_nis-2.21.so
b629a000-b62b1000 r-xp 00000000 08:01 394620     /lib/i386-linux-gnu/libnsl-2.21.so
b62b1000-b62b2000 r--p 00016000 08:01 394620     /lib/i386-linux-gnu/libnsl-2.21.so
b62b2000-b62b3000 rw-p 00017000 08:01 394620     /lib/i386-linux-gnu/libnsl-2.21.so
b62b3000-b62b5000 rw-p 00000000 00:00 0 
b62b5000-b62b8000 r--s 0000f000 08:01 804977     /usr/lib/jvm/java-7-openjdk-i386/jre/lib/ext/icedtea-sound.jar
b62b8000-b62ba000 r--s 00012000 08:01 804975     /usr/lib/jvm/java-7-openjdk-i386/jre/lib/ext/zipfs.jar
b62ba000-b62c2000 r-xp 00000000 08:01 804995     /usr/lib/jvm/java-7-openjdk-i386/jre/lib/i386/libzip.so
b62c2000-b62c3000 r--p 00007000 08:01 804995     /usr/lib/jvm/java-7-openjdk-i386/jre/lib/i386/libzip.so
b62c3000-b62c4000 rw-p 00008000 08:01 804995     /usr/lib/jvm/java-7-openjdk-i386/jre/lib/i386/libzip.so
b62c4000-b62cc000 rw-s 00000000 08:01 429855     /tmp/hsperfdata_student/8254
b62cc000-b62d6000 r-xp 00000000 08:01 805017     /usr/lib/jvm/java-7-openjdk-i386/jre/lib/i386/libinstrument.so
b62d6000-b62d7000 r--p 00009000 08:01 805017     /usr/lib/jvm/java-7-openjdk-i386/jre/lib/i386/libinstrument.so
b62d7000-b62d8000 rw-p 0000a000 08:01 805017     /usr/lib/jvm/java-7-openjdk-i386/jre/lib/i386/libinstrument.so
b62d8000-b62fe000 r-xp 00000000 08:01 805003     /usr/lib/jvm/java-7-openjdk-i386/jre/lib/i386/libjava.so
b62fe000-b62ff000 r--p 00025000 08:01 805003     /usr/lib/jvm/java-7-openjdk-i386/jre/lib/i386/libjava.so
b62ff000-b6300000 rw-p 00026000 08:01 805003     /usr/lib/jvm/java-7-openjdk-i386/jre/lib/i386/libjava.so
b6300000-b6400000 rw-p 00000000 00:00 0 
b6400000-b6408000 r-xp 00000000 08:01 394622     /lib/i386-linux-gnu/libnss_compat-2.21.so
b6408000-b6409000 r--p 00007000 08:01 394622     /lib/i386-linux-gnu/libnss_compat-2.21.so
b6409000-b640a000 rw-p 00008000 08:01 394622     /lib/i386-linux-gnu/libnss_compat-2.21.so
b640a000-b6411000 r-xp 00000000 08:01 394681     /lib/i386-linux-gnu/librt-2.21.so
b6411000-b6412000 r--p 00006000 08:01 394681     /lib/i386-linux-gnu/librt-2.21.so
b6412000-b6413000 rw-p 00007000 08:01 394681     /lib/i386-linux-gnu/librt-2.21.so
b6413000-b6416000 ---p 00000000 00:00 0 
b6416000-b6464000 rw-p 00000000 00:00 0          [stack:8257]
b6464000-b6480000 r-xp 00000000 08:01 394569     /lib/i386-linux-gnu/libgcc_s.so.1
b6480000-b6481000 rw-p 0001b000 08:01 394569     /lib/i386-linux-gnu/libgcc_s.so.1
b6481000-b64cc000 r-xp 00000000 08:01 394599     /lib/i386-linux-gnu/libm-2.21.so
b64cc000-b64cd000 r--p 0004a000 08:01 394599     /lib/i386-linux-gnu/libm-2.21.so
b64cd000-b64ce000 rw-p 0004b000 08:01 394599     /lib/i386-linux-gnu/libm-2.21.so
b64ce000-b65b7000 r-xp 00000000 08:01 137921     /usr/lib/i386-linux-gnu/libstdc++.so.6.0.20
b65b7000-b65bb000 r--p 000e9000 08:01 137921     /usr/lib/i386-linux-gnu/libstdc++.so.6.0.20
b65bb000-b65bc000 rw-p 000ed000 08:01 137921     /usr/lib/i386-linux-gnu/libstdc++.so.6.0.20
b65bc000-b65c3000 rw-p 00000000 00:00 0 
b65c3000-b7116000 r-xp 00000000 08:01 805013     /usr/lib/jvm/java-7-openjdk-i386/jre/lib/i386/server/libjvm.so
b7116000-b716a000 r--p 00b52000 08:01 805013     /usr/lib/jvm/java-7-openjdk-i386/jre/lib/i386/server/libjvm.so
b716a000-b717e000 rw-p 00ba6000 08:01 805013     /usr/lib/jvm/java-7-openjdk-i386/jre/lib/i386/server/libjvm.so
b717e000-b759d000 rw-p 00000000 00:00 0 
b759d000-b75b6000 r-xp 00000000 08:01 394714     /lib/i386-linux-gnu/libz.so.1.2.8
b75b6000-b75b7000 r--p 00019000 08:01 394714     /lib/i386-linux-gnu/libz.so.1.2.8
b75b7000-b75b8000 rw-p 0001a000 08:01 394714     /lib/i386-linux-gnu/libz.so.1.2.8
b75b8000-b75d1000 r-xp 00000000 08:01 394673     /lib/i386-linux-gnu/libpthread-2.21.so
b75d1000-b75d2000 r--p 00018000 08:01 394673     /lib/i386-linux-gnu/libpthread-2.21.so
b75d2000-b75d3000 rw-p 00019000 08:01 394673     /lib/i386-linux-gnu/libpthread-2.21.so
b75d3000-b75d5000 rw-p 00000000 00:00 0 
b75d5000-b75d8000 r-xp 00000000 08:01 394557     /lib/i386-linux-gnu/libdl-2.21.so
b75d8000-b75d9000 r--p 00002000 08:01 394557     /lib/i386-linux-gnu/libdl-2.21.so
b75d9000-b75da000 rw-p 00003000 08:01 394557     /lib/i386-linux-gnu/libdl-2.21.so
b75da000-b778e000 r-xp 00000000 08:01 394540     /lib/i386-linux-gnu/libc-2.21.so
b778e000-b7791000 r--p 001b3000 08:01 394540     /lib/i386-linux-gnu/libc-2.21.so
b7791000-b7793000 rw-p 001b6000 08:01 394540     /lib/i386-linux-gnu/libc-2.21.so
b7793000-b7795000 rw-p 00000000 00:00 0 
b7795000-b7796000 r--s 00002000 08:01 804980     /usr/lib/jvm/java-7-openjdk-i386/jre/lib/ext/dnsns.jar
b7796000-b7798000 r--s 00006000 08:01 399091     /usr/share/java/java-atk-wrapper.jar
b7798000-b7799000 r--p 005e0000 08:01 143362     /usr/lib/locale/locale-archive
b7799000-b779a000 rw-p 00000000 00:00 0 
b779a000-b779b000 r--p 00000000 00:00 0 
b779b000-b77a9000 r-xp 00000000 08:01 805022     /usr/lib/jvm/java-7-openjdk-i386/jre/lib/i386/libverify.so
b77a9000-b77ab000 r--p 0000d000 08:01 805022     /usr/lib/jvm/java-7-openjdk-i386/jre/lib/i386/libverify.so
b77ab000-b77ac000 rw-p 0000f000 08:01 805022     /usr/lib/jvm/java-7-openjdk-i386/jre/lib/i386/libverify.so
b77ac000-b77b8000 r-xp 00000000 08:01 805024     /usr/lib/jvm/java-7-openjdk-i386/jre/lib/i386/jli/libjli.so
b77b8000-b77b9000 r--p 0000b000 08:01 805024     /usr/lib/jvm/java-7-openjdk-i386/jre/lib/i386/jli/libjli.so
b77b9000-b77ba000 rw-p 0000c000 08:01 805024     /usr/lib/jvm/java-7-openjdk-i386/jre/lib/i386/jli/libjli.so
b77ba000-b77bd000 rw-p 00000000 00:00 0 
b77bd000-b77bf000 r--p 00000000 00:00 0          [vvar]
b77bf000-b77c0000 r-xp 00000000 00:00 0          [vdso]
b77c0000-b77e2000 r-xp 00000000 08:01 394512     /lib/i386-linux-gnu/ld-2.21.so
b77e2000-b77e3000 r--p 00021000 08:01 394512     /lib/i386-linux-gnu/ld-2.21.so
b77e3000-b77e4000 rw-p 00022000 08:01 394512     /lib/i386-linux-gnu/ld-2.21.so
bf808000-bf809000 rwxp 00000000 00:00 0 
bf83a000-bf85c000 rw-p 00000000 00:00 0          [stack]

VM Arguments:
jvm_args: -javaagent:/usr/share/java/jayatanaag.jar -Djava.awt.headless=true -Xmx1024M -Dfile.encoding=UTF-8 -Duser.country=US -Duser.language=en -Duser.variant 
java_command: com.android.dx.command.Main --dex --num-threads=4 --multi-dex --output /home/student/test/HealthyBit/app/build/intermediates/transforms/dex/debug/folders/1000/10/com.android.support-design-23.3.0_b17ee739c475775e00c68d1e53ff0c14fae8ef92 /home/student/test/HealthyBit/app/build/intermediates/exploded-aar/com.android.support/design/23.3.0/jars/classes.jar
Launcher Type: SUN_STANDARD

Environment Variables:
JAVA_TOOL_OPTIONS=-javaagent:/usr/share/java/jayatanaag.jar 
PATH=/home/student/.linuxbrew/bin:/usr/local/sbin:/usr/local/bin:/usr/sbin:/usr/bin:/sbin:/bin:/usr/games:/usr/local/games:/etc/android-studio/bin/:/home/student/Android/Sdk/platform-tools:/home/student/Android/Sdk/tools
LD_LIBRARY_PATH=/etc/android-studio/bin:
SHELL=/bin/bash
DISPLAY=:0

Signal Handlers:
SIGSEGV: [libjvm.so+0x7f7d00], sa_mask[0]=0x7ffbfeff, sa_flags=0x10000004
SIGBUS: [libjvm.so+0x7f7d00], sa_mask[0]=0x7ffbfeff, sa_flags=0x10000004
SIGFPE: [libjvm.so+0x67a9d0], sa_mask[0]=0x7ffbfeff, sa_flags=0x10000004
SIGPIPE: [libjvm.so+0x67a9d0], sa_mask[0]=0x7ffbfeff, sa_flags=0x10000004
SIGXFSZ: [libjvm.so+0x67a9d0], sa_mask[0]=0x7ffbfeff, sa_flags=0x10000004
SIGILL: [libjvm.so+0x67a9d0], sa_mask[0]=0x7ffbfeff, sa_flags=0x10000004
SIGUSR1: SIG_DFL, sa_mask[0]=0x00000000, sa_flags=0x00000000
SIGUSR2: [libjvm.so+0x67a820], sa_mask[0]=0x00000004, sa_flags=0x10000004
SIGHUP: [libjvm.so+0x67aa80], sa_mask[0]=0x7ffbfeff, sa_flags=0x10000004
SIGINT: [libjvm.so+0x67aa80], sa_mask[0]=0x7ffbfeff, sa_flags=0x10000004
SIGTERM: [libjvm.so+0x67aa80], sa_mask[0]=0x7ffbfeff, sa_flags=0x10000004
SIGQUIT: [libjvm.so+0x67aa80], sa_mask[0]=0x7ffbfeff, sa_flags=0x10000004
SIGTRAP: SIG_DFL, sa_mask[0]=0x00000000, sa_flags=0x00000000


---------------  S Y S T E M  ---------------

OS:Ubuntu 15.04 (vivid)
uname:Linux 3.19.0-18-generic #18-Ubuntu SMP Tue May 19 18:30:59 UTC 2015 i686
libc:glibc 2.21 NPTL 2.21 
rlimit: STACK 8192k, CORE 0k, NPROC 32177, NOFILE 65536, AS infinity
load average:6.82 4.70 4.54

/proc/meminfo:
MemTotal:        4139540 kB
MemFree:          203764 kB
MemAvailable:     135044 kB
Buffers:            1388 kB
Cached:            64996 kB
SwapCached:            0 kB
Active:          3535896 kB
Inactive:          48144 kB
Active(anon):    3519096 kB
Inactive(anon):    37884 kB
Active(file):      16800 kB
Inactive(file):    10260 kB
Unevictable:          32 kB
Mlocked:              32 kB
HighTotal:       3280776 kB
HighFree:          32884 kB
LowTotal:         858764 kB
LowFree:          170880 kB
SwapTotal:             0 kB
SwapFree:              0 kB
Dirty:               944 kB
Writeback:             0 kB
AnonPages:       3518140 kB
Mapped:            45680 kB
Shmem:             39060 kB
Slab:              50936 kB
SReclaimable:      24816 kB
SUnreclaim:        26120 kB
KernelStack:        5592 kB
PageTables:        15260 kB
NFS_Unstable:          0 kB
Bounce:                0 kB
WritebackTmp:          0 kB
CommitLimit:     2069768 kB
Committed_AS:    6377800 kB
VmallocTotal:     122880 kB
VmallocUsed:       23416 kB
VmallocChunk:      49124 kB
AnonHugePages:   2584576 kB
CmaTotal:              0 kB
CmaFree:               0 kB
HugePages_Total:       0
HugePages_Free:        0
HugePages_Rsvd:        0
HugePages_Surp:        0
Hugepagesize:       2048 kB
DirectMap4k:       61432 kB
DirectMap2M:      851968 kB


CPU:total 4 (1 cores per cpu, 1 threads per core) family 6 model 58 stepping 9, cmov, cx8, fxsr, mmx, sse, sse2, sse3, ssse3, sse4.1, sse4.2, popcnt, avx, aes, erms, tsc, tscinvbit, tscinv

/proc/cpuinfo:
processor	: 0
vendor_id	: GenuineIntel
cpu family	: 6
model		: 58
model name	: Intel(R) Core(TM) i5-3210M CPU @ 2.50GHz
stepping	: 9
microcode	: 0x15
cpu MHz		: 2494.111
cache size	: 3072 KB
physical id	: 0
siblings	: 1
core id		: 0
cpu cores	: 1
apicid		: 0
initial apicid	: 0
fdiv_bug	: no
f00f_bug	: no
coma_bug	: no
fpu		: yes
fpu_exception	: yes
cpuid level	: 13
wp		: yes
flags		: fpu vme de pse tsc msr pae mce cx8 apic sep mtrr pge mca cmov pat pse36 clflush dts mmx fxsr sse sse2 ss nx rdtscp lm constant_tsc arch_perfmon pebs bts xtopology tsc_reliable nonstop_tsc aperfmperf pni pclmulqdq ssse3 cx16 pcid sse4_1 sse4_2 x2apic popcnt tsc_deadline_timer aes xsave avx f16c rdrand hypervisor lahf_lm ida arat epb pln pts dtherm fsgsbase tsc_adjust smep
bugs		:
bogomips	: 4988.22
clflush size	: 64
cache_alignment	: 64
address sizes	: 42 bits physical, 48 bits virtual
power management:

processor	: 1
vendor_id	: GenuineIntel
cpu family	: 6
model		: 58
model name	: Intel(R) Core(TM) i5-3210M CPU @ 2.50GHz
stepping	: 9
microcode	: 0x15
cpu MHz		: 2494.111
cache size	: 3072 KB
physical id	: 2
siblings	: 1
core id		: 0
cpu cores	: 1
apicid		: 2
initial apicid	: 2
fdiv_bug	: no
f00f_bug	: no
coma_bug	: no
fpu		: yes
fpu_exception	: yes
cpuid level	: 13
wp		: yes
flags		: fpu vme de pse tsc msr pae mce cx8 apic sep mtrr pge mca cmov pat pse36 clflush dts mmx fxsr sse sse2 ss nx rdtscp lm constant_tsc arch_perfmon pebs bts xtopology tsc_reliable nonstop_tsc aperfmperf pni pclmulqdq ssse3 cx16 pcid sse4_1 sse4_2 x2apic popcnt tsc_deadline_timer aes xsave avx f16c rdrand hypervisor lahf_lm ida arat epb pln pts dtherm fsgsbase tsc_adjust smep
bugs		:
bogomips	: 4988.22
clflush size	: 64
cache_alignment	: 64
address sizes	: 42 bits physical, 48 bits virtual
power management:

processor	: 2
vendor_id	: GenuineIntel
cpu family	: 6
model		: 58
model name	: Intel(R) Core(TM) i5-3210M CPU @ 2.50GHz
stepping	: 9
microcode	: 0x15
cpu MHz		: 2494.111
cache size	: 3072 KB
physical id	: 4
siblings	: 1
core id		: 0
cpu cores	: 1
apicid		: 4
initial apicid	: 4
fdiv_bug	: no
f00f_bug	: no
coma_bug	: no
fpu		: yes
fpu_exception	: yes
cpuid level	: 13
wp		: yes
flags		: fpu vme de pse tsc msr pae mce cx8 apic sep mtrr pge mca cmov pat pse36 clflush dts mmx fxsr sse sse2 ss nx rdtscp lm constant_tsc arch_perfmon pebs bts xtopology tsc_reliable nonstop_tsc aperfmperf pni pclmulqdq ssse3 cx16 pcid sse4_1 sse4_2 x2apic popcnt tsc_deadline_timer aes xsave avx f16c rdrand hypervisor lahf_lm ida arat epb pln pts dtherm fsgsbase tsc_adjust smep
bugs		:
bogomips	: 4988.22
clflush size	: 64
cache_alignment	: 64
address sizes	: 42 bits physical, 48 bits virtual
power management:

processor	: 3
vendor_id	: GenuineIntel
cpu family	: 6
model		: 58
model name	: Intel(R) Core(TM) i5-3210M CPU @ 2.50GHz
stepping	: 9
microcode	: 0x15
cpu MHz		: 2494.111
cache size	: 3072 KB
physical id	: 6
siblings	: 1
core id		: 0
cpu cores	: 1
apicid		: 6
initial apicid	: 6
fdiv_bug	: no
f00f_bug	: no
coma_bug	: no
fpu		: yes
fpu_exception	: yes
cpuid level	: 13
wp		: yes
flags		: fpu vme de pse tsc msr pae mce cx8 apic sep mtrr pge mca cmov pat pse36 clflush dts mmx fxsr sse sse2 ss nx rdtscp lm constant_tsc arch_perfmon pebs bts xtopology tsc_reliable nonstop_tsc aperfmperf pni pclmulqdq ssse3 cx16 pcid sse4_1 sse4_2 x2apic popcnt tsc_deadline_timer aes xsave avx f16c rdrand hypervisor lahf_lm ida arat epb pln pts dtherm fsgsbase tsc_adjust smep
bugs		:
bogomips	: 4988.22
clflush size	: 64
cache_alignment	: 64
address sizes	: 42 bits physical, 48 bits virtual
power management:



Memory: 4k page, physical 4139540k(203764k free), swap 0k(0k free)

vm_info: OpenJDK Server VM (24.91-b01) for linux-x86 JRE (1.7.0_91-b02), built on Nov 19 2015 06:25:06 by "buildd" with gcc 4.9.2

time: Tue May  3 16:21:45 2016
elapsed time: 14 seconds

