#
# There is insufficient memory for the Java Runtime Environment to continue.
# Native memory allocation (malloc) failed to allocate 154664960 bytes for committing reserved memory.
# Possible reasons:
#   The system is out of physical RAM or swap space
#   In 32 bit mode, the process size limit was hit
# Possible solutions:
#   Reduce memory load on the system
#   Increase physical memory or swap space
#   Check if swap backing store is full
#   Use 64 bit Java on a 64 bit OS
#   Decrease Java heap size (-Xmx/-Xms)
#   Decrease number of Java threads
#   Decrease Java thread stack sizes (-Xss)
#   Set larger code cache with -XX:ReservedCodeCacheSize=
# This output file may be truncated or incomplete.
#
#  Out of Memory Error (os_linux.cpp:2827), pid=4124, tid=1740430144
#
# JRE version: OpenJDK Runtime Environment (7.0_91-b02) (build 1.7.0_91-b02)
# Java VM: OpenJDK Server VM (24.91-b01 mixed mode linux-x86 )
# Derivative: IcedTea 2.6.3
# Distribution: Ubuntu 15.04, package 7u91-2.6.3-0ubuntu0.15.04.1
# Failed to write core dump. Core dumps have been disabled. To enable core dumping, try "ulimit -c unlimited" before starting Java again
#

---------------  T H R E A D  ---------------

Current thread (0x67a81400):  VMThread [stack: 0x67b4d000,0x67bce000] [id=4162]

Stack: [0x67b4d000,0x67bce000]
VM_Operation (0x66963904): ParallelGCFailedAllocation, mode: safepoint, requested by thread 0x67145c00


---------------  P R O C E S S  ---------------

Java Threads: ( => current thread )
  0x67147800 JavaThread "pool-2-thread-4" [_thread_blocked, id=4204, stack(0x668c3000,0x66914000)]
  0x67145c00 JavaThread "pool-2-thread-3" [_thread_blocked, id=4203, stack(0x66914000,0x66965000)]
  0x67144c00 JavaThread "pool-2-thread-2" [_thread_blocked, id=4202, stack(0x66965000,0x669b6000)]
  0x67142000 JavaThread "pool-3-thread-1" [_thread_blocked, id=4201, stack(0x669b6000,0x66a07000)]
  0x6713fc00 JavaThread "pool-2-thread-1" [_thread_blocked, id=4200, stack(0x66a07000,0x66a58000)]
  0x67aee400 JavaThread "Service Thread" daemon [_thread_blocked, id=4175, stack(0x672c0000,0x67311000)]
  0x67aec800 JavaThread "C2 CompilerThread1" daemon [_thread_blocked, id=4174, stack(0x67311000,0x67392000)]
  0x67aeb400 JavaThread "C2 CompilerThread0" daemon [_thread_blocked, id=4173, stack(0x67392000,0x67413000)]
  0x67a98400 JavaThread "Signal Dispatcher" daemon [_thread_blocked, id=4168, stack(0x6755e000,0x675af000)]
  0x67a85400 JavaThread "Finalizer" daemon [_thread_blocked, id=4164, stack(0x677af000,0x67800000)]
  0x67a83c00 JavaThread "Reference Handler" daemon [_thread_blocked, id=4163, stack(0x6a72e000,0x6a77f000)]
  0xb6208400 JavaThread "main" [_thread_blocked, id=4131, stack(0xb63a9000,0xb63fa000)]

Other Threads:
=>0x67a81400 VMThread [stack: 0x67b4d000,0x67bce000] [id=4162]
  0x67af0800 WatcherThread [stack: 0x6723f000,0x672c0000] [id=4176]

VM state:at safepoint (normal execution)

VM Mutex/Monitor currently owned by a thread:  ([mutex/lock_event])
[0xb6205e30] Threads_lock - owner thread: 0x67a81400
[0xb6206240] Heap_lock - owner thread: 0x67145c00

Heap
 PSYoungGen      total 149248K, used 18161K [0x9dbc0000, 0xa8140000, 0xb3140000)
  eden space 131072K, 0% used [0x9dbc0000,0x9dbc0000,0xa5bc0000)
  from space 18176K, 99% used [0xa5bc0000,0xa6d7c670,0xa6d80000)
  to   space 16128K, 0% used [0xa6d80000,0xa6d80000,0xa7d40000)
 ParOldGen       total 43008K, used 39605K [0x73140000, 0x75b40000, 0x9dbc0000)
  object space 43008K, 92% used [0x73140000,0x757ed7e8,0x75b40000)
 PSPermGen       total 16384K, used 4348K [0x6b140000, 0x6c140000, 0x73140000)
  object space 16384K, 26% used [0x6b140000,0x6b57f100,0x6c140000)

Card table byte_map: [0x6aeff000,0x6b140000] byte_map_base: 0x6aba6600

Polling page: 0xb7730000

Code Cache  [0xb3200000, 0xb3440000, 0xb6200000)
 total_blobs=553 nmethods=430 adapters=76 free_code_cache=47547Kb largest_free_block=48654016

Compilation events (10 events):
Event: 24.264 Thread 0x67aeb400 nmethod 443 0xb329fe88 code [0xb329ffe0, 0xb32a0390]
Event: 24.264 Thread 0x67aeb400  444             com.android.dx.ssa.SsaBasicBlock::scheduleMovesFromPhis (108 bytes)
Event: 24.264 Thread 0x67aeb400 nmethod 444 0xb32ec308 code [0xb32ec400, 0xb32ec490]
Event: 24.264 Thread 0x67aeb400  445             com.android.dx.ssa.SsaMethod::returnSpareRegisters (6 bytes)
Event: 24.265 Thread 0x67aeb400 nmethod 445 0xb32ed008 code [0xb32ed0e0, 0xb32ed130]
Event: 24.265 Thread 0x67aeb400  446             com.android.dx.cf.code.BaseMachine::getLocalTarget (151 bytes)
Event: 24.327 Thread 0x67aeb400 nmethod 446 0xb329e948 code [0xb329eb00, 0xb329f264]
Event: 24.327 Thread 0x67aeb400  447             com.android.dx.ssa.SCCP::simulatePhiBlock (50 bytes)
Event: 24.494 Thread 0x67aeb400 nmethod 447 0xb3396d08 code [0xb3396f00, 0xb3397cfc]
Event: 24.494 Thread 0x67aeb400  448             com.android.dx.ssa.DeadCodeRemover::isCircularNoSideEffect (140 bytes)

GC Heap History (10 events):
Event: 2.086 GC heap after
Heap after GC invocations=2 (full 0):
 PSYoungGen      total 35840K, used 2556K [0x9dbc0000, 0xa0140000, 0xb3140000)
  eden space 33280K, 0% used [0x9dbc0000,0x9dbc0000,0x9fc40000)
  from space 2560K, 99% used [0x9fec0000,0xa013f170,0xa0140000)
  to   space 2560K, 0% used [0x9fc40000,0x9fc40000,0x9fec0000)
 ParOldGen       total 43008K, used 2058K [0x73140000, 0x75b40000, 0x9dbc0000)
  object space 43008K, 4% used [0x73140000,0x73342858,0x75b40000)
 PSPermGen       total 16384K, used 4121K [0x6b140000, 0x6c140000, 0x73140000)
  object space 16384K, 25% used [0x6b140000,0x6b5464f8,0x6c140000)
}
Event: 4.258 GC heap before
{Heap before GC invocations=3 (full 0):
 PSYoungGen      total 35840K, used 35836K [0x9dbc0000, 0xa0140000, 0xb3140000)
  eden space 33280K, 100% used [0x9dbc0000,0x9fc40000,0x9fc40000)
  from space 2560K, 99% used [0x9fec0000,0xa013f170,0xa0140000)
  to   space 2560K, 0% used [0x9fc40000,0x9fc40000,0x9fec0000)
 ParOldGen       total 43008K, used 2058K [0x73140000, 0x75b40000, 0x9dbc0000)
  object space 43008K, 4% used [0x73140000,0x73342858,0x75b40000)
 PSPermGen       total 16384K, used 4234K [0x6b140000, 0x6c140000, 0x73140000)
  object space 16384K, 25% used [0x6b140000,0x6b562820,0x6c140000)
Event: 4.332 GC heap after
Heap after GC invocations=3 (full 0):
 PSYoungGen      total 35840K, used 2558K [0x9dbc0000, 0xa21c0000, 0xb3140000)
  eden space 33280K, 0% used [0x9dbc0000,0x9dbc0000,0x9fc40000)
  from space 2560K, 99% used [0x9fc40000,0x9febf920,0x9fec0000)
  to   space 2560K, 0% used [0xa1f40000,0xa1f40000,0xa21c0000)
 ParOldGen       total 43008K, used 7647K [0x73140000, 0x75b40000, 0x9dbc0000)
  object space 43008K, 17% used [0x73140000,0x738b7fc0,0x75b40000)
 PSPermGen       total 16384K, used 4234K [0x6b140000, 0x6c140000, 0x73140000)
  object space 16384K, 25% used [0x6b140000,0x6b562820,0x6c140000)
}
Event: 6.758 GC heap before
{Heap before GC invocations=4 (full 0):
 PSYoungGen      total 35840K, used 35838K [0x9dbc0000, 0xa21c0000, 0xb3140000)
  eden space 33280K, 100% used [0x9dbc0000,0x9fc40000,0x9fc40000)
  from space 2560K, 99% used [0x9fc40000,0x9febf920,0x9fec0000)
  to   space 2560K, 0% used [0xa1f40000,0xa1f40000,0xa21c0000)
 ParOldGen       total 43008K, used 7647K [0x73140000, 0x75b40000, 0x9dbc0000)
  object space 43008K, 17% used [0x73140000,0x738b7fc0,0x75b40000)
 PSPermGen       total 16384K, used 4255K [0x6b140000, 0x6c140000, 0x73140000)
  object space 16384K, 25% used [0x6b140000,0x6b567c40,0x6c140000)
Event: 6.860 GC heap after
Heap after GC invocations=4 (full 0):
 PSYoungGen      total 69120K, used 2552K [0x9dbc0000, 0xa21c0000, 0xb3140000)
  eden space 66560K, 0% used [0x9dbc0000,0x9dbc0000,0xa1cc0000)
  from space 2560K, 99% used [0xa1f40000,0xa21be198,0xa21c0000)
  to   space 2560K, 0% used [0xa1cc0000,0xa1cc0000,0xa1f40000)
 ParOldGen       total 43008K, used 14120K [0x73140000, 0x75b40000, 0x9dbc0000)
  object space 43008K, 32% used [0x73140000,0x73f0a380,0x75b40000)
 PSPermGen       total 16384K, used 4255K [0x6b140000, 0x6c140000, 0x73140000)
  object space 16384K, 25% used [0x6b140000,0x6b567c40,0x6c140000)
}
Event: 13.759 GC heap before
{Heap before GC invocations=5 (full 0):
 PSYoungGen      total 69120K, used 69112K [0x9dbc0000, 0xa21c0000, 0xb3140000)
  eden space 66560K, 100% used [0x9dbc0000,0xa1cc0000,0xa1cc0000)
  from space 2560K, 99% used [0xa1f40000,0xa21be198,0xa21c0000)
  to   space 2560K, 0% used [0xa1cc0000,0xa1cc0000,0xa1f40000)
 ParOldGen       total 43008K, used 14120K [0x73140000, 0x75b40000, 0x9dbc0000)
  object space 43008K, 32% used [0x73140000,0x73f0a380,0x75b40000)
 PSPermGen       total 16384K, used 4284K [0x6b140000, 0x6c140000, 0x73140000)
  object space 16384K, 26% used [0x6b140000,0x6b56f0b8,0x6c140000)
Event: 13.870 GC heap after
Heap after GC invocations=5 (full 0):
 PSYoungGen      total 69120K, used 2544K [0x9dbc0000, 0xa7d40000, 0xb3140000)
  eden space 66560K, 0% used [0x9dbc0000,0x9dbc0000,0xa1cc0000)
  from space 2560K, 99% used [0xa1cc0000,0xa1f3c138,0xa1f40000)
  to   space 16128K, 0% used [0xa6d80000,0xa6d80000,0xa7d40000)
 ParOldGen       total 43008K, used 24919K [0x73140000, 0x75b40000, 0x9dbc0000)
  object space 43008K, 57% used [0x73140000,0x74995f70,0x75b40000)
 PSPermGen       total 16384K, used 4284K [0x6b140000, 0x6c140000, 0x73140000)
  object space 16384K, 26% used [0x6b140000,0x6b56f0b8,0x6c140000)
}
Event: 18.431 GC heap before
{Heap before GC invocations=6 (full 0):
 PSYoungGen      total 69120K, used 69104K [0x9dbc0000, 0xa7d40000, 0xb3140000)
  eden space 66560K, 100% used [0x9dbc0000,0xa1cc0000,0xa1cc0000)
  from space 2560K, 99% used [0xa1cc0000,0xa1f3c138,0xa1f40000)
  to   space 16128K, 0% used [0xa6d80000,0xa6d80000,0xa7d40000)
 ParOldGen       total 43008K, used 24919K [0x73140000, 0x75b40000, 0x9dbc0000)
  object space 43008K, 57% used [0x73140000,0x74995f70,0x75b40000)
 PSPermGen       total 16384K, used 4300K [0x6b140000, 0x6c140000, 0x73140000)
  object space 16384K, 26% used [0x6b140000,0x6b573180,0x6c140000)
Event: 18.607 GC heap after
Heap after GC invocations=6 (full 0):
 PSYoungGen      total 147200K, used 13432K [0x9dbc0000, 0xa8140000, 0xb3140000)
  eden space 131072K, 0% used [0x9dbc0000,0x9dbc0000,0xa5bc0000)
  from space 16128K, 83% used [0xa6d80000,0xa7a9e118,0xa7d40000)
  to   space 18176K, 0% used [0xa5bc0000,0xa5bc0000,0xa6d80000)
 ParOldGen       total 43008K, used 24919K [0x73140000, 0x75b40000, 0x9dbc0000)
  object space 43008K, 57% used [0x73140000,0x74995f70,0x75b40000)
 PSPermGen       total 16384K, used 4300K [0x6b140000, 0x6c140000, 0x73140000)
  object space 16384K, 26% used [0x6b140000,0x6b573180,0x6c140000)
}
Event: 24.550 GC heap before
{Heap before GC invocations=7 (full 0):
 PSYoungGen      total 147200K, used 144504K [0x9dbc0000, 0xa8140000, 0xb3140000)
  eden space 131072K, 100% used [0x9dbc0000,0xa5bc0000,0xa5bc0000)
  from space 16128K, 83% used [0xa6d80000,0xa7a9e118,0xa7d40000)
  to   space 18176K, 0% used [0xa5bc0000,0xa5bc0000,0xa6d80000)
 ParOldGen       total 43008K, used 24919K [0x73140000, 0x75b40000, 0x9dbc0000)
  object space 43008K, 57% used [0x73140000,0x74995f70,0x75b40000)
 PSPermGen       total 16384K, used 4348K [0x6b140000, 0x6c140000, 0x73140000)
  object space 16384K, 26% used [0x6b140000,0x6b57f100,0x6c140000)

Deoptimization events (10 events):
Event: 12.416 Thread 0xb6208400 Uncommon trap: reason=unstable_if action=reinterpret pc=0xb32b9730 method=com.android.dx.ssa.SCCP.simulateBranch(Lcom/android/dx/ssa/SsaInsn;)V @ 548
Event: 13.059 Thread 0x67144c00 Uncommon trap: reason=null_check action=make_not_entrant pc=0xb32ecabc method=com.android.dx.cf.code.Ropper$CatchInfo.getSetup(Lcom/android/dx/rop/type/Type;)Lcom/android/dx/cf/code/Ropper$ExceptionHandlerSetup; @ 10
Event: 17.453 Thread 0x67145c00 Uncommon trap: reason=unstable_if action=reinterpret pc=0xb32a0274 method=java.util.BitSet.ensureCapacity(I)V @ 6
Event: 19.583 Thread 0x6713fc00 Uncommon trap: reason=unstable_if action=reinterpret pc=0xb32a9acc method=com.android.dx.ssa.Dominators.run()V @ 346
Event: 20.462 Thread 0x67144c00 Uncommon trap: reason=unstable_if action=reinterpret pc=0xb32893d4 method=com.android.dx.ssa.SCCP.simulateStmt(Lcom/android/dx/ssa/SsaInsn;)V @ 59
Event: 20.622 Thread 0x67145c00 Uncommon trap: reason=bimorphic action=maybe_recompile pc=0xb335597c method=com.android.dx.cf.code.BytecodeArray.parseInstruction(ILcom/android/dx/cf/code/BytecodeArray$Visitor;)I @ 1357
Event: 20.623 Thread 0x67145c00 Uncommon trap: reason=bimorphic action=maybe_recompile pc=0xb335597c method=com.android.dx.cf.code.BytecodeArray.parseInstruction(ILcom/android/dx/cf/code/BytecodeArray$Visitor;)I @ 1357
Event: 21.818 Thread 0x67147800 Uncommon trap: reason=bimorphic action=maybe_recompile pc=0xb33550f8 method=com.android.dx.cf.code.BytecodeArray.parseInstruction(ILcom/android/dx/cf/code/BytecodeArray$Visitor;)I @ 971
Event: 21.818 Thread 0x67147800 Uncommon trap: reason=bimorphic action=maybe_recompile pc=0xb33550f8 method=com.android.dx.cf.code.BytecodeArray.parseInstruction(ILcom/android/dx/cf/code/BytecodeArray$Visitor;)I @ 971
Event: 24.425 Thread 0x67144c00 Uncommon trap: reason=null_check action=make_not_entrant pc=0xb337c0e4 method=com.android.dx.rop.cst.CstType.intern(Lcom/android/dx/rop/type/Type;)Lcom/android/dx/rop/cst/CstType; @ 13

Internal exceptions (10 events):
Event: 1.724 Thread 0xb6208400 Threw 0x9e7f3d80 at /build/openjdk-7-PdBaKN/openjdk-7-7u91-2.6.3/build/openjdk/hotspot/src/share/vm/prims/jvm.cpp:1322
Event: 2.100 Thread 0x6713fc00 Threw 0x9dcc1aa0 at /build/openjdk-7-PdBaKN/openjdk-7-7u91-2.6.3/build/openjdk/hotspot/src/share/vm/prims/jvm.cpp:1322
Event: 2.696 Thread 0xb6208400 Implicit null exception at 0xb3277fa2 to 0xb327852d
Event: 3.681 Thread 0xb6208400 Threw 0x9f46e8f8 at /build/openjdk-7-PdBaKN/openjdk-7-7u91-2.6.3/build/openjdk/hotspot/src/share/vm/prims/jvm.cpp:1322
Event: 3.797 Thread 0xb6208400 Threw 0x9f4c4718 at /build/openjdk-7-PdBaKN/openjdk-7-7u91-2.6.3/build/openjdk/hotspot/src/share/vm/prims/jvm.cpp:1322
Event: 5.192 Thread 0x67144c00 Implicit null exception at 0xb329bf5d to 0xb329d1e9
Event: 5.649 Thread 0x67145c00 Threw 0x9ee24260 at /build/openjdk-7-PdBaKN/openjdk-7-7u91-2.6.3/build/openjdk/hotspot/src/share/vm/prims/jvm.cpp:1322
Event: 13.059 Thread 0x67144c00 Implicit null exception at 0xb32e9a2c to 0xb32eca91
Event: 14.817 Thread 0xb6208400 Threw 0x9e762ed0 at /build/openjdk-7-PdBaKN/openjdk-7-7u91-2.6.3/build/openjdk/hotspot/src/share/vm/prims/jvm.cpp:1322
Event: 24.404 Thread 0x67144c00 Implicit null exception at 0xb337ac44 to 0xb337c0d9

Events (10 events):
Event: 21.818 Thread 0x67147800 DEOPT PACKING pc=0xb33550f8 sp=0x66912ac0
Event: 21.818 Thread 0x67147800 DEOPT UNPACKING pc=0xb322cbc8 sp=0x66912ac4 mode 2
Event: 21.818 Thread 0x67147800 Uncommon trap: trap_request=0xffffffc6 fr.pc=0xb33550f8
Event: 21.818 Thread 0x67147800 DEOPT PACKING pc=0xb33550f8 sp=0x66912ab0
Event: 21.818 Thread 0x67147800 DEOPT UNPACKING pc=0xb322cbc8 sp=0x66912ab4 mode 2
Event: 23.724 Thread 0x67aeb400 flushing nmethod 0xb329e848
Event: 24.404 Thread 0x67144c00 Uncommon trap: trap_request=0xfffffff4 fr.pc=0xb337c0e4
Event: 24.425 Thread 0x67144c00 DEOPT PACKING pc=0xb337c0e4 sp=0x669b4b00
Event: 24.425 Thread 0x67144c00 DEOPT UNPACKING pc=0xb322cbc8 sp=0x669b4a9c mode 2
Event: 24.517 Executing VM operation: ParallelGCFailedAllocation


Dynamic libraries:
08048000-08049000 r-xp 00000000 08:01 804961     /usr/lib/jvm/java-7-openjdk-i386/jre/bin/java
08049000-0804a000 r--p 00000000 08:01 804961     /usr/lib/jvm/java-7-openjdk-i386/jre/bin/java
0804a000-0804b000 rw-p 00001000 08:01 804961     /usr/lib/jvm/java-7-openjdk-i386/jre/bin/java
09add000-09b17000 rw-p 00000000 00:00 0          [heap]
64c00000-64ce9000 rw-p 00000000 00:00 0 
64ce9000-64d00000 ---p 00000000 00:00 0 
64e00000-64efb000 rw-p 00000000 00:00 0 
64efb000-64f00000 ---p 00000000 00:00 0 
64f00000-64ff1000 rw-p 00000000 00:00 0 
64ff1000-65000000 ---p 00000000 00:00 0 
65000000-650f5000 rw-p 00000000 00:00 0 
650f5000-65100000 ---p 00000000 00:00 0 
65100000-651e7000 rw-p 00000000 00:00 0 
651e7000-65200000 ---p 00000000 00:00 0 
65200000-652cd000 rw-p 00000000 00:00 0 
652cd000-65300000 ---p 00000000 00:00 0 
65300000-653fd000 rw-p 00000000 00:00 0 
653fd000-65400000 ---p 00000000 00:00 0 
65500000-655f9000 rw-p 00000000 00:00 0 
655f9000-65600000 ---p 00000000 00:00 0 
65600000-656f1000 rw-p 00000000 00:00 0 
656f1000-65700000 ---p 00000000 00:00 0 
65700000-657ef000 rw-p 00000000 00:00 0 
657ef000-65800000 ---p 00000000 00:00 0 
65800000-658f4000 rw-p 00000000 00:00 0 
658f4000-65900000 ---p 00000000 00:00 0 
65900000-659f5000 rw-p 00000000 00:00 0 
659f5000-65a00000 ---p 00000000 00:00 0 
65a00000-65afa000 rw-p 00000000 00:00 0 
65afa000-65b00000 ---p 00000000 00:00 0 
65b00000-65bf8000 rw-p 00000000 00:00 0 
65bf8000-65c00000 ---p 00000000 00:00 0 
65d00000-65dfe000 rw-p 00000000 00:00 0 
65dfe000-65e00000 ---p 00000000 00:00 0 
65f00000-65fff000 rw-p 00000000 00:00 0 
65fff000-66000000 ---p 00000000 00:00 0 
66100000-661fe000 rw-p 00000000 00:00 0 
661fe000-66200000 ---p 00000000 00:00 0 
66300000-663ff000 rw-p 00000000 00:00 0 
663ff000-66400000 ---p 00000000 00:00 0 
66500000-665fa000 rw-p 00000000 00:00 0 
665fa000-66600000 ---p 00000000 00:00 0 
66600000-666fb000 rw-p 00000000 00:00 0 
666fb000-66700000 ---p 00000000 00:00 0 
66700000-667fd000 rw-p 00000000 00:00 0 
667fd000-66800000 ---p 00000000 00:00 0 
668c3000-668c6000 ---p 00000000 00:00 0 
668c6000-66914000 rw-p 00000000 00:00 0          [stack:4204]
66914000-66917000 ---p 00000000 00:00 0 
66917000-66965000 rw-p 00000000 00:00 0          [stack:4203]
66965000-66968000 ---p 00000000 00:00 0 
66968000-669b6000 rw-p 00000000 00:00 0          [stack:4202]
669b6000-669b9000 ---p 00000000 00:00 0 
669b9000-66a07000 rw-p 00000000 00:00 0          [stack:4201]
66a07000-66a0a000 ---p 00000000 00:00 0 
66a0a000-66c19000 rw-p 00000000 00:00 0          [stack:4200]
66c19000-66d3f000 r-xp 00000000 08:01 394573     /lib/i386-linux-gnu/libglib-2.0.so.0.4400.0
66d3f000-66d40000 r--p 00125000 08:01 394573     /lib/i386-linux-gnu/libglib-2.0.so.0.4400.0
66d40000-66d41000 rw-p 00126000 08:01 394573     /lib/i386-linux-gnu/libglib-2.0.so.0.4400.0
66d41000-66efa000 r-xp 00000000 08:01 137357     /usr/lib/i386-linux-gnu/libgio-2.0.so.0.4400.0
66efa000-66efd000 r--p 001b8000 08:01 137357     /usr/lib/i386-linux-gnu/libgio-2.0.so.0.4400.0
66efd000-66eff000 rw-p 001bb000 08:01 137357     /usr/lib/i386-linux-gnu/libgio-2.0.so.0.4400.0
66eff000-66f00000 rw-p 00000000 00:00 0 
66f00000-67000000 rw-p 00000000 00:00 0 
67018000-67088000 r-xp 00000000 08:01 394656     /lib/i386-linux-gnu/libpcre.so.3.13.1
67088000-67089000 r--p 0006f000 08:01 394656     /lib/i386-linux-gnu/libpcre.so.3.13.1
67089000-6708a000 rw-p 00070000 08:01 394656     /lib/i386-linux-gnu/libpcre.so.3.13.1
6708a000-6709e000 r-xp 00000000 08:01 394679     /lib/i386-linux-gnu/libresolv-2.21.so
6709e000-670a0000 r--p 00013000 08:01 394679     /lib/i386-linux-gnu/libresolv-2.21.so
670a0000-670a1000 rw-p 00015000 08:01 394679     /lib/i386-linux-gnu/libresolv-2.21.so
670a1000-670a3000 rw-p 00000000 00:00 0 
670a3000-670fe000 r-xp 00000000 08:01 137385     /usr/lib/i386-linux-gnu/libgobject-2.0.so.0.4400.0
670fe000-670ff000 r--p 0005b000 08:01 137385     /usr/lib/i386-linux-gnu/libgobject-2.0.so.0.4400.0
670ff000-67100000 rw-p 0005c000 08:01 137385     /usr/lib/i386-linux-gnu/libgobject-2.0.so.0.4400.0
67100000-67181000 rw-p 00000000 00:00 0 
67181000-67200000 ---p 00000000 00:00 0 
67201000-67225000 r-xp 00000000 08:01 394683     /lib/i386-linux-gnu/libselinux.so.1
67225000-67226000 r--p 00024000 08:01 394683     /lib/i386-linux-gnu/libselinux.so.1
67226000-67227000 rw-p 00025000 08:01 394683     /lib/i386-linux-gnu/libselinux.so.1
67227000-67228000 rw-p 00000000 00:00 0 
6723f000-67240000 ---p 00000000 00:00 0 
67240000-672c0000 rw-p 00000000 00:00 0          [stack:4176]
672c0000-672c3000 ---p 00000000 00:00 0 
672c3000-67311000 rw-p 00000000 00:00 0          [stack:4175]
67311000-67314000 ---p 00000000 00:00 0 
67314000-67392000 rw-p 00000000 00:00 0          [stack:4174]
67392000-67395000 ---p 00000000 00:00 0 
67395000-67413000 rw-p 00000000 00:00 0          [stack:4173]
67413000-6755a000 r-xp 00000000 08:01 136931     /usr/lib/i386-linux-gnu/libX11.so.6.3.0
6755a000-6755b000 r--p 00146000 08:01 136931     /usr/lib/i386-linux-gnu/libX11.so.6.3.0
6755b000-6755d000 rw-p 00147000 08:01 136931     /usr/lib/i386-linux-gnu/libX11.so.6.3.0
6755d000-6755e000 rw-p 00000000 00:00 0 
6755e000-67561000 ---p 00000000 00:00 0 
67561000-675af000 rw-p 00000000 00:00 0          [stack:4168]
675af000-677af000 r--p 00000000 08:01 143362     /usr/lib/locale/locale-archive
677af000-677b2000 ---p 00000000 00:00 0 
677b2000-67800000 rw-p 00000000 00:00 0          [stack:4164]
67800000-678fa000 rw-p 00000000 00:00 0 
678fa000-67900000 ---p 00000000 00:00 0 
67900000-67921000 rw-p 00000000 00:00 0 
67921000-67a00000 ---p 00000000 00:00 0 
67a00000-67b00000 rw-p 00000000 00:00 0 
67b08000-67b0f000 r-xp 00000000 08:01 137254     /usr/lib/i386-linux-gnu/libffi.so.6.0.4
67b0f000-67b11000 r--p 00006000 08:01 137254     /usr/lib/i386-linux-gnu/libffi.so.6.0.4
67b11000-67b12000 rw-p 00008000 08:01 137254     /usr/lib/i386-linux-gnu/libffi.so.6.0.4
67b12000-67b29000 r-xp 00000000 08:01 805027     /usr/lib/jvm/java-7-openjdk-i386/jre/lib/i386/libnet.so
67b29000-67b2a000 r--p 00016000 08:01 805027     /usr/lib/jvm/java-7-openjdk-i386/jre/lib/i386/libnet.so
67b2a000-67b2b000 rw-p 00017000 08:01 805027     /usr/lib/jvm/java-7-openjdk-i386/jre/lib/i386/libnet.so
67b2b000-67b4b000 r-xp 00000000 08:01 138125     /usr/lib/i386-linux-gnu/libxcb.so.1.1.0
67b4b000-67b4c000 r--p 0001f000 08:01 138125     /usr/lib/i386-linux-gnu/libxcb.so.1.1.0
67b4c000-67b4d000 rw-p 00020000 08:01 138125     /usr/lib/i386-linux-gnu/libxcb.so.1.1.0
67b4d000-67b4e000 ---p 00000000 00:00 0 
67b4e000-67bce000 rw-p 00000000 00:00 0          [stack:4162]
67bce000-67d80000 r--s 01d2e000 08:01 804984     /usr/lib/jvm/java-7-openjdk-i386/jre/lib/rt.jar
67d80000-6a600000 rw-p 00000000 00:00 0 
6a600000-6a6f7000 rw-p 00000000 00:00 0 
6a6f7000-6a700000 ---p 00000000 00:00 0 
6a707000-6a717000 r-xp 00000000 08:01 804991     /usr/lib/jvm/java-7-openjdk-i386/jre/lib/i386/libnio.so
6a717000-6a718000 r--p 00010000 08:01 804991     /usr/lib/jvm/java-7-openjdk-i386/jre/lib/i386/libnio.so
6a718000-6a719000 rw-p 00011000 08:01 804991     /usr/lib/jvm/java-7-openjdk-i386/jre/lib/i386/libnio.so
6a719000-6a72e000 r--s 000e5000 08:01 947900     /home/student/test/HealthyBit/app/build/intermediates/exploded-aar/com.android.support/support-v4/23.1.1/jars/classes.jar
6a72e000-6a731000 ---p 00000000 00:00 0 
6a731000-6a77f000 rw-p 00000000 00:00 0          [stack:4163]
6a77f000-6a780000 ---p 00000000 00:00 0 
6a780000-6a800000 rw-p 00000000 00:00 0          [stack:4152]
6a800000-6a821000 rw-p 00000000 00:00 0 
6a821000-6a900000 ---p 00000000 00:00 0 
6a900000-6a921000 rw-p 00000000 00:00 0 
6a921000-6aa00000 ---p 00000000 00:00 0 
6aa09000-6aa0c000 r-xp 00000000 08:01 137371     /usr/lib/i386-linux-gnu/libgmodule-2.0.so.0.4400.0
6aa0c000-6aa0d000 r--p 00002000 08:01 137371     /usr/lib/i386-linux-gnu/libgmodule-2.0.so.0.4400.0
6aa0d000-6aa0e000 rw-p 00003000 08:01 137371     /usr/lib/i386-linux-gnu/libgmodule-2.0.so.0.4400.0
6aa0e000-6aa13000 r-xp 00000000 08:01 136946     /usr/lib/i386-linux-gnu/libXdmcp.so.6.0.0
6aa13000-6aa14000 r--p 00004000 08:01 136946     /usr/lib/i386-linux-gnu/libXdmcp.so.6.0.0
6aa14000-6aa15000 rw-p 00005000 08:01 136946     /usr/lib/i386-linux-gnu/libXdmcp.so.6.0.0
6aa15000-6aa24000 r--s 000df000 08:01 1062595    /home/student/Android/Sdk/build-tools/23.0.3/lib/dx.jar
6aa24000-6aa7f000 rw-p 00000000 00:00 0 
6aa7f000-6aa80000 ---p 00000000 00:00 0 
6aa80000-6ab00000 rw-p 00000000 00:00 0          [stack:4150]
6ab00000-6ab3e000 rw-p 00000000 00:00 0 
6ab3e000-6ac00000 ---p 00000000 00:00 0 
6ac03000-6ac67000 rw-p 00000000 00:00 0 
6ac67000-6ac68000 ---p 00000000 00:00 0 
6ac68000-6ace8000 rw-p 00000000 00:00 0          [stack:4147]
6ace8000-6ace9000 ---p 00000000 00:00 0 
6ace9000-6ad71000 rw-p 00000000 00:00 0          [stack:4144]
6ad71000-6ada9000 rw-p 00000000 00:00 0 
6ada9000-6adbe000 rw-p 00000000 00:00 0 
6adbe000-6aeff000 rw-p 00000000 00:00 0 
6aeff000-6af07000 rw-p 00000000 00:00 0 
6af07000-6af3f000 rw-p 00000000 00:00 0 
6af3f000-6af54000 rw-p 00000000 00:00 0 
6af54000-6b094000 rw-p 00000000 00:00 0 
6b094000-6b0e7000 rw-p 00000000 00:00 0 
6b0e7000-6b13f000 rw-p 00000000 00:00 0 
6b13f000-6c140000 rw-p 00000000 00:00 0 
6c140000-73140000 rw-p 00000000 00:00 0 
73140000-75b40000 rw-p 00000000 00:00 0 
75b40000-9dbc0000 rw-p 00000000 00:00 0 
9dbc0000-a8140000 rw-p 00000000 00:00 0 
b14c0000-b3140000 rw-p 00000000 00:00 0 
b3140000-b3149000 rw-p 00000000 00:00 0 
b3149000-b3200000 rw-p 00000000 00:00 0 
b3200000-b3440000 rwxp 00000000 00:00 0 
b3440000-b6300000 rw-p 00000000 00:00 0 
b6300000-b6302000 r-xp 00000000 08:01 136935     /usr/lib/i386-linux-gnu/libXau.so.6.0.0
b6302000-b6303000 r--p 00001000 08:01 136935     /usr/lib/i386-linux-gnu/libXau.so.6.0.0
b6303000-b6304000 rw-p 00002000 08:01 136935     /usr/lib/i386-linux-gnu/libXau.so.6.0.0
b6304000-b6306000 r-xp 00000000 08:01 141618     /usr/lib/jayatana/libjayatanaag.so
b6306000-b6307000 r--p 00001000 08:01 141618     /usr/lib/jayatana/libjayatanaag.so
b6307000-b6308000 rw-p 00002000 08:01 141618     /usr/lib/jayatana/libjayatanaag.so
b6308000-b6309000 r--s 00000000 08:01 414147     /usr/share/java/jayatanaag.jar
b6309000-b630d000 r--s 00085000 08:01 804976     /usr/lib/jvm/java-7-openjdk-i386/jre/lib/ext/localedata.jar
b630d000-b6311000 r--s 00034000 08:01 804978     /usr/lib/jvm/java-7-openjdk-i386/jre/lib/ext/sunjce_provider.jar
b6311000-b6315000 r--s 0003c000 08:01 804979     /usr/lib/jvm/java-7-openjdk-i386/jre/lib/ext/sunpkcs11.jar
b6315000-b6321000 r-xp 00000000 08:01 394626     /lib/i386-linux-gnu/libnss_files-2.21.so
b6321000-b6322000 r--p 0000b000 08:01 394626     /lib/i386-linux-gnu/libnss_files-2.21.so
b6322000-b6323000 rw-p 0000c000 08:01 394626     /lib/i386-linux-gnu/libnss_files-2.21.so
b6323000-b632e000 r-xp 00000000 08:01 394636     /lib/i386-linux-gnu/libnss_nis-2.21.so
b632e000-b632f000 r--p 0000a000 08:01 394636     /lib/i386-linux-gnu/libnss_nis-2.21.so
b632f000-b6330000 rw-p 0000b000 08:01 394636     /lib/i386-linux-gnu/libnss_nis-2.21.so
b6330000-b6347000 r-xp 00000000 08:01 394620     /lib/i386-linux-gnu/libnsl-2.21.so
b6347000-b6348000 r--p 00016000 08:01 394620     /lib/i386-linux-gnu/libnsl-2.21.so
b6348000-b6349000 rw-p 00017000 08:01 394620     /lib/i386-linux-gnu/libnsl-2.21.so
b6349000-b634b000 rw-p 00000000 00:00 0 
b634b000-b6353000 r-xp 00000000 08:01 394622     /lib/i386-linux-gnu/libnss_compat-2.21.so
b6353000-b6354000 r--p 00007000 08:01 394622     /lib/i386-linux-gnu/libnss_compat-2.21.so
b6354000-b6355000 rw-p 00008000 08:01 394622     /lib/i386-linux-gnu/libnss_compat-2.21.so
b6355000-b6358000 r--s 0000f000 08:01 804977     /usr/lib/jvm/java-7-openjdk-i386/jre/lib/ext/icedtea-sound.jar
b6358000-b635a000 r--s 00012000 08:01 804975     /usr/lib/jvm/java-7-openjdk-i386/jre/lib/ext/zipfs.jar
b635a000-b6362000 r-xp 00000000 08:01 804995     /usr/lib/jvm/java-7-openjdk-i386/jre/lib/i386/libzip.so
b6362000-b6363000 r--p 00007000 08:01 804995     /usr/lib/jvm/java-7-openjdk-i386/jre/lib/i386/libzip.so
b6363000-b6364000 rw-p 00008000 08:01 804995     /usr/lib/jvm/java-7-openjdk-i386/jre/lib/i386/libzip.so
b6364000-b636c000 rw-s 00000000 08:01 429745     /tmp/hsperfdata_student/4124
b636c000-b6376000 r-xp 00000000 08:01 805017     /usr/lib/jvm/java-7-openjdk-i386/jre/lib/i386/libinstrument.so
b6376000-b6377000 r--p 00009000 08:01 805017     /usr/lib/jvm/java-7-openjdk-i386/jre/lib/i386/libinstrument.so
b6377000-b6378000 rw-p 0000a000 08:01 805017     /usr/lib/jvm/java-7-openjdk-i386/jre/lib/i386/libinstrument.so
b6378000-b639e000 r-xp 00000000 08:01 805003     /usr/lib/jvm/java-7-openjdk-i386/jre/lib/i386/libjava.so
b639e000-b639f000 r--p 00025000 08:01 805003     /usr/lib/jvm/java-7-openjdk-i386/jre/lib/i386/libjava.so
b639f000-b63a0000 rw-p 00026000 08:01 805003     /usr/lib/jvm/java-7-openjdk-i386/jre/lib/i386/libjava.so
b63a0000-b63a7000 r-xp 00000000 08:01 394681     /lib/i386-linux-gnu/librt-2.21.so
b63a7000-b63a8000 r--p 00006000 08:01 394681     /lib/i386-linux-gnu/librt-2.21.so
b63a8000-b63a9000 rw-p 00007000 08:01 394681     /lib/i386-linux-gnu/librt-2.21.so
b63a9000-b63ac000 ---p 00000000 00:00 0 
b63ac000-b63fa000 rw-p 00000000 00:00 0          [stack:4131]
b63fa000-b6416000 r-xp 00000000 08:01 394569     /lib/i386-linux-gnu/libgcc_s.so.1
b6416000-b6417000 rw-p 0001b000 08:01 394569     /lib/i386-linux-gnu/libgcc_s.so.1
b6417000-b6462000 r-xp 00000000 08:01 394599     /lib/i386-linux-gnu/libm-2.21.so
b6462000-b6463000 r--p 0004a000 08:01 394599     /lib/i386-linux-gnu/libm-2.21.so
b6463000-b6464000 rw-p 0004b000 08:01 394599     /lib/i386-linux-gnu/libm-2.21.so
b6464000-b654d000 r-xp 00000000 08:01 137921     /usr/lib/i386-linux-gnu/libstdc++.so.6.0.20
b654d000-b6551000 r--p 000e9000 08:01 137921     /usr/lib/i386-linux-gnu/libstdc++.so.6.0.20
b6551000-b6552000 rw-p 000ed000 08:01 137921     /usr/lib/i386-linux-gnu/libstdc++.so.6.0.20
b6552000-b6559000 rw-p 00000000 00:00 0 
b6559000-b70ac000 r-xp 00000000 08:01 805013     /usr/lib/jvm/java-7-openjdk-i386/jre/lib/i386/server/libjvm.so
b70ac000-b7100000 r--p 00b52000 08:01 805013     /usr/lib/jvm/java-7-openjdk-i386/jre/lib/i386/server/libjvm.so
b7100000-b7114000 rw-p 00ba6000 08:01 805013     /usr/lib/jvm/java-7-openjdk-i386/jre/lib/i386/server/libjvm.so
b7114000-b7533000 rw-p 00000000 00:00 0 
b7533000-b754c000 r-xp 00000000 08:01 394714     /lib/i386-linux-gnu/libz.so.1.2.8
b754c000-b754d000 r--p 00019000 08:01 394714     /lib/i386-linux-gnu/libz.so.1.2.8
b754d000-b754e000 rw-p 0001a000 08:01 394714     /lib/i386-linux-gnu/libz.so.1.2.8
b754e000-b7567000 r-xp 00000000 08:01 394673     /lib/i386-linux-gnu/libpthread-2.21.so
b7567000-b7568000 r--p 00018000 08:01 394673     /lib/i386-linux-gnu/libpthread-2.21.so
b7568000-b7569000 rw-p 00019000 08:01 394673     /lib/i386-linux-gnu/libpthread-2.21.so
b7569000-b756b000 rw-p 00000000 00:00 0 
b756b000-b756e000 r-xp 00000000 08:01 394557     /lib/i386-linux-gnu/libdl-2.21.so
b756e000-b756f000 r--p 00002000 08:01 394557     /lib/i386-linux-gnu/libdl-2.21.so
b756f000-b7570000 rw-p 00003000 08:01 394557     /lib/i386-linux-gnu/libdl-2.21.so
b7570000-b7724000 r-xp 00000000 08:01 394540     /lib/i386-linux-gnu/libc-2.21.so
b7724000-b7727000 r--p 001b3000 08:01 394540     /lib/i386-linux-gnu/libc-2.21.so
b7727000-b7729000 rw-p 001b6000 08:01 394540     /lib/i386-linux-gnu/libc-2.21.so
b7729000-b772b000 rw-p 00000000 00:00 0 
b772b000-b772c000 r--s 00002000 08:01 804980     /usr/lib/jvm/java-7-openjdk-i386/jre/lib/ext/dnsns.jar
b772c000-b772e000 r--s 00006000 08:01 399091     /usr/share/java/java-atk-wrapper.jar
b772e000-b772f000 r--p 005e0000 08:01 143362     /usr/lib/locale/locale-archive
b772f000-b7730000 rw-p 00000000 00:00 0 
b7730000-b7731000 ---p 00000000 00:00 0 
b7731000-b773f000 r-xp 00000000 08:01 805022     /usr/lib/jvm/java-7-openjdk-i386/jre/lib/i386/libverify.so
b773f000-b7741000 r--p 0000d000 08:01 805022     /usr/lib/jvm/java-7-openjdk-i386/jre/lib/i386/libverify.so
b7741000-b7742000 rw-p 0000f000 08:01 805022     /usr/lib/jvm/java-7-openjdk-i386/jre/lib/i386/libverify.so
b7742000-b774e000 r-xp 00000000 08:01 805024     /usr/lib/jvm/java-7-openjdk-i386/jre/lib/i386/jli/libjli.so
b774e000-b774f000 r--p 0000b000 08:01 805024     /usr/lib/jvm/java-7-openjdk-i386/jre/lib/i386/jli/libjli.so
b774f000-b7750000 rw-p 0000c000 08:01 805024     /usr/lib/jvm/java-7-openjdk-i386/jre/lib/i386/jli/libjli.so
b7750000-b7753000 rw-p 00000000 00:00 0 
b7753000-b7755000 r--p 00000000 00:00 0          [vvar]
b7755000-b7756000 r-xp 00000000 00:00 0          [vdso]
b7756000-b7778000 r-xp 00000000 08:01 394512     /lib/i386-linux-gnu/ld-2.21.so
b7778000-b7779000 r--p 00021000 08:01 394512     /lib/i386-linux-gnu/ld-2.21.so
b7779000-b777a000 rw-p 00022000 08:01 394512     /lib/i386-linux-gnu/ld-2.21.so
bf801000-bf802000 rwxp 00000000 00:00 0 
bf833000-bf855000 rw-p 00000000 00:00 0          [stack]

VM Arguments:
jvm_args: -javaagent:/usr/share/java/jayatanaag.jar -Djava.awt.headless=true -Xmx1024M -Dfile.encoding=UTF-8 -Duser.country=US -Duser.language=en -Duser.variant 
java_command: com.android.dx.command.Main --dex --num-threads=4 --multi-dex --output /home/student/test/HealthyBit/app/build/intermediates/transforms/dex/debug/folders/1000/10/com.android.support-support-v4-23.1.1_30ce719122a5f019622bd4167c7cc6cd84f7fd07 /home/student/test/HealthyBit/app/build/intermediates/exploded-aar/com.android.support/support-v4/23.1.1/jars/classes.jar
Launcher Type: SUN_STANDARD

Environment Variables:
JAVA_TOOL_OPTIONS=-javaagent:/usr/share/java/jayatanaag.jar 
PATH=/home/student/.linuxbrew/bin:/usr/local/sbin:/usr/local/bin:/usr/sbin:/usr/bin:/sbin:/bin:/usr/games:/usr/local/games:/etc/android-studio/bin/:/home/student/Android/Sdk/platform-tools:/home/student/Android/Sdk/tools
LD_LIBRARY_PATH=/etc/android-studio/bin:
SHELL=/bin/bash
DISPLAY=:0

Signal Handlers:
SIGSEGV: [libjvm.so+0x7f7d00], sa_mask[0]=0x7ffbfeff, sa_flags=0x10000004
SIGBUS: [libjvm.so+0x7f7d00], sa_mask[0]=0x7ffbfeff, sa_flags=0x10000004
SIGFPE: [libjvm.so+0x67a9d0], sa_mask[0]=0x7ffbfeff, sa_flags=0x10000004
SIGPIPE: [libjvm.so+0x67a9d0], sa_mask[0]=0x7ffbfeff, sa_flags=0x10000004
SIGXFSZ: [libjvm.so+0x67a9d0], sa_mask[0]=0x7ffbfeff, sa_flags=0x10000004
SIGILL: [libjvm.so+0x67a9d0], sa_mask[0]=0x7ffbfeff, sa_flags=0x10000004
SIGUSR1: SIG_DFL, sa_mask[0]=0x00000000, sa_flags=0x00000000
SIGUSR2: [libjvm.so+0x67a820], sa_mask[0]=0x00000004, sa_flags=0x10000004
SIGHUP: [libjvm.so+0x67aa80], sa_mask[0]=0x7ffbfeff, sa_flags=0x10000004
SIGINT: [libjvm.so+0x67aa80], sa_mask[0]=0x7ffbfeff, sa_flags=0x10000004
SIGTERM: [libjvm.so+0x67aa80], sa_mask[0]=0x7ffbfeff, sa_flags=0x10000004
SIGQUIT: [libjvm.so+0x67aa80], sa_mask[0]=0x7ffbfeff, sa_flags=0x10000004
SIGTRAP: SIG_DFL, sa_mask[0]=0x00000000, sa_flags=0x00000000


---------------  S Y S T E M  ---------------

OS:Ubuntu 15.04 (vivid)
uname:Linux 3.19.0-18-generic #18-Ubuntu SMP Tue May 19 18:30:59 UTC 2015 i686
libc:glibc 2.21 NPTL 2.21 
rlimit: STACK 8192k, CORE 0k, NPROC 32177, NOFILE 65536, AS infinity
load average:12.06 5.53 2.97

/proc/meminfo:
MemTotal:        4139540 kB
MemFree:          266536 kB
MemAvailable:     196528 kB
Buffers:            2428 kB
Cached:            63572 kB
SwapCached:            0 kB
Active:          3470152 kB
Inactive:          52840 kB
Active(anon):    3458996 kB
Inactive(anon):    37904 kB
Active(file):      11156 kB
Inactive(file):    14936 kB
Unevictable:          32 kB
Mlocked:              32 kB
HighTotal:       3280776 kB
HighFree:          75044 kB
LowTotal:         858764 kB
LowFree:          191492 kB
SwapTotal:             0 kB
SwapFree:              0 kB
Dirty:               136 kB
Writeback:             0 kB
AnonPages:       3457856 kB
Mapped:            43144 kB
Shmem:             39076 kB
Slab:              48984 kB
SReclaimable:      23208 kB
SUnreclaim:        25776 kB
KernelStack:        5272 kB
PageTables:        14940 kB
NFS_Unstable:          0 kB
Bounce:                0 kB
WritebackTmp:          0 kB
CommitLimit:     2069768 kB
Committed_AS:    6262396 kB
VmallocTotal:     122880 kB
VmallocUsed:       23416 kB
VmallocChunk:      49124 kB
AnonHugePages:   2621440 kB
CmaTotal:              0 kB
CmaFree:               0 kB
HugePages_Total:       0
HugePages_Free:        0
HugePages_Rsvd:        0
HugePages_Surp:        0
Hugepagesize:       2048 kB
DirectMap4k:       61432 kB
DirectMap2M:      851968 kB


CPU:total 4 (1 cores per cpu, 1 threads per core) family 6 model 58 stepping 9, cmov, cx8, fxsr, mmx, sse, sse2, sse3, ssse3, sse4.1, sse4.2, popcnt, avx, aes, erms, tsc, tscinvbit, tscinv

/proc/cpuinfo:
processor	: 0
vendor_id	: GenuineIntel
cpu family	: 6
model		: 58
model name	: Intel(R) Core(TM) i5-3210M CPU @ 2.50GHz
stepping	: 9
microcode	: 0x15
cpu MHz		: 2494.111
cache size	: 3072 KB
physical id	: 0
siblings	: 1
core id		: 0
cpu cores	: 1
apicid		: 0
initial apicid	: 0
fdiv_bug	: no
f00f_bug	: no
coma_bug	: no
fpu		: yes
fpu_exception	: yes
cpuid level	: 13
wp		: yes
flags		: fpu vme de pse tsc msr pae mce cx8 apic sep mtrr pge mca cmov pat pse36 clflush dts mmx fxsr sse sse2 ss nx rdtscp lm constant_tsc arch_perfmon pebs bts xtopology tsc_reliable nonstop_tsc aperfmperf pni pclmulqdq ssse3 cx16 pcid sse4_1 sse4_2 x2apic popcnt tsc_deadline_timer aes xsave avx f16c rdrand hypervisor lahf_lm ida arat epb pln pts dtherm fsgsbase tsc_adjust smep
bugs		:
bogomips	: 4988.22
clflush size	: 64
cache_alignment	: 64
address sizes	: 42 bits physical, 48 bits virtual
power management:

processor	: 1
vendor_id	: GenuineIntel
cpu family	: 6
model		: 58
model name	: Intel(R) Core(TM) i5-3210M CPU @ 2.50GHz
stepping	: 9
microcode	: 0x15
cpu MHz		: 2494.111
cache size	: 3072 KB
physical id	: 2
siblings	: 1
core id		: 0
cpu cores	: 1
apicid		: 2
initial apicid	: 2
fdiv_bug	: no
f00f_bug	: no
coma_bug	: no
fpu		: yes
fpu_exception	: yes
cpuid level	: 13
wp		: yes
flags		: fpu vme de pse tsc msr pae mce cx8 apic sep mtrr pge mca cmov pat pse36 clflush dts mmx fxsr sse sse2 ss nx rdtscp lm constant_tsc arch_perfmon pebs bts xtopology tsc_reliable nonstop_tsc aperfmperf pni pclmulqdq ssse3 cx16 pcid sse4_1 sse4_2 x2apic popcnt tsc_deadline_timer aes xsave avx f16c rdrand hypervisor lahf_lm ida arat epb pln pts dtherm fsgsbase tsc_adjust smep
bugs		:
bogomips	: 4988.22
clflush size	: 64
cache_alignment	: 64
address sizes	: 42 bits physical, 48 bits virtual
power management:

processor	: 2
vendor_id	: GenuineIntel
cpu family	: 6
model		: 58
model name	: Intel(R) Core(TM) i5-3210M CPU @ 2.50GHz
stepping	: 9
microcode	: 0x15
cpu MHz		: 2494.111
cache size	: 3072 KB
physical id	: 4
siblings	: 1
core id		: 0
cpu cores	: 1
apicid		: 4
initial apicid	: 4
fdiv_bug	: no
f00f_bug	: no
coma_bug	: no
fpu		: yes
fpu_exception	: yes
cpuid level	: 13
wp		: yes
flags		: fpu vme de pse tsc msr pae mce cx8 apic sep mtrr pge mca cmov pat pse36 clflush dts mmx fxsr sse sse2 ss nx rdtscp lm constant_tsc arch_perfmon pebs bts xtopology tsc_reliable nonstop_tsc aperfmperf pni pclmulqdq ssse3 cx16 pcid sse4_1 sse4_2 x2apic popcnt tsc_deadline_timer aes xsave avx f16c rdrand hypervisor lahf_lm ida arat epb pln pts dtherm fsgsbase tsc_adjust smep
bugs		:
bogomips	: 4988.22
clflush size	: 64
cache_alignment	: 64
address sizes	: 42 bits physical, 48 bits virtual
power management:

processor	: 3
vendor_id	: GenuineIntel
cpu family	: 6
model		: 58
model name	: Intel(R) Core(TM) i5-3210M CPU @ 2.50GHz
stepping	: 9
microcode	: 0x15
cpu MHz		: 2494.111
cache size	: 3072 KB
physical id	: 6
siblings	: 1
core id		: 0
cpu cores	: 1
apicid		: 6
initial apicid	: 6
fdiv_bug	: no
f00f_bug	: no
coma_bug	: no
fpu		: yes
fpu_exception	: yes
cpuid level	: 13
wp		: yes
flags		: fpu vme de pse tsc msr pae mce cx8 apic sep mtrr pge mca cmov pat pse36 clflush dts mmx fxsr sse sse2 ss nx rdtscp lm constant_tsc arch_perfmon pebs bts xtopology tsc_reliable nonstop_tsc aperfmperf pni pclmulqdq ssse3 cx16 pcid sse4_1 sse4_2 x2apic popcnt tsc_deadline_timer aes xsave avx f16c rdrand hypervisor lahf_lm ida arat epb pln pts dtherm fsgsbase tsc_adjust smep
bugs		:
bogomips	: 4988.22
clflush size	: 64
cache_alignment	: 64
address sizes	: 42 bits physical, 48 bits virtual
power management:



Memory: 4k page, physical 4139540k(266536k free), swap 0k(0k free)

vm_info: OpenJDK Server VM (24.91-b01) for linux-x86 JRE (1.7.0_91-b02), built on Nov 19 2015 06:25:06 by "buildd" with gcc 4.9.2

time: Tue May  3 15:53:10 2016
elapsed time: 24 seconds

