#
# There is insufficient memory for the Java Runtime Environment to continue.
# Native memory allocation (malloc) failed to allocate 64749568 bytes for committing reserved memory.
# Possible reasons:
#   The system is out of physical RAM or swap space
#   In 32 bit mode, the process size limit was hit
# Possible solutions:
#   Reduce memory load on the system
#   Increase physical memory or swap space
#   Check if swap backing store is full
#   Use 64 bit Java on a 64 bit OS
#   Decrease Java heap size (-Xmx/-Xms)
#   Decrease number of Java threads
#   Decrease Java thread stack sizes (-Xss)
#   Set larger code cache with -XX:ReservedCodeCacheSize=
# This output file may be truncated or incomplete.
#
#  Out of Memory Error (os_linux.cpp:2827), pid=3286, tid=1740430144
#
# JRE version: OpenJDK Runtime Environment (7.0_91-b02) (build 1.7.0_91-b02)
# Java VM: OpenJDK Server VM (24.91-b01 mixed mode linux-x86 )
# Derivative: IcedTea 2.6.3
# Distribution: Ubuntu 15.04, package 7u91-2.6.3-0ubuntu0.15.04.1
# Failed to write core dump. Core dumps have been disabled. To enable core dumping, try "ulimit -c unlimited" before starting Java again
#

---------------  T H R E A D  ---------------

Current thread (0x67a81400):  VMThread [stack: 0x67b4d000,0x67bce000] [id=3296]

Stack: [0x67b4d000,0x67bce000]
VM_Operation (0xb643b7d4): ParallelGCFailedAllocation, mode: safepoint, requested by thread 0xb6208400


---------------  P R O C E S S  ---------------

Java Threads: ( => current thread )
  0x6716cc00 JavaThread "pool-2-thread-4" [_thread_blocked, id=3308, stack(0x668a2000,0x668f3000)]
  0x6716bc00 JavaThread "pool-2-thread-3" [_thread_blocked, id=3307, stack(0x668f3000,0x66944000)]
  0x6716a800 JavaThread "pool-2-thread-2" [_thread_blocked, id=3306, stack(0x66944000,0x66995000)]
  0x67168400 JavaThread "pool-3-thread-1" [_thread_blocked, id=3305, stack(0x66995000,0x669e6000)]
  0x67167400 JavaThread "pool-2-thread-1" [_thread_blocked, id=3304, stack(0x67002000,0x67053000)]
  0x67aed800 JavaThread "Service Thread" daemon [_thread_blocked, id=3302, stack(0x672c0000,0x67311000)]
  0x67aebc00 JavaThread "C2 CompilerThread1" daemon [_thread_blocked, id=3301, stack(0x67311000,0x67392000)]
  0x67aea400 JavaThread "C2 CompilerThread0" daemon [_thread_blocked, id=3300, stack(0x67392000,0x67413000)]
  0x67a97400 JavaThread "Signal Dispatcher" daemon [_thread_blocked, id=3299, stack(0x6755e000,0x675af000)]
  0x67a85800 JavaThread "Finalizer" daemon [_thread_blocked, id=3298, stack(0x677af000,0x67800000)]
  0x67a83c00 JavaThread "Reference Handler" daemon [_thread_blocked, id=3297, stack(0x6a72e000,0x6a77f000)]
  0xb6208400 JavaThread "main" [_thread_blocked, id=3288, stack(0xb63ec000,0xb643d000)]

Other Threads:
=>0x67a81400 VMThread [stack: 0x67b4d000,0x67bce000] [id=3296]
  0x67aef800 WatcherThread [stack: 0x6723f000,0x672c0000] [id=3303]

VM state:at safepoint (normal execution)

VM Mutex/Monitor currently owned by a thread:  ([mutex/lock_event])
[0xb6205908] ExpandHeap_lock - owner thread: 0x67a81400
[0xb6205e50] Threads_lock - owner thread: 0x67a81400
[0xb6206260] Heap_lock - owner thread: 0xb6208400

Heap
 PSYoungGen      total 270336K, used 38122K [0x9dbc0000, 0xb3140000, 0xb3140000)
  eden space 227840K, 0% used [0x9dbc0000,0x9dbc0000,0xaba40000)
  from space 42496K, 89% used [0xb07c0000,0xb2cfa9a8,0xb3140000)
  to   space 60928K, 0% used [0xaba40000,0xaba40000,0xaf5c0000)
 ParOldGen       total 84736K, used 84676K [0x73140000, 0x78400000, 0x9dbc0000)
  object space 84736K, 99% used [0x73140000,0x783f1310,0x78400000)
 PSPermGen       total 16384K, used 4403K [0x6b140000, 0x6c140000, 0x73140000)
  object space 16384K, 26% used [0x6b140000,0x6b58cd68,0x6c140000)

Card table byte_map: [0x6aeff000,0x6b140000] byte_map_base: 0x6aba6600

Polling page: 0xb7773000

Code Cache  [0xb3200000, 0xb3550000, 0xb6200000)
 total_blobs=1097 nmethods=974 adapters=76 free_code_cache=45831Kb largest_free_block=46877120

Compilation events (10 events):
Event: 13.109 Thread 0x67aebc00 nmethod 1001 0xb3500288 code [0xb3500380, 0xb350041c]
Event: 13.109 Thread 0x67aebc00 1002             com.android.dx.dex.cf.AttributeTranslator::getAnnotations0 (62 bytes)
Event: 13.121 Thread 0x67aebc00 nmethod 1002 0xb34ff448 code [0xb34ff5c0, 0xb34ffbe4]
Event: 13.121 Thread 0x67aebc00 1003             com.android.dx.dex.cf.AttributeTranslator::getAnnotations (22 bytes)
Event: 13.130 Thread 0x67aebc00 nmethod 1003 0xb352c008 code [0xb352c180, 0xb352c598]
Event: 13.130 Thread 0x67aebc00 1004             com.android.dx.dex.cf.AttributeTranslator::getSignature (26 bytes)
Event: 13.135 Thread 0x67aebc00 nmethod 1004 0xb352b908 code [0xb352ba40, 0xb352bcfc]
Event: 13.135 Thread 0x67aebc00 1005             com.android.dx.rop.code.ThrowingInsn::withNewRegisters (21 bytes)
Event: 13.137 Thread 0x67aebc00 nmethod 1005 0xb34fefc8 code [0xb34ff0e0, 0xb34ff270]
Event: 13.137 Thread 0x67aebc00 1006   !         com.android.dx.cf.code.Ropper::processBlock (1101 bytes)

GC Heap History (10 events):
Event: 7.288 GC heap after
Heap after GC invocations=7 (full 0):
 PSYoungGen      total 147200K, used 16881K [0x9dbc0000, 0xb1140000, 0xb3140000)
  eden space 130304K, 0% used [0x9dbc0000,0x9dbc0000,0xa5b00000)
  from space 16896K, 99% used [0xa5b00000,0xa6b7c4d0,0xa6b80000)
  to   space 28160K, 0% used [0xaf5c0000,0xaf5c0000,0xb1140000)
 ParOldGen       total 43008K, used 32789K [0x73140000, 0x75b40000, 0x9dbc0000)
  object space 43008K, 76% used [0x73140000,0x751454d8,0x75b40000)
 PSPermGen       total 16384K, used 4363K [0x6b140000, 0x6c140000, 0x73140000)
  object space 16384K, 26% used [0x6b140000,0x6b582f30,0x6c140000)
}
Event: 7.288 GC heap before
{Heap before GC invocations=8 (full 1):
 PSYoungGen      total 147200K, used 16881K [0x9dbc0000, 0xb1140000, 0xb3140000)
  eden space 130304K, 0% used [0x9dbc0000,0x9dbc0000,0xa5b00000)
  from space 16896K, 99% used [0xa5b00000,0xa6b7c4d0,0xa6b80000)
  to   space 28160K, 0% used [0xaf5c0000,0xaf5c0000,0xb1140000)
 ParOldGen       total 43008K, used 32789K [0x73140000, 0x75b40000, 0x9dbc0000)
  object space 43008K, 76% used [0x73140000,0x751454d8,0x75b40000)
 PSPermGen       total 16384K, used 4363K [0x6b140000, 0x6c140000, 0x73140000)
  object space 16384K, 26% used [0x6b140000,0x6b582f30,0x6c140000)
Event: 7.630 GC heap after
Heap after GC invocations=8 (full 1):
 PSYoungGen      total 147200K, used 3555K [0x9dbc0000, 0xb1140000, 0xb3140000)
  eden space 130304K, 0% used [0x9dbc0000,0x9dbc0000,0xa5b00000)
  from space 16896K, 21% used [0xa5b00000,0xa5e78f18,0xa6b80000)
  to   space 28160K, 0% used [0xaf5c0000,0xaf5c0000,0xb1140000)
 ParOldGen       total 84736K, used 42877K [0x73140000, 0x78400000, 0x9dbc0000)
  object space 84736K, 50% used [0x73140000,0x75b1f4d8,0x78400000)
 PSPermGen       total 16384K, used 4361K [0x6b140000, 0x6c140000, 0x73140000)
  object space 16384K, 26% used [0x6b140000,0x6b582520,0x6c140000)
}
Event: 9.397 GC heap before
{Heap before GC invocations=9 (full 1):
 PSYoungGen      total 147200K, used 133859K [0x9dbc0000, 0xb1140000, 0xb3140000)
  eden space 130304K, 100% used [0x9dbc0000,0xa5b00000,0xa5b00000)
  from space 16896K, 21% used [0xa5b00000,0xa5e78f18,0xa6b80000)
  to   space 28160K, 0% used [0xaf5c0000,0xaf5c0000,0xb1140000)
 ParOldGen       total 84736K, used 42877K [0x73140000, 0x78400000, 0x9dbc0000)
  object space 84736K, 50% used [0x73140000,0x75b1f4d8,0x78400000)
 PSPermGen       total 16384K, used 4371K [0x6b140000, 0x6c140000, 0x73140000)
  object space 16384K, 26% used [0x6b140000,0x6b584c70,0x6c140000)
Event: 9.491 GC heap after
Heap after GC invocations=9 (full 1):
 PSYoungGen      total 210432K, used 23560K [0x9dbc0000, 0xb0d00000, 0xb3140000)
  eden space 186624K, 0% used [0x9dbc0000,0x9dbc0000,0xa9200000)
  from space 23808K, 98% used [0xaf5c0000,0xb0cc20f8,0xb0d00000)
  to   space 31744K, 0% used [0xacf00000,0xacf00000,0xaee00000)
 ParOldGen       total 84736K, used 42877K [0x73140000, 0x78400000, 0x9dbc0000)
  object space 84736K, 50% used [0x73140000,0x75b1f4d8,0x78400000)
 PSPermGen       total 16384K, used 4371K [0x6b140000, 0x6c140000, 0x73140000)
  object space 16384K, 26% used [0x6b140000,0x6b584c70,0x6c140000)
}
Event: 10.711 GC heap before
{Heap before GC invocations=10 (full 1):
 PSYoungGen      total 210432K, used 210184K [0x9dbc0000, 0xb0d00000, 0xb3140000)
  eden space 186624K, 100% used [0x9dbc0000,0xa9200000,0xa9200000)
  from space 23808K, 98% used [0xaf5c0000,0xb0cc20f8,0xb0d00000)
  to   space 31744K, 0% used [0xacf00000,0xacf00000,0xaee00000)
 ParOldGen       total 84736K, used 42877K [0x73140000, 0x78400000, 0x9dbc0000)
  object space 84736K, 50% used [0x73140000,0x75b1f4d8,0x78400000)
 PSPermGen       total 16384K, used 4384K [0x6b140000, 0x6c140000, 0x73140000)
  object space 16384K, 26% used [0x6b140000,0x6b5881e8,0x6c140000)
Event: 11.258 GC heap after
Heap after GC invocations=10 (full 1):
 PSYoungGen      total 280832K, used 31735K [0x9dbc0000, 0xb3140000, 0xb3140000)
  eden space 249088K, 0% used [0x9dbc0000,0x9dbc0000,0xacf00000)
  from space 31744K, 99% used [0xacf00000,0xaedfdf40,0xaee00000)
  to   space 42496K, 0% used [0xb07c0000,0xb07c0000,0xb3140000)
 ParOldGen       total 84736K, used 54941K [0x73140000, 0x78400000, 0x9dbc0000)
  object space 84736K, 64% used [0x73140000,0x766e7680,0x78400000)
 PSPermGen       total 16384K, used 4384K [0x6b140000, 0x6c140000, 0x73140000)
  object space 16384K, 26% used [0x6b140000,0x6b5881e8,0x6c140000)
}
Event: 13.245 GC heap before
{Heap before GC invocations=11 (full 1):
 PSYoungGen      total 280832K, used 280823K [0x9dbc0000, 0xb3140000, 0xb3140000)
  eden space 249088K, 100% used [0x9dbc0000,0xacf00000,0xacf00000)
  from space 31744K, 99% used [0xacf00000,0xaedfdf40,0xaee00000)
  to   space 42496K, 0% used [0xb07c0000,0xb07c0000,0xb3140000)
 ParOldGen       total 84736K, used 54941K [0x73140000, 0x78400000, 0x9dbc0000)
  object space 84736K, 64% used [0x73140000,0x766e7680,0x78400000)
 PSPermGen       total 16384K, used 4403K [0x6b140000, 0x6c140000, 0x73140000)
  object space 16384K, 26% used [0x6b140000,0x6b58cf08,0x6c140000)
Event: 13.427 GC heap after
Heap after GC invocations=11 (full 1):
 PSYoungGen      total 270336K, used 42485K [0x9dbc0000, 0xb3140000, 0xb3140000)
  eden space 227840K, 0% used [0x9dbc0000,0x9dbc0000,0xaba40000)
  from space 42496K, 99% used [0xb07c0000,0xb313d448,0xb3140000)
  to   space 60928K, 0% used [0xaba40000,0xaba40000,0xaf5c0000)
 ParOldGen       total 84736K, used 84657K [0x73140000, 0x78400000, 0x9dbc0000)
  object space 84736K, 99% used [0x73140000,0x783ec6f8,0x78400000)
 PSPermGen       total 16384K, used 4403K [0x6b140000, 0x6c140000, 0x73140000)
  object space 16384K, 26% used [0x6b140000,0x6b58cf08,0x6c140000)
}
Event: 13.427 GC heap before
{Heap before GC invocations=12 (full 2):
 PSYoungGen      total 270336K, used 42485K [0x9dbc0000, 0xb3140000, 0xb3140000)
  eden space 227840K, 0% used [0x9dbc0000,0x9dbc0000,0xaba40000)
  from space 42496K, 99% used [0xb07c0000,0xb313d448,0xb3140000)
  to   space 60928K, 0% used [0xaba40000,0xaba40000,0xaf5c0000)
 ParOldGen       total 84736K, used 84657K [0x73140000, 0x78400000, 0x9dbc0000)
  object space 84736K, 99% used [0x73140000,0x783ec6f8,0x78400000)
 PSPermGen       total 16384K, used 4403K [0x6b140000, 0x6c140000, 0x73140000)
  object space 16384K, 26% used [0x6b140000,0x6b58cf08,0x6c140000)

Deoptimization events (10 events):
Event: 12.705 Thread 0x6716cc00 Uncommon trap: reason=class_check action=maybe_recompile pc=0xb3534748 method=com.android.dx.cf.code.Ropper.processBlock(Lcom/android/dx/cf/code/ByteBlock;Lcom/android/dx/cf/code/Frame;[I)V @ 711
Event: 12.705 Thread 0x6716cc00 Uncommon trap: reason=class_check action=maybe_recompile pc=0xb3534748 method=com.android.dx.cf.code.Ropper.processBlock(Lcom/android/dx/cf/code/ByteBlock;Lcom/android/dx/cf/code/Frame;[I)V @ 711
Event: 12.720 Thread 0x6716a800 Uncommon trap: reason=bimorphic action=maybe_recompile pc=0xb3287cc4 method=com.android.dx.ssa.LiteralOpUpgrader.tryReplacingWithConstant(Lcom/android/dx/ssa/NormalSsaInsn;)Z @ 62
Event: 12.720 Thread 0x6716a800 Uncommon trap: reason=unstable_if action=reinterpret pc=0xb349465c method=com.android.dx.ssa.LiteralOpUpgrader$1.visitNonMoveInsn(Lcom/android/dx/ssa/NormalSsaInsn;)V @ 24
Event: 12.725 Thread 0x6716a800 Uncommon trap: reason=bimorphic action=maybe_recompile pc=0xb3287cc4 method=com.android.dx.ssa.LiteralOpUpgrader.tryReplacingWithConstant(Lcom/android/dx/ssa/NormalSsaInsn;)Z @ 62
Event: 12.761 Thread 0x6716cc00 Uncommon trap: reason=unstable_if action=reinterpret pc=0xb33a219c method=com.android.dx.ssa.SsaMethod.makeExitBlock()V @ 103
Event: 12.762 Thread 0x6716cc00 Uncommon trap: reason=unstable_if action=reinterpret pc=0xb327a728 method=com.android.dx.ssa.SsaMethod.getExitBlock()Lcom/android/dx/ssa/SsaBasicBlock; @ 4
Event: 12.762 Thread 0x6716cc00 Uncommon trap: reason=unstable_if action=reinterpret pc=0xb32a0df0 method=com.android.dx.ssa.SsaMethod.getExitBlock()Lcom/android/dx/ssa/SsaBasicBlock; @ 4
Event: 12.762 Thread 0x6716cc00 Uncommon trap: reason=unstable_if action=reinterpret pc=0xb33c67d0 method=com.android.dx.ssa.SsaMethod.getExitBlock()Lcom/android/dx/ssa/SsaBasicBlock; @ 4
Event: 12.762 Thread 0x6716cc00 Uncommon trap: reason=unstable_if action=reinterpret pc=0xb33ea638 method=com.android.dx.ssa.SsaMethod.getExitBlock()Lcom/android/dx/ssa/SsaBasicBlock; @ 4

Internal exceptions (10 events):
Event: 2.575 Thread 0x6716bc00 Threw 0x9ff64020 at /build/openjdk-7-PdBaKN/openjdk-7-7u91-2.6.3/build/openjdk/hotspot/src/share/vm/prims/jvm.cpp:1322
Event: 4.387 Thread 0xb6208400 Threw 0x9fbfd480 at /build/openjdk-7-PdBaKN/openjdk-7-7u91-2.6.3/build/openjdk/hotspot/src/share/vm/prims/jvm.cpp:1322
Event: 4.698 Thread 0xb6208400 Threw 0xa0d9f018 at /build/openjdk-7-PdBaKN/openjdk-7-7u91-2.6.3/build/openjdk/hotspot/src/share/vm/prims/jvm.cpp:1322
Event: 5.317 Thread 0x6716bc00 Threw 0x9ed2e100 at /build/openjdk-7-PdBaKN/openjdk-7-7u91-2.6.3/build/openjdk/hotspot/src/share/vm/prims/jvm.cpp:1322
Event: 9.826 Thread 0xb6208400 Threw 0x9f95ce10 at /build/openjdk-7-PdBaKN/openjdk-7-7u91-2.6.3/build/openjdk/hotspot/src/share/vm/prims/jvm.cpp:1322
Event: 10.470 Thread 0x6716cc00 Implicit null exception at 0xb33d0736 to 0xb33d217d
Event: 11.313 Thread 0xb6208400 Implicit null exception at 0xb348a869 to 0xb348a901
Event: 11.855 Thread 0x6716bc00 Implicit null exception at 0xb34ee38c to 0xb34f0e49
Event: 12.280 Thread 0x6716a800 Implicit null exception at 0xb351da44 to 0xb351ea01
Event: 13.066 Thread 0x6716cc00 Threw 0xab70b848 at /build/openjdk-7-PdBaKN/openjdk-7-7u91-2.6.3/build/openjdk/hotspot/src/share/vm/prims/jvm.cpp:1322

Events (10 events):
Event: 12.762 Thread 0x6716cc00 DEOPT PACKING pc=0xb33c67d0 sp=0x668f1b50
Event: 12.762 Thread 0x6716cc00 DEOPT UNPACKING pc=0xb322cbc8 sp=0x668f1b5c mode 2
Event: 12.762 Thread 0x6716cc00 Uncommon trap: trap_request=0xffffff75 fr.pc=0xb33ea638
Event: 12.762 Thread 0x6716cc00 DEOPT PACKING pc=0xb33ea638 sp=0x668f1b20
Event: 12.762 Thread 0x6716cc00 DEOPT UNPACKING pc=0xb322cbc8 sp=0x668f1b04 mode 2
Event: 13.066 loading class 0x08e87ee8
Event: 13.066 loading class 0x08e87ee8 done
Event: 13.113 loading class 0x6ab59fa0
Event: 13.113 loading class 0x6ab59fa0 done
Event: 13.244 Executing VM operation: ParallelGCFailedAllocation


Dynamic libraries:
08048000-08049000 r-xp 00000000 08:01 804961     /usr/lib/jvm/java-7-openjdk-i386/jre/bin/java
08049000-0804a000 r--p 00000000 08:01 804961     /usr/lib/jvm/java-7-openjdk-i386/jre/bin/java
0804a000-0804b000 rw-p 00001000 08:01 804961     /usr/lib/jvm/java-7-openjdk-i386/jre/bin/java
08e7f000-08f74000 rw-p 00000000 00:00 0          [heap]
64c00000-64cb0000 rw-p 00000000 00:00 0 
64cb0000-64d00000 ---p 00000000 00:00 0 
64e00000-64ee8000 rw-p 00000000 00:00 0 
64ee8000-64f00000 ---p 00000000 00:00 0 
64f00000-64ffd000 rw-p 00000000 00:00 0 
64ffd000-65000000 ---p 00000000 00:00 0 
65000000-65100000 rw-p 00000000 00:00 0 
65100000-651fc000 rw-p 00000000 00:00 0 
651fc000-65200000 ---p 00000000 00:00 0 
65200000-652d2000 rw-p 00000000 00:00 0 
652d2000-65300000 ---p 00000000 00:00 0 
65300000-653fa000 rw-p 00000000 00:00 0 
653fa000-65400000 ---p 00000000 00:00 0 
65400000-654f9000 rw-p 00000000 00:00 0 
654f9000-65500000 ---p 00000000 00:00 0 
65500000-655f1000 rw-p 00000000 00:00 0 
655f1000-65600000 ---p 00000000 00:00 0 
65600000-656b6000 rw-p 00000000 00:00 0 
656b6000-65700000 ---p 00000000 00:00 0 
65700000-657ec000 rw-p 00000000 00:00 0 
657ec000-65800000 ---p 00000000 00:00 0 
65800000-65900000 rw-p 00000000 00:00 0 
65900000-65af9000 rw-p 00000000 00:00 0 
65af9000-65b00000 ---p 00000000 00:00 0 
65b00000-65bf9000 rw-p 00000000 00:00 0 
65bf9000-65c00000 ---p 00000000 00:00 0 
65c00000-65cfb000 rw-p 00000000 00:00 0 
65cfb000-65d00000 ---p 00000000 00:00 0 
65d00000-65df7000 rw-p 00000000 00:00 0 
65df7000-65e00000 ---p 00000000 00:00 0 
65e00000-65ef5000 rw-p 00000000 00:00 0 
65ef5000-65f00000 ---p 00000000 00:00 0 
65f00000-65ff1000 rw-p 00000000 00:00 0 
65ff1000-66000000 ---p 00000000 00:00 0 
66100000-661ff000 rw-p 00000000 00:00 0 
661ff000-66200000 ---p 00000000 00:00 0 
66200000-66300000 rw-p 00000000 00:00 0 
66300000-663fd000 rw-p 00000000 00:00 0 
663fd000-66400000 ---p 00000000 00:00 0 
66400000-664ff000 rw-p 00000000 00:00 0 
664ff000-66500000 ---p 00000000 00:00 0 
66500000-665ff000 rw-p 00000000 00:00 0 
665ff000-66600000 ---p 00000000 00:00 0 
66700000-667f2000 rw-p 00000000 00:00 0 
667f2000-66800000 ---p 00000000 00:00 0 
668a2000-668a5000 ---p 00000000 00:00 0 
668a5000-668f3000 rw-p 00000000 00:00 0          [stack:3308]
668f3000-668f6000 ---p 00000000 00:00 0 
668f6000-66944000 rw-p 00000000 00:00 0          [stack:3307]
66944000-66947000 ---p 00000000 00:00 0 
66947000-66995000 rw-p 00000000 00:00 0          [stack:3306]
66995000-66998000 ---p 00000000 00:00 0 
66998000-66ba7000 rw-p 00000000 00:00 0          [stack:3305]
66ba7000-66c17000 r-xp 00000000 08:01 394656     /lib/i386-linux-gnu/libpcre.so.3.13.1
66c17000-66c18000 r--p 0006f000 08:01 394656     /lib/i386-linux-gnu/libpcre.so.3.13.1
66c18000-66c19000 rw-p 00070000 08:01 394656     /lib/i386-linux-gnu/libpcre.so.3.13.1
66c19000-66d3f000 r-xp 00000000 08:01 394573     /lib/i386-linux-gnu/libglib-2.0.so.0.4400.0
66d3f000-66d40000 r--p 00125000 08:01 394573     /lib/i386-linux-gnu/libglib-2.0.so.0.4400.0
66d40000-66d41000 rw-p 00126000 08:01 394573     /lib/i386-linux-gnu/libglib-2.0.so.0.4400.0
66d41000-66efa000 r-xp 00000000 08:01 137357     /usr/lib/i386-linux-gnu/libgio-2.0.so.0.4400.0
66efa000-66efd000 r--p 001b8000 08:01 137357     /usr/lib/i386-linux-gnu/libgio-2.0.so.0.4400.0
66efd000-66eff000 rw-p 001bb000 08:01 137357     /usr/lib/i386-linux-gnu/libgio-2.0.so.0.4400.0
66eff000-66f00000 rw-p 00000000 00:00 0 
66f00000-66fe6000 rw-p 00000000 00:00 0 
66fe6000-67000000 ---p 00000000 00:00 0 
67002000-67005000 ---p 00000000 00:00 0 
67005000-67053000 rw-p 00000000 00:00 0          [stack:3304]
67053000-670ae000 r-xp 00000000 08:01 137385     /usr/lib/i386-linux-gnu/libgobject-2.0.so.0.4400.0
670ae000-670af000 r--p 0005b000 08:01 137385     /usr/lib/i386-linux-gnu/libgobject-2.0.so.0.4400.0
670af000-670b0000 rw-p 0005c000 08:01 137385     /usr/lib/i386-linux-gnu/libgobject-2.0.so.0.4400.0
670b0000-67100000 r--s 00382000 08:01 945545     /home/student/test/HealthyBit/app/build/intermediates/transforms/jarMerging/debug/jars/1/1f/combined.jar
67100000-671b8000 rw-p 00000000 00:00 0 
671b8000-67200000 ---p 00000000 00:00 0 
6723f000-67240000 ---p 00000000 00:00 0 
67240000-672c0000 rw-p 00000000 00:00 0          [stack:3303]
672c0000-672c3000 ---p 00000000 00:00 0 
672c3000-67311000 rw-p 00000000 00:00 0          [stack:3302]
67311000-67314000 ---p 00000000 00:00 0 
67314000-67392000 rw-p 00000000 00:00 0          [stack:3301]
67392000-67395000 ---p 00000000 00:00 0 
67395000-67413000 rw-p 00000000 00:00 0          [stack:3300]
67413000-6755a000 r-xp 00000000 08:01 136931     /usr/lib/i386-linux-gnu/libX11.so.6.3.0
6755a000-6755b000 r--p 00146000 08:01 136931     /usr/lib/i386-linux-gnu/libX11.so.6.3.0
6755b000-6755d000 rw-p 00147000 08:01 136931     /usr/lib/i386-linux-gnu/libX11.so.6.3.0
6755d000-6755e000 rw-p 00000000 00:00 0 
6755e000-67561000 ---p 00000000 00:00 0 
67561000-675af000 rw-p 00000000 00:00 0          [stack:3299]
675af000-677af000 r--p 00000000 08:01 143362     /usr/lib/locale/locale-archive
677af000-677b2000 ---p 00000000 00:00 0 
677b2000-67800000 rw-p 00000000 00:00 0          [stack:3298]
67800000-678f9000 rw-p 00000000 00:00 0 
678f9000-67900000 ---p 00000000 00:00 0 
67900000-67926000 rw-p 00000000 00:00 0 
67926000-67a00000 ---p 00000000 00:00 0 
67a00000-67b00000 rw-p 00000000 00:00 0 
67b0d000-67b21000 r-xp 00000000 08:01 394679     /lib/i386-linux-gnu/libresolv-2.21.so
67b21000-67b23000 r--p 00013000 08:01 394679     /lib/i386-linux-gnu/libresolv-2.21.so
67b23000-67b24000 rw-p 00015000 08:01 394679     /lib/i386-linux-gnu/libresolv-2.21.so
67b24000-67b26000 rw-p 00000000 00:00 0 
67b26000-67b4a000 r-xp 00000000 08:01 394683     /lib/i386-linux-gnu/libselinux.so.1
67b4a000-67b4b000 r--p 00024000 08:01 394683     /lib/i386-linux-gnu/libselinux.so.1
67b4b000-67b4c000 rw-p 00025000 08:01 394683     /lib/i386-linux-gnu/libselinux.so.1
67b4c000-67b4d000 rw-p 00000000 00:00 0 
67b4d000-67b4e000 ---p 00000000 00:00 0 
67b4e000-67bce000 rw-p 00000000 00:00 0          [stack:3296]
67bce000-67d80000 r--s 01d2e000 08:01 804984     /usr/lib/jvm/java-7-openjdk-i386/jre/lib/rt.jar
67d80000-6a600000 rw-p 00000000 00:00 0 
6a600000-6a6fe000 rw-p 00000000 00:00 0 
6a6fe000-6a700000 ---p 00000000 00:00 0 
6a702000-6a709000 r-xp 00000000 08:01 137254     /usr/lib/i386-linux-gnu/libffi.so.6.0.4
6a709000-6a70b000 r--p 00006000 08:01 137254     /usr/lib/i386-linux-gnu/libffi.so.6.0.4
6a70b000-6a70c000 rw-p 00008000 08:01 137254     /usr/lib/i386-linux-gnu/libffi.so.6.0.4
6a70c000-6a72c000 r-xp 00000000 08:01 138125     /usr/lib/i386-linux-gnu/libxcb.so.1.1.0
6a72c000-6a72d000 r--p 0001f000 08:01 138125     /usr/lib/i386-linux-gnu/libxcb.so.1.1.0
6a72d000-6a72e000 rw-p 00020000 08:01 138125     /usr/lib/i386-linux-gnu/libxcb.so.1.1.0
6a72e000-6a731000 ---p 00000000 00:00 0 
6a731000-6a77f000 rw-p 00000000 00:00 0          [stack:3297]
6a77f000-6a780000 ---p 00000000 00:00 0 
6a780000-6a800000 rw-p 00000000 00:00 0          [stack:3295]
6a800000-6a821000 rw-p 00000000 00:00 0 
6a821000-6a900000 ---p 00000000 00:00 0 
6a91d000-6a934000 r-xp 00000000 08:01 805027     /usr/lib/jvm/java-7-openjdk-i386/jre/lib/i386/libnet.so
6a934000-6a935000 r--p 00016000 08:01 805027     /usr/lib/jvm/java-7-openjdk-i386/jre/lib/i386/libnet.so
6a935000-6a936000 rw-p 00017000 08:01 805027     /usr/lib/jvm/java-7-openjdk-i386/jre/lib/i386/libnet.so
6a936000-6a97f000 rw-p 00000000 00:00 0 
6a97f000-6a980000 ---p 00000000 00:00 0 
6a980000-6aa00000 rw-p 00000000 00:00 0          [stack:3294]
6aa00000-6aa21000 rw-p 00000000 00:00 0 
6aa21000-6ab00000 ---p 00000000 00:00 0 
6ab03000-6ab13000 r-xp 00000000 08:01 804991     /usr/lib/jvm/java-7-openjdk-i386/jre/lib/i386/libnio.so
6ab13000-6ab14000 r--p 00010000 08:01 804991     /usr/lib/jvm/java-7-openjdk-i386/jre/lib/i386/libnio.so
6ab14000-6ab15000 rw-p 00011000 08:01 804991     /usr/lib/jvm/java-7-openjdk-i386/jre/lib/i386/libnio.so
6ab15000-6ab24000 r--s 000df000 08:01 1062595    /home/student/Android/Sdk/build-tools/23.0.3/lib/dx.jar
6ab24000-6ab7f000 rw-p 00000000 00:00 0 
6ab7f000-6ab80000 ---p 00000000 00:00 0 
6ab80000-6ac00000 rw-p 00000000 00:00 0          [stack:3293]
6ac00000-6ac25000 rw-p 00000000 00:00 0 
6ac25000-6ad00000 ---p 00000000 00:00 0 
6ad01000-6ad04000 r-xp 00000000 08:01 137371     /usr/lib/i386-linux-gnu/libgmodule-2.0.so.0.4400.0
6ad04000-6ad05000 r--p 00002000 08:01 137371     /usr/lib/i386-linux-gnu/libgmodule-2.0.so.0.4400.0
6ad05000-6ad06000 rw-p 00003000 08:01 137371     /usr/lib/i386-linux-gnu/libgmodule-2.0.so.0.4400.0
6ad06000-6ad0b000 r-xp 00000000 08:01 136946     /usr/lib/i386-linux-gnu/libXdmcp.so.6.0.0
6ad0b000-6ad0c000 r--p 00004000 08:01 136946     /usr/lib/i386-linux-gnu/libXdmcp.so.6.0.0
6ad0c000-6ad0d000 rw-p 00005000 08:01 136946     /usr/lib/i386-linux-gnu/libXdmcp.so.6.0.0
6ad0d000-6ad28000 rw-p 00000000 00:00 0 
6ad28000-6ad29000 ---p 00000000 00:00 0 
6ad29000-6add3000 rw-p 00000000 00:00 0          [stack:3292]
6add3000-6aeff000 rw-p 00000000 00:00 0 
6aeff000-6af07000 rw-p 00000000 00:00 0 
6af07000-6af3f000 rw-p 00000000 00:00 0 
6af3f000-6af69000 rw-p 00000000 00:00 0 
6af69000-6b094000 rw-p 00000000 00:00 0 
6b094000-6b13f000 rw-p 00000000 00:00 0 
6b13f000-6c140000 rw-p 00000000 00:00 0 
6c140000-73140000 rw-p 00000000 00:00 0 
73140000-78400000 rw-p 00000000 00:00 0 
7c1c0000-9dbc0000 rw-p 00000000 00:00 0 
9dbc0000-b3140000 rw-p 00000000 00:00 0 
b3140000-b314e000 rw-p 00000000 00:00 0 
b314e000-b3200000 rw-p 00000000 00:00 0 
b3200000-b3550000 rwxp 00000000 00:00 0 
b3550000-b6300000 rw-p 00000000 00:00 0 
b6303000-b6305000 r-xp 00000000 08:01 136935     /usr/lib/i386-linux-gnu/libXau.so.6.0.0
b6305000-b6306000 r--p 00001000 08:01 136935     /usr/lib/i386-linux-gnu/libXau.so.6.0.0
b6306000-b6307000 rw-p 00002000 08:01 136935     /usr/lib/i386-linux-gnu/libXau.so.6.0.0
b6307000-b6309000 r-xp 00000000 08:01 141618     /usr/lib/jayatana/libjayatanaag.so
b6309000-b630a000 r--p 00001000 08:01 141618     /usr/lib/jayatana/libjayatanaag.so
b630a000-b630b000 rw-p 00002000 08:01 141618     /usr/lib/jayatana/libjayatanaag.so
b630b000-b630c000 r--s 00000000 08:01 414147     /usr/share/java/jayatanaag.jar
b630c000-b6310000 r--s 00085000 08:01 804976     /usr/lib/jvm/java-7-openjdk-i386/jre/lib/ext/localedata.jar
b6310000-b6314000 r--s 00034000 08:01 804978     /usr/lib/jvm/java-7-openjdk-i386/jre/lib/ext/sunjce_provider.jar
b6314000-b6318000 r--s 0003c000 08:01 804979     /usr/lib/jvm/java-7-openjdk-i386/jre/lib/ext/sunpkcs11.jar
b6318000-b6320000 rw-p 00000000 00:00 0 
b6320000-b6358000 rw-p 00000000 00:00 0 
b6358000-b6364000 r-xp 00000000 08:01 394626     /lib/i386-linux-gnu/libnss_files-2.21.so
b6364000-b6365000 r--p 0000b000 08:01 394626     /lib/i386-linux-gnu/libnss_files-2.21.so
b6365000-b6366000 rw-p 0000c000 08:01 394626     /lib/i386-linux-gnu/libnss_files-2.21.so
b6366000-b6371000 r-xp 00000000 08:01 394636     /lib/i386-linux-gnu/libnss_nis-2.21.so
b6371000-b6372000 r--p 0000a000 08:01 394636     /lib/i386-linux-gnu/libnss_nis-2.21.so
b6372000-b6373000 rw-p 0000b000 08:01 394636     /lib/i386-linux-gnu/libnss_nis-2.21.so
b6373000-b638a000 r-xp 00000000 08:01 394620     /lib/i386-linux-gnu/libnsl-2.21.so
b638a000-b638b000 r--p 00016000 08:01 394620     /lib/i386-linux-gnu/libnsl-2.21.so
b638b000-b638c000 rw-p 00017000 08:01 394620     /lib/i386-linux-gnu/libnsl-2.21.so
b638c000-b638e000 rw-p 00000000 00:00 0 
b638e000-b6396000 r-xp 00000000 08:01 394622     /lib/i386-linux-gnu/libnss_compat-2.21.so
b6396000-b6397000 r--p 00007000 08:01 394622     /lib/i386-linux-gnu/libnss_compat-2.21.so
b6397000-b6398000 rw-p 00008000 08:01 394622     /lib/i386-linux-gnu/libnss_compat-2.21.so
b6398000-b639b000 r--s 0000f000 08:01 804977     /usr/lib/jvm/java-7-openjdk-i386/jre/lib/ext/icedtea-sound.jar
b639b000-b639d000 r--s 00012000 08:01 804975     /usr/lib/jvm/java-7-openjdk-i386/jre/lib/ext/zipfs.jar
b639d000-b63a5000 r-xp 00000000 08:01 804995     /usr/lib/jvm/java-7-openjdk-i386/jre/lib/i386/libzip.so
b63a5000-b63a6000 r--p 00007000 08:01 804995     /usr/lib/jvm/java-7-openjdk-i386/jre/lib/i386/libzip.so
b63a6000-b63a7000 rw-p 00008000 08:01 804995     /usr/lib/jvm/java-7-openjdk-i386/jre/lib/i386/libzip.so
b63a7000-b63af000 rw-s 00000000 08:01 429720     /tmp/hsperfdata_student/3286
b63af000-b63b9000 r-xp 00000000 08:01 805017     /usr/lib/jvm/java-7-openjdk-i386/jre/lib/i386/libinstrument.so
b63b9000-b63ba000 r--p 00009000 08:01 805017     /usr/lib/jvm/java-7-openjdk-i386/jre/lib/i386/libinstrument.so
b63ba000-b63bb000 rw-p 0000a000 08:01 805017     /usr/lib/jvm/java-7-openjdk-i386/jre/lib/i386/libinstrument.so
b63bb000-b63e1000 r-xp 00000000 08:01 805003     /usr/lib/jvm/java-7-openjdk-i386/jre/lib/i386/libjava.so
b63e1000-b63e2000 r--p 00025000 08:01 805003     /usr/lib/jvm/java-7-openjdk-i386/jre/lib/i386/libjava.so
b63e2000-b63e3000 rw-p 00026000 08:01 805003     /usr/lib/jvm/java-7-openjdk-i386/jre/lib/i386/libjava.so
b63e3000-b63ea000 r-xp 00000000 08:01 394681     /lib/i386-linux-gnu/librt-2.21.so
b63ea000-b63eb000 r--p 00006000 08:01 394681     /lib/i386-linux-gnu/librt-2.21.so
b63eb000-b63ec000 rw-p 00007000 08:01 394681     /lib/i386-linux-gnu/librt-2.21.so
b63ec000-b63ef000 ---p 00000000 00:00 0 
b63ef000-b643d000 rw-p 00000000 00:00 0          [stack:3288]
b643d000-b6459000 r-xp 00000000 08:01 394569     /lib/i386-linux-gnu/libgcc_s.so.1
b6459000-b645a000 rw-p 0001b000 08:01 394569     /lib/i386-linux-gnu/libgcc_s.so.1
b645a000-b64a5000 r-xp 00000000 08:01 394599     /lib/i386-linux-gnu/libm-2.21.so
b64a5000-b64a6000 r--p 0004a000 08:01 394599     /lib/i386-linux-gnu/libm-2.21.so
b64a6000-b64a7000 rw-p 0004b000 08:01 394599     /lib/i386-linux-gnu/libm-2.21.so
b64a7000-b6590000 r-xp 00000000 08:01 137921     /usr/lib/i386-linux-gnu/libstdc++.so.6.0.20
b6590000-b6594000 r--p 000e9000 08:01 137921     /usr/lib/i386-linux-gnu/libstdc++.so.6.0.20
b6594000-b6595000 rw-p 000ed000 08:01 137921     /usr/lib/i386-linux-gnu/libstdc++.so.6.0.20
b6595000-b659c000 rw-p 00000000 00:00 0 
b659c000-b70ef000 r-xp 00000000 08:01 805013     /usr/lib/jvm/java-7-openjdk-i386/jre/lib/i386/server/libjvm.so
b70ef000-b7143000 r--p 00b52000 08:01 805013     /usr/lib/jvm/java-7-openjdk-i386/jre/lib/i386/server/libjvm.so
b7143000-b7157000 rw-p 00ba6000 08:01 805013     /usr/lib/jvm/java-7-openjdk-i386/jre/lib/i386/server/libjvm.so
b7157000-b7576000 rw-p 00000000 00:00 0 
b7576000-b758f000 r-xp 00000000 08:01 394714     /lib/i386-linux-gnu/libz.so.1.2.8
b758f000-b7590000 r--p 00019000 08:01 394714     /lib/i386-linux-gnu/libz.so.1.2.8
b7590000-b7591000 rw-p 0001a000 08:01 394714     /lib/i386-linux-gnu/libz.so.1.2.8
b7591000-b75aa000 r-xp 00000000 08:01 394673     /lib/i386-linux-gnu/libpthread-2.21.so
b75aa000-b75ab000 r--p 00018000 08:01 394673     /lib/i386-linux-gnu/libpthread-2.21.so
b75ab000-b75ac000 rw-p 00019000 08:01 394673     /lib/i386-linux-gnu/libpthread-2.21.so
b75ac000-b75ae000 rw-p 00000000 00:00 0 
b75ae000-b75b1000 r-xp 00000000 08:01 394557     /lib/i386-linux-gnu/libdl-2.21.so
b75b1000-b75b2000 r--p 00002000 08:01 394557     /lib/i386-linux-gnu/libdl-2.21.so
b75b2000-b75b3000 rw-p 00003000 08:01 394557     /lib/i386-linux-gnu/libdl-2.21.so
b75b3000-b7767000 r-xp 00000000 08:01 394540     /lib/i386-linux-gnu/libc-2.21.so
b7767000-b776a000 r--p 001b3000 08:01 394540     /lib/i386-linux-gnu/libc-2.21.so
b776a000-b776c000 rw-p 001b6000 08:01 394540     /lib/i386-linux-gnu/libc-2.21.so
b776c000-b776e000 rw-p 00000000 00:00 0 
b776e000-b776f000 r--s 00002000 08:01 804980     /usr/lib/jvm/java-7-openjdk-i386/jre/lib/ext/dnsns.jar
b776f000-b7771000 r--s 00006000 08:01 399091     /usr/share/java/java-atk-wrapper.jar
b7771000-b7772000 r--p 005e0000 08:01 143362     /usr/lib/locale/locale-archive
b7772000-b7773000 rw-p 00000000 00:00 0 
b7773000-b7774000 ---p 00000000 00:00 0 
b7774000-b7782000 r-xp 00000000 08:01 805022     /usr/lib/jvm/java-7-openjdk-i386/jre/lib/i386/libverify.so
b7782000-b7784000 r--p 0000d000 08:01 805022     /usr/lib/jvm/java-7-openjdk-i386/jre/lib/i386/libverify.so
b7784000-b7785000 rw-p 0000f000 08:01 805022     /usr/lib/jvm/java-7-openjdk-i386/jre/lib/i386/libverify.so
b7785000-b7791000 r-xp 00000000 08:01 805024     /usr/lib/jvm/java-7-openjdk-i386/jre/lib/i386/jli/libjli.so
b7791000-b7792000 r--p 0000b000 08:01 805024     /usr/lib/jvm/java-7-openjdk-i386/jre/lib/i386/jli/libjli.so
b7792000-b7793000 rw-p 0000c000 08:01 805024     /usr/lib/jvm/java-7-openjdk-i386/jre/lib/i386/jli/libjli.so
b7793000-b7796000 rw-p 00000000 00:00 0 
b7796000-b7798000 r--p 00000000 00:00 0          [vvar]
b7798000-b7799000 r-xp 00000000 00:00 0          [vdso]
b7799000-b77bb000 r-xp 00000000 08:01 394512     /lib/i386-linux-gnu/ld-2.21.so
b77bb000-b77bc000 r--p 00021000 08:01 394512     /lib/i386-linux-gnu/ld-2.21.so
b77bc000-b77bd000 rw-p 00022000 08:01 394512     /lib/i386-linux-gnu/ld-2.21.so
bf7d1000-bf7d2000 rwxp 00000000 00:00 0 
bf803000-bf825000 rw-p 00000000 00:00 0          [stack]

VM Arguments:
jvm_args: -javaagent:/usr/share/java/jayatanaag.jar -Djava.awt.headless=true -Xmx1024M -Dfile.encoding=UTF-8 -Duser.country=US -Duser.language=en -Duser.variant 
java_command: com.android.dx.command.Main --dex --num-threads=4 --multi-dex --main-dex-list /home/student/test/HealthyBit/app/build/intermediates/multi-dex/debug/maindexlist.txt --output /home/student/test/HealthyBit/app/build/intermediates/transforms/dex/debug/folders/1000/1f/main /home/student/test/HealthyBit/app/build/intermediates/transforms/jarMerging/debug/jars/1/1f/combined.jar
Launcher Type: SUN_STANDARD

Environment Variables:
JAVA_TOOL_OPTIONS=-javaagent:/usr/share/java/jayatanaag.jar 
PATH=/home/student/.linuxbrew/bin:/usr/local/sbin:/usr/local/bin:/usr/sbin:/usr/bin:/sbin:/bin:/usr/games:/usr/local/games:/etc/android-studio/bin/:/home/student/Android/Sdk/platform-tools:/home/student/Android/Sdk/tools
LD_LIBRARY_PATH=/etc/android-studio/bin:
SHELL=/bin/bash
DISPLAY=:0

Signal Handlers:
SIGSEGV: [libjvm.so+0x7f7d00], sa_mask[0]=0x7ffbfeff, sa_flags=0x10000004
SIGBUS: [libjvm.so+0x7f7d00], sa_mask[0]=0x7ffbfeff, sa_flags=0x10000004
SIGFPE: [libjvm.so+0x67a9d0], sa_mask[0]=0x7ffbfeff, sa_flags=0x10000004
SIGPIPE: [libjvm.so+0x67a9d0], sa_mask[0]=0x7ffbfeff, sa_flags=0x10000004
SIGXFSZ: [libjvm.so+0x67a9d0], sa_mask[0]=0x7ffbfeff, sa_flags=0x10000004
SIGILL: [libjvm.so+0x67a9d0], sa_mask[0]=0x7ffbfeff, sa_flags=0x10000004
SIGUSR1: SIG_DFL, sa_mask[0]=0x00000000, sa_flags=0x00000000
SIGUSR2: [libjvm.so+0x67a820], sa_mask[0]=0x00000004, sa_flags=0x10000004
SIGHUP: [libjvm.so+0x67aa80], sa_mask[0]=0x7ffbfeff, sa_flags=0x10000004
SIGINT: [libjvm.so+0x67aa80], sa_mask[0]=0x7ffbfeff, sa_flags=0x10000004
SIGTERM: [libjvm.so+0x67aa80], sa_mask[0]=0x7ffbfeff, sa_flags=0x10000004
SIGQUIT: [libjvm.so+0x67aa80], sa_mask[0]=0x7ffbfeff, sa_flags=0x10000004
SIGTRAP: SIG_DFL, sa_mask[0]=0x00000000, sa_flags=0x00000000


---------------  S Y S T E M  ---------------

OS:Ubuntu 15.04 (vivid)
uname:Linux 3.19.0-18-generic #18-Ubuntu SMP Tue May 19 18:30:59 UTC 2015 i686
libc:glibc 2.21 NPTL 2.21 
rlimit: STACK 8192k, CORE 0k, NPROC 32177, NOFILE 65536, AS infinity
load average:2.97 1.95 1.56

/proc/meminfo:
MemTotal:        4139540 kB
MemFree:          245156 kB
MemAvailable:     177320 kB
Buffers:            2244 kB
Cached:            67044 kB
SwapCached:            0 kB
Active:          3492164 kB
Inactive:          52040 kB
Active(anon):    3476276 kB
Inactive(anon):    37904 kB
Active(file):      15888 kB
Inactive(file):    14136 kB
Unevictable:          32 kB
Mlocked:              32 kB
HighTotal:       3280776 kB
HighFree:          53184 kB
LowTotal:         858764 kB
LowFree:          191972 kB
SwapTotal:             0 kB
SwapFree:              0 kB
Dirty:              4760 kB
Writeback:             0 kB
AnonPages:       3475092 kB
Mapped:            45840 kB
Shmem:             39076 kB
Slab:              49400 kB
SReclaimable:      23620 kB
SUnreclaim:        25780 kB
KernelStack:        4928 kB
PageTables:        14700 kB
NFS_Unstable:          0 kB
Bounce:                0 kB
WritebackTmp:          0 kB
CommitLimit:     2069768 kB
Committed_AS:    6025336 kB
VmallocTotal:     122880 kB
VmallocUsed:       23416 kB
VmallocChunk:      49124 kB
AnonHugePages:   2582528 kB
CmaTotal:              0 kB
CmaFree:               0 kB
HugePages_Total:       0
HugePages_Free:        0
HugePages_Rsvd:        0
HugePages_Surp:        0
Hugepagesize:       2048 kB
DirectMap4k:       61432 kB
DirectMap2M:      851968 kB


CPU:total 4 (1 cores per cpu, 1 threads per core) family 6 model 58 stepping 9, cmov, cx8, fxsr, mmx, sse, sse2, sse3, ssse3, sse4.1, sse4.2, popcnt, avx, aes, erms, tsc, tscinvbit, tscinv

/proc/cpuinfo:
processor	: 0
vendor_id	: GenuineIntel
cpu family	: 6
model		: 58
model name	: Intel(R) Core(TM) i5-3210M CPU @ 2.50GHz
stepping	: 9
microcode	: 0x15
cpu MHz		: 2494.111
cache size	: 3072 KB
physical id	: 0
siblings	: 1
core id		: 0
cpu cores	: 1
apicid		: 0
initial apicid	: 0
fdiv_bug	: no
f00f_bug	: no
coma_bug	: no
fpu		: yes
fpu_exception	: yes
cpuid level	: 13
wp		: yes
flags		: fpu vme de pse tsc msr pae mce cx8 apic sep mtrr pge mca cmov pat pse36 clflush dts mmx fxsr sse sse2 ss nx rdtscp lm constant_tsc arch_perfmon pebs bts xtopology tsc_reliable nonstop_tsc aperfmperf pni pclmulqdq ssse3 cx16 pcid sse4_1 sse4_2 x2apic popcnt tsc_deadline_timer aes xsave avx f16c rdrand hypervisor lahf_lm ida arat epb pln pts dtherm fsgsbase tsc_adjust smep
bugs		:
bogomips	: 4988.22
clflush size	: 64
cache_alignment	: 64
address sizes	: 42 bits physical, 48 bits virtual
power management:

processor	: 1
vendor_id	: GenuineIntel
cpu family	: 6
model		: 58
model name	: Intel(R) Core(TM) i5-3210M CPU @ 2.50GHz
stepping	: 9
microcode	: 0x15
cpu MHz		: 2494.111
cache size	: 3072 KB
physical id	: 2
siblings	: 1
core id		: 0
cpu cores	: 1
apicid		: 2
initial apicid	: 2
fdiv_bug	: no
f00f_bug	: no
coma_bug	: no
fpu		: yes
fpu_exception	: yes
cpuid level	: 13
wp		: yes
flags		: fpu vme de pse tsc msr pae mce cx8 apic sep mtrr pge mca cmov pat pse36 clflush dts mmx fxsr sse sse2 ss nx rdtscp lm constant_tsc arch_perfmon pebs bts xtopology tsc_reliable nonstop_tsc aperfmperf pni pclmulqdq ssse3 cx16 pcid sse4_1 sse4_2 x2apic popcnt tsc_deadline_timer aes xsave avx f16c rdrand hypervisor lahf_lm ida arat epb pln pts dtherm fsgsbase tsc_adjust smep
bugs		:
bogomips	: 4988.22
clflush size	: 64
cache_alignment	: 64
address sizes	: 42 bits physical, 48 bits virtual
power management:

processor	: 2
vendor_id	: GenuineIntel
cpu family	: 6
model		: 58
model name	: Intel(R) Core(TM) i5-3210M CPU @ 2.50GHz
stepping	: 9
microcode	: 0x15
cpu MHz		: 2494.111
cache size	: 3072 KB
physical id	: 4
siblings	: 1
core id		: 0
cpu cores	: 1
apicid		: 4
initial apicid	: 4
fdiv_bug	: no
f00f_bug	: no
coma_bug	: no
fpu		: yes
fpu_exception	: yes
cpuid level	: 13
wp		: yes
flags		: fpu vme de pse tsc msr pae mce cx8 apic sep mtrr pge mca cmov pat pse36 clflush dts mmx fxsr sse sse2 ss nx rdtscp lm constant_tsc arch_perfmon pebs bts xtopology tsc_reliable nonstop_tsc aperfmperf pni pclmulqdq ssse3 cx16 pcid sse4_1 sse4_2 x2apic popcnt tsc_deadline_timer aes xsave avx f16c rdrand hypervisor lahf_lm ida arat epb pln pts dtherm fsgsbase tsc_adjust smep
bugs		:
bogomips	: 4988.22
clflush size	: 64
cache_alignment	: 64
address sizes	: 42 bits physical, 48 bits virtual
power management:

processor	: 3
vendor_id	: GenuineIntel
cpu family	: 6
model		: 58
model name	: Intel(R) Core(TM) i5-3210M CPU @ 2.50GHz
stepping	: 9
microcode	: 0x15
cpu MHz		: 2494.111
cache size	: 3072 KB
physical id	: 6
siblings	: 1
core id		: 0
cpu cores	: 1
apicid		: 6
initial apicid	: 6
fdiv_bug	: no
f00f_bug	: no
coma_bug	: no
fpu		: yes
fpu_exception	: yes
cpuid level	: 13
wp		: yes
flags		: fpu vme de pse tsc msr pae mce cx8 apic sep mtrr pge mca cmov pat pse36 clflush dts mmx fxsr sse sse2 ss nx rdtscp lm constant_tsc arch_perfmon pebs bts xtopology tsc_reliable nonstop_tsc aperfmperf pni pclmulqdq ssse3 cx16 pcid sse4_1 sse4_2 x2apic popcnt tsc_deadline_timer aes xsave avx f16c rdrand hypervisor lahf_lm ida arat epb pln pts dtherm fsgsbase tsc_adjust smep
bugs		:
bogomips	: 4988.22
clflush size	: 64
cache_alignment	: 64
address sizes	: 42 bits physical, 48 bits virtual
power management:



Memory: 4k page, physical 4139540k(245156k free), swap 0k(0k free)

vm_info: OpenJDK Server VM (24.91-b01) for linux-x86 JRE (1.7.0_91-b02), built on Nov 19 2015 06:25:06 by "buildd" with gcc 4.9.2

time: Tue May  3 15:44:41 2016
elapsed time: 14 seconds

